--2017-02-17 18:54:03--  http://hday.info/hzz
Resolving hday.info... 43.230.112.228
Connecting to hday.info|43.230.112.228|:80... connected.
HTTP request sent, awaiting response... 301 Moved Permanently
Location: http://hday.info/hzz/ [following]
--2017-02-17 18:54:04--  http://hday.info/hzz/
Reusing existing connection to hday.info:80.
HTTP request sent, awaiting response... 200 OK
Length: 340 [text/html]
Saving to: `index.html'

     0K                                                       100% 24.9M=0s

2017-02-17 18:54:04 (24.9 MB/s) - `index.html' saved [340/340]

=======================The second times wget =====================
--2017-02-17 18:54:05--  http://hday.info/hzz/%C2%BC%CF%F1.apk
Resolving hday.info... 43.230.112.228
Connecting to hday.info|43.230.112.228|:80... connected.
HTTP request sent, awaiting response... 200 OK
Length: 201079 (196K) [application/vnd.android.package-archive]
Saving to: `Â¼Ïñ.apk'

     0K .......... .......... .......... .......... .......... 25% 99.0K 1s
    50K .......... .......... .......... .......... .......... 50%  274K 1s
   100K .......... .......... .......... .......... .......... 76%  313K 0s
   150K .......... .......... .......... .......... ......    100%  281K=1.0s

2017-02-17 18:54:07 (194 KB/s) - `Â¼Ïñ.apk' saved [201079/201079]

