--2016-12-01 11:51:23--  http://t.cn/RZEwUrx
Resolving t.cn... 180.149.135.224
Connecting to t.cn|180.149.135.224|:80... connected.
HTTP request sent, awaiting response... 302 Found
Location: http://mapp.suning.com/a.php?s=qrcode/offline&f=zcdx&pack=com.suning.mobile.ebuy [following]
--2016-12-01 11:51:24--  http://mapp.suning.com/a.php?s=qrcode/offline&f=zcdx&pack=com.suning.mobile.ebuy
Resolving mapp.suning.com... 218.75.225.80, 218.77.2.32, 222.243.141.218
Connecting to mapp.suning.com|218.75.225.80|:80... connected.
HTTP request sent, awaiting response... 302 Moved Temporarily
Location: http://app.suning.com/a.php?s=r/suning_zcdx [following]
--2016-12-01 11:51:24--  http://app.suning.com/a.php?s=r/suning_zcdx
Resolving app.suning.com... 222.89.69.51, 218.75.154.79, 218.76.93.52, ...
Connecting to app.suning.com|222.89.69.51|:80... connected.
HTTP request sent, awaiting response... 302 Moved Temporarily
Location: http://appfile.suning.cn/upload/repository/app/20160122/suning_10974.apk [following]
--2016-12-01 11:51:24--  http://appfile.suning.cn/upload/repository/app/20160122/suning_10974.apk
Resolving appfile.suning.cn... 175.6.226.34
Connecting to appfile.suning.cn|175.6.226.34|:80... connected.
HTTP request sent, awaiting response... 200 OK
Length: 31764519 (30M) [application/vnd.android.package-archive]
Saving to: `suning_10974.apk'

     0K .......... .......... .......... .......... ..........  0% 1.76M 17s
    50K .......... .......... .......... .......... ..........  0% 3.06M 14s
   100K .......... .......... .......... .......... ..........  0% 6.58M 11s
   150K .......... .......... .......... .......... ..........  0% 6.00M 9s
   200K .......... .......... .......... .......... ..........  0% 10.4M 8s
   250K .......... .......... .......... .......... ..........  0% 3.19M 8s
   300K .......... .......... .......... .......... ..........  1% 10.6M 7s
   350K .......... .......... .......... .......... ..........  1% 6.20M 7s
   400K .......... .......... .......... .......... ..........  1% 9.12M 7s
   450K .......... .......... .......... .......... ..........  1% 4.53M 7s
   500K .......... .......... .......... .......... ..........  1% 8.81M 6s
   550K .......... .......... .......... .......... ..........  1% 7.49M 6s
   600K .......... .......... .......... .......... ..........  2% 3.98M 6s
   650K .......... .......... .......... .......... ..........  2% 6.33M 6s
   700K .......... .......... .......... .......... ..........  2% 8.26M 6s
   750K .......... .......... .......... .......... ..........  2% 6.13M 6s
   800K .......... .......... .......... .......... ..........  2% 8.06M 6s
   850K .......... .......... .......... .......... ..........  2%  172M 5s
   900K .......... .......... .......... .......... ..........  3% 6.20M 5s
   950K .......... .......... .......... .......... ..........  3% 8.76M 5s
  1000K .......... .......... .......... .......... ..........  3%  140M 5s
  1050K .......... .......... .......... .......... ..........  3% 4.78M 5s
  1100K .......... .......... .......... .......... ..........  3% 8.46M 5s
  1150K .......... .......... .......... .......... ..........  3%  189M 5s
  1200K .......... .......... .......... .......... ..........  4% 7.91M 5s
  1250K .......... .......... .......... .......... ..........  4% 5.19M 5s
  1300K .......... .......... .......... .......... ..........  4%  175M 5s
  1350K .......... .......... .......... .......... ..........  4% 6.21M 5s
  1400K .......... .......... .......... .......... ..........  4%  186M 4s
  1450K .......... .......... .......... .......... ..........  4% 8.20M 4s
  1500K .......... .......... .......... .......... ..........  4%  194M 4s
  1550K .......... .......... .......... .......... ..........  5% 4.25M 4s
  1600K .......... .......... .......... .......... ..........  5% 11.2M 4s
  1650K .......... .......... .......... .......... ..........  5% 11.6M 4s
  1700K .......... .......... .......... .......... ..........  5% 13.0M 4s
  1750K .......... .......... .......... .......... ..........  5% 12.3M 4s
  1800K .......... .......... .......... .......... ..........  5% 8.40M 4s
  1850K .......... .......... .......... .......... ..........  6%  169M 4s
  1900K .......... .......... .......... .......... ..........  6% 5.05M 4s
  1950K .......... .......... .......... .......... ..........  6%  167M 4s
  2000K .......... .......... .......... .......... ..........  6%  196M 4s
  2050K .......... .......... .......... .......... ..........  6% 5.49M 4s
  2100K .......... .......... .......... .......... ..........  6%  134M 4s
  2150K .......... .......... .......... .......... ..........  7% 6.92M 4s
  2200K .......... .......... .......... .......... ..........  7%  191M 4s
  2250K .......... .......... .......... .......... ..........  7% 6.03M 4s
  2300K .......... .......... .......... .......... ..........  7%  123M 4s
  2350K .......... .......... .......... .......... ..........  7%  189M 3s
  2400K .......... .......... .......... .......... ..........  7% 5.98M 3s
  2450K .......... .......... .......... .......... ..........  8%  189M 3s
  2500K .......... .......... .......... .......... ..........  8% 6.42M 3s
  2550K .......... .......... .......... .......... ..........  8%  192M 3s
  2600K .......... .......... .......... .......... ..........  8% 24.6M 3s
  2650K .......... .......... .......... .......... ..........  8% 9.03M 3s
  2700K .......... .......... .......... .......... ..........  8%  168M 3s
  2750K .......... .......... .......... .......... ..........  9% 6.07M 3s
  2800K .......... .......... .......... .......... ..........  9%  103M 3s
  2850K .......... .......... .......... .......... ..........  9%  162M 3s
  2900K .......... .......... .......... .......... ..........  9% 6.76M 3s
  2950K .......... .......... .......... .......... ..........  9%  144M 3s
  3000K .......... .......... .......... .......... ..........  9% 4.33M 3s
  3050K .......... .......... .......... .......... ..........  9%  133M 3s
  3100K .......... .......... .......... .......... .......... 10%  164M 3s
  3150K .......... .......... .......... .......... .......... 10% 9.80M 3s
  3200K .......... .......... .......... .......... .......... 10%  169M 3s
  3250K .......... .......... .......... .......... .......... 10%  146M 3s
  3300K .......... .......... .......... .......... .......... 10% 8.65M 3s
  3350K .......... .......... .......... .......... .......... 10%  168M 3s
  3400K .......... .......... .......... .......... .......... 11% 7.67M 3s
  3450K .......... .......... .......... .......... .......... 11%  145M 3s
  3500K .......... .......... .......... .......... .......... 11% 10.1M 3s
  3550K .......... .......... .......... .......... .......... 11%  105M 3s
  3600K .......... .......... .......... .......... .......... 11% 5.95M 3s
  3650K .......... .......... .......... .......... .......... 11%  136M 3s
  3700K .......... .......... .......... .......... .......... 12% 8.15M 3s
  3750K .......... .......... .......... .......... .......... 12%  178M 3s
  3800K .......... .......... .......... .......... .......... 12% 5.15M 3s
  3850K .......... .......... .......... .......... .......... 12%  180M 3s
  3900K .......... .......... .......... .......... .......... 12% 5.00M 3s
  3950K .......... .......... .......... .......... .......... 12%  188M 3s
  4000K .......... .......... .......... .......... .......... 13% 8.48M 3s
  4050K .......... .......... .......... .......... .......... 13%  167M 3s
  4100K .......... .......... .......... .......... .......... 13% 6.89M 3s
  4150K .......... .......... .......... .......... .......... 13%  152M 3s
  4200K .......... .......... .......... .......... .......... 13% 11.9M 3s
  4250K .......... .......... .......... .......... .......... 13% 23.1M 3s
  4300K .......... .......... .......... .......... .......... 14% 10.5M 3s
  4350K .......... .......... .......... .......... .......... 14% 14.6M 3s
  4400K .......... .......... .......... .......... .......... 14% 8.78M 3s
  4450K .......... .......... .......... .......... .......... 14%  126M 3s
  4500K .......... .......... .......... .......... .......... 14% 6.43M 3s
  4550K .......... .......... .......... .......... .......... 14%  164M 3s
  4600K .......... .......... .......... .......... .......... 14% 7.01M 3s
  4650K .......... .......... .......... .......... .......... 15%  154M 3s
  4700K .......... .......... .......... .......... .......... 15% 9.94M 3s
  4750K .......... .......... .......... .......... .......... 15%  171M 2s
  4800K .......... .......... .......... .......... .......... 15% 8.26M 2s
  4850K .......... .......... .......... .......... .......... 15%  152M 2s
  4900K .......... .......... .......... .......... .......... 15% 3.92M 2s
  4950K .......... .......... .......... .......... .......... 16%  114M 2s
  5000K .......... .......... .......... .......... .......... 16% 7.08M 2s
  5050K .......... .......... .......... .......... .......... 16%  146M 2s
  5100K .......... .......... .......... .......... .......... 16% 9.30M 2s
  5150K .......... .......... .......... .......... .......... 16%  182M 2s
  5200K .......... .......... .......... .......... .......... 16% 7.94M 2s
  5250K .......... .......... .......... .......... .......... 17%  150M 2s
  5300K .......... .......... .......... .......... .......... 17% 5.62M 2s
  5350K .......... .......... .......... .......... .......... 17%  157M 2s
  5400K .......... .......... .......... .......... .......... 17% 6.02M 2s
  5450K .......... .......... .......... .......... .......... 17%  124M 2s
  5500K .......... .......... .......... .......... .......... 17% 7.99M 2s
  5550K .......... .......... .......... .......... .......... 18%  126M 2s
  5600K .......... .......... .......... .......... .......... 18% 9.41M 2s
  5650K .......... .......... .......... .......... .......... 18%  127M 2s
  5700K .......... .......... .......... .......... .......... 18% 9.36M 2s
  5750K .......... .......... .......... .......... .......... 18%  156M 2s
  5800K .......... .......... .......... .......... .......... 18% 5.65M 2s
  5850K .......... .......... .......... .......... .......... 19%  157M 2s
  5900K .......... .......... .......... .......... .......... 19% 9.59M 2s
  5950K .......... .......... .......... .......... .......... 19%  117M 2s
  6000K .......... .......... .......... .......... .......... 19% 8.63M 2s
  6050K .......... .......... .......... .......... .......... 19%  160M 2s
  6100K .......... .......... .......... .......... .......... 19% 9.78M 2s
  6150K .......... .......... .......... .......... .......... 19%  160M 2s
  6200K .......... .......... .......... .......... .......... 20% 7.75M 2s
  6250K .......... .......... .......... .......... .......... 20%  156M 2s
  6300K .......... .......... .......... .......... .......... 20%  185M 2s
  6350K .......... .......... .......... .......... .......... 20% 8.45M 2s
  6400K .......... .......... .......... .......... .......... 20%  187M 2s
  6450K .......... .......... .......... .......... .......... 20% 7.91M 2s
  6500K .......... .......... .......... .......... .......... 21%  122M 2s
  6550K .......... .......... .......... .......... .......... 21% 7.99M 2s
  6600K .......... .......... .......... .......... .......... 21%  120M 2s
  6650K .......... .......... .......... .......... .......... 21% 7.61M 2s
  6700K .......... .......... .......... .......... .......... 21%  170M 2s
  6750K .......... .......... .......... .......... .......... 21% 6.28M 2s
  6800K .......... .......... .......... .......... .......... 22%  176M 2s
  6850K .......... .......... .......... .......... .......... 22% 8.56M 2s
  6900K .......... .......... .......... .......... .......... 22%  179M 2s
  6950K .......... .......... .......... .......... .......... 22% 5.74M 2s
  7000K .......... .......... .......... .......... .......... 22%  125M 2s
  7050K .......... .......... .......... .......... .......... 22% 11.0M 2s
  7100K .......... .......... .......... .......... .......... 23%  109M 2s
  7150K .......... .......... .......... .......... .......... 23% 13.0M 2s
  7200K .......... .......... .......... .......... .......... 23% 11.5M 2s
  7250K .......... .......... .......... .......... .......... 23%  173M 2s
  7300K .......... .......... .......... .......... .......... 23% 7.05M 2s
  7350K .......... .......... .......... .......... .......... 23%  167M 2s
  7400K .......... .......... .......... .......... .......... 24% 7.42M 2s
  7450K .......... .......... .......... .......... .......... 24%  175M 2s
  7500K .......... .......... .......... .......... .......... 24% 5.64M 2s
  7550K .......... .......... .......... .......... .......... 24%  120M 2s
  7600K .......... .......... .......... .......... .......... 24% 11.2M 2s
  7650K .......... .......... .......... .......... .......... 24%  145M 2s
  7700K .......... .......... .......... .......... .......... 24% 6.74M 2s
  7750K .......... .......... .......... .......... .......... 25%  142M 2s
  7800K .......... .......... .......... .......... .......... 25% 6.03M 2s
  7850K .......... .......... .......... .......... .......... 25%  133M 2s
  7900K .......... .......... .......... .......... .......... 25%  174M 2s
  7950K .......... .......... .......... .......... .......... 25% 8.56M 2s
  8000K .......... .......... .......... .......... .......... 25%  152M 2s
  8050K .......... .......... .......... .......... .......... 26% 5.93M 2s
  8100K .......... .......... .......... .......... .......... 26%  178M 2s
  8150K .......... .......... .......... .......... .......... 26% 8.26M 2s
  8200K .......... .......... .......... .......... .......... 26%  163M 2s
  8250K .......... .......... .......... .......... .......... 26% 8.30M 2s
  8300K .......... .......... .......... .......... .......... 26%  119M 2s
  8350K .......... .......... .......... .......... .......... 27% 4.54M 2s
  8400K .......... .......... .......... .......... .......... 27%  121M 2s
  8450K .......... .......... .......... .......... .......... 27% 7.10M 2s
  8500K .......... .......... .......... .......... .......... 27%  130M 2s
  8550K .......... .......... .......... .......... .......... 27% 6.07M 2s
  8600K .......... .......... .......... .......... .......... 27%  159M 2s
  8650K .......... .......... .......... .......... .......... 28% 6.29M 2s
  8700K .......... .......... .......... .......... .......... 28%  170M 2s
  8750K .......... .......... .......... .......... .......... 28%  186M 2s
  8800K .......... .......... .......... .......... .......... 28% 6.66M 2s
  8850K .......... .......... .......... .......... .......... 28%  178M 2s
  8900K .......... .......... .......... .......... .......... 28% 6.11M 2s
  8950K .......... .......... .......... .......... .......... 29%  149M 2s
  9000K .......... .......... .......... .......... .......... 29% 6.58M 2s
  9050K .......... .......... .......... .......... .......... 29%  171M 2s
  9100K .......... .......... .......... .......... .......... 29% 3.06M 2s
  9150K .......... .......... .......... .......... .......... 29%  180M 2s
  9200K .......... .......... .......... .......... .......... 29%  176M 2s
  9250K .......... .......... .......... .......... .......... 29% 10.6M 2s
  9300K .......... .......... .......... .......... .......... 30%  159M 2s
  9350K .......... .......... .......... .......... .......... 30% 11.4M 2s
  9400K .......... .......... .......... .......... .......... 30% 22.8M 2s
  9450K .......... .......... .......... .......... .......... 30% 5.01M 2s
  9500K .......... .......... .......... .......... .......... 30% 11.3M 2s
  9550K .......... .......... .......... .......... .......... 30% 12.6M 2s
  9600K .......... .......... .......... .......... .......... 31% 7.04M 2s
  9650K .......... .......... .......... .......... .......... 31% 15.3M 2s
  9700K .......... .......... .......... .......... .......... 31% 8.39M 2s
  9750K .......... .......... .......... .......... .......... 31%  172M 2s
  9800K .......... .......... .......... .......... .......... 31% 7.66M 2s
  9850K .......... .......... .......... .......... .......... 31% 5.87M 2s
  9900K .......... .......... .......... .......... .......... 32%  194M 2s
  9950K .......... .......... .......... .......... .......... 32% 10.1M 2s
 10000K .......... .......... .......... .......... .......... 32% 8.03M 2s
 10050K .......... .......... .......... .......... .......... 32%  161M 2s
 10100K .......... .......... .......... .......... .......... 32% 6.34M 2s
 10150K .......... .......... .......... .......... .......... 32% 4.18M 2s
 10200K .......... .......... .......... .......... .......... 33%  145M 2s
 10250K .......... .......... .......... .......... .......... 33% 9.46M 2s
 10300K .......... .......... .......... .......... .......... 33%  171M 2s
 10350K .......... .......... .......... .......... .......... 33% 7.33M 2s
 10400K .......... .......... .......... .......... .......... 33% 6.22M 2s
 10450K .......... .......... .......... .......... .......... 33%  164M 2s
 10500K .......... .......... .......... .......... .......... 34% 6.32M 2s
 10550K .......... .......... .......... .......... .......... 34%  154M 2s
 10600K .......... .......... .......... .......... .......... 34% 8.87M 2s
 10650K .......... .......... .......... .......... .......... 34% 7.97M 2s
 10700K .......... .......... .......... .......... .......... 34%  162M 2s
 10750K .......... .......... .......... .......... .......... 34% 6.30M 2s
 10800K .......... .......... .......... .......... .......... 34% 5.88M 2s
 10850K .......... .......... .......... .......... .......... 35%  117M 2s
 10900K .......... .......... .......... .......... .......... 35% 6.81M 2s
 10950K .......... .......... .......... .......... .......... 35% 6.26M 2s
 11000K .......... .......... .......... .......... .......... 35%  161M 2s
 11050K .......... .......... .......... .......... .......... 35% 6.07M 2s
 11100K .......... .......... .......... .......... .......... 35%  171M 2s
 11150K .......... .......... .......... .......... .......... 36% 5.06M 2s
 11200K .......... .......... .......... .......... .......... 36% 7.10M 2s
 11250K .......... .......... .......... .......... .......... 36%  173M 2s
 11300K .......... .......... .......... .......... .......... 36% 7.19M 2s
 11350K .......... .......... .......... .......... .......... 36% 5.96M 2s
 11400K .......... .......... .......... .......... .......... 36%  164M 2s
 11450K .......... .......... .......... .......... .......... 37% 5.13M 2s
 11500K .......... .......... .......... .......... .......... 37%  153M 2s
 11550K .......... .......... .......... .......... .......... 37% 6.88M 2s
 11600K .......... .......... .......... .......... .......... 37% 7.12M 2s
 11650K .......... .......... .......... .......... .......... 37%  176M 2s
 11700K .......... .......... .......... .......... .......... 37% 5.25M 2s
 11750K .......... .......... .......... .......... .......... 38% 3.44M 2s
 11800K .......... .......... .......... .......... .......... 38%  153M 2s
 11850K .......... .......... .......... .......... .......... 38%  166M 2s
 11900K .......... .......... .......... .......... .......... 38% 5.26M 2s
 11950K .......... .......... .......... .......... .......... 38% 6.23M 2s
 12000K .......... .......... .......... .......... .......... 38%  156M 2s
 12050K .......... .......... .......... .......... .......... 39% 7.94M 2s
 12100K .......... .......... .......... .......... .......... 39% 8.22M 2s
 12150K .......... .......... .......... .......... .......... 39% 6.26M 2s
 12200K .......... .......... .......... .......... .......... 39% 6.92M 2s
 12250K .......... .......... .......... .......... .......... 39% 7.21M 2s
 12300K .......... .......... .......... .......... .......... 39% 3.88M 2s
 12350K .......... .......... .......... .......... .......... 39% 99.2M 2s
 12400K .......... .......... .......... .......... .......... 40% 4.41M 2s
 12450K .......... .......... .......... .......... .......... 40% 4.25M 2s
 12500K .......... .......... .......... .......... .......... 40% 3.41M 2s
 12550K .......... .......... .......... .......... .......... 40% 7.58M 2s
 12600K .......... .......... .......... .......... .......... 40% 5.08M 2s
 12650K .......... .......... .......... .......... .......... 40% 6.03M 2s
 12700K .......... .......... .......... .......... .......... 41% 8.09M 2s
 12750K .......... .......... .......... .......... .......... 41% 3.94M 2s
 12800K .......... .......... .......... .......... .......... 41% 3.09M 2s
 12850K .......... .......... .......... .......... .......... 41% 9.29M 2s
 12900K .......... .......... .......... .......... .......... 41% 4.29M 2s
 12950K .......... .......... .......... .......... .......... 41% 4.47M 2s
 13000K .......... .......... .......... .......... .......... 42% 3.98M 2s
 13050K .......... .......... .......... .......... .......... 42% 3.72M 2s
 13100K .......... .......... .......... .......... .......... 42% 6.77M 2s
 13150K .......... .......... .......... .......... .......... 42% 10.6M 2s
 13200K .......... .......... .......... .......... .......... 42% 4.46M 2s
 13250K .......... .......... .......... .......... .......... 42% 6.16M 2s
 13300K .......... .......... .......... .......... .......... 43% 5.99M 2s
 13350K .......... .......... .......... .......... .......... 43% 10.0M 2s
 13400K .......... .......... .......... .......... .......... 43% 6.44M 2s
 13450K .......... .......... .......... .......... .......... 43% 5.13M 2s
 13500K .......... .......... .......... .......... .......... 43% 3.37M 2s
 13550K .......... .......... .......... .......... .......... 43% 6.29M 2s
 13600K .......... .......... .......... .......... .......... 44% 6.23M 2s
 13650K .......... .......... .......... .......... .......... 44% 5.91M 2s
 13700K .......... .......... .......... .......... .......... 44% 6.12M 2s
 13750K .......... .......... .......... .......... .......... 44% 6.08M 2s
 13800K .......... .......... .......... .......... .......... 44% 6.28M 2s
 13850K .......... .......... .......... .......... .......... 44% 6.03M 2s
 13900K .......... .......... .......... .......... .......... 44% 6.08M 2s
 13950K .......... .......... .......... .......... .......... 45% 5.87M 2s
 14000K .......... .......... .......... .......... .......... 45% 5.60M 2s
 14050K .......... .......... .......... .......... .......... 45% 3.90M 2s
 14100K .......... .......... .......... .......... .......... 45% 7.40M 2s
 14150K .......... .......... .......... .......... .......... 45% 6.20M 2s
 14200K .......... .......... .......... .......... .......... 45% 4.94M 2s
 14250K .......... .......... .......... .......... .......... 46% 4.83M 2s
 14300K .......... .......... .......... .......... .......... 46% 6.19M 2s
 14350K .......... .......... .......... .......... .......... 46% 5.96M 2s
 14400K .......... .......... .......... .......... .......... 46% 5.08M 2s
 14450K .......... .......... .......... .......... .......... 46% 7.71M 2s
 14500K .......... .......... .......... .......... .......... 46% 6.10M 2s
 14550K .......... .......... .......... .......... .......... 47% 5.94M 2s
 14600K .......... .......... .......... .......... .......... 47% 2.05M 2s
 14650K .......... .......... .......... .......... .......... 47%  164M 2s
 14700K .......... .......... .......... .......... .......... 47% 9.08M 2s
 14750K .......... .......... .......... .......... .......... 47% 3.39M 2s
 14800K .......... .......... .......... .......... .......... 47% 6.47M 2s
 14850K .......... .......... .......... .......... .......... 48% 3.05M 2s
 14900K .......... .......... .......... .......... .......... 48% 4.04M 2s
 14950K .......... .......... .......... .......... .......... 48% 5.60M 2s
 15000K .......... .......... .......... .......... .......... 48% 3.17M 2s
 15050K .......... .......... .......... .......... .......... 48% 6.16M 2s
 15100K .......... .......... .......... .......... .......... 48% 2.92M 2s
 15150K .......... .......... .......... .......... .......... 49% 6.86M 2s
 15200K .......... .......... .......... .......... .......... 49% 2.73M 2s
 15250K .......... .......... .......... .......... .......... 49% 2.70M 2s
 15300K .......... .......... .......... .......... .......... 49% 6.14M 2s
 15350K .......... .......... .......... .......... .......... 49% 3.24M 2s
 15400K .......... .......... .......... .......... .......... 49% 2.84M 2s
 15450K .......... .......... .......... .......... .......... 49% 5.24M 2s
 15500K .......... .......... .......... .......... .......... 50% 3.83M 2s
 15550K .......... .......... .......... .......... .......... 50% 3.55M 2s
 15600K .......... .......... .......... .......... .......... 50% 2.84M 2s
 15650K .......... .......... .......... .......... .......... 50% 4.58M 2s
 15700K .......... .......... .......... .......... .......... 50% 3.44M 2s
 15750K .......... .......... .......... .......... .......... 50% 3.08M 2s
 15800K .......... .......... .......... .......... .......... 51% 3.48M 2s
 15850K .......... .......... .......... .......... .......... 51% 3.02M 2s
 15900K .......... .......... .......... .......... .......... 51% 3.74M 2s
 15950K .......... .......... .......... .......... .......... 51% 3.21M 2s
 16000K .......... .......... .......... .......... .......... 51%  870K 2s
 16050K .......... .......... .......... .......... .......... 51% 3.22M 2s
 16100K .......... .......... .......... .......... .......... 52% 3.21M 2s
 16150K .......... .......... .......... .......... .......... 52% 3.47M 2s
 16200K .......... .......... .......... .......... .......... 52% 2.63M 2s
 16250K .......... .......... .......... .......... .......... 52% 3.09M 2s
 16300K .......... .......... .......... .......... .......... 52% 6.25M 2s
 16350K .......... .......... .......... .......... .......... 52% 3.06M 2s
 16400K .......... .......... .......... .......... .......... 53% 3.07M 2s
 16450K .......... .......... .......... .......... .......... 53% 3.05M 2s
 16500K .......... .......... .......... .......... .......... 53% 4.15M 2s
 16550K .......... .......... .......... .......... .......... 53% 4.02M 2s
 16600K .......... .......... .......... .......... .......... 53% 2.97M 2s
 16650K .......... .......... .......... .......... .......... 53% 2.54M 2s
 16700K .......... .......... .......... .......... .......... 53% 5.75M 2s
 16750K .......... .......... .......... .......... .......... 54% 3.28M 2s
 16800K .......... .......... .......... .......... .......... 54% 1.95M 2s
 16850K .......... .......... .......... .......... .......... 54% 3.06M 2s
 16900K .......... .......... .......... .......... .......... 54% 2.07M 2s
 16950K .......... .......... .......... .......... .......... 54% 1.74M 2s
 17000K .......... .......... .......... .......... .......... 54% 2.91M 2s
 17050K .......... .......... .......... .......... .......... 55% 4.67M 2s
 17100K .......... .......... .......... .......... .......... 55% 4.98M 2s
 17150K .......... .......... .......... .......... .......... 55% 3.11M 2s
 17200K .......... .......... .......... .......... .......... 55% 1.98M 2s
 17250K .......... .......... .......... .......... .......... 55% 1.57M 2s
 17300K .......... .......... .......... .......... .......... 55% 2.81M 2s
 17350K .......... .......... .......... .......... .......... 56% 3.27M 2s
 17400K .......... .......... .......... .......... .......... 56% 4.09M 2s
 17450K .......... .......... .......... .......... .......... 56% 1.94M 2s
 17500K .......... .......... .......... .......... .......... 56% 3.18M 2s
 17550K .......... .......... .......... .......... .......... 56% 3.14M 2s
 17600K .......... .......... .......... .......... .......... 56% 3.12M 2s
 17650K .......... .......... .......... .......... .......... 57% 2.05M 2s
 17700K .......... .......... .......... .......... .......... 57% 2.75M 2s
 17750K .......... .......... .......... .......... .......... 57% 2.16M 2s
 17800K .......... .......... .......... .......... .......... 57% 3.18M 2s
 17850K .......... .......... .......... .......... .......... 57% 3.93M 2s
 17900K .......... .......... .......... .......... .......... 57% 2.96M 2s
 17950K .......... .......... .......... .......... .......... 58% 3.12M 2s
 18000K .......... .......... .......... .......... .......... 58% 2.47M 2s
 18050K .......... .......... .......... .......... .......... 58%  897K 2s
 18100K .......... .......... .......... .......... .......... 58% 3.78M 2s
 18150K .......... .......... .......... .......... .......... 58% 3.26M 2s
 18200K .......... .......... .......... .......... .......... 58% 3.47M 2s
 18250K .......... .......... .......... .......... .......... 58% 2.05M 2s
 18300K .......... .......... .......... .......... .......... 59% 4.27M 2s
 18350K .......... .......... .......... .......... .......... 59% 1.72M 2s
 18400K .......... .......... .......... .......... .......... 59% 3.43M 2s
 18450K .......... .......... .......... .......... .......... 59% 3.50M 2s
 18500K .......... .......... .......... .......... .......... 59% 2.65M 2s
 18550K .......... .......... .......... .......... .......... 59% 3.06M 2s
 18600K .......... .......... .......... .......... .......... 60% 2.84M 2s
 18650K .......... .......... .......... .......... .......... 60% 2.98M 2s
 18700K .......... .......... .......... .......... .......... 60% 1.08M 2s
 18750K .......... .......... .......... .......... .......... 60%  428K 2s
 18800K .......... .......... .......... .......... .......... 60%  138M 2s
 18850K .......... .......... .......... .......... .......... 60% 3.46M 2s
 18900K .......... .......... .......... .......... .......... 61%  762K 2s
 18950K .......... .......... .......... .......... .......... 61% 2.97M 2s
 19000K .......... .......... .......... .......... .......... 61% 4.19M 2s
 19050K .......... .......... .......... .......... .......... 61% 2.77M 2s
 19100K .......... .......... .......... .......... .......... 61% 3.97M 2s
 19150K .......... .......... .......... .......... .......... 61% 3.06M 2s
 19200K .......... .......... .......... .......... .......... 62% 3.06M 2s
 19250K .......... .......... .......... .......... .......... 62% 3.10M 2s
 19300K .......... .......... .......... .......... .......... 62% 7.60M 2s
 19350K .......... .......... .......... .......... .......... 62% 3.03M 2s
 19400K .......... .......... .......... .......... .......... 62% 2.75M 2s
 19450K .......... .......... .......... .......... .......... 62% 2.64M 2s
 19500K .......... .......... .......... .......... .......... 63% 2.79M 2s
 19550K .......... .......... .......... .......... .......... 63% 3.19M 2s
 19600K .......... .......... .......... .......... .......... 63% 2.38M 2s
 19650K .......... .......... .......... .......... .......... 63% 6.04M 2s
 19700K .......... .......... .......... .......... .......... 63% 2.16M 2s
 19750K .......... .......... .......... .......... .......... 63% 2.04M 2s
 19800K .......... .......... .......... .......... .......... 63% 1.92M 2s
 19850K .......... .......... .......... .......... .......... 64% 1.75M 2s
 19900K .......... .......... .......... .......... .......... 64% 6.92M 2s
 19950K .......... .......... .......... .......... .......... 64% 2.12M 2s
 20000K .......... .......... .......... .......... .......... 64% 1.50M 2s
 20050K .......... .......... .......... .......... .......... 64% 1.92M 2s
 20100K .......... .......... .......... .......... .......... 64% 2.68M 2s
 20150K .......... .......... .......... .......... .......... 65% 1.44M 2s
 20200K .......... .......... .......... .......... .......... 65% 2.03M 2s
 20250K .......... .......... .......... .......... .......... 65% 2.21M 2s
 20300K .......... .......... .......... .......... .......... 65% 2.41M 2s
 20350K .......... .......... .......... .......... .......... 65% 3.11M 2s
 20400K .......... .......... .......... .......... .......... 65% 2.71M 2s
 20450K .......... .......... .......... .......... .......... 66% 1.88M 2s
 20500K .......... .......... .......... .......... .......... 66% 1.89M 2s
 20550K .......... .......... .......... .......... .......... 66% 2.22M 2s
 20600K .......... .......... .......... .......... .......... 66% 2.21M 2s
 20650K .......... .......... .......... .......... .......... 66% 2.44M 2s
 20700K .......... .......... .......... .......... .......... 66% 1.63M 2s
 20750K .......... .......... .......... .......... .......... 67% 1.92M 2s
 20800K .......... .......... .......... .......... .......... 67% 1.98M 2s
 20850K .......... .......... .......... .......... .......... 67% 3.27M 2s
 20900K .......... .......... .......... .......... .......... 67% 2.30M 2s
 20950K .......... .......... .......... .......... .......... 67% 2.24M 2s
 21000K .......... .......... .......... .......... .......... 67% 2.71M 2s
 21050K .......... .......... .......... .......... .......... 68% 2.58M 2s
 21100K .......... .......... .......... .......... .......... 68% 2.46M 2s
 21150K .......... .......... .......... .......... .......... 68% 2.08M 2s
 21200K .......... .......... .......... .......... .......... 68% 3.55M 2s
 21250K .......... .......... .......... .......... .......... 68% 2.44M 2s
 21300K .......... .......... .......... .......... .......... 68% 2.35M 2s
 21350K .......... .......... .......... .......... .......... 68% 2.29M 2s
 21400K .......... .......... .......... .......... .......... 69% 2.99M 2s
 21450K .......... .......... .......... .......... .......... 69% 2.27M 2s
 21500K .......... .......... .......... .......... .......... 69% 2.43M 2s
 21550K .......... .......... .......... .......... .......... 69% 4.04M 2s
 21600K .......... .......... .......... .......... .......... 69% 1.36M 2s
 21650K .......... .......... .......... .......... .......... 69% 2.49M 2s
 21700K .......... .......... .......... .......... .......... 70% 2.16M 2s
 21750K .......... .......... .......... .......... .......... 70% 2.30M 2s
 21800K .......... .......... .......... .......... .......... 70% 1.99M 2s
 21850K .......... .......... .......... .......... .......... 70% 2.03M 2s
 21900K .......... .......... .......... .......... .......... 70% 2.13M 2s
 21950K .......... .......... .......... .......... .......... 70% 2.11M 2s
 22000K .......... .......... .......... .......... .......... 71% 2.03M 2s
 22050K .......... .......... .......... .......... .......... 71% 2.23M 2s
 22100K .......... .......... .......... .......... .......... 71% 3.28M 2s
 22150K .......... .......... .......... .......... .......... 71% 2.56M 2s
 22200K .......... .......... .......... .......... .......... 71% 2.42M 2s
 22250K .......... .......... .......... .......... .......... 71% 5.73M 2s
 22300K .......... .......... .......... .......... .......... 72% 2.08M 2s
 22350K .......... .......... .......... .......... .......... 72% 1.89M 2s
 22400K .......... .......... .......... .......... .......... 72% 2.44M 2s
 22450K .......... .......... .......... .......... .......... 72% 4.02M 2s
 22500K .......... .......... .......... .......... .......... 72% 2.69M 2s
 22550K .......... .......... .......... .......... .......... 72% 2.47M 2s
 22600K .......... .......... .......... .......... .......... 73% 1.88M 2s
 22650K .......... .......... .......... .......... .......... 73% 4.50M 2s
 22700K .......... .......... .......... .......... .......... 73% 2.35M 2s
 22750K .......... .......... .......... .......... .......... 73% 2.40M 2s
 22800K .......... .......... .......... .......... .......... 73% 2.17M 2s
 22850K .......... .......... .......... .......... .......... 73% 6.34M 2s
 22900K .......... .......... .......... .......... .......... 73% 2.02M 2s
 22950K .......... .......... .......... .......... .......... 74% 2.32M 2s
 23000K .......... .......... .......... .......... .......... 74% 1.99M 2s
 23050K .......... .......... .......... .......... .......... 74% 2.64M 2s
 23100K .......... .......... .......... .......... .......... 74% 3.56M 2s
 23150K .......... .......... .......... .......... .......... 74% 2.23M 2s
 23200K .......... .......... .......... .......... .......... 74% 2.22M 2s
 23250K .......... .......... .......... .......... .......... 75% 2.21M 2s
 23300K .......... .......... .......... .......... .......... 75% 4.03M 2s
 23350K .......... .......... .......... .......... .......... 75% 2.43M 2s
 23400K .......... .......... .......... .......... .......... 75% 1.91M 2s
 23450K .......... .......... .......... .......... .......... 75% 2.44M 2s
 23500K .......... .......... .......... .......... .......... 75% 7.32M 2s
 23550K .......... .......... .......... .......... .......... 76% 2.81M 2s
 23600K .......... .......... .......... .......... .......... 76% 2.04M 2s
 23650K .......... .......... .......... .......... .......... 76% 2.18M 2s
 23700K .......... .......... .......... .......... .......... 76% 3.57M 2s
 23750K .......... .......... .......... .......... .......... 76% 2.21M 2s
 23800K .......... .......... .......... .......... .......... 76% 2.23M 2s
 23850K .......... .......... .......... .......... .......... 77% 2.22M 2s
 23900K .......... .......... .......... .......... .......... 77% 3.48M 1s
 23950K .......... .......... .......... .......... .......... 77% 3.04M 1s
 24000K .......... .......... .......... .......... .......... 77% 2.46M 1s
 24050K .......... .......... .......... .......... .......... 77% 2.46M 1s
 24100K .......... .......... .......... .......... .......... 77% 4.70M 1s
 24150K .......... .......... .......... .......... .......... 78% 2.01M 1s
 24200K .......... .......... .......... .......... .......... 78% 2.05M 1s
 24250K .......... .......... .......... .......... .......... 78% 2.02M 1s
 24300K .......... .......... .......... .......... .......... 78% 4.17M 1s
 24350K .......... .......... .......... .......... .......... 78% 2.76M 1s
 24400K .......... .......... .......... .......... .......... 78% 2.20M 1s
 24450K .......... .......... .......... .......... .......... 78% 1.99M 1s
 24500K .......... .......... .......... .......... .......... 79% 4.25M 1s
 24550K .......... .......... .......... .......... .......... 79% 1.53M 1s
 24600K .......... .......... .......... .......... .......... 79% 3.81M 1s
 24650K .......... .......... .......... .......... .......... 79% 1.98M 1s
 24700K .......... .......... .......... .......... .......... 79% 1.99M 1s
 24750K .......... .......... .......... .......... .......... 79% 2.03M 1s
 24800K .......... .......... .......... .......... .......... 80% 2.65M 1s
 24850K .......... .......... .......... .......... .......... 80% 2.25M 1s
 24900K .......... .......... .......... .......... .......... 80% 1.42M 1s
 24950K .......... .......... .......... .......... .......... 80% 1.37M 1s
 25000K .......... .......... .......... .......... .......... 80% 1.36M 1s
 25050K .......... .......... .......... .......... .......... 80% 1.35M 1s
 25100K .......... .......... .......... .......... .......... 81% 1.30M 1s
 25150K .......... .......... .......... .......... .......... 81% 1.51M 1s
 25200K .......... .......... .......... .......... .......... 81% 1.59M 1s
 25250K .......... .......... .......... .......... .......... 81% 1.73M 1s
 25300K .......... .......... .......... .......... .......... 81% 1.47M 1s
 25350K .......... .......... .......... .......... .......... 81% 1.43M 1s
 25400K .......... .......... .......... .......... .......... 82% 1.17M 1s
 25450K .......... .......... .......... .......... .......... 82% 1.06M 1s
 25500K .......... .......... .......... .......... .......... 82% 1.11M 1s
 25550K .......... .......... .......... .......... .......... 82% 1.63M 1s
 25600K .......... .......... .......... .......... .......... 82% 1.24M 1s
 25650K .......... .......... .......... .......... .......... 82% 1.55M 1s
 25700K .......... .......... .......... .......... .......... 83% 1.22M 1s
 25750K .......... .......... .......... .......... .......... 83% 1.38M 1s
 25800K .......... .......... .......... .......... .......... 83% 1.32M 1s
 25850K .......... .......... .......... .......... .......... 83% 1.14M 1s
 25900K .......... .......... .......... .......... .......... 83% 1.52M 1s
 25950K .......... .......... .......... .......... .......... 83% 1.53M 1s
 26000K .......... .......... .......... .......... .......... 83% 1.10M 1s
 26050K .......... .......... .......... .......... .......... 84% 1.37M 1s
 26100K .......... .......... .......... .......... .......... 84% 1.17M 1s
 26150K .......... .......... .......... .......... .......... 84% 1.62M 1s
 26200K .......... .......... .......... .......... .......... 84% 1.22M 1s
 26250K .......... .......... .......... .......... .......... 84% 1.29M 1s
 26300K .......... .......... .......... .......... .......... 84% 1.11M 1s
 26350K .......... .......... .......... .......... .......... 85% 1.56M 1s
 26400K .......... .......... .......... .......... .......... 85% 1.20M 1s
 26450K .......... .......... .......... .......... .......... 85% 1.44M 1s
 26500K .......... .......... .......... .......... .......... 85% 1.09M 1s
 26550K .......... .......... .......... .......... .......... 85% 1.47M 1s
 26600K .......... .......... .......... .......... .......... 85% 1.53M 1s
 26650K .......... .......... .......... .......... .......... 86% 1.86M 1s
 26700K .......... .......... .......... .......... .......... 86% 1.36M 1s
 26750K .......... .......... .......... .......... .......... 86% 1.52M 1s
 26800K .......... .......... .......... .......... .......... 86% 1.63M 1s
 26850K .......... .......... .......... .......... .......... 86% 1.61M 1s
 26900K .......... .......... .......... .......... .......... 86% 1.07M 1s
 26950K .......... .......... .......... .......... .......... 87% 1.06M 1s
 27000K .......... .......... .......... .......... .......... 87% 1.44M 1s
 27050K .......... .......... .......... .......... .......... 87% 1.22M 1s
 27100K .......... .......... .......... .......... .......... 87%  861K 1s
 27150K .......... .......... .......... .......... .......... 87% 1.73M 1s
 27200K .......... .......... .......... .......... .......... 87% 2.04M 1s
 27250K .......... .......... .......... .......... .......... 88% 1.76M 1s
 27300K .......... .......... .......... .......... .......... 88% 2.00M 1s
 27350K .......... .......... .......... .......... .......... 88% 1.37M 1s
 27400K .......... .......... .......... .......... .......... 88% 1.88M 1s
 27450K .......... .......... .......... .......... .......... 88% 1.59M 1s
 27500K .......... .......... .......... .......... .......... 88% 2.09M 1s
 27550K .......... .......... .......... .......... .......... 88% 1.30M 1s
 27600K .......... .......... .......... .......... .......... 89% 2.53M 1s
 27650K .......... .......... .......... .......... .......... 89% 1.94M 1s
 27700K .......... .......... .......... .......... .......... 89% 2.21M 1s
 27750K .......... .......... .......... .......... .......... 89% 1.35M 1s
 27800K .......... .......... .......... .......... .......... 89% 2.23M 1s
 27850K .......... .......... .......... .......... .......... 89% 1.74M 1s
 27900K .......... .......... .......... .......... .......... 90% 1.60M 1s
 27950K .......... .......... .......... .......... .......... 90% 1.91M 1s
 28000K .......... .......... .......... .......... .......... 90% 2.61M 1s
 28050K .......... .......... .......... .......... .......... 90% 1.38M 1s
 28100K .......... .......... .......... .......... .......... 90% 1.88M 1s
 28150K .......... .......... .......... .......... .......... 90% 2.17M 1s
 28200K .......... .......... .......... .......... .......... 91% 1.37M 1s
 28250K .......... .......... .......... .......... .......... 91% 2.42M 1s
 28300K .......... .......... .......... .......... .......... 91% 2.02M 1s
 28350K .......... .......... .......... .......... .......... 91% 1.12M 1s
 28400K .......... .......... .......... .......... .......... 91% 1.52M 1s
 28450K .......... .......... .......... .......... .......... 91% 1.18M 1s
 28500K .......... .......... .......... .......... .......... 92% 1.60M 1s
 28550K .......... .......... .......... .......... .......... 92% 1.34M 1s
 28600K .......... .......... .......... .......... .......... 92% 1.65M 1s
 28650K .......... .......... .......... .......... .......... 92% 3.02M 1s
 28700K .......... .......... .......... .......... .......... 92% 1.17M 1s
 28750K .......... .......... .......... .......... .......... 92%  758K 1s
 28800K .......... .......... .......... .......... .......... 93% 2.49M 1s
 28850K .......... .......... .......... .......... .......... 93% 1.25M 1s
 28900K .......... .......... .......... .......... .......... 93% 2.06M 1s
 28950K .......... .......... .......... .......... .......... 93% 1.29M 1s
 29000K .......... .......... .......... .......... .......... 93% 2.11M 1s
 29050K .......... .......... .......... .......... .......... 93% 1.32M 1s
 29100K .......... .......... .......... .......... .......... 93% 2.67M 1s
 29150K .......... .......... .......... .......... .......... 94% 1.65M 1s
 29200K .......... .......... .......... .......... .......... 94% 2.52M 1s
 29250K .......... .......... .......... .......... .......... 94% 1.71M 0s
 29300K .......... .......... .......... .......... .......... 94% 2.08M 0s
 29350K .......... .......... .......... .......... .......... 94% 1.58M 0s
 29400K .......... .......... .......... .......... .......... 94% 2.02M 0s
 29450K .......... .......... .......... .......... .......... 95% 1.31M 0s
 29500K .......... .......... .......... .......... .......... 95% 2.64M 0s
 29550K .......... .......... .......... .......... .......... 95% 1.82M 0s
 29600K .......... .......... .......... .......... .......... 95% 5.39M 0s
 29650K .......... .......... .......... .......... .......... 95% 3.75M 0s
 29700K .......... .......... .......... .......... .......... 95% 5.50M 0s
 29750K .......... .......... .......... .......... .......... 96% 3.31M 0s
 29800K .......... .......... .......... .......... .......... 96% 5.33M 0s
 29850K .......... .......... .......... .......... .......... 96% 3.62M 0s
 29900K .......... .......... .......... .......... .......... 96% 5.42M 0s
 29950K .......... .......... .......... .......... .......... 96% 5.48M 0s
 30000K .......... .......... .......... .......... .......... 96% 3.78M 0s
 30050K .......... .......... .......... .......... .......... 97% 4.86M 0s
 30100K .......... .......... .......... .......... .......... 97% 5.14M 0s
 30150K .......... .......... .......... .......... .......... 97% 5.57M 0s
 30200K .......... .......... .......... .......... .......... 97% 5.30M 0s
 30250K .......... .......... .......... .......... .......... 97% 3.24M 0s
 30300K .......... .......... .......... .......... .......... 97% 5.63M 0s
 30350K .......... .......... .......... .......... .......... 98% 4.36M 0s
 30400K .......... .......... .......... .......... .......... 98% 5.50M 0s
 30450K .......... .......... .......... .......... .......... 98% 5.57M 0s
 30500K .......... .......... .......... .......... .......... 98% 5.64M 0s
 30550K .......... .......... .......... .......... .......... 98% 5.58M 0s
 30600K .......... .......... .......... .......... .......... 98% 5.54M 0s
 30650K .......... .......... .......... .......... .......... 98% 5.69M 0s
 30700K .......... .......... .......... .......... .......... 99% 6.91M 0s
 30750K .......... .......... .......... .......... .......... 99% 5.67M 0s
 30800K .......... .......... .......... .......... .......... 99% 5.48M 0s
 30850K .......... .......... .......... .......... .......... 99% 5.72M 0s
 30900K .......... .......... .......... .......... .......... 99% 5.30M 0s
 30950K .......... .......... .......... .......... .......... 99% 5.23M 0s
 31000K .......... ..........                                 100% 5.48M=8.8s

2016-12-01 11:51:33 (3.44 MB/s) - `suning_10974.apk' saved [31764519/31764519]

