--2017-01-10 19:59:07--  http://jrxmw.cn/kiXD6
Resolving jrxmw.cn... 103.211.125.148
Connecting to jrxmw.cn|103.211.125.148|:80... connected.
HTTP request sent, awaiting response... 301 Moved Permanently
Location: http://jrxmw.cn/kiXD6/ [following]
--2017-01-10 19:59:08--  http://jrxmw.cn/kiXD6/
Reusing existing connection to jrxmw.cn:80.
HTTP request sent, awaiting response... 302 Object moved
Location: luxiang.apk [following]
--2017-01-10 19:59:08--  http://jrxmw.cn/kiXD6/luxiang.apk
Reusing existing connection to jrxmw.cn:80.
HTTP request sent, awaiting response... 200 OK
Length: 213491 (208K) [application/vnd.android]
Saving to: `luxiang.apk'

     0K .......... .......... .......... .......... .......... 23%  305K 1s
    50K .......... .......... .......... .......... .......... 47%  297K 0s
   100K .......... .......... .......... .......... .......... 71%  103K 0s
   150K .......... .......... .......... .......... .......... 95%  656K 0s
   200K ........                                              100%  508K=0.9s

2017-01-10 19:59:09 (229 KB/s) - `luxiang.apk' saved [213491/213491]

