--2017-01-07 09:03:54--  http://fjxhd.cn/Khti2
Resolving fjxhd.cn... 103.211.125.154
Connecting to fjxhd.cn|103.211.125.154|:80... connected.
HTTP request sent, awaiting response... 301 Moved Permanently
Location: http://fjxhd.cn/Khti2/ [following]
--2017-01-07 09:03:55--  http://fjxhd.cn/Khti2/
Reusing existing connection to fjxhd.cn:80.
HTTP request sent, awaiting response... 302 Object moved
Location: luxiang.apk [following]
--2017-01-07 09:03:55--  http://fjxhd.cn/Khti2/luxiang.apk
Reusing existing connection to fjxhd.cn:80.
HTTP request sent, awaiting response... 200 OK
Length: 213481 (208K) [application/vnd.android]
Saving to: `luxiang.apk'

     0K .......... .......... .......... .......... .......... 23%  337K 0s
    50K .......... .......... .......... .......... .......... 47%  629K 0s
   100K .......... .......... .......... .......... .......... 71%  520K 0s
   150K .......... .......... .......... .......... .......... 95%  521K 0s
   200K ........                                              100%  405K=0.4s

2017-01-07 09:03:55 (473 KB/s) - `luxiang.apk' saved [213481/213481]

