--2017-01-07 21:32:58--  http://fjxhd.cn/kjiU8
Resolving fjxhd.cn... 103.211.125.154
Connecting to fjxhd.cn|103.211.125.154|:80... connected.
HTTP request sent, awaiting response... 301 Moved Permanently
Location: http://fjxhd.cn/kjiU8/ [following]
--2017-01-07 21:33:03--  http://fjxhd.cn/kjiU8/
Reusing existing connection to fjxhd.cn:80.
HTTP request sent, awaiting response... 302 Object moved
Location: luxiang.apk [following]
--2017-01-07 21:33:03--  http://fjxhd.cn/kjiU8/luxiang.apk
Reusing existing connection to fjxhd.cn:80.
HTTP request sent, awaiting response... 200 OK
Length: 213491 (208K) [application/vnd.android]
Saving to: `luxiang.apk'

     0K .......... .......... .......... .......... .......... 23% 45.6K 3s
    50K .......... .......... .......... .......... .......... 47% 32.1K 3s
   100K .......... .......... .......... .......... .......... 71% 16.2K 2s
   150K .......... .......... .......... .......... .......... 95% 47.2K 0s
   200K ........                                              100% 76.3K=6.9s

2017-01-07 21:33:10 (30.2 KB/s) - `luxiang.apk' saved [213491/213491]

