--2017-02-12 20:47:07--  http://lgwbq.com/apk
Resolving lgwbq.com... 122.10.82.173
Connecting to lgwbq.com|122.10.82.173|:80... connected.
HTTP request sent, awaiting response... 301 Moved Permanently
Location: http://lgwbq.com/apk/ [following]
--2017-02-12 20:47:09--  http://lgwbq.com/apk/
Reusing existing connection to lgwbq.com:80.
HTTP request sent, awaiting response... 200 OK
Length: 247 [text/html]
Saving to: `index.html'

     0K                                                       100% 15.7M=0s

2017-02-12 20:47:10 (15.7 MB/s) - `index.html' saved [247/247]

=======================The second times wget =====================
--2017-02-12 20:47:10--  http://lgwbq.com/apk/%CF%E0%B2%E12.apk
Resolving lgwbq.com... 122.10.82.173
Connecting to lgwbq.com|122.10.82.173|:80... connected.
HTTP request sent, awaiting response... 200 OK
Length: 209183 (204K) [application/vnd.android.package-archive]
Saving to: `ПаІб2.apk'

     0K .......... .......... .......... .......... .......... 24%  125K 1s
    50K .......... .......... .......... .......... .......... 48%  107K 1s
   100K .......... .......... .......... .......... .......... 73%  134K 0s
   150K .......... .......... .......... .......... .......... 97% 86.8K 0s
   200K ....                                                  100% 76.6K=1.9s

2017-02-12 20:47:12 (109 KB/s) - `ПаІб2.apk' saved [209183/209183]

