--2017-02-06 06:38:14--  http://m.tieyou.com/ark.html
Resolving m.tieyou.com... 101.226.248.18
Connecting to m.tieyou.com|101.226.248.18|:80... connected.
HTTP request sent, awaiting response... 200 OK
Length: 616 [text/html]
Saving to: `ark.html'

     0K                                                       100% 58.7M=0s

2017-02-06 06:38:14 (58.7 MB/s) - `ark.html' saved [616/616]

=======================The second times wget =====================
--2017-02-06 06:38:15--  http://img3.tieyou.com/app/ark_tieyou.apk
Resolving img3.tieyou.com... 175.6.8.26, 175.6.8.24
Connecting to img3.tieyou.com|175.6.8.26|:80... connected.
HTTP request sent, awaiting response... 200 OK
Length: 19630871 (19M) [application/octet-stream]
Saving to: `ark_tieyou.apk'

     0K .......... .......... .......... .......... ..........  0% 16.7M 1s
    50K .......... .......... .......... .......... ..........  0% 26.5M 1s
   100K .......... .......... .......... .......... ..........  0% 22.2M 1s
   150K .......... .......... .......... .......... ..........  1% 20.1M 1s
   200K .......... .......... .......... .......... ..........  1% 19.5M 1s
   250K .......... .......... .......... .......... ..........  1% 52.0K 61s
   300K .......... .......... .......... .......... ..........  1% 5.14M 53s
   350K .......... .......... .......... .......... ..........  2% 17.2M 46s
   400K .......... .......... .......... .......... ..........  2% 17.5M 41s
   450K .......... .......... .......... .......... ..........  2% 17.9M 37s
   500K .......... .......... .......... .......... ..........  2%  291K 39s
   550K .......... .......... .......... .......... ..........  3% 23.3M 36s
   600K .......... .......... .......... .......... ..........  3% 29.7M 33s
   650K .......... .......... .......... .......... ..........  3% 23.9M 31s
   700K .......... .......... .......... .......... ..........  3% 23.3M 29s
   750K .......... .......... .......... .......... ..........  4%  166K 34s
   800K .......... .......... .......... .......... ..........  4% 23.5M 32s
   850K .......... .......... .......... .......... ..........  4% 35.8M 30s
   900K .......... .......... .......... .......... ..........  4% 21.3M 28s
   950K .......... .......... .......... .......... ..........  5% 27.4M 27s
  1000K .......... .......... .......... .......... ..........  5%  161K 31s
  1050K .......... .......... .......... .......... ..........  5% 25.1M 29s
  1100K .......... .......... .......... .......... ..........  5% 27.6M 28s
  1150K .......... .......... .......... .......... ..........  6% 31.4M 27s
  1200K .......... .......... .......... .......... ..........  6% 24.4M 26s
  1250K .......... .......... .......... .......... ..........  6%  152K 29s
  1300K .......... .......... .......... .......... ..........  7% 3.20M 28s
  1350K .......... .......... .......... .......... ..........  7% 6.04M 27s
  1400K .......... .......... .......... .......... ..........  7% 5.10M 26s
  1450K .......... .......... .......... .......... ..........  7% 38.7M 25s
  1500K .......... .......... .......... .......... ..........  8%  241K 27s
  1550K .......... .......... .......... .......... ..........  8% 22.9M 26s
  1600K .......... .......... .......... .......... ..........  8% 23.1M 25s
  1650K .......... .......... .......... .......... ..........  8% 39.2M 24s
  1700K .......... .......... .......... .......... ..........  9% 35.8M 24s
  1750K .......... .......... .......... .......... ..........  9%  183K 26s
  1800K .......... .......... .......... .......... ..........  9% 19.4M 25s
  1850K .......... .......... .......... .......... ..........  9% 36.0M 24s
  1900K .......... .......... .......... .......... .......... 10% 32.5M 23s
  1950K .......... .......... .......... .......... .......... 10% 31.0M 23s
  2000K .......... .......... .......... .......... .......... 10%  240K 24s
  2050K .......... .......... .......... .......... .......... 10% 18.5M 23s
  2100K .......... .......... .......... .......... .......... 11% 24.3M 23s
  2150K .......... .......... .......... .......... .......... 11% 45.8M 22s
  2200K .......... .......... .......... .......... .......... 11% 45.7M 22s
  2250K .......... .......... .......... .......... .......... 11% 41.7M 21s
  2300K .......... .......... .......... .......... .......... 12%  161K 23s
  2350K .......... .......... .......... .......... .......... 12% 2.85M 22s
  2400K .......... .......... .......... .......... .......... 12% 14.4M 22s
  2450K .......... .......... .......... .......... .......... 13% 10.6M 21s
  2500K .......... .......... .......... .......... .......... 13% 7.60M 21s
  2550K .......... .......... .......... .......... .......... 13%  157K 23s
  2600K .......... .......... .......... .......... .......... 13% 20.9M 22s
  2650K .......... .......... .......... .......... .......... 14% 18.6M 22s
  2700K .......... .......... .......... .......... .......... 14% 20.0M 21s
  2750K .......... .......... .......... .......... .......... 14% 22.8M 21s
  2800K .......... .......... .......... .......... .......... 14%  194K 22s
  2850K .......... .......... .......... .......... .......... 15% 19.4M 21s
  2900K .......... .......... .......... .......... .......... 15% 27.0M 21s
  2950K .......... .......... .......... .......... .......... 15% 25.3M 21s
  3000K .......... .......... .......... .......... .......... 15% 23.4M 20s
  3050K .......... .......... .......... .......... .......... 16%  164K 21s
  3100K .......... .......... .......... .......... .......... 16% 25.1M 21s
  3150K .......... .......... .......... .......... .......... 16% 37.9M 21s
  3200K .......... .......... .......... .......... .......... 16% 27.8M 20s
  3250K .......... .......... .......... .......... .......... 17% 27.1M 20s
  3300K .......... .......... .......... .......... .......... 17%  171K 21s
  3350K .......... .......... .......... .......... .......... 17% 3.04M 21s
  3400K .......... .......... .......... .......... .......... 17% 6.09M 20s
  3450K .......... .......... .......... .......... .......... 18% 3.11M 20s
  3500K .......... .......... .......... .......... .......... 18% 3.04M 20s
  3550K .......... .......... .......... .......... .......... 18%  286K 20s
  3600K .......... .......... .......... .......... .......... 19% 21.6M 20s
  3650K .......... .......... .......... .......... .......... 19% 36.7M 19s
  3700K .......... .......... .......... .......... .......... 19% 23.1M 19s
  3750K .......... .......... .......... .......... .......... 19% 38.6M 19s
  3800K .......... .......... .......... .......... .......... 20%  237K 19s
  3850K .......... .......... .......... .......... .......... 20% 16.8M 19s
  3900K .......... .......... .......... .......... .......... 20% 30.0M 19s
  3950K .......... .......... .......... .......... .......... 20% 39.9M 18s
  4000K .......... .......... .......... .......... .......... 21% 48.5M 18s
  4050K .......... .......... .......... .......... .......... 21%  158K 19s
  4100K .......... .......... .......... .......... .......... 21% 23.8M 19s
  4150K .......... .......... .......... .......... .......... 21% 25.6M 18s
  4200K .......... .......... .......... .......... .......... 22% 39.0M 18s
  4250K .......... .......... .......... .......... .......... 22% 31.8M 18s
  4300K .......... .......... .......... .......... .......... 22% 47.6M 18s
  4350K .......... .......... .......... .......... .......... 22%  172K 18s
  4400K .......... .......... .......... .......... .......... 23% 20.9M 18s
  4450K .......... .......... .......... .......... .......... 23% 39.9M 18s
  4500K .......... .......... .......... .......... .......... 23% 40.8M 18s
  4550K .......... .......... .......... .......... .......... 23% 43.1M 17s
  4600K .......... .......... .......... .......... .......... 24%  158K 18s
  4650K .......... .......... .......... .......... .......... 24% 27.3M 18s
  4700K .......... .......... .......... .......... .......... 24% 40.6M 18s
  4750K .......... .......... .......... .......... .......... 25% 42.2M 17s
  4800K .......... .......... .......... .......... .......... 25% 41.9M 17s
  4850K .......... .......... .......... .......... .......... 25%  214K 18s
  4900K .......... .......... .......... .......... .......... 25% 24.5M 17s
  4950K .......... .......... .......... .......... .......... 26% 34.2M 17s
  5000K .......... .......... .......... .......... .......... 26% 57.6M 17s
  5050K .......... .......... .......... .......... .......... 26% 56.1M 17s
  5100K .......... .......... .......... .......... .......... 26%  149K 17s
  5150K .......... .......... .......... .......... .......... 27% 16.9M 17s
  5200K .......... .......... .......... .......... .......... 27% 18.5M 17s
  5250K .......... .......... .......... .......... .......... 27% 19.4M 17s
  5300K .......... .......... .......... .......... .......... 27% 19.5M 17s
  5350K .......... .......... .......... .......... .......... 28%  258K 17s
  5400K .......... .......... .......... .......... .......... 28% 23.1M 17s
  5450K .......... .......... .......... .......... .......... 28% 25.6M 16s
  5500K .......... .......... .......... .......... .......... 28% 24.3M 16s
  5550K .......... .......... .......... .......... .......... 29% 22.5M 16s
  5600K .......... .......... .......... .......... .......... 29%  219K 16s
  5650K .......... .......... .......... .......... .......... 29% 3.02M 16s
  5700K .......... .......... .......... .......... .......... 29% 3.03M 16s
  5750K .......... .......... .......... .......... .......... 30% 6.77M 16s
  5800K .......... .......... .......... .......... .......... 30% 3.03M 16s
  5850K .......... .......... .......... .......... .......... 30%  256K 16s
  5900K .......... .......... .......... .......... .......... 31% 18.4M 16s
  5950K .......... .......... .......... .......... .......... 31% 41.0M 16s
  6000K .......... .......... .......... .......... .......... 31% 26.4M 15s
  6050K .......... .......... .......... .......... .......... 31% 34.3M 15s
  6100K .......... .......... .......... .......... .......... 32%  160K 16s
  6150K .......... .......... .......... .......... .......... 32% 17.2M 15s
  6200K .......... .......... .......... .......... .......... 32% 44.9M 15s
  6250K .......... .......... .......... .......... .......... 32% 27.4M 15s
  6300K .......... .......... .......... .......... .......... 33% 35.2M 15s
  6350K .......... .......... .......... .......... .......... 33% 30.2M 15s
  6400K .......... .......... .......... .......... .......... 33%  266K 15s
  6450K .......... .......... .......... .......... .......... 33% 34.0M 15s
  6500K .......... .......... .......... .......... .......... 34% 28.0M 15s
  6550K .......... .......... .......... .......... .......... 34% 38.2M 14s
  6600K .......... .......... .......... .......... .......... 34% 18.6M 14s
  6650K .......... .......... .......... .......... .......... 34%  217K 15s
  6700K .......... .......... .......... .......... .......... 35% 31.9M 14s
  6750K .......... .......... .......... .......... .......... 35% 22.6M 14s
  6800K .......... .......... .......... .......... .......... 35% 38.4M 14s
  6850K .......... .......... .......... .......... .......... 35% 47.5M 14s
  6900K .......... .......... .......... .......... .......... 36%  266K 14s
  6950K .......... .......... .......... .......... .......... 36% 3.27M 14s
  7000K .......... .......... .......... .......... .......... 36% 6.55M 14s
  7050K .......... .......... .......... .......... .......... 37% 5.32M 14s
  7100K .......... .......... .......... .......... .......... 37% 7.00M 14s
  7150K .......... .......... .......... .......... .......... 37%  214K 14s
  7200K .......... .......... .......... .......... .......... 37% 20.1M 14s
  7250K .......... .......... .......... .......... .......... 38% 44.6M 13s
  7300K .......... .......... .......... .......... .......... 38% 50.9M 13s
  7350K .......... .......... .......... .......... .......... 38% 48.1M 13s
  7400K .......... .......... .......... .......... .......... 38%  149K 14s
  7450K .......... .......... .......... .......... .......... 39% 24.4M 13s
  7500K .......... .......... .......... .......... .......... 39% 39.5M 13s
  7550K .......... .......... .......... .......... .......... 39% 43.9M 13s
  7600K .......... .......... .......... .......... .......... 39% 50.8M 13s
  7650K .......... .......... .......... .......... .......... 40%  228K 13s
  7700K .......... .......... .......... .......... .......... 40% 29.8M 13s
  7750K .......... .......... .......... .......... .......... 40% 23.5M 13s
  7800K .......... .......... .......... .......... .......... 40% 40.7M 13s
  7850K .......... .......... .......... .......... .......... 41% 66.7M 13s
  7900K .......... .......... .......... .......... .......... 41%  187K 13s
  7950K .......... .......... .......... .......... .......... 41% 1.99M 13s
  8000K .......... .......... .......... .......... .......... 41% 6.53M 13s
  8050K .......... .......... .......... .......... .......... 42% 4.92M 13s
  8100K .......... .......... .......... .......... .......... 42% 8.16M 12s
  8150K .......... .......... .......... .......... .......... 42%  221K 13s
  8200K .......... .......... .......... .......... .......... 43% 15.7M 12s
  8250K .......... .......... .......... .......... .......... 43% 41.3M 12s
  8300K .......... .......... .......... .......... .......... 43% 46.8M 12s
  8350K .......... .......... .......... .......... .......... 43% 52.3M 12s
  8400K .......... .......... .......... .......... .......... 44%  334K 12s
  8450K .......... .......... .......... .......... .......... 44% 26.7M 12s
  8500K .......... .......... .......... .......... .......... 44% 32.6M 12s
  8550K .......... .......... .......... .......... .......... 44% 68.5M 12s
  8600K .......... .......... .......... .......... .......... 45% 35.4M 12s
  8650K .......... .......... .......... .......... .......... 45% 55.4M 12s
  8700K .......... .......... .......... .......... .......... 45%  260K 12s
  8750K .......... .......... .......... .......... .......... 45% 37.9M 12s
  8800K .......... .......... .......... .......... .......... 46% 34.4M 11s
  8850K .......... .......... .......... .......... .......... 46% 41.0M 11s
  8900K .......... .......... .......... .......... .......... 46% 97.9M 11s
  8950K .......... .......... .......... .......... .......... 46%  193K 11s
  9000K .......... .......... .......... .......... .......... 47% 35.8M 11s
  9050K .......... .......... .......... .......... .......... 47% 29.1M 11s
  9100K .......... .......... .......... .......... .......... 47% 56.1M 11s
  9150K .......... .......... .......... .......... .......... 47% 41.3M 11s
  9200K .......... .......... .......... .......... .......... 48%  195K 11s
  9250K .......... .......... .......... .......... .......... 48% 29.5M 11s
  9300K .......... .......... .......... .......... .......... 48% 40.2M 11s
  9350K .......... .......... .......... .......... .......... 49% 37.1M 11s
  9400K .......... .......... .......... .......... .......... 49%  106M 11s
  9450K .......... .......... .......... .......... .......... 49%  183K 11s
  9500K .......... .......... .......... .......... .......... 49% 32.6M 11s
  9550K .......... .......... .......... .......... .......... 50% 40.8M 11s
  9600K .......... .......... .......... .......... .......... 50% 39.5M 10s
  9650K .......... .......... .......... .......... .......... 50% 80.8M 10s
  9700K .......... .......... .......... .......... .......... 50%  218K 10s
  9750K .......... .......... .......... .......... .......... 51% 27.8M 10s
  9800K .......... .......... .......... .......... .......... 51% 46.9M 10s
  9850K .......... .......... .......... .......... .......... 51% 47.1M 10s
  9900K .......... .......... .......... .......... .......... 51% 84.3M 10s
  9950K .......... .......... .......... .......... .......... 52%  241K 10s
 10000K .......... .......... .......... .......... .......... 52% 34.3M 10s
 10050K .......... .......... .......... .......... .......... 52% 41.5M 10s
 10100K .......... .......... .......... .......... .......... 52% 38.1M 10s
 10150K .......... .......... .......... .......... .......... 53% 53.6M 10s
 10200K .......... .......... .......... .......... .......... 53%  176K 10s
 10250K .......... .......... .......... .......... .......... 53% 16.5M 10s
 10300K .......... .......... .......... .......... .......... 53% 35.1M 10s
 10350K .......... .......... .......... .......... .......... 54% 71.1M 10s
 10400K .......... .......... .......... .......... .......... 54% 56.6M 9s
 10450K .......... .......... .......... .......... .......... 54%  262K 9s
 10500K .......... .......... .......... .......... .......... 55% 7.03M 9s
 10550K .......... .......... .......... .......... .......... 55% 9.31M 9s
 10600K .......... .......... .......... .......... .......... 55% 38.1M 9s
 10650K .......... .......... .......... .......... .......... 55% 35.3M 9s
 10700K .......... .......... .......... .......... .......... 56%  166M 9s
 10750K .......... .......... .......... .......... .......... 56%  238K 9s
 10800K .......... .......... .......... .......... .......... 56% 32.1M 9s
 10850K .......... .......... .......... .......... .......... 56% 34.8M 9s
 10900K .......... .......... .......... .......... .......... 57% 26.2M 9s
 10950K .......... .......... .......... .......... .......... 57% 36.9M 9s
 11000K .......... .......... .......... .......... .......... 57%  173K 9s
 11050K .......... .......... .......... .......... .......... 57% 21.0M 9s
 11100K .......... .......... .......... .......... .......... 58% 37.4M 9s
 11150K .......... .......... .......... .......... .......... 58% 39.4M 9s
 11200K .......... .......... .......... .......... .......... 58% 30.3M 8s
 11250K .......... .......... .......... .......... .......... 58%  230K 9s
 11300K .......... .......... .......... .......... .......... 59% 34.0M 8s
 11350K .......... .......... .......... .......... .......... 59% 39.9M 8s
 11400K .......... .......... .......... .......... .......... 59% 39.4M 8s
 11450K .......... .......... .......... .......... .......... 59% 29.6M 8s
 11500K .......... .......... .......... .......... .......... 60%  256K 8s
 11550K .......... .......... .......... .......... .......... 60% 20.6M 8s
 11600K .......... .......... .......... .......... .......... 60% 43.9M 8s
 11650K .......... .......... .......... .......... .......... 61% 36.3M 8s
 11700K .......... .......... .......... .......... .......... 61% 44.0M 8s
 11750K .......... .......... .......... .......... .......... 61%  192K 8s
 11800K .......... .......... .......... .......... .......... 61% 6.00M 8s
 11850K .......... .......... .......... .......... .......... 62% 6.02M 8s
 11900K .......... .......... .......... .......... .......... 62% 5.97M 8s
 11950K .......... .......... .......... .......... .......... 62% 5.55M 8s
 12000K .......... .......... .......... .......... .......... 62%  240K 8s
 12050K .......... .......... .......... .......... .......... 63% 39.1M 8s
 12100K .......... .......... .......... .......... .......... 63% 44.6M 7s
 12150K .......... .......... .......... .......... .......... 63% 43.8M 7s
 12200K .......... .......... .......... .......... .......... 63% 32.2M 7s
 12250K .......... .......... .......... .......... .......... 64%  227K 7s
 12300K .......... .......... .......... .......... .......... 64% 19.0M 7s
 12350K .......... .......... .......... .......... .......... 64% 37.8M 7s
 12400K .......... .......... .......... .......... .......... 64% 41.8M 7s
 12450K .......... .......... .......... .......... .......... 65% 44.6M 7s
 12500K .......... .......... .......... .......... .......... 65%  156K 7s
 12550K .......... .......... .......... .......... .......... 65% 20.5M 7s
 12600K .......... .......... .......... .......... .......... 65% 46.6M 7s
 12650K .......... .......... .......... .......... .......... 66% 47.4M 7s
 12700K .......... .......... .......... .......... .......... 66% 54.1M 7s
 12750K .......... .......... .......... .......... .......... 66% 57.6M 7s
 12800K .......... .......... .......... .......... .......... 67%  332K 7s
 12850K .......... .......... .......... .......... .......... 67% 47.7M 7s
 12900K .......... .......... .......... .......... .......... 67% 48.1M 7s
 12950K .......... .......... .......... .......... .......... 67% 42.1M 6s
 13000K .......... .......... .......... .......... .......... 68% 57.5M 6s
 13050K .......... .......... .......... .......... .......... 68%  232K 6s
 13100K .......... .......... .......... .......... .......... 68% 9.06M 6s
 13150K .......... .......... .......... .......... .......... 68% 34.9M 6s
 13200K .......... .......... .......... .......... .......... 69% 37.1M 6s
 13250K .......... .......... .......... .......... .......... 69% 35.4M 6s
 13300K .......... .......... .......... .......... .......... 69%  163K 6s
 13350K .......... .......... .......... .......... .......... 69% 33.7M 6s
 13400K .......... .......... .......... .......... .......... 70% 21.1M 6s
 13450K .......... .......... .......... .......... .......... 70% 43.9M 6s
 13500K .......... .......... .......... .......... .......... 70% 36.0M 6s
 13550K .......... .......... .......... .......... .......... 70%  152K 6s
 13600K .......... .......... .......... .......... .......... 71% 41.0M 6s
 13650K .......... .......... .......... .......... .......... 71% 29.7M 6s
 13700K .......... .......... .......... .......... .......... 71% 49.1M 6s
 13750K .......... .......... .......... .......... .......... 71% 38.8M 6s
 13800K .......... .......... .......... .......... .......... 72%  224K 6s
 13850K .......... .......... .......... .......... .......... 72% 36.2M 6s
 13900K .......... .......... .......... .......... .......... 72% 47.2M 6s
 13950K .......... .......... .......... .......... .......... 73% 24.5M 5s
 14000K .......... .......... .......... .......... .......... 73% 48.5M 5s
 14050K .......... .......... .......... .......... .......... 73%  223K 5s
 14100K .......... .......... .......... .......... .......... 73% 24.9M 5s
 14150K .......... .......... .......... .......... .......... 74% 33.4M 5s
 14200K .......... .......... .......... .......... .......... 74% 46.2M 5s
 14250K .......... .......... .......... .......... .......... 74% 40.9M 5s
 14300K .......... .......... .......... .......... .......... 74%  173K 5s
 14350K .......... .......... .......... .......... .......... 75% 20.7M 5s
 14400K .......... .......... .......... .......... .......... 75% 57.3M 5s
 14450K .......... .......... .......... .......... .......... 75% 38.1M 5s
 14500K .......... .......... .......... .......... .......... 75% 39.2M 5s
 14550K .......... .......... .......... .......... .......... 76%  214K 5s
 14600K .......... .......... .......... .......... .......... 76% 26.5M 5s
 14650K .......... .......... .......... .......... .......... 76% 44.5M 5s
 14700K .......... .......... .......... .......... .......... 76% 48.8M 5s
 14750K .......... .......... .......... .......... .......... 77% 37.4M 5s
 14800K .......... .......... .......... .......... .......... 77%  168K 5s
 14850K .......... .......... .......... .......... .......... 77% 25.1M 5s
 14900K .......... .......... .......... .......... .......... 77% 42.6M 4s
 14950K .......... .......... .......... .......... .......... 78% 60.3M 4s
 15000K .......... .......... .......... .......... .......... 78% 49.2M 4s
 15050K .......... .......... .......... .......... .......... 78% 57.0M 4s
 15100K .......... .......... .......... .......... .......... 79%  195K 4s
 15150K .......... .......... .......... .......... .......... 79% 43.3M 4s
 15200K .......... .......... .......... .......... .......... 79% 34.8M 4s
 15250K .......... .......... .......... .......... .......... 79% 51.6M 4s
 15300K .......... .......... .......... .......... .......... 80% 64.3M 4s
 15350K .......... .......... .......... .......... .......... 80%  182K 4s
 15400K .......... .......... .......... .......... .......... 80% 3.65M 4s
 15450K .......... .......... .......... .......... .......... 80%  137M 4s
 15500K .......... .......... .......... .......... .......... 81% 37.2M 4s
 15550K .......... .......... .......... .......... .......... 81% 36.0M 4s
 15600K .......... .......... .......... .......... .......... 81%  282K 4s
 15650K .......... .......... .......... .......... .......... 81% 26.7M 4s
 15700K .......... .......... .......... .......... .......... 82% 68.6M 4s
 15750K .......... .......... .......... .......... .......... 82% 59.8M 4s
 15800K .......... .......... .......... .......... .......... 82% 51.6M 3s
 15850K .......... .......... .......... .......... .......... 82%  210K 3s
 15900K .......... .......... .......... .......... .......... 83% 34.7M 3s
 15950K .......... .......... .......... .......... .......... 83% 40.0M 3s
 16000K .......... .......... .......... .......... .......... 83% 41.9M 3s
 16050K .......... .......... .......... .......... ........   83%  100M=17s

2017-02-06 06:38:41 (958 KB/s) - Connection closed at byte 16485143. Giving up.

