--2017-03-20 16:35:11--  http://public.imtanbao.com/Tanbao_2.1.6.apk
Resolving public.imtanbao.com... 175.6.25.183
Connecting to public.imtanbao.com|175.6.25.183|:80... connected.
HTTP request sent, awaiting response... 200 OK
Length: 38353953 (37M) [application/vnd.android.package-archive]
Saving to: `Tanbao_2.1.6.apk'

     0K .......... .......... .......... .......... ..........  0% 1.48M 25s
    50K .......... .......... .......... .......... ..........  0% 4.76M 16s
   100K .......... .......... .......... .......... ..........  0% 3.95M 14s
   150K .......... .......... .......... .......... ..........  0% 4.04M 13s
   200K .......... .......... .......... .......... ..........  0% 4.72M 12s
   250K .......... .......... .......... .......... ..........  0%  101M 10s
   300K .......... .......... .......... .......... ..........  0% 6.61M 9s
   350K .......... .......... .......... .......... ..........  1% 9.76M 8s
   400K .......... .......... .......... .......... ..........  1% 6.36M 8s
   450K .......... .......... .......... .......... ..........  1% 99.4M 7s
   500K .......... .......... .......... .......... ..........  1%  143M 7s
   550K .......... .......... .......... .......... ..........  1% 6.73M 7s
   600K .......... .......... .......... .......... ..........  1% 80.8M 6s
   650K .......... .......... .......... .......... ..........  1%  170M 6s
   700K .......... .......... .......... .......... ..........  2%  171M 5s
   750K .......... .......... .......... .......... ..........  2% 6.77M 5s
   800K .......... .......... .......... .......... ..........  2%  174M 5s
   850K .......... .......... .......... .......... ..........  2% 8.47M 5s
   900K .......... .......... .......... .......... ..........  2%  109M 5s
   950K .......... .......... .......... .......... ..........  2%  179M 4s
  1000K .......... .......... .......... .......... ..........  2% 6.32M 4s
  1050K .......... .......... .......... .......... ..........  2%  136M 4s
  1100K .......... .......... .......... .......... ..........  3%  179M 4s
  1150K .......... .......... .......... .......... ..........  3%  173M 4s
  1200K .......... .......... .......... .......... ..........  3% 40.5M 4s
  1250K .......... .......... .......... .......... ..........  3% 14.9M 4s
  1300K .......... .......... .......... .......... ..........  3%  113M 4s
  1350K .......... .......... .......... .......... ..........  3% 11.6M 4s
  1400K .......... .......... .......... .......... ..........  3%  146M 3s
  1450K .......... .......... .......... .......... ..........  4%  121M 3s
  1500K .......... .......... .......... .......... ..........  4% 7.03M 3s
  1550K .......... .......... .......... .......... ..........  4% 4.14M 4s
  1600K .......... .......... .......... .......... ..........  4%  115M 3s
  1650K .......... .......... .......... .......... ..........  4% 5.93M 4s
  1700K .......... .......... .......... .......... ..........  4% 4.02M 4s
  1750K .......... .......... .......... .......... ..........  4% 7.38M 4s
  1800K .......... .......... .......... .......... ..........  4% 46.9M 4s
  1850K .......... .......... .......... .......... ..........  5% 63.9M 4s
  1900K .......... .......... .......... .......... ..........  5% 98.6M 3s
  1950K .......... .......... .......... .......... ..........  5%  133M 3s
  2000K .......... .......... .......... .......... ..........  5% 4.69M 3s
  2050K .......... .......... .......... .......... ..........  5%  132M 3s
  2100K .......... .......... .......... .......... ..........  5% 35.2M 3s
  2150K .......... .......... .......... .......... ..........  5% 5.50M 3s
  2200K .......... .......... .......... .......... ..........  6% 4.76M 3s
  2250K .......... .......... .......... .......... ..........  6% 16.2M 3s
  2300K .......... .......... .......... .......... ..........  6%  157M 3s
  2350K .......... .......... .......... .......... ..........  6% 5.07M 3s
  2400K .......... .......... .......... .......... ..........  6% 5.00M 3s
  2450K .......... .......... .......... .......... ..........  6% 4.88M 4s
  2500K .......... .......... .......... .......... ..........  6%  146M 3s
  2550K .......... .......... .......... .......... ..........  6% 6.74M 3s
  2600K .......... .......... .......... .......... ..........  7% 88.1M 3s
  2650K .......... .......... .......... .....                  7% 40.3K=1.1s

2017-03-20 16:35:13 (2.32 MB/s) - Connection closed at byte 2749488. Giving up.

