--2017-02-06 20:55:55--  http://yx.hui2013.cn/
Resolving yx.hui2013.cn... 120.27.214.115
Connecting to yx.hui2013.cn|120.27.214.115|:80... connected.
HTTP request sent, awaiting response... 200 OK
Length: 7268 (7.1K) [text/html]
Saving to: `index.html'

     0K .......                                               100% 10.1K=0.7s

2017-02-06 20:55:56 (10.1 KB/s) - `index.html' saved [7268/7268]

=======================The second times wget =====================
--2017-02-06 20:55:56--  http://yx.hui2013.cn/yx.apk
Resolving yx.hui2013.cn... 120.27.214.115
Connecting to yx.hui2013.cn|120.27.214.115|:80... connected.
HTTP request sent, awaiting response... 200 OK
Length: 10382969 (9.9M) [application/octet-stream]
Saving to: `yx.apk'

     0K .......... .......... .......... .......... ..........  0% 19.8K 8m30s
    50K .......... .......... .......... .......... ..........  0% 5.13K 20m32s
   100K .......... .......... .......... .......... ..........  1% 29.9K 15m29s
   150K .......... .......... .......... .......... ..........  1% 35.3K 12m44s
   200K .......... .......... .......... .......... ..........  2% 17.3K 12m2s
   250K .......... .......... .......... .......... ..........  2% 11.7K 12m18s
   300K .......... .......... .......... .......... ..........  3% 12.9K 12m18s
   350K .......... .......... .......... .......... ..........  3% 13.9K 12m10s
   400K .......... .......... .......... .......... ..........  4% 10.3K 12m30s
   450K .......... .......... .......... .......... ..........  4% 32.8K 11m41s
   500K .......... .......... .......... .......... ..........  5% 28.8K 11m4s
   550K .......... .......... .......... .......... ..........  5% 28.2K 10m34s
   600K .......... .......... .......... .......... ..........  6% 14.8K 10m31s
   650K .......... .......... .......... .......... ..........  6% 29.4K 10m6s
   700K .......... .......... .......... .......... ..........  7% 17.8K 9m58s
   750K .......... .......... .......... .......... ..........  7% 10.4K 10m14s
   800K .......... .......... .......... .......... ..........  8% 14.6K 10m12s
   850K .......... .......... .......... .......... ..........  8% 17.1K 10m5s
   900K .......... .......... .......... .......... ..........  9% 26.1K 9m48s
   950K .......... .......... .......... .......... ..........  9% 38.3K 9m28s
  1000K .......... .......... .......... .......... .......... 10% 14.2K 9m28s
  1050K .......... .......... .......... .......... .......... 10% 45.2K 9m9s
  1100K .......... .......... .......... .......... .......... 11% 29.4K 8m55s
  1150K .......... .......... .......... .......... .......... 11% 28.3K 8m43s
  1200K .......... .......... .......... .......... .......... 12% 37.6K 8m29s
  1250K .......... .......... .......... .......... .......... 12% 8.70K 8m46s
  1300K .......... .......... .......... .......... .......... 13% 14.1K 8m46s
  1350K .......... .......... .......... .......... .......... 13% 21.5K 8m39s
  1400K .......... .......... .......... .......... .......... 14% 18.2K 8m35s
  1450K .......... .......... .......... .......... .......... 14% 27.8K 8m25s
  1500K .......... .......... .......... .......... .......... 15% 29.2K 8m16s
  1550K .......... .......... ..........                       15% 5.11K=95s

2017-02-06 20:57:52 (16.6 KB/s) - Read error at byte 1618864/10382969 (Connection timed out). Giving up.

