--2017-03-18 20:36:25--  http://ime.voicecloud.cn/
Resolving ime.voicecloud.cn... 36.7.172.114
Connecting to ime.voicecloud.cn|36.7.172.114|:80... connected.
HTTP request sent, awaiting response... 200 OK
Length: 15475 (15K) [text/html]
Saving to: `index.html'

     0K .......... .....                                      100% 50.5K=0.3s

2017-03-18 20:36:38 (50.5 KB/s) - `index.html' saved [15475/15475]

=======================The second times wget =====================
--2017-03-18 20:39:10--  http://www.xunfei.cn/a
Resolving www.xunfei.cn... 36.7.172.114
Connecting to www.xunfei.cn|36.7.172.114|:80... connected.
HTTP request sent, awaiting response... 302 Moved Temporarily
Location: http://download.voicecloud.cn/100IME/iFlyIME_v7.1.4744.apk [following]
--2017-03-18 20:39:10--  http://download.voicecloud.cn/100IME/iFlyIME_v7.1.4744.apk
Resolving download.voicecloud.cn... 218.76.94.182
Connecting to download.voicecloud.cn|218.76.94.182|:80... connected.
HTTP request sent, awaiting response... 200 OK
Length: 17892853 (17M) [application/vnd.android.package-archive]
Saving to: `iFlyIME_v7.1.4744.apk'

     0K .......... .......... .......... .......... ..........  0% 1.53M 11s
    50K .......... .......... .......... .......... ..........  0% 2.62M 9s
   100K .......... .......... .......... .......... ..........  0% 1.56M 9s
   150K .......... .......... .......... .......... ..........  1% 5.77M 8s
   200K .......... .......... .......... .......... ..........  1% 2.38M 8s
   250K .......... .......... .......... .......... ..........  1% 4.08M 7s
   300K .......... .......... .......... .......... ..........  2% 10.8M 6s
   350K .......... .......... .......... .......... ..........  2% 4.21M 6s
   400K .......... .......... .......... .......... ..........  2% 4.35M 6s
   450K .......... .......... .......... .......... ..........  2% 5.95M 5s
   500K .......... .......... .......... .......... ..........  3% 6.05M 5s
   550K .......... .......... .......... .......... ..........  3% 3.05M 5s
   600K .......... .......... .......... .......... ..........  3% 3.64M 5s
   650K .......... .......... .......... .......... ..........  4% 16.8M 5s
   700K .......... .......... .......... .......... ..........  4% 3.67M 5s
   750K .......... .......... .......... .......... ..........  4% 7.17M 5s
   800K .......... .......... .......... .......... ..........  4% 6.83M 4s
   850K .......... .......... .......... .......... ..........  5% 2.29M 5s
   900K .......... .......... .......... .......... ..........  5% 10.8M 4s
   950K .......... .......... .......... .......... ..........  5% 4.72M 4s
  1000K .......... .......... .......... .......... ..........  6% 10.9M 4s
  1050K .......... .......... .......... .......... ..........  6% 3.93M 4s
  1100K .......... .......... .......... .......... ..........  6% 16.7M 4s
  1150K .......... .......... .......... .......... ..........  6%  186M 4s
  1200K .......... .......... .......... .......... ..........  7% 2.97M 4s
  1250K .......... .......... .......... .......... ..........  7% 12.2M 4s
  1300K .......... .......... .......... .......... ..........  7% 4.06M 4s
  1350K .......... .......... .......... .......... ..........  8% 11.5M 4s
  1400K .......... .......... .......... .......... ..........  8% 5.86M 4s
  1450K .......... .......... .......... .......... ..........  8% 7.42M 4s
  1500K .......... .......... .......... .......... ..........  8% 4.02M 4s
  1550K .......... .......... .......... .......... ..........  9%  128M 3s
  1600K .......... .......... .......... .......... ..........  9% 3.87M 3s
  1650K .......... .......... .......... .......... ..........  9% 11.9M 3s
  1700K .......... .......... .......... .......... .......... 10% 15.2M 3s
  1750K .......... .......... .......... .......... .......... 10% 4.12M 3s
  1800K .......... .......... .......... .......... .......... 10% 12.8M 3s
  1850K .......... .......... .......... .......... .......... 10% 4.99M 3s
  1900K .......... .......... .......... .......... .......... 11% 4.78M 3s
  1950K .......... .......... .......... .......... .......... 11%  152M 3s
  2000K .......... .......... .......... .......... .......... 11% 3.13M 3s
  2050K .......... .......... .......... .......... .......... 12%  176M 3s
  2100K .......... .......... .......... .......... .......... 12%  135M 3s
  2150K .......... .......... .......... .......... .......... 12% 3.18M 3s
  2200K .......... .......... .......... .......... .......... 12% 11.1M 3s
  2250K .......... .......... .......... .......... .......... 13%  109M 3s
  2300K .......... .......... .......... .......... .......... 13% 3.18M 3s
  2350K .......... .......... .......... .......... .......... 13%  108M 3s
  2400K .......... .......... .......... .......... .......... 14% 4.08M 3s
  2450K .......... .......... .......... .......... .......... 14%  191M 3s
  2500K .......... .......... .......... .......... .......... 14%  182M 3s
  2550K .......... .......... .......... .......... .......... 14% 2.57M 3s
  2600K .......... .......... .......... .......... .......... 15%  184M 3s
  2650K .......... .......... .......... .......... .......... 15% 3.15M 3s
  2700K .......... .......... .......... .......... .......... 15%  174M 3s
  2750K .......... .......... .......... .......... .......... 16%  143M 3s
  2800K .......... .......... .......... .......... .......... 16% 2.40M 3s
  2850K .......... .......... .......... .......... .......... 16%  180M 3s
  2900K .......... .......... .......... .......... .......... 16% 3.10M 3s
  2950K .......... .......... .......... .......... .......... 17%  178M 3s
  3000K .......... .......... .......... .......... .......... 17%  199M 3s
  3050K .......... .......... .......... .......... .......... 17% 2.95M 3s
  3100K .......... .......... .......... .......... .......... 18% 15.4M 3s
  3150K .......... .......... .......... .......... .......... 18% 3.24M 3s
  3200K .......... .......... .......... .......... .......... 18%  182M 3s
  3250K .......... .......... .......... .......... .......... 18%  183M 2s
  3300K .......... .......... .......... .......... .......... 19% 3.11M 2s
  3350K .......... .......... .......... .......... .......... 19% 11.7M 2s
  3400K .......... .......... .......... .......... .......... 19%  180M 2s
  3450K .......... .......... .......... .......... .......... 20% 3.15M 2s
  3500K .......... .......... .......... .......... .......... 20% 11.7M 2s
  3550K .......... .......... .......... .......... .......... 20% 3.94M 2s
  3600K .......... .......... .......... .......... .......... 20%  191M 2s
  3650K .......... .......... .......... .......... .......... 21%  203M 2s
  3700K .......... .......... .......... .......... .......... 21% 2.62M 2s
  3750K .......... .......... .......... .......... .......... 21%  198M 2s
  3800K .......... .......... .......... .......... .......... 22% 2.47M 2s
  3850K .......... .......... .......... .......... .......... 22%  157M 2s
  3900K .......... .......... .......... .......... .......... 22%  195M 2s
  3950K .......... .......... .......... .......... .......... 22% 2.45M 2s
  4000K .......... .......... .......... .......... .......... 23%  126M 2s
  4050K .......... .......... .......... .......... .......... 23% 3.18M 2s
  4100K .......... .......... .......... .......... .......... 23% 11.3M 2s
  4150K .......... .......... .......... .......... .......... 24%  176M 2s
  4200K .......... .......... .......... .......... .......... 24% 2.45M 2s
  4250K .......... .......... .......... .......... .......... 24%  190M 2s
  4300K .......... .......... .......... .......... .......... 24% 15.4M 2s
  4350K .......... .......... .......... .......... .......... 25% 4.12M 2s
  4400K .......... .......... .......... .......... .......... 25%  184M 2s
  4450K .......... .......... .......... .......... .......... 25% 2.78M 2s
  4500K .......... .......... .......... .......... .......... 26%  193M 2s
  4550K .......... .......... .......... .......... .......... 26%  178M 2s
  4600K .......... .......... .......... .......... .......... 26% 2.49M 2s
  4650K .......... .......... .......... .......... .......... 26%  158M 2s
  4700K .......... .......... .......... .......... .......... 27% 3.45M 2s
  4750K .......... .......... .......... .......... .......... 27% 11.9M 2s
  4800K .......... .......... .......... .......... .......... 27%  190M 2s
  4850K .......... .......... .......... .......... .......... 28% 3.09M 2s
  4900K .......... .......... .......... .......... .......... 28%  193M 2s
  4950K .......... .......... .......... .......... .......... 28% 3.20M 2s
  5000K .......... .......... .......... .......... .......... 28%  144M 2s
  5050K .......... .......... .......... .......... .......... 29%  189M 2s
  5100K .......... .......... .......... .......... .......... 29% 2.31M 2s
  5150K .......... .......... .......... .......... .......... 29%  148M 2s
  5200K .......... .......... .......... .......... .......... 30% 3.36M 2s
  5250K .......... .......... .......... .......... .......... 30%  154M 2s
  5300K .......... .......... .......... .......... .......... 30%  195M 2s
  5350K .......... .......... .......... .......... .......... 30% 3.21M 2s
  5400K .......... .......... .......... .......... .......... 31%  179M 2s
  5450K .......... .......... .......... .......... .......... 31% 14.8M 2s
  5500K .......... .......... .......... .......... .......... 31% 4.07M 2s
  5550K .......... .......... .......... .......... .......... 32%  147M 2s
  5600K .......... .......... .......... .......... .......... 32% 2.48M 2s
  5650K .......... .......... .......... .......... .......... 32%  136M 2s
  5700K .......... .......... .......... .......... .......... 32%  138M 2s
  5750K .......... .......... .......... .......... .......... 33% 3.06M 2s
  5800K .......... .......... .......... .......... .......... 33%  194M 2s
  5850K .......... .......... .......... .......... .......... 33% 3.12M 2s
  5900K .......... .......... .......... .......... .......... 34%  179M 2s
  5950K .......... .......... .......... .......... .......... 34%  174M 2s
  6000K .......... .......... .......... .......... .......... 34% 2.46M 2s
  6050K .......... .......... .......... .......... .......... 34% 82.9M 2s
  6100K .......... .......... .......... .......... .......... 35% 3.03M 2s
  6150K .......... .......... .......... .......... .......... 35%  130M 2s
  6200K .......... .......... .......... .......... .......... 35%  166M 2s
  6250K .......... .......... .......... .......... .......... 36% 3.58M 2s
  6300K .......... .......... .......... .......... .......... 36% 13.3M 2s
  6350K .......... .......... .......... .......... .......... 36% 4.06M 2s
  6400K .......... .......... .......... .......... .......... 36%  173M 2s
  6450K .......... .......... .......... .......... .......... 37%  179M 2s
  6500K .......... .......... .......... .......... .......... 37% 2.38M 2s
  6550K .......... .......... .......... .......... .......... 37%  193M 2s
  6600K .......... .......... .......... .......... .......... 38%  182M 2s
  6650K .......... .......... .......... .......... .......... 38% 2.97M 2s
  6700K .......... .......... .......... .......... .......... 38%  186M 2s
  6750K .......... .......... .......... .......... .......... 38% 3.10M 2s
  6800K .......... .......... .......... .......... .......... 39%  191M 2s
  6850K .......... .......... .......... .......... .......... 39%  190M 2s
  6900K .......... .......... .......... .......... .......... 39% 3.12M 2s
  6950K .......... .......... .......... .......... .......... 40%  187M 2s
  7000K .......... .......... .......... .......... .......... 40% 4.53M 2s
  7050K .......... .......... .......... .......... .......... 40% 11.1M 2s
  7100K .......... .......... .......... .......... .......... 40%  181M 2s
  7150K .......... .......... .......... .......... .......... 41% 2.67M 2s
  7200K .......... .......... .......... .......... .......... 41% 10.1M 2s
  7250K .......... .......... .......... .......... .......... 41% 4.46M 2s
  7300K .......... .......... .......... .......... .......... 42% 11.9M 2s
  7350K .......... .......... .......... .......... .......... 42%  190M 2s
  7400K .......... .......... .......... .......... .......... 42% 2.46M 2s
  7450K .......... .......... .......... .......... .......... 42%  188M 2s
  7500K .......... .......... .......... .......... .......... 43%  190M 2s
  7550K .......... .......... .......... .......... .......... 43% 2.50M 2s
  7600K .......... .......... .......... .......... .......... 43%  184M 2s
  7650K .......... .......... .......... .......... .......... 44% 2.99M 2s
  7700K .......... .......... .......... .......... .......... 44%  189M 2s
  7750K .......... .......... .......... .......... .......... 44% 17.1M 1s
  7800K .......... .......... .......... .......... .......... 44% 3.96M 1s
  7850K .......... .......... .......... .......... .......... 45%  136M 1s
  7900K .......... .......... .......... .......... .......... 45% 3.16M 1s
  7950K .......... .......... .......... .......... .......... 45%  106M 1s
  8000K .......... .......... .......... .......... .......... 46%  195M 1s
  8050K .......... .......... .......... .......... .......... 46% 2.28M 1s
  8100K .......... .......... .......... .......... .......... 46%  175M 1s
  8150K .......... .......... .......... .......... .......... 46% 3.39M 1s
  8200K .......... .......... .......... .......... .......... 47%  182M 1s
  8250K .......... .......... .......... .......... .......... 47%  191M 1s
  8300K .......... .......... .......... .......... .......... 47% 3.12M 1s
  8350K .......... .......... .......... .......... .......... 48%  142M 1s
  8400K .......... .......... .......... .......... .......... 48% 2.59M 1s
  8450K .......... .......... .......... .......... .......... 48%  172M 1s
  8500K .......... .......... .......... .......... .......... 48%  190M 1s
  8550K .......... .......... .......... .......... .......... 49% 2.82M 1s
  8600K .......... .......... .......... .......... .......... 49%  180M 1s
  8650K .......... .......... .......... .......... .......... 49%  187M 1s
  8700K .......... .......... .......... .......... .......... 50% 3.48M 1s
  8750K .......... .......... .......... .......... .......... 50%  144M 1s
  8800K .......... .......... .......... .......... .......... 50% 2.87M 1s
  8850K .......... .......... .......... .......... .......... 50% 11.8M 1s
  8900K .......... .......... .......... .......... .......... 51%  189M 1s
  8950K .......... .......... .......... .......... .......... 51% 2.27M 1s
  9000K .......... .......... .......... .......... .......... 51%  152M 1s
  9050K .......... .......... .......... .......... .......... 52% 3.08M 1s
  9100K .......... .......... .......... .......... .......... 52%  161M 1s
  9150K .......... .......... .......... .......... .......... 52%  149M 1s
  9200K .......... .......... .......... .......... .......... 52% 3.15M 1s
  9250K .......... .......... .......... .......... .......... 53%  191M 1s
  9300K .......... .......... .......... .......... .......... 53% 3.08M 1s
  9350K .......... .......... .......... .......... .......... 53%  178M 1s
  9400K .......... .......... .......... .......... .......... 54% 14.8M 1s
  9450K .......... .......... .......... .......... .......... 54% 3.97M 1s
  9500K .......... .......... .......... .......... .......... 54%  171M 1s
  9550K .......... .......... .......... .......... .......... 54% 2.40M 1s
  9600K .......... .......... .......... .......... .......... 55%  176M 1s
  9650K .......... .......... .......... .......... .......... 55%  193M 1s
  9700K .......... .......... .......... .......... .......... 55% 3.33M 1s
  9750K .......... .......... .......... .......... .......... 56% 12.3M 1s
  9800K .......... .......... .......... .......... .......... 56%  189M 1s
  9850K .......... .......... .......... .......... .......... 56% 3.04M 1s
  9900K .......... .......... .......... .......... .......... 56%  194M 1s
  9950K .......... .......... .......... .......... .......... 57% 4.18M 1s
 10000K .......... .......... .......... .......... .......... 57%  193M 1s
 10050K .......... .......... .......... .......... .......... 57%  191M 1s
 10100K .......... .......... .......... .......... .......... 58% 2.34M 1s
 10150K .......... .......... .......... .......... .......... 58%  189M 1s
 10200K .......... .......... .......... .......... .......... 58% 3.04M 1s
 10250K .......... .......... .......... .......... .......... 58%  176M 1s
 10300K .......... .......... .......... .......... .......... 59%  180M 1s
 10350K .......... .......... .......... .......... .......... 59% 2.64M 1s
 10400K .......... .......... .......... .......... .......... 59%  196M 1s
 10450K .......... .......... .......... .......... .......... 60% 2.93M 1s
 10500K .......... .......... .......... .......... .......... 60%  163M 1s
 10550K .......... .......... .......... .......... .......... 60%  193M 1s
 10600K .......... .......... .......... .......... .......... 60% 2.69M 1s
 10650K .......... .......... .......... .......... .......... 61%  196M 1s
 10700K .......... .......... .......... .......... .......... 61%  185M 1s
 10750K .......... .......... .......... .......... .......... 61% 2.41M 1s
 10800K .......... .......... .......... .......... .......... 62%  190M 1s
 10850K .......... .......... .......... .......... .......... 62% 2.57M 1s
 10900K .......... .......... .......... .......... .......... 62%  167M 1s
 10950K .......... .......... .......... .......... .......... 62%  141M 1s
 11000K .......... .......... .......... .......... .......... 63% 3.11M 1s
 11050K .......... .......... .......... .......... .......... 63%  193M 1s
 11100K .......... .......... .......... .......... .......... 63% 2.92M 1s
 11150K .......... .......... .......... .......... .......... 64%  144M 1s
 11200K .......... .......... .......... .......... .......... 64%  197M 1s
 11250K .......... .......... .......... .......... .......... 64% 3.17M 1s
 11300K .......... .......... .......... .......... .......... 64%  195M 1s
 11350K .......... .......... .......... .......... .......... 65% 3.50M 1s
 11400K .......... .......... .......... .......... .......... 65%  180M 1s
 11450K .......... .......... .......... .......... .......... 65%  198M 1s
 11500K .......... .......... .......... .......... .......... 66% 4.25M 1s
 11550K .......... .......... .......... .......... .......... 66%  148M 1s
 11600K .......... .......... .......... .......... .......... 66% 3.10M 1s
 11650K .......... .......... .......... .......... .......... 66%  119M 1s
 11700K .......... .......... .......... .......... .......... 67%  126M 1s
 11750K .......... .......... .......... .......... .......... 67% 3.26M 1s
 11800K .......... .......... .......... .......... .......... 67% 10.3M 1s
 11850K .......... .......... .......... .......... .......... 68%  195M 1s
 11900K .......... .......... .......... .......... .......... 68% 2.60M 1s
 11950K .......... .......... .......... .......... .......... 68%  105M 1s
 12000K .......... .......... .......... .......... .......... 68% 3.86M 1s
 12050K .......... .......... .......... .......... .......... 69% 16.1M 1s
 12100K .......... .......... .......... .......... .......... 69%  186M 1s
 12150K .......... .......... .......... .......... .......... 69% 4.04M 1s
 12200K .......... .......... .......... .......... .......... 70%  193M 1s
 12250K .......... .......... .......... .......... .......... 70% 3.14M 1s
 12300K .......... .......... .......... .......... .......... 70% 12.1M 1s
 12350K .......... .......... .......... .......... .......... 70%  167M 1s
 12400K .......... .......... .......... .......... .......... 71% 2.86M 1s
 12450K .......... .......... .......... .......... .......... 71%  177M 1s
 12500K .......... .......... .......... .......... .......... 71% 2.41M 1s
 12550K .......... .......... .......... .......... .......... 72%  167M 1s
 12600K .......... .......... .......... .......... .......... 72%  185M 1s
 12650K .......... .......... .......... .......... .......... 72% 3.20M 1s
 12700K .......... .......... .......... .......... .......... 72%  186M 1s
 12750K .......... .......... .......... .......... .......... 73% 3.08M 1s
 12800K .......... .......... .......... .......... .......... 73%  151M 1s
 12850K .......... .......... .......... .......... .......... 73%  191M 1s
 12900K .......... .......... .......... .......... .......... 74% 2.77M 1s
 12950K .......... .......... .......... .......... .......... 74%  174M 1s
 13000K .......... .......... .......... .......... .......... 74%  174M 1s
 13050K .......... .......... .......... .......... .......... 74% 2.47M 1s
 13100K .......... .......... .......... .......... .......... 75%  163M 1s
 13150K .......... .......... .......... .......... .......... 75% 3.08M 1s
 13200K .......... .......... .......... .......... .......... 75%  156M 1s
 13250K .......... .......... .......... .......... .......... 76%  117M 1s
 13300K .......... .......... .......... .......... .......... 76% 3.14M 1s
 13350K .......... .......... .......... .......... .......... 76%  189M 1s
 13400K .......... .......... .......... .......... .......... 76% 2.56M 1s
 13450K .......... .......... .......... .......... .......... 77%  172M 1s
 13500K .......... .......... .......... .......... .......... 77%  178M 1s
 13550K .......... .......... .......... .......... .......... 77% 2.97M 1s
 13600K .......... .......... .......... .......... .......... 78% 18.6M 1s
 13650K .......... .......... .......... .......... .......... 78% 3.54M 1s
 13700K .......... .......... .......... .......... .......... 78% 54.9M 1s
 13750K .......... .......... .......... .......... .......... 78% 54.2M 1s
 13800K .......... .......... .......... .......... .......... 79% 5.35M 1s
 13850K .......... .......... .......... .......... .......... 79% 95.6M 1s
 13900K .......... .......... .......... .......... .......... 79%  108M 1s
 13950K .......... .......... .......... .......... .......... 80% 4.11M 1s
 14000K .......... .......... .......... .......... .......... 80%  110M 0s
 14050K .......... .......... .......... .......... .......... 80% 4.18M 0s
 14100K .......... .......... .......... .......... .......... 80% 41.7M 0s
 14150K .......... .......... .......... .......... .......... 81% 42.3M 0s
 14200K .......... .......... .......... .......... .......... 81% 4.36M 0s
 14250K .......... .......... .......... .......... .......... 81% 51.5M 0s
 14300K .......... .......... .......... .......... .......... 82% 3.53M 0s
 14350K .......... .......... .......... .......... .......... 82% 61.7M 0s
 14400K .......... .......... .......... .......... .......... 82% 87.0M 0s
 14450K .......... .......... .......... .......... .......... 82% 4.72M 0s
 14500K .......... .......... .......... .......... .......... 83% 91.4M 0s
 14550K .......... .......... .......... .......... .......... 83% 4.53M 0s
 14600K .......... .......... .......... .......... .......... 83% 96.5M 0s
 14650K .......... .......... .......... .......... .......... 84% 72.7M 0s
 14700K .......... .......... .......... .......... .......... 84% 4.40M 0s
 14750K .......... .......... .......... .......... .......... 84% 96.7M 0s
 14800K .......... .......... .......... .......... .......... 84% 3.67M 0s
 14850K .......... .......... .......... .......... .......... 85% 41.5M 0s
 14900K .......... .......... .......... .......... .......... 85% 38.7M 0s
 14950K .......... .......... .......... .......... .......... 85% 3.72M 0s
 15000K .......... .......... .......... .......... .......... 86% 31.9M 0s
 15050K .......... .......... .......... .......... .......... 86% 57.8M 0s
 15100K .......... .......... .......... .......... .......... 86% 4.72M 0s
 15150K .......... .......... .......... .......... .......... 86%  120M 0s
 15200K .......... .......... .......... .......... .......... 87% 4.23M 0s
 15250K .......... .......... .......... .......... .......... 87% 79.5M 0s
 15300K .......... .......... .......... .......... .......... 87%  108M 0s
 15350K .......... .......... .......... .......... .......... 88% 3.77M 0s
 15400K .......... .......... .......... .......... .......... 88% 61.7M 0s
 15450K .......... .......... .......... .......... .......... 88% 4.27M 0s
 15500K .......... .......... .......... .......... .......... 88% 98.8M 0s
 15550K .......... .......... .......... .......... .......... 89% 95.2M 0s
 15600K .......... .......... .......... .......... .......... 89% 4.56M 0s
 15650K .......... .......... .......... .......... .......... 89%  156M 0s
 15700K .......... .......... .......... .......... .......... 90% 3.62M 0s
 15750K .......... .......... .......... .......... .......... 90% 93.0M 0s
 15800K .......... .......... .......... .......... .......... 90% 94.4M 0s
 15850K .......... .......... .......... .......... .......... 90% 3.63M 0s
 15900K .......... .......... .......... .......... .......... 91%  112M 0s
 15950K .......... .......... .......... .......... .......... 91% 4.75M 0s
 16000K .......... .......... .......... .......... .......... 91% 91.3M 0s
 16050K .......... .......... .......... .......... .......... 92%  142M 0s
 16100K .......... .......... .......... .......... .......... 92% 4.34M 0s
 16150K .......... .......... .......... .......... .......... 92%  132M 0s
 16200K .......... .......... .......... .......... .......... 92%  102M 0s
 16250K .......... .......... .......... .......... .......... 93% 4.92M 0s
 16300K .......... .......... .......... .......... .......... 93%  121M 0s
 16350K .......... .......... .......... .......... .......... 93% 4.62M 0s
 16400K .......... .......... .......... .......... .......... 94%  104M 0s
 16450K .......... .......... .......... .......... .......... 94%  114M 0s
 16500K .......... .......... .......... .......... .......... 94% 4.75M 0s
 16550K .......... .......... .......... .......... .......... 95%  130M 0s
 16600K .......... .......... .......... .......... .......... 95% 4.42M 0s
 16650K .......... .......... .......... .......... .......... 95% 59.5M 0s
 16700K .......... .......... .......... .......... .......... 95% 82.1M 0s
 16750K .......... .......... .......... .......... .......... 96% 4.01M 0s
 16800K .......... .......... .......... .......... .......... 96% 94.1M 0s
 16850K .......... .......... .......... .......... .......... 96% 4.44M 0s
 16900K .......... .......... .......... .......... .......... 97% 82.3M 0s
 16950K .......... .......... .......... .......... .......... 97%  104M 0s
 17000K .......... .......... .......... .......... .......... 97% 4.99M 0s
 17050K .......... .......... .......... .......... .......... 97% 93.4M 0s
 17100K .......... .......... .......... .......... .......... 98%  105M 0s
 17150K .......... .......... .......... .......... .......... 98% 4.14M 0s
 17200K .......... .......... .......... .......... .......... 98%  115M 0s
 17250K .......... .......... .......... .......... .......... 99% 3.40M 0s
 17300K .......... .......... .......... .......... .......... 99% 52.6M 0s
 17350K .......... .......... .......... .......... .......... 99% 94.6M 0s
 17400K .......... .......... .......... .......... .......... 99% 3.75M 0s
 17450K .......... .......... ...                             100% 40.6M=2.4s

2017-03-18 20:39:12 (7.17 MB/s) - `iFlyIME_v7.1.4744.apk' saved [17892853/17892853]

