--2017-03-08 18:08:53--  http://t.cn/RipthiX
Resolving t.cn... 180.149.135.224
Connecting to t.cn|180.149.135.224|:80... connected.
HTTP request sent, awaiting response... 302 Found
Location: http://vip.long118.vip/zh [following]
--2017-03-08 18:08:55--  http://vip.long118.vip/zh
Resolving vip.long118.vip... 52.220.246.123
Connecting to vip.long118.vip|52.220.246.123|:80... connected.
HTTP request sent, awaiting response... 200 OK
Length: unspecified [text/html]
Saving to: `zh'

     0K .......... .......... .......... .......... .......... 78.7K
    50K                                                        1.52M=0.6s

2017-03-08 18:08:57 (79.9 KB/s) - `zh' saved [51998]

=======================The second times wget =====================
--2017-03-08 18:08:58--  http://118long.pro/longbao.apk
Resolving 118long.pro... 220.158.132.155
Connecting to 118long.pro|220.158.132.155|:80... connected.
HTTP request sent, awaiting response... 200 OK
Length: 5432936 (5.2M) [application/vnd.android.package-archive]
Saving to: `longbao.apk'

     0K .......... .......... .......... .......... ..........  0% 61.5K 86s
    50K .......... .......... .......... .......... ..........  1% 61.2K 85s
   100K .......... .......... .......... .......... ..........  2% 29.0K 1m55s
   150K .......... .......... .......... .......... ..........  3%  122K 96s
   200K .......... .......... .......... .......... ..........  4%  123K 84s
   250K .......... .......... .......... .......... ..........  5%  123K 76s
   300K .......... .......... .......... .......... ..........  6% 96.7M 65s
   350K .......... .......... .......... .......... ..........  7% 57.9K 67s
   400K .......... .......... .......... .......... ..........  8%  125M 59s
   450K .......... .......... .......... .......... ..........  9%  122K 56s
   500K .......... .......... .......... .......... .......... 10%  122K 54s
   550K .......... .......... .......... .......... .......... 11% 61.3K 55s
   600K .......... .......... .......... .......... .......... 12%  124M 51s
   650K .......... .......... .......... .......... .......... 13% 61.3K 52s
   700K .......... .......... .......... .......... .......... 14%  123K 50s
   750K .......... .......... .......... .......... .......... 15% 61.4K 51s
   800K .......... .......... .......... .......... .......... 16% 41.1K 54s
   850K .......... .......... .......... .......... .......... 16% 30.8K 58s
   900K .......... .......... .......... .......... .......... 17% 61.6K 59s
   950K .......... .......... .......... .......... .......... 18% 31.4K 62s
  1000K .......... .......... .......... .......... .......... 19% 18.3K 69s
  1050K .......... .......... ....                             20% 29.9K=18s

2017-03-08 18:09:38 (60.0 KB/s) - Read error at byte 1100212/5432936 (Connection timed out). Giving up.

