--2017-01-01 12:31:07--  http://zhushou.360.cn/detail/index/soft_id/70406
Resolving zhushou.360.cn... 101.199.103.203
Connecting to zhushou.360.cn|101.199.103.203|:80... connected.
HTTP request sent, awaiting response... 200 OK
Length: unspecified [text/html]
Saving to: `70406'

     0K .......... .......... ..........                        420K=0.07s

2017-01-01 12:31:07 (420 KB/s) - `70406' saved [30734]

=======================The second times wget =====================
--2017-01-01 12:31:07--  http://shouji.360tpcdn.com/360sj/tpi/20130426/lingwb.cashwb.news_1.apk
Resolving shouji.360tpcdn.com... 175.6.229.13, 175.6.229.76
Connecting to shouji.360tpcdn.com|175.6.229.13|:80... connected.
HTTP request sent, awaiting response... 200 OK
Length: 1128902 (1.1M) [application/vnd.android.package-archive]
Saving to: `lingwb.cashwb.news_1.apk'

     0K .......... .......... .......... .......... ..........  4%  868K 1s
    50K .......... .......... .......... .......... ..........  9% 1.27M 1s
   100K .......... .......... .......... .......... .......... 13% 2.02M 1s
   150K .......... .......... .......... .......... .......... 18% 4.03M 1s
   200K .......... .......... .......... .......... .......... 22% 2.52M 1s
   250K .......... .......... .......... .......... .......... 27% 5.54M 0s
   300K .......... .......... .......... .......... .......... 31% 6.88M 0s
   350K .......... .......... .......... .......... .......... 36% 3.94M 0s
   400K .......... .......... .......... .......... .......... 40% 6.17M 0s
   450K .......... .......... .......... .......... .......... 45% 12.0M 0s
   500K .......... .......... .......... .......... .......... 49% 3.04M 0s
   550K .......... .......... .......... .......... .......... 54% 4.16M 0s
   600K .......... .......... .......... .......... .......... 58%  152M 0s
   650K .......... .......... .......... .......... .......... 63% 3.92M 0s
   700K .......... .......... .......... .......... .......... 68% 12.5M 0s
   750K .......... .......... .......... .......... .......... 72% 9.07M 0s
   800K .......... .......... .......... .......... .......... 77% 4.14M 0s
   850K .......... .......... .......... .......... .......... 81%  190M 0s
   900K .......... .......... .......... .......... .......... 86% 6.31M 0s
   950K .......... .......... .......... .......... .......... 90% 11.6M 0s
  1000K .......... .......... .......... .......... .......... 95% 11.9M 0s
  1050K .......... .......... .......... .......... .......... 99% 13.3M 0s
  1100K ..                                                    100% 4.77M=0.3s

2017-01-01 12:31:08 (3.94 MB/s) - `lingwb.cashwb.news_1.apk' saved [1128902/1128902]

