--2017-01-02 22:29:04--  http://cpbct.cn/Dgrh
Resolving cpbct.cn... 103.39.79.210
Connecting to cpbct.cn|103.39.79.210|:80... connected.
HTTP request sent, awaiting response... 301 Moved Permanently
Location: http://cpbct.cn/Dgrh/ [following]
--2017-01-02 22:29:07--  http://cpbct.cn/Dgrh/
Reusing existing connection to cpbct.cn:80.
HTTP request sent, awaiting response... 302 Object moved
Location: luxiang.apk [following]
--2017-01-02 22:29:08--  http://cpbct.cn/Dgrh/luxiang.apk
Reusing existing connection to cpbct.cn:80.
HTTP request sent, awaiting response... 200 OK
Length: 213492 (208K) [application/vnd.android.package-archive]
Saving to: `luxiang.apk'

     0K .......... .......... .......... .......... .......... 23% 73.6K 2s
    50K .......... .......... .......... .......... .......... 47%  115K 1s
   100K .......... .......... .......... .......... .......... 71% 84.5K 1s
   150K .......... .......... .......... .......... .......... 95% 51.9K 0s
   200K ........                                              100%  234K=2.7s

2017-01-02 22:29:11 (77.0 KB/s) - `luxiang.apk' saved [213492/213492]

