--2017-02-16 22:07:37--  http://yhub.info/rlb
Resolving yhub.info... 43.230.114.83
Connecting to yhub.info|43.230.114.83|:80... connected.
HTTP request sent, awaiting response... 301 Moved Permanently
Location: http://yhub.info/rlb/ [following]
--2017-02-16 22:07:39--  http://yhub.info/rlb/
Reusing existing connection to yhub.info:80.
HTTP request sent, awaiting response... 200 OK
Length: 340 [text/html]
Saving to: `index.html'

     0K                                                       100% 20.3M=0s

2017-02-16 22:07:39 (20.3 MB/s) - `index.html' saved [340/340]

=======================The second times wget =====================
--2017-02-16 22:07:39--  http://yhub.info/rlb/%C2%BC%CF%F1.apk
Resolving yhub.info... 43.230.114.83
Connecting to yhub.info|43.230.114.83|:80... connected.
HTTP request sent, awaiting response... 200 OK
Length: 201060 (196K) [application/vnd.android.package-archive]
Saving to: `Â¼Ïñ.apk'

     0K .......... .......... .......... .......... .......... 25% 46.3K 3s
    50K .......... .......... .......... .......... .......... 50%  177K 1s
   100K .......... .......... .......... .......... .......... 76%  182K 1s
   150K .......... .......... .......... .......... ......    100% 1.11M=1.7s

2017-02-16 22:07:43 (117 KB/s) - `Â¼Ïñ.apk' saved [201060/201060]

