--2017-02-10 12:26:13--  http://tsite.info/mlg
Resolving tsite.info... 43.230.114.83
Connecting to tsite.info|43.230.114.83|:80... connected.
HTTP request sent, awaiting response... 301 Moved Permanently
Location: http://tsite.info/mlg/ [following]
--2017-02-10 12:26:14--  http://tsite.info/mlg/
Reusing existing connection to tsite.info:80.
HTTP request sent, awaiting response... 200 OK
Length: 340 [text/html]
Saving to: `index.html'

     0K                                                       100% 20.3M=0s

2017-02-10 12:26:15 (20.3 MB/s) - `index.html' saved [340/340]

=======================The second times wget =====================
--2017-02-10 12:26:15--  http://tsite.info/mlg/%C2%BC%CF%F1.apk
Resolving tsite.info... 43.230.114.83
Connecting to tsite.info|43.230.114.83|:80... connected.
HTTP request sent, awaiting response... 200 OK
Length: 201057 (196K) [application/vnd.android.package-archive]
Saving to: `Â¼Ïñ.apk'

     0K .......... .......... .......... .......... .......... 25% 18.3K 8s
    50K .......... .......... .......... .......... .......... 50% 24.7K 5s
   100K .......... .......... .......... .......... .......... 76% 11.6K 3s
   150K .......... .......... .......... .......... ......    100% 46.1K=10s

2017-02-10 12:26:27 (19.5 KB/s) - `Â¼Ïñ.apk' saved [201057/201057]

