--2017-03-01 21:05:48--  http://91zhiwang.com/p1
Resolving 91zhiwang.com... 101.254.100.55
Connecting to 91zhiwang.com|101.254.100.55|:80... connected.
HTTP request sent, awaiting response... 302 Found
Location: /back_to_app?callback=home [following]
--2017-03-01 21:05:48--  http://91zhiwang.com/back_to_app?callback=home
Reusing existing connection to 91zhiwang.com:80.
HTTP request sent, awaiting response... 302 Found
Location: / [following]
--2017-03-01 21:05:48--  http://91zhiwang.com/
Reusing existing connection to 91zhiwang.com:80.
HTTP request sent, awaiting response... 200 OK
Length: unspecified [text/html]
Saving to: `index.html'

     0K .......... .......... .........                         338K=0.09s

2017-03-01 21:05:49 (338 KB/s) - `index.html' saved [30379]

=======================The second times wget =====================
--2017-03-01 21:05:50--  http://www.91zhiwang.com/dl/zhiwang_creditease.apk
Resolving www.91zhiwang.com... 117.122.213.138
Connecting to www.91zhiwang.com|117.122.213.138|:80... connected.
HTTP request sent, awaiting response... 200 OK
Length: 5762734 (5.5M) [application/vnd.android.package-archive]
Saving to: `zhiwang_creditease.apk'

     0K .......... .......... .......... .......... ..........  0%  501K 11s
    50K .......... .......... .......... .......... ..........  1%  782K 9s
   100K .......... .......... .......... .......... ..........  2%  447K 10s
   150K .......... .......... .......... .......... ..........  3%  329K 12s
   200K .......... .......... .......... .......... ..........  4%  431K 12s
   250K .......... .......... .......... .......... ..........  5%  501K 11s
   300K .......... .......... .......... .......... ..........  6%  460K 11s
   350K .......... .......... .......... .......... ..........  7%  524K 11s
   400K .......... .......... .......... .......... ..........  7%  479K 11s
   450K .......... .......... .......... .......... ..........  8%  522K 11s
   500K .......... .......... .......... .......... ..........  9%  739K 10s
   550K .......... .......... .......... .......... .......... 10%  463K 10s
   600K .......... .......... .......... .......... .......... 11%  781K 10s
   650K .......... .......... .......... .......... .......... 12%  459K 10s
   700K .......... .......... .......... .......... .......... 13%  724K 10s
   750K .......... .......... .......... .......... .......... 14%  758K 9s
   800K .......... .......... .......... .......... .......... 15%  734K 9s
   850K .......... .......... .......... .......... .......... 15%  480K 9s
   900K .......... .......... .......... .......... .......... 16%  694K 9s
   950K .......... .......... .......... .......... .......... 17%  785K 9s
  1000K .......... .......... .......... .......... .......... 18%  692K 8s
  1050K .......... .......... .......... .......... .......... 19%  725K 8s
  1100K .......... .......... .......... .......... .......... 20%  796K 8s
  1150K .......... .......... .......... .......... .......... 21%  689K 8s
  1200K .......... .......... .......... .......... .......... 22%  697K 8s
  1250K .......... .......... .......... .......... .......... 23%  688K 8s
  1300K .......... .......... .......... .......... .......... 23%  698K 7s
  1350K .......... .......... .......... .......... .......... 24% 1.37M 7s
  1400K .......... .......... .......... .......... .......... 25%  662K 7s
  1450K .......... .......... .......... .......... .......... 26%  728K 7s
  1500K .......... .......... .......... .......... .......... 27%  662K 7s
  1550K .......... .......... .......... .......... .......... 28%  692K 7s
  1600K .......... .......... .......... .......... .......... 29%  698K 7s
  1650K .......... .......... .......... .......... .......... 30% 1.32M 6s
  1700K .......... .......... .......... .......... .......... 31%  698K 6s
  1750K .......... .......... .......... .......... .......... 31%  699K 6s
  1800K .......... .......... .......... .......... .......... 32%  695K 6s
  1850K .......... .......... .......... .......... .......... 33% 1.35M 6s
  1900K .......... .......... .......... .......... .......... 34%  659K 6s
  1950K .......... .......... .......... .......... .......... 35%  689K 6s
  2000K .......... .......... .......... .......... .......... 36% 1.37M 6s
  2050K .......... .......... .......... .......... .......... 37%  733K 5s
  2100K .......... .......... .......... .......... .......... 38%  697K 5s
  2150K .......... .......... .......... .......... .......... 39% 1.36M 5s
  2200K .......... .......... .......... .......... .......... 39%  685K 5s
  2250K .......... .......... .......... .......... .......... 40% 1.13M 5s
  2300K .......... .......... .......... .......... .......... 41%  785K 5s
  2350K .......... .......... .......... .......... .......... 42%  736K 5s
  2400K .......... .......... .......... .......... .......... 43%  567K 5s
  2450K .......... .......... .......... .......... .......... 44% 1.02M 5s
  2500K .......... .......... .......... .......... .......... 45%  447K 5s
  2550K .......... .......... .......... .......... .......... 46%  756K 5s
  2600K .......... .......... .......... .......... .......... 47%  577K 5s
  2650K .......... .......... .......... .......... .......... 47%  904K 4s
  2700K .......... .......... .......... .......... .......... 48%  499K 4s
  2750K .......... .......... .......... .......... .......... 49%  771K 4s
  2800K .......... .......... .......... .......... .......... 50%  794K 4s
  2850K .......... .......... .......... .......... .......... 51%  480K 4s
  2900K .......... .......... .......... .......... .......... 52% 1.02M 4s
  2950K .......... .......... .......... .......... .......... 53%  774K 4s
  3000K .......... .......... .......... .......... .......... 54%  839K 4s
  3050K .......... .......... .......... .......... .......... 55%  836K 4s
  3100K .......... .......... .......... .......... .......... 55%  957K 4s
  3150K .......... .......... .......... .......... .......... 56% 1.12M 4s
  3200K .......... .......... .......... .......... .......... 57%  685K 4s
  3250K .......... .......... .......... .......... .......... 58% 1.37M 3s
  3300K .......... .......... .......... .......... .......... 59% 1.03M 3s
  3350K .......... .......... .......... .......... .......... 60%  624K 3s
  3400K .......... .......... .......... .......... .......... 61%  931K 3s
  3450K .......... .......... .......... .......... .......... 62% 1.04M 3s
  3500K .......... .......... .......... .......... .......... 63%  841K 3s
  3550K .......... .......... .......... .......... .......... 63% 1.10M 3s
  3600K .......... .......... .......... .......... .......... 64% 1.12M 3s
  3650K .......... .......... .......... .......... .......... 65% 1.11M 3s
  3700K .......... .......... .......... .......... .......... 66%  779K 3s
  3750K .......... .......... .......... .......... .......... 67% 1.11M 3s
  3800K .......... .......... .......... .......... .......... 68% 1.11M 3s
  3850K .......... .......... .......... .......... .......... 69%  720K 2s
  3900K .......... .......... .......... .......... .......... 70%  912K 2s
  3950K .......... .......... .......... .......... .......... 71% 1.03M 2s
  4000K .......... .......... .......... .......... .......... 71%  958K 2s
  4050K .......... .......... .......... .......... .......... 72%  782K 2s
  4100K .......... .......... .......... .......... .......... 73% 1.19M 2s
  4150K .......... .......... .......... .......... .......... 74%  836K 2s
  4200K .......... .......... .......... .......... .......... 75%  900K 2s
  4250K .......... .......... .......... .......... .......... 76% 1.12M 2s
  4300K .......... .......... .......... .......... .......... 77%  887K 2s
  4350K .......... .......... .......... .......... .......... 78% 1.00M 2s
  4400K .......... .......... .......... .......... .......... 79% 1.13M 2s
  4450K .......... .......... .......... .......... .......... 79%  693K 2s
  4500K .......... .......... .......... .......... .......... 80%  962K 1s
  4550K .......... .......... .......... .......... .......... 81% 1.35M 1s
  4600K .......... .......... .......... .......... .......... 82% 1.11M 1s
  4650K .......... .......... .......... .......... .......... 83% 1.35M 1s
  4700K .......... .......... .......... .......... .......... 84%  833K 1s
  4750K .......... .......... .......... .......... .......... 85% 1.35M 1s
  4800K .......... .......... .......... .......... .......... 86% 1.23M 1s
  4850K .......... .......... .......... .......... .......... 87% 1.53M 1s
  4900K .......... .......... .......... .......... .......... 87% 1.29M 1s
  4950K .......... .......... .......... .......... .......... 88% 1.52M 1s
  5000K .......... .......... .......... .......... .......... 89%  933K 1s
  5050K .......... .......... .......... .......... .......... 90% 1.54M 1s
  5100K .......... .......... .......... .......... .......... 91% 1.06M 1s
  5150K .......... .......... .......... .......... .......... 92% 1.52M 1s
  5200K .......... .......... .......... .......... .......... 93% 1.57M 0s
  5250K .......... .......... .......... .......... .......... 94% 1.38M 0s
  5300K .......... .......... .......... .......... .......... 95% 1.35M 0s
  5350K .......... .......... .......... .......... .......... 95% 1.02M 0s
  5400K .......... .......... .......... .......... .......... 96% 1.22M 0s
  5450K .......... .......... .......... .......... .......... 97% 1.22M 0s
  5500K .......... .......... .......... .......... .......... 98% 1.22M 0s
  5550K .......... .......... .......... .......... .......... 99%  961K 0s
  5600K .......... .......... .......                         100% 1.36M=7.0s

2017-03-01 21:06:00 (799 KB/s) - `zhiwang_creditease.apk' saved [5762734/5762734]

