--2017-01-22 20:12:37--  http://hmwmc.cn/ty
Resolving hmwmc.cn... 103.56.114.101
Connecting to hmwmc.cn|103.56.114.101|:80... connected.
HTTP request sent, awaiting response... 301 Moved Permanently
Location: http://hmwmc.cn/ty/ [following]
--2017-01-22 20:12:37--  http://hmwmc.cn/ty/
Reusing existing connection to hmwmc.cn:80.
HTTP request sent, awaiting response... 200 OK
Length: 247 [text/html]
Saving to: `index.html'

     0K                                                       100% 12.4M=0s

2017-01-22 20:12:38 (12.4 MB/s) - `index.html' saved [247/247]

=======================The second times wget =====================
--2017-01-22 20:12:38--  http://hmwmc.cn/ty/%CF%E0%B2%E17.apk
Resolving hmwmc.cn... 103.56.114.101
Connecting to hmwmc.cn|103.56.114.101|:80... connected.
HTTP request sent, awaiting response... 200 OK
Length: 209272 (204K) [application/vnd.android.package-archive]
Saving to: `ПаІб7.apk'

     0K .......... .......... .......... .......... .......... 24%  125K 1s
    50K .......... .......... .......... .......... .......... 48%  128K 1s
   100K .......... .......... .......... .......... .......... 73%  118K 0s
   150K .......... .......... .......... .......... .......... 97%  129K 0s
   200K ....                                                  100%  141K=1.6s

2017-01-22 20:12:40 (125 KB/s) - `ПаІб7.apk' saved [209272/209272]

