--2017-02-08 11:28:12--  http://zqcy.hnadc.com/
Resolving zqcy.hnadc.com... 218.205.115.206, 183.131.26.202, 124.160.112.198
Connecting to zqcy.hnadc.com|218.205.115.206|:80... connected.
HTTP request sent, awaiting response... 200 OK
Length: 7181 (7.0K) [text/html]
Saving to: `index.html'

     0K .......                                               100%  196K=0.04s

2017-02-08 11:28:12 (196 KB/s) - `index.html' saved [7181/7181]

=======================The second times wget =====================
--2017-02-08 11:28:18--  http://zqcy.hnadc.com/download/files/android-4.1.8.apk
Resolving zqcy.hnadc.com... 218.205.115.206, 183.131.26.202, 124.160.112.198
Connecting to zqcy.hnadc.com|218.205.115.206|:80... connected.
HTTP request sent, awaiting response... 200 OK
Length: 26782666 (26M) [application/octet-stream]
Saving to: `android-4.1.8.apk'

     0K .......... .......... .......... .......... ..........  0%  507K 51s
    50K .......... .......... .......... .......... ..........  0% 1.44M 35s
   100K .......... .......... .......... .......... ..........  0% 1.48M 29s
   150K .......... .......... .......... .......... ..........  0% 1.53M 26s
   200K .......... .......... .......... .......... ..........  0% 35.6M 21s
   250K .......... .......... .......... .......... ..........  1% 1.45M 20s
   300K .......... .......... .......... .......... ..........  1% 1.49M 20s
   350K .......... .......... .......... .......... ..........  1% 1.58M 19s
   400K .......... .......... .......... .......... ..........  1% 16.3M 17s
   450K .......... .......... .......... .......... ..........  1% 1.47M 17s
   500K .......... .......... .......... .......... ..........  2% 1.33M 17s
   550K .......... .......... .......... .......... ..........  2% 1.52M 17s
   600K .......... .......... .......... .......... ..........  2% 1.24M 17s
   650K .......... .......... .......... .......... ..........  2% 6.01M 16s
   700K .......... .......... .......... .......... ..........  2% 1.21M 17s
   750K .......... .......... .......... .......... ..........  3% 1.19M 17s
   800K .......... .......... .......... .......... ..........  3% 1.78M 17s
   850K .......... .......... .......... .......... ..........  3% 1.51M 17s
   900K .......... .......... .......... .......... ..........  3% 4.09M 16s
   950K .......... .......... .......... .......... ..........  3% 1.50M 16s
  1000K .......... .......... .......... .......... ..........  4% 2.22M 16s
  1050K .......... .......... .......... .......... ..........  4% 1.51M 16s
  1100K .......... .......... .......... .......... ..........  4% 2.05M 16s
  1150K .......... .......... .......... .......... ..........  4% 2.25M 15s
  1200K .......... .......... .......... .......... ..........  4% 1.58M 15s
  1250K .......... .......... .......... .......... ..........  4% 2.20M 15s
  1300K .......... .......... .......... .......... ..........  5% 1.52M 15s
  1350K .......... .......... .......... .......... ..........  5% 2.04M 15s
  1400K .......... .......... .......... .......... ..........  5% 2.32M 15s
  1450K .......... .......... .......... .......... ..........  5% 1.52M 15s
  1500K .......... .......... .......... .......... ..........  5% 2.25M 15s
  1550K .......... .......... .......... .......... ..........  6% 1.52M 15s
  1600K .......... .......... .......... .......... ..........  6% 3.48M 14s
  1650K .......... .......... .......... .......... ..........  6% 1.58M 14s
  1700K .......... .......... .......... .......... ..........  6% 1.61M 14s
  1750K .......... .......... .......... .......... ..........  6% 2.08M 14s
  1800K .......... .......... .......... .......... ..........  7% 1.54M 14s
  1850K .......... .......... .......... .......... ..........  7% 3.39M 14s
  1900K .......... .......... .......... .......... ..........  7% 1.57M 14s
  1950K .......... .......... .......... .......... ..........  7% 1.61M 14s
  2000K .......... .......... .......... .......... ..........  7% 2.08M 14s
  2050K .......... .......... .......... .......... ..........  8% 2.06M 14s
  2100K .......... .......... .......... .......... ..........  8% 2.26M 14s
  2150K .......... .......... .......... .......... ..........  8% 1.54M 14s
  2200K .......... .......... .......... .......... ..........  8% 2.24M 14s
  2250K .......... .......... .......... .......... ..........  8% 1.53M 14s
  2300K .......... .......... .......... .......... ..........  8% 2.09M 14s
  2350K .......... .......... .......... .......... ..........  9% 2.22M 13s
  2400K .......... .......... .......... .......... ..........  9% 1.53M 13s
  2450K .......... .......... .......... .......... ..........  9% 2.24M 13s
  2500K .......... .......... .......... .......... ..........  9% 1.53M 13s
  2550K .......... .......... .......... .......... ..........  9% 3.09M 13s
  2600K .......... .......... .......... .......... .......... 10% 1.66M 13s
  2650K .......... .......... .......... .......... .......... 10% 1.53M 13s
  2700K .......... .......... .......... .......... .......... 10% 2.26M 13s
  2750K .......... .......... .......... .......... .......... 10% 1.36M 13s
  2800K .......... .......... .......... .......... .......... 10% 2.47M 13s
  2850K .......... .......... .......... .......... .......... 11% 1.18M 13s
  2900K .......... .......... .......... .......... .......... 11% 2.58M 13s
  2950K .......... .......... .......... .......... .......... 11% 1.21M 13s
  3000K .......... .......... .......... .......... .......... 11% 1.33M 13s
  3050K .......... .......... .......... .......... .......... 11% 2.47M 13s
  3100K .......... .......... .......... .......... .......... 12% 1.52M 13s
  3150K .......... .......... .......... .......... .......... 12% 3.09M 13s
  3200K .......... .......... .......... .......... .......... 12% 1.57M 13s
  3250K .......... .......... .......... .......... .......... 12% 1.51M 13s
  3300K .......... .......... .......... .......... .......... 12% 2.43M 13s
  3350K .......... .......... .......... .......... .......... 12% 1.99M 13s
  3400K .......... .......... .......... .......... .......... 13% 2.15M 13s
  3450K .......... .......... .......... .......... .......... 13% 1.49M 13s
  3500K .......... .......... .......... .......... .......... 13% 2.60M 13s
  3550K .......... .......... .......... .......... .......... 13% 1.52M 13s
  3600K .......... .......... .......... .......... .......... 13% 1.98M 13s
  3650K .......... .......... .......... .......... .......... 14% 2.02M 13s
  3700K .......... .......... .......... .......... .......... 14% 1.50M 13s
  3750K .......... .......... .......... .......... .......... 14% 2.79M 12s
  3800K .......... .......... .......... .......... .......... 14% 1.55M 12s
  3850K .......... .......... .......... .......... .......... 14% 2.63M 12s
  3900K .......... .......... .......... .......... .......... 15% 1.52M 12s
  3950K .......... .......... .......... .......... .......... 15% 1.57M 12s
  4000K .......... .......... .......... .......... .......... 15% 2.83M 12s
  4050K .......... .......... .......... .......... .......... 15% 1.53M 12s
  4100K .......... .......... .......... .......... .......... 15% 2.45M 12s
  4150K .......... .......... .......... .......... .......... 16% 1.65M 12s
  4200K .......... .......... .......... .......... .......... 16% 1.52M 12s
  4250K .......... .......... .......... .......... .......... 16% 2.77M 12s
  4300K .......... .......... .......... .......... .......... 16% 1.51M 12s
  4350K .......... .......... .......... .......... .......... 16% 2.49M 12s
  4400K .......... .......... .......... .......... .......... 17% 1.65M 12s
  4450K .......... .......... .......... .......... .......... 17% 1.52M 12s
  4500K .......... .......... .......... .......... .......... 17% 2.78M 12s
  4550K .......... .......... .......... .......... .......... 17% 2.10M 12s
  4600K .......... .......... .......... .......... .......... 17% 1.73M 12s
  4650K .......... .......... .......... .......... .......... 17% 1.64M 12s
  4700K .......... .......... .......... .......... .......... 18% 1.51M 12s
  4750K .......... .......... .......... .......... .......... 18% 2.78M 12s
  4800K .......... .......... .......... .......... .......... 18% 2.42M 12s
  4850K .......... .......... .......... .......... .......... 18% 1.69M 12s
  4900K .......... .......... .......... .......... .......... 18% 1.52M 12s
  4950K .......... .......... .......... .......... .......... 19% 1.44M 12s
  5000K .......... .......... .......... .......... .......... 19% 1.86M 12s
  5050K .......... .......... .......... .......... .......... 19% 2.40M 12s
  5100K .......... .......... .......... .......... .......... 19% 1.54M 12s
  5150K .......... .......... .......... .......... .......... 19% 1.23M 12s
  5200K .......... .......... .......... .......... .......... 20% 2.05M 12s
  5250K .......... .......... .......... .......... .......... 20% 1.33M 12s
  5300K .......... .......... .......... .......... .......... 20% 2.91M 11s
  5350K .......... .......... .......... .......... .......... 20% 1.50M 11s
  5400K .......... .......... .......... .......... .......... 20% 1.49M 11s
  5450K .......... .......... .......... .......... .......... 21% 2.94M 11s
  5500K .......... .......... .......... .......... .......... 21% 2.74M 11s
  5550K .......... .......... .......... .......... .......... 21% 1.52M 11s
  5600K .......... .......... .......... .......... .......... 21% 1.52M 11s
  5650K .......... .......... .......... .......... .......... 21% 1.51M 11s
  5700K .......... .......... .......... .......... .......... 21% 3.00M 11s
  5750K .......... .......... .......... .......... .......... 22% 2.69M 11s
  5800K .......... .......... .......... .......... .......... 22% 1.51M 11s
  5850K .......... .......... .......... .......... .......... 22% 1.52M 11s
  5900K .......... .......... .......... .......... .......... 22% 1.54M 11s
  5950K .......... .......... .......... .......... .......... 22% 18.0M 11s
  6000K .......... .......... .......... .......... .......... 23% 1.52M 11s
  6050K .......... .......... .......... .......... .......... 23% 1.41M 11s
  6100K .......... .......... .......... .......... .......... 23% 1.64M 11s
  6150K .......... .......... .......... .......... .......... 23% 2.75M 11s
  6200K .......... .......... .......... .......... .......... 23% 2.60M 11s
  6250K .......... .......... .......... .......... .......... 24% 1.50M 11s
  6300K .......... .......... .......... .......... .......... 24% 1.53M 11s
  6350K .......... .......... .......... .......... .......... 24% 1.62M 11s
  6400K .......... .......... .......... .......... .......... 24% 3.02M 11s
  6450K .......... .......... .......... .......... .......... 24% 2.38M 11s
  6500K .......... .......... .......... .......... .......... 25% 1.51M 11s
  6550K .......... .......... .......... .......... .......... 25% 1.53M 11s
  6600K .......... .......... .......... .......... .......... 25% 1.64M 11s
  6650K .......... .......... .......... .......... .......... 25% 9.89M 11s
  6700K .......... .......... .......... .......... .......... 25% 1.52M 11s
  6750K .......... .......... .......... .......... .......... 25% 1.52M 11s
  6800K .......... .......... .......... .......... .......... 26% 1.55M 11s
  6850K .......... .......... .......... .......... .......... 26% 1.51M 11s
  6900K .......... .......... .......... .......... .......... 26% 17.3M 10s
  6950K .......... .......... .......... .......... .......... 26% 1.51M 10s
  7000K .......... .......... .......... .......... .......... 26% 1.53M 10s
  7050K .......... .......... .......... .......... .......... 27% 1.53M 10s
  7100K .......... .......... .......... .......... .......... 27% 1.52M 10s
  7150K .......... .......... .......... .......... .......... 27% 16.5M 10s
  7200K .......... .......... .......... .......... .......... 27% 1.37M 10s
  7250K .......... .......... .......... .......... .......... 27% 1.52M 10s
  7300K .......... .......... .......... .......... .......... 28% 1.23M 10s
  7350K .......... .......... .......... .......... .......... 28% 1.18M 10s
  7400K .......... .......... .......... .......... .......... 28% 13.6M 10s
  7450K .......... .......... .......... .......... .......... 28% 1.39M 10s
  7500K .......... .......... .......... .......... .......... 28% 1.33M 10s
  7550K .......... .......... .......... .......... .......... 29% 1.48M 10s
  7600K .......... .......... .......... .......... .......... 29% 1.52M 10s
  7650K .......... .......... .......... .......... .......... 29% 36.1M 10s
  7700K .......... .......... .......... .......... .......... 29% 1.49M 10s
  7750K .......... .......... .......... .......... .......... 29% 1.49M 10s
  7800K .......... .......... .......... .......... .......... 30% 1.52M 10s
  7850K .......... .......... .......... .......... .......... 30% 35.8M 10s
  7900K .......... .......... .......... .......... .......... 30% 1.48M 10s
  7950K .......... .......... .......... .......... .......... 30% 1.51M 10s
  8000K .......... .......... .......... .......... .......... 30% 1.52M 10s
  8050K .......... .......... .......... .......... .......... 30% 1.52M 10s
  8100K .......... .......... .......... .......... .......... 31% 21.5M 10s
  8150K .......... .......... .......... .......... .......... 31% 1.51M 10s
  8200K .......... .......... .......... .......... .......... 31% 1.52M 10s
  8250K .......... .......... .......... .......... .......... 31% 1.52M 10s
  8300K .......... .......... .......... .......... ......     31% 20.4M=4.5s

2017-02-08 11:28:42 (1.80 MB/s) - Read error at byte 8546966/26782666 (Connection timed out). Giving up.

