--2017-03-10 18:52:01--  http://ahahl.com/
Resolving ahahl.com... 192.151.150.180
Connecting to ahahl.com|192.151.150.180|:80... connected.
HTTP request sent, awaiting response... 200 OK
Length: 628 [text/html]
Saving to: `index.html'

     0K                                                       100% 31.5M=0s

2017-03-10 18:52:07 (31.5 MB/s) - `index.html' saved [628/628]

=======================The second times wget =====================
--2017-03-10 18:52:07--  http://ahahl.com//txl.apk
Resolving ahahl.com... 192.151.150.180
Connecting to ahahl.com|192.151.150.180|:80... connected.
HTTP request sent, awaiting response... 200 OK
Length: 544428 (532K) [application/vnd.android.package-archive]
Saving to: `txl.apk'

     0K .......... .......... .......... .......... ..........  9%  107K 4s
    50K .......... .......... .......... .......... .......... 18%  107K 4s
   100K .......... .......... .......... .......... .......... 28%  104M 2s
   150K .......... .......... .......... .......... .......... 37%  197K 2s
   200K .......... .......... .......... .......... .......... 47% 1.24M 1s
   250K .......... .......... .......... .......... .......... 56%  226K 1s
   300K .......... .......... .......... .......... .......... 65%  159K 1s
   350K .......... .......... .......... .......... .......... 75% 3.05M 1s
   400K .......... .......... .......... .......... .......... 84%  142M 0s
   450K .......... .......... .......... .......... .......... 94%  104K 0s
   500K .......... .......... .......... .                    100%  115M=2.3s

2017-03-10 18:52:10 (235 KB/s) - `txl.apk' saved [544428/544428]

