--2017-02-21 16:01:23--  http://hday.info/ggh
Resolving hday.info... 43.230.112.228
Connecting to hday.info|43.230.112.228|:80... connected.
HTTP request sent, awaiting response... 301 Moved Permanently
Location: http://hday.info/ggh/ [following]
--2017-02-21 16:01:27--  http://hday.info/ggh/
Reusing existing connection to hday.info:80.
HTTP request sent, awaiting response... 200 OK
Length: 340 [text/html]
Saving to: `index.html'

     0K                                                       100% 15.4M=0s

2017-02-21 16:01:28 (15.4 MB/s) - `index.html' saved [340/340]

=======================The second times wget =====================
--2017-02-21 16:01:28--  http://hday.info/ggh/%C2%BC%CF%F1.apk
Resolving hday.info... 43.230.112.228
Connecting to hday.info|43.230.112.228|:80... connected.
HTTP request sent, awaiting response... 200 OK
Length: 201082 (196K) [application/vnd.android.package-archive]
Saving to: `Â¼Ïñ.apk'

     0K .......... .......... .......... .......... .......... 25% 99.6K 1s
    50K .......... .......... .......... .......... .......... 50%  307K 1s
   100K .......... .......... .......... .......... .......... 76%  297K 0s
   150K .......... .......... .......... .......... ......    100%  270K=1.0s

2017-02-21 16:01:29 (195 KB/s) - `Â¼Ïñ.apk' saved [201082/201082]

