--2017-01-06 15:44:55--  http://m.gps009.net/
Resolving m.gps009.net... 222.217.240.238
Connecting to m.gps009.net|222.217.240.238|:80... connected.
HTTP request sent, awaiting response... 200 OK
Length: 15694 (15K) [text/html]
Saving to: `index.html'

     0K .......... .....                                      100%  192K=0.08s

2017-01-06 15:44:56 (192 KB/s) - `index.html' saved [15694/15694]

=======================The second times wget =====================
--2017-01-06 15:44:56--  http://m.gps009.net/wap/11gps.apk
Resolving m.gps009.net... 222.217.240.238
Connecting to m.gps009.net|222.217.240.238|:80... connected.
HTTP request sent, awaiting response... 200 OK
Length: 3223561 (3.1M) [application/vnd.android.package-archive]
Saving to: `11gps.apk'

     0K .......... .......... .......... .......... ..........  1%  336K 9s
    50K .......... .......... .......... .......... ..........  3% 1.27M 6s
   100K .......... .......... .......... .......... ..........  4%  232K 8s
   150K .......... .......... .......... .......... ..........  6% 1.37M 6s
   200K .......... .......... .......... .......... ..........  7% 9.04M 5s
   250K .......... .......... .......... .......... ..........  9% 1.28M 5s
   300K .......... .......... .......... .......... .......... 11% 1.42M 4s
   350K .......... .......... .......... .......... .......... 12% 1.25M 4s
   400K .......... .......... .......... .......... .......... 14% 1.36M 4s
   450K .......... .......... .......... .......... .......... 15% 4.13M 3s
   500K .......... .......... .......... .......... .......... 17% 1.30M 3s
   550K .......... .......... .......... .......... .......... 19% 1.22M 3s
   600K .......... .......... .......... .......... .......... 20% 1.41M 3s
   650K .......... .......... .......... .......... .......... 22% 1.49M 3s
   700K .......... .......... .......... .......... .......... 23%  887K 3s
   750K .......... .......... .......... .......... .......... 25%  701K 3s
   800K .......... .......... .......... .......... .......... 27% 1.35M 2s
   850K .......... .......... .......... .......... .......... 28% 1.23M 2s
   900K .......... .......... .......... .......... .......... 30% 5.86M 2s
   950K .......... .......... .......... .......... .......... 31% 1.22M 2s
  1000K .......... .......... .......... .......... .......... 33% 1.24M 2s
  1050K .......... .......... .......... .......... .......... 34% 1.32M 2s
  1100K .......... .......... .......... .......... .......... 36% 1.39M 2s
  1150K .......... .......... .......... .......... .......... 38% 3.05M 2s
  1200K .......... .......... .......... .......... .......... 39% 1.32M 2s
  1250K .......... .......... .......... .......... .......... 41% 1.38M 2s
  1300K .......... .......... .......... .......... .......... 42% 1.11M 2s
  1350K .......... .......... .......... .......... .......... 44% 1.75M 2s
  1400K .......... .......... .......... .......... .......... 46% 2.98M 2s
  1450K .......... .......... .......... .......... .......... 47% 1.23M 1s
  1500K .......... .......... .......... .......... .......... 49% 1.11M 1s
  1550K .......... .......... .......... .......... .......... 50% 1.36M 1s
  1600K .......... .......... .......... .......... .......... 52% 1.74M 1s
  1650K .......... .......... .......... .......... .......... 54% 2.24M 1s
  1700K .......... .......... .......... .......... .......... 55% 1.44M 1s
  1750K .......... .......... .......... .......... .......... 57% 1.17M 1s
  1800K .......... .......... .......... .......... .......... 58% 2.17M 1s
  1850K .......... .......... .......... .......... .......... 60% 1.54M 1s
  1900K .......... .......... .......... .......... .......... 61% 1.74M 1s
  1950K .......... .......... .......... .......... .......... 63% 1.35M 1s
  2000K .......... .......... .......... .......... .......... 65% 1.23M 1s
  2050K .......... .......... .......... .......... .......... 66% 2.42M 1s
  2100K .......... .......... .......... .......... .......... 68% 1.64M 1s
  2150K .......... .......... .......... .......... .......... 69% 1.55M 1s
  2200K .......... .......... .......... .......... .......... 71% 1.24M 1s
  2250K .......... .......... .......... .......... .......... 73% 1.39M 1s
  2300K .......... .......... .......... .......... .......... 74% 1.74M 1s
  2350K .......... .......... .......... .......... .......... 76% 1.75M 1s
  2400K .......... .......... .......... .......... .......... 77%  284K 1s
  2450K .......... .......... .......... .......... .......... 79% 1.37M 1s
  2500K .......... .......... .......... .......... .......... 81% 5.90M 0s
  2550K .......... .......... .......... .......... .......... 82% 1.02M 0s
  2600K .......... .......... .......... .......... .......... 84% 1.50M 0s
  2650K .......... .......... .......... .......... .......... 85% 1.24M 0s
  2700K .......... .......... .......... .......... .......... 87% 1.76M 0s
  2750K .......... .......... .......... .......... .......... 88% 2.03M 0s
  2800K .......... .......... .......... .......... .......... 90% 1.35M 0s
  2850K .......... .......... .......... .......... .......... 92% 1.53M 0s
  2900K .......... .......... .......... .......... .......... 93% 1.22M 0s
  2950K .......... .......... .......... .......... .......... 95% 2.41M 0s
  3000K .......... .......... .......... .......... .......... 96% 1.53M 0s
  3050K .......... .......... .......... .......... .......... 98% 1.75M 0s
  3100K .......... .......... .......... .......... ........  100% 1.15M=2.5s

2017-01-06 15:45:02 (1.22 MB/s) - `11gps.apk' saved [3223561/3223561]

