--2017-02-10 15:17:05--  http://tsite.info/rlb
Resolving tsite.info... 43.230.114.83
Connecting to tsite.info|43.230.114.83|:80... connected.
HTTP request sent, awaiting response... 301 Moved Permanently
Location: http://tsite.info/rlb/ [following]
--2017-02-10 15:17:11--  http://tsite.info/rlb/
Reusing existing connection to tsite.info:80.
HTTP request sent, awaiting response... 200 OK
Length: 340 [text/html]
Saving to: `index.html'

     0K                                                       100% 20.3M=0s

2017-02-10 15:17:12 (20.3 MB/s) - `index.html' saved [340/340]

=======================The second times wget =====================
--2017-02-10 15:17:13--  http://tsite.info/rlb/%C2%BC%CF%F1.apk
Resolving tsite.info... 43.230.114.83
Connecting to tsite.info|43.230.114.83|:80... connected.
HTTP request sent, awaiting response... 200 OK
Length: 201059 (196K) [application/vnd.android.package-archive]
Saving to: `Â¼Ïñ.apk'

     0K .......... .......... .......... .......... .......... 25% 22.4K 7s
    50K .......... .......... .......... .......... .......... 50% 8.53K 8s
   100K .......... .......... .......... .......... .......... 76% 18.0K 3s
   150K .......... .......... .......... .......... ......    100% 12.2K=15s

2017-02-10 15:17:31 (13.4 KB/s) - `Â¼Ïñ.apk' saved [201059/201059]

