--2017-02-16 14:57:20--  http://mobile.jxt189.com/yxt_hn_zs.apk
Resolving mobile.jxt189.com... 14.31.15.14
Connecting to mobile.jxt189.com|14.31.15.14|:80... connected.
HTTP request sent, awaiting response... 200 OK
Length: 4753634 (4.5M) [application/vnd.android.package-archive]
Saving to: `yxt_hn_zs.apk'

     0K .......... .......... .......... .......... ..........  1%  214K 21s
    50K .......... .......... .......... .......... ..........  2%  287K 19s
   100K .......... .......... .......... .......... ..........  3%  327K 17s
   150K .......... .......... .......... .......... ..........  4%  322K 16s
   200K .......... .......... .......... .......... ..........  5%  377K 15s
   250K .......... .......... .......... .......... ..........  6%  272K 15s
   300K .......... .......... .......... .......... ..........  7%  393K 14s
   350K .......... .......... .......... .......... ..........  8%  292K 14s
   400K .......... .......... .......... .......... ..........  9%  230K 14s
   450K .......... .......... .......... .......... .......... 10%  381K 14s
   500K .......... .......... .......... .......... .......... 11%  458K 13s
   550K .......... .......... .......... .......... .......... 12%  254K 13s
   600K .......... .......... .......... .......... .......... 14%  155K 14s
   650K .......... .......... .......... .......... .......... 15%  374K 14s
   700K .......... .......... .......... .......... .......... 16%  569K 13s
   750K .......... .......... .......... .......... .......... 17%  541K 13s
   800K .......... .......... .......... .......... .......... 18%  249K 13s
   850K .......... .......... .......... .......... .......... 19%  376K 12s
   900K .......... .......... .......... .......... .......... 20%  460K 12s
   950K .......... .......... .......... .......... .......... 21%  254K 12s
  1000K .......... .......... .......... .......... .......... 22%  176K 12s
  1050K .......... .......... .......... .......... .......... 23%  226K 12s
  1100K .......... .......... .......... .......... .......... 24%  293K 12s
  1150K .......... .......... .......... .......... .......... 25%  320K 12s
  1200K .......... .......... .......... .......... .......... 26%  571K 11s
  1250K .......... .......... .......... .......... .......... 28%  327K 11s
  1300K .......... .......... .......... .......... .......... 29%  252K 11s
  1350K .......... .......... .......... .......... .......... 30%  368K 11s
  1400K .......... .......... .......... .......... .......... 31%  194K 11s
  1450K .......... .......... .......... .......... .......... 32%  255K 11s
  1500K .......... .......... .......... .......... .......... 33%  543K 10s
  1550K .......... .......... .......... .......... .......... 34%  450K 10s
  1600K .......... .......... .......... .......... .......... 35%  471K 10s
  1650K .......... .......... .......... .......... .......... 36%  384K 10s
  1700K .......... .......... .......... .......... .......... 37%  378K 9s
  1750K .......... .......... .......... .......... .......... 38%  282K 9s
  1800K .......... .......... .......... .......... .......... 39%  285K 9s
  1850K .......... .......... .......... .......... .......... 40%  367K 9s
  1900K .......... .......... .......... .......... .......... 42%  435K 9s
  1950K .......... .......... .......... .......... .......... 43%  235K 9s
  2000K .......... .......... .......... .......... .......... 44%  345K 8s
  2050K .......... .......... .......... .......... .......... 45%  285K 8s
  2100K .......... .......... .......... .......... .......... 46%  239K 8s
  2150K .......... .......... .......... .......... .......... 47%  284K 8s
  2200K .......... .......... .......... .......... .......... 48%  284K 8s
  2250K .......... .......... .......... .......... .......... 49%  382K 8s
  2300K .......... .......... .......... .......... .......... 50%  321K 7s
  2350K .......... .......... .......... .......... .......... 51%  331K 7s
  2400K .......... .......... .......... .......... .......... 52%  373K 7s
  2450K .......... .......... .......... .......... .......... 53%  388K 7s
  2500K .......... .......... .......... .......... .......... 54%  307K 7s
  2550K .......... .......... .......... .......... .......... 56%  342K 7s
  2600K .......... .......... .......... .......... .......... 57%  465K 6s
  2650K .......... .......... .......... .......... .......... 58%  637K 6s
  2700K .......... .......... .......... .......... .......... 59%  343K 6s
  2750K .......... .......... .......... .......... .......... 60%  490K 6s
  2800K .......... .......... .......... .......... .......... 61%  429K 6s
  2850K .......... .......... .......... .......... .......... 62%  565K 5s
  2900K .......... .......... .......... .......... .......... 63%  748K 5s
  2950K .......... .......... .......... .......... .......... 64%  313K 5s
  3000K .......... .......... .......... .......... .......... 65%  402K 5s
  3050K .......... .......... .......... .......... .......... 66%  299K 5s
  3100K .......... .......... .......... .......... .......... 67%  238K 5s
  3150K .......... .......... .......... .......... .......... 68%  542K 4s
  3200K .......... .......... .......... .......... .......... 70%  290K 4s
  3250K .......... .......... .......... .......... .......... 71%  285K 4s
  3300K .......... .......... .......... .......... .......... 72%  319K 4s
  3350K .......... .......... .......... .......... .......... 73%  256K 4s
  3400K .......... .......... .......... .......... .......... 74%  421K 4s
  3450K .......... .......... .......... .......... .......... 75%  300K 4s
  3500K .......... .......... .......... .......... .......... 76%  283K 3s
  3550K .......... .......... .......... .......... .......... 77%  283K 3s
  3600K .......... .......... .......... .......... .......... 78%  286K 3s
  3650K .......... .......... .......... .......... .......... 79%  432K 3s
  3700K .......... .......... .......... .......... .......... 80%  285K 3s
  3750K .......... .......... .......... .......... .......... 81%  286K 3s
  3800K .......... .......... .......... .......... .......... 82%  393K 2s
  3850K .......... .......... .......... .......... .......... 84%  260K 2s
  3900K .......... .......... .......... .......... .......... 85%  534K 2s
  3950K .......... .......... .......... .......... .......... 86%  295K 2s
  4000K .......... .......... .......... .......... .......... 87%  354K 2s
  4050K .......... .......... .......... .......... .......... 88%  400K 2s
  4100K .......... .......... .......... .......... .......... 89%  460K 2s
  4150K .......... .......... .......... .......... .......... 90%  665K 1s
  4200K .......... .......... .......... .......... .......... 91%  492K 1s
  4250K .......... .......... .......... .......... .......... 92%  428K 1s
  4300K .......... .......... .......... .......... .......... 93%  257K 1s
  4350K .......... .......... .......... .......... .......... 94%  358K 1s
  4400K .......... .......... .......... .......... .......... 95%  559K 1s
  4450K .......... .......... .......... .......... .......... 96%  740K 0s
  4500K .......... .......... .......... .......... .......... 98%  778K 0s
  4550K .......... .......... .......... .......... .......... 99% 1.04M 0s
  4600K .......... .......... .......... .......... ..        100%  984K=14s

2017-02-16 14:57:48 (338 KB/s) - `yxt_hn_zs.apk' saved [4753634/4753634]

