--2017-02-20 12:20:34--  http://hday.info/ggh
Resolving hday.info... 43.230.112.228
Connecting to hday.info|43.230.112.228|:80... connected.
HTTP request sent, awaiting response... 301 Moved Permanently
Location: http://hday.info/ggh/ [following]
--2017-02-20 12:20:35--  http://hday.info/ggh/
Reusing existing connection to hday.info:80.
HTTP request sent, awaiting response... 200 OK
Length: 340 [text/html]
Saving to: `index.html'

     0K                                                       100% 24.9M=0s

2017-02-20 12:20:35 (24.9 MB/s) - `index.html' saved [340/340]

=======================The second times wget =====================
--2017-02-20 12:20:36--  http://hday.info/ggh/%C2%BC%CF%F1.apk
Resolving hday.info... 43.230.112.228
Connecting to hday.info|43.230.112.228|:80... connected.
HTTP request sent, awaiting response... 200 OK
Length: 201077 (196K) [application/vnd.android.package-archive]
Saving to: `Â¼Ïñ.apk'

     0K .......... .......... .......... .......... .......... 25% 92.3K 2s
    50K .......... .......... .......... .......... .......... 50%  274K 1s
   100K .......... .......... .......... .......... .......... 76%  272K 0s
   150K .......... .......... .......... .......... ......    100%  247K=1.1s

2017-02-20 12:20:38 (179 KB/s) - `Â¼Ïñ.apk' saved [201077/201077]

