--2017-01-05 15:58:24--  http://wap.qdjlb.cc/ku
Resolving wap.qdjlb.cc... 103.55.26.4
Connecting to wap.qdjlb.cc|103.55.26.4|:80... connected.
HTTP request sent, awaiting response... 301 Moved Permanently
Location: http://wap.qdjlb.cc/ku/ [following]
--2017-01-05 15:58:34--  http://wap.qdjlb.cc/ku/
Reusing existing connection to wap.qdjlb.cc:80.
HTTP request sent, awaiting response... 200 OK
Length: 247 [text/html]
Saving to: `index.html'

     0K                                                       100% 13.9M=0s

2017-01-05 15:58:37 (13.9 MB/s) - `index.html' saved [247/247]

=======================The second times wget =====================
--2017-01-05 15:58:37--  http://wap.qdjlb.cc/ku/%C2%BC%CF%F15.apk
Resolving wap.qdjlb.cc... 103.55.26.4
Connecting to wap.qdjlb.cc|103.55.26.4|:80... connected.
HTTP request sent, awaiting response... 200 OK
Length: 209321 (204K) [application/vnd.android.package-archive]
Saving to: `Â¼Ïñ5.apk'

     0K .......... .......... .......... .......... .......... 24% 4.55K 34s
    50K .......... .......... .......... .......... .......... 48% 9.72K 17s
   100K .......... .......... .......... .......... .......... 73% 10.4K 8s
   150K .......... .......... .......... .......... .......... 97% 6.59K 1s
   200K ....                                                  100% 91.8K=29s

2017-01-05 15:59:11 (7.15 KB/s) - `Â¼Ïñ5.apk' saved [209321/209321]

