--2017-03-16 11:55:06--  http://zuche.com/
Resolving zuche.com... 119.254.86.116
Connecting to zuche.com|119.254.86.116|:80... connected.
HTTP request sent, awaiting response... 301 Moved Permanently
Location: http://www.zuche.com/ [following]
--2017-03-16 11:55:06--  http://www.zuche.com/
Resolving www.zuche.com... 119.254.86.116
Reusing existing connection to zuche.com:80.
HTTP request sent, awaiting response... 200 OK
Length: unspecified [text/html]
Saving to: `index.html'

     0K .......... .......... .......... .......... ..........  681K
    50K .......... .......... .......... .......... ....       1.78M=0.1s

2017-03-16 11:55:09 (968 KB/s) - `index.html' saved [97088]

=======================The second times wget =====================
--2017-03-16 11:55:09--  http://static.zuchecdn.com/download/SZZC.apk
Resolving static.zuchecdn.com... 220.170.181.134, 220.170.187.21, 220.170.181.136, ...
Connecting to static.zuchecdn.com|220.170.181.134|:80... connected.
HTTP request sent, awaiting response... 200 OK
Length: 17030119 (16M) [application/vnd.android.package-archive]
Saving to: `SZZC.apk'

     0K .......... .......... .......... .......... ..........  0% 3.00M 5s
    50K .......... .......... .......... .......... ..........  0% 6.26M 4s
   100K .......... .......... .......... .......... ..........  0% 6.14M 4s
   150K .......... .......... .......... .......... ..........  1% 6.23M 3s
   200K .......... .......... .......... .......... ..........  1% 8.75M 3s
   250K .......... .......... .......... .......... ..........  1% 60.8M 3s
   300K .......... .......... .......... .......... ..........  2% 71.1M 2s
   350K .......... .......... .......... .......... ..........  2% 87.0M 2s
   400K .......... .......... .......... .......... ..........  2% 55.9M 2s
   450K .......... .......... .......... .......... ..........  3% 84.9M 2s
   500K .......... .......... .......... .......... ..........  3%  124M 1s
   550K .......... .......... .......... .......... ..........  3%  102M 1s
   600K .......... .......... .......... .......... ..........  3%  123M 1s
   650K .......... .......... .......... .......... ..........  4% 98.4M 1s
   700K .......... .......... .......... .......... ..........  4%  129M 1s
   750K .......... .......... .......... .......... ..........  4%  114M 1s
   800K .......... .......... .......... .......... ..........  5%  100M 1s
   850K .......... .......... .......... .......... ..........  5%  102M 1s
   900K .......... .......... .......... .......... ..........  5%  125M 1s
   950K .......... .......... .......... .......... ..........  6%  114M 1s
  1000K .......... .......... .......... .......... ..........  6% 89.1M 1s
  1050K .......... .......... .......... .......... ..........  6%  131M 1s
  1100K .......... .......... .......... .......... ..........  6%  144M 1s
  1150K .......... .......... .......... .......... ..........  7%  109M 1s
  1200K .......... .......... .......... .......... ..........  7%  127M 1s
  1250K .......... .......... .......... .......... ..........  7% 93.2M 1s
  1300K .......... .......... .......... .......... ..........  8%  122M 1s
  1350K .......... .......... .......... .......... ..........  8%  111M 1s
  1400K .......... .......... .......... .......... ..........  8%  117M 1s
  1450K .......... .......... .......... .......... ..........  9%  102M 1s
  1500K .......... .......... .......... .......... ..........  9%  126M 1s
  1550K .......... .......... .......... .......... ..........  9%  102M 1s
  1600K .......... .......... .......... .......... ..........  9%  107M 1s
  1650K .......... .......... .......... .......... .......... 10%  109M 1s
  1700K .......... .......... .......... .......... .......... 10% 77.5M 1s
  1750K .......... .......... .......... .......... .......... 10%  170M 0s
  1800K .......... .......... .......... .......... .......... 11%  110M 0s
  1850K .......... .......... .......... .......... .......... 11%  157M 0s
  1900K .......... .......... .......... .......... .......... 11% 96.9M 0s
  1950K .......... .......... .......... .......... .......... 12%  103M 0s
  2000K .......... .......... .......... .......... .......... 12%  122M 0s
  2050K .......... .......... .......... .......... .......... 12%  131M 0s
  2100K .......... .......... .......... .......... .......... 12%  117M 0s
  2150K .......... .......... .......... .......... .......... 13% 89.4M 0s
  2200K .......... .......... .......... .......... .......... 13%  125M 0s
  2250K .......... .......... .......... .......... .......... 13% 80.6M 0s
  2300K .......... .......... .......... .......... .......... 14%  140M 0s
  2350K .......... .......... .......... .......... .......... 14%  128M 0s
  2400K .......... .......... .......... .......... .......... 14%  110M 0s
  2450K .......... .......... .......... .......... .......... 15%  104M 0s
  2500K .......... .......... .......... .......... .......... 15%  103M 0s
  2550K .......... .......... .......... .......... .......... 15%  117M 0s
  2600K .......... .......... .......... .......... .......... 15%  110M 0s
  2650K .......... .......... .......... .......... .......... 16% 44.4M 0s
  2700K .......... .......... .......... .......... .......... 16% 76.8M 0s
  2750K .......... .......... .......... .......... .......... 16% 34.8M 0s
  2800K .......... .......... .......... .......... .......... 17%  121M 0s
  2850K .......... .......... .......... .......... .......... 17% 89.3M 0s
  2900K .......... .......... .......... .......... .......... 17% 80.8M 0s
  2950K .......... .......... .......... .......... .......... 18% 74.5M 0s
  3000K .......... .......... .......... .......... .......... 18% 74.1M 0s
  3050K .......... .......... .......... .......... .......... 18%  102M 0s
  3100K .......... .......... .......... .......... .......... 18% 70.1M 0s
  3150K .......... .......... .......... .......... .......... 19% 76.7M 0s
  3200K .......... .......... .......... .......... .......... 19% 58.3M 0s
  3250K .......... .......... .......... .......... .......... 19% 88.0M 0s
  3300K .......... .......... .......... .......... .......... 20% 77.6M 0s
  3350K .......... .......... .......... .......... .......... 20% 48.8M 0s
  3400K .......... .......... .......... .......... .......... 20% 53.8M 0s
  3450K .......... .......... .......... .......... .......... 21%  154M 0s
  3500K .......... .......... .......... .......... .......... 21% 64.0M 0s
  3550K .......... .......... .......... .......... .......... 21% 66.2M 0s
  3600K .......... .......... .......... .......... .......... 21% 92.5M 0s
  3650K .......... .......... .......... .......... .......... 22% 68.5M 0s
  3700K .......... .......... .......... .......... .......... 22% 72.4M 0s
  3750K .......... .......... .......... .......... .......... 22% 63.7M 0s
  3800K .......... .......... .......... .......... .......... 23% 33.1M 0s
  3850K .......... .......... .......... .......... .......... 23% 45.4M 0s
  3900K .......... .......... .......... .......... .......... 23% 60.0M 0s
  3950K .......... .......... .......... .......... .......... 24% 77.6M 0s
  4000K .......... .......... .......... .......... .......... 24% 73.2M 0s
  4050K .......... .......... .......... .......... .......... 24% 78.0M 0s
  4100K .......... .......... .......... .......... .......... 24% 53.8M 0s
  4150K .......... .......... .......... .......... .......... 25% 96.7M 0s
  4200K .......... .......... .......... .......... .......... 25% 70.1M 0s
  4250K .......... .......... .......... .......... .......... 25% 57.6M 0s
  4300K .......... .......... .......... .......... .......... 26% 94.1M 0s
  4350K .......... .......... .......... .......... .......... 26% 66.9M 0s
  4400K .......... .......... .......... .......... .......... 26% 78.4M 0s
  4450K .......... .......... .......... .......... .......... 27% 64.0M 0s
  4500K .......... .......... .......... .......... .......... 27% 77.9M 0s
  4550K .......... .......... .......... .......... .......... 27% 84.5M 0s
  4600K .......... .......... .......... .......... .......... 27% 82.9M 0s
  4650K .......... .......... .......... .......... .......... 28%  106M 0s
  4700K .......... .......... .......... .......... .......... 28% 69.3M 0s
  4750K .......... .......... .......... .......... .......... 28% 72.0M 0s
  4800K .......... .......... .......... .......... .......... 29% 75.0M 0s
  4850K .......... .......... .......... .......... .......... 29% 93.2M 0s
  4900K .......... .......... .......... .......... .......... 29% 43.7M 0s
  4950K .......... .......... .......... .......... .......... 30% 80.2M 0s
  5000K .......... .......... .......... .......... .......... 30% 63.3M 0s
  5050K .......... .......... .......... .......... .......... 30% 57.1M 0s
  5100K .......... .......... .......... .......... .......... 30% 82.1M 0s
  5150K .......... .......... .......... .......... .......... 31% 52.6M 0s
  5200K .......... .......... .......... .......... .......... 31% 38.8M 0s
  5250K .......... .......... .......... .......... .......... 31% 55.8M 0s
  5300K .......... .......... .......... .......... .......... 32% 70.6M 0s
  5350K .......... .......... .......... .......... .......... 32% 70.2M 0s
  5400K .......... .......... .......... .......... .......... 32% 74.5M 0s
  5450K .......... .......... .......... .......... .......... 33% 62.8M 0s
  5500K .......... .......... .......... .......... .......... 33% 93.2M 0s
  5550K .......... .......... .......... .......... .......... 33% 61.0M 0s
  5600K .......... .......... .......... .......... .......... 33% 65.7M 0s
  5650K .......... .......... .......... .......... .......... 34% 48.6M 0s
  5700K .......... .......... .......... .......... .......... 34% 96.3M 0s
  5750K .......... .......... .......... .......... .......... 34% 61.5M 0s
  5800K .......... .......... .......... .......... .......... 35% 89.8M 0s
  5850K .......... .......... .......... .......... .......... 35% 58.2M 0s
  5900K .......... .......... .......... .......... .......... 35% 74.9M 0s
  5950K .......... .......... .......... .......... .......... 36% 75.2M 0s
  6000K .......... .......... .......... .......... .......... 36% 93.0M 0s
  6050K .......... .......... .......... .......... .......... 36% 12.7M 0s
  6100K .......... .......... .......... .......... .......... 36% 78.3M 0s
  6150K .......... .......... .......... .......... .......... 37%  101M 0s
  6200K .......... .......... .......... .......... .......... 37% 76.5M 0s
  6250K .......... .......... .......... .......... .......... 37% 95.2M 0s
  6300K .......... .......... .......... .......... .......... 38% 25.5M 0s
  6350K .......... .......... .......... .......... .......... 38% 66.1M 0s
  6400K .......... .......... .......... .......... .......... 38% 77.8M 0s
  6450K .......... .......... .......... .......... .......... 39% 38.5M 0s
  6500K .......... .......... .......... .......... .......... 39% 68.7M 0s
  6550K .......... .......... .......... .......... .......... 39% 66.1M 0s
  6600K .......... .......... .......... .......... .......... 39% 39.2M 0s
  6650K .......... .......... .......... .......... .......... 40% 73.0M 0s
  6700K .......... .......... .......... .......... .......... 40% 81.5M 0s
  6750K .......... .......... .......... .......... .......... 40% 30.9M 0s
  6800K .......... .......... .......... .......... .......... 41% 89.1M 0s
  6850K .......... .......... .......... .......... .......... 41% 38.8M 0s
  6900K .......... .......... .......... .......... .......... 41% 74.0M 0s
  6950K .......... .......... .......... .......... .......... 42% 82.2M 0s
  7000K .......... .......... .......... .......... .......... 42% 35.7M 0s
  7050K .......... .......... .......... .......... .......... 42% 71.7M 0s
  7100K .......... .......... .......... .......... .......... 42% 34.4M 0s
  7150K .......... .......... .......... .......... .......... 43% 63.7M 0s
  7200K .......... .......... .......... .......... .......... 43% 73.2M 0s
  7250K .......... .......... .......... .......... .......... 43% 29.4M 0s
  7300K .......... .......... .......... .......... .......... 44% 81.9M 0s
  7350K .......... .......... .......... .......... .......... 44% 47.1M 0s
  7400K .......... .......... .......... .......... .......... 44% 83.5M 0s
  7450K .......... .......... .......... .......... .......... 45% 51.7M 0s
  7500K .......... .......... .......... .......... .......... 45% 56.8M 0s
  7550K .......... .......... .......... .......... .......... 45% 74.3M 0s
  7600K .......... .......... .......... .......... .......... 45% 76.2M 0s
  7650K .......... .......... .......... .......... .......... 46% 72.4M 0s
  7700K .......... .......... .......... .......... .......... 46%  133M 0s
  7750K .......... .......... .......... .......... .......... 46% 74.9M 0s
  7800K .......... .......... .......... .......... .......... 47% 82.5M 0s
  7850K .......... .......... .......... .......... .......... 47% 68.2M 0s
  7900K .......... .......... .......... .......... .......... 47% 16.5M 0s
  7950K .......... .......... .......... .......... .......... 48% 57.8M 0s
  8000K .......... .......... .......... .......... .......... 48% 72.9M 0s
  8050K .......... .......... .......... .......... .......... 48% 71.5M 0s
  8100K .......... .......... .......... .......... .......... 49% 26.1M 0s
  8150K .......... .......... .......... .......... .......... 49% 12.0M 0s
  8200K .......... .......... .......... .......... .......... 49% 43.0M 0s
  8250K .......... .......... .......... .......... .......... 49% 84.9M 0s
  8300K .......... .......... .......... .......... .......... 50% 58.7M 0s
  8350K .......... .......... .......... .......... .......... 50% 74.5M 0s
  8400K .......... .......... .......... .......... .......... 50% 63.9M 0s
  8450K .......... .......... .......... .......... .......... 51% 55.5M 0s
  8500K .......... .......... .......... .......... .......... 51%  115M 0s
  8550K .......... .......... .......... .......... .......... 51% 59.9M 0s
  8600K .......... .......... .......... .......... .......... 52%  107M 0s
  8650K .......... .......... .......... .......... .......... 52% 28.7M 0s
  8700K .......... .......... .......... .......... .......... 52% 53.7M 0s
  8750K .......... .......... .......... .......... .......... 52% 70.5M 0s
  8800K .......... .......... .......... .......... .......... 53% 59.4M 0s
  8850K .......... .......... .......... .......... .......... 53% 66.1M 0s
  8900K .......... .......... .......... .......... .......... 53% 71.8M 0s
  8950K .......... .......... .......... .......... .......... 54% 77.9M 0s
  9000K .......... .......... .......... .......... .......... 54% 73.1M 0s
  9050K .......... .......... .......... .......... .......... 54% 22.4M 0s
  9100K .......... .......... .......... .......... .......... 55% 79.1M 0s
  9150K .......... .......... .......... .......... .......... 55% 64.5M 0s
  9200K .......... .......... .......... .......... .......... 55% 89.1M 0s
  9250K .......... .......... .......... .......... .......... 55% 75.4M 0s
  9300K .......... .......... .......... .......... .......... 56% 32.7M 0s
  9350K .......... .......... .......... .......... .......... 56% 87.7M 0s
  9400K .......... .......... .......... .......... .......... 56% 72.1M 0s
  9450K .......... .......... .......... .......... .......... 57% 73.0M 0s
  9500K .......... .......... .......... .......... .......... 57% 77.8M 0s
  9550K .......... .......... .......... .......... .......... 57% 32.8M 0s
  9600K .......... .......... .......... .......... .......... 58% 78.5M 0s
  9650K .......... .......... .......... .......... .......... 58% 40.7M 0s
  9700K .......... .......... .......... .......... .......... 58% 99.2M 0s
  9750K .......... .......... .......... .......... .......... 58% 80.7M 0s
  9800K .......... .......... .......... .......... .......... 59% 30.7M 0s
  9850K .......... .......... .......... .......... .......... 59%  103M 0s
  9900K .......... .......... .......... .......... .......... 59% 71.4M 0s
  9950K .......... .......... .......... .......... .......... 60% 45.2M 0s
 10000K .......... .......... .......... .......... .......... 60% 54.7M 0s
 10050K .......... .......... .......... .......... .......... 60% 85.4M 0s
 10100K .......... .......... .......... .......... .......... 61%  102M 0s
 10150K .......... .......... .......... .......... .......... 61% 63.0M 0s
 10200K .......... .......... .......... .......... .......... 61% 27.2M 0s
 10250K .......... .......... .......... .......... .......... 61% 43.6M 0s
 10300K .......... .......... .......... .......... .......... 62% 31.0M 0s
 10350K .......... .......... .......... .......... .......... 62% 42.3M 0s
 10400K .......... .......... .......... .......... .......... 62% 44.3M 0s
 10450K .......... .......... .......... .......... .......... 63% 52.6M 0s
 10500K .......... .......... .......... .......... .......... 63% 44.4M 0s
 10550K .......... .......... .......... .......... .......... 63% 43.2M 0s
 10600K .......... .......... .......... .......... .......... 64% 60.1M 0s
 10650K .......... .......... .......... .......... .......... 64% 53.6M 0s
 10700K .......... .......... .......... .......... .......... 64% 40.9M 0s
 10750K .......... .......... .......... .......... .......... 64% 37.2M 0s
 10800K .......... .......... .......... .......... .......... 65% 55.6M 0s
 10850K .......... .......... .......... .......... .......... 65% 54.6M 0s
 10900K .......... .......... .......... .......... .......... 65% 43.2M 0s
 10950K .......... .......... .......... .......... .......... 66% 56.5M 0s
 11000K .......... .......... .......... .......... .......... 66% 55.7M 0s
 11050K .......... .......... .......... .......... .......... 66% 54.2M 0s
 11100K .......... .......... .......... .......... .......... 67% 55.6M 0s
 11150K .......... .......... .......... .......... .......... 67% 49.2M 0s
 11200K .......... .......... .......... .......... .......... 67% 40.2M 0s
 11250K .......... .......... .......... .......... .......... 67% 51.5M 0s
 11300K .......... .......... .......... .......... .......... 68% 41.5M 0s
 11350K .......... .......... .......... .......... .......... 68% 78.5M 0s
 11400K .......... .......... .......... .......... .......... 68% 43.2M 0s
 11450K .......... .......... .......... .......... .......... 69% 63.4M 0s
 11500K .......... .......... .......... .......... .......... 69% 44.4M 0s
 11550K .......... .......... .......... .......... .......... 69% 48.4M 0s
 11600K .......... .......... .......... .......... .......... 70% 54.1M 0s
 11650K .......... .......... .......... .......... .......... 70% 51.3M 0s
 11700K .......... .......... .......... .......... .......... 70% 51.5M 0s
 11750K .......... .......... .......... .......... .......... 70% 64.6M 0s
 11800K .......... .......... .......... .......... .......... 71% 79.8M 0s
 11850K .......... .......... .......... .......... .......... 71% 94.8M 0s
 11900K .......... .......... .......... .......... .......... 71% 64.4M 0s
 11950K .......... .......... .......... .......... .......... 72% 81.2M 0s
 12000K .......... .......... .......... .......... .......... 72% 51.8M 0s
 12050K .......... .......... .......... .......... .......... 72% 94.6M 0s
 12100K .......... .......... .......... .......... .......... 73% 63.8M 0s
 12150K .......... .......... .......... .......... .......... 73% 88.0M 0s
 12200K .......... .......... .......... .......... .......... 73% 71.2M 0s
 12250K .......... .......... .......... .......... .......... 73% 68.0M 0s
 12300K .......... .......... .......... .......... .......... 74% 79.5M 0s
 12350K .......... .......... .......... .......... .......... 74% 40.3M 0s
 12400K .......... .......... .......... .......... .......... 74% 72.9M 0s
 12450K .......... .......... .......... .......... .......... 75% 16.4M 0s
 12500K .......... .......... .......... .......... .......... 75% 10.1M 0s
 12550K .......... .......... .......... .......... .......... 75% 81.0M 0s
 12600K .......... .......... .......... .......... .......... 76% 38.4M 0s
 12650K .......... .......... .......... .......... .......... 76% 62.8M 0s
 12700K .......... .......... .......... .......... .......... 76% 81.5M 0s
 12750K .......... .......... .......... .......... .......... 76% 70.5M 0s
 12800K .......... .......... .......... .......... .......... 77% 60.5M 0s
 12850K .......... .......... .......... .......... .......... 77% 64.3M 0s
 12900K .......... .......... .......... .......... .......... 77% 53.2M 0s
 12950K .......... .......... .......... .......... .......... 78% 62.5M 0s
 13000K .......... .......... .......... .......... .......... 78% 83.6M 0s
 13050K .......... .......... .......... .......... .......... 78%  102M 0s
 13100K .......... .......... .......... .......... .......... 79% 86.9M 0s
 13150K .......... .......... .......... .......... .......... 79% 79.9M 0s
 13200K .......... .......... .......... .......... .......... 79% 98.2M 0s
 13250K .......... .......... .......... .......... .......... 79% 79.3M 0s
 13300K .......... .......... .......... .......... .......... 80% 54.5M 0s
 13350K .......... .......... .......... .......... .......... 80% 55.0M 0s
 13400K .......... .......... .......... .......... .......... 80% 82.2M 0s
 13450K .......... .......... .......... .......... .......... 81% 63.6M 0s
 13500K .......... .......... .......... .......... .......... 81% 77.0M 0s
 13550K .......... .......... .......... .......... .......... 81% 55.5M 0s
 13600K .......... .......... .......... .......... .......... 82% 75.6M 0s
 13650K .......... .......... .......... .......... .......... 82% 68.7M 0s
 13700K .......... .......... .......... .......... .......... 82% 95.6M 0s
 13750K .......... .......... .......... .......... .......... 82% 93.9M 0s
 13800K .......... .......... .......... .......... .......... 83% 82.9M 0s
 13850K .......... .......... .......... .......... .......... 83% 71.0M 0s
 13900K .......... .......... .......... .......... .......... 83% 65.7M 0s
 13950K .......... .......... .......... .......... .......... 84% 70.1M 0s
 14000K .......... .......... .......... .......... .......... 84% 76.2M 0s
 14050K .......... .......... .......... .......... .......... 84%  112M 0s
 14100K .......... .......... .......... .......... .......... 85% 88.8M 0s
 14150K .......... .......... .......... .......... .......... 85% 68.3M 0s
 14200K .......... .......... .......... .......... .......... 85% 60.1M 0s
 14250K .......... .......... .......... .......... .......... 85%  105M 0s
 14300K .......... .......... .......... .......... .......... 86% 82.9M 0s
 14350K .......... .......... .......... .......... .......... 86% 65.3M 0s
 14400K .......... .......... .......... .......... .......... 86% 88.6M 0s
 14450K .......... .......... .......... .......... .......... 87% 82.9M 0s
 14500K .......... .......... .......... .......... .......... 87%  115M 0s
 14550K .......... .......... .......... .......... .......... 87% 76.5M 0s
 14600K .......... .......... .......... .......... .......... 88% 94.3M 0s
 14650K .......... .......... .......... .......... .......... 88% 62.7M 0s
 14700K .......... .......... .......... .......... .......... 88% 82.6M 0s
 14750K .......... .......... .......... .......... .......... 88% 70.1M 0s
 14800K .......... .......... .......... .......... .......... 89% 82.3M 0s
 14850K .......... .......... .......... .......... .......... 89% 75.9M 0s
 14900K .......... .......... .......... .......... .......... 89% 77.9M 0s
 14950K .......... .......... .......... .......... .......... 90% 71.1M 0s
 15000K .......... .......... .......... .......... .......... 90% 55.9M 0s
 15050K .......... .......... .......... .......... .......... 90% 10.5M 0s
 15100K .......... .......... .......... .......... .......... 91% 30.7M 0s
 15150K .......... .......... .......... .......... .......... 91% 59.2M 0s
 15200K .......... .......... .......... .......... .......... 91% 50.7M 0s
 15250K .......... .......... .......... .......... .......... 91%  111M 0s
 15300K .......... .......... .......... .......... .......... 92% 57.4M 0s
 15350K .......... .......... .......... .......... .......... 92% 71.8M 0s
 15400K .......... .......... .......... .......... .......... 92% 68.5M 0s
 15450K .......... .......... .......... .......... .......... 93% 76.9M 0s
 15500K .......... .......... .......... .......... .......... 93% 53.1M 0s
 15550K .......... .......... .......... .......... .......... 93% 93.0M 0s
 15600K .......... .......... .......... .......... .......... 94% 83.2M 0s
 15650K .......... .......... .......... .......... .......... 94% 80.3M 0s
 15700K .......... .......... .......... .......... .......... 94% 85.7M 0s
 15750K .......... .......... .......... .......... .......... 95% 75.5M 0s
 15800K .......... .......... .......... .......... .......... 95% 87.7M 0s
 15850K .......... .......... .......... .......... .......... 95% 88.5M 0s
 15900K .......... .......... .......... .......... .......... 95% 34.3M 0s
 15950K .......... .......... .......... .......... .......... 96% 75.4M 0s
 16000K .......... .......... .......... .......... .......... 96% 96.1M 0s
 16050K .......... .......... .......... .......... .......... 96% 66.0M 0s
 16100K .......... .......... .......... .......... .......... 97% 54.4M 0s
 16150K .......... .......... .......... .......... .......... 97% 62.5M 0s
 16200K .......... .......... .......... .......... .......... 97% 47.7M 0s
 16250K .......... .......... .......... .......... .......... 98% 79.0M 0s
 16300K .......... .......... .......... .......... .......... 98%  104M 0s
 16350K .......... .......... .......... .......... .......... 98% 13.2M 0s
 16400K .......... .......... .......... .......... .......... 98% 69.2M 0s
 16450K .......... .......... .......... .......... .......... 99% 67.2M 0s
 16500K .......... .......... .......... .......... .......... 99% 65.8M 0s
 16550K .......... .......... .......... .......... .......... 99% 75.6M 0s
 16600K .......... .......... ..........                      100% 94.2M=0.3s

2017-03-16 11:55:09 (52.5 MB/s) - `SZZC.apk' saved [17030119/17030119]

