--2017-01-07 23:58:07--  http://fjxhd.cn/KyS7
Resolving fjxhd.cn... 103.211.125.154
Connecting to fjxhd.cn|103.211.125.154|:80... connected.
HTTP request sent, awaiting response... 301 Moved Permanently
Location: http://fjxhd.cn/KyS7/ [following]
--2017-01-07 23:58:10--  http://fjxhd.cn/KyS7/
Reusing existing connection to fjxhd.cn:80.
HTTP request sent, awaiting response... 302 Object moved
Location: luxiang.apk [following]
--2017-01-07 23:58:18--  http://fjxhd.cn/KyS7/luxiang.apk
Reusing existing connection to fjxhd.cn:80.
HTTP request sent, awaiting response... 200 OK
Length: 213490 (208K) [application/vnd.android]
Saving to: `luxiang.apk'

     0K .......... .......... .......... .......... .......... 23%  118K 1s
    50K .......... .......... .......... .......... .......... 47% 63.1K 1s
   100K .......... .......... .......... .......... .......... 71%  161K 1s
   150K .......... .......... .......... .......... .......... 95% 57.4K 0s
   200K ........                                              100% 16.6M=2.4s

2017-01-07 23:58:20 (86.9 KB/s) - `luxiang.apk' saved [213490/213490]

