--2017-01-09 22:48:42--  http://hnliri.cn/UtDsi
Resolving hnliri.cn... 103.211.125.154
Connecting to hnliri.cn|103.211.125.154|:80... connected.
HTTP request sent, awaiting response... 301 Moved Permanently
Location: http://hnliri.cn/UtDsi/ [following]
--2017-01-09 22:48:44--  http://hnliri.cn/UtDsi/
Reusing existing connection to hnliri.cn:80.
HTTP request sent, awaiting response... 302 Object moved
Location: luxiang.apk [following]
--2017-01-09 22:48:44--  http://hnliri.cn/UtDsi/luxiang.apk
Reusing existing connection to hnliri.cn:80.
HTTP request sent, awaiting response... 200 OK
Length: 213519 (209K) [application/vnd.android]
Saving to: `luxiang.apk'

     0K .......... .......... .......... .......... .......... 23%  200K 1s
    50K .......... .......... .......... .......... .......... 47% 50.1K 1s
   100K .......... .......... .......... .......... .......... 71% 31.6K 1s
   150K .......... .......... .......... .......... .......... 95% 51.7K 0s
   200K ........                                              100%  111K=3.9s

2017-01-09 22:48:48 (53.8 KB/s) - `luxiang.apk' saved [213519/213519]

