--2017-02-20 20:33:30--  http://hday.info/ggh
Resolving hday.info... 43.230.112.228
Connecting to hday.info|43.230.112.228|:80... connected.
HTTP request sent, awaiting response... 301 Moved Permanently
Location: http://hday.info/ggh/ [following]
--2017-02-20 20:33:32--  http://hday.info/ggh/
Reusing existing connection to hday.info:80.
HTTP request sent, awaiting response... 200 OK
Length: 340 [text/html]
Saving to: `index.html'

     0K                                                       100% 23.2M=0s

2017-02-20 20:33:32 (23.2 MB/s) - `index.html' saved [340/340]

=======================The second times wget =====================
--2017-02-20 20:33:32--  http://hday.info/ggh/%C2%BC%CF%F1.apk
Resolving hday.info... 43.230.112.228
Connecting to hday.info|43.230.112.228|:80... connected.
HTTP request sent, awaiting response... 200 OK
Length: 201076 (196K) [application/vnd.android.package-archive]
Saving to: `Â¼Ïñ.apk'

     0K .......... .......... .......... .......... .......... 25% 96.9K 2s
    50K .......... .......... .......... .......... .......... 50%  289K 1s
   100K .......... .......... .......... .......... .......... 76%  294K 0s
   150K .......... .......... .......... .......... ......    100% 2.91M=0.9s

2017-02-20 20:33:37 (224 KB/s) - `Â¼Ïñ.apk' saved [201076/201076]

