--2017-03-01 18:16:20--  http://rlmw.biz/
Resolving rlmw.biz... 121.127.246.241
Connecting to rlmw.biz|121.127.246.241|:80... connected.
HTTP request sent, awaiting response... 200 OK
Length: 663 [text/html]
Saving to: `index.html'

     0K                                                       100% 57.5M=0s

2017-03-01 18:16:21 (57.5 MB/s) - `index.html' saved [663/663]

=======================The second times wget =====================
--2017-03-01 18:16:22--  http://rlmw.biz//%E8%AF%B7%E6%9F%AC.apk
Resolving rlmw.biz... 121.127.246.241
Connecting to rlmw.biz|121.127.246.241|:80... connected.
HTTP request sent, awaiting response... 200 OK
Length: 456056 (445K) [application]
Saving to: `è¯·æ%9F¬.apk'

     0K .......... .......... .......... .......... .......... 11%  174K 2s
    50K .......... .......... .......... .......... .......... 22%  129K 2s
   100K .......... .......... .......... .......... .......... 33%  128K 2s
   150K .......... .......... .......... .......... .......... 44%  118K 2s
   200K .......... .......... .......... .......... .......... 56%  140K 1s
   250K .......... .......... .......... .......... .......... 67%  119K 1s
   300K .......... .......... .......... .......... .......... 78%  122K 1s
   350K .......... .......... .......... .......... .......... 89%  112K 0s
   400K .......... .......... .......... .......... .....     100%  119K=3.5s

2017-03-01 18:16:26 (127 KB/s) - `è¯·æ%9F¬.apk' saved [456056/456056]

