--2017-02-16 14:46:15--  http://wap.95579.com/
Resolving wap.95579.com... 222.243.149.21, 222.243.111.36, 218.75.154.70, ...
Connecting to wap.95579.com|222.243.149.21|:80... connected.
HTTP request sent, awaiting response... 200 OK
Length: unspecified [text/html]
Saving to: `index.html'

     0K ........                                                260M=0s

2017-02-16 14:46:15 (260 MB/s) - `index.html' saved [8726]

=======================The second times wget =====================
--2017-02-16 14:46:20--  http://wap.95579.com/files/v3/cjzq.apk
Resolving wap.95579.com... 218.75.154.70, 222.243.149.21, 222.243.111.36, ...
Connecting to wap.95579.com|218.75.154.70|:80... connected.
HTTP request sent, awaiting response... 200 OK
Length: 43558015 (42M)
Saving to: `cjzq.apk'

     0K .......... .......... .......... .......... ..........  0%  531K 80s
    50K .......... .......... .......... .......... ..........  0% 1.28M 56s
   100K .......... .......... .......... .......... ..........  0% 2.03M 44s
   150K .......... .......... .......... .......... ..........  0% 1.67M 39s
   200K .......... .......... .......... .......... ..........  0% 1.35M 38s
   250K .......... .......... .......... .......... ..........  0% 2.04M 35s
   300K .......... .......... .......... .......... ..........  0% 2.59M 32s
   350K .......... .......... .......... .......... ..........  0% 1.79M 31s
   400K .......... .......... .......... .......... ..........  1% 2.40M 29s
   450K .......... .......... .......... .......... ..........  1% 2.36M 28s
   500K .......... .......... .......... .......... ..........  1% 1.99M 27s
   550K .......... .......... .......... .......... ..........  1% 1.77M 27s
   600K .......... .......... .......... .......... ..........  1% 3.22M 26s
   650K .......... .......... .......... .......... ..........  1% 1.86M 25s
   700K .......... .......... .......... .......... ..........  1% 2.00M 25s
   750K .......... .......... .......... .......... ..........  1% 2.29M 25s
   800K .......... .......... .......... .......... ..........  1% 2.05M 24s
   850K .......... .......... .......... .......... ..........  2% 1.95M 24s
   900K .......... .......... .......... .......... ..........  2% 1.96M 24s
   950K .......... .......... .......... .......... ..........  2% 1.96M 24s
  1000K .......... .......... .......... .......... ..........  2% 1.85M 24s
  1050K .......... .......... .......... .......... ..........  2% 3.32M 23s
  1100K .......... .......... .......... .......... ..........  2%  919K 24s
  1150K .......... .......... .......... .......... ..........  2%  438K 27s
  1200K .......... .......... .......... .......... ..........  2%  421K 30s
  1250K .......... .......... .......... .......... ..........  3%  556K 31s
  1300K .......... .......... .......... .......... ..........  3%  757K 32s
  1350K .......... .......... .......... .......... ..........  3%  845K 33s
  1400K .......... .......... .......... .......... ..........  3%  829K 33s
  1450K .......... .......... .......... .......... ..........  3%  832K 34s
  1500K .......... .......... .......... .......... ..........  3%  925K 34s
  1550K .......... .......... .......... .......... ..........  3% 1.23M 34s
  1600K .......... .......... .......... .......... ..........  3%  896K 34s
  1650K .......... .......... .......... .......... ..........  3% 1.53M 34s
  1700K .......... .......... .......... .......... ..........  4%  939K 34s
  1750K .......... .......... .......... .......... ..........  4% 1.25M 34s
  1800K .......... .......... .......... .......... ..........  4% 1.55M 34s
  1850K .......... .......... .......... .......... ..........  4%  637K 35s
  1900K .......... .......... .......... .......... ..........  4%  757K 35s
  1950K .......... .......... .......... .......... ..........  4%  556K 36s
  2000K .......... .......... .......... .......... ..........  4%  418K 37s
  2050K .......... .......... .......... .......... ..........  4% 1.75M 37s
  2100K .......... .......... .......... .......... ..........  5% 1.40M 37s
  2150K .......... .......... .......... .......... ..........  5%  857K 37s
  2200K .......... .......... .......... .......... ..........  5%  847K 37s
  2250K .......... .......... .......... .......... ..........  5%  860K 37s
  2300K .......... .......... .......... .......... ..........  5% 1.49M 37s
  2350K .......... .......... .......... .......... ..........  5%  880K 37s
  2400K .......... .......... .......... .......... ..........  5% 1.50M 37s
  2450K .......... .......... .......... .......... ..........  5% 1.53M 37s
  2500K .......... .......... .......... .......... ..........  5%  881K 37s
  2550K .......... .......... .......... .......... ..........  6% 1.62M 36s
  2600K .......... .......... .......... .......... ..........  6% 1.54M 36s
  2650K .......... .......... .......... .......... ..........  6% 1.48M 36s
  2700K .......... .......... .......... .......... ..........  6%  953K 36s
  2750K .......... .......... .......... .......... ..........  6% 1.40M 36s
  2800K .......... .......... .......... .......... ..........  6% 1.85M 36s
  2850K .......... .......... .......... .......... ..........  6% 1.51M 35s
  2900K .......... .......... .......... .......... ..........  6% 1.56M 35s
  2950K .......... .......... .......... .......... ..........  7% 1.74M 35s
  3000K .......... .......... .......... .......... ..........  7% 1.70M 35s
  3050K .......... .......... .......... .......... ..........  7% 1.65M 34s
  3100K .......... .......... .......... .......... ..........  7% 1.66M 34s
  3150K .......... .......... .......... .......... ..........  7% 1.67M 34s
  3200K .......... .......... .......... .......... ..........  7% 1.62M 34s
  3250K .......... .......... .......... .......... ..........  7% 1.73M 34s
  3300K .......... .......... .......... .......... ..........  7% 1.68M 33s
  3350K .......... .......... .......... .......... ..........  7% 6.07M 33s
  3400K .......... .......... .......... .......... ..........  8% 1.69M 33s
  3450K .......... .......... .......... .......... ..........  8% 1.65M 33s
  3500K .......... .......... .......... .......... ..........  8% 1.52M 32s
  3550K .......... .......... .......... .......... ..........  8% 1.96M 32s
  3600K .......... .......... .......... .......... ..........  8% 1.72M 32s
  3650K .......... .......... .......... .......... ..........  8% 1.79M 32s
  3700K .......... .......... .......... .......... ..........  8% 6.25M 31s
  3750K .......... .......... .......... .......... ..........  8% 1.84M 31s
  3800K .......... .......... .......... .......... ..........  9% 1.69M 31s
  3850K .......... .......... .......... .......... ..........  9% 1.67M 31s
  3900K .......... .......... .......... .......... ..........  9% 1.74M 31s
  3950K .......... .......... .......... .......... ..........  9% 7.74M 30s
  4000K .......... .......... .......... .......... ..........  9% 1.74M 30s
  4050K .......... .......... .......... .......... ..........  9% 1.72M 30s
  4100K .......... .......... .......... .......... ..........  9% 1.73M 30s
  4150K .......... .......... .......... .......... ..........  9%  865K 30s
  4200K .......... .......... .......... .......... ..........  9%  533K 31s
  4250K .......... .......... .......... .......... .......... 10%  555K 31s
  4300K .......... .......... .......... .......... .......... 10%  830K 31s
  4350K .......... .......... .......... .......... .......... 10%  565K 31s
  4400K .......... .......... .......... .......... .......... 10% 1.41M 31s
  4450K .......... .......... .......... .......... .......... 10%  826K 31s
  4500K .......... .......... .......... .......... .......... 10%  897K 32s
  4550K .......... .......... .......... .......... .......... 10%  780K 32s
  4600K .......... .......... .......... .......... .......... 10%  586K 32s
  4650K .......... .......... .......... .......... .......... 11%  559K 32s
  4700K .......... .......... .......... .......... .......... 11%  821K 32s
  4750K .......... .......... .......... .......... .......... 11%  482K 33s
  4800K .......... .......... .......... .......... .......... 11%  590K 33s
  4850K .......... .......... .......... .......... .......... 11%  619K 33s
  4900K .......... .......... .......... .......... .......... 11%  378K 34s
  4950K .......... .......... .......... .......... .......... 11% 2.96M 34s
  5000K .......... .......... .......... .......... .......... 11%  828K 34s
  5050K .......... .......... .......... .......... .......... 11%  826K 34s
  5100K .......... .......... .......... .......... .......... 12%  861K 34s
  5150K .......... .......... .......... .......... .......... 12%  843K 34s
  5200K .......... .......... .......... .......... .......... 12% 1.43M 34s
  5250K .......... .......... .......... .......... .......... 12%  910K 34s
  5300K .......... .......... .......... .......... .......... 12% 1.43M 34s
  5350K .......... .......... .......... .......... .......... 12% 1.45M 34s
  5400K .......... .......... .......... .......... .......... 12%  826K 34s
  5450K .......... .......... .......... .......... .......... 12% 1.74M 34s
  5500K .......... .......... .......... .......... .......... 13% 1.22M 33s
  5550K .......... .......... .......... .......... .......... 13% 1.11M 33s
  5600K .......... .......... .......... .......... .......... 13% 1.38M 33s
  5650K .......... .......... .......... .......... .......... 13% 1.80M 33s
  5700K .......... .......... .......... .......... .......... 13% 1.63M 33s
  5750K .......... .......... .......... .......... .......... 13% 1.61M 33s
  5800K .......... .......... .......... .......... .......... 13% 1.64M 33s
  5850K .......... .......... .......... .......... .......... 13% 1.64M 33s
  5900K .......... .......... .......... .......... .......... 13% 1.61M 32s
  5950K .......... .......... .......... .......... .......... 14% 1.60M 32s
  6000K .......... .......... .......... .......... .......... 14% 1.65M 32s
  6050K .......... .......... .......... .......... .......... 14% 1.64M 32s
  6100K .......... .......... .......... .......... .......... 14% 1.65M 32s
  6150K .......... .......... .......... .......... .......... 14% 1.58M 32s
  6200K .......... .......... .......... .......... .......... 14% 1.61M 32s
  6250K .......... .......... .......... .......... .......... 14% 1.53M 32s
  6300K .......... .......... .......... .......... .......... 14% 1.80M 31s
  6350K .......... .......... .......... .......... .......... 15% 1.67M 31s
  6400K .......... .......... .......... .......... .......... 15% 1.84M 31s
  6450K .......... .......... .......... .......... .......... 15% 5.00M 31s
  6500K .......... .......... .......... .......... .......... 15% 1.69M 31s
  6550K .......... .......... .......... .......... .......... 15%  889K 31s
  6600K .......... .......... .......... .......... .......... 15%  550K 31s
  6650K .......... .......... .......... .......... .......... 15%  815K 31s
  6700K .......... .......... .......... .......... .......... 15%  563K 31s
  6750K .......... .......... .......... .......... .......... 15%  835K 31s
  6800K .......... .......... .......... .......... .......... 16%  840K 31s
  6850K .......... .......... .......... .......... .......... 16%  835K 31s
  6900K .......... .......... .......... .......... .......... 16%  888K 31s
  6950K .......... .......... .......... .......... .......... 16% 1.36M 31s
  7000K .......... .......... .......... .......... .......... 16%  844K 31s
  7050K .......... .......... .......... .......... .......... 16% 1.48M 31s
  7100K .......... .......... .......... .......... .......... 16%  961K 31s
  7150K .......... .......... .......... .......... .......... 16% 1.43M 31s
  7200K .......... .......... .......... .......... .......... 17% 1.62M 31s
  7250K .......... .......... .......... .......... .......... 17%  910K 31s
  7300K .......... .......... .......... .......... .......... 17% 1.43M 31s
  7350K .......... .......... .......... .......... .......... 17%  587K 31s
  7400K .......... .......... .......... .......... .......... 17%  530K 31s
  7450K .......... .......... .......... .......... .......... 17%  577K 32s
  7500K .......... .......... .......... .......... .......... 17%  807K 32s
  7550K .......... .......... .......... .......... .......... 17%  836K 32s
  7600K .......... .......... .......... .......... .......... 17%  835K 32s
  7650K .......... .......... .......... .......... .......... 18%  847K 32s
  7700K .......... .......... .......... .......... .......... 18%  876K 32s
  7750K .......... .......... .......... .......... .......... 18% 1.45M 32s
  7800K .......... .......... .......... .......... .......... 18%  895K 32s
  7850K .......... .......... .......... .......... .......... 18% 1.45M 31s
  7900K .......... .......... .......... .......... .......... 18% 1.56M 31s
  7950K .......... .......... .......... .......... .......... 18%  897K 31s
  8000K .......... .......... .......... .......... .......... 18% 1.57M 31s
  8050K .......... .......... .......... .......... .......... 19% 1.51M 31s
  8100K .......... .......... .......... .......... .......... 19% 1.54M 31s
  8150K .......... .......... .......... .......... .......... 19%  962K 31s
  8200K .......... .......... .......... .......... .......... 19% 1.51M 31s
  8250K .......... .......... .......... .......... .......... 19% 1.55M 31s
  8300K .......... .......... .......... .......... .......... 19% 1.53M 31s
  8350K .......... .......... .......... .......... .......... 19% 1.76M 31s
  8400K .......... .......... .......... .......... .......... 19% 1.49M 30s
  8450K .......... .......... .......... .......... .......... 19% 1.82M 30s
  8500K .......... .......... .......... .......... .......... 20% 1.63M 30s
  8550K .......... .......... .......... .......... .......... 20% 1.64M 30s
  8600K .......... .......... .......... .......... .......... 20% 1.64M 30s
  8650K .......... .......... .......... .......... .......... 20% 1.62M 30s
  8700K .......... .......... .......... .......... .......... 20% 1.67M 30s
  8750K .......... .......... .......... .......... .......... 20% 1.80M 30s
  8800K .......... .......... .......... .......... .......... 20% 1.74M 30s
  8850K .......... .......... .......... .......... .......... 20% 4.13M 29s
  8900K .......... .......... .......... .......... .......... 21% 1.71M 29s
  8950K .......... .......... .......... .......... .......... 21% 1.79M 29s
  9000K .......... .......... .......... .......... .......... 21%  866K 29s
  9050K .......... .......... .......... .......... .......... 21%  533K 29s
  9100K .......... .......... .......... .......... .......... 21%  562K 30s
  9150K .......... .......... .......... .......... .......... 21%  805K 30s
  9200K .......... .......... .......... .......... .......... 21%  842K 30s
  9250K .......... .......... .......... .......... .......... 21%  829K 30s
  9300K .......... .......... .......... .......... .......... 21%  835K 30s
  9350K .......... .......... .......... .......... .......... 22%  839K 30s
  9400K .......... .......... .......... .......... .......... 22% 1.54M 30s
  9450K .......... .......... .......... .......... .......... 22%  860K 30s
  9500K .......... .......... .......... .......... .......... 22% 1.55M 29s
  9550K .......... .......... .......... .......... .......... 22%  846K 29s
  9600K .......... .......... .......... .......... .......... 22% 1.36M 29s
  9650K .......... .......... .......... .......... .......... 22% 1.53M 29s
  9700K .......... .......... .......... .......... .......... 22%  920K 29s
  9750K .......... .......... .......... .......... .......... 23% 1.72M 29s
  9800K .......... .......... .......... .......... .......... 23% 1.51M 29s
  9850K .......... .......... .......... .......... .......... 23% 1.62M 29s
  9900K .......... .......... .......... .......... .......... 23% 1.62M 29s
  9950K .......... .......... .......... .......... .......... 23% 1011K 29s
 10000K .......... .......... .......... .......... .......... 23% 1.36M 29s
 10050K .......... .......... .......... .......... .......... 23% 1.62M 29s
 10100K .......... .......... .......... .......... .......... 23% 1.62M 29s
 10150K .......... .......... .......... .......... .......... 23% 1.61M 29s
 10200K .......... .......... .......... .......... .......... 24% 1.67M 28s
 10250K .......... .......... .......... .......... .......... 24% 1.65M 28s
 10300K .......... .......... .......... .......... .......... 24% 1.65M 28s
 10350K .......... .......... .......... .......... .......... 24% 1.64M 28s
 10400K .......... .......... .......... .......... .......... 24% 2.02M 28s
 10450K .......... .......... .......... .......... .......... 24% 1.71M 28s
 10500K .......... .......... .......... .......... .......... 24% 2.91M 28s
 10550K .......... .......... .......... .......... .......... 24% 1.67M 28s
 10600K .......... .......... .......... .......... .......... 25% 1.63M 28s
 10650K .......... .......... .......... .......... .......... 25% 1.96M 28s
 10700K .......... .......... .......... .......... .......... 25% 1.75M 27s
 10750K .......... .......... .......... .......... .......... 25% 1.76M 27s
 10800K .......... .......... .......... .......... .......... 25% 2.07M 27s
 10850K .......... .......... .......... .......... .......... 25% 2.89M 27s
 10900K .......... .......... .......... .......... .......... 25% 2.10M 27s
 10950K .......... .......... .......... .......... .......... 25% 1.71M 27s
 11000K .......... .......... .......... .......... .......... 25% 1.30M 27s
 11050K .......... .......... .......... .......... .......... 26% 1.59M 27s
 11100K .......... .......... .......... .......... .......... 26%  490K 27s
 11150K .......... .......... .......... .......... .......... 26%  792K 27s
 11200K .......... .......... .......... .......... .......... 26%  334K 27s
 11250K .......... .......... .......... .......... .......... 26%  418K 27s
 11300K .......... .......... .......... .......... .......... 26%  554K 28s
 11350K .......... .......... .......... .......... .......... 26%  830K 28s
 11400K .......... .......... .......... .......... .......... 26%  565K 28s
 11450K .......... .......... .......... .......... .......... 27%  838K 28s
 11500K .......... .......... .......... .......... .......... 27% 1.50M 28s
 11550K .......... .......... .......... .......... .......... 27%  836K 27s
 11600K .......... .......... .......... .......... .......... 27%  848K 27s
 11650K .......... .......... .......... .......... .......... 27% 1.59M 27s
 11700K .......... .......... .......... .......... .......... 27%  821K 27s
 11750K .......... .......... .......... .......... .......... 27% 1.60M 27s
 11800K .......... .......... .......... .......... .......... 27%  890K 27s
 11850K .......... .......... .......... .......... .......... 27% 1.56M 27s
 11900K .......... .......... .......... .......... .......... 28% 1.50M 27s
 11950K .......... .......... .......... .......... .......... 28%  948K 27s
 12000K .......... .......... .......... .......... .......... 28% 1.48M 27s
 12050K .......... .......... .......... .......... .......... 28% 1.52M 27s
 12100K .......... .......... .......... .......... .......... 28% 1.66M 27s
 12150K .......... .......... .......... .......... .......... 28% 1.59M 27s
 12200K .......... .......... .......... .......... .......... 28% 1.54M 27s
 12250K .......... .......... .......... .......... .......... 28% 1.61M 27s
 12300K .......... .......... .......... .......... .......... 29% 1.64M 27s
 12350K .......... .......... .......... .......... .......... 29% 1.58M 27s
 12400K .......... .......... .......... .......... .......... 29% 1.67M 26s
 12450K .......... .......... .......... .......... .......... 29% 1.44M 26s
 12500K .......... .......... .......... .......... .......... 29% 1.62M 26s
 12550K .......... .......... .......... .......... .......... 29% 1.83M 26s
 12600K .......... .......... .......... .......... .......... 29% 1.66M 26s
 12650K .......... .......... .......... .......... .......... 29% 1.44M 26s
 12700K .......... .......... .......... .......... .......... 29%  952K 26s
 12750K .......... .......... .......... .......... .......... 30% 1.54M 26s
 12800K .......... .......... .......... .......... .......... 30%  429K 26s
 12850K .......... .......... .......... .......... .......... 30%  549K 26s
 12900K .......... .......... .......... .......... .......... 30%  336K 26s
 12950K .......... .......... .......... .......... .......... 30%  400K 26s
 13000K .......... .......... .......... .......... .......... 30%  560K 27s
 13050K .......... .......... .......... .......... .......... 30%  822K 27s
 13100K .......... .......... .......... .......... .......... 30%  839K 27s
 13150K .......... .......... .......... .......... .......... 31%  546K 27s
 13200K .......... .......... .......... .......... .......... 31%  339K 27s
 13250K .......... .......... .......... .......... .......... 31%  405K 27s
 13300K .......... .......... .......... .......... .......... 31%  577K 27s
 13350K .......... .......... .......... .......... .......... 31%  784K 27s
 13400K .......... .......... .......... .......... .......... 31%  896K 27s
 13450K .......... .......... .......... .......... .......... 31%  841K 27s
 13500K .......... .......... .......... .......... .......... 31%  854K 27s
 13550K .......... .......... .......... .......... .......... 31% 1.51M 27s
 13600K .......... .......... .......... .......... .......... 32%  846K 27s
 13650K .......... .......... .......... .......... .......... 32% 1.58M 27s
 13700K .......... .......... .......... .......... .......... 32%  859K 27s
 13750K .......... .......... .......... .......... .......... 32% 1.48M 27s
 13800K .......... .......... .......... .......... .......... 32% 1.18M 27s
 13850K .......... .......... .......... .......... .......... 32% 1.19M 26s
 13900K .......... .......... .......... .......... .......... 32%  801K 26s
 13950K .......... .......... .......... .......... .......... 32%  792K 26s
 14000K .......... .......... .......... .......... .......... 33%  421K 27s
 14050K .......... .......... .......... .......... .......... 33%  552K 27s
 14100K .......... .......... .......... .......... .......... 33%  159K 27s
 14150K .......... .......... .......... .......... .......... 33% 10.7M 27s
 14200K .......... .......... .......... .......... .......... 33% 11.9M 27s
 14250K .......... .......... .......... .......... .......... 33% 6.27M 27s
 14300K .......... .......... .......... .......... .......... 33%  830K 27s
 14350K .......... .......... .......... .......... .......... 33%  834K 27s
 14400K .......... .......... .......... .......... .......... 33%  838K 27s
 14450K .......... .......... .......... .......... .......... 34%  874K 27s
 14500K .......... .......... .......... .......... .......... 34% 1.55M 27s
 14550K .......... .......... .......... .......... .......... 34%  840K 26s
 14600K .......... .......... .......... .......... .......... 34% 1.64M 26s
 14650K .......... .......... .......... .......... .......... 34%  860K 26s
 14700K .......... .......... .......... .......... .......... 34% 1.50M 26s
 14750K .......... .......... .......... .......... .......... 34% 1.59M 26s
 14800K .......... .......... .......... .......... .......... 34% 1.49M 26s
 14850K .......... .......... .......... .......... .......... 35%  637K 26s
 14900K .......... .......... .......... .......... .......... 35% 4.66M 26s
 14950K .......... .......... .......... .......... .......... 35% 1.90M 26s
 15000K .......... .......... .......... .......... .......... 35% 1.59M 26s
 15050K .......... .......... .......... .......... .......... 35% 1.62M 26s
 15100K .......... .......... .......... .......... .......... 35% 1.50M 26s
 15150K .......... .......... .......... .......... .......... 35%  872K 26s
 15200K .......... .......... .......... .......... .......... 35%  748K 26s
 15250K .......... .......... .......... .......... .......... 35%  589K 26s
 15300K .......... .......... .......... .......... .......... 36%  845K 26s
 15350K .......... .......... .......... .......... .......... 36%  829K 26s
 15400K .......... .......... .......... .......... .......... 36%  369K 26s
 15450K .......... .......... .......... .......... .......... 36% 5.87M 26s
 15500K .......... .......... .......... .......... .......... 36% 1.37M 26s
 15550K .......... .......... .......... .......... .......... 36% 1.50M 26s
 15600K .......... .......... .......... .......... .......... 36%  886K 25s
 15650K .......... .......... .......... .......... .......... 36% 1.52M 25s
 15700K .......... .......... .......... .......... .......... 37%  876K 25s
 15750K .......... .......... .......... .......... .......... 37%  835K 25s
 15800K .......... .......... .......... .......... .......... 37%  551K 25s
 15850K .......... .......... .......... .......... .......... 37%  810K 25s
 15900K .......... .......... .......... .......... .......... 37%  560K 25s
 15950K .......... .......... .......... .......... .......... 37%  830K 25s
 16000K .......... .......... .......... .......... .......... 37%  776K 25s
 16050K .......... .......... .......... .......... .......... 37%  908K 25s
 16100K .......... .......... .......... .......... .......... 37%  821K 25s
 16150K .......... .......... .......... .......... .......... 38% 1.55M 25s
 16200K .......... .......... .......... .......... .......... 38%  830K 25s
 16250K .......... .......... .......... .......... .......... 38%  568K 25s
 16300K .......... .......... .......... .......... .......... 38%  556K 25s
 16350K .......... .......... .......... .......... .......... 38%  556K 25s
 16400K .......... .......... .......... .......... .......... 38%  823K 25s
 16450K .......... .......... .......... .......... .......... 38%  840K 25s
 16500K .......... .......... .......... .......... .......... 38%  830K 25s
 16550K .......... .......... .......... .......... .......... 39%  849K 25s
 16600K .......... .......... .......... .......... .......... 39%  849K 25s
 16650K .......... .......... .......... .......... .......... 39% 1.52M 25s
 16700K .......... .......... .......... .......... .......... 39%  862K 25s
 16750K .......... .......... .......... .......... .......... 39% 1.52M 25s
 16800K .......... .......... .......... .......... .......... 39%  884K 25s
 16850K .......... .......... .......... .......... .......... 39% 1.52M 25s
 16900K .......... .......... .......... .......... .......... 39% 1.57M 25s
 16950K .......... .......... .......... .......... .......... 39%  914K 25s
 17000K .......... .......... .......... .......... .......... 40% 1.55M 25s
 17050K .......... .......... .......... .......... .......... 40% 1.58M 25s
 17100K .......... .......... .......... .......... .......... 40% 1.60M 24s
 17150K .......... .......... .......... .......... .......... 40% 1.60M 24s
 17200K .......... .......... .......... .......... .......... 40% 1.57M 24s
 17250K .......... .......... .......... .......... .......... 40% 1.63M 24s
 17300K .......... .......... .......... .......... .......... 40% 1.59M 24s
 17350K .......... .......... .......... .......... .......... 40%  847K 24s
 17400K .......... .......... .......... .......... .......... 41%  814K 24s
 17450K .......... .......... .......... .......... .......... 41%  565K 24s
 17500K .......... .......... .......... .......... .......... 41%  830K 24s
 17550K .......... .......... .......... .......... .......... 41%  593K 24s
 17600K .......... .......... .......... .......... .......... 41%  737K 24s
 17650K .......... .......... .......... .......... .......... 41%  403K 24s
 17700K .......... .......... .......... .......... .......... 41%  603K 24s
 17750K .......... .......... .......... .......... .......... 41%  418K 24s
 17800K .......... .......... .......... .......... .......... 41%  421K 24s
 17850K .......... .......... .......... .......... .......... 42%  551K 24s
 17900K .......... .......... .......... .......... .......... 42%  328K 24s
 17950K .......... .......... .......... .......... .......... 42%  430K 24s
 18000K .......... .......... .......... .......... .......... 42%  561K 24s
 18050K .......... .......... .......... .......... .......... 42%  566K 24s
 18100K .......... .......... .......... .......... .......... 42%  809K 24s
 18150K .......... .......... .......... .......... .......... 42%  856K 24s
 18200K .......... .......... .......... .......... .......... 42%  854K 24s
 18250K .......... .......... .......... .......... .......... 43% 1.51M 24s
 18300K .......... .......... .......... .......... .......... 43%  842K 24s
 18350K .......... .......... .......... .......... .......... 43%  787K 24s
 18400K .......... .......... .......... .......... .......... 43%  433K 24s
 18450K .......... .......... .......... .......... .......... 43%  578K 24s
 18500K .......... .......... .......... .......... .......... 43%  716K 24s
 18550K .......... .......... .......... .......... .......... 43%  944K 24s
 18600K .......... .......... .......... .......... .......... 43%  837K 24s
 18650K .......... .......... .......... .......... .......... 43%  844K 24s
 18700K .......... .......... .......... .......... .......... 44% 1.24M 24s
 18750K .......... .......... .......... .......... .......... 44%  978K 24s
 18800K .......... .......... .......... .......... .......... 44% 1.24M 24s
 18850K .......... .......... .......... .......... .......... 44%  560K 24s
 18900K .......... .......... .......... .......... .......... 44%  828K 24s
 18950K .......... .......... .......... .......... .......... 44%  650K 24s
 19000K .......... .......... .......... .......... .......... 44%  827K 24s
 19050K .......... .......... .......... .......... .......... 44% 1.14M 24s
 19100K .......... .......... .......... .......... .......... 45%  850K 24s
 19150K .......... .......... .......... .......... .......... 45%  600K 24s
 19200K .......... .......... .......... .......... .......... 45%  546K 24s
 19250K .......... .......... .......... .......... .......... 45%  553K 24s
 19300K .......... .......... .......... .......... .......... 45%  840K 24s
 19350K .......... .......... .......... .......... .......... 45%  849K 24s
 19400K .......... .......... .......... .......... .......... 45%  833K 23s
 19450K .......... .......... .......... .......... .......... 45%  834K 23s
 19500K .......... .......... .......... .......... .......... 45% 1.46M 23s
 19550K .......... .......... .......... .......... .......... 46%  575K 23s
 19600K .......... .......... .......... .......... .......... 46%  538K 23s
 19650K .......... .......... .......... .......... .......... 46%  444K 23s
 19700K .......... .......... .......... .......... .......... 46%  747K 23s
 19750K .......... .......... .......... .......... .......... 46%  604K 23s
 19800K .......... .......... .......... .......... .......... 46%  829K 23s
 19850K .......... .......... .......... .......... .......... 46% 1.31M 23s
 19900K .......... .......... .......... .......... .......... 46%  889K 23s
 19950K .......... .......... .......... .......... .......... 47%  894K 23s
 20000K .......... .......... .......... .......... .......... 47% 1.36M 23s
 20050K .......... .......... .......... .......... .......... 47%  933K 23s
 20100K .......... .......... .......... .......... .......... 47% 1.47M 23s
 20150K .......... .......... .......... .......... .......... 47% 1.40M 23s
 20200K .......... .......... .......... .......... .......... 47%  923K 23s
 20250K .......... .......... .......... .......... .......... 47% 1.51M 23s
 20300K .......... .......... .......... .......... .......... 47% 1.13M 23s
 20350K .......... .......... .......... .......... .......... 47% 2.70M 23s
 20400K .......... .......... .......... .......... .......... 48% 1.36M 23s
 20450K .......... .......... .......... .......... .......... 48% 2.05M 22s
 20500K .......... .......... .......... .......... .......... 48%  951K 22s
 20550K .......... .......... .......... .......... .......... 48% 1.52M 22s
 20600K .......... .......... .......... .......... .......... 48% 1.66M 22s
 20650K .......... .......... .......... .......... .......... 48% 1.65M 22s
 20700K .......... .......... .......... .......... .......... 48% 1.63M 22s
 20750K .......... .......... .......... .......... .......... 48% 1.40M 22s
 20800K .......... .......... .......... .......... .......... 49% 1.45M 22s
 20850K .......... .......... .......... .......... .......... 49%  578K 22s
 20900K .......... .......... .......... .......... .......... 49%  561K 22s
 20950K .......... .......... .......... .......... .......... 49%  557K 22s
 21000K .......... .......... .......... .......... .......... 49%  417K 22s
 21050K .......... .......... .......... .......... .......... 49%  550K 22s
 21100K .......... .......... .......... .......... .......... 49%  414K 22s
 21150K .......... .......... .......... .......... .......... 49%  420K 22s
 21200K .......... .......... .......... .......... .......... 49%  543K 22s
 21250K .......... .......... .......... .......... .......... 50%  418K 22s
 21300K .......... .......... .......... .......... .......... 50%  570K 22s
 21350K .......... .......... .......... .......... .......... 50%  564K 22s
 21400K .......... .......... .......... .......... .......... 50%  848K 22s
 21450K .......... .......... .......... .......... .......... 50%  847K 22s
 21500K .......... .......... .......... .......... .......... 50% 1.48M 22s
 21550K .......... .......... .......... .......... .......... 50%  851K 22s
 21600K .......... .......... .......... .......... .......... 50%  861K 22s
 21650K .......... .......... .......... .......... .......... 51% 1.55M 22s
 21700K .......... .......... .......... .......... .......... 51%  884K 22s
 21750K .......... .......... .......... .......... .......... 51% 1.35M 22s
 21800K .......... .......... .......... .......... .......... 51% 1.72M 21s
 21850K .......... .......... .......... .......... .......... 51% 1.57M 21s
 21900K .......... .......... .......... .......... .......... 51%  597K 21s
 21950K .......... .......... .......... .......... .......... 51% 1.41M 21s
 22000K .......... .......... .......... .......... .......... 51%  556K 21s
 22050K .......... .......... .......... .......... .......... 51%  555K 21s
 22100K .......... .......... .......... .......... .......... 52%  433K 21s
 22150K .......... .......... .......... .......... .......... 52%  754K 21s
 22200K .......... .......... .......... .......... .......... 52%  808K 21s
 22250K .......... .......... .......... .......... .......... 52%  892K 21s
 22300K .......... .......... .......... .......... .......... 52%  762K 21s
 22350K .......... .......... .......... .......... .......... 52%  596K 21s
 22400K .......... .......... .......... .......... .......... 52%  529K 21s
 22450K .......... .......... .......... .......... .......... 52%  894K 21s
 22500K .......... .......... .......... .......... .......... 53%  838K 21s
 22550K .......... .......... .......... .......... .......... 53%  740K 21s
 22600K .......... .......... .......... .......... .......... 53%  954K 21s
 22650K .......... .......... .......... .......... .......... 53%  858K 21s
 22700K .......... .......... .......... .......... .......... 53%  887K 21s
 22750K .......... .......... .......... .......... .......... 53% 1.46M 21s
 22800K .......... .......... .......... .......... .......... 53%  903K 21s
 22850K .......... .......... .......... .......... .......... 53% 1.43M 21s
 22900K .......... .......... .......... .......... .......... 53% 1.55M 21s
 22950K .......... .......... .......... .......... .......... 54%  930K 20s
 23000K .......... .......... .......... .......... .......... 54%  826K 20s
 23050K .......... .......... .......... .......... .......... 54%  542K 20s
 23100K .......... .......... .......... .......... .......... 54%  550K 20s
 23150K .......... .......... .......... .......... .......... 54%  571K 20s
 23200K .......... .......... .......... .......... .......... 54%  807K 20s
 23250K .......... .......... .......... .......... .......... 54%  878K 20s
 23300K .......... .......... .......... .......... .......... 54% 1.53M 20s
 23350K .......... .......... .......... .......... .......... 55%  851K 20s
 23400K .......... .......... .......... .......... .......... 55%  856K 20s
 23450K .......... .......... .......... .......... .......... 55% 1.53M 20s
 23500K .......... .......... .......... .......... .......... 55%  571K 20s
 23550K .......... .......... .......... .......... .......... 55%  397K 20s
 23600K .......... .......... .......... .......... .......... 55%  558K 20s
 23650K .......... .......... .......... .......... .......... 55%  813K 20s
 23700K .......... .......... .......... .......... .......... 55%  572K 20s
 23750K .......... .......... .......... .......... .......... 55%  836K 20s
 23800K .......... .......... .......... .......... .......... 56%  838K 20s
 23850K .......... .......... .......... .......... .......... 56% 1.49M 20s
 23900K .......... .......... .......... .......... .......... 56%  856K 20s
 23950K .......... .......... .......... .......... .......... 56% 1.39M 20s
 24000K .......... .......... .......... .......... .......... 56%  918K 20s
 24050K .......... .......... .......... .......... .......... 56% 1.38M 20s
 24100K .......... .......... .......... .......... .......... 56%  947K 19s
 24150K .......... .......... .......... .......... .......... 56%  768K 19s
 24200K .......... .......... .......... .......... .......... 57%  592K 19s
 24250K .......... .......... .......... .......... .......... 57%  558K 19s
 24300K .......... .......... .......... .......... .......... 57%  816K 19s
 24350K .......... .......... .......... .......... .......... 57%  843K 19s
 24400K .......... .......... .......... .......... .......... 57%  843K 19s
 24450K .......... .......... .......... .......... .......... 57%  834K 19s
 24500K .......... .......... .......... .......... .......... 57%  544K 19s
 24550K .......... .......... .......... .......... .......... 57%  343K 19s
 24600K .......... .......... .......... .......... .......... 57%  562K 19s
 24650K .......... .......... .......... .......... .......... 58%  563K 19s
 24700K .......... .......... .......... .......... .......... 58%  535K 19s
 24750K .......... .......... .......... .......... .......... 58%  420K 19s
 24800K .......... .......... .......... .......... .......... 58%  562K 19s
 24850K .......... .......... .......... .......... .......... 58%  784K 19s
 24900K .......... .......... .......... .......... .......... 58%  860K 19s
 24950K .......... .......... .......... .......... .......... 58%  833K 19s
 25000K .......... .......... .......... .......... .......... 58%  846K 19s
 25050K .......... .......... .......... .......... .......... 59%  888K 19s
 25100K .......... .......... .......... .......... .......... 59%  781K 19s
 25150K .......... .......... .......... .......... .......... 59%  424K 19s
 25200K .......... .......... .......... .......... .......... 59%  545K 19s
 25250K .......... .......... .......... .......... .......... 59%  874K 19s
 25300K .......... .......... .......... .......... .......... 59%  830K 19s
 25350K .......... .......... .......... .......... .......... 59%  845K 19s
 25400K .......... .......... .......... .......... .......... 59%  811K 19s
 25450K .......... .......... .......... .......... .......... 59% 1.48M 18s
 25500K .......... .......... .......... .......... .......... 60%  920K 18s
 25550K .......... .......... .......... .......... .......... 60% 1.46M 18s
 25600K .......... .......... .......... .......... .......... 60%  899K 18s
 25650K .......... .......... .......... .......... .......... 60% 1.52M 18s
 25700K .......... .......... .......... .......... .......... 60% 1.53M 18s
 25750K .......... .......... .......... .......... .......... 60%  909K 18s
 25800K .......... .......... .......... .......... .......... 60% 1.48M 18s
 25850K .......... .......... .......... .......... .......... 60% 1.57M 18s
 25900K .......... .......... .......... .......... .......... 61% 1.58M 18s
 25950K .......... .......... .......... .......... .......... 61%  830K 18s
 26000K .......... .......... .......... .......... .......... 61%  426K 18s
 26050K .......... .......... .......... .......... .......... 61%  823K 18s
 26100K .......... .......... .......... .......... .......... 61%  456K 18s
 26150K .......... .......... .......... .......... .......... 61% 1.25M 18s
 26200K .......... .......... .......... .......... .......... 61%  849K 18s
 26250K .......... .......... .......... .......... .......... 61%  851K 18s
 26300K .......... .......... .......... .......... .......... 61% 1.53M 18s
 26350K .......... .......... .......... .......... .......... 62%  860K 17s
 26400K .......... .......... .......... .......... .......... 62% 1.54M 17s
 26450K .......... .......... .......... .......... .......... 62%  877K 17s
 26500K .......... .......... .......... .......... .......... 62% 1.49M 17s
 26550K .......... .......... .......... .......... .......... 62% 1.60M 17s
 26600K .......... .......... .......... .......... .......... 62%  899K 17s
 26650K .......... .......... .......... .......... .......... 62% 1.56M 17s
 26700K .......... .......... .......... .......... .......... 62% 1.51M 17s
 26750K .......... .......... .......... .......... .......... 63% 1.58M 17s
 26800K .......... .......... .......... .......... .......... 63% 1001K 17s
 26850K .......... .......... .......... .......... .......... 63% 4.95M 17s
 26900K .......... .......... .......... .......... .......... 63%  791K 17s
 26950K .......... .......... .......... .......... .......... 63%  946K 17s
 27000K .......... .......... .......... .......... .......... 63%  482K 17s
 27050K .......... .......... .......... .......... .......... 63% 1.02M 17s
 27100K .......... .......... .......... .......... .......... 63%  744K 17s
 27150K .......... .......... .......... .......... .......... 63%  847K 17s
 27200K .......... .......... .......... .......... .......... 64%  968K 16s
 27250K .......... .......... .......... .......... .......... 64%  858K 16s
 27300K .......... .......... .......... .......... .......... 64% 1.19M 16s
 27350K .......... .......... .......... .......... .......... 64% 1014K 16s
 27400K .......... .......... .......... .......... .......... 64% 1.21M 16s
 27450K .......... .......... .......... .......... .......... 64% 1015K 16s
 27500K .......... .......... .......... .......... .......... 64% 1.54M 16s
 27550K .......... .......... .......... .......... .......... 64% 1.28M 16s
 27600K .......... .......... .......... .......... .......... 65% 1.56M 16s
 27650K .......... .......... .......... .......... .......... 65%  521K 16s
 27700K .......... .......... .......... .......... .......... 65% 10.3M 16s
 27750K .......... .......... .......... .......... .......... 65% 5.28M 16s
 27800K .......... .......... .......... .......... .......... 65% 1.58M 16s
 27850K .......... .......... .......... .......... .......... 65% 1.19M 16s
 27900K .......... .......... .......... .......... .......... 65% 1.61M 16s
 27950K .......... .......... .......... .......... .......... 65% 1.03M 16s
 28000K .......... .......... .......... .......... .......... 65%  834K 16s
 28050K .......... .......... .......... .......... .......... 66%  559K 15s
 28100K .......... .......... .......... .......... .......... 66%  555K 15s
 28150K .......... .......... .......... .......... .......... 66%  834K 15s
 28200K .......... .......... .......... .......... .......... 66%  737K 15s
 28250K .......... .......... .......... .......... .......... 66%  903K 15s
 28300K .......... .......... .......... .......... .......... 66%  865K 15s
 28350K .......... .......... .......... .......... .......... 66%  867K 15s
 28400K .......... .......... .......... .......... .......... 66%  550K 15s
 28450K .......... .......... .......... .......... .......... 67%  559K 15s
 28500K .......... .......... .......... .......... .......... 67%  570K 15s
 28550K .......... .......... .......... .......... .......... 67%  815K 15s
 28600K .......... .......... .......... .......... .......... 67%  840K 15s
 28650K .......... .......... .......... .......... .......... 67%  838K 15s
 28700K .......... .......... .......... .......... .......... 67%  827K 15s
 28750K .......... .......... .......... .......... .......... 67%  552K 15s
 28800K .......... .......... .......... .......... .......... 67%  576K 15s
 28850K .......... .......... .......... .......... .......... 67%  812K 15s
 28900K .......... .......... .......... .......... .......... 68%  837K 15s
 28950K .......... .......... .......... .......... .......... 68%  852K 15s
 29000K .......... .......... .......... .......... .......... 68%  876K 15s
 29050K .......... .......... .......... .......... .......... 68% 1.42M 15s
 29100K .......... .......... .......... .......... .......... 68%  732K 14s
 29150K .......... .......... .......... .......... .......... 68% 1.85M 14s
 29200K .......... .......... .......... .......... .......... 68%  893K 14s
 29250K .......... .......... .......... .......... .......... 68% 1.46M 14s
 29300K .......... .......... .......... .......... .......... 68%  431K 14s
 29350K .......... .......... .......... .......... .......... 69%  419K 14s
 29400K .......... .......... .......... .......... .......... 69%  417K 14s
 29450K .......... .......... .......... .......... .......... 69%  410K 14s
 29500K .......... .......... .......... .......... .......... 69%  429K 14s
 29550K .......... .......... .......... .......... .......... 69%  827K 14s
 29600K .......... .......... .......... .......... .......... 69%  548K 14s
 29650K .......... .......... .......... .......... .......... 69%  562K 14s
 29700K .......... .......... .......... .......... .......... 69%  565K 14s
 29750K .......... .......... .......... .......... .......... 70%  814K 14s
 29800K .......... .......... .......... .......... .......... 70%  799K 14s
 29850K .......... .......... .......... .......... .......... 70%  869K 14s
 29900K .......... .......... .......... .......... .......... 70%  857K 14s
 29950K .......... .......... .......... .......... .......... 70% 1.49M 14s
 30000K .......... .......... .......... .......... .......... 70%  899K 14s
 30050K .......... .......... .......... .......... .......... 70% 1.47M 14s
 30100K .......... .......... .......... .......... .......... 70%  896K 14s
 30150K .......... .......... .......... .......... .......... 70% 1.45M 13s
 30200K .......... .......... .......... .......... .......... 71% 1.62M 13s
 30250K .......... .......... .......... .......... .......... 71%  895K 13s
 30300K .......... .......... .......... .......... .......... 71% 1.58M 13s
 30350K .......... .......... .......... .......... .......... 71% 1.52M 13s
 30400K .......... .......... .......... .......... .......... 71% 1.59M 13s
 30450K .......... .......... .......... .......... .......... 71% 1.43M 13s
 30500K .......... .......... .......... .......... .......... 71%  909K 13s
 30550K .......... .......... .......... .......... .......... 71% 1.88M 13s
 30600K .......... .......... .......... .......... .......... 72% 1.56M 13s
 30650K .......... .......... .......... .......... .......... 72% 1.65M 13s
 30700K .......... .......... .......... .......... .......... 72% 1.63M 13s
 30750K .......... .......... .......... .......... .......... 72% 1.65M 13s
 30800K .......... .......... .......... .......... .......... 72% 1.63M 13s
 30850K .......... .......... .......... .......... .......... 72% 1.64M 13s
 30900K .......... .......... .......... .......... .......... 72% 1.63M 13s
 30950K .......... .......... .......... .......... .......... 72% 1.74M 12s
 31000K .......... .......... .......... .......... .......... 72% 1.62M 12s
 31050K .......... .......... .......... .......... .......... 73% 5.06M 12s
 31100K .......... .......... .......... .......... .......... 73% 1.82M 12s
 31150K .......... .......... .......... .......... .......... 73% 1.65M 12s
 31200K .......... .......... .......... .......... .......... 73% 1.78M 12s
 31250K .......... .......... .......... .......... .......... 73% 1.71M 12s
 31300K .......... .......... .......... .......... .......... 73% 1.70M 12s
 31350K .......... .......... .......... .......... .......... 73% 1.74M 12s
 31400K .......... .......... .......... .......... .......... 73% 5.28M 12s
 31450K .......... .......... .......... .......... .......... 74% 1.78M 12s
 31500K .......... .......... .......... .......... .......... 74% 1.72M 12s
 31550K .......... .......... .......... .......... .......... 74% 1.80M 12s
 31600K .......... .......... .......... .......... .......... 74% 1.60M 12s
 31650K .......... .......... .......... .......... .......... 74% 3.68M 12s
 31700K .......... .......... .......... .......... .......... 74% 1.99M 12s
 31750K .......... .......... .......... .......... .......... 74% 1.87M 11s
 31800K .......... .......... .......... .......... .......... 74% 1.63M 11s
 31850K .......... .......... .......... .......... .......... 74% 1.87M 11s
 31900K .......... .......... .......... .......... .......... 75% 6.01M 11s
 31950K .......... .......... .......... .......... .......... 75% 1.74M 11s
 32000K .......... .......... .......... .......... .......... 75% 1.70M 11s
 32050K .......... .......... .......... .......... .......... 75% 1.91M 11s
 32100K .......... .......... .......... .......... .......... 75% 1.78M 11s
 32150K .......... .......... .......... .......... .......... 75% 5.49M 11s
 32200K .......... .......... .......... .......... .......... 75% 1.66M 11s
 32250K .......... .......... .......... .......... .......... 75% 1.88M 11s
 32300K .......... .......... .......... .......... .......... 76% 1.80M 11s
 32350K .......... .......... .......... .......... .......... 76% 1.67M 11s
 32400K .......... .......... .......... .......... .......... 76%  843K 11s
 32450K .......... .......... .......... .......... .......... 76%  548K 11s
 32500K .......... .......... .......... .......... .......... 76%  547K 11s
 32550K .......... .......... .......... .......... .......... 76%  803K 11s
 32600K .......... .......... .......... .......... .......... 76%  833K 10s
 32650K .......... .......... .......... .......... .......... 76%  837K 10s
 32700K .......... .......... .......... .......... .......... 76%  468K 10s
 32750K .......... .......... .......... .......... .......... 77%  698K 10s
 32800K .......... .......... .......... .......... .......... 77%  560K 10s
 32850K .......... .......... .......... .......... .......... 77%  830K 10s
 32900K .......... .......... .......... .......... .......... 77%  824K 10s
 32950K .......... .......... .......... .......... .......... 77%  767K 10s
 33000K .......... .......... .......... .......... .......... 77%  584K 10s
 33050K .......... .......... .......... .......... .......... 77%  566K 10s
 33100K .......... .......... .......... .......... .......... 77%  552K 10s
 33150K .......... .......... .......... .......... .......... 78%  564K 10s
 33200K .......... .......... .......... .......... .......... 78%  818K 10s
 33250K .......... .......... .......... .......... .......... 78%  545K 10s
 33300K .......... .......... .......... .......... .......... 78%  411K 10s
 33350K .......... .......... .......... .......... .......... 78%  551K 10s
 33400K .......... .......... .......... .......... .......... 78%  819K 10s
 33450K .......... .......... .......... .......... .......... 78%  791K 10s
 33500K .......... .......... .......... .......... .......... 78%  839K 10s
 33550K .......... .......... .......... .......... .......... 78%  771K 10s
 33600K .......... .......... .......... .......... .......... 79%  978K 10s
 33650K .......... .......... .......... .......... .......... 79%  855K 9s
 33700K .......... .......... .......... .......... .......... 79% 1.37M 9s
 33750K .......... .......... .......... .......... .......... 79%  902K 9s
 33800K .......... .......... .......... .......... .......... 79% 1.52M 9s
 33850K .......... .......... .......... .......... .......... 79%  512K 9s
 33900K .......... .......... .......... .......... .......... 79%  433K 9s
 33950K .......... .......... .......... .......... .......... 79%  556K 9s
 34000K .......... .......... .......... .......... .......... 80%  554K 9s
 34050K .......... .......... .......... .......... .......... 80%  848K 9s
 34100K .......... .......... .......... .......... .......... 80%  818K 9s
 34150K .......... .......... .......... .......... .......... 80%  848K 9s
 34200K .......... .......... .......... .......... .......... 80%  839K 9s
 34250K .......... .......... .......... .......... .......... 80%  847K 9s
 34300K .......... .......... .......... .......... .......... 80% 1.55M 9s
 34350K .......... .......... .......... .......... .......... 80%  660K 9s
 34400K .......... .......... .......... .......... .......... 80% 1.77M 9s
 34450K .......... .......... .......... .......... .......... 81% 1.10M 9s
 34500K .......... .......... .......... .......... .......... 81% 1.19M 9s
 34550K .......... .......... .......... .......... .......... 81% 1.71M 9s
 34600K .......... .......... .......... .......... .......... 81% 1005K 8s
 34650K .......... .......... .......... .......... .......... 81% 1.38M 8s
 34700K .......... .......... .......... .......... .......... 81% 1.72M 8s
 34750K .......... .......... .......... .......... .......... 81% 1.09M 8s
 34800K .......... .......... .......... .......... .......... 81% 1.38M 8s
 34850K .......... .......... .......... .......... .......... 82% 1.41M 8s
 34900K .......... .......... .......... .......... .......... 82% 1.75M 8s
 34950K .......... .......... .......... .......... .......... 82% 1.11M 8s
 35000K .......... .......... .......... .......... .......... 82% 1.75M 8s
 35050K .......... .......... .......... .......... .......... 82% 1.52M 8s
 35100K .......... .......... .......... .......... .......... 82% 2.03M 8s
 35150K .......... .......... .......... .......... .......... 82% 1.53M 8s
 35200K .......... .......... .......... .......... .......... 82% 2.37M 8s
 35250K .......... .......... .......... .......... .......... 82% 3.56M 8s
 35300K .......... .......... .......... .......... .......... 83% 1.92M 8s
 35350K .......... .......... .......... .......... .......... 83% 1.22M 8s
 35400K .......... .......... .......... .......... .......... 83% 1.08M 8s
 35450K .......... .......... .......... .......... .......... 83%  828K 8s
 35500K .......... .......... .......... .......... .......... 83%  543K 7s
 35550K .......... .......... .......... .......... .......... 83% 10.4K 8s
 35600K .......... .......... .......... .......... .......... 83%  423K 8s
 35650K .......... .......... .......... .......... .......... 83%  992K 8s
 35700K .......... .......... .......... .......... .......... 84% 6.02M 8s
 35750K .......... .......... .......... .......... .......... 84% 9.82M 8s
 35800K .......... .......... .......... .......... .......... 84% 8.46M 8s
 35850K .......... .......... .......... .......... .......... 84% 8.39M 8s
 35900K .......... .......... .......... .......... .......... 84% 9.49M 8s
 35950K .......... .......... .......... .......... .......... 84% 9.77M 8s
 36000K .......... .......... .......... .......... .......... 84% 9.73M 8s
 36050K .......... .......... .......... .......... .......... 84% 9.64M 8s
 36100K .......... .......... .......... .......... .......... 84% 9.70M 8s
 36150K .......... .......... .......... .......... .......... 85% 8.21M 8s
 36200K .......... .......... .......... .......... .......... 85% 2.00M 7s
 36250K .......... .......... .......... .......... .......... 85% 2.15M 7s
 36300K .......... .......... .......... .......... .......... 85% 1.79M 7s
 36350K .......... .......... .......... .......... .......... 85% 1.76M 7s
 36400K .......... .......... .......... .......... .......... 85% 1.80M 7s
 36450K .......... .......... .......... .......... .......... 85% 1.73M 7s
 36500K .......... .......... .......... .......... .......... 85% 1.86M 7s
 36550K .......... .......... .......... .......... .......... 86% 1.80M 7s
 36600K .......... .......... .......... .......... .......... 86% 1.88M 7s
 36650K .......... .......... .......... .......... .......... 86% 1.89M 7s
 36700K .......... .......... .......... .......... .......... 86% 1.86M 7s
 36750K .......... .......... .......... .......... .......... 86% 1.60M 7s
 36800K .......... .......... .......... .......... .......... 86% 4.55M 7s
 36850K .......... .......... .......... .......... .......... 86% 2.40M 7s
 36900K .......... .......... .......... .......... .......... 86% 1.78M 7s
 36950K .......... .......... .......... .......... .......... 86% 1.79M 6s
 37000K .......... .......... .......... .......... .......... 87% 1.78M 6s
 37050K .......... .......... .......... .......... .......... 87% 1.95M 6s
 37100K .......... .......... .......... .......... .......... 87% 1.62M 6s
 37150K .......... .......... .......... .......... .......... 87% 2.01M 6s
 37200K .......... .......... .......... .......... .......... 87% 4.27M 6s
 37250K .......... .......... .......... .......... .......... 87% 1.99M 6s
 37300K .......... .......... .......... .......... .......... 87% 1.86M 6s
 37350K .......... .......... .......... .......... .......... 87% 1.89M 6s
 37400K .......... .......... .......... .......... .......... 88% 1.87M 6s
 37450K .......... .......... .......... .......... .......... 88% 2.23M 6s
 37500K .......... .......... .......... .......... .......... 88% 1.16M 6s
 37550K .......... .......... .......... .......... .......... 88%  832K 6s
 37600K .......... .......... .......... .......... .......... 88%  420K 6s
 37650K .......... .......... .......... .......... .......... 88%  557K 6s
 37700K .......... .......... .......... .......... .......... 88%  561K 6s
 37750K .......... .......... .......... .......... .......... 88%  784K 6s
 37800K .......... .......... .......... .......... .......... 88%  899K 5s
 37850K .......... .......... .......... .......... .......... 89%  854K 5s
 37900K .......... .......... .......... .......... .......... 89% 1.49M 5s
 37950K .......... .......... .......... .......... .......... 89%  835K 5s
 38000K .......... .......... .......... .......... .......... 89%  841K 5s
 38050K .......... .......... .......... .......... .......... 89%  462K 5s
 38100K .......... .......... .......... .......... .......... 89% 1.18M 5s
 38150K .......... .......... .......... .......... .......... 89%  550K 5s
 38200K .......... .......... .......... .......... .......... 89%  839K 5s
 38250K .......... .......... .......... .......... .......... 90%  736K 5s
 38300K .......... .......... .......... .......... .......... 90%  957K 5s
 38350K .......... .......... .......... .......... .......... 90%  836K 5s
 38400K .......... .......... .......... .......... .......... 90% 1.50M 5s
 38450K .......... .......... .......... .......... .......... 90%  814K 5s
 38500K .......... .......... .......... .......... .......... 90% 1.76M 5s
 38550K .......... .......... .......... .......... .......... 90%  830K 5s
 38600K .......... .......... .......... .......... .......... 90%  582K 5s
 38650K .......... .......... .......... .......... .......... 90%  337K 4s
 38700K .......... .......... .......... .......... .......... 91%  521K 4s
 38750K .......... .......... .......... .......... .......... 91%  592K 4s
 38800K .......... .......... .......... .......... .......... 91%  560K 4s
 38850K .......... .......... .......... .......... .......... 91%  864K 4s
 38900K .......... .......... .......... .......... .......... 91%  823K 4s
 38950K .......... .......... .......... .......... .......... 91% 1.49M 4s
 39000K .......... .......... .......... .......... .......... 91%  864K 4s
 39050K .......... .......... .......... .......... .......... 91% 1.48M 4s
 39100K .......... .......... .......... .......... .......... 92%  887K 4s
 39150K .......... .......... .......... .......... .......... 92% 1.49M 4s
 39200K .......... .......... .......... .......... .......... 92%  843K 4s
 39250K .......... .......... .......... .......... .......... 92% 1.53M 4s
 39300K .......... .......... .......... .......... .......... 92% 1.51M 4s
 39350K .......... .......... .......... .......... .......... 92% 1.49M 4s
 39400K .......... .......... .......... .......... .......... 92%  981K 4s
 39450K .......... .......... .......... .......... .......... 92% 1.62M 4s
 39500K .......... .......... .......... .......... .......... 92% 1.62M 3s
 39550K .......... .......... .......... .......... .......... 93% 1.59M 3s
 39600K .......... .......... .......... .......... .......... 93% 1.60M 3s
 39650K .......... .......... .......... .......... .......... 93% 1.65M 3s
 39700K .......... .......... .......... .......... .......... 93% 1.63M 3s
 39750K .......... .......... .......... .......... .......... 93% 1.62M 3s
 39800K .......... .......... .......... .......... .......... 93% 1.61M 3s
 39850K .......... .......... .......... .......... .......... 93%  850K 3s
 39900K .......... .......... .......... .......... .......... 93%  426K 3s
 39950K .......... .......... .......... .......... .......... 94%  801K 3s
 40000K .......... .......... .......... .......... .......... 94%  816K 3s
 40050K .......... .......... .......... .......... .......... 94%  596K 3s
 40100K .......... .......... .......... .......... .......... 94% 1.35M 3s
 40150K .......... .......... .......... .......... .......... 94%  844K 3s
 40200K .......... .......... .......... .......... .......... 94% 1.57M 3s
 40250K .......... .......... .......... .......... .......... 94%  845K 3s
 40300K .......... .......... .......... .......... .......... 94%  562K 3s
 40350K .......... .......... .......... .......... .......... 94%  333K 2s
 40400K .......... .......... .......... .......... .......... 95%  556K 2s
 40450K .......... .......... .......... .......... .......... 95%  557K 2s
 40500K .......... .......... .......... .......... .......... 95%  843K 2s
 40550K .......... .......... .......... .......... .......... 95%  835K 2s
 40600K .......... .......... .......... .......... .......... 95%  835K 2s
 40650K .......... .......... .......... .......... .......... 95%  844K 2s
 40700K .......... .......... .......... .......... .......... 95%  862K 2s
 40750K .......... .......... .......... .......... .......... 95% 1.53M 2s
 40800K .......... .......... .......... .......... .......... 96%  862K 2s
 40850K .......... .......... .......... .......... .......... 96% 1.56M 2s
 40900K .......... .......... .......... .......... .......... 96% 1.56M 2s
 40950K .......... .......... .......... .......... .......... 96%  875K 2s
 41000K .......... .......... .......... .......... .......... 96% 1.56M 2s
 41050K .......... .......... .......... .......... .......... 96% 1.57M 2s
 41100K .......... .......... .......... .......... .......... 96% 1.43M 2s
 41150K .......... .......... .......... .......... .......... 96%  941K 2s
 41200K .......... .......... .......... .......... .......... 96% 1.60M 1s
 41250K .......... .......... .......... .......... .......... 97% 1.57M 1s
 41300K .......... .......... .......... .......... .......... 97% 1.63M 1s
 41350K .......... .......... .......... .......... .......... 97% 1.59M 1s
 41400K .......... .......... .......... .......... .......... 97% 1.62M 1s
 41450K .......... .......... .......... .......... .......... 97% 1.65M 1s
 41500K .......... .......... .......... .......... .......... 97% 1.63M 1s
 41550K .......... .......... .......... .......... .......... 97% 1.65M 1s
 41600K .......... .......... .......... .......... .......... 97% 1.64M 1s
 41650K .......... .......... .......... .......... .......... 98% 1.63M 1s
 41700K .......... .......... .......... .......... .......... 98% 1.67M 1s
 41750K .......... .......... .......... .......... .......... 98% 1.69M 1s
 41800K .......... .......... .......... .......... .......... 98% 1.57M 1s
 41850K .......... .......... .......... .......... .......... 98% 6.15M 1s
 41900K .......... .......... .......... .......... .......... 98% 1.68M 1s
 41950K .......... .......... .......... .......... .......... 98% 1.76M 1s
 42000K .......... .......... .......... .......... .......... 98% 1.25M 1s
 42050K .......... .......... .......... .......... .......... 98% 2.45M 1s
 42100K .......... .......... .......... .......... .......... 99% 1.69M 0s
 42150K .......... .......... .......... .......... .......... 99% 6.05M 0s
 42200K .......... .......... .......... .......... .......... 99% 2.00M 0s
 42250K .......... .......... .......... .......... .......... 99% 1.80M 0s
 42300K .......... .......... .......... .......... .......... 99% 1.63M 0s
 42350K .......... .......... .......... .......... .......... 99% 1.80M 0s
 42400K .......... .......... .......... .......... .......... 99% 6.34M 0s
 42450K .......... .......... .......... .......... .......... 99% 1.81M 0s
 42500K .......... .......... .......... .......              100% 1.34M=49s

2017-02-16 14:47:09 (873 KB/s) - `cjzq.apk' saved [43558015/43558015]

