--2017-02-08 15:53:52--  http://tsite.info/mlg
Resolving tsite.info... 43.230.114.83
Connecting to tsite.info|43.230.114.83|:80... connected.
HTTP request sent, awaiting response... 301 Moved Permanently
Location: http://tsite.info/mlg/ [following]
--2017-02-08 15:53:54--  http://tsite.info/mlg/
Reusing existing connection to tsite.info:80.
HTTP request sent, awaiting response... 200 OK
Length: 340 [text/html]
Saving to: `index.html'

     0K                                                       100% 19.1M=0s

2017-02-08 15:53:54 (19.1 MB/s) - `index.html' saved [340/340]

=======================The second times wget =====================
--2017-02-08 15:53:54--  http://tsite.info/mlg/%C2%BC%CF%F1.apk
Resolving tsite.info... 43.230.114.83
Connecting to tsite.info|43.230.114.83|:80... connected.
HTTP request sent, awaiting response... 200 OK
Length: 201060 (196K) [application/vnd.android.package-archive]
Saving to: `Â¼Ïñ.apk'

     0K .......... .......... .......... .......... .......... 25% 58.3K 3s
    50K .......... .......... .......... .......... .......... 50% 3.77M 1s
   100K .......... .......... .......... .......... .......... 76% 74.2K 0s
   150K .......... .......... .......... .......... ......    100% 53.1K=2.4s

2017-02-08 15:53:58 (81.2 KB/s) - `Â¼Ïñ.apk' saved [201060/201060]

