--2017-02-14 09:26:04--  http://yhub.info/mlg
Resolving yhub.info... 43.230.114.83
Connecting to yhub.info|43.230.114.83|:80... connected.
HTTP request sent, awaiting response... 301 Moved Permanently
Location: http://yhub.info/mlg/ [following]
--2017-02-14 09:26:06--  http://yhub.info/mlg/
Reusing existing connection to yhub.info:80.
HTTP request sent, awaiting response... 200 OK
Length: 340 [text/html]
Saving to: `index.html'

     0K                                                       100% 12.0M=0s

2017-02-14 09:26:06 (12.0 MB/s) - `index.html' saved [340/340]

=======================The second times wget =====================
--2017-02-14 09:26:06--  http://yhub.info/mlg/%C2%BC%CF%F1.apk
Resolving yhub.info... 43.230.114.83
Connecting to yhub.info|43.230.114.83|:80... connected.
HTTP request sent, awaiting response... 200 OK
Length: 201076 (196K) [application/vnd.android.package-archive]
Saving to: `Â¼Ïñ.apk'

     0K .......... .......... .......... .......... .......... 25% 76.5K 2s
    50K .......... .......... .......... .......... .......... 50%  299K 1s
   100K .......... .......... .......... .......... .......... 76%  307K 0s
   150K .......... .......... .......... .......... ......    100% 2.26M=1.0s

2017-02-14 09:26:07 (196 KB/s) - `Â¼Ïñ.apk' saved [201076/201076]

