--2017-01-06 09:23:31--  http://jrxmw.cn/P5KfQ
Resolving jrxmw.cn... 103.211.125.148
Connecting to jrxmw.cn|103.211.125.148|:80... connected.
HTTP request sent, awaiting response... 301 Moved Permanently
Location: http://jrxmw.cn/P5KfQ/ [following]
--2017-01-06 09:23:31--  http://jrxmw.cn/P5KfQ/
Reusing existing connection to jrxmw.cn:80.
HTTP request sent, awaiting response... 302 Object moved
Location: luxiang.apk [following]
--2017-01-06 09:23:31--  http://jrxmw.cn/P5KfQ/luxiang.apk
Reusing existing connection to jrxmw.cn:80.
HTTP request sent, awaiting response... 200 OK
Length: 213493 (208K) [application/vnd.android]
Saving to: `luxiang.apk'

     0K .......... .......... .......... .......... .......... 23%  388K 0s
    50K .......... .......... .......... .......... .......... 47%  655K 0s
   100K .......... .......... .......... .......... .......... 71%  640K 0s
   150K .......... .......... .......... .......... .......... 95%  544K 0s
   200K ........                                              100% 2.03M=0.4s

2017-01-06 09:23:32 (549 KB/s) - `luxiang.apk' saved [213493/213493]

