--2017-02-16 14:16:29--  http://lday.info/m8
Resolving lday.info... 43.230.112.228
Connecting to lday.info|43.230.112.228|:80... connected.
HTTP request sent, awaiting response... 301 Moved Permanently
Location: http://lday.info/m8/ [following]
--2017-02-16 14:16:36--  http://lday.info/m8/
Reusing existing connection to lday.info:80.
HTTP request sent, awaiting response... 200 OK
Length: 340 [text/html]
Saving to: `index.html'

     0K                                                       100% 23.2M=0s

2017-02-16 14:16:36 (23.2 MB/s) - `index.html' saved [340/340]

=======================The second times wget =====================
--2017-02-16 14:16:36--  http://lday.info/m8/%C2%BC%CF%F1.apk
Resolving lday.info... 43.230.112.228
Connecting to lday.info|43.230.112.228|:80... connected.
HTTP request sent, awaiting response... 200 OK
Length: 201067 (196K) [application/vnd.android.package-archive]
Saving to: `Â¼Ïñ.apk'

     0K .......... .......... .......... .......... .......... 25% 98.4K 1s
    50K .......... .......... .......... .......... .......... 50%  293K 1s
   100K .......... .......... .......... .......... .......... 76% 4.02M 0s
   150K .......... .......... .......... .......... ......    100%  269K=0.9s

2017-02-16 14:16:41 (228 KB/s) - `Â¼Ïñ.apk' saved [201067/201067]

