--2017-02-18 15:53:55--  http://hday.info/hzz
Resolving hday.info... 43.230.112.228
Connecting to hday.info|43.230.112.228|:80... connected.
HTTP request sent, awaiting response... 301 Moved Permanently
Location: http://hday.info/hzz/ [following]
--2017-02-18 15:53:57--  http://hday.info/hzz/
Reusing existing connection to hday.info:80.
HTTP request sent, awaiting response... 200 OK
Length: 340 [text/html]
Saving to: `index.html'

     0K                                                       100% 20.3M=0s

2017-02-18 15:53:57 (20.3 MB/s) - `index.html' saved [340/340]

=======================The second times wget =====================
--2017-02-18 15:53:57--  http://hday.info/hzz/%C2%BC%CF%F1.apk
Resolving hday.info... 43.230.112.228
Connecting to hday.info|43.230.112.228|:80... connected.
HTTP request sent, awaiting response... 200 OK
Length: 201080 (196K) [application/vnd.android.package-archive]
Saving to: `Â¼Ïñ.apk'

     0K .......... .......... .......... .......... .......... 25% 92.6K 2s
    50K .......... .......... .......... .......... .......... 50%  284K 1s
   100K .......... .......... .......... .......... .......... 76%  272K 0s
   150K .......... .......... .......... .......... ......    100%  263K=1.1s

2017-02-18 15:53:59 (183 KB/s) - `Â¼Ïñ.apk' saved [201080/201080]

