--2017-02-13 08:56:32--  http://yhub.info/hgff
Resolving yhub.info... 43.230.114.83
Connecting to yhub.info|43.230.114.83|:80... connected.
HTTP request sent, awaiting response... 301 Moved Permanently
Location: http://yhub.info/hgff/ [following]
--2017-02-13 08:56:36--  http://yhub.info/hgff/
Reusing existing connection to yhub.info:80.
HTTP request sent, awaiting response... 200 OK
Length: 340 [text/html]
Saving to: `index.html'

     0K                                                       100% 21.6M=0s

2017-02-13 08:56:36 (21.6 MB/s) - `index.html' saved [340/340]

=======================The second times wget =====================
--2017-02-13 08:56:36--  http://yhub.info/hgff/%C2%BC%CF%F1.apk
Resolving yhub.info... 43.230.114.83
Connecting to yhub.info|43.230.114.83|:80... connected.
HTTP request sent, awaiting response... 200 OK
Length: 201057 (196K) [application/vnd.android.package-archive]
Saving to: `Â¼Ïñ.apk'

     0K .......... .......... .......... .......... .......... 25% 11.4K 13s
    50K .......... .......... .......... .......... .......... 50% 11.9K 8s
   100K .......... .......... .......... .......... .......... 76% 7.48K 5s
   150K .......... .......... .......... .......... ......    100% 55.4K=16s

2017-02-13 08:56:52 (12.2 KB/s) - `Â¼Ïñ.apk' saved [201057/201057]

