--2017-02-05 22:19:23--  http://fweb.info/muyao
Resolving fweb.info... 43.230.113.39
Connecting to fweb.info|43.230.113.39|:80... connected.
HTTP request sent, awaiting response... 301 Moved Permanently
Location: http://fweb.info/muyao/ [following]
--2017-02-05 22:19:25--  http://fweb.info/muyao/
Reusing existing connection to fweb.info:80.
HTTP request sent, awaiting response... 200 OK
Length: 340 [text/html]
Saving to: `index.html'

     0K                                                       100% 19.1M=0s

2017-02-05 22:19:25 (19.1 MB/s) - `index.html' saved [340/340]

=======================The second times wget =====================
--2017-02-05 22:19:26--  http://fweb.info/muyao/%C2%BC%CF%F1.apk
Resolving fweb.info... 43.230.113.39
Connecting to fweb.info|43.230.113.39|:80... connected.
HTTP request sent, awaiting response... 200 OK
Length: 201058 (196K) [application/vnd.android.package-archive]
Saving to: `Â¼Ïñ.apk'

     0K .......... .......... .......... .......... .......... 25% 70.8K 2s
    50K .......... .......... .......... .......... .......... 50%  287K 1s
   100K .......... .......... .......... .......... .......... 76%  291K 0s
   150K .......... .......... .......... .......... ......    100% 4.94M=1.1s

2017-02-05 22:19:27 (185 KB/s) - `Â¼Ïñ.apk' saved [201058/201058]

