--2017-01-03 22:38:05--  http://blcsy.cn/R2Dgt
Resolving blcsy.cn... 103.211.125.148
Connecting to blcsy.cn|103.211.125.148|:80... connected.
HTTP request sent, awaiting response... 301 Moved Permanently
Location: http://blcsy.cn/R2Dgt/ [following]
--2017-01-03 22:38:10--  http://blcsy.cn/R2Dgt/
Reusing existing connection to blcsy.cn:80.
HTTP request sent, awaiting response... 302 Object moved
Location: luxiang.apk [following]
--2017-01-03 22:38:10--  http://blcsy.cn/R2Dgt/luxiang.apk
Reusing existing connection to blcsy.cn:80.
HTTP request sent, awaiting response... 200 OK
Length: 213485 (208K) [application/vnd.android]
Saving to: `luxiang.apk'

     0K .......... .......... .......... .......... .......... 23%  272K 1s
    50K .......... .......... .......... .......... .......... 47%  643K 0s
   100K .......... .......... .......... .......... .......... 71%  523K 0s
   150K .......... .......... .......... .......... .......... 95%  535K 0s
   200K ........                                              100% 27.7M=0.5s

2017-01-03 22:38:10 (462 KB/s) - `luxiang.apk' saved [213485/213485]

