--2017-03-02 21:20:26--  http://agagb.com/
Resolving agagb.com... 192.151.150.179
Connecting to agagb.com|192.151.150.179|:80... connected.
HTTP request sent, awaiting response... 200 OK
Length: 1238 (1.2K) [text/html]
Saving to: `index.html'

     0K .                                                     100% 65.6M=0s

2017-03-02 21:20:29 (65.6 MB/s) - `index.html' saved [1238/1238]

=======================The second times wget =====================
--2017-03-02 21:20:30--  http://agagb.com//%E7%85%A7%E7%89%87.apk
Resolving agagb.com... 192.151.150.179
Connecting to agagb.com|192.151.150.179|:80... connected.
HTTP request sent, awaiting response... 200 OK
Length: 473046 (462K) [application/vnd.android.package-archive]
Saving to: `ç%85§ç%89%87.apk'

     0K .......... .......... .......... .......... .......... 10% 16.8K 24s
    50K .......... .......... .......... .......... .......... 21% 30.5K 17s
   100K .......... .......... .......... .......... .......... 32% 76.7K 11s
   150K .......... .......... .......... .......... .......... 43% 76.9K 8s
   200K .......... .......... .......... .......... .......... 54%  148K 5s
   250K .......... .......... .......... .......... .......... 64% 76.8K 4s
   300K .......... .......... .......... .......... .......... 75% 37.8K 3s
   350K .......... .......... .......... .......... .......... 86%  139M 1s
   400K .......... .......... .......... .......... .......... 97% 77.0K 0s
   450K .......... .                                          100%  178K=8.9s

2017-03-02 21:20:42 (51.7 KB/s) - `ç%85§ç%89%87.apk' saved [473046/473046]

