--2016-12-27 19:58:48--  http://t.cn/RchrV90
Resolving t.cn... 180.149.135.224
Connecting to t.cn|180.149.135.224|:80... connected.
HTTP request sent, awaiting response... 302 Found
Location: http://hn93.10006.info/hn_ty/ty?n=UVQ= [following]
--2016-12-27 19:58:49--  http://hn93.10006.info/hn_ty/ty?n=UVQ=
Resolving hn93.10006.info... 218.77.121.93
Connecting to hn93.10006.info|218.77.121.93|:80... connected.
HTTP request sent, awaiting response... 200 OK
Length: 1891 (1.8K) [text/html]
Saving to: `ty?n=UVQ='

     0K .                                                     100%  139M=0s

2016-12-27 19:58:49 (139 MB/s) - `ty?n=UVQ=' saved [1891/1891]

=======================The second times wget =====================
--2016-12-27 19:58:49--  http://api.tv189.com/v2/115020310221__02870121.apk?
Resolving api.tv189.com... 180.153.149.13
Connecting to api.tv189.com|180.153.149.13|:80... connected.
HTTP request sent, awaiting response... 302 Moved Temporarily
Location: http://lteams.tv189.com/uploads/client/2016-12-23/Com_TYSX_VIDEO_PLUS_5.3.14.xx_gt_5.3.14.20ctch1_AD_P_20161221_02870121.apk [following]
--2016-12-27 19:58:50--  http://lteams.tv189.com/uploads/client/2016-12-23/Com_TYSX_VIDEO_PLUS_5.3.14.xx_gt_5.3.14.20ctch1_AD_P_20161221_02870121.apk
Resolving lteams.tv189.com... 180.153.149.15
Connecting to lteams.tv189.com|180.153.149.15|:80... connected.
HTTP request sent, awaiting response... 200 OK
Length: 10873969 (10M) [application/vnd.android.package-archive]
Saving to: `Com_TYSX_VIDEO_PLUS_5.3.14.xx_gt_5.3.14.20ctch1_AD_P_20161221_02870121.apk'

     0K .......... .......... .......... .......... ..........  0%  555K 19s
    50K .......... .......... .......... .......... ..........  0%  554K 19s
   100K .......... .......... .......... .......... ..........  1%  834K 17s
   150K .......... .......... .......... .......... ..........  1%  419K 19s
   200K .......... .......... .......... .......... ..........  2%  421K 20s
   250K .......... .......... .......... .......... ..........  2%  334K 22s
   300K .......... .......... .......... .......... ..........  3%  280K 24s
   350K .......... .......... .......... .......... ..........  3%  176K 28s
   400K .......... .......... .......... .......... ..........  4%  102K 36s
   450K .......... .......... .......... .......... ..........  4%  167K 38s
   500K .......... .......... .......... .......... ..........  5%  140K 41s
   550K .......... .......... .......... .......... ..........  5%  116K 44s
   600K .......... .......... .......... .......... ..........  6% 88.0K 50s
   650K .......... .......... .......... .......... ..........  6%  170K 50s
   700K .......... .......... .......... .......... ..........  7%  173K 50s
   750K .......... .......... .......... .......... ..........  7%  261K 49s
   800K .......... .......... .......... .......... ..........  8%  210K 49s
   850K .......... .......... .......... .......... ..........  8%  175K 49s
   900K .......... .......... .......... .......... ..........  8%  227K 48s
   950K .......... .......... .......... .......... ..........  9%  191K 48s
  1000K .......... .......... .......... .......... ..........  9%  241K 48s
  1050K .......... .......... .......... .......... .......... 10%  265K 47s
  1100K .......... .......... .......... .......... .......... 10%  275K 46s
  1150K .......... .......... .......... .......... .......... 11%  221K 46s
  1200K .......... .......... .......... .......... .......... 11%  279K 45s
  1250K .......... .......... .......... .......... .......... 12%  316K 44s
  1300K .......... .......... .......... .......... .......... 12%  335K 43s
  1350K .......... .......... .......... .......... .......... 13%  334K 42s
  1400K .......... .......... .......... .......... .......... 13%  249K 42s
  1450K .......... .......... .......... .......... .......... 14%  238K 42s
  1500K .......... .......... .......... .......... .......... 14%  272K 41s
  1550K .......... .......... .......... .......... .......... 15%  240K 41s
  1600K .......... .......... .......... .......... .......... 15%  335K 40s
  1650K .......... .......... .......... .......... .......... 16%  191K 40s
  1700K .......... .......... .......... .......... .......... 16%  228K 40s
  1750K .......... .......... .......... .......... .......... 16%  212K 40s
  1800K .......... .......... .......... .......... .......... 17%  297K 39s
  1850K .......... .......... .......... .......... .......... 17%  270K 39s
  1900K .......... .......... .......... .......... .......... 18%  192K 39s
  1950K .......... .......... .......... .......... .......... 18%  209K 39s
  2000K .......... .......... .......... .......... .......... 19%  213K 39s
  2050K .......... .......... .......... .......... .......... 19%  186K 38s
  2100K .......... .......... .......... .......... .......... 20%  209K 38s
  2150K .......... .......... .......... .......... .......... 20%  278K 38s
  2200K .......... .......... .......... .......... .......... 21%  279K 37s
  2250K .......... .......... .......... .......... .......... 21%  322K 37s
  2300K .......... .......... .......... .......... .......... 22%  219K 37s
  2350K .......... .......... .......... .......... .......... 22%  191K 37s
  2400K .......... .......... .......... .......... .......... 23%  238K 36s
  2450K .......... .......... .......... .......... .......... 23%  186K 36s
  2500K .......... .......... .......... .......... .......... 24%  259K 36s
  2550K .......... .......... .......... .......... .......... 24%  228K 36s
  2600K .......... .......... .......... .......... .......... 24%  278K 35s
  2650K .......... .......... .......... .......... .......... 25%  239K 35s
  2700K .......... .......... .......... .......... .......... 25%  152K 35s
  2750K .......... .......... .......... .......... .......... 26%  171K 35s
  2800K .......... .......... .......... .......... .......... 26%  167K 35s
  2850K .......... .......... .......... .......... .......... 27%  186K 35s
  2900K .......... .......... .......... .......... .......... 27%  186K 35s
  2950K .......... .......... .......... .......... .......... 28%  193K 35s
  3000K .......... .......... .......... .......... .......... 28%  206K 35s
  3050K .......... .......... .......... .......... .......... 29%  278K 34s
  3100K .......... .......... .......... .......... .......... 29%  239K 34s
  3150K .......... .......... .......... .......... .......... 30%  210K 34s
  3200K .......... .......... .......... .......... .......... 30%  231K 34s
  3250K .......... .......... .......... .......... .......... 31%  158K 34s
  3300K .......... .......... .......... .......... .......... 31%  239K 33s
  3350K .......... .......... .......... .......... .......... 32%  167K 33s
  3400K .......... .......... .......... .......... .......... 32%  185K 33s
  3450K .......... .......... .......... .......... .......... 32%  249K 33s
  3500K .......... .......... .......... .......... .......... 33%  150K 33s
  3550K .......... .......... .......... .......... .......... 33%  209K 33s
  3600K .......... .......... .......... .......... .......... 34%  238K 32s
  3650K .......... .......... .......... .......... .......... 34%  199K 32s
  3700K .......... .......... .......... .......... .......... 35%  226K 32s
  3750K .......... .......... .......... .......... .......... 35%  239K 32s
  3800K .......... .......... .......... .......... .......... 36%  167K 31s
  3850K .......... .......... .......... .......... .......... 36%  186K 31s
  3900K .......... .......... .......... .......... .......... 37%  223K 31s
  3950K .......... .......... .......... .......... .......... 37%  209K 31s
  4000K .......... .......... .......... .......... .......... 38%  186K 31s
  4050K .......... .......... .......... .......... .......... 38%  209K 30s
  4100K .......... .......... .......... .......... .......... 39%  239K 30s
  4150K .......... .......... .......... .......... .......... 39%  253K 30s
  4200K .......... .......... .......... .......... .......... 40%  119K 30s
  4250K .......... .......... .......... .......... .......... 40%  186K 30s
  4300K .......... .......... .......... .......... .......... 40%  239K 29s
  4350K .......... .......... .......... .......... .......... 41%  251K 29s
  4400K .......... .......... .......... .......... .......... 41%  149K 29s
  4450K .......... .......... .......... .......... .......... 42%  238K 29s
  4500K .......... .......... .......... .......... .......... 42%  209K 29s
  4550K .......... .......... .......... .......... .......... 43%  209K 28s
  4600K .......... .......... .......... .......... .......... 43%  173K 28s
  4650K .......... .......... .......... .......... .......... 44%  278K 28s
  4700K .......... .......... .......... .......... .......... 44%  239K 28s
  4750K .......... .......... .......... .......... .......... 45%  240K 27s
  4800K .......... .......... .......... .......... .......... 45%  166K 27s
  4850K .......... .......... .......... .......... .......... 46% 87.0K 27s
  4900K .......... .......... .......... .......... .......... 46%  209K 27s
  4950K .......... .......... .......... .......... .......... 47%  279K 27s
  5000K .......... .......... .......... .......... .......... 47%  267K 26s
  5050K .......... .......... .......... .......... .......... 48%  222K 26s
  5100K .......... .......... .......... .......... .......... 48%  278K 26s
  5150K .......... .......... .......... .......... .......... 48%  209K 26s
  5200K .......... .......... .......... .......... .......... 49%  278K 25s
  5250K .......... .......... .......... .......... .......... 49%  239K 25s
  5300K .......... .......... .......... .......... .......... 50%  192K 25s
  5350K .......... .......... .......... .......... .......... 50%  209K 25s
  5400K .......... .......... .......... .......... .......... 51%  278K 24s
  5450K .......... .......... .......... .......... .......... 51%  209K 24s
  5500K .......... .......... .......... .......... .......... 52%  209K 24s
  5550K .......... .......... .......... .......... .......... 52%  245K 24s
  5600K .......... .......... .......... .......... .......... 53%  209K 23s
  5650K .......... .......... .......... .......... .......... 53%  186K 23s
  5700K .......... .......... .......... .......... .......... 54%  239K 23s
  5750K .......... .......... .......... .......... .......... 54%  279K 23s
  5800K .......... .......... .......... .......... .......... 55%  170K 22s
  5850K .......... .......... .......... .......... .......... 55%  139K 22s
  5900K .......... .......... .......... .......... .......... 56%  129K 22s
  5950K .......... .......... .......... .......... .......... 56%  155K 22s
  6000K .......... .......... .......... .......... .......... 56%  206K 22s
  6050K .......... .......... .......... .......... .......... 57%  239K 22s
  6100K .......... .......... .......... .......... .......... 57%  186K 21s
  6150K .......... .......... .......... .......... .......... 58%  209K 21s
  6200K .......... .......... .......... .......... .......... 58%  171K 21s
  6250K .......... .......... .......... .......... .......... 59%  239K 21s
  6300K .......... .......... .......... .......... .......... 59%  278K 20s
  6350K .......... .......... .......... .......... .......... 60%  239K 20s
  6400K .......... .......... .......... .......... .......... 60%  209K 20s
  6450K .......... .......... .......... .......... .......... 61%  155K 20s
  6500K .......... .......... .......... .......... .......... 61%  185K 19s
  6550K .......... .......... .......... .......... .......... 62%  209K 19s
  6600K .......... .......... .......... .......... .......... 62%  278K 19s
  6650K .......... .......... .......... .......... .......... 63%  202K 19s
  6700K .......... .......... .......... .......... .......... 63%  222K 18s
  6750K .......... .......... .......... .......... .......... 64%  239K 18s
  6800K .......... .......... .......... .......... .......... 64%  152K 18s
  6850K .......... .......... .......... .......... .......... 64% 88.8K 18s
  6900K .......... .......... .......... .......... .......... 65%  152K 18s
  6950K .......... .......... .......... .......... .......... 65%  111K 18s
  7000K .......... .......... .......... .......... .......... 66%  142K 17s
  7050K .......... .......... .......... .......... .......... 66%  186K 17s
  7100K .......... .......... .......... .......... .......... 67%  239K 17s
  7150K .......... .......... .......... .......... .......... 67%  239K 17s
  7200K .......... .......... .......... .......... .......... 68%  209K 16s
  7250K .......... .......... .......... .......... .......... 68%  187K 16s
  7300K .......... .......... .......... .......... .......... 69%  240K 16s
  7350K .......... .......... .......... .......... .......... 69%  278K 16s
  7400K .......... .......... .......... .......... .......... 70%  335K 15s
  7450K .......... .......... .......... .......... .......... 70%  186K 15s
  7500K .......... .......... .......... .......... .......... 71%  218K 15s
  7550K .......... .......... .......... .......... .......... 71%  274K 15s
  7600K .......... .......... .......... .......... .......... 72%  279K 14s
  7650K .......... .......... .......... .......... .......... 72%  239K 14s
  7700K .......... .......... .......... .......... .......... 72%  209K 14s
  7750K .......... .......... .......... .......... .......... 73%  206K 14s
  7800K .......... .......... .......... .......... .......... 73%  217K 13s
  7850K .......... .......... .......... .......... .......... 74%  279K 13s
  7900K .......... .......... .......... .......... .......... 74%  239K 13s
  7950K .......... .......... .......... .......... .......... 75%  240K 13s
  8000K .......... .......... .......... .......... .......... 75%  179K 12s
  8050K .......... .......... .......... .......... .......... 76%  283K 12s
  8100K .......... .......... .......... .......... .......... 76%  254K 12s
  8150K .......... .......... .......... .......... .......... 77%  173K 12s
  8200K .......... .......... .......... .......... .......... 77%  156K 11s
  8250K .......... .......... .......... .......... .......... 78%  260K 11s
  8300K .......... .......... .......... .......... .......... 78%  247K 11s
  8350K .......... .......... .......... .......... .......... 79%  279K 11s
  8400K .......... .......... .......... .......... .......... 79%  279K 10s
  8450K .......... .......... .......... .......... .......... 80%  416K 10s
  8500K .......... .......... .......... .......... .......... 80%  334K 10s
  8550K .......... .......... .......... .......... .......... 80%  239K 10s
  8600K .......... .......... .......... .......... .......... 81%  174K 9s
  8650K .......... .......... .......... .......... .......... 81%  167K 9s
  8700K .......... .......... .......... .......... .......... 82%  276K 9s
  8750K .......... .......... .......... .......... .......... 82%  239K 9s
  8800K .......... .......... .......... .......... .......... 83%  239K 8s
  8850K .......... .......... .......... .......... .......... 83%  249K 8s
  8900K .......... .......... .......... .......... .......... 84%  278K 8s
  8950K .......... .......... .......... .......... .......... 84%  186K 8s
  9000K .......... .......... .......... .......... .......... 85%  209K 7s
  9050K .......... .......... .......... .......... .......... 85%  278K 7s
  9100K .......... .......... .......... .......... .......... 86%  190K 7s
  9150K .......... .......... .......... .......... .......... 86%  235K 7s
  9200K .......... .......... .......... .......... .......... 87%  334K 7s
  9250K .......... .......... .......... .......... .......... 87%  167K 6s
  9300K .......... .......... .......... .......... .......... 88%  167K 6s
  9350K .......... .......... .......... .......... .......... 88%  189K 6s
  9400K .......... .......... .......... .......... .......... 88%  239K 6s
  9450K .......... .......... .......... .......... .......... 89%  239K 5s
  9500K .......... .......... .......... .......... .......... 89%  278K 5s
  9550K .......... .......... .......... .......... .......... 90%  279K 5s
  9600K .......... .......... .......... .......... .......... 90%  333K 5s
  9650K .......... .......... .......... .......... .......... 91%  171K 4s
  9700K .......... .......... .......... .......... .......... 91%  167K 4s
  9750K .......... .......... .......... .......... .......... 92%  279K 4s
  9800K .......... .......... .......... .......... .......... 92%  239K 4s
  9850K .......... .......... .......... .......... .......... 93%  172K 3s
  9900K .......... .......... .......... .......... .......... 93%  150K 3s
  9950K .......... .......... .......... .......... .......... 94%  186K 3s
 10000K .......... .......... .......... .......... .......... 94%  239K 3s
 10050K .......... .......... .......... .......... .......... 95%  239K 2s
 10100K .......... .......... .......... .......... .......... 95%  213K 2s
 10150K .......... .......... .......... .......... .......... 96%  279K 2s
 10200K .......... .......... .......... .......... .......... 96%  278K 2s
 10250K .......... .......... .......... .......... .......... 96%  209K 2s
 10300K .......... .......... .......... .......... .......... 97%  136K 1s
 10350K .......... .......... .......... .......... .......... 97%  197K 1s
 10400K .......... .......... .......... .......... .......... 98%  279K 1s
 10450K .......... .......... .......... .......... .......... 98%  186K 1s
 10500K .......... .......... .......... .......... .......... 99%  208K 0s
 10550K .......... .......... .......... .......... .......... 99%  228K 0s
 10600K .......... .........                                  100%  188K=50s

2016-12-27 19:59:42 (210 KB/s) - `Com_TYSX_VIDEO_PLUS_5.3.14.xx_gt_5.3.14.20ctch1_AD_P_20161221_02870121.apk' saved [10873969/10873969]

