--2017-02-02 00:22:37--  http://wap.zkioa.com/ca
Resolving wap.zkioa.com... 103.80.124.72
Connecting to wap.zkioa.com|103.80.124.72|:80... connected.
HTTP request sent, awaiting response... 301 Moved Permanently
Location: http://wap.zkioa.com/ca/ [following]
--2017-02-02 00:22:38--  http://wap.zkioa.com/ca/
Reusing existing connection to wap.zkioa.com:80.
HTTP request sent, awaiting response... 302 Object moved
Location: %E8%A7%86%E9%A2%91.apk [following]
--2017-02-02 00:22:38--  http://wap.zkioa.com/ca/%E8%A7%86%E9%A2%91.apk
Reusing existing connection to wap.zkioa.com:80.
HTTP request sent, awaiting response... 200 OK
Length: 209310 (204K) [apk]
Saving to: `è§%86é¢%91.apk'

     0K .......... .......... .......... .......... .......... 24%  267K 1s
    50K .......... .......... .......... .......... .......... 48%  192K 0s
   100K .......... .......... .......... .......... .......... 73%  196K 0s
   150K .......... .......... .......... .......... .......... 97%  158K 0s
   200K ....                                                  100%  140K=1.0s

2017-02-02 00:22:39 (195 KB/s) - `è§%86é¢%91.apk' saved [209310/209310]

