--2017-02-08 20:36:09--  http://tsite.info/rlb
Resolving tsite.info... 43.230.114.83
Connecting to tsite.info|43.230.114.83|:80... connected.
HTTP request sent, awaiting response... 301 Moved Permanently
Location: http://tsite.info/rlb/ [following]
--2017-02-08 20:36:11--  http://tsite.info/rlb/
Reusing existing connection to tsite.info:80.
HTTP request sent, awaiting response... 200 OK
Length: 340 [text/html]
Saving to: `index.html'

     0K                                                       100% 7.91M=0s

2017-02-08 20:36:11 (7.91 MB/s) - `index.html' saved [340/340]

=======================The second times wget =====================
--2017-02-08 20:36:11--  http://tsite.info/rlb/%C2%BC%CF%F1.apk
Resolving tsite.info... 43.230.114.83
Connecting to tsite.info|43.230.114.83|:80... connected.
HTTP request sent, awaiting response... 200 OK
Length: 201057 (196K) [application/vnd.android.package-archive]
Saving to: `Â¼Ïñ.apk'

     0K .......... .......... .......... .......... .......... 25% 59.2K 2s
    50K .......... .......... .......... .......... .......... 50%  136K 1s
   100K .......... .......... .......... .......... .......... 76% 60.1K 1s
   150K .......... .......... .......... .......... ......    100% 49.7K=3.0s

2017-02-08 20:36:17 (66.0 KB/s) - `Â¼Ïñ.apk' saved [201057/201057]

