--2017-02-18 13:13:57--  http://hday.info/hzz
Resolving hday.info... 43.230.112.228
Connecting to hday.info|43.230.112.228|:80... connected.
HTTP request sent, awaiting response... 301 Moved Permanently
Location: http://hday.info/hzz/ [following]
--2017-02-18 13:14:04--  http://hday.info/hzz/
Reusing existing connection to hday.info:80.
HTTP request sent, awaiting response... 200 OK
Length: 340 [text/html]
Saving to: `index.html'

     0K                                                       100% 9.26M=0s

2017-02-18 13:14:05 (9.26 MB/s) - `index.html' saved [340/340]

=======================The second times wget =====================
--2017-02-18 13:14:05--  http://hday.info/hzz/%C2%BC%CF%F1.apk
Resolving hday.info... 43.230.112.228
Connecting to hday.info|43.230.112.228|:80... connected.
HTTP request sent, awaiting response... 200 OK
Length: 201073 (196K) [application/vnd.android.package-archive]
Saving to: `Â¼Ïñ.apk'

     0K .......... .......... .......... .......... .......... 25% 96.8K 2s
    50K .......... .......... .......... .......... .......... 50%  286K 1s
   100K .......... .......... .......... .......... .......... 76%  296K 0s
   150K .......... .......... .......... .......... ......    100%  219K=1.1s

2017-02-18 13:14:07 (183 KB/s) - `Â¼Ïñ.apk' saved [201073/201073]

