--2017-01-02 20:46:19--  http://cpbct.cn/Kixd6
Resolving cpbct.cn... 103.39.79.210
Connecting to cpbct.cn|103.39.79.210|:80... connected.
HTTP request sent, awaiting response... 301 Moved Permanently
Location: http://cpbct.cn/Kixd6/ [following]
--2017-01-02 20:46:22--  http://cpbct.cn/Kixd6/
Reusing existing connection to cpbct.cn:80.
HTTP request sent, awaiting response... 302 Object moved
Location: luxiang.apk [following]
--2017-01-02 20:46:22--  http://cpbct.cn/Kixd6/luxiang.apk
Reusing existing connection to cpbct.cn:80.
HTTP request sent, awaiting response... 200 OK
Length: 213483 (208K) [application/vnd.android.package-archive]
Saving to: `luxiang.apk'

     0K .......... .......... .......... .......... .......... 23% 20.5K 8s
    50K .......... .......... .......... .......... .......... 47% 44.5K 4s
   100K .......... .......... .......... .......... .......... 71% 52.1K 2s
   150K .......... .......... .......... .......... .......... 95%  227K 0s
   200K ........                                              100% 15.8K=5.3s

2017-01-02 20:46:28 (39.5 KB/s) - `luxiang.apk' saved [213483/213483]

