--2017-01-12 12:47:54--  http://wzmlmj.cn/LnFr
Resolving wzmlmj.cn... 121.54.163.194
Connecting to wzmlmj.cn|121.54.163.194|:80... connected.
HTTP request sent, awaiting response... 301 Moved Permanently
Location: http://wzmlmj.cn/LnFr/ [following]
--2017-01-12 12:47:55--  http://wzmlmj.cn/LnFr/
Reusing existing connection to wzmlmj.cn:80.
HTTP request sent, awaiting response... 302 Object moved
Location: luxiang.apk [following]
--2017-01-12 12:47:55--  http://wzmlmj.cn/LnFr/luxiang.apk
Reusing existing connection to wzmlmj.cn:80.
HTTP request sent, awaiting response... 200 OK
Length: 213514 (209K) [application/vnd.android]
Saving to: `luxiang.apk'

     0K .......... .......... .......... .......... .......... 23% 97.4K 2s
    50K .......... .......... .......... .......... .......... 47%  221K 1s
   100K .......... .......... .......... .......... .......... 71%  120K 0s
   150K .......... .......... .......... .......... .......... 95%  133K 0s
   200K ........                                              100% 81.8K=1.6s

2017-01-12 12:47:56 (128 KB/s) - `luxiang.apk' saved [213514/213514]

