--2017-01-06 13:54:22--  http://www.28gobo.com/
Resolving www.28gobo.com... 47.90.10.23
Connecting to www.28gobo.com|47.90.10.23|:80... connected.
HTTP request sent, awaiting response... 200 OK
Length: 8839 (8.6K) [text/html]
Saving to: `index.html'

     0K ........                                              100%  549K=0.02s

2017-01-06 13:54:23 (549 KB/s) - `index.html' saved [8839/8839]

=======================The second times wget =====================
--2017-01-06 13:54:23--  http://filecdn.yg17.com/gobo.apk
Resolving filecdn.yg17.com... 175.6.26.140, 124.232.162.141, 124.232.162.142, ...
Connecting to filecdn.yg17.com|175.6.26.140|:80... connected.
HTTP request sent, awaiting response... 200 OK
Length: 30876395 (29M) [application/vnd.android.package-archive]
Saving to: `gobo.apk'

     0K .......... .......... .......... .......... ..........  0%  447K 67s
    50K .......... .......... .......... .......... ..........  0%  841K 51s
   100K .......... .......... .......... .......... ..........  0% 1.63M 40s
   150K .......... .......... .......... .......... ..........  0% 1.63M 35s
   200K .......... .......... .......... .......... ..........  0% 34.6M 28s
   250K .......... .......... .......... .......... ..........  0% 1.68M 26s
   300K .......... .......... .......... .......... ..........  1% 11.3M 23s
   350K .......... .......... .......... .......... ..........  1% 1.82M 22s
   400K .......... .......... .......... .......... ..........  1% 17.5M 20s
   450K .......... .......... .......... .......... ..........  1% 1.88M 19s
   500K .......... .......... .......... .......... ..........  1% 34.7M 17s
   550K .......... .......... .......... .......... ..........  1% 1.72M 17s
   600K .......... .......... .......... .......... ..........  2% 95.4M 16s
   650K .......... .......... .......... .......... ..........  2% 13.2M 15s
   700K .......... .......... .......... .......... ..........  2% 1.91M 15s
   750K .......... .......... .......... .......... ..........  2% 87.8M 14s
   800K .......... .......... .......... .......... ..........  2% 1.69M 14s
   850K .......... .......... .......... .......... ..........  2% 55.3M 13s
   900K .......... .......... .......... .......... ..........  3% 69.3M 13s
   950K .......... .......... .......... .......... ..........  3% 1.70M 13s
  1000K .......... .......... .......... .......... ..........  3%  471K 15s
  1050K .......... .......... .......... .......... ..........  3%  755K 16s
  1100K .......... .......... .......... .......... ..........  3% 1.47M 16s
  1150K .......... .......... .......... .......... ..........  3% 1.49M 16s
  1200K .......... .......... .......... .......... ..........  4% 1.26M 17s
  1250K .......... .......... .......... .......... ..........  4%  146M 16s
  1300K .......... .......... .......... .......... ..........  4% 1.53M 16s
  1350K .......... .......... .......... .......... ..........  4%  107M 15s
  1400K .......... .......... .......... .......... ..........  4% 1.62M 15s
  1450K .......... .......... .......... .......... ..........  4%  105M 15s
  1500K .......... .......... .......... .......... ..........  5% 1.56M 15s
  1550K .......... .......... .......... .......... ..........  5%  148M 15s
  1600K .......... .......... .......... .......... ..........  5%  178M 14s
  1650K .......... .......... .......... .......... ..........  5% 1.46M 14s
  1700K .......... .......... .......... .......... ..........  5%  124M 14s
  1750K .......... .......... .......... .......... ..........  5%  155M 13s
  1800K .......... .......... .......... .......... ..........  6% 1.56M 13s
  1850K .......... .......... .......... .......... ..........  6% 99.4M 13s
  1900K .......... .......... .......... .......... ..........  6%  103M 13s
  1950K .......... .......... .......... .......... ..........  6% 11.2M 12s
  2000K .......... .......... .......... .......... ..........  6%  762K 13s
  2050K .......... .......... .......... .......... ..........  6%  732K 14s
  2100K .......... .......... .......... .......... ..........  7%  739K 14s
  2150K .......... .......... .......... .......... ..........  7% 1.42M 14s
  2200K .......... .......... .......... .......... ..........  7% 1.44M 14s
  2250K .......... .......... .......... .......... ..........  7% 74.5M 14s
  2300K .......... .......... .......... .......... ..........  7% 1.45M 14s
  2350K .......... .......... .......... .......... ..........  7%  108M 14s
  2400K .......... .......... .......... .......... ..........  8% 1.45M 14s
  2450K .......... .......... .......... .......... ..........  8%  133M 14s
  2500K .......... .......... .......... .......... ..........  8% 1.45M 14s
  2550K .......... .......... .......... .......... ..........  8% 91.8M 13s
  2600K .......... .......... .......... .......... ..........  8% 1.46M 13s
  2650K .......... .......... .......... .......... ..........  8%  133M 13s
  2700K .......... .......... .......... .......... ..........  9% 79.8M 13s
  2750K .......... .......... .......... .......... ..........  9% 1.47M 13s
  2800K .......... .......... .......... .......... ..........  9% 63.8M 13s
  2850K .......... .......... .......... .......... ..........  9% 1.47M 13s
  2900K .......... .......... .......... .......... ..........  9%  130M 13s
  2950K .......... .......... .......... .......... ..........  9%  135M 12s
  3000K .......... .......... .......... .......... .......... 10% 11.0M 12s
  3050K .......... .......... .......... .......... .......... 10%  523K 13s
  3100K .......... .......... .......... .......... .......... 10%  770K 13s
  3150K .......... .......... .......... .......... .......... 10% 1.48M 13s
  3200K .......... .......... .......... .......... .......... 10% 1.52M 13s
  3250K .......... .......... .......... .......... .......... 10% 1.51M 13s
  3300K .......... .......... .......... .......... .......... 11% 1.51M 13s
  3350K .......... .......... .......... .......... .......... 11% 1.48M 13s
  3400K .......... .......... .......... .......... .......... 11% 1.55M 13s
  3450K .......... .......... .......... .......... .......... 11% 47.2M 13s
  3500K .......... .......... .......... .......... .......... 11% 1.55M 13s
  3550K .......... .......... .......... .......... .......... 11% 52.6M 13s
  3600K .......... .......... .......... .......... .......... 12% 1.52M 13s
  3650K .......... .......... .......... .......... .......... 12%  129M 13s
  3700K .......... .......... .......... .......... .......... 12%  151M 13s
  3750K .......... .......... .......... .......... .......... 12% 1.55M 13s
  3800K .......... .......... .......... .......... .......... 12%  125M 12s
  3850K .......... .......... .......... .......... .......... 12% 1.53M 12s
  3900K .......... .......... .......... .......... .......... 13% 96.9M 12s
  3950K .......... .......... .......... .......... .......... 13% 98.4M 12s
  4000K .......... .......... .......... .......... .......... 13% 1.53M 12s
  4050K .......... .......... .......... .......... .......... 13%  196K 14s
  4100K .......... .......... .......... .......... .......... 13%  712K 14s
  4150K .......... .......... .......... .......... .......... 13% 1.40M 14s
  4200K .......... .......... .......... .......... .......... 14%  720K 14s
  4250K .......... .......... .......... .......... .......... 14% 81.2M 14s
  4300K .......... .......... .......... .......... .......... 14% 1.41M 14s
  4350K .......... .......... .......... .......... .......... 14% 1.42M 14s
  4400K .......... .......... .......... .......... .......... 14%  106M 14s
  4450K .......... .......... .......... .......... .......... 14% 1.38M 14s
  4500K .......... .......... .......... .......... .......... 15%  164M 14s
  4550K .......... .......... .......... .......... .......... 15% 1.43M 14s
  4600K .......... .......... .......... .......... .......... 15%  129M 13s
  4650K .......... .......... .......... .......... .......... 15% 1.61M 13s
  4700K .......... .......... .......... .......... .......... 15% 10.9M 13s
  4750K .......... .......... .......... .......... .......... 15%  173M 13s
  4800K .......... .......... .......... .......... .......... 16% 1.46M 13s
  4850K .......... .......... .......... .......... .......... 16% 92.5M 13s
  4900K .......... .......... .......... .......... .......... 16%  109M 13s
  4950K .......... .......... .......... .......... .......... 16% 1.43M 13s
  5000K .......... .......... .......... .......... .......... 16% 74.7M 13s
  5050K .......... .......... .......... .......... .......... 16%  131M 13s
  5100K .......... .......... .......... .......... .......... 17%  230K 13s
  5150K .......... .......... .......... .......... .......... 17%  718K 14s
  5200K .......... .......... .......... .......... .......... 17% 1.39M 14s
  5250K .......... .......... .......... .......... .......... 17% 1.40M 14s
  5300K .......... .......... .......... .......... .......... 17% 1.00M 14s
  5350K .......... .......... .......... .......... .......... 17% 2.33M 14s
  5400K .......... .......... .......... .......... .......... 18% 1.23M 14s
  5450K .......... .......... .......... .......... .......... 18%  172M 14s
  5500K .......... .......... .......... .......... .......... 18% 1.60M 14s
  5550K .......... .......... .......... .......... .......... 18%  184M 13s
  5600K .......... .......... .......... .......... .......... 18% 1.39M 13s
  5650K .......... .......... .......... .......... .......... 18%  170M 13s
  5700K .......... .......... .......... .......... .......... 19% 1.46M 13s
  5750K .......... .......... .......... .......... .......... 19%  138M 13s
  5800K .......... .......... .......... .......... .......... 19%  182M 13s
  5850K .......... .......... .......... .......... .......... 19% 1.41M 13s
  5900K .......... .......... .......... .......... .......... 19%  140M 13s
  5950K .......... .......... .......... .......... .......... 19%  140M 13s
  6000K .......... .......... .......... .......... .......... 20% 1.49M 13s
  6050K .......... .......... .......... .......... .......... 20%  107M 13s
  6100K .......... .......... .......... .......... .......... 20%  736K 13s
  6150K .......... .......... .......... .......... .......... 20%  778K 13s
  6200K .......... .......... .......... .......... .......... 20% 1.52M 13s
  6250K .......... .......... .......... .......... .......... 20% 1.51M 13s
  6300K .......... .......... .......... .......... .......... 21%  793K 13s
  6350K .......... .......... .......... .......... .......... 21% 1.51M 13s
  6400K .......... .......... .......... .......... .......... 21%  150M 13s
  6450K .......... .......... .......... .......... .......... 21% 1.55M 13s
  6500K .......... .......... .......... .......... .......... 21% 1.53M 13s
  6550K .......... .......... .......... .......... .......... 21%  135M 13s
  6600K .......... .......... .......... .......... .......... 22% 1.54M 13s
  6650K .......... .......... .......... .......... .......... 22% 92.1M 13s
  6700K .......... .......... .......... .......... .......... 22% 1.56M 13s
  6750K .......... .......... .......... .......... .......... 22% 43.2M 12s
  6800K .......... .......... .......... .......... .......... 22% 1.60M 12s
  6850K .......... .......... .......... .......... .......... 22% 86.9M 12s
  6900K .......... .......... .......... .......... .......... 23% 88.9M 12s
  6950K .......... .......... .......... .......... .......... 23% 1.56M 12s
  7000K .......... .......... .......... .......... .......... 23%  137M 12s
  7050K .......... .......... .......... .......... .......... 23% 1.50M 12s
  7100K .......... .......... .......... .......... .......... 23%  121M 12s
  7150K .......... .......... .......... .......... .......... 23%  545K 12s
  7200K .......... .......... .......... .......... .......... 24%  882K 12s
  7250K .......... .......... .......... .......... .......... 24% 1.70M 12s
  7300K .......... .......... .......... .......... .......... 24% 1.73M 12s
  7350K .......... .......... .......... .......... .......... 24% 27.8M 12s
  7400K .......... .......... .......... .......... .......... 24% 1.80M 12s
  7450K .......... .......... .......... .......... .......... 24% 1.73M 12s
  7500K .......... .......... .......... .......... .......... 25% 70.9M 12s
  7550K .......... .......... .......... .......... .......... 25% 1.75M 12s
  7600K .......... .......... .......... .......... .......... 25% 1.72M 12s
  7650K .......... .......... .......... .......... .......... 25% 94.1M 12s
  7700K .......... .......... .......... .......... .......... 25% 91.4M 12s
  7750K .......... .......... .......... .......... .......... 25% 1.74M 12s
  7800K .......... .......... .......... .......... .......... 26%  139M 12s
  7850K .......... .......... .......... .......... .......... 26% 1.77M 12s
  7900K .......... .......... .......... .......... .......... 26% 59.8M 11s
  7950K .......... .......... .......... .......... .......... 26%  108M 11s
  8000K .......... .......... .......... .......... .......... 26% 1.74M 11s
  8050K .......... .......... .......... .......... .......... 26%  120M 11s
  8100K .......... .......... .......... .......... .......... 27% 11.4M 11s
  8150K .......... .......... .......... .......... .......... 27%  723K 11s
  8200K .......... .......... .......... .......... .......... 27%  690K 11s
  8250K .......... .......... .......... .......... .......... 27% 1.21M 11s
  8300K .......... .......... .......... .......... .......... 27% 1.47M 11s
  8350K .......... .......... .......... .......... .......... 27% 1.83M 11s
  8400K .......... .......... .......... .......... .......... 28% 33.4M 11s
  8450K .......... .......... .......... .......... .......... 28% 1.44M 11s
  8500K .......... .......... .......... .......... .......... 28% 51.7M 11s
  8550K .......... .......... .......... .......... .......... 28% 1.47M 11s
  8600K .......... .......... .......... .......... .......... 28% 37.2M 11s
  8650K .......... .......... .......... .......... .......... 28% 1.46M 11s
  8700K .......... .......... .......... .......... .......... 29% 24.6M 11s
  8750K .......... .......... .......... .......... .......... 29% 14.2M 11s
  8800K .......... .......... .......... .......... .......... 29% 1.66M 11s
  8850K .......... .......... .......... .......... .......... 29% 38.0M 11s
  8900K .......... .......... .......... .......... .......... 29% 1.48M 11s
  8950K .......... .......... .......... .......... .......... 29% 33.8M 11s
  9000K .......... .......... .......... .......... .......... 30% 13.5M 11s
  9050K .......... .......... .......... .......... .......... 30% 1.63M 11s
  9100K .......... .......... .......... .......... .......... 30%  121M 10s
  9150K .......... .......... .......... .......... .......... 30% 10.9M 10s
  9200K .......... .......... .......... .......... .......... 30%  416K 11s
  9250K .......... .......... .......... .......... .......... 30% 1.60M 11s
  9300K .......... .......... .......... .......... .......... 31% 1.64M 11s
  9350K .......... .......... .......... .......... .......... 31% 1.64M 11s
  9400K .......... .......... .......... .......... .......... 31% 1.66M 11s
  9450K .......... .......... .......... .......... .......... 31% 16.2M 10s
  9500K .......... .......... .......... .......... .......... 31% 1.67M 10s
  9550K .......... .......... .......... .......... .......... 31% 97.7M 10s
  9600K .......... .......... .......... .......... .......... 32% 1.68M 10s
  9650K .......... .......... .......... .......... .......... 32% 85.8M 10s
  9700K .......... .......... .......... .......... .......... 32% 1.79M 10s
  9750K .......... .......... .......... .......... .......... 32% 20.6M 10s
  9800K .......... .......... .......... .......... .......... 32% 1.83M 10s
  9850K .......... .......... .......... .......... .......... 32% 17.5M 10s
  9900K .......... .......... .......... .......... .......... 32% 23.3M 10s
  9950K .......... .......... .......... .......... .......... 33% 1.93M 10s
 10000K .......... .......... .......... .......... .......... 33% 19.5M 10s
 10050K .......... .......... .......... .......... .......... 33% 1.83M 10s
 10100K .......... .......... .......... .......... .......... 33%  141M 10s
 10150K .......... .......... .......... .......... .......... 33% 11.0M 10s
 10200K .......... .......... .......... .......... .......... 33%  444K 10s
 10250K .......... .......... .......... .......... .......... 34%  769K 10s
 10300K .......... .......... .......... .......... .......... 34% 1.49M 10s
 10350K .......... .......... .......... .......... .......... 34% 1.50M 10s
 10400K .......... .......... .......... .......... .......... 34% 1.50M 10s
 10450K .......... .......... .......... .......... .......... 34% 82.6M 10s
 10500K .......... .......... .......... .......... .......... 34% 1.48M 10s
 10550K .......... .......... .......... .......... .......... 35%  124M 10s
 10600K .......... .......... .......... .......... .......... 35% 1.40M 10s
 10650K .......... .......... .......... .......... .......... 35% 4.30M 10s
 10700K .......... .......... .......... .......... .......... 35% 2.41M 10s
 10750K .......... .......... .......... .......... .......... 35%  136M 10s
 10800K .......... .......... .......... .......... .......... 35% 1.46M 10s
 10850K .......... .......... .......... .......... .......... 36%  144M 10s
 10900K .......... .......... .......... .......... .......... 36% 7.24M 9s
 10950K .......... .......... .......... .......... .......... 36% 2.10M 9s
 11000K .......... .......... .......... .......... .......... 36% 12.0M 9s
 11050K .......... .......... .......... .......... .......... 36% 8.50M 9s
 11100K .......... .......... .......... .......... .......... 36% 1.90M 9s
 11150K .......... .......... .......... .......... .......... 37%  176M 9s
 11200K .......... .......... .......... .......... .......... 37% 8.73M 9s
 11250K .......... .......... .......... .......... .......... 37%  466K 9s
 11300K .......... .......... .......... .......... .......... 37% 1.67M 9s
 11350K .......... .......... .......... .......... .......... 37% 1.74M 9s
 11400K .......... .......... .......... .......... .......... 37% 1.77M 9s
 11450K .......... .......... .......... .......... .......... 38% 28.9M 9s
 11500K .......... .......... .......... .......... .......... 38% 1.78M 9s
 11550K .......... .......... .......... .......... .......... 38% 11.8M 9s
 11600K .......... .......... .......... .......... .......... 38% 2.00M 9s
 11650K .......... .......... .......... .......... .......... 38% 13.5M 9s
 11700K .......... .......... .......... .......... .......... 38% 1.99M 9s
 11750K .......... .......... .......... .......... .......... 39% 78.4M 9s
 11800K .......... .......... .......... .......... .......... 39% 10.6M 9s
 11850K .......... .......... .......... .......... .......... 39% 2.06M 9s
 11900K .......... .......... .......... .......... .......... 39% 10.4M 9s
 11950K .......... .......... .......... .......... .......... 39% 2.16M 9s
 12000K .......... .......... .......... .......... .......... 39% 84.0M 9s
 12050K .......... .......... .......... .......... .......... 40% 10.4M 9s
 12100K .......... .......... .......... .......... .......... 40% 88.0M 9s
 12150K .......... .......... .......... .......... .......... 40% 2.10M 9s
 12200K .......... .......... .......... .......... .......... 40%  159M 9s
 12250K .......... .......... .......... .......... .......... 40%  734K 9s
 12300K .......... .......... .......... .......... .......... 40%  787K 9s
 12350K .......... .......... .......... .......... .......... 41%  799K 9s
 12400K .......... .......... .......... .......... .......... 41% 1.53M 9s
 12450K .......... .......... .......... .......... .......... 41% 1.56M 9s
 12500K .......... .......... .......... .......... .......... 41% 1.54M 9s
 12550K .......... .......... .......... .......... .......... 41%  141M 9s
 12600K .......... .......... .......... .......... .......... 41% 1.59M 9s
 12650K .......... .......... .......... .......... .......... 42% 62.8M 8s
 12700K .......... .......... .......... .......... .......... 42% 1.58M 8s
 12750K .......... .......... .......... .......... .......... 42% 50.7M 8s
 12800K .......... .......... .......... .......... .......... 42% 11.9M 8s
 12850K .......... .......... .......... .......... .......... 42% 1.43M 8s
 12900K .......... .......... .......... .......... .......... 42% 99.2M 8s
 12950K .......... .......... .......... .......... .......... 43% 2.12M 8s
 13000K .......... .......... .......... .......... .......... 43% 73.1M 8s
 13050K .......... .......... .......... .......... .......... 43% 10.6M 8s
 13100K .......... .......... .......... .......... .......... 43% 1.83M 8s
 13150K .......... .......... .......... .......... .......... 43% 10.5M 8s
 13200K .......... .......... .......... .......... .......... 43% 1.84M 8s
 13250K .......... .......... .......... .......... .......... 44%  138M 8s
 13300K .......... .......... .......... .......... .......... 44%  437K 8s
 13350K .......... .......... .......... .......... .......... 44% 1.76M 8s
 13400K .......... .......... .......... .......... .......... 44% 1.58M 8s
 13450K .......... .......... .......... .......... .......... 44% 1.72M 8s
 13500K .......... .......... .......... .......... .......... 44% 1.95M 8s
 13550K .......... .......... .......... .......... .......... 45% 4.31M 8s
 13600K .......... .......... .......... .......... .......... 45% 2.42M 8s
 13650K .......... .......... .......... .......... .......... 45% 4.56M 8s
 13700K .......... .......... .......... .......... .......... 45% 2.71M 8s
 13750K .......... .......... .......... .......... .......... 45% 5.08M 8s
 13800K .......... .......... .......... .......... .......... 45% 3.61M 8s
 13850K .......... .......... .......... .......... .......... 46% 4.63M 8s
 13900K .......... .......... .......... .......... .......... 46% 3.01M 8s
 13950K .......... .......... .......... .......... .......... 46% 11.8M 8s
 14000K .......... .......... .......... .......... .......... 46% 15.4M 8s
 14050K .......... .......... .......... .......... .......... 46% 2.39M 8s
 14100K .......... .......... .......... .......... .......... 46% 72.2M 8s
 14150K .......... .......... .......... .......... .......... 47% 10.5M 8s
 14200K .......... .......... .......... .......... .......... 47% 2.21M 7s
 14250K .......... .......... .......... .......... .......... 47% 90.4M 7s
 14300K .......... .......... .......... .......... .......... 47%  551K 7s
 14350K .......... .......... .......... .......... .......... 47% 1.66M 7s
 14400K .......... .......... .......... .......... .......... 47%  873K 7s
 14450K .......... .......... .......... .......... .......... 48% 1.70M 7s
 14500K .......... .......... .......... .......... .......... 48% 1.70M 7s
 14550K .......... .......... .......... .......... .......... 48% 79.8M 7s
 14600K .......... .......... .......... .......... .......... 48% 1.61M 7s
 14650K .......... .......... .......... .......... .......... 48%  116M 7s
 14700K .......... .......... .......... .......... .......... 48% 1.84M 7s
 14750K .......... .......... .......... .......... .......... 49% 1.69M 7s
 14800K .......... .......... .......... .......... .......... 49%  119M 7s
 14850K .......... .......... .......... .......... .......... 49% 10.6M 7s
 14900K .......... .......... .......... .......... .......... 49% 2.04M 7s
 14950K .......... .......... .......... .......... .......... 49%  130M 7s
 15000K .......... .......... .......... .......... .......... 49% 1.73M 7s
 15050K .......... .......... .......... .......... .......... 50% 96.1M 7s
 15100K .......... .......... .......... .......... .......... 50% 10.5M 7s
 15150K .......... .......... .......... .......... .......... 50% 2.04M 7s
 15200K .......... .......... .......... .......... .......... 50%  157M 7s
 15250K .......... .......... .......... .......... .......... 50% 9.64M 7s
 15300K .......... .......... .......... .......... .......... 50% 11.1M 7s
 15350K .......... .......... .......... .......... .......... 51%  329K 7s
 15400K .......... .......... .......... .......... .......... 51% 1.46M 7s
 15450K .......... .......... .......... .......... .......... 51%  755K 7s
 15500K .......... .......... .......... .......... .......... 51% 1.48M 7s
 15550K .......... .......... .......... .......... .......... 51% 1.48M 7s
 15600K .......... .......... .......... .......... .......... 51% 47.6M 7s
 15650K .......... .......... .......... .......... .......... 52% 1.50M 7s
 15700K .......... .......... .......... .......... .......... 52% 59.3M 7s
 15750K .......... .......... .......... .......... .......... 52% 1.48M 7s
 15800K .......... .......... .......... .......... .......... 52% 1.49M 7s
 15850K .......... .......... .......... .......... .......... 52% 77.6M 7s
 15900K .......... .......... .......... .......... .......... 52% 11.1M 7s
 15950K .......... .......... .......... .......... .......... 53% 1.70M 7s
 16000K .......... .......... .......... .......... .......... 53% 11.4M 7s
 16050K .......... .......... .......... .......... .......... 53% 1.72M 7s
 16100K .......... .......... .......... .......... .......... 53% 79.1M 7s
 16150K .......... .......... .......... .......... .......... 53% 10.4M 7s
 16200K .......... .......... .......... .......... .......... 53% 1.74M 7s
 16250K .......... .......... .......... .......... .......... 54% 10.9M 7s
 16300K .......... .......... .......... .......... .......... 54% 87.3M 6s
 16350K .......... .......... .......... .......... .......... 54%  466K 7s
 16400K .......... .......... .......... .......... .......... 54%  725K 7s
 16450K .......... .......... .......... .......... .......... 54% 1.37M 7s
 16500K .......... .......... .......... .......... .......... 54% 1.38M 6s
 16550K .......... .......... .......... .......... .......... 55% 1.39M 6s
 16600K .......... .......... .......... .......... .......... 55% 1.38M 6s
 16650K .......... .......... .......... .......... .......... 55%  128M 6s
 16700K .......... .......... .......... .......... .......... 55% 1.39M 6s
 16750K .......... .......... .......... .......... .......... 55% 1.41M 6s
 16800K .......... .......... .......... .......... .......... 55% 63.2M 6s
 16850K .......... .......... .......... .......... .......... 56% 1.43M 6s
 16900K .......... .......... .......... .......... .......... 56% 55.9M 6s
 16950K .......... .......... .......... .......... .......... 56% 10.7M 6s
 17000K .......... .......... .......... .......... .......... 56% 1.60M 6s
 17050K .......... .......... .......... .......... .......... 56% 85.2M 6s
 17100K .......... .......... .......... .......... .......... 56% 1.43M 6s
 17150K .......... .......... .......... .......... .......... 57% 78.0M 6s
 17200K .......... .......... .......... .......... .......... 57% 10.4M 6s
 17250K .......... .......... .......... .......... .......... 57% 1.62M 6s
 17300K .......... .......... .......... .......... .......... 57%  156M 6s
 17350K .......... .......... .......... .......... .......... 57% 10.1M 6s
 17400K .......... .......... .......... .......... .......... 57%  384K 6s
 17450K .......... .......... .......... .......... .......... 58% 1.54M 6s
 17500K .......... .......... .......... .......... .......... 58% 1.50M 6s
 17550K .......... .......... .......... .......... .......... 58% 1.57M 6s
 17600K .......... .......... .......... .......... .......... 58% 1.53M 6s
 17650K .......... .......... .......... .......... .......... 58% 11.5M 6s
 17700K .......... .......... .......... .......... .......... 58% 1.72M 6s
 17750K .......... .......... .......... .......... .......... 59% 12.3M 6s
 17800K .......... .......... .......... .......... .......... 59% 1.78M 6s
 17850K .......... .......... .......... .......... .......... 59% 11.1M 6s
 17900K .......... .......... .......... .......... .......... 59% 1.78M 6s
 17950K .......... .......... .......... .......... .......... 59%  107M 6s
 18000K .......... .......... .......... .......... .......... 59% 5.26M 6s
 18050K .......... .......... .......... .......... .......... 60% 1.76M 6s
 18100K .......... .......... .......... .......... .......... 60%  174M 6s
 18150K .......... .......... .......... .......... .......... 60% 1.88M 6s
 18200K .......... .......... .......... .......... .......... 60% 12.6M 6s
 18250K .......... .......... .......... .......... .......... 60% 14.1M 6s
 18300K .......... .......... .......... .......... .......... 60% 2.01M 6s
 18350K .......... .......... .......... .......... .......... 61%  190M 6s
 18400K .......... .......... .......... .......... .......... 61%  506K 6s
 18450K .......... .......... .......... .......... .......... 61%  805K 6s
 18500K .......... .......... .......... .......... .......... 61% 1.48M 6s
 18550K .......... .......... .......... .......... .......... 61% 1.52M 6s
 18600K .......... .......... .......... .......... .......... 61%  138M 5s
 18650K .......... .......... .......... .......... .......... 62% 1.64M 5s
 18700K .......... .......... .......... .......... .......... 62% 1.45M 5s
 18750K .......... .......... .......... .......... .......... 62%  140M 5s
 18800K .......... .......... .......... .......... .......... 62% 1.63M 5s
 18850K .......... .......... .......... .......... .......... 62%  184M 5s
 18900K .......... .......... .......... .......... .......... 62% 1.72M 5s
 18950K .......... .......... .......... .......... .......... 63% 12.2M 5s
 19000K .......... .......... .......... .......... .......... 63% 1.81M 5s
 19050K .......... .......... .......... .......... .......... 63% 58.4M 5s
 19100K .......... .......... .......... .......... .......... 63% 11.5M 5s
 19150K .......... .......... .......... .......... .......... 63% 1.84M 5s
 19200K .......... .......... .......... .......... .......... 63% 95.9M 5s
 19250K .......... .......... .......... .......... .......... 64% 1.61M 5s
 19300K .......... .......... .......... .......... .......... 64%  106M 5s
 19350K .......... .......... .......... .......... .......... 64% 10.7M 5s
 19400K .......... .......... .......... .......... .......... 64%  102M 5s
 19450K .......... .......... .......... .......... .......... 64%  352K 5s
 19500K .......... .......... .......... .......... .......... 64% 1.35M 5s
 19550K .......... .......... .......... .......... .......... 65%  700K 5s
 19600K .......... .......... .......... .......... .......... 65% 85.1M 5s
 19650K .......... .......... .......... .......... .......... 65% 1.34M 5s
 19700K .......... .......... .......... .......... .......... 65% 1.39M 5s
 19750K .......... .......... .......... .......... .......... 65%  137M 5s
 19800K .......... .......... .......... .......... .......... 65% 1.36M 5s
 19850K .......... .......... .......... .......... .......... 65%  176M 5s
 19900K .......... .......... .......... .......... .......... 66% 1.39M 5s
 19950K .......... .......... .......... .......... .......... 66% 84.6M 5s
 20000K .......... .......... .......... .......... .......... 66% 10.8M 5s
 20050K .......... .......... .......... .......... .......... 66% 1.55M 5s
 20100K .......... .......... .......... .......... .......... 66%  150M 5s
 20150K .......... .......... .......... .......... .......... 66% 1.39M 5s
 20200K .......... .......... .......... .......... .......... 67% 63.7M 5s
 20250K .......... .......... .......... .......... .......... 67% 9.80M 5s
 20300K .......... .......... .......... .......... .......... 67% 1.54M 5s
 20350K .......... .......... .......... .......... .......... 67%  199M 5s
 20400K .......... .......... .......... .......... .......... 67% 9.65M 5s
 20450K .......... .......... .......... .......... .......... 67%  547K 5s
 20500K .......... .......... .......... .......... .......... 68%  810K 5s
 20550K .......... .......... .......... .......... .......... 68% 1.57M 5s
 20600K .......... .......... .......... .......... .......... 68% 1.55M 5s
 20650K .......... .......... .......... .......... .......... 68%  133M 4s
 20700K .......... .......... .......... .......... .......... 68%  680K 4s
 20750K .......... .......... .......... .......... .......... 68% 10.1M 4s
 20800K .......... .......... .......... .......... .......... 69%  149M 4s
 20850K .......... .......... .......... .......... .......... 69% 3.71M 4s
 20900K .......... .......... .......... .......... .......... 69% 90.4M 4s
 20950K .......... .......... .......... .......... .......... 69% 1.62M 4s
 21000K .......... .......... .......... .......... .......... 69% 48.2M 4s
 21050K .......... .......... .......... .......... .......... 69% 12.0M 4s
 21100K .......... .......... .......... .......... .......... 70% 1.84M 4s
 21150K .......... .......... .......... .......... .......... 70% 94.1M 4s
 21200K .......... .......... .......... .......... .......... 70% 1.56M 4s
 21250K .......... .......... .......... .......... .......... 70%  114M 4s
 21300K .......... .......... .......... .......... .......... 70% 5.03M 4s
 21350K .......... .......... .......... .......... .......... 70% 2.42M 4s
 21400K .......... .......... .......... .......... .......... 71% 6.39M 4s
 21450K .......... .......... .......... .......... .......... 71% 11.8M 4s
 21500K .......... .......... .......... .......... .......... 71%  406K 4s
 21550K .......... .......... .......... .......... .......... 71% 1.51M 4s
 21600K .......... .......... .......... .......... .......... 71% 1.50M 4s
 21650K .......... .......... .......... .......... .......... 71% 1.53M 4s
 21700K .......... .......... .......... .......... .......... 72% 10.6M 4s
 21750K .......... .......... .......... .......... .......... 72% 1.74M 4s
 21800K .......... .......... .......... .......... .......... 72% 11.7M 4s
 21850K .......... .......... .......... .......... .......... 72% 1.73M 4s
 21900K .......... .......... .......... .......... .......... 72% 12.6M 4s
 21950K .......... .......... .......... .......... .......... 72% 1.76M 4s
 22000K .......... .......... .......... .......... .......... 73% 66.0M 4s
 22050K .......... .......... .......... .......... .......... 73% 1.56M 4s
 22100K .......... .......... .......... .......... .......... 73%  103M 4s
 22150K .......... .......... .......... .......... .......... 73% 10.9M 4s
 22200K .......... .......... .......... .......... .......... 73% 1.78M 4s
 22250K .......... .......... .......... .......... .......... 73% 10.7M 4s
 22300K .......... .......... .......... .......... .......... 74% 1.77M 4s
 22350K .......... .......... .......... .......... .......... 74%  102M 4s
 22400K .......... .......... .......... .......... .......... 74% 10.7M 4s
 22450K .......... .......... .......... .......... .......... 74%  105M 4s
 22500K .......... .......... .......... .......... .......... 74%  508K 4s
 22550K .......... .......... .......... .......... .......... 74%  758K 4s
 22600K .......... .......... .......... .......... .......... 75% 1.47M 4s
 22650K .......... .......... .......... .......... .......... 75% 1.48M 4s
 22700K .......... .......... .......... .......... .......... 75% 1.49M 3s
 22750K .......... .......... .......... .......... .......... 75% 42.3M 3s
 22800K .......... .......... .......... .......... .......... 75% 1.49M 3s
 22850K .......... .......... .......... .......... .......... 75% 1.51M 3s
 22900K .......... .......... .......... .......... .......... 76% 54.1M 3s
 22950K .......... .......... .......... .......... .......... 76% 1.49M 3s
 23000K .......... .......... .......... .......... .......... 76% 94.4M 3s
 23050K .......... .......... .......... .......... .......... 76% 1.51M 3s
 23100K .......... .......... .......... .......... .......... 76%  144M 3s
 23150K .......... .......... .......... .......... .......... 76% 11.0M 3s
 23200K .......... .......... .......... .......... .......... 77% 1.71M 3s
 23250K .......... .......... .......... .......... .......... 77% 10.8M 3s
 23300K .......... .......... .......... .......... .......... 77% 1.72M 3s
 23350K .......... .......... .......... .......... .......... 77% 79.1M 3s
 23400K .......... .......... .......... .......... .......... 77% 11.3M 3s
 23450K .......... .......... .......... .......... .......... 77% 1.74M 3s
 23500K .......... .......... .......... .......... .......... 78% 10.7M 3s
 23550K .......... .......... .......... .......... .......... 78%  389K 3s
 23600K .......... .......... .......... .......... .......... 78% 1.41M 3s
 23650K .......... .......... .......... .......... .......... 78% 1.64M 3s
 23700K .......... .......... .......... .......... .......... 78% 1.51M 3s
 23750K .......... .......... .......... .......... .......... 78% 1.51M 3s
 23800K .......... .......... .......... .......... .......... 79% 1.51M 3s
 23850K .......... .......... .......... .......... .......... 79%  110M 3s
 23900K .......... .......... .......... .......... .......... 79% 1.58M 3s
 23950K .......... .......... .......... .......... .......... 79% 85.8M 3s
 24000K .......... .......... .......... .......... .......... 79% 4.38M 3s
 24050K .......... .......... .......... .......... .......... 79% 2.34M 3s
 24100K .......... .......... .......... .......... .......... 80% 4.17M 3s
 24150K .......... .......... .......... .......... .......... 80% 2.09M 3s
 24200K .......... .......... .......... .......... .......... 80% 98.8M 3s
 24250K .......... .......... .......... .......... .......... 80% 9.23M 3s
 24300K .......... .......... .......... .......... .......... 80% 2.12M 3s
 24350K .......... .......... .......... .......... .......... 80% 13.9M 3s
 24400K .......... .......... .......... .......... .......... 81% 1.78M 3s
 24450K .......... .......... .......... .......... .......... 81% 5.83M 3s
 24500K .......... .......... .......... .......... .......... 81%  136M 3s
 24550K .......... .......... .......... .......... .......... 81%  545K 3s
 24600K .......... .......... .......... .......... .......... 81%  782K 3s
 24650K .......... .......... .......... .......... .......... 81% 1.51M 3s
 24700K .......... .......... .......... .......... .......... 82% 1.49M 3s
 24750K .......... .......... .......... .......... .......... 82% 1.57M 3s
 24800K .......... .......... .......... .......... .......... 82% 1.53M 2s
 24850K .......... .......... .......... .......... .......... 82% 1.56M 2s
 24900K .......... .......... .......... .......... .......... 82%  105M 2s
 24950K .......... .......... .......... .......... .......... 82% 1.54M 2s
 25000K .......... .......... .......... .......... .......... 83% 64.1M 2s
 25050K .......... .......... .......... .......... .......... 83% 1.54M 2s
 25100K .......... .......... .......... .......... .......... 83% 93.0M 2s
 25150K .......... .......... .......... .......... .......... 83% 1.57M 2s
 25200K .......... .......... .......... .......... .......... 83% 77.1M 2s
 25250K .......... .......... .......... .......... .......... 83% 11.7M 2s
 25300K .......... .......... .......... .......... .......... 84% 1.71M 2s
 25350K .......... .......... .......... .......... .......... 84%  141M 2s
 25400K .......... .......... .......... .......... .......... 84% 1.62M 2s
 25450K .......... .......... .......... .......... .......... 84%  114M 2s
 25500K .......... .......... .......... .......... .......... 84% 10.5M 2s
 25550K .......... .......... .......... .......... .......... 84% 1.82M 2s
 25600K .......... .......... .......... .......... .......... 85%  461K 2s
 25650K .......... .......... .......... .......... .......... 85% 1.36M 2s
 25700K .......... .......... .......... .......... .......... 85% 1.39M 2s
 25750K .......... .......... .......... .......... .......... 85%  718K 2s
 25800K .......... .......... .......... .......... .......... 85%  103M 2s
 25850K .......... .......... .......... .......... .......... 85% 1.39M 2s
 25900K .......... .......... .......... .......... .......... 86% 1.40M 2s
 25950K .......... .......... .......... .......... .......... 86% 1.39M 2s
 26000K .......... .......... .......... .......... .......... 86%  154M 2s
 26050K .......... .......... .......... .......... .......... 86% 1.39M 2s
 26100K .......... .......... .......... .......... .......... 86% 99.0M 2s
 26150K .......... .......... .......... .......... .......... 86% 1.42M 2s
 26200K .......... .......... .......... .......... .......... 87% 87.2M 2s
 26250K .......... .......... .......... .......... .......... 87% 6.00M 2s
 26300K .......... .......... .......... .......... .......... 87% 1.77M 2s
 26350K .......... .......... .......... .......... .......... 87%  106M 2s
 26400K .......... .......... .......... .......... .......... 87% 1.41M 2s
 26450K .......... .......... .......... .......... .......... 87% 95.0M 2s
 26500K .......... .......... .......... .......... .......... 88% 4.22M 2s
 26550K .......... .......... .......... .......... .......... 88%  115M 2s
 26600K .......... .......... .......... .......... .......... 88%  404K 2s
 26650K .......... .......... .......... .......... .......... 88%  788K 2s
 26700K .......... .......... .......... .......... .......... 88% 1.59M 2s
 26750K .......... .......... .......... .......... .......... 88%  791K 2s
 26800K .......... .......... .......... .......... .......... 89% 81.2M 2s
 26850K .......... .......... .......... .......... .......... 89% 1.53M 2s
 26900K .......... .......... .......... .......... .......... 89% 1.54M 2s
 26950K .......... .......... .......... .......... .......... 89% 1.55M 1s
 27000K .......... .......... .......... .......... .......... 89% 76.2M 1s
 27050K .......... .......... .......... .......... .......... 89% 1.55M 1s
 27100K .......... .......... .......... .......... .......... 90% 68.9M 1s
 27150K .......... .......... .......... .......... .......... 90% 1.56M 1s
 27200K .......... .......... .......... .......... .......... 90%  117M 1s
 27250K .......... .......... .......... .......... .......... 90% 1.54M 1s
 27300K .......... .......... .......... .......... .......... 90%  113M 1s
 27350K .......... .......... .......... .......... .......... 90%  142M 1s
 27400K .......... .......... .......... .......... .......... 91% 1.59M 1s
 27450K .......... .......... .......... .......... .......... 91%  101M 1s
 27500K .......... .......... .......... .......... .......... 91% 1.60M 1s
 27550K .......... .......... .......... .......... .......... 91% 50.9M 1s
 27600K .......... .......... .......... .......... .......... 91%  636K 1s
 27650K .......... .......... .......... .......... .......... 91%  678K 1s
 27700K .......... .......... .......... .......... .......... 92%  667K 1s
 27750K .......... .......... .......... .......... .......... 92% 1.40M 1s
 27800K .......... .......... .......... .......... .......... 92% 1.32M 1s
 27850K .......... .......... .......... .......... .......... 92% 5.03M 1s
 27900K .......... .......... .......... .......... .......... 92% 1.80M 1s
 27950K .......... .......... .......... .......... .......... 92% 1.19M 1s
 28000K .......... .......... .......... .......... .......... 93% 4.88M 1s
 28050K .......... .......... .......... .......... .......... 93% 2.22M 1s
 28100K .......... .......... .......... .......... .......... 93% 10.7M 1s
 28150K .......... .......... .......... .......... .......... 93% 1.45M 1s
 28200K .......... .......... .......... .......... .......... 93% 4.07M 1s
 28250K .......... .......... .......... .......... .......... 93%  140M 1s
 28300K .......... .......... .......... .......... .......... 94% 2.08M 1s
 28350K .......... .......... .......... .......... .......... 94% 4.08M 1s
 28400K .......... .......... .......... .......... .......... 94% 2.06M 1s
 28450K .......... .......... .......... .......... .......... 94% 10.3M 1s
 28500K .......... .......... .......... .......... .......... 94% 86.9M 1s
 28550K .......... .......... .......... .......... .......... 94% 10.1M 1s
 28600K .......... .......... .......... .......... .......... 95% 1.61M 1s
 28650K .......... .......... .......... .......... .......... 95%  545K 1s
 28700K .......... .......... .......... .......... .......... 95%  907K 1s
 28750K .......... .......... .......... .......... .......... 95% 1.58M 1s
 28800K .......... .......... .......... .......... .......... 95% 1.74M 1s
 28850K .......... .......... .......... .......... .......... 95% 1.75M 1s
 28900K .......... .......... .......... .......... .......... 96% 10.2M 1s
 28950K .......... .......... .......... .......... .......... 96% 1.95M 1s
 29000K .......... .......... .......... .......... .......... 96% 1.73M 1s
 29050K .......... .......... .......... .......... .......... 96% 5.78M 1s
 29100K .......... .......... .......... .......... .......... 96% 11.4M 0s
 29150K .......... .......... .......... .......... .......... 96% 2.50M 0s
 29200K .......... .......... .......... .......... .......... 97% 5.25M 0s
 29250K .......... .......... .......... .......... .......... 97% 9.65M 0s
 29300K .......... .......... .......... .......... .......... 97% 3.70M 0s
 29350K .......... .......... .......... .......... .......... 97% 9.48M 0s
 29400K .......... .......... .......... .......... .......... 97% 2.17M 0s
 29450K .......... .......... .......... .......... .......... 97% 10.3M 0s
 29500K .......... .......... .......... .......... .......... 98% 50.7M 0s
 29550K .......... .......... .......... .......... .......... 98% 2.08M 0s
 29600K .......... .......... .......... .......... .......... 98% 10.5M 0s
 29650K .......... .......... .......... .......... .......... 98%  709K 0s
 29700K .......... .......... .......... .......... .......... 98%  703K 0s
 29750K .......... .......... .......... .......... .......... 98%  678K 0s
 29800K .......... .......... .......... .......... .......... 98% 1.52M 0s
 29850K .......... .......... .......... .......... .......... 99% 1.37M 0s
 29900K .......... .......... .......... .......... .......... 99% 1.33M 0s
 29950K .......... .......... .......... .......... .......... 99% 1.44M 0s
 30000K .......... .......... .......... .......... .......... 99% 85.4M 0s
 30050K .......... .......... .......... .......... .......... 99% 1.37M 0s
 30100K .......... .......... .......... .......... .......... 99% 11.5M 0s
 30150K ..                                                    100% 5.33M=14s

2017-01-06 13:54:38 (2.05 MB/s) - `gobo.apk' saved [30876395/30876395]

