--2017-01-06 13:13:53--  http://xyhzj.cn/McDFe
Resolving xyhzj.cn... 103.39.79.210
Connecting to xyhzj.cn|103.39.79.210|:80... connected.
HTTP request sent, awaiting response... 301 Moved Permanently
Location: http://xyhzj.cn/McDFe/ [following]
--2017-01-06 13:13:53--  http://xyhzj.cn/McDFe/
Reusing existing connection to xyhzj.cn:80.
HTTP request sent, awaiting response... 302 Object moved
Location: luxiang.apk [following]
--2017-01-06 13:13:53--  http://xyhzj.cn/McDFe/luxiang.apk
Reusing existing connection to xyhzj.cn:80.
HTTP request sent, awaiting response... 200 OK
Length: 213502 (208K) [application/vnd.android.package-archive]
Saving to: `luxiang.apk'

     0K .......... .......... .......... .......... .......... 23%  231K 1s
    50K .......... .......... .......... .......... .......... 47%  242K 0s
   100K .......... .......... .......... .......... .......... 71%  235K 0s
   150K .......... .......... .......... .......... .......... 95%  240K 0s
   200K ........                                              100%  285K=0.9s

2017-01-06 13:13:54 (239 KB/s) - `luxiang.apk' saved [213502/213502]

