--2016-12-01 12:59:41--  http://hdb.com/
Resolving hdb.com... 119.254.116.82
Connecting to hdb.com|119.254.116.82|:80... connected.
HTTP request sent, awaiting response... 301 Moved Permanently
Location: http://www.hdb.com/ [following]
--2016-12-01 12:59:41--  http://www.hdb.com/
Resolving www.hdb.com... 120.27.182.36
Connecting to www.hdb.com|120.27.182.36|:80... connected.
HTTP request sent, awaiting response... 200 OK
Length: unspecified [text/html]
Saving to: `index.html'

     0K .......... .......... .......... .......... ..........  894K
    50K                                                        1.19M=0.06s

2016-12-01 12:59:42 (904 KB/s) - `index.html' saved [51826]

=======================The second times wget =====================
--2016-12-01 12:59:42--  http://hdb.com//download/android/4.0/hudongba.apk?from=website
Resolving hdb.com... 119.254.116.82
Connecting to hdb.com|119.254.116.82|:80... connected.
HTTP request sent, awaiting response... 301 Moved Permanently
Location: http://www.hdb.com/download/android/4.0/hudongba.apk?from=website [following]
--2016-12-01 12:59:42--  http://www.hdb.com/download/android/4.0/hudongba.apk?from=website
Resolving www.hdb.com... 120.27.182.36
Connecting to www.hdb.com|120.27.182.36|:80... connected.
HTTP request sent, awaiting response... 302 Found
Location: http://cdn.hudongba.com/android_apk/Hudongba_V6.3.5.apk [following]
--2016-12-01 12:59:43--  http://cdn.hudongba.com/android_apk/Hudongba_V6.3.5.apk
Resolving cdn.hudongba.com... 124.232.157.116
Connecting to cdn.hudongba.com|124.232.157.116|:80... connected.
HTTP request sent, awaiting response... 200 OK
Length: 16932254 (16M) [application/octet-stream]
Saving to: `Hudongba_V6.3.5.apk'

     0K .......... .......... .......... .......... ..........  0% 1.73M 9s
    50K .......... .......... .......... .......... ..........  0% 6.52M 6s
   100K .......... .......... .......... .......... ..........  0% 2.89M 6s
   150K .......... .......... .......... .......... ..........  1% 5.47M 5s
   200K .......... .......... .......... .......... ..........  1% 6.06M 5s
   250K .......... .......... .......... .......... ..........  1% 6.18M 4s
   300K .......... .......... .......... .......... ..........  2% 6.14M 4s
   350K .......... .......... .......... .......... ..........  2%  174M 3s
   400K .......... .......... .......... .......... ..........  2% 4.82M 3s
   450K .......... .......... .......... .......... ..........  3% 5.05M 3s
   500K .......... .......... .......... .......... ..........  3%  115M 3s
   550K .......... .......... .......... .......... ..........  3% 6.38M 3s
   600K .......... .......... .......... .......... ..........  3% 7.70M 3s
   650K .......... .......... .......... .......... ..........  4%  150M 3s
   700K .......... .......... .......... .......... ..........  4% 6.38M 3s
   750K .......... .......... .......... .......... ..........  4%  191M 3s
   800K .......... .......... .......... .......... ..........  5% 6.32M 3s
   850K .......... .......... .......... .......... ..........  5%  195M 2s
   900K .......... .......... .......... .......... ..........  5% 6.00M 2s
   950K .......... .......... .......... .......... ..........  6%  192M 2s
  1000K .......... .......... .......... .......... ..........  6%  131M 2s
  1050K .......... .......... .......... .......... ..........  6% 6.80M 2s
  1100K .......... .......... .......... .......... ..........  6%  175M 2s
  1150K .......... .......... .......... .......... ..........  7% 6.13M 2s
  1200K .......... .......... .......... .......... ..........  7%  145M 2s
  1250K .......... .......... .......... .......... ..........  7%  203M 2s
  1300K .......... .......... .......... .......... ..........  8% 7.31M 2s
  1350K .......... .......... .......... .......... ..........  8%  215M 2s
  1400K .......... .......... .......... .......... ..........  8%  216M 2s
  1450K .......... .......... .......... .......... ..........  9% 6.57M 2s
  1500K .......... .......... .......... .......... ..........  9%  192M 2s
  1550K .......... .......... .......... .......... ..........  9%  212M 2s
  1600K .......... .......... .......... .......... ..........  9%  191M 2s
  1650K .......... .......... .......... .......... .......... 10% 6.62M 2s
  1700K .......... .......... .......... .......... .......... 10%  121M 2s
  1750K .......... .......... .......... .......... .......... 10%  126M 2s
  1800K .......... .......... .......... .......... .......... 11%  150M 1s
  1850K .......... .......... .......... .......... .......... 11%  108M 1s
  1900K .......... .......... .......... .......... .......... 11% 10.6M 1s
  1950K .......... .......... .......... .......... .......... 12%  135M 1s
  2000K .......... .......... .......... .......... .......... 12% 3.59M 1s
  2050K .......... .......... .......... .......... .......... 12% 5.95M 1s
  2100K .......... .......... .......... .......... .......... 13% 6.00M 1s
  2150K .......... .......... .......... .......... .......... 13% 4.18M 2s
  2200K .......... .......... .......... .......... .......... 13% 6.13M 2s
  2250K .......... .......... .......... .......... .......... 13% 2.96M 2s
  2300K .......... .......... .......... .......... .......... 14% 6.76M 2s
  2350K .......... .......... .......... .......... .......... 14% 5.85M 2s
  2400K .......... .......... .......... .......... .......... 14% 5.91M 2s
  2450K .......... .......... .......... .......... .......... 15% 5.06M 2s
  2500K .......... .......... .......... .......... .......... 15% 6.19M 2s
  2550K .......... .......... .......... .......... .......... 15% 8.28M 2s
  2600K .......... .......... .......... .......... .......... 16% 5.83M 2s
  2650K .......... .......... .......... .......... .......... 16% 6.37M 2s
  2700K .......... .......... .......... .......... .......... 16% 5.72M 2s
  2750K .......... .......... .......... .......... .......... 16% 1.93M 2s
  2800K .......... .......... .......... .......... .......... 17% 6.24M 2s
  2850K .......... .......... .......... .......... .......... 17% 6.78M 2s
  2900K .......... .......... .......... .......... .......... 17% 6.79M 2s
  2950K .......... .......... .......... .......... .......... 18% 6.07M 2s
  3000K .......... .......... .......... .......... .......... 18% 2.45M 2s
  3050K .......... .......... .......... .......... .......... 18%  173M 2s
  3100K .......... .......... .......... .......... .......... 19% 6.08M 2s
  3150K .......... .......... .......... .......... .......... 19% 6.12M 2s
  3200K .......... .......... .......... .......... .......... 19% 6.09M 2s
  3250K .......... .......... .......... .......... .......... 19% 5.86M 2s
  3300K .......... .......... .......... .......... .......... 20% 6.71M 2s
  3350K .......... .......... .......... .......... .......... 20% 6.15M 2s
  3400K .......... .......... .......... .......... .......... 20% 4.04M 2s
  3450K .......... .......... .......... .......... .......... 21% 5.26M 2s
  3500K .......... .......... .......... .......... .......... 21% 6.77M 2s
  3550K .......... .......... .......... .......... .......... 21% 6.48M 2s
  3600K .......... .......... .......... .......... .......... 22%  131M 2s
  3650K .......... .......... .......... .......... .......... 22% 6.35M 2s
  3700K .......... .......... .......... .......... .......... 22% 4.04M 2s
  3750K .......... .......... .......... .......... .......... 22% 6.00M 2s
  3800K .......... .......... .......... .......... .......... 23% 6.08M 2s
  3850K .......... .......... .......... .......... .......... 23% 5.14M 2s
  3900K .......... .......... .......... .......... .......... 23% 6.12M 2s
  3950K .......... .......... .......... .......... .......... 24%  159M 2s
  4000K .......... .......... .......... .......... .......... 24% 6.16M 2s
  4050K .......... .......... .......... .......... .......... 24% 4.78M 2s
  4100K .......... .......... .......... .......... .......... 25% 6.16M 2s
  4150K .......... .......... .......... .......... .......... 25% 5.93M 2s
  4200K .......... .......... .......... .......... .......... 25%  178M 2s
  4250K .......... .......... .......... .......... .......... 26% 6.31M 2s
  4300K .......... .......... .......... .......... .......... 26% 6.09M 2s
  4350K .......... .......... .......... .......... .......... 26% 5.54M 2s
  4400K .......... .......... .......... .......... .......... 26%  156M 2s
  4450K .......... .......... .......... .......... .......... 27% 7.32M 2s
  4500K .......... .......... .......... .......... .......... 27% 6.23M 2s
  4550K .......... .......... .......... .......... .......... 27% 3.98M 2s
  4600K .......... .......... .......... .......... .......... 28% 6.12M 2s
  4650K .......... .......... .......... .......... .......... 28%  170M 2s
  4700K .......... .......... .......... .......... .......... 28% 6.06M 2s
  4750K .......... .......... .......... .......... .......... 29% 6.16M 2s
  4800K .......... .......... .......... .......... .......... 29% 6.16M 2s
  4850K .......... .......... .......... .......... .......... 29% 6.03M 2s
  4900K .......... .......... .......... .......... .......... 29%  171M 2s
  4950K .......... .......... .......... .......... .......... 30% 4.07M 2s
  5000K .......... .......... .......... .......... .......... 30% 6.10M 2s
  5050K .......... .......... .......... .......... .......... 30% 7.01M 2s
  5100K .......... .......... .......... .......... .......... 31%  126M 2s
  5150K .......... .......... .......... .......... .......... 31% 6.14M 2s
  5200K .......... .......... .......... .......... .......... 31% 6.25M 2s
  5250K .......... .......... .......... .......... .......... 32%  132M 2s
  5300K .......... .......... .......... .......... .......... 32% 6.17M 2s
  5350K .......... .......... .......... .......... .......... 32% 6.20M 2s
  5400K .......... .......... .......... .......... .......... 32% 5.01M 2s
  5450K .......... .......... .......... .......... .......... 33% 6.18M 1s
  5500K .......... .......... .......... .......... .......... 33%  173M 1s
  5550K .......... .......... .......... .......... .......... 33% 6.10M 1s
  5600K .......... .......... .......... .......... .......... 34% 4.97M 1s
  5650K .......... .......... .......... .......... .......... 34%  160M 1s
  5700K .......... .......... .......... .......... .......... 34% 6.06M 1s
  5750K .......... .......... .......... .......... .......... 35%  148M 1s
  5800K .......... .......... .......... .......... .......... 35% 3.21M 1s
  5850K .......... .......... .......... .......... .......... 35% 2.94M 1s
  5900K .......... .......... .......... .......... .......... 35% 5.63M 1s
  5950K .......... .......... .......... .......... .......... 36% 3.26M 1s
  6000K .......... .......... .......... .......... .......... 36%  178M 1s
  6050K .......... .......... .......... .......... .......... 36% 6.09M 1s
  6100K .......... .......... .......... .......... .......... 37% 4.17M 1s
  6150K .......... .......... .......... .......... .......... 37% 6.09M 1s
  6200K .......... .......... .......... .......... .......... 37% 4.05M 1s
  6250K .......... .......... .......... .......... .......... 38%  162M 1s
  6300K .......... .......... .......... .......... .......... 38% 5.08M 1s
  6350K .......... .......... .......... .......... .......... 38% 6.20M 1s
  6400K .......... .......... .......... .......... .......... 39% 4.79M 1s
  6450K .......... .......... .......... .......... .......... 39% 4.17M 1s
  6500K .......... .......... .......... .......... .......... 39%  173M 1s
  6550K .......... .......... .......... .......... .......... 39% 6.02M 1s
  6600K .......... .......... .......... .......... .......... 40% 3.92M 1s
  6650K .......... .......... .......... .......... .......... 40% 6.37M 1s
  6700K .......... .......... .......... .......... .......... 40% 5.84M 1s
  6750K .......... .......... .......... .......... .......... 41%  182M 1s
  6800K .......... .......... .......... .......... .......... 41% 5.67M 1s
  6850K .......... .......... .......... .......... .......... 41% 7.19M 1s
  6900K .......... .......... .......... .......... .......... 42% 6.05M 1s
  6950K .......... .......... .......... .......... .......... 42% 4.28M 1s
  7000K .......... .......... .......... .......... .......... 42%  129M 1s
  7050K .......... .......... .......... .......... .......... 42% 4.01M 1s
  7100K .......... .......... .......... .......... .......... 43% 4.28M 1s
  7150K .......... .......... .......... .......... .......... 43%  120M 1s
  7200K .......... .......... .......... .......... .......... 43% 4.16M 1s
  7250K .......... .......... .......... .......... .......... 44%  182M 1s
  7300K .......... .......... .......... .......... .......... 44% 4.99M 1s
  7350K .......... .......... .......... .......... .......... 44% 7.81M 1s
  7400K .......... .......... .......... .......... .......... 45% 6.20M 1s
  7450K .......... .......... .......... .......... .......... 45%  186M 1s
  7500K .......... .......... .......... .......... .......... 45% 6.26M 1s
  7550K .......... .......... .......... .......... .......... 45% 5.33M 1s
  7600K .......... .......... .......... .......... .......... 46% 6.70M 1s
  7650K .......... .......... .......... .......... .......... 46% 6.64M 1s
  7700K .......... .......... .......... .......... .......... 46%  162M 1s
  7750K .......... .......... .......... .......... .......... 47% 4.78M 1s
  7800K .......... .......... .......... .......... .......... 47% 5.06M 1s
  7850K .......... .......... .......... .......... .......... 47%  209M 1s
  7900K .......... .......... .......... .......... .......... 48% 6.01M 1s
  7950K .......... .......... .......... .......... .......... 48% 6.30M 1s
  8000K .......... .......... .......... .......... .......... 48%  117M 1s
  8050K .......... .......... .......... .......... .......... 48% 6.64M 1s
  8100K .......... .......... .......... .......... .......... 49% 5.97M 1s
  8150K .......... .......... .......... .......... .......... 49% 11.8M 1s
  8200K .......... .......... .......... .......... .......... 49%  140M 1s
  8250K .......... .......... .......... .......... .......... 50% 6.31M 1s
  8300K .......... .......... .......... .......... .......... 50% 6.17M 1s
  8350K .......... .......... .......... .......... .......... 50%  174M 1s
  8400K .......... .......... .......... .......... .......... 51% 6.48M 1s
  8450K .......... .......... .......... .......... .......... 51% 6.11M 1s
  8500K .......... .......... .......... .......... .......... 51%  198M 1s
  8550K .......... .......... .......... .......... .......... 52% 4.09M 1s
  8600K .......... .......... .......... .......... .......... 52% 5.27M 1s
  8650K .......... .......... .......... .......... .......... 52% 7.10M 1s
  8700K .......... .......... .......... .......... .......... 52%  178M 1s
  8750K .......... .......... .......... .......... .......... 53% 5.86M 1s
  8800K .......... .......... .......... .......... .......... 53% 6.62M 1s
  8850K .......... .......... .......... .......... .......... 53% 6.42M 1s
  8900K .......... .......... .......... .......... .......... 54% 5.42M 1s
  8950K .......... .......... .......... .......... .......... 54%  176M 1s
  9000K .......... .......... .......... .......... .......... 54% 7.15M 1s
  9050K .......... .......... .......... .......... .......... 55% 6.22M 1s
  9100K .......... .......... .......... .......... .......... 55% 4.07M 1s
  9150K .......... .......... .......... .......... .......... 55% 6.02M 1s
  9200K .......... .......... .......... .......... .......... 55%  159M 1s
  9250K .......... .......... .......... .......... .......... 56% 6.07M 1s
  9300K .......... .......... .......... .......... .......... 56% 4.10M 1s
  9350K .......... .......... .......... .......... .......... 56% 5.17M 1s
  9400K .......... .......... .......... .......... .......... 57% 6.79M 1s
  9450K .......... .......... .......... .......... .......... 57%  164M 1s
  9500K .......... .......... .......... .......... .......... 57% 7.23M 1s
  9550K .......... .......... .......... .......... .......... 58% 5.85M 1s
  9600K .......... .......... .......... .......... .......... 58% 6.47M 1s
  9650K .......... .......... .......... .......... .......... 58% 6.13M 1s
  9700K .......... .......... .......... .......... .......... 58%  127M 1s
  9750K .......... .......... .......... .......... .......... 59% 8.57M 1s
  9800K .......... .......... .......... .......... .......... 59% 6.11M 1s
  9850K .......... .......... .......... .......... .......... 59% 6.31M 1s
  9900K .......... .......... .......... .......... .......... 60% 7.65M 1s
  9950K .......... .......... .......... .......... .......... 60%  183M 1s
 10000K .......... .......... .......... .......... .......... 60% 6.22M 1s
 10050K .......... .......... .......... .......... .......... 61% 8.98M 1s
 10100K .......... .......... .......... .......... .......... 61% 14.0M 1s
 10150K .......... .......... .......... .......... .......... 61% 14.8M 1s
 10200K .......... .......... .......... .......... .......... 61% 78.6M 1s
 10250K .......... .......... .......... .......... .......... 62% 14.6M 1s
 10300K .......... .......... .......... .......... .......... 62% 13.9M 1s
 10350K .......... .......... .......... .......... .......... 62% 14.1M 1s
 10400K .......... .......... .......... .......... .......... 63% 13.8M 1s
 10450K .......... .......... .......... .......... .......... 63%  124M 1s
 10500K .......... .......... .......... .......... .......... 63% 13.9M 1s
 10550K .......... .......... .......... .......... .......... 64% 13.7M 1s
 10600K .......... .......... .......... .......... .......... 64% 14.1M 1s
 10650K .......... .......... .......... .......... .......... 64% 14.2M 1s
 10700K .......... .......... .......... .......... .......... 65%  110M 1s
 10750K .......... .......... .......... .......... .......... 65% 12.9M 1s
 10800K .......... .......... .......... .......... .......... 65% 15.6M 1s
 10850K .......... .......... .......... .......... .......... 65% 57.9M 1s
 10900K .......... .......... .......... .......... .......... 66% 16.6M 1s
 10950K .......... .......... .......... .......... .......... 66% 46.5M 1s
 11000K .......... .......... .......... .......... .......... 66% 12.9M 1s
 11050K .......... .......... .......... .......... .......... 67%  199M 1s
 11100K .......... .......... .......... .......... .......... 67% 13.0M 1s
 11150K .......... .......... .......... .......... .......... 67%  124M 1s
 11200K .......... .......... .......... .......... .......... 68% 15.1M 1s
 11250K .......... .......... .......... .......... .......... 68% 15.2M 1s
 11300K .......... .......... .......... .......... .......... 68% 90.1M 1s
 11350K .......... .......... .......... .......... .......... 68% 15.7M 1s
 11400K .......... .......... .......... .......... .......... 69%  100M 1s
 11450K .......... .......... .......... .......... .......... 69% 17.1M 1s
 11500K .......... .......... .......... .......... .......... 69% 44.5M 1s
 11550K .......... .......... .......... .......... .......... 70% 18.3M 1s
 11600K .......... .......... .......... .......... .......... 70% 20.7M 1s
 11650K .......... .......... .......... .......... .......... 70%  173M 1s
 11700K .......... .......... .......... .......... .......... 71% 48.2M 1s
 11750K .......... .......... .......... .......... .......... 71% 17.6M 1s
 11800K .......... .......... .......... .......... .......... 71% 48.4M 1s
 11850K .......... .......... .......... .......... .......... 71% 23.1M 1s
 11900K .......... .......... .......... .......... .......... 72% 67.9M 1s
 11950K .......... .......... .......... .......... .......... 72% 44.6M 1s
 12000K .......... .......... .......... .......... .......... 72% 19.6M 1s
 12050K .......... .......... .......... .......... .......... 73% 38.2M 1s
 12100K .......... .......... .......... .......... .......... 73% 32.0M 1s
 12150K .......... .......... .......... .......... .......... 73% 46.5M 1s
 12200K .......... .......... .......... .......... .......... 74% 32.2M 1s
 12250K .......... .......... .......... .......... .......... 74% 38.3M 1s
 12300K .......... .......... .......... .......... .......... 74% 19.6M 0s
 12350K .......... .......... .......... .......... .......... 74% 53.1M 0s
 12400K .......... .......... .......... .......... .......... 75%  118M 0s
 12450K .......... .......... .......... .......... .......... 75% 16.8M 0s
 12500K .......... .......... .......... .......... .......... 75%  131M 0s
 12550K .......... .......... .......... .......... .......... 76% 48.9M 0s
 12600K .......... .......... .......... .......... .......... 76% 16.5M 0s
 12650K .......... .......... .......... .......... .......... 76%  176M 0s
 12700K .......... .......... .......... .......... .......... 77%  101M 0s
 12750K .......... .......... .......... .......... .......... 77% 21.9M 0s
 12800K .......... .......... .......... .......... .......... 77% 32.0M 0s
 12850K .......... .......... .......... .......... .......... 78% 31.2M 0s
 12900K .......... .......... .......... .......... .......... 78%  111M 0s
 12950K .......... .......... .......... .......... .......... 78% 24.9M 0s
 13000K .......... .......... .......... .......... .......... 78% 38.5M 0s
 13050K .......... .......... .......... .......... .......... 79%  107M 0s
 13100K .......... .......... .......... .......... .......... 79% 24.1M 0s
 13150K .......... .......... .......... .......... .......... 79%  184M 0s
 13200K .......... .......... .......... .......... .......... 80% 52.9M 0s
 13250K .......... .......... .......... .......... .......... 80% 60.7M 0s
 13300K .......... .......... .......... .......... .......... 80% 24.3M 0s
 13350K .......... .......... .......... .......... .......... 81% 60.8M 0s
 13400K .......... .......... .......... .......... .......... 81%  143M 0s
 13450K .......... .......... .......... .......... .......... 81% 53.8M 0s
 13500K .......... .......... .......... .......... .......... 81% 25.1M 0s
 13550K .......... .......... .......... .......... .......... 82% 57.6M 0s
 13600K .......... .......... .......... .......... .......... 82%  119M 0s
 13650K .......... .......... .......... .......... .......... 82%  104M 0s
 13700K .......... .......... .......... .......... .......... 83% 24.8M 0s
 13750K .......... .......... .......... .......... .......... 83% 43.9M 0s
 13800K .......... .......... .......... .......... .......... 83%  167M 0s
 13850K .......... .......... .......... .......... .......... 84% 30.5M 0s
 13900K .......... .......... .......... .......... .......... 84% 92.3M 0s
 13950K .......... .......... .......... .......... .......... 84% 40.2M 0s
 14000K .......... .......... .......... .......... .......... 84%  125M 0s
 14050K .......... .......... .......... .......... .......... 85% 24.4M 0s
 14100K .......... .......... .......... .......... .......... 85%  131M 0s
 14150K .......... .......... .......... .......... .......... 85% 31.8M 0s
 14200K .......... .......... .......... .......... .......... 86% 71.2M 0s
 14250K .......... .......... .......... .......... .......... 86% 43.5M 0s
 14300K .......... .......... .......... .......... .......... 86% 40.2M 0s
 14350K .......... .......... .......... .......... .......... 87%  186M 0s
 14400K .......... .......... .......... .......... .......... 87% 32.7M 0s
 14450K .......... .......... .......... .......... .......... 87%  114M 0s
 14500K .......... .......... .......... .......... .......... 87% 37.7M 0s
 14550K .......... .......... .......... .......... .......... 88%  110M 0s
 14600K .......... .......... .......... .......... .......... 88%  156M 0s
 14650K .......... .......... .......... .......... .......... 88% 32.4M 0s
 14700K .......... .......... .......... .......... .......... 89%  121M 0s
 14750K .......... .......... .......... .......... .......... 89% 44.0M 0s
 14800K .......... .......... .......... .......... .......... 89%  159M 0s
 14850K .......... .......... .......... .......... .......... 90%  135M 0s
 14900K .......... .......... .......... .......... .......... 90% 35.6M 0s
 14950K .......... .......... .......... .......... .......... 90% 59.0M 0s
 15000K .......... .......... .......... .......... .......... 91% 54.7M 0s
 15050K .......... .......... .......... .......... .......... 91% 84.5M 0s
 15100K .......... .......... .......... .......... .......... 91%  182M 0s
 15150K .......... .......... .......... .......... .......... 91% 36.4M 0s
 15200K .......... .......... .......... .......... .......... 92% 67.3M 0s
 15250K .......... .......... .......... .......... .......... 92% 52.1M 0s
 15300K .......... .......... .......... .......... .......... 92%  114M 0s
 15350K .......... .......... .......... .......... .......... 93%  150M 0s
 15400K .......... .......... .......... .......... .......... 93% 35.6M 0s
 15450K .......... .......... .......... .......... .......... 93% 64.0M 0s
 15500K .......... .......... .......... .......... .......... 94% 53.4M 0s
 15550K .......... .......... .......... .......... .......... 94%  103M 0s
 15600K .......... .......... .......... .......... .......... 94%  109M 0s
 15650K .......... .......... .......... .......... .......... 94% 41.1M 0s
 15700K .......... .......... .......... .......... .......... 95% 62.5M 0s
 15750K .......... .......... .......... .......... .......... 95% 50.1M 0s
 15800K .......... .......... .......... .......... .......... 95% 66.8M 0s
 15850K .......... .......... .......... .......... .......... 96%  134M 0s
 15900K .......... .......... .......... .......... .......... 96% 45.3M 0s
 15950K .......... .......... .......... .......... .......... 96% 75.4M 0s
 16000K .......... .......... .......... .......... .......... 97% 42.1M 0s
 16050K .......... .......... .......... .......... .......... 97% 67.4M 0s
 16100K .......... .......... .......... .......... .......... 97%  146M 0s
 16150K .......... .......... .......... .......... .......... 97% 48.9M 0s
 16200K .......... .......... .......... .......... .......... 98% 71.7M 0s
 16250K .......... .......... .......... .......... .......... 98% 48.2M 0s
 16300K .......... .......... .......... .......... .......... 98% 50.9M 0s
 16350K .......... .......... .......... .......... .......... 99%  170M 0s
 16400K .......... .......... .......... .......... .......... 99% 54.0M 0s
 16450K .......... .......... .......... .......... .......... 99%  106M 0s
 16500K .......... .......... .......... .....                100%  208M=1.5s

2016-12-01 12:59:44 (10.5 MB/s) - `Hudongba_V6.3.5.apk' saved [16932254/16932254]

