--2017-01-09 07:57:22--  http://hbecp.cn/KyS7
Resolving hbecp.cn... 103.211.125.154
Connecting to hbecp.cn|103.211.125.154|:80... connected.
HTTP request sent, awaiting response... 301 Moved Permanently
Location: http://hbecp.cn/KyS7/ [following]
--2017-01-09 07:57:24--  http://hbecp.cn/KyS7/
Reusing existing connection to hbecp.cn:80.
HTTP request sent, awaiting response... 302 Object moved
Location: luxiang.apk [following]
--2017-01-09 07:57:24--  http://hbecp.cn/KyS7/luxiang.apk
Reusing existing connection to hbecp.cn:80.
HTTP request sent, awaiting response... 200 OK
Length: 213501 (208K) [application/vnd.android]
Saving to: `luxiang.apk'

     0K .......... .......... .......... .......... .......... 23%  344K 0s
    50K .......... .......... .......... .......... .......... 47%  609K 0s
   100K .......... .......... .......... .......... .......... 71%  521K 0s
   150K .......... .......... .......... .......... .......... 95%  520K 0s
   200K ........                                              100%  533K=0.4s

2017-01-09 07:57:25 (479 KB/s) - `luxiang.apk' saved [213501/213501]

