--2017-01-27 09:21:59--  http://wap.zkrea.com/tr
Resolving wap.zkrea.com... 103.61.2.208
Connecting to wap.zkrea.com|103.61.2.208|:80... connected.
HTTP request sent, awaiting response... 301 Moved Permanently
Location: http://wap.zkrea.com/tr/ [following]
--2017-01-27 09:22:00--  http://wap.zkrea.com/tr/
Reusing existing connection to wap.zkrea.com:80.
HTTP request sent, awaiting response... 302 Object moved
Location: %E8%A7%86%E9%A2%91.apk [following]
--2017-01-27 09:22:00--  http://wap.zkrea.com/tr/%E8%A7%86%E9%A2%91.apk
Reusing existing connection to wap.zkrea.com:80.
HTTP request sent, awaiting response... 200 OK
Length: 209332 (204K) [apk]
Saving to: `è§%86é¢%91.apk'

     0K .......... .......... .......... .......... .......... 24%  250K 1s
    50K .......... .......... .......... .......... .......... 48%  246K 0s
   100K .......... .......... .......... .......... .......... 73%  245K 0s
   150K .......... .......... .......... .......... .......... 97%  250K 0s
   200K ....                                                  100%  280K=0.8s

2017-01-27 09:22:01 (248 KB/s) - `è§%86é¢%91.apk' saved [209332/209332]

