--2016-12-16 11:28:51--  http://t.cn/RchrV90
Resolving t.cn... 180.149.135.224
Connecting to t.cn|180.149.135.224|:80... connected.
HTTP request sent, awaiting response... 302 Found
Location: http://hn93.10006.info/hn_ty/ty?n=UVQ= [following]
--2016-12-16 11:28:52--  http://hn93.10006.info/hn_ty/ty?n=UVQ=
Resolving hn93.10006.info... 218.77.121.93
Connecting to hn93.10006.info|218.77.121.93|:80... connected.
HTTP request sent, awaiting response... 200 OK
Length: 1891 (1.8K) [text/html]
Saving to: `ty?n=UVQ='

     0K .                                                     100%  120M=0s

2016-12-16 11:28:52 (120 MB/s) - `ty?n=UVQ=' saved [1891/1891]

=======================The second times wget =====================
--2016-12-16 11:28:52--  http://api.tv189.com/v2/115020310221__02870121.apk?
Resolving api.tv189.com... 180.153.149.13
Connecting to api.tv189.com|180.153.149.13|:80... connected.
HTTP request sent, awaiting response... 302 Moved Temporarily
Location: http://lteams.tv189.com/uploads/client/2016-12-09/Com_TYSX_VIDEO_PLUS_5.3.13.xx_gt_5.3.13.26ctch1_AD_P_20161208_02870121.apk [following]
--2016-12-16 11:28:54--  http://lteams.tv189.com/uploads/client/2016-12-09/Com_TYSX_VIDEO_PLUS_5.3.13.xx_gt_5.3.13.26ctch1_AD_P_20161208_02870121.apk
Resolving lteams.tv189.com... 180.153.149.15
Connecting to lteams.tv189.com|180.153.149.15|:80... connected.
HTTP request sent, awaiting response... 200 OK
Length: 10775980 (10M) [application/vnd.android.package-archive]
Saving to: `Com_TYSX_VIDEO_PLUS_5.3.13.xx_gt_5.3.13.26ctch1_AD_P_20161208_02870121.apk'

     0K .......... .......... .......... .......... ..........  0%  357K 29s
    50K .......... .......... .......... .......... ..........  0%  347K 30s
   100K .......... .......... .......... .......... ..........  1%  126K 47s
   150K .......... .......... .......... .......... ..........  1% 96.2K 62s
   200K .......... .......... .......... .......... ..........  2%  143K 64s
   250K .......... .......... .......... .......... ..........  2%  195K 62s
   300K .......... .......... .......... .......... ..........  3%  143K 63s
   350K .......... .......... .......... .......... ..........  3%  157K 63s
   400K .......... .......... .......... .......... ..........  4%  171K 62s
   450K .......... .......... .......... .......... ..........  4%  269K 59s
   500K .......... .......... .......... .......... ..........  5%  357K 56s
   550K .......... .......... .......... .......... ..........  5%  359K 53s
   600K .......... .......... .......... .......... ..........  6%  306K 52s
   650K .......... .......... .......... .......... ..........  6%  135K 53s
   700K .......... .......... .......... .......... ..........  7%  195K 52s
   750K .......... .......... .......... .......... ..........  7%  357K 51s
   800K .......... .......... .......... .......... ..........  8%  307K 49s
   850K .......... .......... .......... .......... ..........  8%  239K 48s
   900K .......... .......... .......... .......... ..........  9%  357K 47s
   950K .......... .......... .......... .......... ..........  9%  270K 46s
  1000K .......... .......... .......... .......... ..........  9%  348K 45s
  1050K .......... .......... .......... .......... .......... 10%  143K 46s
  1100K .......... .......... .......... .......... .......... 10%  143K 46s
  1150K .......... .......... .......... .......... .......... 11%  184K 46s
  1200K .......... .......... .......... .......... .......... 11%  255K 46s
  1250K .......... .......... .......... .......... .......... 12%  270K 45s
  1300K .......... .......... .......... .......... .......... 12%  357K 44s
  1350K .......... .......... .......... .......... .......... 13%  270K 44s
  1400K .......... .......... .......... .......... .......... 13%  268K 43s
  1450K .......... .......... .......... .......... .......... 14%  261K 42s
  1500K .......... .......... .......... .......... .......... 14%  243K 42s
  1550K .......... .......... .......... .......... .......... 15%  195K 42s
  1600K .......... .......... .......... .......... .......... 15%  268K 41s
  1650K .......... .......... .......... .......... .......... 16%  268K 41s
  1700K .......... .......... .......... .......... .......... 16%  160K 41s
  1750K .......... .......... .......... .......... .......... 17% 93.2K 42s
  1800K .......... .......... .......... .......... .......... 17%  153K 43s
  1850K .......... .......... .......... .......... .......... 18%  156K 43s
  1900K .......... .......... .......... .......... .......... 18%  207K 42s
  1950K .......... .......... .......... .......... .......... 19%  268K 42s
  2000K .......... .......... .......... .......... .......... 19%  307K 41s
  2050K .......... .......... .......... .......... .......... 19%  357K 41s
  2100K .......... .......... .......... .......... .......... 20%  269K 40s
  2150K .......... .......... .......... .......... .......... 20%  220K 40s
  2200K .......... .......... .......... .......... ........   21%  181K=11s

2016-12-16 11:29:25 (208 KB/s) - Read error at byte 2302488/10775980 (Connection timed out). Giving up.

