--2017-02-02 11:41:09--  http://gtsyb.cn/ty
Resolving gtsyb.cn... 103.56.114.101
Connecting to gtsyb.cn|103.56.114.101|:80... connected.
HTTP request sent, awaiting response... 301 Moved Permanently
Location: http://gtsyb.cn/ty/ [following]
--2017-02-02 11:41:10--  http://gtsyb.cn/ty/
Reusing existing connection to gtsyb.cn:80.
HTTP request sent, awaiting response... 200 OK
Length: 247 [text/html]
Saving to: `index.html'

     0K                                                       100% 16.8M=0s

2017-02-02 11:41:10 (16.8 MB/s) - `index.html' saved [247/247]

=======================The second times wget =====================
--2017-02-02 11:41:10--  http://gtsyb.cn/ty/%CF%E0%B2%E17.apk
Resolving gtsyb.cn... 103.56.114.101
Connecting to gtsyb.cn|103.56.114.101|:80... connected.
HTTP request sent, awaiting response... 200 OK
Length: 209289 (204K) [application/vnd.android.package-archive]
Saving to: `ПаІб7.apk'

     0K .......... .......... .......... .......... .......... 24% 39.6K 4s
    50K .......... .......... .......... .......... .......... 48% 72.2K 2s
   100K .......... .......... .......... .......... .......... 73%  119K 1s
   150K .......... .......... .......... .......... .......... 97% 86.2K 0s
   200K ....                                                  100%  137K=3.0s

2017-02-02 11:41:15 (68.4 KB/s) - `ПаІб7.apk' saved [209289/209289]

