--2016-12-01 20:42:18--  http://heoxc.com/0i3a
Resolving heoxc.com... 45.116.212.141
Connecting to heoxc.com|45.116.212.141|:80... connected.
HTTP request sent, awaiting response... 301 Moved Permanently
Location: http://heoxc.com/0i3a/ [following]
--2016-12-01 20:42:20--  http://heoxc.com/0i3a/
Reusing existing connection to heoxc.com:80.
HTTP request sent, awaiting response... 302 Object moved
Location: %E6%96%B0%E7%9A%84%E5%BD%B1%E9%9B%86.apk [following]
--2016-12-01 20:42:20--  http://heoxc.com/0i3a/%E6%96%B0%E7%9A%84%E5%BD%B1%E9%9B%86.apk
Reusing existing connection to heoxc.com:80.
HTTP request sent, awaiting response... 200 OK
Length: 232568 (227K) [apk]
Saving to: `æ%96°ç%9A%84å½±é%9B%86.apk'

     0K .......... .......... .......... .......... .......... 22%  255K 1s
    50K .......... .......... .......... .......... .......... 44%  245K 1s
   100K .......... .......... .......... .......... .......... 66%  236K 0s
   150K .......... .......... .......... .......... .......... 88%  208K 0s
   200K .......... .......... .......                         100%  323K=0.9s

2016-12-01 20:42:21 (243 KB/s) - `æ%96°ç%9A%84å½±é%9B%86.apk' saved [232568/232568]

