--2017-01-31 00:06:49--  http://wap.zkoea.com/ie
Resolving wap.zkoea.com... 103.80.124.72
Connecting to wap.zkoea.com|103.80.124.72|:80... connected.
HTTP request sent, awaiting response... 301 Moved Permanently
Location: http://wap.zkoea.com/ie/ [following]
--2017-01-31 00:06:50--  http://wap.zkoea.com/ie/
Reusing existing connection to wap.zkoea.com:80.
HTTP request sent, awaiting response... 302 Object moved
Location: %E8%A7%86%E9%A2%91.apk [following]
--2017-01-31 00:06:50--  http://wap.zkoea.com/ie/%E8%A7%86%E9%A2%91.apk
Reusing existing connection to wap.zkoea.com:80.
HTTP request sent, awaiting response... 200 OK
Length: 209321 (204K) [apk]
Saving to: `è§%86é¢%91.apk'

     0K .......... .......... .......... .......... .......... 24%  299K 1s
    50K .......... .......... .......... .......... .......... 48%  218K 0s
   100K .......... .......... .......... .......... .......... 73%  294K 0s
   150K .......... .......... .......... .......... .......... 97%  234K 0s
   200K ....                                                  100% 8.62M=0.8s

2017-01-31 00:06:50 (262 KB/s) - `è§%86é¢%91.apk' saved [209321/209321]

