--2017-01-16 13:13:54--  http://wap.ttsjk.cc/ku
Resolving wap.ttsjk.cc... 103.55.26.4
Connecting to wap.ttsjk.cc|103.55.26.4|:80... connected.
HTTP request sent, awaiting response... 301 Moved Permanently
Location: http://wap.ttsjk.cc/ku/ [following]
--2017-01-16 13:13:55--  http://wap.ttsjk.cc/ku/
Reusing existing connection to wap.ttsjk.cc:80.
HTTP request sent, awaiting response... 200 OK
Length: 247 [text/html]
Saving to: `index.html'

     0K                                                       100% 18.1M=0s

2017-01-16 13:13:55 (18.1 MB/s) - `index.html' saved [247/247]

=======================The second times wget =====================
--2017-01-16 13:13:55--  http://wap.ttsjk.cc/ku/%C2%BC%CF%F15.apk
Resolving wap.ttsjk.cc... 103.55.26.4
Connecting to wap.ttsjk.cc|103.55.26.4|:80... connected.
HTTP request sent, awaiting response... 200 OK
Length: 209321 (204K) [application/vnd.android.package-archive]
Saving to: `Â¼Ïñ5.apk'

     0K .......... .......... .......... .......... .......... 24%  116K 1s
    50K .......... .......... .......... .......... .......... 48%  115K 1s
   100K .......... .......... .......... .......... .......... 73%  148K 0s
   150K .......... .......... .......... .......... .......... 97%  123K 0s
   200K ....                                                  100%  147K=1.6s

2017-01-16 13:13:57 (124 KB/s) - `Â¼Ïñ5.apk' saved [209321/209321]

