--2017-02-06 20:26:26--  http://weather.gionee.com/weathernew/apkdown.do
Resolving weather.gionee.com... 223.6.254.94
Connecting to weather.gionee.com|223.6.254.94|:80... connected.
HTTP request sent, awaiting response... 302 Moved Temporarily
Location: http://assets.gionee.com/attachs/weather/holiday/Ami_Weather_share.apk [following]
--2017-02-06 20:26:30--  http://assets.gionee.com/attachs/weather/holiday/Ami_Weather_share.apk
Resolving assets.gionee.com... 175.6.8.26, 175.6.8.24
Connecting to assets.gionee.com|175.6.8.26|:80... connected.
HTTP request sent, awaiting response... 200 OK
Length: 8470103 (8.1M) [application/octet-stream]
Saving to: `Ami_Weather_share.apk'

     0K .......... .......... .......... .......... ..........  0% 2.77M 3s
    50K .......... .......... .......... .......... ..........  1% 7.84M 2s
   100K .......... .......... .......... .......... ..........  1% 3.66M 2s
   150K .......... .......... .......... .......... ..........  2% 5.96M 2s
   200K .......... .......... .......... .......... ..........  3%  123M 1s
   250K .......... .......... .......... .......... ..........  3% 43.8M 1s
   300K .......... .......... .......... .......... ..........  4%  130M 1s
   350K .......... .......... .......... .......... ..........  4% 43.1M 1s
   400K .......... .......... .......... .......... ..........  5%  145M 1s
   450K .......... .......... .......... .......... ..........  6% 58.7M 1s
   500K .......... .......... .......... .......... ..........  6%  117M 1s
   550K .......... .......... .......... .......... ..........  7% 42.0M 1s
   600K .......... .......... .......... .......... ..........  7% 92.8M 1s
   650K .......... .......... .......... .......... ..........  8% 45.3M 1s
   700K .......... .......... .......... .......... ..........  9%  152M 1s
   750K .......... .......... .......... .......... ..........  9% 49.7M 1s
   800K .......... .......... .......... .......... .......... 10%  133M 0s
   850K .......... .......... .......... .......... .......... 10% 43.1M 0s
   900K .......... .......... .......... .......... .......... 11%  182M 0s
   950K .......... .......... .......... .......... .......... 12% 39.1M 0s
  1000K .......... .......... .......... .......... .......... 12% 38.6M 0s
  1050K .......... .......... .......... .......... .......... 13%  109M 0s
  1100K .......... .......... .......... .......... .......... 13%  126M 0s
  1150K .......... .......... .......... .......... .......... 14% 44.8M 0s
  1200K .......... .......... .......... .......... .......... 15%  176M 0s
  1250K .......... .......... .......... .......... .......... 15% 36.0M 0s
  1300K .......... .......... .......... .......... .......... 16%  174M 0s
  1350K .......... .......... .......... .......... .......... 16% 38.8M 0s
  1400K .......... .......... .......... .......... .......... 17%  110M 0s
  1450K .......... .......... .......... .......... .......... 18% 29.9M 0s
  1500K .......... .......... .......... .......... .......... 18%  144M 0s
  1550K .......... .......... .......... .......... .......... 19% 43.0M 0s
  1600K .......... .......... .......... .......... .......... 19%  119M 0s
  1650K .......... .......... .......... .......... .......... 20% 49.0M 0s
  1700K .......... .......... .......... .......... .......... 21%  195M 0s
  1750K .......... .......... .......... .......... .......... 21% 45.4M 0s
  1800K .......... .......... .......... .......... .......... 22%  165M 0s
  1850K .......... .......... .......... .......... .......... 22% 32.1M 0s
  1900K .......... .......... .......... .......... .......... 23% 72.4M 0s
  1950K .......... .......... .......... .......... .......... 24% 67.9M 0s
  2000K .......... .......... .......... .......... .......... 24%  159M 0s
  2050K .......... .......... .......... .......... .......... 25% 38.9M 0s
  2100K .......... .......... .......... .......... .......... 25%  153M 0s
  2150K .......... .......... .......... .......... .......... 26% 41.3M 0s
  2200K .......... .......... .......... .......... .......... 27%  167M 0s
  2250K .......... .......... .......... .......... .......... 27% 44.9M 0s
  2300K .......... .......... .......... .......... .......... 28%  150M 0s
  2350K .......... .......... .......... .......... .......... 29% 49.7M 0s
  2400K .......... .......... .......... .......... .......... 29%  163M 0s
  2450K .......... .......... .......... .......... .......... 30% 60.9M 0s
  2500K .......... .......... .......... .......... .......... 30%  139M 0s
  2550K .......... .......... .......... .......... .......... 31%  168M 0s
  2600K .......... .......... .......... .......... .......... 32% 33.5M 0s
  2650K .......... .......... .......... .......... .......... 32%  147M 0s
  2700K .......... .......... .......... .......... .......... 33% 64.1M 0s
  2750K .......... .......... .......... .......... .......... 33% 51.9M 0s
  2800K .......... .......... .......... .......... .......... 34% 90.3M 0s
  2850K .......... .......... .......... .......... .......... 35%  170M 0s
  2900K .......... .......... .......... .......... .......... 35% 54.0M 0s
  2950K .......... .......... .......... .......... .......... 36% 97.7M 0s
  3000K .......... .......... .......... .......... .......... 36% 43.5M 0s
  3050K .......... .......... .......... .......... .......... 37%  140M 0s
  3100K .......... .......... .......... .......... .......... 38% 39.4M 0s
  3150K .......... .......... .......... .......... .......... 38%  163M 0s
  3200K .......... .......... .......... .......... .......... 39% 55.2M 0s
  3250K .......... .......... .......... .......... .......... 39%  109M 0s
  3300K .......... .......... .......... .......... .......... 40% 51.5M 0s
  3350K .......... .......... .......... .......... .......... 41%  149M 0s
  3400K .......... .......... .......... .......... .......... 41%  173M 0s
  3450K .......... .......... .......... .......... .......... 42% 45.0M 0s
  3500K .......... .......... .......... .......... .......... 42%  110M 0s
  3550K .......... .......... .......... .......... .......... 43% 60.1M 0s
  3600K .......... .......... .......... .......... .......... 44%  124M 0s
  3650K .......... .......... .......... .......... .......... 44%  174M 0s
  3700K .......... .......... .......... .......... .......... 45% 42.2M 0s
  3750K .......... .......... .......... .......... .......... 45%  184M 0s
  3800K .......... .......... .......... .......... .......... 46% 45.6M 0s
  3850K .......... .......... .......... .......... .......... 47%  161M 0s
  3900K .......... .......... .......... .......... .......... 47% 23.7M 0s
  3950K .......... .......... .......... .......... .......... 48%  176M 0s
  4000K .......... .......... .......... .......... .......... 48% 50.7M 0s
  4050K .......... .......... .......... .......... .......... 49%  135M 0s
  4100K .......... .......... .......... .......... .......... 50% 67.2M 0s
  4150K .......... .......... .......... .......... .......... 50% 99.4M 0s
  4200K .......... .......... .......... .......... .......... 51% 51.6M 0s
  4250K .......... .......... .......... .......... .......... 51% 11.6M 0s
  4300K .......... .......... .......... .......... .......... 52% 36.0M 0s
  4350K .......... .......... .......... .......... .......... 53%  156M 0s
  4400K .......... .......... .......... .......... .......... 53%  173M 0s
  4450K .......... .......... .......... .......... .......... 54% 56.6M 0s
  4500K .......... .......... .......... .......... .......... 55%  131M 0s
  4550K .......... .......... .......... .......... .......... 55% 30.8M 0s
  4600K .......... .......... .......... .......... .......... 56% 32.1M 0s
  4650K .......... .......... .......... .......... .......... 56%  145M 0s
  4700K .......... .......... .......... .......... .......... 57%  161M 0s
  4750K .......... .......... .......... .......... .......... 58% 83.5M 0s
  4800K .......... .......... .......... .......... .......... 58%  154M 0s
  4850K .......... .......... .......... .......... .......... 59% 43.2M 0s
  4900K .......... .......... .......... .......... .......... 59%  138M 0s
  4950K .......... .......... .......... .......... .......... 60%  133M 0s
  5000K .......... .......... .......... .......... .......... 61% 42.9M 0s
  5050K .......... .......... .......... .......... .......... 61%  179M 0s
  5100K .......... .......... .......... .......... .......... 62% 39.2M 0s
  5150K .......... .......... .......... .......... .......... 62%  174M 0s
  5200K .......... .......... .......... .......... .......... 63% 38.2M 0s
  5250K .......... .......... .......... .......... .......... 64%  166M 0s
  5300K .......... .......... .......... .......... .......... 64% 51.9M 0s
  5350K .......... .......... .......... .......... .......... 65%  145M 0s
  5400K .......... .......... .......... .......... .......... 65% 49.2M 0s
  5450K .......... .......... .......... .......... .......... 66%  118M 0s
  5500K .......... .......... .......... .......... .......... 67% 59.1M 0s
  5550K .......... .......... .......... .......... .......... 67%  141M 0s
  5600K .......... .......... .......... .......... .......... 68%  154M 0s
  5650K .......... .......... .......... .......... .......... 68% 50.9M 0s
  5700K .......... .......... .......... .......... .......... 69%  145M 0s
  5750K .......... .......... .......... .......... .......... 70% 46.0M 0s
  5800K .......... .......... .......... .......... .......... 70% 41.1M 0s
  5850K .......... .......... .......... .......... .......... 71%  126M 0s
  5900K .......... .......... .......... .......... .......... 71%  170M 0s
  5950K .......... .......... .......... .......... .......... 72% 65.9M 0s
  6000K .......... .......... .......... .......... .......... 73%  127M 0s
  6050K .......... .......... .......... .......... .......... 73% 54.1M 0s
  6100K .......... .......... .......... .......... .......... 74%  145M 0s
  6150K .......... .......... .......... .......... .......... 74% 44.8M 0s
  6200K .......... .......... .......... .......... .......... 75%  148M 0s
  6250K .......... .......... .......... .......... .......... 76% 51.0M 0s
  6300K .......... .......... .......... .......... .......... 76%  149M 0s
  6350K .......... .......... .......... .......... .......... 77%  178M 0s
  6400K .......... .......... .......... .......... .......... 77% 59.5M 0s
  6450K .......... .......... .......... .......... .......... 78%  171M 0s
  6500K .......... .......... .......... .......... .......... 79% 37.0M 0s
  6550K .......... .......... .......... .......... .......... 79%  176M 0s
  6600K .......... .......... .......... .......... .......... 80% 51.1M 0s
  6650K .......... .......... .......... .......... .......... 81%  136M 0s
  6700K .......... .......... .......... .......... .......... 81%  196M 0s
  6750K .......... .......... .......... .......... .......... 82% 59.3M 0s
  6800K .......... .......... .......... .......... .......... 82%  172M 0s
  6850K .......... .......... .......... .......... .......... 83% 48.7M 0s
  6900K .......... .......... .......... .......... .......... 84%  188M 0s
  6950K .......... .......... .......... .......... .......... 84% 62.6M 0s
  7000K .......... .......... .......... .......... .......... 85%  111M 0s
  7050K .......... .......... .......... .......... .......... 85%  185M 0s
  7100K .......... .......... .......... .......... .......... 86% 44.6M 0s
  7150K .......... .......... .......... .......... .......... 87%  166M 0s
  7200K .......... .......... .......... .......... .......... 87% 42.5M 0s
  7250K .......... .......... .......... .......... .......... 88%  150M 0s
  7300K .......... .......... .......... .......... .......... 88%  186M 0s
  7350K .......... .......... .......... .......... .......... 89% 59.0M 0s
  7400K .......... .......... .......... .......... .......... 90%  190M 0s
  7450K .......... .......... .......... .......... .......... 90% 45.5M 0s
  7500K .......... .......... .......... .......... .......... 91%  142M 0s
  7550K .......... .......... .......... .......... .......... 91% 65.7M 0s
  7600K .......... .......... .......... .......... .......... 92% 89.1M 0s
  7650K .......... .......... .......... .......... .......... 93%  168M 0s
  7700K .......... .......... .......... .......... .......... 93% 69.4M 0s
  7750K .......... .......... .......... .......... .......... 94%  140M 0s
  7800K .......... .......... .......... .......... .......... 94% 82.9M 0s
  7850K .......... .......... .......... .......... .......... 95% 96.7M 0s
  7900K .......... .......... .......... .......... .......... 96% 75.1M 0s
  7950K .......... .......... .......... .......... .......... 96%  152M 0s
  8000K .......... .......... .......... .......... .......... 97% 70.3M 0s
  8050K .......... .......... .......... .......... .......... 97%  173M 0s
  8100K .......... .......... .......... .......... .......... 98% 38.1M 0s
  8150K .......... .......... .......... .......... .......... 99%  155M 0s
  8200K .......... .......... .......... .......... .......... 99%  142M 0s
  8250K .......... .......... .                               100% 7.59M=0.2s

2017-02-06 20:26:31 (50.5 MB/s) - `Ami_Weather_share.apk' saved [8470103/8470103]

