--2017-02-15 22:57:28--  http://lday.info/nnb
Resolving lday.info... 43.230.112.228
Connecting to lday.info|43.230.112.228|:80... connected.
HTTP request sent, awaiting response... 301 Moved Permanently
Location: http://lday.info/nnb/ [following]
--2017-02-15 22:57:29--  http://lday.info/nnb/
Reusing existing connection to lday.info:80.
HTTP request sent, awaiting response... 200 OK
Length: 340 [text/html]
Saving to: `index.html'

     0K                                                       100% 23.2M=0s

2017-02-15 22:57:29 (23.2 MB/s) - `index.html' saved [340/340]

=======================The second times wget =====================
--2017-02-15 22:57:29--  http://lday.info/nnb/%C2%BC%CF%F1.apk
Resolving lday.info... 43.230.112.228
Connecting to lday.info|43.230.112.228|:80... connected.
HTTP request sent, awaiting response... 200 OK
Length: 201080 (196K) [application/vnd.android.package-archive]
Saving to: `Â¼Ïñ.apk'

     0K .......... .......... .......... .......... .......... 25%  101K 1s
    50K .......... .......... .......... .......... .......... 50%  308K 1s
   100K .......... .......... .......... .......... .......... 76%  312K 0s
   150K .......... .......... .......... .......... ......    100%  305K=1.0s

2017-02-15 22:57:31 (203 KB/s) - `Â¼Ïñ.apk' saved [201080/201080]

