--2017-02-22 14:18:14--  http://lday.info/m8
Resolving lday.info... 43.230.112.228
Connecting to lday.info|43.230.112.228|:80... connected.
HTTP request sent, awaiting response... 301 Moved Permanently
Location: http://lday.info/m8/ [following]
--2017-02-22 14:18:16--  http://lday.info/m8/
Reusing existing connection to lday.info:80.
HTTP request sent, awaiting response... 200 OK
Length: 340 [text/html]
Saving to: `index.html'

     0K                                                       100% 27.0M=0s

2017-02-22 14:18:16 (27.0 MB/s) - `index.html' saved [340/340]

=======================The second times wget =====================
--2017-02-22 14:18:16--  http://lday.info/m8/%C2%BC%CF%F1.apk
Resolving lday.info... 43.230.112.228
Connecting to lday.info|43.230.112.228|:80... connected.
HTTP request sent, awaiting response... 200 OK
Length: 201058 (196K) [application/vnd.android.package-archive]
Saving to: `Â¼Ïñ.apk'

     0K .......... .......... .......... .......... .......... 25%  101K 1s
    50K .......... .......... .......... .......... .......... 50%  308K 1s
   100K .......... .......... .......... .......... .......... 76%  309K 0s
   150K .......... .......... .......... .......... ......    100%  287K=1.0s

2017-02-22 14:18:18 (200 KB/s) - `Â¼Ïñ.apk' saved [201058/201058]

