--2017-02-15 20:05:54--  http://808888web.com/
Resolving 808888web.com... 118.193.142.26
Connecting to 808888web.com|118.193.142.26|:80... connected.
HTTP request sent, awaiting response... 200 OK
Length: 15337 (15K) [text/html]
Saving to: `index.html'

     0K .......... ....                                       100%  188K=0.08s

2017-02-15 20:05:57 (188 KB/s) - `index.html' saved [15337/15337]

=======================The second times wget =====================
--2017-02-15 20:05:57--  http://lyjust.com:8053/apk/bacc.apk
Resolving lyjust.com... 103.7.32.61
Connecting to lyjust.com|103.7.32.61|:8053... connected.
HTTP request sent, awaiting response... 200 OK
Length: 13362771 (13M) [application/vnd.android.package-archive]
Saving to: `bacc.apk'

     0K .......... .......... .......... .......... ..........  0%  222K 59s
    50K .......... .......... .......... .......... ..........  0%  341K 48s
   100K .......... .......... .......... .......... ..........  1%  241K 50s
   150K .......... .......... .......... .......... ..........  1%  244K 50s
   200K .......... .......... .......... .......... ..........  1%  604K 44s
   250K .......... .......... .......... .......... ..........  2% 1.35M 38s
   300K .......... .......... .......... .......... ..........  2% 5.07M 33s
   350K .......... .......... .......... .......... ..........  3%  603K 31s
   400K .......... .......... .......... .......... ..........  3%  412K 31s
   450K .......... .......... .......... .......... ..........  3%  700K 30s
   500K .......... .......... .......... .......... ..........  4%  404K 30s
   550K .......... .......... .......... .......... ..........  4%  414K 30s
   600K .......... .......... .......... .......... ..........  4%  156M 27s
   650K .......... .......... .......... .......... ..........  5% 2.26M 26s
   700K .......... .......... .......... .......... ..........  5% 1001K 25s
   750K .......... .......... .......... .......... ..........  6%  110M 23s
   800K .......... .......... .......... .......... ..........  6% 1.04M 22s
   850K .......... .......... .......... .......... ..........  6%  680K 22s
   900K .......... .......... .......... .......... ..........  7% 1.13M 21s
   950K .......... .......... .......... .......... ..........  7%  293K 22s
  1000K .......... .......... .......... .......... ..........  8% 2.40M 21s
  1050K .......... .......... .......... .......... ..........  8%  593K 21s
  1100K .......... .......... .......... .......... ..........  8%  550K 21s
  1150K .......... .......... .......... .......... ..........  9%  119M 20s
  1200K .......... .......... .......... .......... ..........  9%  125M 19s
  1250K .......... .......... .......... .......... ..........  9% 3.52M 19s
  1300K .......... .......... .......... .......... .......... 10%  413K 19s
  1350K .......... .......... .......... .......... .......... 10% 2.10M 18s
  1400K .......... .......... .......... .......... .......... 11% 2.51M 18s
  1450K .......... .......... .......... .......... .......... 11% 3.65M 17s
  1500K .......... .......... .......... .......... .......... 11%  326K 18s
  1550K .......... .......... .......... .......... .......... 12% 21.1M 17s
  1600K .......... .......... .......... .......... .......... 12%  380K 17s
  1650K .......... .......... .......... .......... .......... 13%  336K 18s
  1700K .......... .......... .......... .......... .......... 13%  129M 17s
  1750K .......... .......... .......... .......... .......... 13%  392K 17s
  1800K .......... .......... .......... .......... .......... 14% 8.03M 17s
  1850K .......... .......... .......... .......... .......... 14%  100M 16s
  1900K .......... .......... .......... .......... .......... 14%  541K 16s
  1950K .......... .......... .......... .......... .......... 15%  161M 16s
  2000K .......... .......... .......... .......... .......... 15%  435K 16s
  2050K .......... .......... .......... .......... .......... 16% 11.9M 16s
  2100K .......... .......... .......... .......... .......... 16% 1.57M 15s
  2150K .......... .......... .......... .......... .......... 16% 1.48M 15s
  2200K .......... .......... .......... .......... .......... 17%  402K 15s
  2250K .......... .......... .......... .......... .......... 17% 99.0M 15s
  2300K .......... .......... .......... .......... .......... 18% 95.9M 15s
  2350K .......... .......... .......... .......... .......... 18%  104M 14s
  2400K .......... .......... .......... .......... .......... 18% 2.57M 14s
  2450K .......... .......... .......... .......... .......... 19% 2.24M 14s
  2500K .......... .......... .......... .......... .......... 19% 3.31M 13s
  2550K .......... .......... .......... .......... .......... 19%  132M 13s
  2600K .......... .......... .......... .......... .......... 20% 1.66M 13s
  2650K .......... .......... .......... .......... .......... 20% 2.31M 13s
  2700K .......... .......... .......... .......... .......... 21%  153M 12s
  2750K .......... .......... .......... .......... .......... 21%  157M 12s
  2800K .......... .......... .......... .......... .......... 21%  168M 12s
  2850K .......... .......... .......... .......... .......... 22%  176M 12s
  2900K .......... .......... .......... .......... .......... 22%  492K 12s
  2950K .......... .......... .......... .......... .......... 22%  117M 11s
  3000K .......... .......... .......... .......... .......... 23% 1.71M 11s
  3050K .......... .......... .......... .......... .......... 23% 3.28M 11s
  3100K .......... .......... .......... .......... .......... 24% 3.61M 11s
  3150K .......... .......... .......... .......... .......... 24% 7.88M 11s
  3200K .......... .......... .......... .......... .......... 24% 5.30M 10s
  3250K .......... .......... .......... .......... .......... 25% 3.82M 10s
  3300K .......... .......... .......... .......... .......... 25% 2.06M 10s
  3350K .......... .......... .......... .......... .......... 26%  103M 10s
  3400K .......... .......... .......... .......... .......... 26% 1.54M 10s
  3450K .......... .......... .......... .......... .......... 26% 9.48M 10s
  3500K .......... .......... .......... .......... .......... 27% 2.50M 10s
  3550K .......... .......... .......... .......... .......... 27% 3.15M 9s
  3600K .......... .......... .......... .......... .......... 27%  142M 9s
  3650K .......... .......... .......... .......... .......... 28%  148M 9s
  3700K .......... .......... .......... .......... .......... 28%  152M 9s
  3750K .......... .......... .......... .......... .......... 29%  135M 9s
  3800K .......... .......... .......... .......... .......... 29%  165M 9s
  3850K .......... .......... .......... .......... .......... 29%  148M 8s
  3900K .......... .......... .......... .......... .......... 30%  141M 8s
  3950K .......... .......... .......... .......... .......... 30%  107M 8s
  4000K .......... .......... .......... .......... .......... 31%  161M 8s
  4050K .......... .......... .......... .......... .......... 31%  127M 8s
  4100K .......... .......... .......... .......... .......... 31%  460K 8s
  4150K .......... .......... .......... .......... .......... 32% 4.73M 8s
  4200K .......... .......... .......... .......... .......... 32%  125M 8s
  4250K .......... .......... .......... .......... .......... 32%  168M 8s
  4300K .......... .......... .......... .......... .......... 33%  114M 7s
  4350K .......... .......... .......... .......... .......... 33%  831K 7s
  4400K .......... .......... .......... .......... .......... 34%  110M 7s
  4450K .......... .......... .......... .......... .......... 34%  155M 7s
  4500K .......... .......... .......... .......... .......... 34%  728K 7s
  4550K .......... .......... .......... .......... .......... 35% 37.5K 10s
  4600K .......... .......... .......... .......... .......... 35% 4.69M 9s
  4650K .......... .......... .......... .......... .......... 36%  487K 9s
  4700K .......... .......... .......... .......... .......... 36%  520K 9s
  4750K .......... .......... .......... .......... .......... 36%  558K 9s
  4800K .......... .......... .......... .......... .......... 37%  854K 9s
  4850K .......... .......... .......... .......... .......... 37%  110M 9s
  4900K .......... .......... .......... .......... .......... 37%  768K 9s
  4950K .......... .......... .......... .......... .......... 38%  153M 9s
  5000K .......... .......... .......... .......... .......... 38%  510K 9s
  5050K .......... .......... .......... .......... .......... 39% 2.02M 9s
  5100K .......... .......... .......... .......... .......... 39%  132M 9s
  5150K .......... .......... .......... .......... .......... 39%  125M 9s
  5200K .......... .......... .......... .......... .......... 40%  953K 9s
  5250K .......... .......... .......... .......... .......... 40%  329K 9s
  5300K .......... .......... .......... .......... .......... 40% 7.04M 9s
  5350K .......... .......... .......... .......... .......... 41%  399K 9s
  5400K .......... .......... .......... .......... .......... 41%  155M 8s
  5450K .......... .......... .......... .......... .......... 42%  142M 8s
  5500K .......... .......... .......... .......... .......... 42%  106M 8s
  5550K .......... .......... .......... .......... .......... 42%  157M 8s
  5600K .......... .......... .......... .......... .......... 43%  129M 8s
  5650K .......... .......... .......... .......... .......... 43%  118M 8s
  5700K .......... .......... .......... .......... .......... 44%  121M 8s
  5750K .......... .......... .......... .......... .......... 44%  147M 8s
  5800K .......... .......... .......... .......... .......... 44%  911K 8s
  5850K .......... .......... .......... .......... .......... 45%  138M 7s
  5900K .......... .......... .......... .......... .......... 45% 1.11M 7s
  5950K .......... .......... .......... .......... .......... 45% 2.68M 7s
  6000K .......... .......... .......... .......... .......... 46% 3.39M 7s
  6050K .......... .......... .......... .......... .......... 46%  166M 7s
  6100K .......... .......... .......... .......... .......... 47%  169M 7s
  6150K .......... .......... .......... .......... .......... 47%  170M 7s
  6200K .......... .......... .......... .......... .......... 47% 4.44M 7s
  6250K .......... .......... .......... .......... .......... 48%  433K 7s
  6300K .......... .......... .......... .......... .......... 48% 3.98M 7s
  6350K .......... .......... .......... .......... .......... 49%  470K 7s
  6400K .......... .......... .......... .......... .......... 49% 98.8M 7s
  6450K .......... .......... .......... .......... .......... 49%  114M 6s
  6500K .......... .......... .......... .......... .......... 50%  168M 6s
  6550K .......... .......... .......... .......... .......... 50%  174M 6s
  6600K .......... .......... .......... .......... .......... 50% 4.33M 6s
  6650K .......... .......... .......... .......... .......... 51%  152M 6s
  6700K .......... .......... .......... .......... .......... 51%  347K 6s
  6750K .......... .......... .......... .......... .......... 52%  140M 6s
  6800K .......... .......... .......... .......... .......... 52%  160M 6s
  6850K .......... .......... .......... .......... .......... 52%  162M 6s
  6900K .......... .......... .......... .......... .......... 53%  129M 6s
  6950K .......... .......... .......... .......... .......... 53%  133M 6s
  7000K .......... .......... .......... .......... .......... 54%  140M 6s
  7050K .......... .......... .......... .......... .......... 54%  423K 6s
  7100K .......... .......... .......... .......... .......... 54%  112M 6s
  7150K .......... .......... .......... .......... .......... 55%  170M 5s
  7200K .......... .......... .......... .......... .......... 55%  145M 5s
  7250K .......... .......... .......... .......... .......... 55%  164M 5s
  7300K .......... .......... .......... .......... .......... 56%  451K 5s
  7350K .......... .......... .......... .......... .......... 56%  132M 5s
  7400K .......... .......... .......... .......... .......... 57% 1.08M 5s
  7450K .......... .......... .......... .......... .......... 57%  121M 5s
  7500K .......... .......... .......... .......... .......... 57%  161M 5s
  7550K .......... .......... .......... .......... .......... 58%  176M 5s
  7600K .......... .......... .......... .......... .......... 58%  178M 5s
  7650K .......... .......... .......... .......... .......... 59%  158M 5s
  7700K .......... .......... .......... .......... .......... 59%  174M 5s
  7750K .......... .......... .......... .......... .......... 59%  156M 5s
  7800K .......... .......... .......... .......... .......... 60%  163M 5s
  7850K .......... .......... .......... .......... .......... 60%  124M 4s
  7900K .......... .......... .......... .......... .......... 60%  173M 4s
  7950K .......... .......... .......... .......... .......... 61% 6.59M 4s
  8000K .......... .......... .......... .......... .......... 61%  171M 4s
  8050K .......... .......... .......... .......... .......... 62%  347K 4s
  8100K .......... .......... .......... .......... .......... 62%  140M 4s
  8150K .......... .......... .......... .......... .          62%  193M=7.0s

2017-02-15 20:06:07 (1.14 MB/s) - Connection closed at byte 8388309. Giving up.

