--2017-01-10 20:28:25--  http://www.xiaoxut.pw/
Resolving www.xiaoxut.pw... 103.55.27.179
Connecting to www.xiaoxut.pw|103.55.27.179|:80... connected.
HTTP request sent, awaiting response... 200 OK
Length: 113376 (111K) [text/html]
Saving to: `index.html'

     0K .......... .......... .......... .......... .......... 45%  119K 1s
    50K .......... .......... .......... .......... .......... 90%  129K 0s
   100K ..........                                            100%  117K=0.9s

2017-01-10 20:28:27 (123 KB/s) - `index.html' saved [113376/113376]

=======================The second times wget =====================
--2017-01-10 20:28:27--  http://www.xiaoxut.pw/%E6%A0%A1%E8%AE%AF%E9%80%9A.apk
Resolving www.xiaoxut.pw... 103.55.27.179
Connecting to www.xiaoxut.pw|103.55.27.179|:80... connected.
HTTP request sent, awaiting response... 200 OK
Length: 401582 (392K) [application/vnd.android.package-archive]
Saving to: `æ ¡è®¯é%80%9A.apk'

     0K .......... .......... .......... .......... .......... 12%  130K 3s
    50K .......... .......... .......... .......... .......... 25%  120K 2s
   100K .......... .......... .......... .......... .......... 38%  121K 2s
   150K .......... .......... .......... .......... .......... 50%  127K 2s
   200K .......... .......... .......... .......... .......... 63%  109K 1s
   250K .......... .......... .......... .......... .......... 76%  142K 1s
   300K .......... .......... .......... .......... .......... 89%  124K 0s
   350K .......... .......... .......... .......... ..        100%  121K=3.2s

2017-01-10 20:28:30 (124 KB/s) - `æ ¡è®¯é%80%9A.apk' saved [401582/401582]

