--2017-02-28 07:03:41--  http://wuye.qxcake.com/download/apk/mmsp_hd002.apk
Resolving wuye.qxcake.com... 124.232.157.42
Connecting to wuye.qxcake.com|124.232.157.42|:80... connected.
HTTP request sent, awaiting response... 200 OK
Length: 1182312 (1.1M) [application/vnd.android.package-archive]
Saving to: `mmsp_hd002.apk'

     0K .......... .......... .......... .......... ..........  4% 1.04M 1s
    50K .......... .......... .......... .......... ..........  8% 3.80M 1s
   100K .......... .......... .......... .......... .......... 12% 4.93M 0s
   150K .......... .......... .......... .......... .......... 17% 4.64M 0s
   200K .......... .......... .......... .......... .......... 21% 4.23M 0s
   250K .......... .......... .......... .......... .......... 25% 5.42M 0s
   300K .......... .......... .......... .......... .......... 30% 5.10M 0s
   350K .......... .......... .......... .......... .......... 34% 5.29M 0s
   400K .......... .......... .......... .......... .......... 38%  134M 0s
   450K .......... .......... .......... .......... .......... 43% 5.52M 0s
   500K .......... .......... .......... .......... .......... 47% 5.47M 0s
   550K .......... .......... .......... .......... .......... 51% 40.8M 0s
   600K .......... .......... .......... .......... .......... 56% 6.37M 0s
   650K .......... .......... .......... .......... .......... 60%  230K 0s
   700K .......... .......... .......... .......... .......... 64% 98.4M 0s
   750K .......... .......... .......... .......... .......... 69%  180M 0s
   800K .......... .......... .......... .......... .......... 73% 4.55M 0s
   850K .......... .......... .......... .......... .......... 77% 5.31M 0s
   900K .......... .......... .......... .......... .......... 82%  136M 0s
   950K .......... .......... .......... .......... .......... 86% 5.37M 0s
  1000K .......... .......... .......... .......... .......... 90%  115M 0s
  1050K .......... .......... .......... .......... .......... 95%  180M 0s
  1100K .......... .......... .......... .......... .......... 99% 5.14M 0s
  1150K ....                                                  100% 8.99M=0.4s

2017-02-28 07:03:42 (2.79 MB/s) - `mmsp_hd002.apk' saved [1182312/1182312]

