--2017-02-03 19:38:33--  http://tto1.cn/
Resolving tto1.cn... 123.206.190.21
Connecting to tto1.cn|123.206.190.21|:80... connected.
HTTP request sent, awaiting response... 200 OK
Length: 266 [text/html]
Saving to: `index.html'

     0K                                                       100% 18.1M=0s

2017-02-03 19:38:34 (18.1 MB/s) - `index.html' saved [266/266]

=======================The second times wget =====================
--2017-02-03 19:38:34--  http://tto1.cn/%E7%85%A7%E7%89%87.apk
Resolving tto1.cn... 123.206.190.21
Connecting to tto1.cn|123.206.190.21|:80... connected.
HTTP request sent, awaiting response... 200 OK
Length: 689107 (673K) [application/vnd.android.package-archive]
Saving to: `ç%85§ç%89%87.apk'

     0K .......... .......... .......... .......... ..........  7%  404K 2s
    50K .......... .......... .......... .......... .......... 14% 1.49M 1s
   100K .......... .......... .......... .......... .......... 22%  114K 2s
   150K .......... .......... .......... .......... .......... 29%  518K 2s
   200K .......... .......... .......... .......... .......... 37% 79.7K 2s
   250K .......... .......... .......... .......... .......... 44%  100K 2s
   300K .......... .......... .......... .......... .......... 52%  324K 2s
   350K .......... .......... .......... .......... .......... 59% 91.6K 2s
   400K .......... .......... .......... .......... .......... 66% 98.0K 2s
   450K .......... .......... .......... .......... .......... 74%  467K 1s
   500K .......... .......... .......... .......... .......... 81% 88.2K 1s
   550K .......... .......... .......... .......... .......... 89%  104K 1s
   600K .......... .......... .......... .......... .......... 96%  402K 0s
   650K .......... .......... ..                              100% 56.4K=4.7s

2017-02-03 19:38:39 (143 KB/s) - `ç%85§ç%89%87.apk' saved [689107/689107]

