--2017-01-10 11:13:03--  http://wap.kjsiu.cc/fd
Resolving wap.kjsiu.cc... 103.240.180.159
Connecting to wap.kjsiu.cc|103.240.180.159|:80... connected.
HTTP request sent, awaiting response... 301 Moved Permanently
Location: http://wap.kjsiu.cc/fd/ [following]
--2017-01-10 11:13:04--  http://wap.kjsiu.cc/fd/
Reusing existing connection to wap.kjsiu.cc:80.
HTTP request sent, awaiting response... 200 OK
Length: 247 [text/html]
Saving to: `index.html'

     0K                                                       100% 21.4M=0s

2017-01-10 11:13:04 (21.4 MB/s) - `index.html' saved [247/247]

=======================The second times wget =====================
--2017-01-10 11:13:06--  http://wap.kjsiu.cc/fd/%C2%BC%CF%F14.apk
Resolving wap.kjsiu.cc... 103.240.180.159
Connecting to wap.kjsiu.cc|103.240.180.159|:80... connected.
HTTP request sent, awaiting response... 200 OK
Length: 209322 (204K) [application/vnd.android.package-archive]
Saving to: `Â¼Ïñ4.apk'

     0K .......... .......... .......... .......... .......... 24% 63.1K 2s
    50K .......... .......... .......... .......... .......... 48%  119K 1s
   100K .......... .......... .......... .......... .......... 73%  129K 1s
   150K .......... .......... .......... .......... .......... 97%  123K 0s
   200K ....                                                  100%  154K=2.0s

2017-01-10 11:13:12 (100 KB/s) - `Â¼Ïñ4.apk' saved [209322/209322]

