--2017-01-05 08:36:12--  http://t.cn/RZfitBt
Resolving t.cn... 180.149.135.224
Connecting to t.cn|180.149.135.224|:80... connected.
HTTP request sent, awaiting response... 302 Found
Location: http://wapzt.189.cn:8089/service/distri/chongzhi/index?p=XXX&menuid=A5 [following]
--2017-01-05 08:36:12--  http://wapzt.189.cn:8089/service/distri/chongzhi/index?p=XXX&menuid=A5
Resolving wapzt.189.cn... 118.85.207.66
Connecting to wapzt.189.cn|118.85.207.66|:8089... connected.
HTTP request sent, awaiting response... 200 OK
Length: 6624 (6.5K) [text/html]
Saving to: `index?p=XXX&menuid=A5'

     0K ......                                                100%  183K=0.04s

2017-01-05 08:36:13 (183 KB/s) - `index?p=XXX&menuid=A5' saved [6624/6624]

=======================The second times wget =====================
--2017-01-05 08:36:14--  http://cupdate.client.189.cn:8006/client/ctclientchannel78.apk
Resolving cupdate.client.189.cn... 221.235.255.5, 221.235.255.7, 175.6.12.134, ...
Connecting to cupdate.client.189.cn|221.235.255.5|:8006... connected.
HTTP request sent, awaiting response... 200 OK
Length: 14183273 (14M) [application/vnd.android.package-archive]
Saving to: `ctclientchannel78.apk'

     0K .......... .......... .......... .......... ..........  0%  151K 91s
    50K .......... .......... .......... .......... ..........  0%  161K 88s
   100K .......... .......... .......... .......... ..........  1%  165K 86s
   150K .......... .......... .......... .......... ..........  1%  415K 73s
   200K .......... .......... .......... .......... ..........  1%  356K 66s
   250K .......... .......... .......... .......... ..........  2%  192K 66s
   300K .......... .......... .......... .......... ..........  2%  165K 68s
   350K .......... .......... .......... .......... ..........  2%  236K 67s
   400K .......... .......... .......... .......... ..........  3%  152K 69s
   450K .......... .......... .......... .......... ..........  3% 62.8K 83s
   500K .......... .......... .......... .......... ..........  3%  164K 82s
   550K .......... .......... .......... .......... ..........  4%  153K 83s
   600K .......... .......... .......... .......... ..........  4%  164K 82s
   650K .......... .......... .......... .......... ..........  5%  193K 81s
   700K .......... .......... .......... .......... ..........  5% 80.2K 86s
   750K .......... .......... .......... .......... ..........  5%  214K 84s
   800K .......... .......... .......... .......... ..........  6%  164K 84s
   850K .......... .......... .......... .......... ..........  6%  132K 84s
   900K .......... .......... .......... .......... ..........  6% 94.4K 87s
   950K .......... .......... .......... .......... ..........  7%  194K 85s
  1000K .......... .......... .......... .......... ..........  7%  133K 85s
  1050K .......... .......... .......... .......... ..........  7%  212K 84s
  1100K .......... .......... .......... .......... ..........  8%  417K 81s
  1150K .......... .......... .......... .......... ..........  8%  357K 79s
  1200K .......... .......... .......... .......... ..........  9%  212K 78s
  1250K .......... .......... .......... .......... ..........  9%  195K 77s
  1300K .......... .......... .......... .......... ..........  9%  299K 76s
  1350K .......... .......... .......... .......... .......... 10%  195K 75s
  1400K .......... .......... .......... .......... .......... 10%  212K 74s
  1450K .......... .......... .......... .......... .......... 10%  109K 75s
  1500K .......... .......... .......... .......... .......... 11%  213K 74s
  1550K .......... .......... .......... .......... .......... 11%  304K 73s
  1600K .......... .......... .......... .......... .......... 11%  194K 72s
  1650K .......... .......... .......... .......... .......... 12%  163K 72s
  1700K .......... .......... .......... .......... .......... 12%  129K 72s
  1750K .......... .......... .......... .......... .......... 12%  306K 71s
  1800K .......... .......... .......... .......... .......... 13%  142K 71s
  1850K .......... .......... .......... .......... .......... 13%  305K 70s
  1900K .......... .......... .......... .......... .......... 14%  236K 69s
  1950K .......... .......... .......... .......... .......... 14%  236K 69s
  2000K .......... .......... .......... .......... .......... 14%  104K 69s
  2050K .......... .......... .......... .......... .......... 15%  192K 69s
  2100K .......... .......... .......... .......... .......... 15%  194K 68s
  2150K .......... .......... .......... .......... .......... 15%  263K 68s
  2200K .......... .......... .......... .......... .......... 16%  215K 67s
  2250K .......... .......... .......... .......... .......... 16%  236K 66s
  2300K .......... .......... .......... .......... .......... 16% 90.4K 67s
  2350K .......... .......... .......... .......... .......... 17%  165K 67s
  2400K .......... .......... .......... .......... .......... 17%  120K 67s
  2450K .......... .......... .......... .......... .......... 18%  234K 67s
  2500K .......... .......... .......... .......... .......... 18%  213K 66s
  2550K .......... .......... .......... .......... .......... 18%  191K 66s
  2600K .......... .......... .......... .......... .......... 19%  114K 66s
  2650K .......... .......... .......... .......... .......... 19%  272K 65s
  2700K .......... .......... .......... .......... .......... 19%  524K 64s
  2750K .......... .......... .......... .......... .......... 20%  692K 63s
  2800K .......... .......... .......... .......... .......... 20%  691K 62s
  2850K .......... .......... .......... .......... .......... 20% 1.76M 61s
  2900K .......... .......... .......... .......... .......... 21% 2.03M 59s
  2950K .......... .......... .......... .......... .......... 21% 2.05M 58s
  3000K .......... .......... .......... .......... .......... 22% 1.90M 57s
  3050K .......... .......... .......... .......... .......... 22% 2.62M 56s
  3100K .......... .......... .......... .......... .......... 22% 6.46M 55s
  3150K .......... .......... .......... .......... .......... 23% 2.44M 54s
  3200K .......... .......... .......... .......... .......... 23% 11.9M 53s
  3250K .......... .......... .......... .......... .......... 23% 2.32M 52s
  3300K .......... .......... .......... .......... .......... 24% 12.6M 51s
  3350K .......... .......... .......... .......... .......... 24% 2.54M 50s
  3400K .......... .......... .......... .......... .......... 24% 10.9M 49s
  3450K .......... .......... .......... .......... .......... 25% 12.3M 48s
  3500K .......... .......... .......... .......... .......... 25% 2.48M 47s
  3550K .......... .......... .......... .......... .......... 25% 6.44M 46s
  3600K .......... .......... .......... .......... .......... 26% 2.98M 46s
  3650K .......... .......... .......... .......... .......... 26% 13.0M 45s
  3700K .......... .......... .......... .......... .......... 27% 11.2M 44s
  3750K .......... .......... .......... .......... .......... 27% 3.03M 43s
  3800K .......... .......... .......... .......... .......... 27% 6.15M 42s
  3850K .......... .......... .......... .......... .......... 28% 12.6M 42s
  3900K .......... .......... .......... .......... .......... 28% 13.0M 41s
  3950K .......... .......... .......... .......... .......... 28% 2.97M 40s
  4000K .......... .......... .......... .......... .......... 29% 11.5M 40s
  4050K .......... .......... .......... .......... .......... 29% 15.8M 39s
  4100K .......... .......... .......... .......... .......... 29% 3.48M 38s
  4150K .......... .......... .......... .......... .......... 30% 11.6M 38s
  4200K .......... .......... .......... .......... .......... 30% 7.96M 37s
  4250K .......... .......... .......... .......... .......... 31% 11.4M 36s
  4300K .......... .......... .......... .......... .......... 31% 4.17M 36s
  4350K .......... .......... .......... .......... .......... 31% 12.6M 35s
  4400K .......... .......... .......... .......... .......... 32% 11.5M 35s
  4450K .......... .......... .......... .......... .......... 32% 11.4M 34s
  4500K .......... .......... .......... .......... .......... 32% 9.29M 34s
  4550K .......... .......... .......... .......... .......... 33% 4.07M 33s
  4600K .......... .......... .......... .......... .......... 33% 12.2M 33s
  4650K .......... .......... .......... .......... .......... 33% 12.8M 32s
  4700K .......... .......... .......... .......... .......... 34% 11.3M 31s
  4750K .......... .......... .......... .......... .......... 34% 12.8M 31s
  4800K .......... .......... .......... .......... .......... 35% 4.61M 31s
  4850K .......... .......... .......... .......... .......... 35% 11.3M 30s
  4900K .......... .......... .......... .......... .......... 35% 13.6M 30s
  4950K .......... .......... .......... .......... .......... 36% 11.9M 29s
  5000K .......... .......... .......... .......... .......... 36% 12.1M 29s
  5050K .......... .......... .......... .......... .......... 36% 6.40M 28s
  5100K .......... .......... .......... .......... .......... 37% 11.4M 28s
  5150K .......... .......... .......... .......... .......... 37% 13.7M 27s
  5200K .......... .......... .......... .......... .......... 37% 11.9M 27s
  5250K .......... .......... .......... .......... .......... 38% 11.7M 27s
  5300K .......... .......... .......... .......... .......... 38% 6.10M 26s
  5350K .......... .......... .......... .......... .......... 38% 13.2M 26s
  5400K .......... .......... .......... .......... .......... 39% 11.7M 25s
  5450K .......... .......... .......... .......... .......... 39% 12.9M 25s
  5500K .......... .......... .......... .......... .......... 40% 10.8M 25s
  5550K .......... .......... .......... .......... .......... 40% 13.3M 24s
  5600K .......... .......... .......... .......... .......... 40% 12.3M 24s
  5650K .......... .......... .......... .......... .......... 41% 12.0M 24s
  5700K .......... .......... .......... .......... .......... 41% 12.2M 23s
  5750K .......... .......... .......... .......... .......... 41% 8.47M 23s
  5800K .......... .......... .......... .......... .......... 42% 7.39M 23s
  5850K .......... .......... .......... .......... .......... 42% 11.8M 22s
  5900K .......... .......... .......... .......... .......... 42% 12.7M 22s
  5950K .......... .......... .......... .......... .......... 43% 14.1M 22s
  6000K .......... .......... .......... .......... .......... 43% 11.9M 21s
  6050K .......... .......... .......... .......... .......... 44% 11.6M 21s
  6100K .......... .......... .......... .......... .......... 44% 12.8M 21s
  6150K .......... .......... .......... .......... .......... 44% 12.1M 20s
  6200K .......... .......... .......... .......... .......... 45% 11.7M 20s
  6250K .......... .......... .......... .......... .......... 45% 12.3M 20s
  6300K .......... .......... .......... .......... .......... 45% 11.4M 20s
  6350K .......... .......... .......... .......... .......... 46% 6.68M 19s
  6400K .......... .......... .......... .......... .......... 46% 30.6M 19s
  6450K .......... .......... .......... .......... .......... 46% 7.09M 19s
  6500K .......... .......... .......... .......... .......... 47% 12.7M 19s
  6550K .......... .......... .......... .......... .......... 47% 11.8M 18s
  6600K .......... .......... .......... .......... .......... 48% 12.6M 18s
  6650K .......... .......... .......... .......... .......... 48% 10.7M 18s
  6700K .......... .......... .......... .......... .......... 48% 13.7M 17s
  6750K .......... .......... .......... .......... .......... 49% 11.6M 17s
  6800K .......... .......... .......... .......... .......... 49% 9.27M 17s
  6850K .......... .......... .......... .......... .......... 49% 16.5M 17s
  6900K .......... .......... .......... .......... .......... 50% 6.86M 17s
  6950K .......... .......... .......... .......... .......... 50% 31.7M 16s
  7000K .......... .......... .......... .......... .......... 50% 11.5M 16s
  7050K .......... .......... .......... .......... .......... 51% 11.5M 16s
  7100K .......... .......... .......... .......... .......... 51% 7.49M 16s
  7150K .......... .......... .......... .......... .......... 51% 12.1M 15s
  7200K .......... .......... .......... .......... .......... 52% 13.5M 15s
  7250K .......... .......... .......... .......... .......... 52% 12.1M 15s
  7300K .......... .......... .......... .......... .......... 53% 12.0M 15s
  7350K .......... .......... .......... .......... .......... 53% 12.6M 15s
  7400K .......... .......... .......... .......... .......... 53% 12.2M 14s
  7450K .......... .......... .......... .......... .......... 54% 10.8M 14s
  7500K .......... .......... .......... .......... .......... 54% 6.72M 14s
  7550K .......... .......... .......... .......... .......... 54% 12.1M 14s
  7600K .......... .......... .......... .......... .......... 55% 12.2M 14s
  7650K .......... .......... .......... .......... .......... 55% 12.3M 13s
  7700K .......... .......... .......... .......... .......... 55% 11.9M 13s
  7750K .......... .......... .......... .......... .......... 56% 11.4M 13s
  7800K .......... .......... .......... .......... .......... 56% 12.8M 13s
  7850K .......... .......... .......... .......... .......... 57% 11.8M 13s
  7900K .......... .......... .......... .......... .......... 57% 12.1M 12s
  7950K .......... .......... .......... .......... .......... 57% 11.9M 12s
  8000K .......... .......... .......... .......... .......... 58% 12.1M 12s
  8050K .......... .......... .......... .......... .......... 58% 6.17M 12s
  8100K .......... .......... .......... .......... .......... 58% 12.2M 12s
  8150K .......... .......... .......... .......... .......... 59% 12.0M 12s
  8200K .......... .......... .......... .......... .......... 59% 12.6M 11s
  8250K .......... .......... .......... .......... .......... 59% 12.7M 11s
  8300K .......... .......... .......... .......... .......... 60% 9.75M 11s
  8350K .......... .......... .......... .......... .......... 60% 13.2M 11s
  8400K .......... .......... .......... .......... .......... 61% 13.8M 11s
  8450K .......... .......... .......... .......... .......... 61% 12.5M 11s
  8500K .......... .......... .......... .......... .......... 61% 10.6M 10s
  8550K .......... .......... .......... .......... .......... 62% 11.4M 10s
  8600K .......... .......... .......... .......... .......... 62% 14.2M 10s
  8650K .......... .......... .......... .......... .......... 62% 6.36M 10s
  8700K .......... .......... .......... .......... .......... 63% 12.6M 10s
  8750K .......... .......... .......... .......... .......... 63% 12.5M 10s
  8800K .......... .......... .......... .......... .......... 63% 12.5M 9s
  8850K .......... .......... .......... .......... .......... 64% 9.53M 9s
  8900K .......... .......... .......... .......... .......... 64% 15.2M 9s
  8950K .......... .......... .......... .......... .......... 64% 12.1M 9s
  9000K .......... .......... .......... .......... .......... 65% 12.0M 9s
  9050K .......... .......... .......... .......... .......... 65% 12.3M 9s
  9100K .......... .......... .......... .......... .......... 66% 11.2M 9s
  9150K .......... .......... .......... .......... .......... 66% 11.2M 9s
  9200K .......... .......... .......... .......... .......... 66% 10.4M 8s
  9250K .......... .......... .......... .......... .......... 67% 7.71M 8s
  9300K .......... .......... .......... .......... .......... 67% 27.2M 8s
  9350K .......... .......... .......... .......... .......... 67% 8.06M 8s
  9400K .......... .......... .......... .......... .......... 68% 11.9M 8s
  9450K .......... .......... .......... .......... .......... 68% 10.9M 8s
  9500K .......... .......... .......... .......... .......... 68% 12.0M 8s
  9550K .......... .......... .......... .......... .......... 69% 14.5M 7s
  9600K .......... .......... .......... .......... .......... 69% 11.6M 7s
  9650K .......... .......... .......... .......... .......... 70% 8.54M 7s
  9700K .......... .......... .......... .......... .......... 70% 11.9M 7s
  9750K .......... .......... .......... .......... .......... 70% 8.17M 7s
  9800K .......... .......... .......... .......... .......... 71% 12.8M 7s
  9850K .......... .......... .......... .......... .......... 71% 12.0M 7s
  9900K .......... .......... .......... .......... .......... 71% 23.6M 7s
  9950K .......... .......... .......... .......... .......... 72% 8.05M 7s
 10000K .......... .......... .......... .......... .......... 72% 12.6M 6s
 10050K .......... .......... .......... .......... .......... 72% 12.0M 6s
 10100K .......... .......... .......... .......... .......... 73% 11.6M 6s
 10150K .......... .......... .......... .......... .......... 73% 12.0M 6s
 10200K .......... .......... .......... .......... .......... 74% 11.7M 6s
 10250K .......... .......... .......... .......... .......... 74% 13.0M 6s
 10300K .......... .......... .......... .......... .......... 74% 12.2M 6s
 10350K .......... .......... .......... .......... .......... 75% 6.04M 6s
 10400K .......... .......... .......... .......... .......... 75% 12.0M 6s
 10450K .......... .......... .......... .......... .......... 75% 12.5M 5s
 10500K .......... .......... .......... .......... .......... 76% 11.7M 5s
 10550K .......... .......... .......... .......... .......... 76% 12.7M 5s
 10600K .......... .......... .......... .......... .......... 76% 11.5M 5s
 10650K .......... .......... .......... .......... .......... 77% 11.9M 5s
 10700K .......... .......... .......... .......... .......... 77% 13.5M 5s
 10750K .......... .......... .......... .......... .......... 77% 13.4M 5s
 10800K .......... .......... .......... .......... .......... 78% 9.71M 5s
 10850K .......... .......... .......... .......... .......... 78% 11.5M 5s
 10900K .......... .......... .......... .......... .......... 79% 13.8M 4s
 10950K .......... .......... .......... .......... .......... 79% 6.57M 4s
 11000K .......... .......... .......... .......... .......... 79% 11.6M 4s
 11050K .......... .......... .......... .......... .......... 80% 11.4M 4s
 11100K .......... .......... .......... .......... .......... 80% 37.9M 4s
 11150K .......... .......... .......... .......... .......... 80% 10.9M 4s
 11200K .......... .......... .......... .......... .......... 81% 8.55M 4s
 11250K .......... .......... .......... .......... .......... 81% 12.4M 4s
 11300K .......... .......... .......... .......... .......... 81% 11.9M 4s
 11350K .......... .......... .......... .......... .......... 82% 12.3M 4s
 11400K .......... .......... .......... .......... .......... 82% 12.8M 4s
 11450K .......... .......... .......... .......... .......... 83% 10.9M 3s
 11500K .......... .......... .......... .......... .......... 83% 12.2M 3s
 11550K .......... .......... .......... .......... .......... 83% 11.7M 3s
 11600K .......... .......... .......... .......... .......... 84% 10.1M 3s
 11650K .......... .......... .......... .......... .......... 84% 10.9M 3s
 11700K .......... .......... .......... .......... .......... 84% 11.6M 3s
 11750K .......... .......... .......... .......... .......... 85% 8.09M 3s
 11800K .......... .......... .......... .......... .......... 85% 11.9M 3s
 11850K .......... .......... .......... .......... .......... 85% 12.2M 3s
 11900K .......... .......... .......... .......... .......... 86% 10.8M 3s
 11950K .......... .......... .......... .......... .......... 86% 14.2M 3s
 12000K .......... .......... .......... .......... .......... 86% 12.1M 3s
 12050K .......... .......... .......... .......... .......... 87% 12.6M 2s
 12100K .......... .......... .......... .......... .......... 87% 6.03M 2s
 12150K .......... .......... .......... .......... .......... 88% 80.8M 2s
 12200K .......... .......... .......... .......... .......... 88% 6.89M 2s
 12250K .......... .......... .......... .......... .......... 88% 11.1M 2s
 12300K .......... .......... .......... .......... .......... 89% 11.8M 2s
 12350K .......... .......... .......... .......... .......... 89% 14.0M 2s
 12400K .......... .......... .......... .......... .......... 89% 12.4M 2s
 12450K .......... .......... .......... .......... .......... 90% 12.2M 2s
 12500K .......... .......... .......... .......... .......... 90% 11.4M 2s
 12550K .......... .......... .......... .......... .......... 90% 12.0M 2s
 12600K .......... .......... .......... .......... .......... 91% 11.3M 2s
 12650K .......... .......... .......... .......... .......... 91% 6.37M 2s
 12700K .......... .......... .......... .......... .......... 92% 12.9M 1s
 12750K .......... .......... .......... .......... .......... 92% 12.1M 1s
 12800K .......... .......... .......... .......... .......... 92% 11.4M 1s
 12850K .......... .......... .......... .......... .......... 93% 12.2M 1s
 12900K .......... .......... .......... .......... .......... 93% 12.4M 1s
 12950K .......... .......... .......... .......... .......... 93% 12.1M 1s
 13000K .......... .......... .......... .......... .......... 94% 12.6M 1s
 13050K .......... .......... .......... .......... .......... 94% 12.7M 1s
 13100K .......... .......... .......... .......... .......... 94% 12.0M 1s
 13150K .......... .......... .......... .......... .......... 95% 12.0M 1s
 13200K .......... .......... .......... .......... .......... 95% 10.8M 1s
 13250K .......... .......... .......... .......... .......... 96% 6.59M 1s
 13300K .......... .......... .......... .......... .......... 96% 27.1M 1s
 13350K .......... .......... .......... .......... .......... 96% 8.25M 1s
 13400K .......... .......... .......... .......... .......... 97% 11.7M 1s
 13450K .......... .......... .......... .......... .......... 97% 11.9M 0s
 13500K .......... .......... .......... .......... .......... 97% 12.3M 0s
 13550K .......... .......... .......... .......... .......... 98% 12.4M 0s
 13600K .......... .......... .......... .......... .......... 98% 10.9M 0s
 13650K .......... .......... .......... .......... .......... 98% 13.2M 0s
 13700K .......... .......... .......... .......... .......... 99% 11.6M 0s
 13750K .......... .......... .......... .......... .......... 99% 11.9M 0s
 13800K .......... .......... .......... .......... .......... 99% 12.9M 0s
 13850K                                                       100%  153K=17s

2017-01-05 08:36:31 (804 KB/s) - `ctclientchannel78.apk' saved [14183273/14183273]

