--2017-02-21 14:52:15--  http://wap.xcsc.com/
Resolving wap.xcsc.com... 121.43.74.253
Connecting to wap.xcsc.com|121.43.74.253|:80... connected.
HTTP request sent, awaiting response... 200 OK
Length: unspecified [text/html]
Saving to: `index.html'

     0K .......                                                 312K=0.02s

2017-02-21 14:52:15 (312 KB/s) - `index.html' saved [7366]

=======================The second times wget =====================
--2017-02-21 14:52:15--  http://wap.xcsc.com/file/Ggwmxc.apk
Resolving wap.xcsc.com... 121.43.74.253
Connecting to wap.xcsc.com|121.43.74.253|:80... connected.
HTTP request sent, awaiting response... 200 OK
Length: 2596692 (2.5M) [application/octet-stream]
Saving to: `Ggwmxc.apk'

     0K .......... .......... .......... .......... ..........  1%  836K 3s
    50K .......... .......... .......... .......... ..........  3% 1.21M 2s
   100K .......... .......... .......... .......... ..........  5% 1.07M 2s
   150K .......... .......... .......... .......... ..........  7% 2.42M 2s
   200K .......... .......... .......... .......... ..........  9% 2.67M 2s
   250K .......... .......... .......... .......... .......... 11% 2.47M 2s
   300K .......... .......... .......... .......... .......... 13% 2.21M 1s
   350K .......... .......... .......... .......... .......... 15% 2.04M 1s
   400K .......... .......... .......... .......... .......... 17% 2.71M 1s
   450K .......... .......... .......... .......... .......... 19% 8.31M 1s
   500K .......... .......... .......... .......... .......... 21% 3.41M 1s
   550K .......... .......... .......... .......... .......... 23% 3.10M 1s
   600K .......... .......... .......... .......... .......... 25% 4.97M 1s
   650K .......... .......... .......... .......... .......... 27% 4.59M 1s
   700K .......... .......... .......... .......... .......... 29% 6.05M 1s
   750K .......... .......... .......... .......... .......... 31% 3.14M 1s
   800K .......... .......... .......... .......... .......... 33%  191M 1s
   850K .......... .......... .......... .......... .......... 35% 2.48M 1s
   900K .......... .......... .......... .......... .......... 37%  204M 1s
   950K .......... .......... .......... .......... .......... 39% 4.16M 1s
  1000K .......... .......... .......... .......... .......... 41% 5.88M 1s
  1050K .......... .......... .......... .......... .......... 43% 93.9M 1s
  1100K .......... .......... .......... .......... .......... 45% 2.50M 0s
  1150K .......... .......... .......... .......... .......... 47%  131M 0s
  1200K .......... .......... .......... .......... .......... 49% 6.73M 0s
  1250K .......... .......... .......... .......... .......... 51% 4.09M 0s
  1300K .......... .......... .......... .......... .......... 53%  186M 0s
  1350K .......... .......... .......... .......... .......... 55% 6.33M 0s
  1400K .......... .......... .......... .......... .......... 57% 3.91M 0s
  1450K .......... .......... .......... .......... .......... 59%  164M 0s
  1500K .......... .......... .......... .......... .......... 61%  194M 0s
  1550K .......... .......... .......... .......... .......... 63% 4.44M 0s
  1600K .......... .......... .......... .......... .......... 65% 3.45M 0s
  1650K .......... .......... .......... .......... .......... 67%  132M 0s
  1700K .......... .......... .......... .......... .......... 69% 32.5M 0s
  1750K .......... .......... .......... .......... .......... 70% 8.09M 0s
  1800K .......... .......... .......... .......... .......... 72% 4.81M 0s
  1850K .......... .......... .......... .......... .......... 74%  159M 0s
  1900K .......... .......... .......... .......... .......... 76% 13.7M 0s
  1950K .......... .......... .......... .......... .......... 78% 6.13M 0s
  2000K .......... .......... .......... .......... .......... 80% 6.00M 0s
  2050K .......... .......... .......... .......... .......... 82%  179M 0s
  2100K .......... .......... .......... .......... .......... 84% 13.9M 0s
  2150K .......... .......... .......... .......... .......... 86% 6.13M 0s
  2200K .......... .......... .......... .......... .......... 88% 5.88M 0s
  2250K .......... .......... .......... .......... .......... 90%  168M 0s
  2300K .......... .......... .......... .......... .......... 92%  187M 0s
  2350K .......... .......... .......... .......... .......... 94% 14.6M 0s
  2400K .......... .......... .......... .......... .......... 96% 2.91M 0s
  2450K .......... .......... .......... .......... .......... 98%  140M 0s
  2500K .......... .......... .......... .....                100%  141M=0.6s

2017-02-21 14:52:16 (4.48 MB/s) - `Ggwmxc.apk' saved [2596692/2596692]

