--2017-03-03 17:18:00--  http://kgys.tv/
Resolving kgys.tv... 121.127.232.125
Connecting to kgys.tv|121.127.232.125|:80... connected.
HTTP request sent, awaiting response... 200 OK
Length: 663 [text/html]
Saving to: `index.html'

     0K                                                       100% 30.1M=0s

2017-03-03 17:18:02 (30.1 MB/s) - `index.html' saved [663/663]

=======================The second times wget =====================
--2017-03-03 17:18:02--  http://kgys.tv//%E8%AF%B7%E6%9F%AC.apk
Resolving kgys.tv... 121.127.232.125
Connecting to kgys.tv|121.127.232.125|:80... connected.
HTTP request sent, awaiting response... 200 OK
Length: 456053 (445K) [application]
Saving to: `è¯·æ%9F¬.apk'

     0K .......... .......... .......... .......... .......... 11%  245K 2s
    50K .......... .......... .......... .......... .......... 22%  264K 1s
   100K .......... .......... .......... .......... .......... 33%  211K 1s
   150K .......... .......... .......... .......... .......... 44%  326K 1s
   200K .......... .......... .......... .......... .......... 56%  640K 1s
   250K .......... .......... .......... .......... .......... 67%  161K 1s
   300K .......... .......... .......... .......... .......... 78%  727K 0s
   350K .......... .......... .......... .......... .......... 89%  180K 0s
   400K .......... .......... .......... .......... .....     100%  183K=1.8s

2017-03-03 17:18:04 (252 KB/s) - `è¯·æ%9F¬.apk' saved [456053/456053]

