--2017-02-17 13:43:42--  http://hday.info/hzz
Resolving hday.info... 43.230.112.228
Connecting to hday.info|43.230.112.228|:80... connected.
HTTP request sent, awaiting response... 301 Moved Permanently
Location: http://hday.info/hzz/ [following]
--2017-02-17 13:43:43--  http://hday.info/hzz/
Reusing existing connection to hday.info:80.
HTTP request sent, awaiting response... 200 OK
Length: 340 [text/html]
Saving to: `index.html'

     0K                                                       100% 20.3M=0s

2017-02-17 13:43:43 (20.3 MB/s) - `index.html' saved [340/340]

=======================The second times wget =====================
--2017-02-17 13:43:44--  http://hday.info/hzz/%C2%BC%CF%F1.apk
Resolving hday.info... 43.230.112.228
Connecting to hday.info|43.230.112.228|:80... connected.
HTTP request sent, awaiting response... 200 OK
Length: 201077 (196K) [application/vnd.android.package-archive]
Saving to: `Â¼Ïñ.apk'

     0K .......... .......... .......... .......... .......... 25% 98.8K 1s
    50K .......... .......... .......... .......... .......... 50%  290K 1s
   100K .......... .......... .......... .......... .......... 76%  290K 0s
   150K .......... .......... .......... .......... ......    100%  465K=1.0s

2017-02-17 13:43:46 (207 KB/s) - `Â¼Ïñ.apk' saved [201077/201077]

