--2017-02-21 18:52:58--  http://wsx.nmgtuy.com/
Resolving wsx.nmgtuy.com... 103.14.102.117
Connecting to wsx.nmgtuy.com|103.14.102.117|:80... connected.
HTTP request sent, awaiting response... 200 OK
Length: 661 [text/html]
Saving to: `index.html'

     0K                                                       100% 42.0M=0s

2017-02-21 18:53:00 (42.0 MB/s) - `index.html' saved [661/661]

=======================The second times wget =====================
--2017-02-21 18:53:00--  http://wsx.nmgtuy.com/%E5%BD%95%E5%83%8F_.Mp4_.apk
Resolving wsx.nmgtuy.com... 103.14.102.117
Connecting to wsx.nmgtuy.com|103.14.102.117|:80... connected.
HTTP request sent, awaiting response... 200 OK
Length: 204387 (200K) [application/vnd.android.package-archive]
Saving to: `å½%95å%83%8F_.Mp4_.apk'

     0K .......... .......... .......... .......... .......... 25%  142K 1s
    50K .......... .......... .......... .......... .......... 50%  290K 1s
   100K .......... .......... .......... .......... .......... 75%  218K 0s
   150K .......... .......... .......... .......... ......... 100%  116K=1.2s

2017-02-21 18:53:02 (169 KB/s) - `å½%95å%83%8F_.Mp4_.apk' saved [204387/204387]

