--2017-01-16 11:03:36--  http://www.cyclp.com/
Resolving www.cyclp.com... 192.151.150.178
Connecting to www.cyclp.com|192.151.150.178|:80... connected.
HTTP request sent, awaiting response... 200 OK
Length: 637 [text/html]
Saving to: `index.html'

     0K                                                       100% 40.5M=0s

2017-01-16 11:03:38 (40.5 MB/s) - `index.html' saved [637/637]

=======================The second times wget =====================
--2017-01-16 11:03:38--  http://www.cyclp.com//%E8%BF%9D%E7%AB%A0%E6%9F%A5%E8%AF%A2.apk
Resolving www.cyclp.com... 192.151.150.178
Connecting to www.cyclp.com|192.151.150.178|:80... connected.
HTTP request sent, awaiting response... 200 OK
Length: 463861 (453K) [application/vnd.android.package-archive]
Saving to: `è¿%9Dç« æ%9F¥è¯¢.apk'

     0K .......... .......... .......... .......... .......... 11% 63.8K 6s
    50K .......... .......... .......... .......... .......... 22%  174K 4s
   100K .......... .......... .......... .......... .......... 33% 98.4K 3s
   150K .......... .......... .......... .......... .......... 44%  175K 2s
   200K .......... .......... .......... .......... .......... 55%  213K 2s
   250K .......... .......... .......... .......... .......... 66%  157K 1s
   300K .......... .......... .......... .......... .......... 77% 96.1K 1s
   350K .......... .......... .......... .......... .......... 88% 99.9K 0s
   400K .......... .......... .......... .......... .......... 99%  172K 0s
   450K ..                                                    100% 10.2K=4.0s

2017-01-16 11:03:43 (113 KB/s) - `è¿%9Dç« æ%9F¥è¯¢.apk' saved [463861/463861]

