--2017-02-22 18:21:25--  http://wap.95571.cn/
Resolving wap.95571.cn... 122.224.113.111
Connecting to wap.95571.cn|122.224.113.111|:80... connected.
HTTP request sent, awaiting response... 200 OK
Length: 6762 (6.6K) [text/html]
Saving to: `index.html'

     0K ......                                                100%  245K=0.03s

2017-02-22 18:21:25 (245 KB/s) - `index.html' saved [6762/6762]

=======================The second times wget =====================
--2017-02-22 18:21:25--  http://soft.fzzqcdn.com/soft/FZZQ_AND_V5.5.1.31_20160919_1011_R.apk
Resolving soft.fzzqcdn.com... 124.232.157.92, 124.232.157.98
Connecting to soft.fzzqcdn.com|124.232.157.92|:80... connected.
HTTP request sent, awaiting response... 200 OK
Length: 11237117 (11M) [application/octet-stream]
Saving to: `FZZQ_AND_V5.5.1.31_20160919_1011_R.apk'

     0K .......... .......... .......... .......... ..........  0% 3.27M 3s
    50K .......... .......... .......... .......... ..........  0% 9.41M 2s
   100K .......... .......... .......... .......... ..........  1% 9.27M 2s
   150K .......... .......... .......... .......... ..........  1% 10.1M 2s
   200K .......... .......... .......... .......... ..........  2% 10.3M 2s
   250K .......... .......... .......... .......... ..........  2% 10.2M 1s
   300K .......... .......... .......... .......... ..........  3%  118M 1s
   350K .......... .......... .......... .......... ..........  3% 10.2M 1s
   400K .......... .......... .......... .......... ..........  4% 84.8M 1s
   450K .......... .......... .......... .......... ..........  4% 10.4M 1s
   500K .......... .......... .......... .......... ..........  5%  104M 1s
   550K .......... .......... .......... .......... ..........  5% 12.6M 1s
   600K .......... .......... .......... .......... ..........  5% 44.7M 1s
   650K .......... .......... .......... .......... ..........  6% 82.8M 1s
   700K .......... .......... .......... .......... ..........  6% 11.2M 1s
   750K .......... .......... .......... .......... ..........  7% 68.1M 1s
   800K .......... .......... .......... .......... ..........  7% 15.1M 1s
   850K .......... .......... .......... .......... ..........  8%  137M 1s
   900K .......... .......... .......... .......... ..........  8% 29.7M 1s
   950K .......... .......... .......... .......... ..........  9% 15.1M 1s
  1000K .......... .......... .......... .......... ..........  9%  123M 1s
  1050K .......... .......... .......... .......... .......... 10% 35.3M 1s
  1100K .......... .......... .......... .......... .......... 10%  107M 1s
  1150K .......... .......... .......... .......... .......... 10% 16.8M 1s
  1200K .......... .......... .......... .......... .......... 11% 90.6M 1s
  1250K .......... .......... .......... .......... .......... 11% 42.9M 1s
  1300K .......... .......... .......... .......... .......... 12% 15.6M 1s
  1350K .......... .......... .......... .......... .......... 12%  123M 1s
  1400K .......... .......... .......... .......... .......... 13%  122M 1s
  1450K .......... .......... .......... .......... .......... 13%  149M 1s
  1500K .......... .......... .......... .......... .......... 14% 36.0M 1s
  1550K .......... .......... .......... .......... .......... 14% 19.4M 0s
  1600K .......... .......... .......... .......... .......... 15% 98.0M 0s
  1650K .......... .......... .......... .......... .......... 15% 87.7M 0s
  1700K .......... .......... .......... .......... .......... 15%  134M 0s
  1750K .......... .......... .......... .......... .......... 16% 33.1M 0s
  1800K .......... .......... .......... .......... .......... 16% 27.1M 0s
  1850K .......... .......... .......... .......... .......... 17%  115M 0s
  1900K .......... .......... .......... .......... .......... 17% 66.4M 0s
  1950K .......... .......... .......... .......... .......... 18% 78.8M 0s
  2000K .......... .......... .......... .......... .......... 18% 98.6M 0s
  2050K .......... .......... .......... .......... .......... 19% 51.3M 0s
  2100K .......... .......... .......... .......... .......... 19%  106M 0s
  2150K .......... .......... .......... .......... .......... 20% 33.4M 0s
  2200K .......... .......... .......... .......... .......... 20% 49.2M 0s
  2250K .......... .......... .......... .......... .......... 20%  140M 0s
  2300K .......... .......... .......... .......... .......... 21% 79.4M 0s
  2350K .......... .......... .......... .......... .......... 21%  135M 0s
  2400K .......... .......... .......... .......... .......... 22%  142M 0s
  2450K .......... .......... .......... .......... .......... 22% 45.6M 0s
  2500K .......... .......... .......... .......... .......... 23% 29.4M 0s
  2550K .......... .......... .......... .......... .......... 23% 3.57M 0s
  2600K .......... .......... .......... .......... .......... 24%  202M 0s
  2650K .......... .......... .......... .......... .......... 24%  140M 0s
  2700K .......... .......... .......... .......... .......... 25%  192M 0s
  2750K .......... .......... .......... .......... .......... 25%  139M 0s
  2800K .......... .......... .......... .......... .......... 25%  186M 0s
  2850K .......... .......... .......... .......... .......... 26%  156M 0s
  2900K .......... .......... .......... .......... .......... 26% 17.0M 0s
  2950K .......... .......... .......... .......... .......... 27% 71.8M 0s
  3000K .......... .......... .......... .......... .......... 27%  125M 0s
  3050K .......... .......... .......... .......... .......... 28% 91.1M 0s
  3100K .......... .......... .......... .......... .......... 28%  121M 0s
  3150K .......... .......... .......... .......... .......... 29%  107M 0s
  3200K .......... .......... .......... .......... .......... 29%  118M 0s
  3250K .......... .......... .......... .......... .......... 30%  155M 0s
  3300K .......... .......... .......... .......... .......... 30% 27.7M 0s
  3350K .......... .......... .......... .......... .......... 30% 46.7M 0s
  3400K .......... .......... .......... .......... .......... 31%  150M 0s
  3450K .......... .......... .......... .......... .......... 31%  101M 0s
  3500K .......... .......... .......... .......... .......... 32%  196M 0s
  3550K .......... .......... .......... .......... .......... 32%  169M 0s
  3600K .......... .......... .......... .......... .......... 33% 32.0M 0s
  3650K .......... .......... .......... .......... .......... 33% 78.5M 0s
  3700K .......... .......... .......... .......... .......... 34% 34.9M 0s
  3750K .......... .......... .......... .......... .......... 34%  131M 0s
  3800K .......... .......... .......... .......... .......... 35%  173M 0s
  3850K .......... .......... .......... .......... .......... 35% 51.0M 0s
  3900K .......... .......... .......... .......... .......... 35%  132M 0s
  3950K .......... .......... .......... .......... .......... 36% 35.7M 0s
  4000K .......... .......... .......... .......... .......... 36% 58.2M 0s
  4050K .......... .......... .......... .......... .......... 37%  159M 0s
  4100K .......... .......... .......... .......... .......... 37%  197M 0s
  4150K .......... .......... .......... .......... .......... 38% 36.1M 0s
  4200K .......... .......... .......... .......... .......... 38% 42.4M 0s
  4250K .......... .......... .......... .......... .......... 39%  153M 0s
  4300K .......... .......... .......... .......... .......... 39%  170M 0s
  4350K .......... .......... .......... .......... .......... 40% 59.0M 0s
  4400K .......... .......... .......... .......... .......... 40%  146M 0s
  4450K .......... .......... .......... .......... .......... 41% 38.1M 0s
  4500K .......... .......... .......... .......... .......... 41%  128M 0s
  4550K .......... .......... .......... .......... .......... 41%  182M 0s
  4600K .......... .......... .......... .......... .......... 42%  123M 0s
  4650K .......... .......... .......... .......... .......... 42% 27.9M 0s
  4700K .......... .......... .......... .......... .......... 43%  131M 0s
  4750K .......... .......... .......... .......... .......... 43%  160M 0s
  4800K .......... .......... .......... .......... .......... 44%  119M 0s
  4850K .......... .......... .......... .......... .......... 44%  185M 0s
  4900K .......... .......... .......... .......... .......... 45% 31.4M 0s
  4950K .......... .......... .......... .......... .......... 45%  197M 0s
  5000K .......... .......... .......... .......... .......... 46%  134M 0s
  5050K .......... .......... .......... .......... .......... 46%  187M 0s
  5100K .......... .......... .......... .......... .......... 46%  148M 0s
  5150K .......... .......... .......... .......... .......... 47% 25.5M 0s
  5200K .......... .......... .......... .......... .......... 47%  167M 0s
  5250K .......... .......... .......... .......... .......... 48%  184M 0s
  5300K .......... .......... .......... .......... .......... 48%  121M 0s
  5350K .......... .......... .......... .......... .......... 49%  185M 0s
  5400K .......... .......... .......... .......... .......... 49% 60.0M 0s
  5450K .......... .......... .......... .......... .......... 50%  195M 0s
  5500K .......... .......... .......... .......... .......... 50% 38.9M 0s
  5550K .......... .......... .......... .......... .......... 51%  143M 0s
  5600K .......... .......... .......... .......... .......... 51%  186M 0s
  5650K .......... .......... .......... .......... .......... 51% 29.3M 0s
  5700K .......... .......... .......... .......... .......... 52%  107M 0s
  5750K .......... .......... .......... .......... .......... 52%  138M 0s
  5800K .......... .......... .......... .......... .......... 53%  163M 0s
  5850K .......... .......... .......... .......... .......... 53%  149M 0s
  5900K .......... .......... .......... .......... .......... 54%  211M 0s
  5950K .......... .......... .......... .......... .......... 54% 24.1M 0s
  6000K .......... .......... .......... .......... .......... 55%  136M 0s
  6050K .......... .......... .......... .......... .......... 55%  197M 0s
  6100K .......... .......... .......... .......... .......... 56%  209M 0s
  6150K .......... .......... .......... .......... .......... 56%  209M 0s
  6200K .......... .......... .......... .......... .......... 56% 20.3M 0s
  6250K .......... .......... .......... .......... .......... 57%  132M 0s
  6300K .......... .......... .......... .......... .......... 57%  195M 0s
  6350K .......... .......... .......... .......... .......... 58%  140M 0s
  6400K .......... .......... .......... .......... .......... 58%  208M 0s
  6450K .......... .......... .......... .......... .......... 59% 29.8M 0s
  6500K .......... .......... .......... .......... .......... 59%  187M 0s
  6550K .......... .......... .......... .......... .......... 60%  143M 0s
  6600K .......... .......... .......... .......... .......... 60%  210M 0s
  6650K .......... .......... .......... .......... .......... 61%  178M 0s
  6700K .......... .......... .......... .......... .......... 61% 19.0M 0s
  6750K .......... .......... .......... .......... .......... 61%  133M 0s
  6800K .......... .......... .......... .......... .......... 62%  184M 0s
  6850K .......... .......... .......... .......... .......... 62%  207M 0s
  6900K .......... .......... .......... .......... .......... 63%  154M 0s
  6950K .......... .......... .......... .......... .......... 63%  140M 0s
  7000K .......... .......... .......... .......... .......... 64% 34.2M 0s
  7050K .......... .......... .......... .......... .......... 64%  106M 0s
  7100K .......... .......... .......... .......... .......... 65%  208M 0s
  7150K .......... .......... .......... .......... .......... 65%  216M 0s
  7200K .......... .......... .......... .......... .......... 66% 33.5M 0s
  7250K .......... .......... .......... .......... .......... 66%  111M 0s
  7300K .......... .......... .......... .......... .......... 66%  121M 0s
  7350K .......... .......... .......... .......... .......... 67%  164M 0s
  7400K .......... .......... .......... .......... .......... 67% 18.9M 0s
  7450K .......... .......... .......... .......... .......... 68% 76.7M 0s
  7500K .......... .......... .......... .......... .......... 68%  132M 0s
  7550K .......... .......... .......... .......... .......... 69% 84.0M 0s
  7600K .......... .......... .......... .......... .......... 69%  137M 0s
  7650K .......... .......... .......... .......... .......... 70%  124M 0s
  7700K .......... .......... .......... .......... .......... 70%  118M 0s
  7750K .......... .......... .......... .......... .......... 71%  184M 0s
  7800K .......... .......... .......... .......... .......... 71%  149M 0s
  7850K .......... .......... .......... .......... .......... 71%  195M 0s
  7900K .......... .......... .......... .......... .......... 72% 6.81M 0s
  7950K .......... .......... .......... .......... .......... 72%  114M 0s
  8000K .......... .......... .......... .......... .......... 73%  114M 0s
  8050K .......... .......... .......... .......... .......... 73% 96.3M 0s
  8100K .......... .......... .......... .......... .......... 74%  104M 0s
  8150K .......... .......... .......... .......... .......... 74%  121M 0s
  8200K .......... .......... .......... .......... .......... 75%  103M 0s
  8250K .......... .......... .......... .......... .......... 75%  135M 0s
  8300K .......... .......... .......... .......... .......... 76%  121M 0s
  8350K .......... .......... .......... .......... .......... 76%  108M 0s
  8400K .......... .......... .......... .......... .......... 77%  126M 0s
  8450K .......... .......... .......... .......... .......... 77% 5.72M 0s
  8500K .......... .......... .......... .......... .......... 77%  131M 0s
  8550K .......... .......... .......... .......... .......... 78%  139M 0s
  8600K .......... .......... .......... .......... .......... 78%  125M 0s
  8650K .......... .......... .......... .......... .......... 79%  134M 0s
  8700K .......... .......... .......... .......... .......... 79%  107M 0s
  8750K .......... .......... .......... .......... .......... 80%  131M 0s
  8800K .......... .......... .......... .......... .......... 80%  124M 0s
  8850K .......... .......... .......... .......... .......... 81% 91.4M 0s
  8900K .......... .......... .......... .......... .......... 81%  129M 0s
  8950K .......... .......... .......... .......... .......... 82% 6.24M 0s
  9000K .......... .......... .......... .......... .......... 82%  194M 0s
  9050K .......... .......... .......... .......... .......... 82%  186M 0s
  9100K .......... .......... .......... .......... .......... 83%  159M 0s
  9150K .......... .......... .......... .......... .......... 83%  195M 0s
  9200K .......... .......... .......... .......... .......... 84%  159M 0s
  9250K .......... .......... .......... .......... .......... 84%  125M 0s
  9300K .......... .......... .......... .......... .......... 85%  156M 0s
  9350K .......... .......... .......... .......... .......... 85%  161M 0s
  9400K .......... .......... .......... .......... .......... 86%  169M 0s
  9450K .......... .......... .......... .......... .......... 86% 5.34M 0s
  9500K .......... .......... .......... .......... .......... 87%  202M 0s
  9550K .......... .......... .......... .......... .......... 87%  203M 0s
  9600K .......... .......... .......... .......... .......... 87%  214M 0s
  9650K .......... .......... .......... .......... .......... 88%  147M 0s
  9700K .......... .......... .......... .......... .......... 88%  207M 0s
  9750K .......... .......... .......... .......... .......... 89%  207M 0s
  9800K .......... .......... .......... .......... .......... 89%  209M 0s
  9850K .......... .......... .......... .......... .......... 90%  182M 0s
  9900K .......... .......... .......... .......... .......... 90%  208M 0s
  9950K .......... .......... .......... .......... .......... 91% 4.93M 0s
 10000K .......... .......... .......... .......... .......... 91%  178M 0s
 10050K .......... .......... .......... .......... .......... 92%  201M 0s
 10100K .......... .......... .......... .......... .......... 92%  119M 0s
 10150K .......... .......... .......... .......... .......... 92%  186M 0s
 10200K .......... .......... .......... .......... .......... 93%  162M 0s
 10250K .......... .......... .......... .......... .......... 93%  203M 0s
 10300K .......... .......... .......... .......... .......... 94%  201M 0s
 10350K .......... .......... .......... .......... .......... 94%  208M 0s
 10400K .......... .......... .......... .......... .......... 95%  210M 0s
 10450K .......... .......... .......... .......... .......... 95% 5.43M 0s
 10500K .......... .......... .......... .......... .......... 96%  182M 0s
 10550K .......... .......... .......... .......... .......... 96%  204M 0s
 10600K .......... .......... .......... .......... .......... 97%  211M 0s
 10650K .......... .......... .......... .......... .......... 97%  218M 0s
 10700K .......... .......... .......... .......... .......... 97%  213M 0s
 10750K .......... .......... .......... .......... .......... 98%  213M 0s
 10800K .......... .......... .......... .......... .......... 98%  191M 0s
 10850K .......... .......... .......... .......... .......... 99%  165M 0s
 10900K .......... .......... .......... .......... .......... 99%  216M 0s
 10950K .......... .......... ...                             100%  276M=0.2s

2017-02-22 18:21:25 (42.9 MB/s) - `FZZQ_AND_V5.5.1.31_20160919_1011_R.apk' saved [11237117/11237117]

