--2017-01-15 19:46:53--  http://103.212.33.249/xc
Connecting to 103.212.33.249:80... connected.
HTTP request sent, awaiting response... 301 Moved Permanently
Location: http://103.212.33.249/xc/ [following]
--2017-01-15 19:46:54--  http://103.212.33.249/xc/
Reusing existing connection to 103.212.33.249:80.
HTTP request sent, awaiting response... 200 OK
Length: 645 [text/html]
Saving to: `index.html'

     0K                                                       100% 38.4M=0s

2017-01-15 19:46:54 (38.4 MB/s) - `index.html' saved [645/645]

=======================The second times wget =====================
--2017-01-15 19:46:54--  http://103.212.33.249/xc/%E7%9B%B8%E5%86%8C.apk
Connecting to 103.212.33.249:80... connected.
HTTP request sent, awaiting response... 200 OK
Length: 850914 (831K) [application/vnd.android.package-archive]
Saving to: `ç%9B¸å%86%8C.apk'

     0K .......... .......... .......... .......... ..........  6%  128K 6s
    50K .......... .......... .......... .......... .......... 12%  105K 6s
   100K .......... .......... .......... .......... .......... 18%  141K 6s
   150K .......... .......... .......... .......... .......... 24%  124K 5s
   200K .......... .......... .......... .......... .......... 30%  124K 5s
   250K .......... .......... .......... .......... .......... 36%  123K 4s
   300K .......... .......... .......... .......... .......... 42%  123K 4s
   350K .......... .......... .......... .......... .......... 48%  122K 3s
   400K .......... .......... .......... .......... .......... 54%  123K 3s
   450K .......... .......... .......... .......... .......... 60%  124K 3s
   500K .......... .......... .......... .......... .......... 66%  123K 2s
   550K .......... .......... .......... .......... .......... 72%  123K 2s
   600K .......... .......... .......... .......... .......... 78%  123K 1s
   650K .......... .......... .......... .......... .......... 84%  128K 1s
   700K .......... .......... .......... .......... .......... 90%  122K 1s
   750K .......... .......... .......... .......... .......... 96%  119K 0s
   800K .......... .......... ..........                      100%  134K=6.7s

2017-01-15 19:47:00 (123 KB/s) - `ç%9B¸å%86%8C.apk' saved [850914/850914]

