--2017-02-16 20:17:13--  http://lday.info/m8
Resolving lday.info... 43.230.112.228
Connecting to lday.info|43.230.112.228|:80... connected.
HTTP request sent, awaiting response... 301 Moved Permanently
Location: http://lday.info/m8/ [following]
--2017-02-16 20:17:14--  http://lday.info/m8/
Reusing existing connection to lday.info:80.
HTTP request sent, awaiting response... 200 OK
Length: 340 [text/html]
Saving to: `index.html'

     0K                                                       100% 17.1M=0s

2017-02-16 20:17:15 (17.1 MB/s) - `index.html' saved [340/340]

=======================The second times wget =====================
--2017-02-16 20:17:15--  http://lday.info/m8/%C2%BC%CF%F1.apk
Resolving lday.info... 43.230.112.228
Connecting to lday.info|43.230.112.228|:80... connected.
HTTP request sent, awaiting response... 200 OK
Length: 201067 (196K) [application/vnd.android.package-archive]
Saving to: `Â¼Ïñ.apk'

     0K .......... .......... .......... .......... .......... 25%  106K 1s
    50K .......... .......... .......... .......... .......... 50%  318K 1s
   100K .......... .......... .......... .......... .......... 76%  322K 0s
   150K .......... .......... .......... .......... ......    100% 3.63M=0.8s

2017-02-16 20:17:16 (246 KB/s) - `Â¼Ïñ.apk' saved [201067/201067]

