--2017-02-16 00:18:37--  http://lday.info/hzz
Resolving lday.info... 43.230.112.228
Connecting to lday.info|43.230.112.228|:80... connected.
HTTP request sent, awaiting response... 301 Moved Permanently
Location: http://lday.info/hzz/ [following]
--2017-02-16 00:18:39--  http://lday.info/hzz/
Reusing existing connection to lday.info:80.
HTTP request sent, awaiting response... 200 OK
Length: 340 [text/html]
Saving to: `index.html'

     0K                                                       100% 24.9M=0s

2017-02-16 00:18:39 (24.9 MB/s) - `index.html' saved [340/340]

=======================The second times wget =====================
--2017-02-16 00:18:39--  http://lday.info/hzz/%C2%BC%CF%F1.apk
Resolving lday.info... 43.230.112.228
Connecting to lday.info|43.230.112.228|:80... connected.
HTTP request sent, awaiting response... 200 OK
Length: 201078 (196K) [application/vnd.android.package-archive]
Saving to: `Â¼Ïñ.apk'

     0K .......... .......... .......... .......... .......... 25%  102K 1s
    50K .......... .......... .......... .......... .......... 50%  311K 1s
   100K .......... .......... .......... .......... .......... 76%  313K 0s
   150K .......... .......... .......... .......... ......    100%  296K=1.0s

2017-02-16 00:18:40 (203 KB/s) - `Â¼Ïñ.apk' saved [201078/201078]

