--2017-01-03 12:37:18--  http://bjndo.cn/mCdFe
Resolving bjndo.cn... 103.211.125.146
Connecting to bjndo.cn|103.211.125.146|:80... connected.
HTTP request sent, awaiting response... 301 Moved Permanently
Location: http://bjndo.cn/mCdFe/ [following]
--2017-01-03 12:37:20--  http://bjndo.cn/mCdFe/
Reusing existing connection to bjndo.cn:80.
HTTP request sent, awaiting response... 302 Object moved
Location: luxiang.apk [following]
--2017-01-03 12:37:20--  http://bjndo.cn/mCdFe/luxiang.apk
Reusing existing connection to bjndo.cn:80.
HTTP request sent, awaiting response... 200 OK
Length: 213493 (208K) [application/vnd.android]
Saving to: `luxiang.apk'

     0K .......... .......... .......... .......... .......... 23%  281K 1s
    50K .......... .......... .......... .......... .......... 47% 88.9K 1s
   100K .......... .......... .......... .......... .......... 71% 39.1K 1s
   150K .......... .......... .......... .......... .......... 95%  158K 0s
   200K ........                                              100%  585K=2.3s

2017-01-03 12:37:22 (88.8 KB/s) - `luxiang.apk' saved [213493/213493]

