--2016-12-31 11:16:21--  http://wap.mopfe.cc/lx
Resolving wap.mopfe.cc... 103.228.131.8
Connecting to wap.mopfe.cc|103.228.131.8|:80... connected.
HTTP request sent, awaiting response... 301 Moved Permanently
Location: http://wap.mopfe.cc/lx/ [following]
--2016-12-31 11:16:27--  http://wap.mopfe.cc/lx/
Reusing existing connection to wap.mopfe.cc:80.
HTTP request sent, awaiting response... 200 OK
Length: 247 [text/html]
Saving to: `index.html'

     0K                                                       100% 21.4M=0s

2016-12-31 11:16:27 (21.4 MB/s) - `index.html' saved [247/247]

=======================The second times wget =====================
--2016-12-31 11:16:27--  http://wap.mopfe.cc/lx/%C2%BC%CF%F11.apk
Resolving wap.mopfe.cc... 103.228.131.8
Connecting to wap.mopfe.cc|103.228.131.8|:80... connected.
HTTP request sent, awaiting response... 200 OK
Length: 209325 (204K) [application/vnd.android.package-archive]
Saving to: `Â¼Ïñ1.apk'

     0K .......... .......... .......... .......... .......... 24%  109K 1s
    50K .......... .......... .......... .......... .......... 48%  118K 1s
   100K .......... .......... .......... .......... .......... 73% 96.3K 1s
   150K .......... .......... .......... .......... .......... 97%  125K 0s
   200K ....                                                  100%  139K=1.8s

2016-12-31 11:16:29 (112 KB/s) - `Â¼Ïñ1.apk' saved [209325/209325]

