--2016-12-20 14:30:20--  http://t.cn/RchrV90
Resolving t.cn... 180.149.135.224
Connecting to t.cn|180.149.135.224|:80... connected.
HTTP request sent, awaiting response... 302 Found
Location: http://hn93.10006.info/hn_ty/ty?n=UVQ= [following]
--2016-12-20 14:30:20--  http://hn93.10006.info/hn_ty/ty?n=UVQ=
Resolving hn93.10006.info... 218.77.121.93
Connecting to hn93.10006.info|218.77.121.93|:80... connected.
HTTP request sent, awaiting response... 200 OK
Length: 1891 (1.8K) [text/html]
Saving to: `ty?n=UVQ='

     0K .                                                     100%  113M=0s

2016-12-20 14:30:22 (113 MB/s) - `ty?n=UVQ=' saved [1891/1891]

=======================The second times wget =====================
--2016-12-20 14:30:22--  http://api.tv189.com/v2/115020310221__02870121.apk?
Resolving api.tv189.com... 180.153.149.13
Connecting to api.tv189.com|180.153.149.13|:80... connected.
HTTP request sent, awaiting response... 302 Moved Temporarily
Location: http://lteams.tv189.com/uploads/client/2016-12-16/Com_TYSX_VIDEO_PLUS_5.3.14.xx_gt_5.3.14.12ctch1_AD_P_20161214_02870121.apk [following]
--2016-12-20 14:30:23--  http://lteams.tv189.com/uploads/client/2016-12-16/Com_TYSX_VIDEO_PLUS_5.3.14.xx_gt_5.3.14.12ctch1_AD_P_20161214_02870121.apk
Resolving lteams.tv189.com... 180.153.149.15
Connecting to lteams.tv189.com|180.153.149.15|:80... connected.
HTTP request sent, awaiting response... 200 OK
Length: 10872572 (10M) [application/vnd.android.package-archive]
Saving to: `Com_TYSX_VIDEO_PLUS_5.3.14.xx_gt_5.3.14.12ctch1_AD_P_20161214_02870121.apk'

     0K .......... .......... .......... .......... ..........  0%  449K 24s
    50K .......... .......... .......... .......... ..........  0%  355K 27s
   100K .......... .......... .......... .......... ..........  1%  303K 29s
   150K .......... .......... .......... .......... ..........  1%  266K 32s
   200K .......... .......... .......... .......... ..........  2%  304K 32s
   250K .......... .......... .......... .......... ..........  2%  305K 32s
   300K .......... .......... .......... .......... ..........  3%  423K 31s
   350K .......... .......... .......... .......... ..........  3%  255K 32s
   400K .......... .......... .......... .......... ..........  4%  265K 32s
   450K .......... .......... .......... .......... ..........  4%  109K 38s
   500K .......... .......... .......... .......... ..........  5%  152K 41s
   550K .......... .......... .......... .......... ..........  5%  190K 41s
   600K .......... .......... .......... .......... ..........  6%  236K 41s
   650K .......... .......... .......... .......... ..........  6%  265K 41s
   700K .......... .......... .......... .......... ..........  7%  265K 40s
   750K .......... .......... .......... .......... ..........  7%  425K 39s
   800K .......... .......... .......... .......... ..........  8%  209K 39s
   850K .......... .......... .......... .......... ..........  8%  243K 39s
   900K .......... .......... .......... .......... ..........  8%  304K 39s
   950K .......... .......... .......... .......... ..........  9%  354K 38s
  1000K .......... .......... .......... .......... ..........  9%  424K 37s
  1050K .......... .......... .......... .......... .......... 10%  425K 36s
  1100K .......... .......... .......... .......... .......... 10%  303K 36s
  1150K .......... .......... .......... .......... .......... 11%  266K 36s
  1200K .......... .......... .......... .......... .......... 11%  208K 36s
  1250K .......... .......... .......... .......... .......... 12%  304K 35s
  1300K .......... .......... .......... .......... .......... 12%  303K 35s
  1350K .......... .......... .......... .......... .......... 13%  237K 35s
  1400K .......... .......... .......... .......... .......... 13%  303K 35s
  1450K .......... .......... .......... .......... .......... 14%  154K 35s
  1500K .......... .......... .......... .......... .......... 14%  232K 35s
  1550K .......... .......... .......... .......... .......... 15%  265K 35s
  1600K .......... .......... .......... .......... .......... 15%  163K 35s
  1650K .......... .......... .......... .......... .......... 16%  236K 35s
  1700K .......... .......... .......... .......... .......... 16%  210K 35s
  1750K .......... .......... .......... .......... .......... 16%  302K 35s
  1800K .......... .......... .......... .......... .......... 17%  354K 34s
  1850K .......... .......... .......... .......... .......... 17%  175K 35s
  1900K .......... .......... .......... .......... .......... 18%  133K 35s
  1950K .......... .......... .......... .......... .......... 18%  161K 36s
  2000K .......... .......... .......... .......... .......... 19%  265K 35s
  2050K .......... .......... .......... .......... .......... 19%  177K 35s
  2100K .......... .......... .......... .......... .......... 20%  212K 35s
  2150K .......... .......... .......... .......... .......... 20%  303K 35s
  2200K .......... .......... .......... .......... .......... 21%  143K 35s
  2250K .......... .......... .......... .......... .......... 21%  172K 35s
  2300K .......... .......... .......... .......... .......... 22%  193K 35s
  2350K .......... .......... .......... .......... .......... 22%  155K 35s
  2400K .......... .......... .......... .......... .......... 23%  255K 35s
  2450K .......... .......... .......... .......... .......... 23%  304K 35s
  2500K .......... .......... .......... .......... .......... 24%  304K 34s
  2550K .......... .......... .......... .......... .......... 24%  237K 34s
  2600K .......... .......... .......... .......... .......... 24%  266K 34s
  2650K .......... .......... .......... .......... .......... 25%  340K 33s
  2700K .......... .......... .......... .......... .......... 25%  263K 33s
  2750K .......... .......... .......... .......... .......... 26%  303K 33s
  2800K .......... .......... .......... .......... .......... 26%  176K 33s
  2850K .......... .......... .......... .......... .......... 27%  213K 33s
  2900K .......... .......... .......... .......... .......... 27%  353K 32s
  2950K .......... .......... .......... .......... .......... 28%  238K 32s
  3000K .......... .......... .......... .......... .......... 28%  300K 32s
  3050K .......... .......... .......... .......... .......... 29%  213K 32s
  3100K .......... .......... .......... .......... .......... 29%  151K 32s
  3150K .......... .......... .......... .......... .......... 30%  193K 32s
  3200K .......... .......... .......... .......... .......... 30%  123K 32s
  3250K .......... .......... .......... .......... .......... 31%  193K 32s
  3300K .......... .......... .......... .......... .......... 31%  194K 32s
  3350K .......... .......... .......... .......... .......... 32%  209K 31s
  3400K .......... .......... .......... .......... .......... 32%  236K 31s
  3450K .......... .......... .......... .......... .......... 32%  236K 31s
  3500K .......... .......... .......... .......... .......... 33%  303K 31s
  3550K .......... .......... .......... .......... .......... 33%  355K 30s
  3600K .......... .......... .......... .......... .......... 34%  424K 30s
  3650K .......... .......... .......... .......... .......... 34%  355K 29s
  3700K .......... .......... .......... .......... .......... 35%  245K 29s
  3750K .......... .......... .......... .......... .......... 35%  198K 29s
  3800K .......... .......... .......... .......... .......... 36%  304K 29s
  3850K .......... .......... .......... .......... .......... 36%  266K 29s
  3900K .......... .......... .......... .......... .......... 37%  303K 28s
  3950K .......... .......... .......... .......... .......... 37%  236K 28s
  4000K .......... .......... .......... .......... .......... 38%  188K 28s
  4050K .......... .......... .......... .......... .......... 38%  236K 28s
  4100K .......... .......... .......... .......... .......... 39%  236K 28s
  4150K .......... .......... .......... .......... .......... 39%  353K 27s
  4200K .......... .......... .......... .......... .......... 40%  265K 27s
  4250K .......... .......... .......... .......... .......... 40%  266K 27s
  4300K .......... .......... .......... .......... .......... 40%  264K 26s
  4350K .......... .......... .......... .......... .......... 41%  303K 26s
  4400K .......... .......... .......... .......... .......... 41%  265K 26s
  4450K .......... .......... .......... .......... .......... 42%  302K 26s
  4500K .......... .......... .......... .......... .......... 42%  212K 25s
  4550K .......... .......... .......... .......... .......... 43%  303K 25s
  4600K .......... .......... .......... .......... .......... 43%  190K 25s
  4650K .......... .......... .......... .......... .......... 44%  193K 25s
  4700K .......... .......... .......... .......... .......... 44%  117K 25s
  4750K .......... .......... .......... .......... .......... 45%  248K 25s
  4800K .......... .......... .......... .......... .......... 45%  235K 25s
  4850K .......... .......... .......... .......... .......... 46%  272K 24s
  4900K .......... .......... .......... .......... .......... 46%  282K 24s
  4950K .......... .......... .......... .......... .......... 47%  325K 24s
  5000K .......... .......... .......... .......... .......... 47%  353K 23s
  5050K .......... .......... .......... .......... .......... 48%  303K 23s
  5100K .......... .......... .......... .......... .......... 48%  286K 23s
  5150K .......... .......... .......... .......... .......... 48%  316K 23s
  5200K .......... .......... .......... .......... .......... 49%  266K 22s
  5250K .......... .......... .......... .......... .......... 49%  303K 22s
  5300K .......... .......... .......... .......... .......... 50%  304K 22s
  5350K .......... .......... .......... .......... .......... 50%  354K 22s
  5400K .......... .......... .......... .......... .......... 51%  355K 21s
  5450K .......... .......... .......... .......... .......... 51%  424K 21s
  5500K .......... .......... .......... .......... .......... 52%  263K 21s
  5550K .......... .......... .......... .......... .......... 52%  353K 21s
  5600K .......... .......... .......... .......... .......... 53%  304K 20s
  5650K .......... .......... .......... .......... .......... 53%  265K 20s
  5700K .......... .......... .......... .......... .......... 54%  265K 20s
  5750K .......... .......... .......... .......... .......... 54%  303K 20s
  5800K .......... .......... .......... .......... .......... 55%  351K 19s
  5850K .......... .......... .......... .......... .......... 55%  136K 19s
  5900K .......... .......... .......... .......... .......... 56%  164K 19s
  5950K .......... .......... .......... .......... .......... 56%  265K 19s
  6000K .......... .......... .......... .......... .......... 56%  191K 19s
  6050K .......... .......... .......... .......... .......... 57%  192K 19s
  6100K .......... .......... .......... .......... .......... 57%  236K 19s
  6150K .......... .......... .......... .......... .......... 58%  207K 18s
  6200K .......... .......... .......... .......... .......... 58%  301K 18s
  6250K .......... .......... .......... .......... .......... 59%  296K 18s
  6300K .......... .......... .......... .......... .......... 59%  180K 18s
  6350K .......... .......... .......... .......... .......... 60%  193K 18s
  6400K .......... .......... .......... .......... .......... 60%  236K 17s
  6450K .......... .......... .......... .......... .......... 61%  213K 17s
  6500K .......... .......... .......... .......... .......... 61%  236K 17s
  6550K .......... .......... .......... .......... .......... 62%  194K 17s
  6600K .......... .......... .......... .......... .......... 62%  265K 17s
  6650K .......... .......... .......... .......... .......... 63%  235K 16s
  6700K .......... .......... .......... .......... .......... 63%  236K 16s
  6750K .......... .......... .......... .......... .......... 64%  265K 16s
  6800K .......... .......... .......... .......... .......... 64%  317K 16s
  6850K .......... .......... .......... .......... .......... 64%  241K 15s
  6900K .......... .......... .......... .......... .......... 65%  304K 15s
  6950K .......... .......... .......... .......... .......... 65%  303K 15s
  7000K .......... .......... .......... .......... .......... 66%  266K 15s
  7050K .......... .......... .......... .......... .......... 66%  193K 15s
  7100K .......... .......... .......... .......... .......... 67%  193K 14s
  7150K .......... .......... .......... .......... .......... 67%  213K 14s
  7200K .......... .......... .......... .......... .......... 68%  267K 14s
  7250K .......... .......... .......... .......... .......... 68%  352K 14s
  7300K .......... .......... .......... .......... .......... 69%  266K 14s
  7350K .......... .......... .......... .......... .......... 69%  236K 13s
  7400K .......... .......... .......... .......... .......... 70%  196K 13s
  7450K .......... .......... .......... .......... .......... 70%  265K 13s
  7500K .......... .......... .......... .......... .......... 71%  236K 13s
  7550K ........                                               71%  365K=31s

2016-12-20 14:31:15 (241 KB/s) - Read error at byte 7740048/10872572 (Connection timed out). Giving up.

