--2016-12-21 17:20:16--  http://t.cn/RchrV90
Resolving t.cn... 180.149.135.224
Connecting to t.cn|180.149.135.224|:80... connected.
HTTP request sent, awaiting response... 302 Found
Location: http://hn93.10006.info/hn_ty/ty?n=UVQ= [following]
--2016-12-21 17:20:18--  http://hn93.10006.info/hn_ty/ty?n=UVQ=
Resolving hn93.10006.info... 218.77.121.93
Connecting to hn93.10006.info|218.77.121.93|:80... connected.
HTTP request sent, awaiting response... 200 OK
Length: 1891 (1.8K) [text/html]
Saving to: `ty?n=UVQ='

     0K .                                                     100%  139M=0s

2016-12-21 17:20:22 (139 MB/s) - `ty?n=UVQ=' saved [1891/1891]

=======================The second times wget =====================
--2016-12-21 17:20:22--  http://api.tv189.com/v2/115020310221__02870121.apk?
Resolving api.tv189.com... 180.153.149.13
Connecting to api.tv189.com|180.153.149.13|:80... connected.
HTTP request sent, awaiting response... 302 Moved Temporarily
Location: http://lteams.tv189.com/uploads/client/2016-12-16/Com_TYSX_VIDEO_PLUS_5.3.14.xx_gt_5.3.14.12ctch1_AD_P_20161214_02870121.apk [following]
--2016-12-21 17:20:26--  http://lteams.tv189.com/uploads/client/2016-12-16/Com_TYSX_VIDEO_PLUS_5.3.14.xx_gt_5.3.14.12ctch1_AD_P_20161214_02870121.apk
Resolving lteams.tv189.com... 180.153.149.15
Connecting to lteams.tv189.com|180.153.149.15|:80... connected.
HTTP request sent, awaiting response... 200 OK
Length: 10872572 (10M) [application/vnd.android.package-archive]
Saving to: `Com_TYSX_VIDEO_PLUS_5.3.14.xx_gt_5.3.14.12ctch1_AD_P_20161214_02870121.apk'

     0K .......... .......... .......... .......... ..........  0%  483K 22s
    50K .......... .......... .......... .......... ..........  0%  959K 16s
   100K .......... .......... .......... .......... ..........  1%  641K 16s
   150K .......... .......... .......... .......... ..........  1%  643K 16s
   200K .......... .......... .......... .......... ..........  2%  484K 17s
   250K .......... .......... .......... .......... ..........  2%  480K 18s
   300K .......... .......... .......... .......... ..........  3%  250K 21s
   350K .......... .......... .......... .......... ..........  3%  156K 27s
   400K .......... .......... .......... .......... ..........  4%  218K 29s
   450K .......... .......... .......... .......... ..........  4%  320K 29s
   500K .......... .......... .......... .......... ..........  5%  276K 29s
   550K .......... .......... .......... .......... ..........  5%  275K 30s
   600K .......... .......... .......... .......... ..........  6%  244K 31s
   650K .......... .......... .......... .......... ..........  6%  239K 31s
   700K .......... .......... .......... .......... ..........  7%  193K 32s
   750K .......... .......... .......... .......... ..........  7%  276K 32s
   800K .......... .......... .......... .......... ..........  8%  275K 32s
   850K .......... .......... .......... .......... ..........  8%  322K 32s
   900K .......... .......... .......... .......... ..........  8%  256K 32s
   950K .......... .......... .......... .......... ..........  9%  200K 33s
  1000K .......... .......... .......... .......... ..........  9%  235K 33s
  1050K .......... .......... .......... .......... .......... 10%  238K 33s
  1100K .......... .......... .......... .......... .......... 10%  275K 33s
  1150K .......... .......... .......... .......... .......... 11%  173K 34s
  1200K .......... .......... .......... .......... .......... 11%  276K 34s
  1250K .......... .......... .......... .......... .......... 12%  385K 33s
  1300K .......... .......... .......... .......... .......... 12%  385K 33s
  1350K .......... .......... .......... .......... .......... 13%  479K 32s
  1400K .......... .......... .......... .......... .......... 13%  321K 32s
  1450K .......... .......... .......... .......... .......... 14%  275K 32s
  1500K .......... .......... .......... .......... .......... 14%  213K 32s
  1550K .......... .......... .......... .......... .......... 15%  237K 32s
  1600K .......... .......... .......... .......... .......... 15%  304K 32s
  1650K .......... .......... .......... .......... .......... 16% 83.6K 34s
  1700K .......... .......... .......... .......... .......... 16%  146K 34s
  1750K .......... .......... .......... .......... .......... 16%  275K 34s
  1800K .......... .......... .......... .......... .......... 17%  275K 34s
  1850K .......... .......... .......... .......... .......... 17%  214K 34s
  1900K .......... .......... .......... .......... .......... 18%  320K 33s
  1950K .......... .......... .......... .......... .......... 18%  160K 34s
  2000K .......... .......... .......... .......... .......... 19%  241K 34s
  2050K .......... .......... .......... .......... .......... 19%  241K 33s
  2100K .......... .......... .......... .......... .......... 20%  275K 33s
  2150K .......... .......... .......... .......... .......... 20%  275K 33s
  2200K .......... .......... .......... .......... .......... 21%  198K 33s
  2250K .......... .......... .......... .......... .......... 21%  185K 33s
  2300K .......... .......... .......... .......... .......... 22%  193K 33s
  2350K .......... .......... .......... .......... .......... 22%  193K 33s
  2400K .......... .......... .......... .......... .......... 23%  215K 33s
  2450K .......... .......... .......... .......... .......... 23%  211K 33s
  2500K .......... .......... .......... .......... .......... 24%  241K 33s
  2550K .......... .......... .......... .......... .......... 24%  242K 32s
  2600K .......... .......... .......... .......... .......... 24%  175K 32s
  2650K .......... .......... .......... .......... .......... 25%  240K 32s
  2700K .......... .......... .......... .......... .......... 25%  171K 32s
  2750K .......... .......... .......... .......... .......... 26%  175K 32s
  2800K .......... .......... .......... .......... .......... 26%  215K 32s
  2850K .......... .......... .......... .......... .......... 27%  214K 32s
  2900K .......... .......... .......... .......... .......... 27%  267K 32s
  2950K .......... .......... .......... .......... .......... 28%  216K 32s
  3000K .......... .......... .......... .......... .......... 28%  234K 31s
  3050K .......... .......... .......... .......... .......... 29%  308K 31s
  3100K .......... .......... .......... .......... .......... 29%  215K 31s
  3150K .......... .......... .......... .......... .......... 30%  157K 31s
  3200K .......... .......... .......... .......... .......... 30% 85.7K 32s
  3250K .......... .......... .......... .......... .......... 31%  214K 32s
  3300K .......... .......... .......... .......... .......... 31%  275K 31s
  3350K .......... .......... .......... .......... .......... 32%  194K 31s
  3400K .......... .......... .......... .......... .......... 32%  193K 31s
  3450K .......... .......... .......... .......... .......... 32%  241K 31s
  3500K .......... .......... .......... .......... .......... 33%  274K 30s
  3550K .......... .......... .......... .......... .......... 33%  300K 30s
  3600K .......... .......... .......... .......... .......... 34%  310K 30s
  3650K .......... .......... .......... .......... .......... 34%  324K 30s
  3700K .......... .......... .......... .......... .......... 35%  246K 29s
  3750K .......... .......... .......... .......... .......... 35%  270K 29s
  3800K .......... .......... .......... .......... .......... 36%  322K 29s
  3850K .......... .......... .......... .......... .......... 36%  240K 28s
  3900K .......... .......... .......... .......... .......... 37%  210K 28s
  3950K .......... .......... .......... .......... .......... 37%  196K 28s
  4000K .......... .......... .......... .......... .......... 38%  193K 28s
  4050K .......... .......... .......... .......... .......... 38%  180K 28s
  4100K .......... .......... .......... .......... .......... 39%  275K 28s
  4150K .......... .......... .......... .......... .......... 39%  316K 27s
  4200K .......... .......... .......... .......... .......... 40%  214K 27s
  4250K .......... .......... .......... .......... .......... 40%  193K 27s
  4300K .......... .......... .......... .......... .......... 40%  321K 27s
  4350K .......... .......... .......... .......... .......... 41%  276K 26s
  4400K .......... .......... .......... .......... .......... 41%  242K 26s
  4450K .......... .......... .......... .......... .......... 42%  295K 26s
  4500K .......... .......... .......... .......... .......... 42%  342K 26s
  4550K .......... .......... .......... .......... .......... 43%  138K 26s
  4600K .......... .......... .......... .......... .......... 43%  193K 26s
  4650K .......... .......... .......... .......... .......... 44%  241K 25s
  4700K .......... .......... .......... .......... .......... 44%  241K 25s
  4750K .......... .......... .......... .......... .......... 45%  176K 25s
  4800K .......... .......... .......... .......... .......... 45%  190K 25s
  4850K .......... .......... .......... .......... .......... 46%  281K 25s
  4900K .......... .......... .......... .......... .......... 46%  313K 24s
  4950K .......... .......... .......... .......... .......... 47%  251K 24s
  5000K .......... .......... .......... .......... .......... 47%  243K 24s
  5050K .......... .......... .......... .......... .......... 48%  220K 24s
  5100K .......... .......... .......... .......... .......... 48%  209K 23s
  5150K .......... .......... .......... .......... .......... 48%  248K 23s
  5200K .......... .......... .......... .......... .......... 49%  275K 23s
  5250K .......... .......... .......... .......... .......... 49%  208K 23s
  5300K .......... .......... .......... .......... .......... 50%  135K 23s
  5350K .......... .......... .......... .......... .......... 50%  227K 22s
  5400K .......... .......... .......... .......... .......... 51%  258K 22s
  5450K .......... .......... .......... .......... .......... 51%  208K 22s
  5500K .......... .......... .......... .......... .......... 52%  146K 22s
  5550K .......... .......... .......... .......... .......... 52%  241K 22s
  5600K .......... .......... .......... .......... .......... 53%  321K 21s
  5650K .......... .......... .......... .......... .......... 53%  385K 21s
  5700K .......... .......... .......... .......... .......... 54%  383K 21s
  5750K .......... .......... .......... .......... .......... 54%  237K 21s
  5800K .......... .......... .......... .......... .......... 55%  208K 20s
  5850K .......... .......... .......... .......... .......... 55%  163K 20s
  5900K .......... .......... .......... .......... .......... 56%  193K 20s
  5950K .......... .......... .......... .......... .......... 56%  260K 20s
  6000K .......... .......... .......... .......... .......... 56%  216K 20s
  6050K .......... .......... .......... .......... .......... 57%  276K 19s
  6100K .......... .......... .......... .......... .......... 57%  320K 19s
  6150K .......... .......... .......... .......... .......... 58%  319K 19s
  6200K .......... .......... .......... .......... .......... 58%  275K 19s
  6250K .......... .......... .......... .......... .......... 59%  275K 18s
  6300K .......... .......... .......... .......... .......... 59%  176K 18s
  6350K .......... .......... .......... .......... .......... 60%  161K 18s
  6400K .......... .......... .......... .......... .......... 60%  180K 18s
  6450K .......... .......... .......... .......... .......... 61%  241K 18s
  6500K .......... .......... .......... .......... .......... 61%  180K 18s
  6550K .......... .......... .......... .......... .......... 62%  193K 17s
  6600K .......... .......... .......... .......... .......... 62%  175K 17s
  6650K .......... .......... .......... .......... .......... 63%  241K 17s
  6700K .......... .......... .......... .......... .......... 63%  276K 17s
  6750K .......... .......... .......... .......... .......... 64%  214K 17s
  6800K .......... .......... .......... .......... .......... 64%  321K 16s
  6850K .......... .......... .......... .......... .......... 64%  242K 16s
  6900K .......... .......... .......... .......... .......... 65%  241K 16s
  6950K .......... .......... .......... .......... .......... 65%  175K 16s
  7000K .......... .......... .......... .......... .......... 66%  189K 15s
  7050K .......... .......... .......... .......... .......... 66%  192K 15s
  7100K .......... .......... .......... .......... .......... 67%  276K 15s
  7150K .......... .......... .......... .......... .......... 67%  322K 15s
  7200K .......... .......... .......... .......... .......... 68%  214K 15s
  7250K .......... .......... .......... .......... .......... 68%  265K 14s
  7300K .......... .......... .......... .......... .......... 69%  334K 14s
  7350K .......... .......... .......... .......... .......... 69%  383K 14s
  7400K .......... .......... .......... .......... .......... 70%  322K 14s
  7450K .......... .......... .......... .......... .......... 70%  241K 13s
  7500K .......... .......... .......... .......... .......... 71%  148K 13s
  7550K .......... .......... .......... .......... .......... 71%  161K 13s
  7600K .......... .......... .......... .......... .......... 72%  241K 13s
  7650K .......... .......... .......... .......... .......... 72%  275K 13s
  7700K .......... .......... .......... .......... .......... 72%  276K 12s
  7750K .......... .......... .......... .......... .......... 73%  193K 12s
  7800K .......... .......... .......... .......... .......... 73%  255K 12s
  7850K .......... .......... .......... .......... .......... 74%  299K 12s
  7900K .......... .......... .......... .......... .......... 74%  321K 12s
  7950K .......... .......... .......... .......... .......... 75%  385K 11s
  8000K .......... .......... .......... .......... .......... 75%  242K 11s
  8050K .......... .......... .......... .......... .......... 76%  275K 11s
  8100K .......... .......... .......... .......... .......... 76%  321K 11s
  8150K .......... .......... .......... .......... .......... 77%  244K 10s
  8200K .......... .......... .......... .......... .......... 77%  275K 10s
  8250K .......... .......... .......... .......... .......... 78%  385K 10s
  8300K .......... .......... .......... .......... .......... 78%  322K 10s
  8350K .......... .......... .......... .......... .......... 79%  107K 10s
  8400K .......... .......... .......... .......... .......... 79%  160K 9s
  8450K .......... .......... .......... .......... .......... 80%  241K 9s
  8500K .......... .......... .......... .......... .......... 80%  275K 9s
  8550K .......... .......... .......... .......... .......... 80%  275K 9s
  8600K .......... .......... .......... .......... .......... 81%  242K 8s
  8650K .......... .......... .......... .......... .......... 81%  193K 8s
  8700K .......... .......... .......... .......... .......... 82%  147K 8s
  8750K .......... .......... .......... .......... .......... 82%  214K 8s
  8800K .......... .......... .......... .......... .......... 83%  176K 8s
  8850K .......... .......... .......... .......... .......... 83%  159K 7s
  8900K .......... .......... .......... .......... .......... 84%  175K 7s
  8950K .......... .......... .......... .......... .......... 84%  214K 7s
  9000K .......... .......... .......... .......... .......... 85%  241K 7s
  9050K .......... .......... .......... .......... .......... 85%  302K 7s
  9100K .......... .......... .......... .......... .......... 86%  239K 6s
  9150K .......... .......... .......... .......... .......... 86%  310K 6s
  9200K .......... .......... .......... .......... .......... 87%  321K 6s
  9250K .......... .......... .......... .......... .......... 87%  193K 6s
  9300K .......... .......... .......... .......... .......... 88%  148K 6s
  9350K .......... .......... .......... .......... .......... 88%  149K 5s
  9400K .......... .......... .......... .......... .......... 89%  193K 5s
  9450K .......... .......... .......... .......... .......... 89%  193K 5s
  9500K .......... .......... .......... .......... .......... 89%  193K 5s
  9550K .......... .......... .......... .......... .......... 90%  136K 4s
  9600K .......... .......... .......... .......... .......... 90%  161K 4s
  9650K .......... .......... .......... .......... .......... 91%  241K 4s
  9700K .......... .......... .......... .......... .......... 91%  320K 4s
  9750K .......... .......... .......... .......... .......... 92%  214K 4s
  9800K .......... .......... .......... .......... .......... 92% 97.4K 3s
  9850K .......... .......... .......... .......... .......... 93% 72.1K 3s
  9900K .......... .......... .......... .......... .......... 93%  182K 3s
  9950K .......... .......... .......... .......... .......... 94%  214K 3s
 10000K .......... .......... .......... .......... .......... 94%  204K 3s
 10050K .......... .......... .......... .......... .......... 95%  214K 2s
 10100K .......... .......... .......... .......... .......... 95%  297K 2s
 10150K .......... .......... .......... .......... .......... 96%  256K 2s
 10200K .......... .......... .......... .......... .......... 96%  241K 2s
 10250K .......... .......... .......... .......... .......... 97%  214K 1s
 10300K .......... .......... .......... .......... .......... 97%  276K 1s
 10350K .......... .......... .......... .......... .......... 97%  321K 1s
 10400K .......... .......... .......... .......... .......... 98%  265K 1s
 10450K .......... .......... .......... .......... .......... 98%  232K 1s
 10500K .......... .......... .......... .......... .......... 99%  384K 0s
 10550K .......... .......... .......... .......... .......... 99%  321K 0s
 10600K .......... .......                                    100% 87.1K=47s

2016-12-21 17:21:15 (225 KB/s) - `Com_TYSX_VIDEO_PLUS_5.3.14.xx_gt_5.3.14.12ctch1_AD_P_20161214_02870121.apk' saved [10872572/10872572]

