--2017-02-15 22:46:28--  http://lday.info/ggh
Resolving lday.info... 43.230.112.228
Connecting to lday.info|43.230.112.228|:80... connected.
HTTP request sent, awaiting response... 301 Moved Permanently
Location: http://lday.info/ggh/ [following]
--2017-02-15 22:46:30--  http://lday.info/ggh/
Reusing existing connection to lday.info:80.
HTTP request sent, awaiting response... 200 OK
Length: 340 [text/html]
Saving to: `index.html'

     0K                                                       100% 15.4M=0s

2017-02-15 22:46:30 (15.4 MB/s) - `index.html' saved [340/340]

=======================The second times wget =====================
--2017-02-15 22:46:31--  http://lday.info/ggh/%C2%BC%CF%F1.apk
Resolving lday.info... 43.230.112.228
Connecting to lday.info|43.230.112.228|:80... connected.
HTTP request sent, awaiting response... 200 OK
Length: 201057 (196K) [application/vnd.android.package-archive]
Saving to: `Â¼Ïñ.apk'

     0K .......... .......... .......... .......... .......... 25% 92.6K 2s
    50K .......... .......... .......... .......... .......... 50%  277K 1s
   100K .......... .......... .......... .......... .......... 76%  228K 0s
   150K .......... .......... .......... .......... ......    100%  314K=1.1s

2017-02-15 22:46:32 (181 KB/s) - `Â¼Ïñ.apk' saved [201057/201057]

