--2017-01-31 18:07:25--  http://wap.zkisia.com/ki
Resolving wap.zkisia.com... 103.80.124.72
Connecting to wap.zkisia.com|103.80.124.72|:80... connected.
HTTP request sent, awaiting response... 301 Moved Permanently
Location: http://wap.zkisia.com/ki/ [following]
--2017-01-31 18:07:28--  http://wap.zkisia.com/ki/
Reusing existing connection to wap.zkisia.com:80.
HTTP request sent, awaiting response... 302 Object moved
Location: %E8%A7%86%E9%A2%91.apk [following]
--2017-01-31 18:07:29--  http://wap.zkisia.com/ki/%E8%A7%86%E9%A2%91.apk
Reusing existing connection to wap.zkisia.com:80.
HTTP request sent, awaiting response... 200 OK
Length: 209325 (204K) [apk]
Saving to: `è§%86é¢%91.apk'

     0K .......... .......... .......... .......... .......... 24% 8.72K 18s
    50K .......... .......... .......... .......... .......... 48% 21.5K 8s
   100K .......... .......... .......... .......... .......... 73% 15.4K 4s
   150K .......... .......... .......... .......... .......... 97% 22.7K 0s
   200K ....                                                  100% 7.63K=14s

2017-01-31 18:07:43 (14.5 KB/s) - `è§%86é¢%91.apk' saved [209325/209325]

