--2017-01-10 11:21:59--  http://gbwlp.com/Music
Resolving gbwlp.com... 192.151.150.178
Connecting to gbwlp.com|192.151.150.178|:80... connected.
HTTP request sent, awaiting response... 301 Moved Permanently
Location: http://gbwlp.com/Music/ [following]
--2017-01-10 11:22:06--  http://gbwlp.com/Music/
Reusing existing connection to gbwlp.com:80.
HTTP request sent, awaiting response... 200 OK
Length: 664 [text/html]
Saving to: `index.html'

     0K                                                       100% 48.7M=0s

2017-01-10 11:22:07 (48.7 MB/s) - `index.html' saved [664/664]

=======================The second times wget =====================
--2017-01-10 11:22:09--  http://gbwlp.com/Music/%E5%BD%95%E5%83%8F.mp4.apk
Resolving gbwlp.com... 192.151.150.178
Connecting to gbwlp.com|192.151.150.178|:80... connected.
HTTP request sent, awaiting response... 200 OK
Length: 201058 (196K) [application/vnd.android.package-archive]
Saving to: `å½%95å%83%8F.mp4.apk'

     0K .......... .......... .......... .......... .......... 25% 24.0K 6s
    50K .......... .......... .......... .......... .......... 50% 28.3K 4s
   100K .......... .......... .......... .......... .......... 76% 86.2K 1s
   150K .......... .......... .......... .......... ......    100% 36.9K=5.7s

2017-01-10 11:22:17 (34.6 KB/s) - `å½%95å%83%8F.mp4.apk' saved [201058/201058]

