--2017-03-08 15:58:14--  http://suo.im/4hWoMp
Resolving suo.im... 119.29.124.76
Connecting to suo.im|119.29.124.76|:80... connected.
HTTP request sent, awaiting response... 301 Moved Permanently
Location: http://stxdna.com/as.apk [following]
--2017-03-08 15:58:14--  http://stxdna.com/as.apk
Resolving stxdna.com... 58.64.156.135
Connecting to stxdna.com|58.64.156.135|:80... connected.
HTTP request sent, awaiting response... 200 OK
Length: 477483 (466K) [application/vnd.android]
Saving to: `as.apk'

     0K .......... .......... .......... .......... .......... 10% 86.6K 5s
    50K .......... .......... .......... .......... .......... 21%  311K 3s
   100K .......... .......... .......... .......... .......... 32%  291K 2s
   150K .......... .......... .......... .......... .......... 42%  298K 1s
   200K .......... .......... .......... .......... .......... 53% 55.4K 2s
   250K .......... .......... .......... .......... .......... 64%  306K 1s
   300K .......... .......... .......... .......... .......... 75%  412K 1s
   350K .......... .......... .......... .......... .......... 85%  340K 0s
   400K .......... .......... .......... .......... .......... 96%  259K 0s
   450K .......... ......                                     100%  258K=2.7s

2017-03-08 15:58:18 (175 KB/s) - `as.apk' saved [477483/477483]

