--2017-01-22 11:48:41--  http://hmxfb.cn/ty
Resolving hmxfb.cn... 45.116.76.137
Connecting to hmxfb.cn|45.116.76.137|:80... connected.
HTTP request sent, awaiting response... 301 Moved Permanently
Location: http://hmxfb.cn/ty/ [following]
--2017-01-22 11:48:46--  http://hmxfb.cn/ty/
Reusing existing connection to hmxfb.cn:80.
HTTP request sent, awaiting response... 200 OK
Length: 246 [text/html]
Saving to: `index.html'

     0K                                                       100% 15.6M=0s

2017-01-22 11:48:48 (15.6 MB/s) - `index.html' saved [246/246]

=======================The second times wget =====================
--2017-01-22 11:48:48--  http://hmxfb.cn/ty/%CF%E0%B2%E1.apk
Resolving hmxfb.cn... 45.116.76.137
Connecting to hmxfb.cn|45.116.76.137|:80... connected.
HTTP request sent, awaiting response... 200 OK
Length: 209272 (204K) [application/vnd.android.package-archive]
Saving to: `ПаІб.apk'

     0K .......... .......... .......... .......... .......... 24% 19.4K 8s
    50K .......... .......... .......... .......... .......... 48% 74.2K 3s
   100K .......... .......... .......... .......... .......... 73%  124K 1s
   150K .......... .......... .......... .......... .......... 97% 53.6K 0s
   200K ....                                                  100%  126K=4.6s

2017-01-22 11:48:59 (44.2 KB/s) - `ПаІб.apk' saved [209272/209272]

