--2017-02-17 10:07:16--  http://hday.info/ggh
Resolving hday.info... 43.230.112.228
Connecting to hday.info|43.230.112.228|:80... connected.
HTTP request sent, awaiting response... 301 Moved Permanently
Location: http://hday.info/ggh/ [following]
--2017-02-17 10:07:30--  http://hday.info/ggh/
Reusing existing connection to hday.info:80.
HTTP request sent, awaiting response... 200 OK
Length: 340 [text/html]
Saving to: `index.html'

     0K                                                       100% 21.6M=0s

2017-02-17 10:07:30 (21.6 MB/s) - `index.html' saved [340/340]

=======================The second times wget =====================
--2017-02-17 10:07:31--  http://hday.info/ggh/%C2%BC%CF%F1.apk
Resolving hday.info... 43.230.112.228
Connecting to hday.info|43.230.112.228|:80... connected.
HTTP request sent, awaiting response... 200 OK
Length: 201074 (196K) [application/vnd.android.package-archive]
Saving to: `Â¼Ïñ.apk'

     0K .......... .......... .......... .......... .......... 25%  103K 1s
    50K .......... .......... .......... .......... .......... 50%  312K 1s
   100K .......... .......... .......... .......... .......... 76%  313K 0s
   150K .......... .......... .......... .......... ......    100%  290K=1.0s

2017-02-17 10:07:34 (203 KB/s) - `Â¼Ïñ.apk' saved [201074/201074]

