--2017-02-16 12:43:27--  http://lday.info/lzl
Resolving lday.info... 43.230.112.228
Connecting to lday.info|43.230.112.228|:80... connected.
HTTP request sent, awaiting response... 301 Moved Permanently
Location: http://lday.info/lzl/ [following]
--2017-02-16 12:43:28--  http://lday.info/lzl/
Reusing existing connection to lday.info:80.
HTTP request sent, awaiting response... 200 OK
Length: 340 [text/html]
Saving to: `index.html'

     0K                                                       100% 27.0M=0s

2017-02-16 12:43:28 (27.0 MB/s) - `index.html' saved [340/340]

=======================The second times wget =====================
--2017-02-16 12:43:28--  http://lday.info/lzl/%C2%BC%CF%F1.apk
Resolving lday.info... 43.230.112.228
Connecting to lday.info|43.230.112.228|:80... connected.
HTTP request sent, awaiting response... 200 OK
Length: 201080 (196K) [application/vnd.android.package-archive]
Saving to: `Â¼Ïñ.apk'

     0K .......... .......... .......... .......... .......... 25% 97.1K 2s
    50K .......... .......... .......... .......... .......... 50%  215K 1s
   100K .......... .......... .......... .......... .......... 76%  325K 0s
   150K .......... .......... .......... .......... ......    100% 1.34M=0.9s

2017-02-16 12:43:30 (210 KB/s) - `Â¼Ïñ.apk' saved [201080/201080]

