--2017-02-03 19:12:16--  http://wap.zkotac.com/no
Resolving wap.zkotac.com... 45.116.212.169
Connecting to wap.zkotac.com|45.116.212.169|:80... connected.
HTTP request sent, awaiting response... 301 Moved Permanently
Location: http://wap.zkotac.com/no/ [following]
--2017-02-03 19:12:17--  http://wap.zkotac.com/no/
Reusing existing connection to wap.zkotac.com:80.
HTTP request sent, awaiting response... 302 Object moved
Location: %E8%A7%86%E9%A2%91.apk [following]
--2017-02-03 19:12:17--  http://wap.zkotac.com/no/%E8%A7%86%E9%A2%91.apk
Reusing existing connection to wap.zkotac.com:80.
HTTP request sent, awaiting response... 200 OK
Length: 209284 (204K) [apk]
Saving to: `è§%86é¢%91.apk'

     0K .......... .......... .......... .......... .......... 24%  176K 1s
    50K .......... .......... .......... .......... .......... 48%  501K 0s
   100K .......... .......... .......... .......... .......... 73%  243K 0s
   150K .......... .......... .......... .......... .......... 97%  260K 0s
   200K ....                                                  100%  273K=0.8s

2017-02-03 19:12:17 (256 KB/s) - `è§%86é¢%91.apk' saved [209284/209284]

