--2017-01-05 12:17:38--  http://t.cn/zW8d8o3
Resolving t.cn... 180.149.135.224
Connecting to t.cn|180.149.135.224|:80... connected.
HTTP request sent, awaiting response... 302 Found
Location: http://down.360safe.com/mzm/360clockweather.apk [following]
--2017-01-05 12:17:38--  http://down.360safe.com/mzm/360clockweather.apk
Resolving down.360safe.com... 175.6.229.76
Connecting to down.360safe.com|175.6.229.76|:80... connected.
HTTP request sent, awaiting response... 200 OK
Length: 7363035 (7.0M) [application/vnd.android.package-archive]
Saving to: `360clockweather.apk'

     0K .......... .......... .......... .......... ..........  0% 2.06M 3s
    50K .......... .......... .......... .......... ..........  1% 3.08M 3s
   100K .......... .......... .......... .......... ..........  2% 3.09M 3s
   150K .......... .......... .......... .......... ..........  2% 11.0M 2s
   200K .......... .......... .......... .......... ..........  3% 6.16M 2s
   250K .......... .......... .......... .......... ..........  4% 6.21M 2s
   300K .......... .......... .......... .......... ..........  4% 4.08M 2s
   350K .......... .......... .......... .......... ..........  5% 6.10M 2s
   400K .......... .......... .......... .......... ..........  6% 6.09M 2s
   450K .......... .......... .......... .......... ..........  6% 5.00M 2s
   500K .......... .......... .......... .......... ..........  7%  177M 1s
   550K .......... .......... .......... .......... ..........  8% 4.11M 1s
   600K .......... .......... .......... .......... ..........  9% 6.18M 1s
   650K .......... .......... .......... .......... ..........  9%  135M 1s
   700K .......... .......... .......... .......... .......... 10% 6.29M 1s
   750K .......... .......... .......... .......... .......... 11%  165M 1s
   800K .......... .......... .......... .......... .......... 11% 6.29M 1s
   850K .......... .......... .......... .......... .......... 12% 4.99M 1s
   900K .......... .......... .......... .......... .......... 13%  116M 1s
   950K .......... .......... .......... .......... .......... 13% 6.45M 1s
  1000K .......... .......... .......... .......... .......... 14%  106M 1s
  1050K .......... .......... .......... .......... .......... 15% 5.07M 1s
  1100K .......... .......... .......... .......... .......... 15%  128M 1s
  1150K .......... .......... .......... .......... .......... 16% 4.69M 1s
  1200K .......... .......... .......... .......... .......... 17%  171M 1s
  1250K .......... .......... .......... .......... .......... 18% 6.99M 1s
  1300K .......... .......... .......... .......... .......... 18%  135M 1s
  1350K .......... .......... .......... .......... .......... 19% 6.50M 1s
  1400K .......... .......... .......... .......... .......... 20%  162M 1s
  1450K .......... .......... .......... .......... .......... 20%  138M 1s
  1500K .......... .......... .......... .......... .......... 21% 6.54M 1s
  1550K .......... .......... .......... .......... .......... 22%  146M 1s
  1600K .......... .......... .......... .......... .......... 22% 6.08M 1s
  1650K .......... .......... .......... .......... .......... 23%  110M 1s
  1700K .......... .......... .......... .......... .......... 24% 6.21M 1s
  1750K .......... .......... .......... .......... .......... 25%  178M 1s
  1800K .......... .......... .......... .......... .......... 25%  157M 1s
  1850K .......... .......... .......... .......... .......... 26% 6.74M 1s
  1900K .......... .......... .......... .......... .......... 27%  150M 1s
  1950K .......... .......... .......... .......... .......... 27% 16.2M 1s
  2000K .......... .......... .......... .......... .......... 28%  170M 1s
  2050K .......... .......... .......... .......... .......... 29%  161M 1s
  2100K .......... .......... .......... .......... .......... 29% 9.36M 1s
  2150K .......... .......... .......... .......... .......... 30%  132M 1s
  2200K .......... .......... .......... .......... .......... 31%  174M 1s
  2250K .......... .......... .......... .......... .......... 31% 8.29M 1s
  2300K .......... .......... .......... .......... .......... 32%  187M 1s
  2350K .......... .......... .......... .......... .......... 33%  205M 1s
  2400K .......... .......... .......... .......... .......... 34% 6.54M 1s
  2450K .......... .......... .......... .......... .......... 34%  154M 0s
  2500K .......... .......... .......... .......... .......... 35%  195M 0s
  2550K .......... .......... .......... .......... .......... 36% 6.59M 0s
  2600K .......... .......... .......... .......... .......... 36%  198M 0s
  2650K .......... .......... .......... .......... .......... 37%  200M 0s
  2700K .......... .......... .......... .......... .......... 38% 6.39M 0s
  2750K .......... .......... .......... .......... .......... 38%  117M 0s
  2800K .......... .......... .......... .......... .......... 39%  120M 0s
  2850K .......... .......... .......... .......... .......... 40% 6.75M 0s
  2900K .......... .......... .......... .......... .......... 41%  188M 0s
  2950K .......... .......... .......... .......... .......... 41%  191M 0s
  3000K .......... .......... .......... .......... .......... 42%  208M 0s
  3050K .......... .......... .......... .......... .......... 43% 6.61M 0s
  3100K .......... .......... .......... .......... .......... 43%  201M 0s
  3150K .......... .......... .......... .......... .......... 44%  163M 0s
  3200K .......... .......... .......... .......... .......... 45%  168M 0s
  3250K .......... .......... .......... .......... .......... 45% 7.22M 0s
  3300K .......... .......... .......... .......... .......... 46%  147M 0s
  3350K .......... .......... .......... .......... .......... 47%  195M 0s
  3400K .......... .......... .......... .......... .......... 47% 6.44M 0s
  3450K .......... .......... .......... .......... .......... 48%  133M 0s
  3500K .......... .......... .......... .......... .......... 49%  196M 0s
  3550K .......... .......... .......... .......... .......... 50%  200M 0s
  3600K .......... .......... .......... .......... .......... 50% 6.73M 0s
  3650K .......... .......... .......... .......... .......... 51%  135M 0s
  3700K .......... .......... .......... .......... .......... 52%  157M 0s
  3750K .......... .......... .......... .......... .......... 52%  113M 0s
  3800K .......... .......... .......... .......... .......... 53% 4.70M 0s
  3850K .......... .......... .......... .......... .......... 54%  180M 0s
  3900K .......... .......... .......... .......... .......... 54%  150M 0s
  3950K .......... .......... .......... .......... .......... 55% 95.0M 0s
  4000K .......... .......... .......... .......... .......... 56% 5.71M 0s
  4050K .......... .......... .......... .......... .......... 57%  171M 0s
  4100K .......... .......... .......... .......... .......... 57%  186M 0s
  4150K .......... .......... .......... .......... .......... 58%  162M 0s
  4200K .......... .......... .......... .......... .......... 59% 8.67M 0s
  4250K .......... .......... .......... .......... .......... 59%  156M 0s
  4300K .......... .......... .......... .......... .......... 60%  197M 0s
  4350K .......... .......... .......... .......... .......... 61%  108M 0s
  4400K .......... .......... .......... .......... .......... 61%  159M 0s
  4450K .......... .......... .......... .......... .......... 62% 4.48M 0s
  4500K .......... .......... .......... .......... .......... 63%  191M 0s
  4550K .......... .......... .......... .......... .......... 63% 6.41M 0s
  4600K .......... .......... .......... .......... .......... 64%  158M 0s
  4650K .......... .......... .......... .......... .......... 65%  189M 0s
  4700K .......... .......... .......... .......... .......... 66% 6.70M 0s
  4750K .......... .......... .......... .......... .......... 66%  104M 0s
  4800K .......... .......... .......... .......... .......... 67% 6.20M 0s
  4850K .......... .......... .......... .......... .......... 68%  194M 0s
  4900K .......... .......... .......... .......... .......... 68% 6.17M 0s
  4950K .......... .......... .......... .......... .......... 69%  115M 0s
  5000K .......... .......... .......... .......... .......... 70% 6.39M 0s
  5050K .......... .......... .......... .......... .......... 70%  143M 0s
  5100K .......... .......... .......... .......... .......... 71% 6.30M 0s
  5150K .......... .......... .......... .......... .......... 72% 6.12M 0s
  5200K .......... .......... .......... .......... .......... 73%  182M 0s
  5250K .......... .......... .......... .......... .......... 73% 5.88M 0s
  5300K .......... .......... .......... .......... .......... 74%  184M 0s
  5350K .......... .......... .......... .......... .......... 75% 7.37M 0s
  5400K .......... .......... .......... .......... .......... 75%  130M 0s
  5450K .......... .......... .......... .......... .......... 76% 8.68M 0s
  5500K .......... .......... .......... .......... .......... 77% 6.27M 0s
  5550K .......... .......... .......... .......... .......... 77%  168M 0s
  5600K .......... .......... .......... .......... .......... 78% 6.32M 0s
  5650K .......... .......... .......... .......... .......... 79%  171M 0s
  5700K .......... .......... .......... .......... .......... 79% 8.33M 0s
  5750K .......... .......... .......... .......... .......... 80%  196M 0s
  5800K .......... .......... .......... .......... .......... 81% 6.22M 0s
  5850K .......... .......... .......... .......... .......... 82%  172M 0s
  5900K .......... .......... .......... .......... .......... 82% 6.09M 0s
  5950K .......... .......... .......... .......... .......... 83% 6.24M 0s
  6000K .......... .......... .......... .......... .......... 84%  126M 0s
  6050K .......... .......... .......... .......... .......... 84% 6.39M 0s
  6100K .......... .......... .......... .......... .......... 85%  135M 0s
  6150K .......... .......... .......... .......... .......... 86% 6.27M 0s
  6200K .......... .......... .......... .......... .......... 86%  194M 0s
  6250K .......... .......... .......... .......... .......... 87% 6.33M 0s
  6300K .......... .......... .......... .......... .......... 88%  191M 0s
  6350K .......... .......... .......... .......... .......... 89% 6.37M 0s
  6400K .......... .......... .......... .......... .......... 89%  182M 0s
  6450K .......... .......... .......... .......... .......... 90% 5.75M 0s
  6500K .......... .......... .......... .......... .......... 91% 6.79M 0s
  6550K .......... .......... .......... .......... .......... 91%  149M 0s
  6600K .......... .......... .......... .......... .......... 92% 6.30M 0s
  6650K .......... .......... .......... .......... .......... 93%  180M 0s
  6700K .......... .......... .......... .......... .......... 93% 5.22M 0s
  6750K .......... .......... .......... .......... .......... 94%  199M 0s
  6800K .......... .......... .......... .......... .......... 95% 6.61M 0s
  6850K .......... .......... .......... .......... .......... 95%  167M 0s
  6900K .......... .......... .......... .......... .......... 96% 7.88M 0s
  6950K .......... .......... .......... .......... .......... 97% 3.77M 0s
  7000K .......... .......... .......... .......... .......... 98%  192M 0s
  7050K .......... .......... .......... .......... .......... 98% 7.23M 0s
  7100K .......... .......... .......... .......... .......... 99%  137M 0s
  7150K .......... .......... .......... ..........           100% 5.31M=0.6s

2017-01-05 12:17:39 (12.0 MB/s) - `360clockweather.apk' saved [7363035/7363035]

