--2017-02-15 22:27:34--  http://lhelp.info/laoh
Resolving lhelp.info... 43.230.113.99
Connecting to lhelp.info|43.230.113.99|:80... connected.
HTTP request sent, awaiting response... 301 Moved Permanently
Location: http://lhelp.info/laoh/ [following]
--2017-02-15 22:27:35--  http://lhelp.info/laoh/
Reusing existing connection to lhelp.info:80.
HTTP request sent, awaiting response... 200 OK
Length: 340 [text/html]
Saving to: `index.html'

     0K                                                       100% 21.6M=0s

2017-02-15 22:27:35 (21.6 MB/s) - `index.html' saved [340/340]

=======================The second times wget =====================
--2017-02-15 22:27:36--  http://lhelp.info/laoh/%C2%BC%CF%F1.apk
Resolving lhelp.info... 43.230.113.99
Connecting to lhelp.info|43.230.113.99|:80... connected.
HTTP request sent, awaiting response... 200 OK
Length: 201064 (196K) [application/vnd.android.package-archive]
Saving to: `Â¼Ïñ.apk'

     0K .......... .......... .......... .......... .......... 25% 66.8K 2s
    50K .......... .......... .......... .......... .......... 50%  227K 1s
   100K .......... .......... .......... .......... .......... 76%  227K 0s
   150K .......... .......... .......... .......... ......    100%  263K=1.4s

2017-02-15 22:27:38 (144 KB/s) - `Â¼Ïñ.apk' saved [201064/201064]

