--2016-12-28 10:57:20--  http://wap.xcsc.com/
Resolving wap.xcsc.com... 121.43.74.253
Connecting to wap.xcsc.com|121.43.74.253|:80... connected.
HTTP request sent, awaiting response... 200 OK
Length: unspecified [text/html]
Saving to: `index.html'

     0K .......                                                 328K=0.02s

2016-12-28 10:57:21 (328 KB/s) - `index.html' saved [7366]

=======================The second times wget =====================
--2016-12-28 10:57:21--  http://wap.xcsc.com/file/Ggwmxc.apk
Resolving wap.xcsc.com... 121.43.74.253
Connecting to wap.xcsc.com|121.43.74.253|:80... connected.
HTTP request sent, awaiting response... 200 OK
Length: 2557895 (2.4M) [application/octet-stream]
Saving to: `Ggwmxc.apk'

     0K .......... .......... .......... .......... ..........  2%  698K 4s
    50K .......... .......... .......... .......... ..........  4%  290K 6s
   100K .......... .......... .......... .......... ..........  6% 2.05M 4s
   150K .......... .......... .......... .......... ..........  8% 1.72M 3s
   200K .......... .......... .......... .......... .......... 10% 1.97M 3s
   250K .......... .......... .......... .......... .......... 12%  916K 3s
   300K .......... .......... .......... .......... .......... 14% 1.71M 2s
   350K .......... .......... .......... .......... .......... 16% 1.76M 2s
   400K .......... .......... .......... .......... .......... 18%  117M 2s
   450K .......... .......... .......... .......... .......... 20% 1.66M 2s
   500K .......... .......... .......... .......... .......... 22% 1.88M 2s
   550K .......... .......... .......... .......... .......... 24% 2.02M 2s
   600K .......... .......... .......... .......... .......... 26%  149M 1s
   650K .......... .......... .......... .......... .......... 28% 1.77M 1s
   700K .......... .......... .......... .......... .......... 30% 2.05M 1s
   750K .......... .......... .......... .......... .......... 32%  184M 1s
   800K .......... .......... .......... .......... .......... 34% 1.94M 1s
   850K .......... .......... .......... .......... .......... 36%  166M 1s
   900K .......... .......... .......... .......... .......... 38% 1.81M 1s
   950K .......... .......... .......... .......... .......... 40% 1.80M 1s
  1000K .......... .......... .......... .......... .......... 42%  168M 1s
  1050K .......... .......... .......... .......... .......... 44% 1.76M 1s
  1100K .......... .......... .......... .......... .......... 46%  145M 1s
  1150K .......... .......... .......... .......... .......... 48% 2.02M 1s
  1200K .......... .......... .......... .......... .......... 50%  145M 1s
  1250K .......... .......... .......... .......... .......... 52%  174M 1s
  1300K .......... .......... .......... .......... .......... 54% 2.03M 1s
  1350K .......... .......... .......... .......... .......... 56%  162M 1s
  1400K .......... .......... .......... .......... .......... 58% 2.06M 1s
  1450K .......... .......... .......... .......... .......... 60%  163M 0s
  1500K .......... .......... .......... .......... .......... 62% 1.82M 0s
  1550K .......... .......... .......... .......... .......... 64%  141M 0s
  1600K .......... .......... .......... .......... .......... 66% 2.05M 0s
  1650K .......... .......... .......... .......... .......... 68%  186M 0s
  1700K .......... .......... .......... .......... .......... 70%  203M 0s
  1750K .......... .......... .......... .......... .......... 72% 2.05M 0s
  1800K .......... .......... .......... .......... .......... 74%  203M 0s
  1850K .......... .......... .......... .......... .......... 76% 1.75M 0s
  1900K .......... .......... .......... .......... .......... 78%  157M 0s
  1950K .......... .......... .......... .......... .......... 80%  148M 0s
  2000K .......... .......... .......... .......... .......... 82% 1.77M 0s
  2050K .......... .......... .......... .......... .......... 84%  171M 0s
  2100K .......... .......... .......... .......... .......... 86%  165M 0s
  2150K .......... .......... .......... .......... .......... 88% 1.84M 0s
  2200K .......... .......... .......... .......... .......... 90%  140M 0s
  2250K .......... .......... .......... .......... .......... 92% 85.1M 0s
  2300K .......... .......... .......... .......... .......... 94% 1.98M 0s
  2350K .......... .......... .......... .......... .......... 96%  207M 0s
  2400K .......... .......... .......... .......... .......... 98%  208M 0s
  2450K .......... .......... .......... .......... .......   100% 1.98M=1.0s

2016-12-28 10:57:22 (2.56 MB/s) - `Ggwmxc.apk' saved [2557895/2557895]

