--2017-01-30 16:19:02--  http://wap.zklia.com/ie
Resolving wap.zklia.com... 103.80.124.72
Connecting to wap.zklia.com|103.80.124.72|:80... connected.
HTTP request sent, awaiting response... 301 Moved Permanently
Location: http://wap.zklia.com/ie/ [following]
--2017-01-30 16:19:04--  http://wap.zklia.com/ie/
Reusing existing connection to wap.zklia.com:80.
HTTP request sent, awaiting response... 302 Object moved
Location: %E8%A7%86%E9%A2%91.apk [following]
--2017-01-30 16:19:04--  http://wap.zklia.com/ie/%E8%A7%86%E9%A2%91.apk
Reusing existing connection to wap.zklia.com:80.
HTTP request sent, awaiting response... 200 OK
Length: 209309 (204K) [apk]
Saving to: `è§%86é¢%91.apk'

     0K .......... .......... .......... .......... .......... 24%  102K 2s
    50K .......... .......... .......... .......... .......... 48%  202K 1s
   100K .......... .......... .......... .......... .......... 73% 80.1K 0s
   150K .......... .......... .......... .......... .......... 97% 91.2K 0s
   200K ....                                                  100% 68.6K=2.0s

2017-01-30 16:19:06 (103 KB/s) - `è§%86é¢%91.apk' saved [209309/209309]

