--2017-01-14 10:53:17--  http://163.com/
Resolving 163.com... 123.58.180.8, 123.58.180.7
Connecting to 163.com|123.58.180.8|:80... connected.
HTTP request sent, awaiting response... 301 Moved Permanently
Location: http://www.163.com/ [following]
--2017-01-14 10:53:17--  http://www.163.com/
Resolving www.163.com... 218.76.105.168, 222.243.141.217, 220.169.243.176
Connecting to www.163.com|218.76.105.168|:80... connected.
HTTP request sent, awaiting response... 200 OK
Length: unspecified [text/html]
Saving to: `index.html'

     0K .......... .......... .......... .......... .......... 1.10M
    50K .......... .......... .......... .......... .......... 1.40M
   100K .......... .......... .......... .......... .......... 2.79M
   150K .......... .......... .......... .......... .......... 1.62M
   200K .......... .......... .......... .......... .......... 4.12M
   250K .......... .......... .......... .......... .......... 2.48M
   300K .......... .......... .......... .......... .......... 2.13M
   350K .......... .......... .......... .......... .......... 2.58M
   400K .......... .......... .......... .......... .......... 2.12M
   450K .......... .......... .......... .......... .......... 3.29M
   500K .......... .......... .......... .......... .......... 2.69M
   550K .......... .......... ..........                       2.12M=0.3s

2017-01-14 10:53:18 (2.09 MB/s) - `index.html' saved [593927]

=======================The second times wget =====================
--2017-01-14 10:53:19--  https://download.ws.126.net/3g/client/netease_newsreader_android.apk
Resolving download.ws.126.net... 222.243.110.23
Connecting to download.ws.126.net|222.243.110.23|:443... connected.
WARNING: certificate common name `*.ourdvsss.com' doesn't match requested host name `download.ws.126.net'.
HTTP request sent, awaiting response... 200 OK
Length: 22065512 (21M) [application/vnd.android.package-archive]
Saving to: `netease_newsreader_android.apk'

     0K .......... .......... .......... .......... ..........  0% 4.28M 5s
    50K .......... .......... .......... .......... ..........  0% 4.59M 5s
   100K .......... .......... .......... .......... ..........  0% 5.66M 4s
   150K .......... .......... .......... .......... ..........  0% 4.49M 4s
   200K .......... .......... .......... .......... ..........  1% 2.94M 5s
   250K .......... .......... .......... .......... ..........  1% 2.82M 5s
   300K .......... .......... .......... .......... ..........  1% 2.90M 6s
   350K .......... .......... .......... .......... ..........  1% 4.60M 5s
   400K .......... .......... .......... .......... ..........  2% 2.44M 6s
   450K .......... .......... .......... .......... ..........  2% 1.93M 6s
   500K .......... .......... .......... .......... ..........  2% 2.46M 6s
   550K .......... .......... .......... .......... ..........  2% 4.00M 6s
   600K .......... .......... .......... .......... ..........  3% 5.22M 6s
   650K .......... .......... .......... .......... ..........  3% 3.46M 6s
   700K .......... .......... .......... .......... ..........  3% 1.88M 6s
   750K .......... .......... .......... .......... ..........  3% 2.81M 6s
   800K .......... .......... .......... .......... ..........  3% 1.69M 7s
   850K .......... .......... .......... .......... ..........  4% 2.00M 7s
   900K .......... .......... .......... .......... ..........  4% 1.67M 7s
   950K .......... .......... .......... .......... ..........  4% 1.82M 7s
  1000K .......... .......... .......... .......... ..........  4% 1.95M 7s
  1050K .......... .......... .......... .......... ..........  5% 2.10M 8s
  1100K .......... .......... .......... .......... ..........  5% 3.98M 7s
  1150K .......... .......... .......... .......... ..........  5% 2.24M 7s
  1200K .......... .......... .......... .......... ..........  5% 2.98M 7s
  1250K .......... .......... .......... .......... ..........  6% 2.14M 7s
  1300K .......... .......... .......... .......... ..........  6% 1.85M 8s
  1350K .......... .......... .......... .......... ..........  6% 3.19M 7s
  1400K .......... .......... .......... .......... ..........  6% 3.76M 7s
  1450K .......... .......... .......... .......... ..........  6% 4.11M 7s
  1500K .......... .......... .......... .......... ..........  7% 6.33M 7s
  1550K .......... .......... .......... .......... ..........  7% 6.03M 7s
  1600K .......... .......... .......... .......... ..........  7% 1.72M 7s
  1650K .......... .......... .......... .......... ..........  7% 2.51M 7s
  1700K .......... .......... .......... .......... ..........  8% 2.75M 7s
  1750K .......... .......... .......... .......... ..........  8% 10.3M 7s
  1800K .......... .......... .......... .......... ..........  8% 4.47M 7s
  1850K .......... .......... .......... .......... ..........  8% 4.78M 7s
  1900K .......... .......... .......... .......... ..........  9% 3.61M 7s
  1950K .......... .......... .......... .......... ..........  9% 6.26M 7s
  2000K .......... .......... .......... .......... ..........  9% 3.05M 7s
  2050K .......... .......... .......... .......... ..........  9% 6.94M 6s
  2100K .......... .......... .......... .......... ..........  9% 11.6M 6s
  2150K .......... .......... .......... .......... .......... 10% 9.63M 6s
  2200K .......... .......... .......... .......... .......... 10% 12.3M 6s
  2250K .......... .......... .......... .......... .......... 10% 4.33M 6s
  2300K .......... .......... .......... .......... .......... 10% 3.83M 6s
  2350K .......... .......... .......... .......... .......... 11% 3.37M 6s
  2400K .......... .......... .......... .......... .......... 11% 3.60M 6s
  2450K .......... .......... .......... .......... .......... 11% 5.39M 6s
  2500K .......... .......... .......... .......... .......... 11% 4.61M 6s
  2550K .......... .......... .......... .......... .......... 12% 2.59M 6s
  2600K .......... .......... .......... .......... .......... 12% 5.81M 6s
  2650K .......... .......... .......... .......... .......... 12% 6.64M 6s
  2700K .......... .......... .......... .......... .......... 12% 5.36M 6s
  2750K .......... .......... .......... .......... .......... 12% 4.73M 6s
  2800K .......... .......... .......... .......... .......... 13% 5.30M 6s
  2850K .......... .......... .......... .......... .......... 13% 3.37M 6s
  2900K .......... .......... .......... .......... .......... 13% 4.50M 5s
  2950K .......... .......... .......... .......... .......... 13% 2.28M 6s
  3000K .......... .......... .......... .......... .......... 14% 1.99M 6s
  3050K .......... .......... .......... .......... .......... 14% 1.50M 6s
  3100K .......... .......... .......... .......... .......... 14% 2.54M 6s
  3150K .......... .......... .......... .......... .......... 14% 3.42M 6s
  3200K .......... .......... .......... .......... .......... 15% 2.45M 6s
  3250K .......... .......... .......... .......... .......... 15% 1.87M 6s
  3300K .......... .......... .......... .......... .......... 15% 3.30M 6s
  3350K .......... .......... .......... .......... .......... 15% 6.00M 6s
  3400K .......... .......... .......... .......... .......... 16% 4.79M 6s
  3450K .......... .......... .......... .......... .......... 16% 3.76M 6s
  3500K .......... .......... .......... .......... .......... 16% 4.18M 6s
  3550K .......... .......... .......... .......... .......... 16% 3.41M 5s
  3600K .......... .......... .......... .......... .......... 16% 3.08M 5s
  3650K .......... .......... .......... .......... .......... 17% 8.73M 5s
  3700K .......... .......... .......... .......... .......... 17% 4.57M 5s
  3750K .......... .......... .......... .......... .......... 17% 4.81M 5s
  3800K .......... .......... .......... .......... .......... 17% 5.01M 5s
  3850K .......... .......... .......... .......... .......... 18% 3.87M 5s
  3900K .......... .......... .......... .......... .......... 18% 3.82M 5s
  3950K .......... .......... .......... .......... .......... 18% 5.44M 5s
  4000K .......... .......... .......... .......... .......... 18% 3.43M 5s
  4050K .......... .......... .......... .......... .......... 19% 3.37M 5s
  4100K .......... .......... .......... .......... .......... 19% 3.28M 5s
  4150K .......... .......... .......... .......... .......... 19% 4.31M 5s
  4200K .......... .......... .......... .......... .......... 19% 6.12M 5s
  4250K .......... .......... .......... .......... .......... 19% 4.27M 5s
  4300K .......... .......... .......... .......... .......... 20% 4.81M 5s
  4350K .......... .......... .......... .......... .......... 20% 7.61M 5s
  4400K .......... .......... .......... .......... .......... 20% 4.92M 5s
  4450K .......... .......... .......... .......... .......... 20% 3.15M 5s
  4500K .......... .......... .......... .......... .......... 21% 3.95M 5s
  4550K .......... .......... .......... .......... .......... 21% 6.83M 5s
  4600K .......... .......... .......... .......... .......... 21% 2.52M 5s
  4650K .......... .......... .......... .......... .......... 21% 4.76M 5s
  4700K .......... .......... .......... .......... .......... 22% 3.69M 5s
  4750K .......... .......... .......... .......... .......... 22% 3.47M 5s
  4800K .......... .......... .......... .......... .......... 22% 3.75M 5s
  4850K .......... .......... .......... .......... .......... 22% 3.09M 5s
  4900K .......... .......... .......... .......... .......... 22% 2.13M 5s
  4950K .......... .......... .......... .......... .......... 23% 2.58M 5s
  5000K .......... .......... .......... .......... .......... 23% 2.20M 5s
  5050K .......... .......... .......... .......... .......... 23% 3.18M 5s
  5100K .......... .......... .......... .......... .......... 23% 1.72M 5s
  5150K .......... .......... .......... .......... .......... 24% 1.93M 5s
  5200K .......... .......... .......... .......... .......... 24% 1.18M 5s
  5250K .......... .......... .......... .......... .......... 24% 4.19M 5s
  5300K .......... .......... .......... .......... .......... 24% 3.90M 5s
  5350K .......... .......... .......... .......... .......... 25% 2.38M 5s
  5400K .......... .......... .......... .......... .......... 25% 2.00M 5s
  5450K .......... .......... .......... .......... .......... 25% 2.01M 5s
  5500K .......... .......... .......... .......... .......... 25% 1.71M 5s
  5550K .......... .......... .......... .......... .......... 25% 1.66M 5s
  5600K .......... .......... .......... .......... .......... 26% 2.70M 5s
  5650K .......... .......... .......... .......... .......... 26% 1.94M 5s
  5700K .......... .......... .......... .......... .......... 26% 2.12M 5s
  5750K .......... .......... .......... .......... .......... 26% 1.26M 5s
  5800K .......... .......... .......... .......... .......... 27% 2.05M 5s
  5850K .......... .......... .......... .......... .......... 27% 1.76M 5s
  5900K .......... .......... .......... .......... .......... 27% 3.63M 5s
  5950K .......... .......... .......... .......... .......... 27% 1.63M 5s
  6000K .......... .......... .......... .......... .......... 28% 1.28M 5s
  6050K .......... .......... .......... .......... .......... 28% 2.09M 5s
  6100K .......... .......... .......... .......... .......... 28% 1.20M 5s
  6150K .......... .......... .......... .......... .......... 28% 1.52M 5s
  6200K .......... .......... .......... .......... .......... 29% 3.13M 5s
  6250K .......... .......... .......... .......... .......... 29% 3.12M 5s
  6300K .......... .......... .......... .......... .......... 29% 2.31M 5s
  6350K .......... .......... .......... .......... .......... 29% 2.52M 5s
  6400K .......... .......... .......... .......... .......... 29% 5.66M 5s
  6450K .......... .......... .......... .......... .......... 30% 3.42M 5s
  6500K .......... .......... .......... .......... .......... 30% 3.48M 5s
  6550K .......... .......... .......... .......... .......... 30% 3.35M 5s
  6600K .......... .......... .......... .......... .......... 30% 3.47M 5s
  6650K .......... .......... .......... .......... .......... 31% 2.77M 5s
  6700K .......... .......... .......... .......... .......... 31% 3.01M 5s
  6750K .......... .......... .......... .......... .......... 31% 2.28M 5s
  6800K .......... .......... .......... .......... .......... 31% 2.48M 5s
  6850K .......... .......... .......... .......... .......... 32% 4.10M 5s
  6900K .......... .......... .......... .......... .......... 32% 3.60M 5s
  6950K .......... .......... .......... .......... .......... 32% 2.10M 5s
  7000K .......... .......... .......... .......... .......... 32% 3.22M 5s
  7050K .......... .......... .......... .......... .......... 32% 4.60M 5s
  7100K .......... .......... .......... .......... .......... 33% 3.23M 5s
  7150K .......... .......... .......... .......... .......... 33% 4.08M 5s
  7200K .......... .......... .......... .......... .......... 33% 5.97M 5s
  7250K .......... .......... .......... .......... .......... 33% 5.86M 5s
  7300K .......... .......... .......... .......... .......... 34% 3.46M 5s
  7350K .......... .......... .......... .......... .......... 34% 1.95M 5s
  7400K .......... .......... .......... .......... .......... 34% 1.68M 5s
  7450K .......... .......... .......... .......... .......... 34% 1.36M 5s
  7500K .......... .......... .......... .......... .......... 35%  856K 5s
  7550K .......... .......... .......... .......... .......... 35% 1.10M 5s
  7600K .......... .......... .......... .......... .......... 35% 1.48M 5s
  7650K .......... .......... .......... .......... .......... 35% 4.69M 5s
  7700K .......... .......... .......... .......... .......... 35% 2.55M 5s
  7750K .......... .......... .......... .......... .......... 36% 2.44M 5s
  7800K .......... .......... .......... .......... .......... 36% 2.50M 5s
  7850K .......... .......... .......... .......... .......... 36% 3.23M 5s
  7900K .......... .......... .......... .......... .......... 36% 3.54M 5s
  7950K .......... .......... .......... .......... .......... 37% 4.30M 5s
  8000K .......... .......... .......... .......... .......... 37% 3.49M 5s
  8050K .......... .......... .......... .......... .......... 37% 4.77M 5s
  8100K .......... .......... .......... .......... .......... 37% 5.60M 5s
  8150K .......... .......... .......... .......... .......... 38% 3.35M 5s
  8200K .......... .......... .......... .......... .......... 38% 4.67M 5s
  8250K .......... .......... .......... .......... .......... 38% 3.52M 5s
  8300K .......... .......... .......... .......... .......... 38% 2.37M 4s
  8350K .......... .......... .......... .......... .......... 38% 5.65M 4s
  8400K .......... .......... .......... .......... .......... 39% 4.36M 4s
  8450K .......... .......... .......... .......... .......... 39% 10.9M 4s
  8500K .......... .......... .......... .......... .......... 39% 6.51M 4s
  8550K .......... .......... .......... .......... .......... 39% 5.07M 4s
  8600K .......... .......... .......... .......... .......... 40% 7.98M 4s
  8650K .......... .......... .......... .......... .......... 40% 11.5M 4s
  8700K .......... .......... .......... .......... .......... 40% 9.40M 4s
  8750K .......... .......... .......... .......... .......... 40% 3.95M 4s
  8800K .......... .......... .......... .......... .......... 41% 19.7M 4s
  8850K .......... .......... .......... .......... .......... 41% 5.53M 4s
  8900K .......... .......... .......... .......... .......... 41% 5.91M 4s
  8950K .......... .......... .......... .......... .......... 41% 11.8M 4s
  9000K .......... .......... .......... .......... .......... 41% 4.65M 4s
  9050K .......... .......... .......... .......... .......... 42% 11.3M 4s
  9100K .......... .......... .......... .......... .......... 42% 9.15M 4s
  9150K .......... .......... .......... .......... .......... 42% 13.4M 4s
  9200K .......... .......... .......... .......... .......... 42% 19.1M 4s
  9250K .......... .......... .......... .......... .......... 43% 8.10M 4s
  9300K .......... .......... .......... .......... .......... 43% 21.6M 4s
  9350K .......... .......... .......... .......... .......... 43% 9.72M 4s
  9400K .......... .......... .......... .......... .......... 43% 10.0M 4s
  9450K .......... .......... .......... .......... .......... 44% 14.1M 4s
  9500K .......... .......... .......... .......... .......... 44% 15.3M 4s
  9550K .......... .......... .......... .......... .......... 44% 8.38M 4s
  9600K .......... .......... .......... .......... .......... 44% 5.25M 4s
  9650K .......... .......... .......... .......... .......... 45% 9.02M 4s
  9700K .......... .......... .......... .......... .......... 45% 12.9M 4s
  9750K .......... .......... .......... .......... .......... 45% 14.7M 4s
  9800K .......... .......... .......... .......... .......... 45% 8.48M 4s
  9850K .......... .......... .......... .......... .......... 45% 15.5M 4s
  9900K .......... .......... .......... .......... .......... 46% 9.69M 4s
  9950K .......... .......... .......... .......... .......... 46% 16.9M 3s
 10000K .......... .......... .......... .......... .......... 46% 16.6M 3s
 10050K .......... .......... .......... .......... .......... 46% 15.7M 3s
 10100K .......... .......... .......... .......... .......... 47% 4.66M 3s
 10150K .......... .......... .......... .......... .......... 47% 4.18M 3s
 10200K .......... .......... .......... .......... .......... 47% 6.23M 3s
 10250K .......... .......... .......... .......... .......... 47% 7.65M 3s
 10300K .......... .......... .......... .......... .......... 48% 23.3M 3s
 10350K .......... .......... .......... .......... .......... 48% 7.23M 3s
 10400K .......... .......... .......... .......... .......... 48% 11.2M 3s
 10450K .......... .......... .......... .......... .......... 48% 11.0M 3s
 10500K .......... .......... .......... .......... .......... 48% 13.5M 3s
 10550K .......... .......... .......... .......... .......... 49% 14.8M 3s
 10600K .......... .......... .......... .......... .......... 49% 11.6M 3s
 10650K .......... .......... .......... .......... .......... 49% 9.18M 3s
 10700K .......... .......... .......... .......... .......... 49% 9.19M 3s
 10750K .......... .......... .......... .......... .......... 50% 5.47M 3s
 10800K .......... .......... .......... .......... .......... 50% 11.6M 3s
 10850K .......... .......... .......... .......... .......... 50% 4.15M 3s
 10900K .......... .......... .......... .......... .......... 50% 16.9M 3s
 10950K .......... .......... .......... .......... .......... 51% 8.36M 3s
 11000K .......... .......... .......... .......... .......... 51% 7.25M 3s
 11050K .......... .......... .......... .......... .......... 51% 9.06M 3s
 11100K .......... .......... .......... .......... .......... 51% 7.04M 3s
 11150K .......... .......... .......... .......... .......... 51% 4.45M 3s
 11200K .......... .......... .......... .......... .......... 52% 6.10M 3s
 11250K .......... .......... .......... .......... .......... 52% 6.96M 3s
 11300K .......... .......... .......... .......... .......... 52% 4.48M 3s
 11350K .......... .......... .......... .......... .......... 52% 5.93M 3s
 11400K .......... .......... .......... .......... .......... 53% 13.5M 3s
 11450K .......... .......... .......... .......... .......... 53% 9.38M 3s
 11500K .......... .......... .......... .......... .......... 53% 13.8M 3s
 11550K .......... .......... .......... .......... .......... 53% 25.2M 3s
 11600K .......... .......... .......... .......... .......... 54% 15.9M 3s
 11650K .......... .......... .......... .......... .......... 54% 9.27M 3s
 11700K .......... .......... .......... .......... .......... 54% 5.81M 3s
 11750K .......... .......... .......... .......... .......... 54% 5.31M 3s
 11800K .......... .......... .......... .......... .......... 54% 4.86M 3s
 11850K .......... .......... .......... .......... .......... 55% 12.9M 3s
 11900K .......... .......... .......... .......... .......... 55% 9.38M 3s
 11950K .......... .......... .......... .......... .......... 55% 6.76M 3s
 12000K .......... .......... .......... .......... .......... 55% 7.05M 3s
 12050K .......... .......... .......... .......... .......... 56% 13.8M 3s
 12100K .......... .......... .......... .......... .......... 56% 12.3M 3s
 12150K .......... .......... .......... .......... .......... 56% 12.1M 3s
 12200K .......... .......... .......... .......... .......... 56% 12.0M 3s
 12250K .......... .......... .......... .......... .......... 57% 16.2M 2s
 12300K .......... .......... .......... .......... .......... 57% 8.45M 2s
 12350K .......... .......... .......... .......... .......... 57% 12.3M 2s
 12400K .......... .......... .......... .......... .......... 57% 4.96M 2s
 12450K .......... .......... .......... .......... .......... 58% 4.92M 2s
 12500K .......... .......... .......... .......... .......... 58% 4.70M 2s
 12550K .......... .......... .......... .......... .......... 58% 4.86M 2s
 12600K .......... .......... .......... .......... .......... 58% 7.10M 2s
 12650K .......... .......... .......... .......... .......... 58% 9.51M 2s
 12700K .......... .......... .......... .......... .......... 59% 12.2M 2s
 12750K .......... .......... .......... .......... .......... 59% 9.79M 2s
 12800K .......... .......... .......... .......... .......... 59% 20.9M 2s
 12850K .......... .......... .......... .......... .......... 59% 5.37M 2s
 12900K .......... .......... .......... .......... .......... 60% 7.83M 2s
 12950K .......... .......... .......... .......... .......... 60% 8.28M 2s
 13000K .......... .......... .......... .......... .......... 60% 7.29M 2s
 13050K .......... .......... .......... .......... .......... 60% 8.02M 2s
 13100K .......... .......... .......... .......... .......... 61% 2.94M 2s
 13150K .......... .......... .......... .......... .......... 61% 4.10M 2s
 13200K .......... .......... .......... .......... .......... 61% 6.96M 2s
 13250K .......... .......... .......... .......... .......... 61% 5.17M 2s
 13300K .......... .......... .......... .......... .......... 61% 10.9M 2s
 13350K .......... .......... .......... .......... .......... 62% 12.4M 2s
 13400K .......... .......... .......... .......... .......... 62% 9.08M 2s
 13450K .......... .......... .......... .......... .......... 62% 6.87M 2s
 13500K .......... .......... .......... .......... .......... 62% 5.64M 2s
 13550K .......... .......... .......... .......... .......... 63% 7.17M 2s
 13600K .......... .......... .......... .......... .......... 63% 7.15M 2s
 13650K .......... .......... .......... .......... .......... 63% 5.38M 2s
 13700K .......... .......... .......... .......... .......... 63% 7.97M 2s
 13750K .......... .......... .......... .......... .......... 64% 20.3M 2s
 13800K .......... .......... .......... .......... .......... 64% 10.4M 2s
 13850K .......... .......... .......... .......... .......... 64% 7.91M 2s
 13900K .......... .......... .......... .......... .......... 64% 5.01M 2s
 13950K .......... .......... .......... .......... .......... 64% 2.03M 2s
 14000K .......... .......... .......... .......... .......... 65% 4.70M 2s
 14050K .......... .......... .......... .......... .......... 65% 5.17M 2s
 14100K .......... .......... .......... .......... .......... 65% 5.93M 2s
 14150K .......... .......... .......... .......... .......... 65% 6.17M 2s
 14200K .......... .......... .......... .......... .......... 66% 3.89M 2s
 14250K .......... .......... .......... .......... .......... 66% 11.2M 2s
 14300K .......... .......... .......... .......... .......... 66% 9.70M 2s
 14350K .......... .......... .......... .......... .......... 66% 14.3M 2s
 14400K .......... .......... .......... .......... .......... 67% 9.41M 2s
 14450K .......... .......... .......... .......... .......... 67% 15.2M 2s
 14500K .......... .......... .......... .......... .......... 67% 8.91M 2s
 14550K .......... .......... .......... .......... .......... 67% 9.19M 2s
 14600K .......... .......... .......... .......... .......... 67% 7.72M 2s
 14650K .......... .......... .......... .......... .......... 68% 5.21M 2s
 14700K .......... .......... .......... .......... .......... 68% 19.8M 2s
 14750K .......... .......... .......... .......... .......... 68% 10.1M 2s
 14800K .......... .......... .......... .......... .......... 68% 5.67M 2s
 14850K .......... .......... .......... .......... .......... 69% 2.90M 2s
 14900K .......... .......... .......... .......... .......... 69% 2.71M 2s
 14950K .......... .......... .......... .......... .......... 69% 3.98M 2s
 15000K .......... .......... .......... .......... .......... 69% 4.91M 2s
 15050K .......... .......... .......... .......... .......... 70% 5.77M 2s
 15100K .......... .......... .......... .......... .......... 70% 6.07M 2s
 15150K .......... .......... .......... .......... .......... 70% 3.90M 2s
 15200K .......... .......... .......... .......... .......... 70% 3.52M 2s
 15250K .......... .......... .......... .......... .......... 71% 2.85M 2s
 15300K .......... .......... .......... .......... .......... 71% 2.96M 2s
 15350K .......... .......... .......... .......... .......... 71% 2.97M 2s
 15400K .......... .......... .......... .......... .......... 71% 5.26M 2s
 15450K .......... .......... .......... .......... .......... 71% 2.39M 2s
 15500K .......... .......... .......... .......... .......... 72% 2.06M 1s
 15550K .......... .......... .......... .......... .......... 72% 3.08M 1s
 15600K .......... .......... .......... .......... .......... 72% 2.92M 1s
 15650K .......... .......... .......... .......... .......... 72% 4.39M 1s
 15700K .......... .......... .......... .......... .......... 73% 7.15M 1s
 15750K .......... .......... .......... .......... .......... 73% 10.9M 1s
 15800K .......... .......... .......... .......... .......... 73% 8.16M 1s
 15850K .......... .......... .......... .......... .......... 73% 4.07M 1s
 15900K .......... .......... .......... .......... .......... 74% 6.13M 1s
 15950K .......... .......... .......... .......... .......... 74% 3.88M 1s
 16000K .......... .......... .......... .......... .......... 74% 4.01M 1s
 16050K .......... .......... .......... .......... .......... 74% 5.86M 1s
 16100K .......... .......... .......... .......... .......... 74% 5.02M 1s
 16150K .......... .......... .......... .......... .......... 75% 7.29M 1s
 16200K .......... .......... .......... .......... .......... 75% 5.62M 1s
 16250K .......... .......... .......... .......... .......... 75% 7.64M 1s
 16300K .......... .......... .......... .......... .......... 75% 5.99M 1s
 16350K .......... .......... .......... .......... .......... 76% 2.73M 1s
 16400K .......... .......... .......... .......... .......... 76% 12.8M 1s
 16450K .......... .......... .......... .......... .......... 76% 7.52M 1s
 16500K .......... .......... .......... .......... .......... 76% 11.6M 1s
 16550K .......... .......... .......... .......... .......... 77% 7.84M 1s
 16600K .......... .......... .......... .......... .......... 77% 6.82M 1s
 16650K .......... .......... .......... .......... .......... 77% 2.61M 1s
 16700K .......... .......... .......... .......... .......... 77% 6.43M 1s
 16750K .......... .......... .......... .......... .......... 77% 5.73M 1s
 16800K .......... .......... .......... .......... .......... 78% 9.79M 1s
 16850K .......... .......... .......... .......... .......... 78% 4.66M 1s
 16900K .......... .......... .......... .......... .......... 78% 26.0M 1s
 16950K .......... .......... .......... .......... .......... 78% 8.89M 1s
 17000K .......... .......... .......... .......... .......... 79% 5.16M 1s
 17050K .......... .......... .......... .......... .......... 79% 5.72M 1s
 17100K .......... .......... .......... .......... .......... 79% 7.64M 1s
 17150K .......... .......... .......... .......... .......... 79% 7.67M 1s
 17200K .......... .......... .......... .......... .......... 80% 8.40M 1s
 17250K .......... .......... .......... .......... .......... 80% 9.10M 1s
 17300K .......... .......... .......... .......... .......... 80% 8.96M 1s
 17350K .......... .......... .......... .......... .......... 80% 14.5M 1s
 17400K .......... .......... .......... .......... .......... 80% 11.5M 1s
 17450K .......... .......... .......... .......... .......... 81% 8.15M 1s
 17500K .......... .......... .......... .......... .......... 81% 4.68M 1s
 17550K .......... .......... .......... .......... .......... 81% 5.91M 1s
 17600K .......... .......... .......... .......... .......... 81% 6.47M 1s
 17650K .......... .......... .......... .......... .......... 82% 11.2M 1s
 17700K .......... .......... .......... .......... .......... 82% 9.02M 1s
 17750K .......... .......... .......... .......... .......... 82% 19.0M 1s
 17800K .......... .......... .......... .......... .......... 82% 10.0M 1s
 17850K .......... .......... .......... .......... .......... 83% 16.9M 1s
 17900K .......... .......... .......... .......... .......... 83% 6.35M 1s
 17950K .......... .......... .......... .......... .......... 83% 8.71M 1s
 18000K .......... .......... .......... .......... .......... 83% 7.48M 1s
 18050K .......... .......... .......... .......... .......... 83% 7.11M 1s
 18100K .......... .......... .......... .......... .......... 84% 4.43M 1s
 18150K .......... .......... .......... .......... .......... 84% 6.38M 1s
 18200K .......... .......... .......... .......... .......... 84% 13.5M 1s
 18250K .......... .......... .......... .......... .......... 84% 12.3M 1s
 18300K .......... .......... .......... .......... .......... 85% 8.33M 1s
 18350K .......... .......... .......... .......... .......... 85% 18.9M 1s
 18400K .......... .......... .......... .......... .......... 85% 9.51M 1s
 18450K .......... .......... .......... .......... .......... 85% 4.68M 1s
 18500K .......... .......... .......... .......... .......... 86% 4.90M 1s
 18550K .......... .......... .......... .......... .......... 86% 5.42M 1s
 18600K .......... .......... .......... .......... .......... 86% 10.6M 1s
 18650K .......... .......... .......... .......... .......... 86% 7.93M 1s
 18700K .......... .......... .......... .......... .......... 87% 15.2M 1s
 18750K .......... .......... .......... .......... .......... 87% 5.76M 1s
 18800K .......... .......... .......... .......... .......... 87% 7.53M 1s
 18850K .......... .......... .......... .......... .......... 87% 11.3M 1s
 18900K .......... .......... .......... .......... .......... 87% 10.7M 1s
 18950K .......... .......... .......... .......... .......... 88% 7.39M 1s
 19000K .......... .......... .......... .......... .......... 88% 18.4M 1s
 19050K .......... .......... .......... .......... .......... 88% 4.70M 1s
 19100K .......... .......... .......... .......... .......... 88% 4.17M 1s
 19150K .......... .......... .......... .......... .......... 89% 6.63M 1s
 19200K .......... .......... .......... .......... .......... 89% 5.56M 1s
 19250K .......... .......... .......... .......... .......... 89% 7.43M 1s
 19300K .......... .......... .......... .......... .......... 89% 2.96M 1s
 19350K .......... .......... .......... .......... .......... 90% 3.67M 0s
 19400K .......... .......... .......... .......... .......... 90% 9.36M 0s
 19450K .......... .......... .......... .......... .......... 90% 7.85M 0s
 19500K .......... .......... .......... .......... .......... 90% 5.65M 0s
 19550K .......... .......... .......... .......... .......... 90% 8.74M 0s
 19600K .......... .......... .......... .......... .......... 91% 6.94M 0s
 19650K .......... .......... .......... .......... .......... 91% 16.4M 0s
 19700K .......... .......... .......... .......... .......... 91% 11.5M 0s
 19750K .......... .......... .......... .......... .......... 91% 14.0M 0s
 19800K .......... .......... .......... .......... .......... 92% 12.9M 0s
 19850K .......... .......... .......... .......... .......... 92% 9.22M 0s
 19900K .......... .......... .......... .......... .......... 92% 9.35M 0s
 19950K .......... .......... .......... .......... .......... 92% 8.95M 0s
 20000K .......... .......... .......... .......... .......... 93% 9.09M 0s
 20050K .......... .......... .......... .......... .......... 93% 16.4M 0s
 20100K .......... .......... .......... .......... .......... 93% 10.6M 0s
 20150K .......... .......... .......... .......... .......... 93% 8.18M 0s
 20200K .......... .......... .......... .......... .......... 93% 16.8M 0s
 20250K .......... .......... .......... .......... .......... 94% 9.07M 0s
 20300K .......... .......... .......... .......... .......... 94% 10.3M 0s
 20350K .......... .......... .......... .......... .......... 94% 8.55M 0s
 20400K .......... .......... .......... .......... .......... 94% 8.02M 0s
 20450K .......... .......... .......... .......... .......... 95% 12.2M 0s
 20500K .......... .......... .......... .......... .......... 95% 8.93M 0s
 20550K .......... .......... .......... .......... .......... 95% 6.24M 0s
 20600K .......... .......... .......... .......... .......... 95% 5.92M 0s
 20650K .......... .......... .......... .......... .......... 96% 10.5M 0s
 20700K .......... .......... .......... .......... .......... 96% 13.8M 0s
 20750K .......... .......... .......... .......... .......... 96% 7.10M 0s
 20800K .......... .......... .......... .......... .......... 96% 4.98M 0s
 20850K .......... .......... .......... .......... .......... 96% 7.49M 0s
 20900K .......... .......... .......... .......... .......... 97% 6.24M 0s
 20950K .......... .......... .......... .......... .......... 97% 7.78M 0s
 21000K .......... .......... .......... .......... .......... 97% 4.13M 0s
 21050K .......... .......... .......... .......... .......... 97% 3.87M 0s
 21100K .......... .......... .......... .......... .......... 98% 6.90M 0s
 21150K .......... .......... .......... .......... .......... 98% 4.70M 0s
 21200K .......... .......... .......... .......... .......... 98% 3.21M 0s
 21250K .......... .......... .......... .......... .......... 98% 6.57M 0s
 21300K .......... .......... .......... .......... .......... 99% 8.40M 0s
 21350K .......... .......... .......... .......... .......... 99% 3.86M 0s
 21400K .......... .......... .......... .......... .......... 99% 4.23M 0s
 21450K .......... .......... .......... .......... .......... 99% 6.09M 0s
 21500K .......... .......... .......... .......... ........  100% 7.74M=4.7s

2017-01-14 10:53:24 (4.44 MB/s) - `netease_newsreader_android.apk' saved [22065512/22065512]

