--2016-12-08 18:33:47--  https://s.tantanapp.com/
Resolving s.tantanapp.com... 106.75.75.236, 106.75.75.234
Connecting to s.tantanapp.com|106.75.75.236|:443... connected.
HTTP request sent, awaiting response... 302 Moved Temporarily
Location: https://lp.tantanapp.com/al/ [following]
--2016-12-08 18:33:47--  https://lp.tantanapp.com/al/
Resolving lp.tantanapp.com... 106.75.75.234, 106.75.75.236
Connecting to lp.tantanapp.com|106.75.75.234|:443... connected.
HTTP request sent, awaiting response... 200 OK
Length: 1695 (1.7K) [text/html]
Saving to: `index.html'

     0K .                                                     100%  202M=0s

2016-12-08 18:33:47 (202 MB/s) - `index.html' saved [1695/1695]

=======================The second times wget =====================
--2016-12-08 18:33:47--  https://apk-ssl.tancdn.com/tantan-2.6.1.1_91_scp.apk
Resolving apk-ssl.tancdn.com... 222.243.111.36, 222.243.149.21, 124.232.157.39
Connecting to apk-ssl.tancdn.com|222.243.111.36|:443... connected.
WARNING: certificate common name `www.chinanetcenter.com' doesn't match requested host name `apk-ssl.tancdn.com'.
HTTP request sent, awaiting response... 200 OK
Length: 14593832 (14M) [application/octet-stream]
Saving to: `tantan-2.6.1.1_91_scp.apk'

     0K .......... .......... .......... .......... ..........  0% 2.93M 5s
    50K .......... .......... .......... .......... ..........  0%  675K 13s
   100K .......... .......... .......... .......... ..........  1%  858K 14s
   150K .......... .......... .......... .......... ..........  1%  828K 15s
   200K .......... .......... .......... .......... ..........  1%  969K 15s
   250K .......... .......... .......... .......... ..........  2%  831K 15s
   300K .......... .......... .......... .......... ..........  2% 1.78M 14s
   350K .......... .......... .......... .......... ..........  2%  919K 14s
   400K .......... .......... .......... .......... ..........  3% 1.42M 13s
   450K .......... .......... .......... .......... ..........  3%  894K 14s
   500K .......... .......... .......... .......... ..........  3% 1.73M 13s
   550K .......... .......... .......... .......... ..........  4% 1.35M 13s
   600K .......... .......... .......... .......... ..........  4% 1.57M 12s
   650K .......... .......... .......... .......... ..........  4% 1.51M 12s
   700K .......... .......... .......... .......... ..........  5% 1.44M 12s
   750K .......... .......... .......... .......... ..........  5% 1.45M 12s
   800K .......... .......... .......... .......... ..........  5% 1.48M 11s
   850K .......... .......... .......... .......... ..........  6% 1.14M 11s
   900K .......... .......... .......... .......... ..........  6% 2.02M 11s
   950K .......... .......... .......... .......... ..........  7% 1.72M 11s
  1000K .......... .......... .......... .......... ..........  7% 2.08M 11s
  1050K .......... .......... .......... .......... ..........  7% 1.61M 10s
  1100K .......... .......... .......... .......... ..........  8% 2.44M 10s
  1150K .......... .......... .......... .......... ..........  8% 1.40M 10s
  1200K .......... .......... .......... .......... ..........  8% 2.44M 10s
  1250K .......... .......... .......... .......... ..........  9% 1.98M 10s
  1300K .......... .......... .......... .......... ..........  9% 3.10M 9s
  1350K .......... .......... .......... .......... ..........  9% 1.78M 9s
  1400K .......... .......... .......... .......... .......... 10% 1.49M 9s
  1450K .......... .......... .......... .......... .......... 10% 3.00M 9s
  1500K .......... .......... .......... .......... .......... 10% 2.46M 9s
  1550K .......... .......... .......... .......... .......... 11% 2.04M 9s
  1600K .......... .......... .......... .......... .......... 11% 3.42M 9s
  1650K .......... .......... .......... .......... .......... 11% 2.23M 8s
  1700K .......... .......... .......... .......... .......... 12% 2.56M 8s
  1750K .......... .......... .......... .......... .......... 12% 1.96M 8s
  1800K .......... .......... .......... .......... .......... 12% 2.66M 8s
  1850K .......... .......... .......... .......... .......... 13% 2.27M 8s
  1900K .......... .......... .......... .......... .......... 13% 3.39M 8s
  1950K .......... .......... .......... .......... .......... 14% 2.43M 8s
  2000K .......... .......... .......... .......... .......... 14% 3.07M 8s
  2050K .......... .......... .......... .......... .......... 14% 2.82M 7s
  2100K .......... .......... .......... .......... .......... 15% 3.25M 7s
  2150K .......... .......... .......... .......... .......... 15% 2.81M 7s
  2200K .......... .......... .......... .......... .......... 15% 6.61M 7s
  2250K .......... .......... .......... .......... .......... 16% 2.05M 7s
  2300K .......... .......... .......... .......... .......... 16% 6.27M 7s
  2350K .......... .......... .......... .......... .......... 16% 3.08M 7s
  2400K .......... .......... .......... .......... .......... 17%  740K 7s
  2450K .......... .......... .......... .......... .......... 17% 2.84M 7s
  2500K .......... .......... .......... .......... .......... 17% 2.64M 7s
  2550K .......... .......... .......... .......... .......... 18% 2.42M 7s
  2600K .......... .......... .......... .......... .......... 18% 2.45M 7s
  2650K .......... .......... .......... .......... .......... 18% 3.94M 7s
  2700K .......... .......... .......... .......... .......... 19% 3.08M 6s
  2750K .......... .......... .......... .......... .......... 19% 2.87M 6s
  2800K .......... .......... .......... .......... .......... 19% 4.59M 6s
  2850K .......... .......... .......... .......... .......... 20% 3.87M 6s
  2900K .......... .......... .......... .......... .......... 20% 2.46M 6s
  2950K .......... .......... .......... .......... .......... 21% 3.35M 6s
  3000K .......... .......... .......... .......... .......... 21% 3.06M 6s
  3050K .......... .......... .......... .......... .......... 21% 3.31M 6s
  3100K .......... .......... .......... .......... .......... 22% 3.11M 6s
  3150K .......... .......... .......... .......... .......... 22% 3.01M 6s
  3200K .......... .......... .......... .......... .......... 22% 3.35M 6s
  3250K .......... .......... .......... .......... .......... 23% 2.24M 6s
  3300K .......... .......... .......... .......... .......... 23% 4.76M 6s
  3350K .......... .......... .......... .......... .......... 23% 2.83M 6s
  3400K .......... .......... .......... .......... .......... 24% 3.53M 6s
  3450K .......... .......... .......... .......... .......... 24% 3.11M 5s
  3500K .......... .......... .......... .......... .......... 24% 3.13M 5s
  3550K .......... .......... .......... .......... .......... 25% 2.93M 5s
  3600K .......... .......... .......... .......... .......... 25% 3.29M 5s
  3650K .......... .......... .......... .......... .......... 25% 3.50M 5s
  3700K .......... .......... .......... .......... .......... 26% 3.32M 5s
  3750K .......... .......... .......... .......... .......... 26% 2.80M 5s
  3800K .......... .......... .......... .......... .......... 27% 3.50M 5s
  3850K .......... .......... .......... .......... .......... 27% 3.55M 5s
  3900K .......... .......... .......... .......... .......... 27% 3.08M 5s
  3950K .......... .......... .......... .......... .......... 28% 2.97M 5s
  4000K .......... .......... .......... .......... .......... 28% 3.95M 5s
  4050K .......... .......... .......... .......... .......... 28% 2.82M 5s
  4100K .......... .......... .......... .......... .......... 29% 3.68M 5s
  4150K .......... .......... .......... .......... .......... 29% 3.47M 5s
  4200K .......... .......... .......... .......... .......... 29% 3.48M 5s
  4250K .......... .......... .......... .......... .......... 30% 3.39M 5s
  4300K .......... .......... .......... .......... .......... 30% 2.95M 5s
  4350K .......... .......... .......... .......... .......... 30% 3.83M 5s
  4400K .......... .......... .......... .......... .......... 31% 3.04M 5s
  4450K .......... .......... .......... .......... .......... 31% 2.29M 5s
  4500K .......... .......... .......... .......... .......... 31% 4.93M 4s
  4550K .......... .......... .......... .......... .......... 32% 4.68M 4s
  4600K .......... .......... .......... .......... .......... 32% 3.31M 4s
  4650K .......... .......... .......... .......... .......... 32% 2.21M 4s
  4700K .......... .......... .......... .......... .......... 33% 4.57M 4s
  4750K .......... .......... .......... .......... .......... 33% 4.04M 4s
  4800K .......... .......... .......... .......... .......... 34% 3.02M 4s
  4850K .......... .......... .......... .......... .......... 34% 3.94M 4s
  4900K .......... .......... .......... .......... .......... 34% 3.20M 4s
  4950K .......... .......... .......... .......... .......... 35% 3.87M 4s
  5000K .......... .......... .......... .......... .......... 35% 3.25M 4s
  5050K .......... .......... .......... .......... .......... 35% 2.33M 4s
  5100K .......... .......... .......... .......... .......... 36% 8.67M 4s
  5150K .......... .......... .......... .......... .......... 36% 3.85M 4s
  5200K .......... .......... .......... .......... .......... 36% 4.67M 4s
  5250K .......... .......... .......... .......... .......... 37% 2.86M 4s
  5300K .......... .......... .......... .......... .......... 37% 3.59M 4s
  5350K .......... .......... .......... .......... .......... 37% 4.50M 4s
  5400K .......... .......... .......... .......... .......... 38% 3.01M 4s
  5450K .......... .......... .......... .......... .......... 38% 3.50M 4s
  5500K .......... .......... .......... .......... .......... 38% 4.47M 4s
  5550K .......... .......... .......... .......... .......... 39% 3.13M 4s
  5600K .......... .......... .......... .......... .......... 39% 3.43M 4s
  5650K .......... .......... .......... .......... .......... 39% 4.82M 4s
  5700K .......... .......... .......... .......... .......... 40% 2.89M 4s
  5750K .......... .......... .......... .......... .......... 40% 4.10M 4s
  5800K .......... .......... .......... .......... .......... 41% 3.93M 4s
  5850K .......... .......... .......... .......... .......... 41% 2.45M 4s
  5900K .......... .......... .......... .......... .......... 41% 5.90M 3s
  5950K .......... .......... .......... .......... .......... 42% 3.76M 3s
  6000K .......... .......... .......... .......... .......... 42% 3.26M 3s
  6050K .......... .......... .......... .......... .......... 42% 3.61M 3s
  6100K .......... .......... .......... .......... .......... 43% 4.71M 3s
  6150K .......... .......... .......... .......... .......... 43% 4.20M 3s
  6200K .......... .......... .......... .......... .......... 43% 5.03M 3s
  6250K .......... .......... .......... .......... .......... 44% 3.16M 3s
  6300K .......... .......... .......... .......... .......... 44% 6.64M 3s
  6350K .......... .......... .......... .......... .......... 44% 3.76M 3s
  6400K .......... .......... .......... .......... .......... 45% 4.14M 3s
  6450K .......... .......... .......... .......... .......... 45% 6.10M 3s
  6500K .......... .......... .......... .......... .......... 45% 7.94M 3s
  6550K .......... .......... .......... .......... .......... 46% 6.16M 3s
  6600K .......... .......... .......... .......... .......... 46% 5.11M 3s
  6650K .......... .......... .......... .......... .......... 47% 7.96M 3s
  6700K .......... .......... .......... .......... .......... 47% 7.53M 3s
  6750K .......... .......... .......... .......... .......... 47% 5.06M 3s
  6800K .......... .......... .......... .......... .......... 48% 6.19M 3s
  6850K .......... .......... .......... .......... .......... 48% 8.97M 3s
  6900K .......... .......... .......... .......... .......... 48% 7.32M 3s
  6950K .......... .......... .......... .......... .......... 49% 11.5M 3s
  7000K .......... .......... .......... .......... .......... 49% 11.4M 3s
  7050K .......... .......... .......... .......... .......... 49% 12.1M 3s
  7100K .......... .......... .......... .......... .......... 50% 7.35M 3s
  7150K .......... .......... .......... .......... .......... 50% 19.0M 3s
  7200K .......... .......... .......... .......... .......... 50% 10.4M 3s
  7250K .......... .......... .......... .......... .......... 51% 8.31M 3s
  7300K .......... .......... .......... .......... .......... 51% 10.0M 3s
  7350K .......... .......... .......... .......... .......... 51% 11.2M 3s
  7400K .......... .......... .......... .......... .......... 52% 12.6M 2s
  7450K .......... .......... .......... .......... .......... 52% 14.1M 2s
  7500K .......... .......... .......... .......... .......... 52% 8.14M 2s
  7550K .......... .......... .......... .......... .......... 53% 9.01M 2s
  7600K .......... .......... .......... .......... .......... 53% 12.1M 2s
  7650K .......... .......... .......... .......... .......... 54% 14.0M 2s
  7700K .......... .......... .......... .......... .......... 54% 16.1M 2s
  7750K .......... .......... .......... .......... .......... 54% 20.3M 2s
  7800K .......... .......... .......... .......... .......... 55% 9.95M 2s
  7850K .......... .......... .......... .......... .......... 55% 11.5M 2s
  7900K .......... .......... .......... .......... .......... 55% 16.4M 2s
  7950K .......... .......... .......... .......... .......... 56% 20.2M 2s
  8000K .......... .......... .......... .......... .......... 56% 15.8M 2s
  8050K .......... .......... .......... .......... .......... 56% 8.01M 2s
  8100K .......... .......... .......... .......... .......... 57% 11.9M 2s
  8150K .......... .......... .......... .......... .......... 57% 11.6M 2s
  8200K .......... .......... .......... .......... .......... 57% 15.3M 2s
  8250K .......... .......... .......... .......... .......... 58% 21.9M 2s
  8300K .......... .......... .......... .......... .......... 58% 17.3M 2s
  8350K .......... .......... .......... .......... .......... 58% 16.6M 2s
  8400K .......... .......... .......... .......... .......... 59% 14.4M 2s
  8450K .......... .......... .......... .......... .......... 59% 21.5M 2s
  8500K .......... .......... .......... .......... .......... 59% 17.1M 2s
  8550K .......... .......... .......... .......... .......... 60% 30.9M 2s
  8600K .......... .......... .......... .......... .......... 60% 18.4M 2s
  8650K .......... .......... .......... .......... .......... 61% 11.4M 2s
  8700K .......... .......... .......... .......... .......... 61% 11.2M 2s
  8750K .......... .......... .......... .......... .......... 61% 13.4M 2s
  8800K .......... .......... .......... .......... .......... 62% 19.5M 2s
  8850K .......... .......... .......... .......... .......... 62% 19.4M 2s
  8900K .......... .......... .......... .......... .......... 62% 29.4M 2s
  8950K .......... .......... .......... .......... .......... 63% 21.3M 2s
  9000K .......... .......... .......... .......... .......... 63% 12.1M 2s
  9050K .......... .......... .......... .......... .......... 63% 12.7M 2s
  9100K .......... .......... .......... .......... .......... 64% 5.79M 2s
  9150K .......... .......... .......... .......... .......... 64% 10.9M 2s
  9200K .......... .......... .......... .......... .......... 64% 11.6M 2s
  9250K .......... .......... .......... .......... .......... 65% 12.4M 2s
  9300K .......... .......... .......... .......... .......... 65% 32.8M 1s
  9350K .......... .......... .......... .......... .......... 65% 15.5M 1s
  9400K .......... .......... .......... .......... .......... 66% 26.6M 1s
  9450K .......... .......... .......... .......... .......... 66% 17.5M 1s
  9500K .......... .......... .......... .......... .......... 67% 34.2M 1s
  9550K .......... .......... .......... .......... .......... 67% 27.2M 1s
  9600K .......... .......... .......... .......... .......... 67% 29.4M 1s
  9650K .......... .......... .......... .......... .......... 68% 24.8M 1s
  9700K .......... .......... .......... .......... .......... 68% 36.9M 1s
  9750K .......... .......... .......... .......... .......... 68% 31.8M 1s
  9800K .......... .......... .......... .......... .......... 69% 30.1M 1s
  9850K .......... .......... .......... .......... .......... 69% 31.2M 1s
  9900K .......... .......... .......... .......... .......... 69% 30.7M 1s
  9950K .......... .......... .......... .......... .......... 70% 27.2M 1s
 10000K .......... .......... .......... .......... .......... 70% 28.2M 1s
 10050K .......... .......... .......... .......... .......... 70% 33.8M 1s
 10100K .......... .......... .......... .......... .......... 71% 32.1M 1s
 10150K .......... .......... .......... .......... .......... 71% 16.8M 1s
 10200K .......... .......... .......... .......... .......... 71% 17.5M 1s
 10250K .......... .......... .......... .......... .......... 72% 17.8M 1s
 10300K .......... .......... .......... .......... .......... 72% 13.1M 1s
 10350K .......... .......... .......... .......... .......... 72% 12.7M 1s
 10400K .......... .......... .......... .......... .......... 73% 33.2M 1s
 10450K .......... .......... .......... .......... .......... 73% 33.4M 1s
 10500K .......... .......... .......... .......... .......... 74% 16.8M 1s
 10550K .......... .......... .......... .......... .......... 74% 31.1M 1s
 10600K .......... .......... .......... .......... .......... 74% 32.9M 1s
 10650K .......... .......... .......... .......... .......... 75% 30.3M 1s
 10700K .......... .......... .......... .......... .......... 75% 30.1M 1s
 10750K .......... .......... .......... .......... .......... 75% 11.5M 1s
 10800K .......... .......... .......... .......... .......... 76% 13.6M 1s
 10850K .......... .......... .......... .......... .......... 76% 27.9M 1s
 10900K .......... .......... .......... .......... .......... 76% 16.8M 1s
 10950K .......... .......... .......... .......... .......... 77% 31.3M 1s
 11000K .......... .......... .......... .......... .......... 77% 20.4M 1s
 11050K .......... .......... .......... .......... .......... 77% 25.1M 1s
 11100K .......... .......... .......... .......... .......... 78% 32.8M 1s
 11150K .......... .......... .......... .......... .......... 78% 31.1M 1s
 11200K .......... .......... .......... .......... .......... 78% 30.5M 1s
 11250K .......... .......... .......... .......... .......... 79% 20.0M 1s
 11300K .......... .......... .......... .......... .......... 79% 28.8M 1s
 11350K .......... .......... .......... .......... .......... 79% 27.9M 1s
 11400K .......... .......... .......... .......... .......... 80% 29.4M 1s
 11450K .......... .......... .......... .......... .......... 80% 29.1M 1s
 11500K .......... .......... .......... .......... .......... 81% 26.9M 1s
 11550K .......... .......... .......... .......... .......... 81% 35.0M 1s
 11600K .......... .......... .......... .......... .......... 81% 28.0M 1s
 11650K .......... .......... .......... .......... .......... 82% 26.9M 1s
 11700K .......... .......... .......... .......... .......... 82% 21.2M 1s
 11750K .......... .......... .......... .......... .......... 82% 11.7M 1s
 11800K .......... .......... .......... .......... .......... 83% 14.6M 1s
 11850K .......... .......... .......... .......... .......... 83% 27.7M 1s
 11900K .......... .......... .......... .......... .......... 83% 20.0M 1s
 11950K .......... .......... .......... .......... .......... 84% 24.0M 1s
 12000K .......... .......... .......... .......... .......... 84% 30.3M 1s
 12050K .......... .......... .......... .......... .......... 84% 23.8M 1s
 12100K .......... .......... .......... .......... .......... 85% 36.1M 1s
 12150K .......... .......... .......... .......... .......... 85% 26.8M 1s
 12200K .......... .......... .......... .......... .......... 85% 31.6M 0s
 12250K .......... .......... .......... .......... .......... 86% 23.3M 0s
 12300K .......... .......... .......... .......... .......... 86% 28.8M 0s
 12350K .......... .......... .......... .......... .......... 87% 29.6M 0s
 12400K .......... .......... .......... .......... .......... 87% 23.9M 0s
 12450K .......... .......... .......... .......... .......... 87% 32.0M 0s
 12500K .......... .......... .......... .......... .......... 88% 27.6M 0s
 12550K .......... .......... .......... .......... .......... 88% 35.9M 0s
 12600K .......... .......... .......... .......... .......... 88% 30.4M 0s
 12650K .......... .......... .......... .......... .......... 89% 29.8M 0s
 12700K .......... .......... .......... .......... .......... 89% 34.3M 0s
 12750K .......... .......... .......... .......... .......... 89% 32.8M 0s
 12800K .......... .......... .......... .......... .......... 90% 25.0M 0s
 12850K .......... .......... .......... .......... .......... 90% 17.0M 0s
 12900K .......... .......... .......... .......... .......... 90% 22.8M 0s
 12950K .......... .......... .......... .......... .......... 91% 28.7M 0s
 13000K .......... .......... .......... .......... .......... 91% 32.4M 0s
 13050K .......... .......... .......... .......... .......... 91% 29.0M 0s
 13100K .......... .......... .......... .......... .......... 92% 30.3M 0s
 13150K .......... .......... .......... .......... .......... 92% 27.8M 0s
 13200K .......... .......... .......... .......... .......... 92% 27.7M 0s
 13250K .......... .......... .......... .......... .......... 93% 25.7M 0s
 13300K .......... .......... .......... .......... .......... 93% 38.5M 0s
 13350K .......... .......... .......... .......... .......... 94% 32.2M 0s
 13400K .......... .......... .......... .......... .......... 94% 24.6M 0s
 13450K .......... .......... .......... .......... .......... 94% 17.9M 0s
 13500K .......... .......... .......... .......... .......... 95% 22.4M 0s
 13550K .......... .......... .......... .......... .......... 95% 26.1M 0s
 13600K .......... .......... .......... .......... .......... 95% 29.8M 0s
 13650K .......... .......... .......... .......... .......... 96% 28.1M 0s
 13700K .......... .......... .......... .......... .......... 96% 31.7M 0s
 13750K .......... .......... .......... .......... .......... 96% 28.4M 0s
 13800K .......... .......... .......... .......... .......... 97% 30.7M 0s
 13850K .......... .......... .......... .......... .......... 97% 28.9M 0s
 13900K .......... .......... .......... .......... .......... 97% 32.4M 0s
 13950K .......... .......... .......... .......... .......... 98% 29.3M 0s
 14000K .......... .......... .......... .......... .......... 98% 28.8M 0s
 14050K .......... .......... .......... .......... .......... 98% 30.3M 0s
 14100K .......... .......... .......... .......... .......... 99% 22.2M 0s
 14150K .......... .......... .......... .......... .......... 99% 31.7M 0s
 14200K .......... .......... .......... .......... .......... 99% 33.5M 0s
 14250K .                                                     100% 25.0M=3.0s

2016-12-08 18:33:51 (4.57 MB/s) - `tantan-2.6.1.1_91_scp.apk' saved [14593832/14593832]

