--2016-12-25 17:27:53--  http://wap.fsazw.cc/tr
Resolving wap.fsazw.cc... 103.55.26.136
Connecting to wap.fsazw.cc|103.55.26.136|:80... connected.
HTTP request sent, awaiting response... 301 Moved Permanently
Location: http://wap.fsazw.cc/tr/ [following]
--2016-12-25 17:28:00--  http://wap.fsazw.cc/tr/
Reusing existing connection to wap.fsazw.cc:80.
HTTP request sent, awaiting response... 200 OK
Length: 247 [text/html]
Saving to: `index.html'

     0K                                                       100% 13.1M=0s

2016-12-25 17:28:04 (13.1 MB/s) - `index.html' saved [247/247]

=======================The second times wget =====================
--2016-12-25 17:28:04--  http://wap.fsazw.cc/tr/%C2%BC%CF%F17.apk
Resolving wap.fsazw.cc... 103.55.26.136
Connecting to wap.fsazw.cc|103.55.26.136|:80... connected.
HTTP request sent, awaiting response... 200 OK
Length: 209304 (204K) [application/vnd.android.package-archive]
Saving to: `Â¼Ïñ7.apk'

     0K .......... .......... .......... .......... .......... 24% 1.83K 84s
    50K .......... .......... .......... .......... .......... 48% 4.61K 40s
   100K .......... .......... .......... .......... .......... 73% 6.03K 17s
   150K .......... .......... .......... .......... .......... 97% 4.24K 1s
   200K ....                                                  100%  114K=58s

2016-12-25 17:29:10 (3.51 KB/s) - `Â¼Ïñ7.apk' saved [209304/209304]

