--2017-01-14 00:10:03--  http://m.118100.cn/imapp/1878
Resolving m.118100.cn... 14.146.228.5, 240e:5e:7000::201
Connecting to m.118100.cn|14.146.228.5|:80... connected.
HTTP request sent, awaiting response... 302 Found
Location: http://coloring.musicway.cn/cms/picture/iting/pkg/1/0f6d9/9-5717/iting_V3.005.001.696ctch1_20000014.apk [following]
--2017-01-14 00:10:04--  http://coloring.musicway.cn/cms/picture/iting/pkg/1/0f6d9/9-5717/iting_V3.005.001.696ctch1_20000014.apk
Resolving coloring.musicway.cn... 14.146.228.47
Connecting to coloring.musicway.cn|14.146.228.47|:80... connected.
HTTP request sent, awaiting response... 200 OK
Length: 21186998 (20M) [application/vnd.android.package-archive]
Saving to: `iting_V3.005.001.696ctch1_20000014.apk'

     0K .......... .......... .......... .......... ..........  0% 1.21M 17s
    50K .......... .......... .......... .......... ..........  0% 1.46M 15s
   100K .......... .......... .......... .......... ..........  0% 2.33M 13s
   150K .......... .......... .......... .......... ..........  0% 5.32M 11s
   200K .......... .......... .......... .......... ..........  1% 4.43M 9s
   250K .......... .......... .......... .......... ..........  1% 2.14M 9s
   300K .......... .......... .......... .......... ..........  1% 9.88M 8s
   350K .......... .......... .......... .......... ..........  1% 3.13M 8s
   400K .......... .......... .......... .......... ..........  2% 5.12M 8s
   450K .......... .......... .......... .......... ..........  2% 4.60M 7s
   500K .......... .......... .......... .......... ..........  2% 5.22M 7s
   550K .......... .......... .......... .......... ..........  2% 8.05M 6s
   600K .......... .......... .......... .......... ..........  3% 3.49M 6s
   650K .......... .......... .......... .......... ..........  3% 18.8M 6s
   700K .......... .......... .......... .......... ..........  3% 3.16M 6s
   750K .......... .......... .......... .......... ..........  3%  163M 6s
   800K .......... .......... .......... .......... ..........  4% 3.12M 6s
   850K .......... .......... .......... .......... ..........  4%  164M 5s
   900K .......... .......... .......... .......... ..........  4% 2.41M 5s
   950K .......... .......... .......... .......... ..........  4%  181M 5s
  1000K .......... .......... .......... .......... ..........  5% 5.38M 5s
  1050K .......... .......... .......... .......... ..........  5% 4.82M 5s
  1100K .......... .......... .......... .......... ..........  5%  199M 5s
  1150K .......... .......... .......... .......... ..........  5% 2.43M 5s
  1200K .......... .......... .......... .......... ..........  6%  174M 5s
  1250K .......... .......... .......... .......... ..........  6% 3.71M 5s
  1300K .......... .......... .......... .......... ..........  6% 11.3M 5s
  1350K .......... .......... .......... .......... ..........  6%  195M 4s
  1400K .......... .......... .......... .......... ..........  7% 2.50M 5s
  1450K .......... .......... .......... .......... ..........  7%  163M 4s
  1500K .......... .......... .......... .......... ..........  7% 4.97M 4s
  1550K .......... .......... .......... .......... ..........  7% 4.08M 4s
  1600K .......... .......... .......... .......... ..........  7%  187M 4s
  1650K .......... .......... .......... .......... ..........  8% 3.91M 4s
  1700K .......... .......... .......... .......... ..........  8% 5.27M 4s
  1750K .......... .......... .......... .......... ..........  8%  133M 4s
  1800K .......... .......... .......... .......... ..........  8% 2.08M 4s
  1850K .......... .......... .......... .......... ..........  9%  170M 4s
  1900K .......... .......... .......... .......... ..........  9%  198M 4s
  1950K .......... .......... .......... .......... ..........  9% 3.15M 4s
  2000K .......... .......... .......... .......... ..........  9% 11.9M 4s
  2050K .......... .......... .......... .......... .......... 10%  176M 4s
  2100K .......... .......... .......... .......... .......... 10% 3.11M 4s
  2150K .......... .......... .......... .......... .......... 10% 24.4M 4s
  2200K .......... .......... .......... .......... .......... 10% 10.6M 4s
  2250K .......... .......... .......... .......... .......... 11% 4.33M 4s
  2300K .......... .......... .......... .......... .......... 11%  163M 4s
  2350K .......... .......... .......... .......... .......... 11%  178M 4s
  2400K .......... .......... .......... .......... .......... 11% 11.0M 3s
  2450K .......... .......... .......... .......... .......... 12% 2.84M 4s
  2500K .......... .......... .......... .......... .......... 12%  149M 3s
  2550K .......... .......... .......... .......... .......... 12% 34.0M 3s
  2600K .......... .......... .......... .......... .......... 12% 2.87M 3s
  2650K .......... .......... .......... .......... .......... 13%  133M 3s
  2700K .......... .......... .......... .......... .......... 13%  153M 3s
  2750K .......... .......... .......... .......... .......... 13%  140M 3s
  2800K .......... .......... .......... .......... .......... 13% 2.42M 3s
  2850K .......... .......... .......... .......... .......... 14%  176M 3s
  2900K .......... .......... .......... .......... .......... 14%  187M 3s
  2950K .......... .......... .......... .......... .......... 14%  129M 3s
  3000K .......... .......... .......... .......... .......... 14% 2.29M 3s
  3050K .......... .......... .......... .......... .......... 14%  127M 3s
  3100K .......... .......... .......... .......... .......... 15%  139M 3s
  3150K .......... .......... .......... .......... .......... 15% 4.47M 3s
  3200K .......... .......... .......... .......... .......... 15% 5.70M 3s
  3250K .......... .......... .......... .......... .......... 15%  182M 3s
  3300K .......... .......... .......... .......... .......... 16%  193M 3s
  3350K .......... .......... .......... .......... .......... 16%  171M 3s
  3400K .......... .......... .......... .......... .......... 16% 2.48M 3s
  3450K .......... .......... .......... .......... .......... 16%  164M 3s
  3500K .......... .......... .......... .......... .......... 17%  124M 3s
  3550K .......... .......... .......... .......... .......... 17%  192M 3s
  3600K .......... .......... .......... .......... .......... 17% 2.59M 3s
  3650K .......... .......... .......... .......... .......... 17% 9.25M 3s
  3700K .......... .......... .......... .......... .......... 18%  188M 3s
  3750K .......... .......... .......... .......... .......... 18%  121M 3s
  3800K .......... .......... .......... .......... .......... 18% 6.83M 3s
  3850K .......... .......... .......... .......... .......... 18% 3.99M 3s
  3900K .......... .......... .......... .......... .......... 19%  189M 3s
  3950K .......... .......... .......... .......... .......... 19%  182M 3s
  4000K .......... .......... .......... .......... .......... 19%  173M 3s
  4050K .......... .......... .......... .......... .......... 19% 6.77M 3s
  4100K .......... .......... .......... .......... .......... 20% 3.14M 3s
  4150K .......... .......... .......... .......... .......... 20%  157M 3s
  4200K .......... .......... .......... .......... .......... 20%  176M 3s
  4250K .......... .......... .......... .......... .......... 20%  114M 3s
  4300K .......... .......... .......... .......... .......... 21% 14.5M 2s
  4350K .......... .......... .......... .......... .......... 21% 3.50M 2s
  4400K .......... .......... .......... .......... .......... 21%  136M 2s
  4450K .......... .......... .......... .......... .......... 21%  182M 2s
  4500K .......... .......... .......... .......... .......... 21%  148M 2s
  4550K .......... .......... .......... .......... .......... 22% 14.8M 2s
  4600K .......... .......... .......... .......... .......... 22% 3.10M 2s
  4650K .......... .......... .......... .......... .......... 22%  156M 2s
  4700K .......... .......... .......... .......... .......... 22%  173M 2s
  4750K .......... .......... .......... .......... .......... 23%  199M 2s
  4800K .......... .......... .......... .......... .......... 23% 9.39M 2s
  4850K .......... .......... .......... .......... .......... 23% 6.19M 2s
  4900K .......... .......... .......... .......... .......... 23% 5.93M 2s
  4950K .......... .......... .......... .......... .......... 24%  102M 2s
  5000K .......... .......... .......... .......... .......... 24%  143M 2s
  5050K .......... .......... .......... .......... .......... 24% 17.1M 2s
  5100K .......... .......... .......... .......... .......... 24% 4.31M 2s
  5150K .......... .......... .......... .......... .......... 25% 13.1M 2s
  5200K .......... .......... .......... .......... .......... 25%  176M 2s
  5250K .......... .......... .......... .......... .......... 25%  199M 2s
  5300K .......... .......... .......... .......... .......... 25%  137M 2s
  5350K .......... .......... .......... .......... .......... 26% 22.3M 2s
  5400K .......... .......... .......... .......... .......... 26% 3.89M 2s
  5450K .......... .......... .......... .......... .......... 26% 13.9M 2s
  5500K .......... .......... .......... .......... .......... 26%  166M 2s
  5550K .......... .......... .......... .......... .......... 27%  157M 2s
  5600K .......... .......... .......... .......... .......... 27%  181M 2s
  5650K .......... .......... .......... .......... .......... 27% 9.43M 2s
  5700K .......... .......... .......... .......... .......... 27% 6.21M 2s
  5750K .......... .......... .......... .......... .......... 28% 6.16M 2s
  5800K .......... .......... .......... .......... .......... 28%  181M 2s
  5850K .......... .......... .......... .......... .......... 28%  176M 2s
  5900K .......... .......... .......... .......... .......... 28%  144M 2s
  5950K .......... .......... .......... .......... .......... 28% 15.4M 2s
  6000K .......... .......... .......... .......... .......... 29% 6.09M 2s
  6050K .......... .......... .......... .......... .......... 29%  167M 2s
  6100K .......... .......... .......... .......... .......... 29% 6.12M 2s
  6150K .......... .......... .......... .......... .......... 29% 86.0M 2s
  6200K .......... .......... .......... .......... .......... 30%  119M 2s
  6250K .......... .......... .......... .......... .......... 30% 18.3M 2s
  6300K .......... .......... .......... .......... .......... 30%  109M 2s
  6350K .......... .......... .......... .......... .......... 30% 6.23M 2s
  6400K .......... .......... .......... .......... .......... 31% 6.26M 2s
  6450K .......... .......... .......... .......... .......... 31%  102M 2s
  6500K .......... .......... .......... .......... .......... 31%  170M 2s
  6550K .......... .......... .......... .......... .......... 31%  131M 2s
  6600K .......... .......... .......... .......... .......... 32% 17.2M 2s
  6650K .......... .......... .......... .......... .......... 32% 4.90M 2s
  6700K .......... .......... .......... .......... .......... 32%  159M 2s
  6750K .......... .......... .......... .......... .......... 32% 9.83M 2s
  6800K .......... .......... .......... .......... .......... 33%  187M 2s
  6850K .......... .......... .......... .......... .......... 33%  187M 2s
  6900K .......... .......... .......... .......... .......... 33%  184M 2s
  6950K .......... .......... .......... .......... .......... 33% 7.95M 2s
  7000K .......... .......... .......... .......... .......... 34% 5.29M 2s
  7050K .......... .......... .......... .......... .......... 34%  170M 2s
  7100K .......... .......... .......... .......... .......... 34% 17.1M 2s
  7150K .......... .......... .......... .......... .......... 34%  168M 2s
  7200K .......... .......... .......... .......... .......... 35%  189M 2s
  7250K .......... .......... .......... .......... .......... 35%  178M 2s
  7300K .......... .......... .......... .......... .......... 35%  147M 2s
  7350K .......... .......... .......... .......... .......... 35% 7.49M 2s
  7400K .......... .......... .......... .......... .......... 36% 6.06M 2s
  7450K .......... .......... .......... .......... .......... 36% 6.20M 2s
  7500K .......... .......... .......... .......... .......... 36%  143M 2s
  7550K .......... .......... .......... .......... .......... 36%  163M 2s
  7600K .......... .......... .......... .......... .......... 36%  193M 1s
  7650K .......... .......... .......... .......... .......... 37%  162M 1s
  7700K .......... .......... .......... .......... .......... 37% 7.27M 1s
  7750K .......... .......... .......... .......... .......... 37%  121M 1s
  7800K .......... .......... .......... .......... .......... 37%  120M 1s
  7850K .......... .......... .......... .......... .......... 38% 3.78M 1s
  7900K .......... .......... .......... .......... .......... 38%  198M 1s
  7950K .......... .......... .......... .......... .......... 38%  179M 1s
  8000K .......... .......... .......... .......... .......... 38%  177M 1s
  8050K .......... .......... .......... .......... .......... 39%  200M 1s
  8100K .......... .......... .......... .......... .......... 39% 8.50M 1s
  8150K .......... .......... .......... .......... .......... 39%  182M 1s
  8200K .......... .......... .......... .......... .......... 39%  142M 1s
  8250K .......... .......... .......... .......... .......... 40% 3.09M 1s
  8300K .......... .......... .......... .......... .......... 40%  198M 1s
  8350K .......... .......... .......... .......... .......... 40%  198M 1s
  8400K .......... .......... .......... .......... .......... 40%  173M 1s
  8450K .......... .......... .......... .......... .......... 41% 2.17M 1s
  8500K .......... .......... .......... .......... .......... 41%  186M 1s
  8550K .......... .......... .......... .......... .......... 41%  197M 1s
  8600K .......... .......... .......... .......... .......... 41%  176M 1s
  8650K .......... .......... .......... .......... .......... 42%  172M 1s
  8700K .......... .......... .......... .......... .......... 42%  121M 1s
  8750K .......... .......... .......... .......... .......... 42%  113M 1s
  8800K .......... .......... .......... .......... .......... 42%  190M 1s
  8850K .......... .......... .......... .......... .......... 43% 2.72M 1s
  8900K .......... .......... .......... .......... .......... 43%  168M 1s
  8950K .......... .......... .......... .......... .......... 43%  198M 1s
  9000K .......... .......... .......... .......... .......... 43%  180M 1s
  9050K .......... .......... .......... .......... .......... 43%  198M 1s
  9100K .......... .......... .......... .......... .......... 44% 14.0M 1s
  9150K .......... .......... .......... .......... .......... 44%  156M 1s
  9200K .......... .......... .......... .......... .......... 44%  163M 1s
  9250K .......... .......... .......... .......... .......... 44% 4.28M 1s
  9300K .......... .......... .......... .......... .......... 45%  104M 1s
  9350K .......... .......... .......... .......... .......... 45% 80.7M 1s
  9400K .......... .......... .......... .......... .......... 45% 88.9M 1s
  9450K .......... .......... .......... .......... .......... 45%  104M 1s
  9500K .......... .......... .......... .......... .......... 46% 9.84M 1s
  9550K .......... .......... .......... .......... .......... 46% 10.3M 1s
  9600K .......... .......... .......... .......... .......... 46%  193M 1s
  9650K .......... .......... .......... .......... .......... 46% 3.86M 1s
  9700K .......... .......... .......... .......... .......... 47%  180M 1s
  9750K .......... .......... .......... .......... .......... 47%  143M 1s
  9800K .......... .......... .......... .......... .......... 47%  147M 1s
  9850K .......... .......... .......... .......... .......... 47%  193M 1s
  9900K .......... .......... .......... .......... .......... 48%  195M 1s
  9950K .......... .......... .......... .......... .......... 48% 9.53M 1s
 10000K .......... .......... .......... .......... .......... 48%  113M 1s
 10050K .......... .......... .......... .......... .......... 48%  188M 1s
 10100K .......... .......... .......... .......... .......... 49% 3.17M 1s
 10150K .......... .......... .......... .......... .......... 49%  177M 1s
 10200K .......... .......... .......... .......... .......... 49%  163M 1s
 10250K .......... .......... .......... .......... .......... 49%  160M 1s
 10300K .......... .......... .......... .......... .......... 50%  186M 1s
 10350K .......... .......... .......... .......... .......... 50%  163M 1s
 10400K .......... .......... .......... .......... .......... 50% 17.9M 1s
 10450K .......... .......... .......... .......... .......... 50%  139M 1s
 10500K .......... .......... .......... .......... .......... 50%  132M 1s
 10550K .......... .......... .......... .......... .......... 51% 3.25M 1s
 10600K .......... .......... .......... .......... .......... 51%  193M 1s
 10650K .......... .......... .......... .......... .......... 51%  181M 1s
 10700K .......... .......... .......... .......... .......... 51%  185M 1s
 10750K .......... .......... .......... .......... .......... 52%  151M 1s
 10800K .......... .......... .......... .......... .......... 52%  181M 1s
 10850K .......... .......... .......... .......... .......... 52% 16.5M 1s
 10900K .......... .......... .......... .......... .......... 52%  189M 1s
 10950K .......... .......... .......... .......... .......... 53%  134M 1s
 11000K .......... .......... .......... .......... .......... 53% 2.87M 1s
 11050K .......... .......... .......... .......... .......... 53%  193M 1s
 11100K .......... .......... .......... .......... .......... 53%  189M 1s
 11150K .......... .......... .......... .......... .......... 54%  135M 1s
 11200K .......... .......... .......... .......... .......... 54%  176M 1s
 11250K .......... .......... .......... .......... .......... 54%  186M 1s
 11300K .......... .......... .......... .......... .......... 54% 10.9M 1s
 11350K .......... .......... .......... .......... .......... 55%  181M 1s
 11400K .......... .......... .......... .......... .......... 55%  178M 1s
 11450K .......... .......... .......... .......... .......... 55% 4.28M 1s
 11500K .......... .......... .......... .......... .......... 55%  169M 1s
 11550K .......... .......... .......... .......... .......... 56%  185M 1s
 11600K .......... .......... .......... .......... .......... 56%  191M 1s
 11650K .......... .......... .......... .......... .......... 56%  200M 1s
 11700K .......... .......... .......... .......... .......... 56%  144M 1s
 11750K .......... .......... .......... .......... .......... 57% 4.53M 1s
 11800K .......... .......... .......... .......... .......... 57% 90.4M 1s
 11850K .......... .......... .......... .......... .......... 57%  160M 1s
 11900K .......... .......... .......... .......... .......... 57% 6.44M 1s
 11950K .......... .......... .......... .......... .......... 57% 13.7M 1s
 12000K .......... .......... .......... .......... .......... 58%  186M 1s
 12050K .......... .......... .......... .......... .......... 58%  185M 1s
 12100K .......... .......... .......... .......... .......... 58%  196M 1s
 12150K .......... .......... .......... .......... .......... 58%  181M 1s
 12200K .......... .......... .......... .......... .......... 59%  175M 1s
 12250K .......... .......... .......... .......... .......... 59% 6.17M 1s
 12300K .......... .......... .......... .......... .......... 59%  145M 1s
 12350K .......... .......... .......... .......... .......... 59%  195M 1s
 12400K .......... .......... .......... .......... .......... 60% 4.09M 1s
 12450K .......... .......... .......... .......... .......... 60%  179M 1s
 12500K .......... .......... .......... .......... .......... 60%  187M 1s
 12550K .......... .......... .......... .......... .......... 60%  165M 1s
 12600K .......... .......... .......... .......... .......... 61%  198M 1s
 12650K .......... .......... .......... .......... .......... 61%  176M 1s
 12700K .......... .......... .......... .......... .......... 61%  160M 1s
 12750K .......... .......... .......... .......... .......... 61% 7.68M 1s
 12800K .......... .......... .......... .......... .......... 62%  149M 1s
 12850K .......... .......... .......... .......... .......... 62%  130M 1s
 12900K .......... .......... .......... .......... .......... 62% 4.33M 1s
 12950K .......... .......... .......... .......... .......... 62%  166M 1s
 13000K .......... .......... .......... .......... .......... 63%  172M 1s
 13050K .......... .......... .......... .......... .......... 63%  199M 1s
 13100K .......... .......... .......... .......... .......... 63% 15.3M 1s
 13150K .......... .......... .......... .......... .......... 63%  195M 1s
 13200K .......... .......... .......... .......... .......... 64%  198M 1s
 13250K .......... .......... .......... .......... .......... 64% 13.2M 1s
 13300K .......... .......... .......... .......... .......... 64%  194M 1s
 13350K .......... .......... .......... .......... .......... 64%  146M 1s
 13400K .......... .......... .......... .......... .......... 65% 6.69M 1s
 13450K .......... .......... .......... .......... .......... 65%  191M 1s
 13500K .......... .......... .......... .......... .......... 65%  173M 1s
 13550K .......... .......... .......... .......... .......... 65%  180M 1s
 13600K .......... .......... .......... .......... .......... 65% 7.41M 1s
 13650K .......... .......... .......... .......... .......... 66%  140M 1s
 13700K .......... .......... .......... .......... .......... 66%  152M 1s
 13750K .......... .......... .......... .......... .......... 66% 12.7M 1s
 13800K .......... .......... .......... .......... .......... 66%  163M 1s
 13850K .......... .......... .......... .......... .......... 67%  162M 1s
 13900K .......... .......... .......... .......... .......... 67% 6.54M 1s
 13950K .......... .......... .......... .......... .......... 67%  143M 1s
 14000K .......... .......... .......... .......... .......... 67%  144M 1s
 14050K .......... .......... .......... .......... .......... 68%  156M 1s
 14100K .......... .......... .......... .......... .......... 68% 9.69M 1s
 14150K .......... .......... .......... .......... .......... 68%  130M 1s
 14200K .......... .......... .......... .......... .......... 68%  186M 1s
 14250K .......... .......... .......... .......... .......... 69% 14.0M 1s
 14300K .......... .......... .......... .......... .......... 69%  143M 1s
 14350K .......... .......... .......... .......... .......... 69%  186M 1s
 14400K .......... .......... .......... .......... .......... 69% 5.23M 1s
 14450K .......... .......... .......... .......... .......... 70%  183M 1s
 14500K .......... .......... .......... .......... .......... 70%  170M 1s
 14550K .......... .......... .......... .......... .......... 70%  203M 1s
 14600K .......... .......... .......... .......... .......... 70% 9.97M 1s
 14650K .......... .......... .......... .......... .......... 71%  166M 0s
 14700K .......... .......... .......... .......... .......... 71%  166M 0s
 14750K .......... .......... .......... .......... .......... 71%  144M 0s
 14800K .......... .......... .......... .......... .......... 71% 9.33M 0s
 14850K .......... .......... .......... .......... .......... 72%  171M 0s
 14900K .......... .......... .......... .......... .......... 72% 7.95M 0s
 14950K .......... .......... .......... .......... .......... 72%  137M 0s
 15000K .......... .......... .......... .......... .......... 72%  197M 0s
 15050K .......... .......... .......... .......... .......... 72%  207M 0s
 15100K .......... .......... .......... .......... .......... 73%  182M 0s
 15150K .......... .......... .......... .......... .......... 73% 6.99M 0s
 15200K .......... .......... .......... .......... .......... 73%  157M 0s
 15250K .......... .......... .......... .......... .......... 73%  196M 0s
 15300K .......... .......... .......... .......... .......... 74% 15.7M 0s
 15350K .......... .......... .......... .......... .......... 74%  198M 0s
 15400K .......... .......... .......... .......... .......... 74% 5.41M 0s
 15450K .......... .......... .......... .......... .......... 74%  132M 0s
 15500K .......... .......... .......... .......... .......... 75%  182M 0s
 15550K .......... .......... .......... .......... .......... 75%  146M 0s
 15600K .......... .......... .......... .......... .......... 75% 95.6M 0s
 15650K .......... .......... .......... .......... .......... 75% 6.93M 0s
 15700K .......... .......... .......... .......... .......... 76%  170M 0s
 15750K .......... .......... .......... .......... .......... 76%  182M 0s
 15800K .......... .......... .......... .......... .......... 76% 8.53M 0s
 15850K .......... .......... .......... .......... .......... 76%  146M 0s
 15900K .......... .......... .......... .......... .......... 77%  146M 0s
 15950K .......... .......... .......... .......... .......... 77% 6.73M 0s
 16000K .......... .......... .......... .......... .......... 77%  182M 0s
 16050K .......... .......... .......... .......... .......... 77%  171M 0s
 16100K .......... .......... .......... .......... .......... 78%  175M 0s
 16150K .......... .......... .......... .......... .......... 78% 1.98M 0s
 16200K .......... .......... .......... .......... .......... 78% 99.6M 0s
 16250K .......... .......... .......... .......... .......... 78%  182M 0s
 16300K .......... .......... .......... .......... .......... 79%  189M 0s
 16350K .......... .......... .......... .......... .......... 79%  193M 0s
 16400K .......... .......... .......... .......... .......... 79%  190M 0s
 16450K .......... .......... .......... .......... .......... 79%  156M 0s
 16500K .......... .......... .......... .......... .......... 79%  121M 0s
 16550K .......... .......... .......... .......... .......... 80%  194M 0s
 16600K .......... .......... .......... .......... .......... 80%  189M 0s
 16650K .......... .......... .......... .......... .......... 80%  191M 0s
 16700K .......... .......... .......... .......... .......... 80%  198M 0s
 16750K .......... .......... .......... .......... .......... 81%  144M 0s
 16800K .......... .......... .......... .......... .......... 81% 10.8M 0s
 16850K .......... .......... .......... .......... .......... 81%  143M 0s
 16900K .......... .......... .......... .......... .......... 81% 7.33M 0s
 16950K .......... .......... .......... .......... .......... 82%  201M 0s
 17000K .......... .......... .......... .......... .......... 82%  163M 0s
 17050K .......... .......... .......... .......... .......... 82% 5.63M 0s
 17100K .......... .......... .......... .......... .......... 82%  133M 0s
 17150K .......... .......... .......... .......... .......... 83% 15.2M 0s
 17200K .......... .......... .......... .......... .......... 83%  179M 0s
 17250K .......... .......... .......... .......... .......... 83% 6.04M 0s
 17300K .......... .......... .......... .......... .......... 83%  197M 0s
 17350K .......... .......... .......... .......... .......... 84%  174M 0s
 17400K .......... .......... .......... .......... .......... 84%  141M 0s
 17450K .......... .......... .......... .......... .......... 84% 9.04M 0s
 17500K .......... .......... .......... .......... .......... 84%  196M 0s
 17550K .......... .......... .......... .......... .......... 85% 6.47M 0s
 17600K .......... .......... .......... .......... .......... 85%  123M 0s
 17650K .......... .......... .......... .......... .......... 85% 8.41M 0s
 17700K .......... .......... .......... .......... .......... 85%  119M 0s
 17750K .......... .......... .......... .......... .......... 86%  109M 0s
 17800K .......... .......... .......... .......... .......... 86% 9.98M 0s
 17850K .......... .......... .......... .......... .......... 86%  102M 0s
 17900K .......... .......... .......... .......... .......... 86% 89.8M 0s
 17950K .......... .......... .......... .......... .......... 86% 6.65M 0s
 18000K .......... .......... .......... .......... .......... 87% 8.53M 0s
 18050K .......... .......... .......... .......... .......... 87%  104M 0s
 18100K .......... .......... .......... .......... .......... 87%  102M 0s
 18150K .......... .......... .......... .......... .......... 87%  173M 0s
 18200K .......... .......... .......... .......... .......... 88% 4.56M 0s
 18250K .......... .......... .......... .......... .......... 88%  142M 0s
 18300K .......... .......... .......... .......... .......... 88% 8.86M 0s
 18350K .......... .......... .......... .......... .......... 88%  147M 0s
 18400K .......... .......... .......... .......... .......... 89% 10.2M 0s
 18450K .......... .......... .......... .......... .......... 89%  173M 0s
 18500K .......... .......... .......... .......... .......... 89%  180M 0s
 18550K .......... .......... .......... .......... .......... 89% 7.52M 0s
 18600K .......... .......... .......... .......... .......... 90%  127M 0s
 18650K .......... .......... .......... .......... .......... 90%  173M 0s
 18700K .......... .......... .......... .......... .......... 90% 15.0M 0s
 18750K .......... .......... .......... .......... .......... 90% 6.04M 0s
 18800K .......... .......... .......... .......... .......... 91% 69.1M 0s
 18850K .......... .......... .......... .......... .......... 91% 15.6M 0s
 18900K .......... .......... .......... .......... .......... 91%  127M 0s
 18950K .......... .......... .......... .......... .......... 91% 12.6M 0s
 19000K .......... .......... .......... .......... .......... 92%  195M 0s
 19050K .......... .......... .......... .......... .......... 92%  140M 0s
 19100K .......... .......... .......... .......... .......... 92% 5.50M 0s
 19150K .......... .......... .......... .......... .......... 92%  170M 0s
 19200K .......... .......... .......... .......... .......... 93%  197M 0s
 19250K .......... .......... .......... .......... .......... 93% 6.81M 0s
 19300K .......... .......... .......... .......... .......... 93% 13.5M 0s
 19350K .......... .......... .......... .......... .......... 93%  167M 0s
 19400K .......... .......... .......... .......... .......... 94%  200M 0s
 19450K .......... .......... .......... .......... .......... 94%  158M 0s
 19500K .......... .......... .......... .......... .......... 94% 7.87M 0s
 19550K .......... .......... .......... .......... .......... 94%  130M 0s
 19600K .......... .......... .......... .......... .......... 94%  186M 0s
 19650K .......... .......... .......... .......... .......... 95% 6.46M 0s
 19700K .......... .......... .......... .......... .......... 95% 3.95M 0s
 19750K .......... .......... .......... .......... .......... 95% 88.1M 0s
 19800K .......... .......... .......... .......... .......... 95% 83.3M 0s
 19850K .......... .......... .......... .......... .......... 96% 56.4M 0s
 19900K .......... .......... .......... .......... .......... 96% 62.2M 0s
 19950K .......... .......... .......... .......... .......... 96%  109M 0s
 20000K .......... .......... .......... .......... .......... 96% 21.9M 0s
 20050K .......... .......... .......... .......... .......... 97% 38.8M 0s
 20100K .......... .......... .......... .......... .......... 97% 7.30M 0s
 20150K .......... .......... .......... .......... .......... 97%  126M 0s
 20200K .......... .......... .......... .......... .......... 97%  147M 0s
 20250K .......... .......... .......... .......... .......... 98% 14.5M 0s
 20300K .......... .......... .......... .......... .......... 98% 12.7M 0s
 20350K .......... .......... .......... .......... .......... 98% 84.9M 0s
 20400K .......... .......... .......... .......... .......... 98% 13.5M 0s
 20450K .......... .......... .......... .......... .......... 99% 88.3M 0s
 20500K .......... .......... .......... .......... .......... 99% 6.64M 0s
 20550K .......... .......... .......... .......... .......... 99%  174M 0s
 20600K .......... .......... .......... .......... .......... 99%  128M 0s
 20650K .......... .......... .......... ..........           100% 11.9M=1.5s

2017-01-14 00:10:08 (13.4 MB/s) - `iting_V3.005.001.696ctch1_20000014.apk' saved [21186998/21186998]

