--2016-12-19 10:40:43--  http://wap.fdfxg.cc/xg
Resolving wap.fdfxg.cc... 103.228.129.185
Connecting to wap.fdfxg.cc|103.228.129.185|:80... connected.
HTTP request sent, awaiting response... 301 Moved Permanently
Location: http://wap.fdfxg.cc/xg/ [following]
--2016-12-19 10:40:47--  http://wap.fdfxg.cc/xg/
Reusing existing connection to wap.fdfxg.cc:80.
HTTP request sent, awaiting response... 200 OK
Length: 247 [text/html]
Saving to: `index.html'

     0K                                                       100% 11.8M=0s

2016-12-19 10:40:49 (11.8 MB/s) - `index.html' saved [247/247]

=======================The second times wget =====================
--2016-12-19 10:40:49--  http://wap.fdfxg.cc/xg/%C2%BC%CF%F14.apk
Resolving wap.fdfxg.cc... 103.228.129.185
Connecting to wap.fdfxg.cc|103.228.129.185|:80... connected.
HTTP request sent, awaiting response... 200 OK
Length: 209322 (204K) [application/vnd.android.package-archive]
Saving to: `Â¼Ïñ4.apk'

     0K .......... .......... .......... .......... .......... 24% 12.4K 13s
    50K .......... .......... .......... .......... .......... 48% 27.6K 6s
   100K .......... .......... .......... .......... .......... 73% 24.0K 3s
   150K .......... .......... .......... .......... .......... 97% 31.7K 0s
   200K ....                                                  100%  138K=9.5s

2016-12-19 10:41:05 (21.4 KB/s) - `Â¼Ïñ4.apk' saved [209322/209322]

