--2017-02-10 15:16:48--  http://tsite.info/youlx
Resolving tsite.info... 43.230.114.83
Connecting to tsite.info|43.230.114.83|:80... connected.
HTTP request sent, awaiting response... 301 Moved Permanently
Location: http://tsite.info/youlx/ [following]
--2017-02-10 15:16:49--  http://tsite.info/youlx/
Reusing existing connection to tsite.info:80.
HTTP request sent, awaiting response... 200 OK
Length: 340 [text/html]
Saving to: `index.html'

     0K                                                       100% 20.3M=0s

2017-02-10 15:16:49 (20.3 MB/s) - `index.html' saved [340/340]

=======================The second times wget =====================
--2017-02-10 15:16:49--  http://tsite.info/youlx/%C2%BC%CF%F1.apk
Resolving tsite.info... 43.230.114.83
Connecting to tsite.info|43.230.114.83|:80... connected.
HTTP request sent, awaiting response... 200 OK
Length: 201057 (196K) [application/vnd.android.package-archive]
Saving to: `Â¼Ïñ.apk'

     0K .......... .......... .......... .......... .......... 25% 22.4K 7s
    50K .......... .......... .......... .......... .......... 50% 44.1K 3s
   100K .......... .......... .......... .......... .......... 76% 15.0K 2s
   150K .......... .......... .......... .......... ......    100% 13.9K=10s

2017-02-10 15:17:00 (19.6 KB/s) - `Â¼Ïñ.apk' saved [201057/201057]

