--2017-03-08 08:57:02--  http://t.cn/RZWjhWH
Resolving t.cn... 180.149.135.224
Connecting to t.cn|180.149.135.224|:80... connected.
HTTP request sent, awaiting response... 302 Found
Location: http://www.fztour.gov.cn/download.aspx [following]
--2017-03-08 08:57:02--  http://www.fztour.gov.cn/download.aspx
Resolving www.fztour.gov.cn... 120.40.102.232
Connecting to www.fztour.gov.cn|120.40.102.232|:80... connected.
HTTP request sent, awaiting response... 200 OK
Length: 5961 (5.8K) [text/html]
Saving to: `download.aspx'

     0K .....                                                 100%  189K=0.03s

2017-03-08 08:57:03 (189 KB/s) - `download.aspx' saved [5961/5961]

=======================The second times wget =====================
--2017-03-08 08:57:03--  http://dd.myapp.com/16891/46BF2757DEA05468A6B3A8DB9E8FDDA9.apk?fsname=com.e3s3.smarttourismfz_0.0.7_7.apk
Resolving dd.myapp.com... 183.57.48.18, 183.61.46.140
Connecting to dd.myapp.com|183.57.48.18|:80... connected.
HTTP request sent, awaiting response... 302 Found
Location: http://218.75.177.15/dd.myapp.com/16891/46BF2757DEA05468A6B3A8DB9E8FDDA9.apk?mkey=58bf702a23796b2f&f=6820&c=0&fsname=com.e3s3.smarttourismfz_0.0.7_7.apk&p=.apk [following]
--2017-03-08 08:57:04--  http://218.75.177.15/dd.myapp.com/16891/46BF2757DEA05468A6B3A8DB9E8FDDA9.apk?mkey=58bf702a23796b2f&f=6820&c=0&fsname=com.e3s3.smarttourismfz_0.0.7_7.apk&p=.apk
Connecting to 218.75.177.15:80... connected.
HTTP request sent, awaiting response... 200 OK
Length: 10415315 (9.9M) [application/vnd.android.package-archive]
Saving to: `46BF2757DEA05468A6B3A8DB9E8FDDA9.apk?mkey=58bf702a23796b2f&f=6820&c=0&fsname=com.e3s3.smarttourismfz_0.0.7_7.apk&p=.apk'

     0K .......... .......... .......... .......... ..........  0%  760K 13s
    50K .......... .......... .......... .......... ..........  0% 1.74M 9s
   100K .......... .......... .......... .......... ..........  1% 1.62M 8s
   150K .......... .......... .......... .......... ..........  1% 11.1M 6s
   200K .......... .......... .......... .......... ..........  2% 2.08M 6s
   250K .......... .......... .......... .......... ..........  2%  197M 5s
   300K .......... .......... .......... .......... ..........  3% 3.54M 5s
   350K .......... .......... .......... .......... ..........  3% 3.04M 4s
   400K .......... .......... .......... .......... ..........  4%  180M 4s
   450K .......... .......... .......... .......... ..........  4% 1.62M 4s
   500K .......... .......... .......... .......... ..........  5%  168M 4s
   550K .......... .......... .......... .......... ..........  5%  186M 3s
   600K .......... .......... .......... .......... ..........  6% 1.52M 4s
   650K .......... .......... .......... .......... ..........  6%  187M 3s
   700K .......... .......... .......... .......... ..........  7%  186M 3s
   750K .......... .......... .......... .......... ..........  7%  185M 3s
   800K .......... .......... .......... .......... ..........  8% 1.60M 3s
   850K .......... .......... .......... .......... ..........  8%  186M 3s
   900K .......... .......... .......... .......... ..........  9%  187M 3s
   950K .......... .......... .......... .......... ..........  9%  174M 3s
  1000K .......... .......... .......... .......... .......... 10% 1.78M 3s
  1050K .......... .......... .......... .......... .......... 10%  125M 3s
  1100K .......... .......... .......... .......... .......... 11%  148M 2s
  1150K .......... .......... .......... .......... .......... 11%  163M 2s
  1200K .......... .......... .......... .......... .......... 12% 1.72M 2s
  1250K .......... .......... .......... .......... .......... 12% 98.2M 2s
  1300K .......... .......... .......... .......... .......... 13% 12.3M 2s
  1350K .......... .......... .......... .......... .......... 13%  161M 2s
  1400K .......... .......... .......... .......... .......... 14%  187M 2s
  1450K .......... .......... .......... .......... .......... 14% 1.95M 2s
  1500K .......... .......... .......... .......... .......... 15% 17.0M 2s
  1550K .......... .......... .......... .......... .......... 15%  168M 2s
  1600K .......... .......... .......... .......... .......... 16%  202M 2s
  1650K .......... .......... .......... .......... .......... 16%  146M 2s
  1700K .......... .......... .......... .......... .......... 17%  192M 2s
  1750K .......... .......... .......... .......... .......... 17% 1.74M 2s
  1800K .......... .......... .......... .......... .......... 18%  182M 2s
  1850K .......... .......... .......... .......... .......... 18%  124M 2s
  1900K .......... .......... .......... .......... .......... 19%  201M 2s
  1950K .......... .......... .......... .......... .......... 19%  141M 2s
  2000K .......... .......... .......... .......... .......... 20%  184M 2s
  2050K .......... .......... .......... .......... .......... 20% 1.69M 2s
  2100K .......... .......... .......... .......... .......... 21%  190M 2s
  2150K .......... .......... .......... .......... .......... 21%  149M 2s
  2200K .......... .......... .......... .......... .......... 22%  191M 2s
  2250K .......... .......... .......... .......... .......... 22%  171M 1s
  2300K .......... .......... .......... .......... .......... 23%  116M 1s
  2350K .......... .......... .......... .......... .......... 23%  148M 1s
  2400K .......... .......... .......... .......... .......... 24% 1.76M 1s
  2450K .......... .......... .......... .......... .......... 24%  179M 1s
  2500K .......... .......... .......... .......... .......... 25%  133M 1s
  2550K .......... .......... .......... .......... .......... 25% 10.5M 1s
  2600K .......... .......... .......... .......... .......... 26%  184M 1s
  2650K .......... .......... .......... .......... .......... 26%  174M 1s
  2700K .......... .......... .......... .......... .......... 27%  149M 1s
  2750K .......... .......... .......... .......... .......... 27% 2.06M 1s
  2800K .......... .......... .......... .......... .......... 28%  184M 1s
  2850K .......... .......... .......... .......... .......... 28%  183M 1s
  2900K .......... .......... .......... .......... .......... 29% 22.4M 1s
  2950K .......... .......... .......... .......... .......... 29%  190M 1s
  3000K .......... .......... .......... .......... .......... 29%  178M 1s
  3050K .......... .......... .......... .......... .......... 30%  190M 1s
  3100K .......... .......... .......... .......... .......... 30%  122M 1s
  3150K .......... .......... .......... .......... .......... 31% 4.10M 1s
  3200K .......... .......... .......... .......... .......... 31% 3.00M 1s
  3250K .......... .......... .......... .......... .......... 32%  177M 1s
  3300K .......... .......... .......... .......... .......... 32%  202M 1s
  3350K .......... .......... .......... .......... .......... 33%  203M 1s
  3400K .......... .......... .......... .......... .......... 33%  191M 1s
  3450K .......... .......... .......... .......... .......... 34%  131M 1s
  3500K .......... .......... .......... .......... .......... 34%  203M 1s
  3550K .......... .......... .......... .......... .......... 35%  173M 1s
  3600K .......... .......... .......... .......... .......... 35% 5.78M 1s
  3650K .......... .......... .......... .......... .......... 36% 2.66M 1s
  3700K .......... .......... .......... .......... .......... 36%  199M 1s
  3750K .......... .......... .......... .......... .......... 37% 29.0M 1s
  3800K .......... .......... .......... .......... .......... 37%  152M 1s
  3850K .......... .......... .......... .......... .......... 38%  205M 1s
  3900K .......... .......... .......... .......... .......... 38%  189M 1s
  3950K .......... .......... .......... .......... .......... 39%  158M 1s
  4000K .......... .......... .......... .......... .......... 39%  205M 1s
  4050K .......... .......... .......... .......... .......... 40% 6.41M 1s
  4100K .......... .......... .......... .......... .......... 40%  195M 1s
  4150K .......... .......... .......... .......... .......... 41% 2.45M 1s
  4200K .......... .......... .......... .......... .......... 41%  176M 1s
  4250K .......... .......... .......... .......... .......... 42%  187M 1s
  4300K .......... .......... .......... .......... .......... 42%  198M 1s
  4350K .......... .......... .......... .......... .......... 43% 13.9M 1s
  4400K .......... .......... .......... .......... .......... 43%  179M 1s
  4450K .......... .......... .......... .......... .......... 44%  203M 1s
  4500K .......... .......... .......... .......... .......... 44%  193M 1s
  4550K .......... .......... .......... .......... .......... 45%  203M 1s
  4600K .......... .......... .......... .......... .......... 45% 8.68M 1s
  4650K .......... .......... .......... .......... .......... 46%  176M 1s
  4700K .......... .......... .......... .......... .......... 46%  148M 1s
  4750K .......... .......... .......... .......... .......... 47% 2.59M 1s
  4800K .......... .......... .......... .......... .......... 47%  154M 1s
  4850K .......... .......... .......... .......... .......... 48% 93.7M 1s
  4900K .......... .......... .......... .......... .......... 48%  110M 1s
  4950K .......... .......... .......... .......... .......... 49%  144M 1s
  5000K .......... .......... .......... .......... .......... 49% 19.9M 1s
  5050K .......... .......... .......... .......... .......... 50%  198M 1s
  5100K .......... .......... .......... .......... .......... 50%  198M 1s
  5150K .......... .......... .......... .......... .......... 51%  150M 1s
  5200K .......... .......... .......... .......... .......... 51%  186M 1s
  5250K .......... .......... .......... .......... .......... 52% 15.8M 1s
  5300K .......... .......... .......... .......... .......... 52%  199M 1s
  5350K .......... .......... .......... .......... .......... 53% 2.39M 1s
  5400K .......... .......... .......... .......... .......... 53%  158M 1s
  5450K .......... .......... .......... .......... .......... 54% 22.9M 1s
  5500K .......... .......... .......... .......... .......... 54%  198M 1s
  5550K .......... .......... .......... .......... .......... 55%  200M 1s
  5600K .......... .......... .......... .......... .......... 55%  107M 1s
  5650K .......... .......... .......... .......... .......... 56%  153M 1s
  5700K .......... .......... .......... .......... .......... 56%  205M 0s
  5750K .......... .......... .......... .......... .......... 57%  189M 0s
  5800K .......... .......... .......... .......... .......... 57%  170M 0s
  5850K .......... .......... .......... .......... .......... 58%  202M 0s
  5900K .......... .......... .......... .......... .......... 58%  203M 0s
  5950K .......... .......... .......... .......... .......... 58% 8.08M 0s
  6000K .......... .......... .......... .......... .......... 59% 12.8M 0s
  6050K .......... .......... .......... .......... .......... 59% 3.03M 0s
  6100K .......... .......... .......... .......... .......... 60%  187M 0s
  6150K .......... .......... .......... .......... .......... 60%  201M 0s
  6200K .......... .......... .......... .......... .......... 61% 24.3M 0s
  6250K .......... .......... .......... .......... .......... 61%  180M 0s
  6300K .......... .......... .......... .......... .......... 62%  199M 0s
  6350K .......... .......... .......... .......... .......... 62%  191M 0s
  6400K .......... .......... .......... .......... .......... 63%  116M 0s
  6450K .......... .......... .......... .......... .......... 63%  156M 0s
  6500K .......... .......... .......... .......... .......... 64%  191M 0s
  6550K .......... .......... .......... .......... .......... 64%  191M 0s
  6600K .......... .......... .......... .......... .......... 65%  148M 0s
  6650K .......... .......... .......... .......... .......... 65% 12.3M 0s
  6700K .......... .......... .......... .......... .......... 66%  194M 0s
  6750K .......... .......... .......... .......... .......... 66% 18.2M 0s
  6800K .......... .......... .......... .......... .......... 67% 2.69M 0s
  6850K .......... .......... .......... .......... .......... 67%  161M 0s
  6900K .......... .......... .......... .......... .......... 68% 21.0M 0s
  6950K .......... .......... .......... .......... .......... 68%  198M 0s
  7000K .......... .......... .......... .......... .......... 69%  168M 0s
  7050K .......... .......... .......... .......... .......... 69%  191M 0s
  7100K .......... .......... .......... .......... .......... 70%  203M 0s
  7150K .......... .......... .......... .......... .......... 70%  133M 0s
  7200K .......... .......... .......... .......... .......... 71%  179M 0s
  7250K .......... .......... .......... .......... .......... 71%  200M 0s
  7300K .......... .......... .......... .......... .......... 72%  193M 0s
  7350K .......... .......... .......... .......... .......... 72%  194M 0s
  7400K .......... .......... .......... .......... .......... 73% 49.2M 0s
  7450K .......... .......... .......... .......... .......... 73% 12.9M 0s
  7500K .......... .......... .......... .......... .......... 74%  125M 0s
  7550K .......... .......... .......... .......... .......... 74% 25.7M 0s
  7600K .......... .......... .......... .......... .......... 75%  144M 0s
  7650K .......... .......... .......... .......... .......... 75% 2.77M 0s
  7700K .......... .......... .......... .......... .......... 76%  161M 0s
  7750K .......... .......... .......... .......... .......... 76% 40.9M 0s
  7800K .......... .......... .......... .......... .......... 77%  200M 0s
  7850K .......... .......... .......... .......... .......... 77%  156M 0s
  7900K .......... .......... .......... .......... .......... 78%  162M 0s
  7950K .......... .......... .......... .......... .......... 78% 34.5M 0s
  8000K .......... .......... .......... .......... .......... 79%  184M 0s
  8050K .......... .......... .......... .......... .......... 79%  169M 0s
  8100K .......... .......... .......... .......... .......... 80%  152M 0s
  8150K .......... .......... .......... .......... .......... 80%  203M 0s
  8200K .......... .......... .......... .......... .......... 81%  200M 0s
  8250K .......... .......... .......... .......... .......... 81%  153M 0s
  8300K .......... .......... .......... .......... .......... 82% 14.1M 0s
  8350K .......... .......... .......... .......... .......... 82% 15.2M 0s
  8400K .......... .......... .......... .......... .......... 83%  156M 0s
  8450K .......... .......... .......... .......... .......... 83%  203M 0s
  8500K .......... .......... .......... .......... .......... 84%  180M 0s
  8550K .......... .......... .......... .......... .......... 84% 2.65M 0s
  8600K .......... .......... .......... .......... .......... 85%  149M 0s
  8650K .......... .......... .......... .......... .......... 85%  196M 0s
  8700K .......... .......... .......... .......... .......... 86%  195M 0s
  8750K .......... .......... .......... .......... .......... 86%  167M 0s
  8800K .......... .......... .......... .......... .......... 87%  198M 0s
  8850K .......... .......... .......... .......... .......... 87% 13.3M 0s
  8900K .......... .......... .......... .......... .......... 87%  139M 0s
  8950K .......... .......... .......... .......... .......... 88%  152M 0s
  9000K .......... .......... .......... .......... .......... 88%  163M 0s
  9050K .......... .......... .......... .......... .......... 89%  176M 0s
  9100K .......... .......... .......... .......... .......... 89%  208M 0s
  9150K .......... .......... .......... .......... .......... 90%  197M 0s
  9200K .......... .......... .......... .......... .......... 90%  202M 0s
  9250K .......... .......... .......... .......... .......... 91%  140M 0s
  9300K .......... .......... .......... .......... .......... 91% 28.3M 0s
  9350K .......... .......... .......... .......... .......... 92%  182M 0s
  9400K .......... .......... .......... .......... .......... 92%  205M 0s
  9450K .......... .......... .......... .......... .......... 93%  195M 0s
  9500K .......... .......... .......... .......... .......... 93% 99.9M 0s
  9550K .......... .......... .......... .......... .......... 94% 2.62M 0s
  9600K .......... .......... .......... .......... .......... 94% 31.7M 0s
  9650K .......... .......... .......... .......... .......... 95%  170M 0s
  9700K .......... .......... .......... .......... .......... 95%  199M 0s
  9750K .......... .......... .......... .......... .......... 96%  200M 0s
  9800K .......... .......... .......... .......... .......... 96%  166M 0s
  9850K .......... .......... .......... .......... .......... 97% 39.2M 0s
  9900K .......... .......... .......... .......... .......... 97%  186M 0s
  9950K .......... .......... .......... .......... .......... 98%  203M 0s
 10000K .......... .......... .......... .......... .......... 98%  180M 0s
 10050K .......... .......... .......... .......... .......... 99%  146M 0s
 10100K .......... .......... .......... .......... .......... 99%  153M 0s
 10150K .......... .......... .                               100%  201M=0.8s

2017-03-08 08:57:04 (12.5 MB/s) - `46BF2757DEA05468A6B3A8DB9E8FDDA9.apk?mkey=58bf702a23796b2f&f=6820&c=0&fsname=com.e3s3.smarttourismfz_0.0.7_7.apk&p=.apk' saved [10415315/10415315]

