--2017-02-12 19:10:05--  http://lgwkq.com/apk
Resolving lgwkq.com... 103.30.41.55
Connecting to lgwkq.com|103.30.41.55|:80... connected.
HTTP request sent, awaiting response... 301 Moved Permanently
Location: http://lgwkq.com/apk/ [following]
--2017-02-12 19:10:06--  http://lgwkq.com/apk/
Reusing existing connection to lgwkq.com:80.
HTTP request sent, awaiting response... 200 OK
Length: 247 [text/html]
Saving to: `index.html'

     0K                                                       100% 13.9M=0s

2017-02-12 19:10:06 (13.9 MB/s) - `index.html' saved [247/247]

=======================The second times wget =====================
--2017-02-12 19:10:06--  http://lgwkq.com/apk/%CF%E0%B2%E13.apk
Resolving lgwkq.com... 103.30.41.55
Connecting to lgwkq.com|103.30.41.55|:80... connected.
HTTP request sent, awaiting response... 200 OK
Length: 209183 (204K) [application/vnd.android.package-archive]
Saving to: `ПаІб3.apk'

     0K .......... .......... .......... .......... .......... 24%  129K 1s
    50K .......... .......... .......... .......... .......... 48%  125K 1s
   100K .......... .......... .......... .......... .......... 73%  219K 0s
   150K .......... .......... .......... .......... .......... 97%  101K 0s
   200K ....                                                  100% 8.36M=1.5s

2017-02-12 19:10:08 (135 KB/s) - `ПаІб3.apk' saved [209183/209183]

