--2017-01-09 16:55:47--  http://218.76.40.150:8008/down
Connecting to 218.76.40.150:8008... connected.
HTTP request sent, awaiting response... 301 Moved Permanently
Location: http://218.76.40.150:8008/down/ [following]
--2017-01-09 16:55:47--  http://218.76.40.150:8008/down/
Reusing existing connection to 218.76.40.150:8008.
HTTP request sent, awaiting response... 200 OK
Length: 3955 (3.9K) [text/html]
Saving to: `index.html'

     0K ...                                                   100%  236M=0s

2017-01-09 16:55:47 (236 MB/s) - `index.html' saved [3955/3955]

=======================The second times wget =====================
--2017-01-09 16:55:48--  http://218.76.40.150:8008/down/Install/Report/aPhone/NX_BX_Phone1.1.0.43.apk
Connecting to 218.76.40.150:8008... connected.
HTTP request sent, awaiting response... 200 OK
Length: 1838038 (1.8M) [application/vnd.android.package-archive]
Saving to: `NX_BX_Phone1.1.0.43.apk'

     0K .......... .......... .......... .......... ..........  2% 1.49M 1s
    50K .......... .......... .......... .......... ..........  5% 4.39M 1s
   100K .......... .......... .......... .......... ..........  8% 11.7M 1s
   150K .......... .......... .......... .......... .......... 11% 11.6M 0s
   200K .......... .......... .......... .......... .......... 13% 11.5M 0s
   250K .......... .......... .......... .......... .......... 16% 6.27M 0s
   300K .......... .......... .......... .......... .......... 19%  289K 1s
   350K .......... .......... .......... .......... .......... 22%  124M 1s
   400K .......... .......... .......... .......... .......... 25%  185M 1s
   450K .......... .......... .......... .......... .......... 27%  180M 1s
   500K .......... .......... .......... .......... .......... 30%  132M 1s
   550K .......... .......... .......... .......... .......... 33% 16.9M 0s
   600K .......... .......... .......... .......... .......... 36% 8.03M 0s
   650K .......... .......... .......... .......... .......... 38% 12.0M 0s
   700K .......... .......... .......... .......... .......... 41% 6.03M 0s
   750K .......... .......... .......... .......... .......... 44% 12.3M 0s
   800K .......... .......... .......... .......... .......... 47% 3.49M 0s
   850K .......... .......... .......... .......... .......... 50% 6.26M 0s
   900K .......... .......... .......... .......... .......... 52% 11.8M 0s
   950K .......... .......... .......... .......... .......... 55% 4.08M 0s
  1000K .......... .......... .......... .......... .......... 58% 8.13M 0s
  1050K .......... .......... .......... .......... .......... 61% 5.97M 0s
  1100K .......... .......... .......... .......... .......... 64% 8.56M 0s
  1150K .......... .......... .......... .......... .......... 66% 12.3M 0s
  1200K .......... .......... .......... .......... .......... 69% 17.5M 0s
  1250K .......... .......... .......... .......... .......... 72% 6.53M 0s
  1300K .......... .......... .......... .......... .......... 75% 10.8M 0s
  1350K .......... .......... .......... .......... .......... 77% 10.1M 0s
  1400K .......... .......... .......... .......... .......... 80% 4.64M 0s
  1450K .......... .......... .......... .......... .......... 83% 6.11M 0s
  1500K .......... .......... .......... .......... .......... 86% 6.08M 0s
  1550K .......... .......... .......... .......... .......... 89% 6.03M 0s
  1600K .......... .......... .......... .......... .......... 91% 8.33M 0s
  1650K .......... .......... .......... .......... .......... 94% 4.76M 0s
  1700K .......... .......... .......... .......... .......... 97% 12.7M 0s
  1750K .......... .......... .......... .......... ....      100% 10.4M=0.4s

2017-01-09 16:55:49 (4.34 MB/s) - `NX_BX_Phone1.1.0.43.apk' saved [1838038/1838038]

