--2017-01-07 18:27:03--  http://wap.ttmxc.cc/uy
Resolving wap.ttmxc.cc... 103.55.26.61
Connecting to wap.ttmxc.cc|103.55.26.61|:80... connected.
HTTP request sent, awaiting response... 301 Moved Permanently
Location: http://wap.ttmxc.cc/uy/ [following]
--2017-01-07 18:27:06--  http://wap.ttmxc.cc/uy/
Reusing existing connection to wap.ttmxc.cc:80.
HTTP request sent, awaiting response... 200 OK
Length: 247 [text/html]
Saving to: `index.html'

     0K                                                       100% 21.4M=0s

2017-01-07 18:27:06 (21.4 MB/s) - `index.html' saved [247/247]

=======================The second times wget =====================
--2017-01-07 18:27:06--  http://wap.ttmxc.cc/uy/%C2%BC%CF%F16.apk
Resolving wap.ttmxc.cc... 103.55.26.61
Connecting to wap.ttmxc.cc|103.55.26.61|:80... connected.
HTTP request sent, awaiting response... 200 OK
Length: 209324 (204K) [application/vnd.android.package-archive]
Saving to: `Â¼Ïñ6.apk'

     0K .......... .......... .......... .......... .......... 24%  127K 1s
    50K .......... .......... .......... .......... .......... 48%  122K 1s
   100K .......... .......... .......... .......... .......... 73%  122K 0s
   150K .......... .......... .......... .......... .......... 97%  128K 0s
   200K ....                                                  100%  134K=1.6s

2017-01-07 18:27:09 (125 KB/s) - `Â¼Ïñ6.apk' saved [209324/209324]

