--2017-01-06 13:09:33--  http://xyhzj.cn/P5KfQ
Resolving xyhzj.cn... 103.39.79.210
Connecting to xyhzj.cn|103.39.79.210|:80... connected.
HTTP request sent, awaiting response... 301 Moved Permanently
Location: http://xyhzj.cn/P5KfQ/ [following]
--2017-01-06 13:09:36--  http://xyhzj.cn/P5KfQ/
Reusing existing connection to xyhzj.cn:80.
HTTP request sent, awaiting response... 302 Object moved
Location: luxiang.apk [following]
--2017-01-06 13:09:36--  http://xyhzj.cn/P5KfQ/luxiang.apk
Reusing existing connection to xyhzj.cn:80.
HTTP request sent, awaiting response... 200 OK
Length: 213499 (208K) [application/vnd.android.package-archive]
Saving to: `luxiang.apk'

     0K .......... .......... .......... .......... .......... 23%  225K 1s
    50K .......... .......... .......... .......... .......... 47%  245K 0s
   100K .......... .......... .......... .......... .......... 71%  242K 0s
   150K .......... .......... .......... .......... .......... 95%  243K 0s
   200K ........                                              100%  288K=0.9s

2017-01-06 13:09:37 (240 KB/s) - `luxiang.apk' saved [213499/213499]

