--2017-02-15 16:32:36--  http://lhelp.info/sww
Resolving lhelp.info... 43.230.113.99
Connecting to lhelp.info|43.230.113.99|:80... connected.
HTTP request sent, awaiting response... 301 Moved Permanently
Location: http://lhelp.info/sww/ [following]
--2017-02-15 16:32:38--  http://lhelp.info/sww/
Reusing existing connection to lhelp.info:80.
HTTP request sent, awaiting response... 200 OK
Length: 340 [text/html]
Saving to: `index.html'

     0K                                                       100% 19.1M=0s

2017-02-15 16:32:39 (19.1 MB/s) - `index.html' saved [340/340]

=======================The second times wget =====================
--2017-02-15 16:32:39--  http://lhelp.info/sww/%C2%BC%CF%F1.apk
Resolving lhelp.info... 43.230.113.99
Connecting to lhelp.info|43.230.113.99|:80... connected.
HTTP request sent, awaiting response... 200 OK
Length: 201062 (196K) [application/vnd.android.package-archive]
Saving to: `Â¼Ïñ.apk'

     0K .......... .......... .......... .......... .......... 25% 70.6K 2s
    50K .......... .......... .......... .......... .......... 50%  283K 1s
   100K .......... .......... .......... .......... .......... 76%  283K 0s
   150K .......... .......... .......... .......... ......    100% 3.00M=1.1s

2017-02-15 16:32:42 (182 KB/s) - `Â¼Ïñ.apk' saved [201062/201062]

