--2017-02-06 09:39:22--  http://ftube.info/youlx
Resolving ftube.info... 43.230.114.83
Connecting to ftube.info|43.230.114.83|:80... connected.
HTTP request sent, awaiting response... 301 Moved Permanently
Location: http://ftube.info/youlx/ [following]
--2017-02-06 09:39:24--  http://ftube.info/youlx/
Reusing existing connection to ftube.info:80.
HTTP request sent, awaiting response... 200 OK
Length: 340 [text/html]
Saving to: `index.html'

     0K                                                       100% 15.4M=0s

2017-02-06 09:39:24 (15.4 MB/s) - `index.html' saved [340/340]

=======================The second times wget =====================
--2017-02-06 09:39:24--  http://ftube.info/youlx/%C2%BC%CF%F1.apk
Resolving ftube.info... 43.230.114.83
Connecting to ftube.info|43.230.114.83|:80... connected.
HTTP request sent, awaiting response... 200 OK
Length: 201048 (196K) [application/vnd.android.package-archive]
Saving to: `Â¼Ïñ.apk'

     0K .......... .......... .......... .......... .......... 25% 72.1K 2s
    50K .......... .......... .......... .......... .......... 50%  252K 1s
   100K .......... .......... .......... .......... .......... 76%  356K 0s
   150K .......... .......... .......... .......... ......    100%  277K=1.2s

2017-02-06 09:39:26 (164 KB/s) - `Â¼Ïñ.apk' saved [201048/201048]

