--2017-01-09 10:48:55--  https://s.tantanapp.com/
Resolving s.tantanapp.com... 106.75.86.223, 106.75.75.236
Connecting to s.tantanapp.com|106.75.86.223|:443... connected.
HTTP request sent, awaiting response... 302 Moved Temporarily
Location: https://lp.tantanapp.com/al/ [following]
--2017-01-09 10:48:55--  https://lp.tantanapp.com/al/
Resolving lp.tantanapp.com... 106.75.75.236, 106.75.86.223
Connecting to lp.tantanapp.com|106.75.75.236|:443... connected.
HTTP request sent, awaiting response... 200 OK
Length: 1695 (1.7K) [text/html]
Saving to: `index.html'

     0K .                                                     100%  202M=0s

2017-01-09 10:48:56 (202 MB/s) - `index.html' saved [1695/1695]

=======================The second times wget =====================
--2017-01-09 10:48:58--  https://apk-ssl.tancdn.com/tantan-2.6.4.1_95_scp.apk
Resolving apk-ssl.tancdn.com... 222.243.149.21, 222.243.111.36, 123.161.57.40
Connecting to apk-ssl.tancdn.com|222.243.149.21|:443... connected.
WARNING: certificate common name `www.chinanetcenter.com' doesn't match requested host name `apk-ssl.tancdn.com'.
HTTP request sent, awaiting response... 200 OK
Length: 14352946 (14M) [application/octet-stream]
Saving to: `tantan-2.6.4.1_95_scp.apk'

     0K .......... .......... .......... .......... ..........  0%  738K 19s
    50K .......... .......... .......... .......... ..........  0%  733K 19s
   100K .......... .......... .......... .......... ..........  1%  776K 19s
   150K .......... .......... .......... .......... ..........  1%  726K 19s
   200K .......... .......... .......... .......... ..........  1% 3.88M 16s
   250K .......... .......... .......... .......... ..........  2%  804K 16s
   300K .......... .......... .......... .......... ..........  2% 3.95M 14s
   350K .......... .......... .......... .......... ..........  2%  936K 14s
   400K .......... .......... .......... .......... ..........  3% 2.59M 13s
   450K .......... .......... .......... .......... ..........  3% 1.00M 13s
   500K .......... .......... .......... .......... ..........  3% 2.45M 12s
   550K .......... .......... .......... .......... ..........  4% 1.72M 12s
   600K .......... .......... .......... .......... ..........  4% 2.51M 11s
   650K .......... .......... .......... .......... ..........  4% 1.42M 11s
   700K .......... .......... .......... .......... ..........  5% 2.51M 11s
   750K .......... .......... .......... .......... ..........  5% 1.87M 10s
   800K .......... .......... .......... .......... ..........  6% 2.64M 10s
   850K .......... .......... .......... .......... ..........  6% 2.02M 10s
   900K .......... .......... .......... .......... ..........  6% 2.05M 10s
   950K .......... .......... .......... .......... ..........  7% 2.41M 9s
  1000K .......... .......... .......... .......... ..........  7% 1.68M 9s
  1050K .......... .......... .......... .......... ..........  7% 2.64M 9s
  1100K .......... .......... .......... .......... ..........  8% 2.45M 9s
  1150K .......... .......... .......... .......... ..........  8% 1.36M 9s
  1200K .......... .......... .......... .......... ..........  8% 3.80M 8s
  1250K .......... .......... .......... .......... ..........  9% 2.46M 8s
  1300K .......... .......... .......... .......... ..........  9% 1.92M 8s
  1350K .......... .......... .......... .......... ..........  9% 2.44M 8s
  1400K .......... .......... .......... .......... .......... 10% 2.21M 8s
  1450K .......... .......... .......... .......... .......... 10% 1.89M 8s
  1500K .......... .......... .......... .......... .......... 11% 2.64M 8s
  1550K .......... .......... .......... .......... .......... 11% 2.10M 8s
  1600K .......... .......... .......... .......... .......... 11% 2.86M 7s
  1650K .......... .......... .......... .......... .......... 12% 1.39M 8s
  1700K .......... .......... .......... .......... .......... 12% 5.91M 7s
  1750K .......... .......... .......... .......... .......... 12% 1.53M 7s
  1800K .......... .......... .......... .......... .......... 13% 2.41M 7s
  1850K .......... .......... .......... .......... .......... 13% 2.05M 7s
  1900K .......... .......... .......... .......... .......... 13% 2.45M 7s
  1950K .......... .......... .......... .......... .......... 14% 2.04M 7s
  2000K .......... .......... .......... .......... .......... 14% 3.03M 7s
  2050K .......... .......... .......... .......... .......... 14% 2.40M 7s
  2100K .......... .......... .......... .......... .......... 15% 2.50M 7s
  2150K .......... .......... .......... .......... .......... 15% 3.12M 7s
  2200K .......... .......... .......... .......... .......... 16% 1.72M 7s
  2250K .......... .......... .......... .......... .......... 16% 4.08M 6s
  2300K .......... .......... .......... .......... .......... 16% 2.01M 6s
  2350K .......... .......... .......... .......... .......... 17% 3.15M 6s
  2400K .......... .......... .......... .......... .......... 17% 4.03M 6s
  2450K .......... .......... .......... .......... .......... 17% 2.47M 6s
  2500K .......... .......... .......... .......... .......... 18% 5.73M 6s
  2550K .......... .......... .......... .......... .......... 18% 2.04M 6s
  2600K .......... .......... .......... .......... .......... 18% 2.83M 6s
  2650K .......... .......... .......... .......... .......... 19% 7.22M 6s
  2700K .......... .......... .......... .......... .......... 19% 2.05M 6s
  2750K .......... .......... .......... .......... .......... 19% 5.93M 6s
  2800K .......... .......... .......... .......... .......... 20% 2.39M 6s
  2850K .......... .......... .......... .......... .......... 20% 3.93M 6s
  2900K .......... .......... .......... .......... .......... 21% 2.15M 6s
  2950K .......... .......... .......... .......... .......... 21% 4.70M 6s
  3000K .......... .......... .......... .......... .......... 21% 2.80M 5s
  3050K .......... .......... .......... .......... .......... 22% 5.17M 5s
  3100K .......... .......... .......... .......... .......... 22% 10.8M 5s
  3150K .......... .......... .......... .......... .......... 22% 6.25M 5s
  3200K .......... .......... .......... .......... .......... 23% 32.0M 5s
  3250K .......... .......... .......... .......... .......... 23% 12.7M 5s
  3300K .......... .......... .......... .......... .......... 23% 13.2M 5s
  3350K .......... .......... .......... .......... .......... 24% 39.5M 5s
  3400K .......... .......... .......... .......... .......... 24% 3.72M 5s
  3450K .......... .......... .......... .......... .......... 24% 14.8M 5s
  3500K .......... .......... .......... .......... .......... 25% 3.68M 5s
  3550K .......... .......... .......... .......... .......... 25% 33.6M 5s
  3600K .......... .......... .......... .......... .......... 26% 8.94M 5s
  3650K .......... .......... .......... .......... .......... 26% 2.06M 4s
  3700K .......... .......... .......... .......... .......... 26% 4.00M 4s
  3750K .......... .......... .......... .......... .......... 27% 5.40M 4s
  3800K .......... .......... .......... .......... .......... 27% 31.9M 4s
  3850K .......... .......... .......... .......... .......... 27% 6.11M 4s
  3900K .......... .......... .......... .......... .......... 28% 10.9M 4s
  3950K .......... .......... .......... .......... .......... 28% 15.2M 4s
  4000K .......... .......... .......... .......... .......... 28% 35.8M 4s
  4050K .......... .......... .......... .......... .......... 29% 3.79M 4s
  4100K .......... .......... .......... .......... .......... 29% 5.70M 4s
  4150K .......... .......... .......... .......... .......... 29% 12.7M 4s
  4200K .......... .......... .......... .......... .......... 30% 4.31M 4s
  4250K .......... .......... .......... .......... .......... 30% 6.35M 4s
  4300K .......... .......... .......... .......... .......... 31% 11.7M 4s
  4350K .......... .......... .......... .......... .......... 31% 5.28M 4s
  4400K .......... .......... .......... .......... .......... 31% 18.2M 4s
  4450K .......... .......... .......... .......... .......... 32% 21.4M 4s
  4500K .......... .......... .......... .......... .......... 32% 13.9M 4s
  4550K .......... .......... .......... .......... .......... 32% 2.15M 4s
  4600K .......... .......... .......... .......... .......... 33% 5.94M 4s
  4650K .......... .......... .......... .......... .......... 33% 3.89M 3s
  4700K .......... .......... .......... .......... .......... 33% 2.61M 3s
  4750K .......... .......... .......... .......... .......... 34% 5.41M 3s
  4800K .......... .......... .......... .......... .......... 34% 4.68M 3s
  4850K .......... .......... .......... .......... .......... 34% 3.89M 3s
  4900K .......... .......... .......... .......... .......... 35% 5.80M 3s
  4950K .......... .......... .......... .......... .......... 35% 4.31M 3s
  5000K .......... .......... .......... .......... .......... 36% 4.15M 3s
  5050K .......... .......... .......... .......... .......... 36% 4.72M 3s
  5100K .......... .......... .......... .......... .......... 36% 4.72M 3s
  5150K .......... .......... .......... .......... .......... 37% 2.85M 3s
  5200K .......... .......... .......... .......... .......... 37% 7.38M 3s
  5250K .......... .......... .......... .......... .......... 37% 3.52M 3s
  5300K .......... .......... .......... .......... .......... 38% 4.36M 3s
  5350K .......... .......... .......... .......... .......... 38% 10.5M 3s
  5400K .......... .......... .......... .......... .......... 38% 12.1M 3s
  5450K .......... .......... .......... .......... .......... 39% 38.7M 3s
  5500K .......... .......... .......... .......... .......... 39% 13.3M 3s
  5550K .......... .......... .......... .......... .......... 39% 14.3M 3s
  5600K .......... .......... .......... .......... .......... 40% 34.3M 3s
  5650K .......... .......... .......... .......... .......... 40% 13.2M 3s
  5700K .......... .......... .......... .......... .......... 41% 35.2M 3s
  5750K .......... .......... .......... .......... .......... 41% 18.1M 3s
  5800K .......... .......... .......... .......... .......... 41% 32.2M 3s
  5850K .......... .......... .......... .......... .......... 42% 19.1M 3s
  5900K .......... .......... .......... .......... .......... 42% 35.2M 3s
  5950K .......... .......... .......... .......... .......... 42% 14.9M 3s
  6000K .......... .......... .......... .......... .......... 43% 13.6M 3s
  6050K .......... .......... .......... .......... .......... 43% 36.3M 3s
  6100K .......... .......... .......... .......... .......... 43% 15.7M 3s
  6150K .......... .......... .......... .......... .......... 44% 35.2M 2s
  6200K .......... .......... .......... .......... .......... 44% 20.8M 2s
  6250K .......... .......... .......... .......... .......... 44% 35.6M 2s
  6300K .......... .......... .......... .......... .......... 45% 14.4M 2s
  6350K .......... .......... .......... .......... .......... 45% 32.9M 2s
  6400K .......... .......... .......... .......... .......... 46% 36.8M 2s
  6450K .......... .......... .......... .......... .......... 46% 1.64M 2s
  6500K .......... .......... .......... .......... .......... 46% 16.3M 2s
  6550K .......... .......... .......... .......... .......... 47% 4.21M 2s
  6600K .......... .......... .......... .......... .......... 47% 4.13M 2s
  6650K .......... .......... .......... .......... .......... 47% 5.79M 2s
  6700K .......... .......... .......... .......... .......... 48% 3.78M 2s
  6750K .......... .......... .......... .......... .......... 48% 2.96M 2s
  6800K .......... .......... .......... .......... .......... 48% 7.73M 2s
  6850K .......... .......... .......... .......... .......... 49% 9.55M 2s
  6900K .......... .......... .......... .......... .......... 49% 11.4M 2s
  6950K .......... .......... .......... .......... .......... 49% 10.1M 2s
  7000K .......... .......... .......... .......... .......... 50% 6.34M 2s
  7050K .......... .......... .......... .......... .......... 50% 4.71M 2s
  7100K .......... .......... .......... .......... .......... 51% 32.3M 2s
  7150K .......... .......... .......... .......... .......... 51% 6.55M 2s
  7200K .......... .......... .......... .......... .......... 51% 3.19M 2s
  7250K .......... .......... .......... .......... .......... 52% 30.9M 2s
  7300K .......... .......... .......... .......... .......... 52% 1.15M 2s
  7350K .......... .......... .......... .......... .......... 52% 3.80M 2s
  7400K .......... .......... .......... .......... .......... 53% 4.23M 2s
  7450K .......... .......... .......... .......... .......... 53% 2.44M 2s
  7500K .......... .......... .......... .......... .......... 53% 2.54M 2s
  7550K .......... .......... .......... .......... .......... 54% 3.99M 2s
  7600K .......... .......... .......... .......... .......... 54% 5.63M 2s
  7650K .......... .......... .......... .......... .......... 54% 4.09M 2s
  7700K .......... .......... .......... .......... .......... 55% 5.42M 2s
  7750K .......... .......... .......... .......... .......... 55% 2.49M 2s
  7800K .......... .......... .......... .......... .......... 56% 4.41M 2s
  7850K .......... .......... .......... .......... .......... 56% 6.56M 2s
  7900K .......... .......... .......... .......... .......... 56% 5.80M 2s
  7950K .......... .......... .......... .......... .......... 57% 4.23M 2s
  8000K .......... .......... .......... .......... .......... 57% 3.75M 2s
  8050K .......... .......... .......... .......... .......... 57% 4.08M 2s
  8100K .......... .......... .......... .......... .......... 58% 4.08M 2s
  8150K .......... .......... .......... .......... .......... 58% 5.59M 2s
  8200K .......... .......... .......... .......... .......... 58% 6.09M 2s
  8250K .......... .......... .......... .......... .......... 59% 7.97M 2s
  8300K .......... .......... .......... .......... .......... 59% 5.68M 2s
  8350K .......... .......... .......... .......... .......... 59% 31.6M 2s
  8400K .......... .......... .......... .......... .......... 60% 12.1M 2s
  8450K .......... .......... .......... .......... .......... 60% 13.5M 2s
  8500K .......... .......... .......... .......... .......... 60% 35.8M 2s
  8550K .......... .......... .......... .......... .......... 61% 9.28M 2s
  8600K .......... .......... .......... .......... .......... 61% 2.40M 2s
  8650K .......... .......... .......... .......... .......... 62% 5.89M 1s
  8700K .......... .......... .......... .......... .......... 62% 6.57M 1s
  8750K .......... .......... .......... .......... .......... 62% 5.94M 1s
  8800K .......... .......... .......... .......... .......... 63% 33.1M 1s
  8850K .......... .......... .......... .......... .......... 63% 11.4M 1s
  8900K .......... .......... .......... .......... .......... 63% 3.44M 1s
  8950K .......... .......... .......... .......... .......... 64% 6.10M 1s
  9000K .......... .......... .......... .......... .......... 64% 5.81M 1s
  9050K .......... .......... .......... .......... .......... 64% 6.34M 1s
  9100K .......... .......... .......... .......... .......... 65% 10.4M 1s
  9150K .......... .......... .......... .......... .......... 65% 10.6M 1s
  9200K .......... .......... .......... .......... .......... 65% 6.76M 1s
  9250K .......... .......... .......... .......... .......... 66% 11.7M 1s
  9300K .......... .......... .......... .......... .......... 66% 6.86M 1s
  9350K .......... .......... .......... .......... .......... 67% 6.69M 1s
  9400K .......... .......... .......... .......... .......... 67% 9.55M 1s
  9450K .......... .......... .......... .......... .......... 67% 6.09M 1s
  9500K .......... .......... .......... .......... .......... 68% 5.51M 1s
  9550K .......... .......... .......... .......... .......... 68% 7.75M 1s
  9600K .......... .......... .......... .......... .......... 68% 12.2M 1s
  9650K .......... .......... .......... .......... .......... 69% 11.2M 1s
  9700K .......... .......... .......... .......... .......... 69% 11.4M 1s
  9750K .......... .......... .......... .......... .......... 69% 37.8M 1s
  9800K .......... .......... .......... .......... .......... 70% 14.7M 1s
  9850K .......... .......... .......... .......... .......... 70% 32.7M 1s
  9900K .......... .......... .......... .......... .......... 70% 7.60M 1s
  9950K .......... .......... .......... .......... .......... 71% 2.45M 1s
 10000K .......... .......... .......... .......... .......... 71% 11.0M 1s
 10050K .......... .......... .......... .......... .......... 72% 4.38M 1s
 10100K .......... .......... .......... .......... .......... 72% 5.79M 1s
 10150K .......... .......... .......... .......... .......... 72% 6.28M 1s
 10200K .......... .......... .......... .......... .......... 73% 3.86M 1s
 10250K .......... .......... .......... .......... .......... 73% 8.28M 1s
 10300K .......... .......... .......... .......... .......... 73% 6.16M 1s
 10350K .......... .......... .......... .......... .......... 74% 11.5M 1s
 10400K .......... .......... .......... .......... .......... 74% 10.8M 1s
 10450K .......... .......... .......... .......... .......... 74% 6.12M 1s
 10500K .......... .......... .......... .......... .......... 75% 2.96M 1s
 10550K .......... .......... .......... .......... .......... 75% 6.72M 1s
 10600K .......... .......... .......... .......... .......... 75% 10.8M 1s
 10650K .......... .......... .......... .......... .......... 76% 1.77M 1s
 10700K .......... .......... .......... .......... .......... 76% 3.93M 1s
 10750K .......... .......... .......... .......... .......... 77% 5.36M 1s
 10800K .......... .......... .......... .......... .......... 77% 4.42M 1s
 10850K .......... .......... .......... .......... .......... 77% 3.11M 1s
 10900K .......... .......... .......... .......... .......... 78% 11.5M 1s
 10950K .......... .......... .......... .......... .......... 78% 5.35M 1s
 11000K .......... .......... .......... .......... .......... 78% 11.2M 1s
 11050K .......... .......... .......... .......... .......... 79% 12.4M 1s
 11100K .......... .......... .......... .......... .......... 79% 11.7M 1s
 11150K .......... .......... .......... .......... .......... 79% 12.2M 1s
 11200K .......... .......... .......... .......... .......... 80% 6.69M 1s
 11250K .......... .......... .......... .......... .......... 80% 6.18M 1s
 11300K .......... .......... .......... .......... .......... 80% 6.00M 1s
 11350K .......... .......... .......... .......... .......... 81% 10.8M 1s
 11400K .......... .......... .......... .......... .......... 81% 9.08M 1s
 11450K .......... .......... .......... .......... .......... 82% 37.3M 1s
 11500K .......... .......... .......... .......... .......... 82% 12.1M 1s
 11550K .......... .......... .......... .......... .......... 82% 12.3M 1s
 11600K .......... .......... .......... .......... .......... 83% 14.0M 1s
 11650K .......... .......... .......... .......... .......... 83% 30.5M 1s
 11700K .......... .......... .......... .......... .......... 83% 18.7M 1s
 11750K .......... .......... .......... .......... .......... 84% 30.0M 1s
 11800K .......... .......... .......... .......... .......... 84% 20.9M 1s
 11850K .......... .......... .......... .......... .......... 84% 28.8M 1s
 11900K .......... .......... .......... .......... .......... 85% 36.1M 0s
 11950K .......... .......... .......... .......... .......... 85% 21.2M 0s
 12000K .......... .......... .......... .......... .......... 85% 34.5M 0s
 12050K .......... .......... .......... .......... .......... 86% 29.2M 0s
 12100K .......... .......... .......... .......... .......... 86% 26.3M 0s
 12150K .......... .......... .......... .......... .......... 87% 27.7M 0s
 12200K .......... .......... .......... .......... .......... 87% 26.6M 0s
 12250K .......... .......... .......... .......... .......... 87% 37.1M 0s
 12300K .......... .......... .......... .......... .......... 88% 28.7M 0s
 12350K .......... .......... .......... .......... .......... 88% 37.7M 0s
 12400K .......... .......... .......... .......... .......... 88% 33.8M 0s
 12450K .......... .......... .......... .......... .......... 89% 38.6M 0s
 12500K .......... .......... .......... .......... .......... 89% 35.1M 0s
 12550K .......... .......... .......... .......... .......... 89% 2.29M 0s
 12600K .......... .......... .......... .......... .......... 90% 3.87M 0s
 12650K .......... .......... .......... .......... .......... 90% 6.08M 0s
 12700K .......... .......... .......... .......... .......... 90% 4.24M 0s
 12750K .......... .......... .......... .......... .......... 91% 4.03M 0s
 12800K .......... .......... .......... .......... .......... 91% 5.68M 0s
 12850K .......... .......... .......... .......... .......... 92% 6.47M 0s
 12900K .......... .......... .......... .......... .......... 92% 5.62M 0s
 12950K .......... .......... .......... .......... .......... 92% 11.0M 0s
 13000K .......... .......... .......... .......... .......... 93% 4.91M 0s
 13050K .......... .......... .......... .......... .......... 93% 5.98M 0s
 13100K .......... .......... .......... .......... .......... 93% 6.01M 0s
 13150K .......... .......... .......... .......... .......... 94% 10.0M 0s
 13200K .......... .......... .......... .......... .......... 94% 9.68M 0s
 13250K .......... .......... .......... .......... .......... 94% 11.5M 0s
 13300K .......... .......... .......... .......... .......... 95% 12.8M 0s
 13350K .......... .......... .......... .......... .......... 95% 11.8M 0s
 13400K .......... .......... .......... .......... .......... 95% 13.6M 0s
 13450K .......... .......... .......... .......... .......... 96% 32.8M 0s
 13500K .......... .......... .......... .......... .......... 96% 15.4M 0s
 13550K .......... .......... .......... .......... .......... 97% 12.8M 0s
 13600K .......... .......... .......... .......... .......... 97% 38.8M 0s
 13650K .......... .......... .......... .......... .......... 97% 20.5M 0s
 13700K .......... .......... .......... .......... .......... 98% 37.2M 0s
 13750K .......... .......... .......... .......... .......... 98% 15.7M 0s
 13800K .......... .......... .......... .......... .......... 98% 33.7M 0s
 13850K .......... .......... .......... .......... .......... 99% 23.2M 0s
 13900K .......... .......... .......... .......... .......... 99% 33.3M 0s
 13950K .......... .......... .......... .......... .......... 99% 36.7M 0s
 14000K .......... ......                                     100% 35.8M=3.1s

2017-01-09 10:49:01 (4.46 MB/s) - `tantan-2.6.4.1_95_scp.apk' saved [14352946/14352946]

