--2017-01-05 16:26:52--  http://jrxmw.cn/P5KfQ
Resolving jrxmw.cn... 103.39.79.210
Connecting to jrxmw.cn|103.39.79.210|:80... connected.
HTTP request sent, awaiting response... 301 Moved Permanently
Location: http://jrxmw.cn/P5KfQ/ [following]
--2017-01-05 16:26:55--  http://jrxmw.cn/P5KfQ/
Reusing existing connection to jrxmw.cn:80.
HTTP request sent, awaiting response... 302 Object moved
Location: luxiang.apk [following]
--2017-01-05 16:26:56--  http://jrxmw.cn/P5KfQ/luxiang.apk
Reusing existing connection to jrxmw.cn:80.
HTTP request sent, awaiting response... 200 OK
Length: 213489 (208K) [application/vnd.android.package-archive]
Saving to: `luxiang.apk'

     0K .......... .......... .......... .......... .......... 23% 20.4K 8s
    50K .......... .......... .......... .......... .......... 47% 60.6K 4s
   100K .......... .......... .......... .......... .......... 71% 60.1K 2s
   150K .......... .......... .......... .......... .......... 95%  196K 0s
   200K ........                                              100% 11.7K=5.1s

2017-01-05 16:27:01 (41.0 KB/s) - `luxiang.apk' saved [213489/213489]

