--2017-01-03 22:06:40--  http://blcsy.cn/McDFe
Resolving blcsy.cn... 103.211.125.148
Connecting to blcsy.cn|103.211.125.148|:80... connected.
HTTP request sent, awaiting response... 301 Moved Permanently
Location: http://blcsy.cn/McDFe/ [following]
--2017-01-03 22:06:41--  http://blcsy.cn/McDFe/
Reusing existing connection to blcsy.cn:80.
HTTP request sent, awaiting response... 302 Object moved
Location: luxiang.apk [following]
--2017-01-03 22:06:41--  http://blcsy.cn/McDFe/luxiang.apk
Reusing existing connection to blcsy.cn:80.
HTTP request sent, awaiting response... 200 OK
Length: 213483 (208K) [application/vnd.android]
Saving to: `luxiang.apk'

     0K .......... .......... .......... .......... .......... 23%  331K 0s
    50K .......... .......... .......... .......... .......... 47%  518K 0s
   100K .......... .......... .......... .......... .......... 71%  482K 0s
   150K .......... .......... .......... .......... .......... 95%  621K 0s
   200K ........                                              100%  528K=0.4s

2017-01-03 22:06:41 (466 KB/s) - `luxiang.apk' saved [213483/213483]

