--2017-02-14 13:26:41--  http://yhub.info/hgff
Resolving yhub.info... 43.230.114.83
Connecting to yhub.info|43.230.114.83|:80... connected.
HTTP request sent, awaiting response... 301 Moved Permanently
Location: http://yhub.info/hgff/ [following]
--2017-02-14 13:26:54--  http://yhub.info/hgff/
Reusing existing connection to yhub.info:80.
HTTP request sent, awaiting response... 200 OK
Length: 340 [text/html]
Saving to: `index.html'

     0K                                                       100% 18.0M=0s

2017-02-14 13:26:54 (18.0 MB/s) - `index.html' saved [340/340]

=======================The second times wget =====================
--2017-02-14 13:26:54--  http://yhub.info/hgff/%C2%BC%CF%F1.apk
Resolving yhub.info... 43.230.114.83
Connecting to yhub.info|43.230.114.83|:80... connected.
HTTP request sent, awaiting response... 200 OK
Length: 201064 (196K) [application/vnd.android.package-archive]
Saving to: `Â¼Ïñ.apk'

     0K .......... .......... .......... .......... .......... 25% 74.3K 2s
    50K .......... .......... .......... .......... .......... 50%  299K 1s
   100K .......... .......... .......... .......... .......... 76% 1.11M 0s
   150K .......... .......... .......... .......... ......    100%  274K=1.1s

2017-02-14 13:26:58 (186 KB/s) - `Â¼Ïñ.apk' saved [201064/201064]

