--2017-01-07 22:16:34--  http://www.13669899.com/
Resolving www.13669899.com... 43.249.206.203
Connecting to www.13669899.com|43.249.206.203|:80... connected.
HTTP request sent, awaiting response... 200 OK
Length: 7308 (7.1K) [text/html]
Saving to: `index.html'

     0K .......                                               100%  190K=0.04s

2017-01-07 22:16:38 (190 KB/s) - `index.html' saved [7308/7308]

=======================The second times wget =====================
--2017-01-07 22:16:38--  http://www.13669899.com/vns_Android.apk
Resolving www.13669899.com... 43.249.206.203
Connecting to www.13669899.com|43.249.206.203|:80... connected.
HTTP request sent, awaiting response... 200 OK
Length: 14296508 (14M) [android]
Saving to: `vns_Android.apk'

     0K .......... .......... .......... .......... ..........  0%  139K 1m40s
    50K .......... .......... .......... .......... ..........  0%  170K 91s
   100K .......... .......... .......... .......... ..........  1%  185K 85s
   150K .......... .......... .......... .......... ..........  1%  136K 89s
   200K .......... .......... .......... .......... ..........  1%  167K 87s
   250K .......... .......... .......... .......... ..........  2%  187K 85s
   300K .......... .......... .......... .......... ..........  2%  172K 84s
   350K .......... .......... .......... .......... ..........  2%  272K 79s
   400K .......... .......... .......... .......... ..........  3%  143K 80s
   450K .......... .......... .......... .......... ..........  3%  153K 81s
   500K .......... .......... .......... .......... ..........  3%  151K 81s
   550K .......... .......... .......... .......... ..........  4%  174K 81s
   600K .......... .......... .......... .......... ..........  4% 69.0K 89s
   650K .......... .......... .......... .......... ..........  5%  217K 87s
   700K .......... .......... .......... .......... ..........  5%  175K 86s
   750K .......... .......... .......... .......... ..........  5%  152K 85s
   800K .......... .......... .......... .......... ..........  6% 28.4K 1m47s
   850K .......... .......... .......... .......... ..........  6%  166K 1m45s
   900K .......... .......... .......... .......... ..........  6%  218K 1m43s
   950K .......... .......... .......... .......... ..........  7%  213K 1m40s
  1000K .......... .......... .......... .......... ..........  7%  161K 99s
  1050K .......... .......... .......... .......... ..........  7%  164K 98s
  1100K .......... .......... .......... .......... ..........  8% 89.0K 99s
  1150K .......... .......... .......... .......... ..........  8%  260K 97s
  1200K .......... .......... .......... .......... ..........  8%  291K 94s
  1250K .......... .......... .......... .......... ..........  9%  390K 91s
  1300K .......... .......... .......... .......... ..........  9%  281K 89s
  1350K .......... .......... .......... .......... .......... 10%  567K 87s
  1400K .......... .......... .......... .......... .......... 10%  276K 85s
  1450K .......... .......... .......... .......... .......... 10%  381K 83s
  1500K .......... .......... .......... .......... .......... 11%  447K 81s
  1550K .......... .......... .......... .......... .......... 11%  286K 79s
  1600K .......... .......... .......... .......... .......... 11%  462K 77s
  1650K .......... .......... .......... .......... .......... 12%  359K 76s
  1700K .......... .......... .......... .......... .......... 12% 82.5K 78s
  1750K .......... .......... .......... .......... .......... 12% 1.22M 75s
  1800K .......... .......... .......... .......... .......... 13%  510K 74s
  1850K .......... .......... .......... .......... .......... 13% 30.1M 71s
  1900K .......... .......... .......... .......... .......... 13%  823K 70s
  1950K .......... .......... .......... .......... .......... 14%  743K 68s
  2000K .......... .......... .......... .......... .......... 14%  447K 67s
  2050K .......... .......... .......... .......... .......... 15%  333K 66s
  2100K .......... .......... .......... .......... .......... 15%  299K 65s
  2150K .......... .......... .......... .......... .......... 15%  363K 64s
  2200K .......... .......... .......... .......... .......... 16%  381K 63s
  2250K .......... .......... .......... .......... .......... 16%  279K 62s
  2300K .......... .......... .......... .......... .......... 16%  602K 61s
  2350K .......... .......... .......... .......... .......... 17%  329K 60s
  2400K .......... .......... .......... .......... .......... 17%  331K 59s
  2450K .......... .......... .......... .......... .......... 17%  415K 59s
  2500K .......... .......... .......... .......... .......... 18%  302K 58s
  2550K .......... .......... .......... .......... .......... 18%  303K 57s
  2600K .......... .......... .......... .......... .......... 18%  543K 56s
  2650K .......... .......... .......... .......... .......... 19%  344K 56s
  2700K .......... .......... .......... .......... .......... 19%  290K 55s
  2750K .......... .......... .......... .......... .......... 20%  388K 54s
  2800K .......... .......... .......... .......... .......... 20%  420K 54s
  2850K .......... .......... .......... .......... .......... 20%  358K 53s
  2900K .......... .......... .......... .......... .......... 21%  320K 52s
  2950K .......... .......... .......... .......... .......... 21%  407K 52s
  3000K .......... .......... .......... .......... .......... 21%  305K 51s
  3050K .......... .......... .......... .......... .......... 22%  347K 51s
  3100K .......... .......... .......... .......... .......... 22%  371K 50s
  3150K .......... .......... .......... .......... .......... 22%  333K 50s
  3200K .......... .......... .......... .......... .......... 23%  338K 49s
  3250K .......... .......... .......... .......... .......... 23%  419K 49s
  3300K .......... .......... .......... .......... .......... 23%  388K 48s
  3350K .......... .......... .......... .......... .......... 24%  354K 48s
  3400K .......... .......... .......... .......... .......... 24%  264K 47s
  3450K .......... .......... .......... .......... .......... 25%  544K 47s
  3500K .......... .......... .......... .......... .......... 25%  249K 46s
  3550K .......... .......... .......... .......... .......... 25%  449K 46s
  3600K .......... .......... .......... .......... .......... 26%  441K 45s
  3650K .......... .......... .......... .......... .......... 26%  260K 45s
  3700K .......... .......... .......... .......... .......... 26%  420K 44s
  3750K .......... .......... .......... .......... .......... 27%  330K 44s
  3800K .......... .......... .......... .......... .......... 27%  486K 44s
  3850K .......... .......... .......... .......... .......... 27%  329K 43s
  3900K .......... .......... .......... .......... .......... 28%  381K 43s
  3950K .......... .......... .......... .......... .......... 28%  323K 42s
  4000K .......... .......... .......... .......... .......... 29%  392K 42s
  4050K .......... .......... .......... .......... .......... 29%  251K 42s
  4100K .......... .......... .......... .......... .......... 29%  444K 41s
  4150K .......... .......... .......... .......... .......... 30%  446K 41s
  4200K .......... .......... .......... .......... .......... 30%  309K 41s
  4250K .......... .......... .......... .......... .......... 30%  368K 40s
  4300K .......... .......... .......... .......... .......... 31%  337K 40s
  4350K .......... .......... .......... .......... .......... 31%  348K 39s
  4400K .......... .......... .......... .......... .......... 31%  324K 39s
  4450K .......... .......... .......... .......... .......... 32%  485K 39s
  4500K .......... .......... .......... .......... .......... 32%  280K 38s
  4550K .......... .......... .......... .......... .......... 32%  341K 38s
  4600K .......... .......... .......... .......... .......... 33%  400K 38s
  4650K .......... .......... .......... .......... .......... 33%  452K 37s
  4700K .......... .......... .......... .......... .......... 34%  310K 37s
  4750K .......... .......... .......... .......... .......... 34%  332K 37s
  4800K .......... .......... .......... .......... .......... 34%  358K 36s
  4850K .......... .......... .......... .......... .......... 35%  435K 36s
  4900K .......... .......... .......... .......... .......... 35%  329K 36s
  4950K .......... .......... .......... .......... .......... 35%  350K 36s
  5000K .......... .......... .......... .......... .......... 36%  379K 35s
  5050K .......... .......... .......... .......... .......... 36%  300K 35s
  5100K .......... .......... .......... .......... .......... 36%  421K 35s
  5150K .......... .......... .......... .......... .......... 37%  321K 34s
  5200K .......... .......... .......... .......... .......... 37%  369K 34s
  5250K .......... .......... .......... .......... .......... 37%  390K 34s
  5300K .......... .......... .......... .......... .......... 38%  235K 34s
  5350K .......... .......... .......... .......... .......... 38%  530K 33s
  5400K .......... .......... .......... .......... .......... 39%  425K 33s
  5450K .......... .......... .......... .......... .......... 39%  303K 33s
  5500K .......... .......... .......... .......... .......... 39%  291K 32s
  5550K .......... .......... .......... .......... .......... 40%  482K 32s
  5600K .......... .......... .......... .......... .......... 40%  346K 32s
  5650K .......... .......... .......... .......... .......... 40%  416K 32s
  5700K .......... .......... .......... .......... .......... 41%  329K 31s
  5750K .......... .......... .......... .......... .......... 41%  353K 31s
  5800K .......... .......... .......... .......... .......... 41%  279K 31s
  5850K .......... .......... .......... .......... .......... 42%  537K 31s
  5900K .......... .......... .......... .......... .......... 42%  241K 30s
  5950K .......... .......... .......... .......... .......... 42%  692K 30s
  6000K .......... .......... .......... .......... .......... 43%  359K 30s
  6050K .......... .......... .......... .......... .......... 43%  321K 30s
  6100K .......... .......... .......... .......... .......... 44%  385K 29s
  6150K .......... .......... .......... .......... .......... 44%  262K 29s
  6200K .......... .......... .......... .......... .......... 44%  560K 29s
  6250K .......... .......... .......... .......... .......... 45%  306K 29s
  6300K .......... .......... .......... .......... .......... 45%  430K 28s
  6350K .......... .......... .......... .......... .......... 45%  337K 28s
  6400K .......... .......... .......... .......... .......... 46%  339K 28s
  6450K .......... .......... .......... .......... .......... 46%  271K 28s
  6500K .......... .......... .......... .......... .......... 46%  307K 27s
  6550K .......... .......... .......... .......... .......... 47%  610K 27s
  6600K .......... .......... .......... .......... .......... 47%  328K 27s
  6650K .......... .......... .......... .......... .......... 47%  441K 27s
  6700K .......... .......... .......... .......... .......... 48%  284K 26s
  6750K .......... .......... .......... .......... .......... 48%  402K 26s
  6800K .......... .......... .......... .......... .......... 49%  322K 26s
  6850K .......... .......... .......... .......... .......... 49%  355K 26s
  6900K .......... .......... .......... .......... .......... 49%  397K 26s
  6950K .......... .......... .......... .......... .......... 50%  319K 25s
  7000K .......... .......... .......... .......... .......... 50%  379K 25s
  7050K .......... .......... .......... .......... .......... 50%  428K 25s
  7100K .......... .......... .......... .......... .......... 51%  323K 25s
  7150K .......... .......... .......... .......... .......... 51%  378K 24s
  7200K .......... .......... .......... .......... .......... 51%  293K 24s
  7250K .......... .......... .......... .......... .......... 52%  378K 24s
  7300K .......... .......... .......... .......... .......... 52%  284K 24s
  7350K .......... .......... .......... .......... .......... 53%  624K 24s
  7400K .......... .......... .......... .......... .......... 53%  203K 23s
  7450K .......... .......... .......... .......... .......... 53%  423K 23s
  7500K .......... .......... .......... .......... .......... 54%  429K 23s
  7550K .......... .......... .......... .......... .......... 54%  517K 23s
  7600K .......... .......... .......... .......... .......... 54%  393K 23s
  7650K .......... .......... .......... .......... .......... 55%  359K 22s
  7700K .......... .......... .......... .......... .......... 55%  321K 22s
  7750K .......... .......... .......... .......... .......... 55%  256K 22s
  7800K .......... .......... .......... .......... .......... 56%  683K 22s
  7850K .......... .......... .......... .......... .......... 56%  230K 22s
  7900K .......... .......... .......... .......... .......... 56%  708K 21s
  7950K .......... .......... .......... .......... .......... 57%  332K 21s
  8000K .......... .......... .......... .......... .......... 57%  396K 21s
  8050K .......... .......... .......... .......... .......... 58%  358K 21s
  8100K .......... .......... .......... .......... .......... 58%  309K 20s
  8150K .......... .......... .......... .......... .......... 58%  324K 20s
  8200K .......... .......... .......... .......... .......... 59%  288K 20s
  8250K .......... .......... .......... .......... .......... 59%  537K 20s
  8300K .......... .......... .......... .......... .......... 59%  401K 20s
  8350K .......... .......... .......... .......... .......... 60%  360K 19s
  8400K .......... .......... .......... .......... .......... 60%  357K 19s
  8450K .......... .......... .......... .......... .......... 60%  292K 19s
  8500K .......... .......... .......... .......... .......... 61%  295K 19s
  8550K .......... .......... .......... .......... .......... 61%  415K 19s
  8600K .......... .......... .......... .......... .......... 61%  428K 19s
  8650K .......... .......... .......... .......... .......... 62%  389K 18s
  8700K .......... .......... .......... .......... .......... 62%  346K 18s
  8750K .......... .......... .......... .......... .......... 63%  343K 18s
  8800K .......... .......... .......... .......... .......... 63%  378K 18s
  8850K .......... .......... .......... .......... .......... 63%  301K 18s
  8900K .......... .......... .......... .......... .......... 64%  400K 17s
  8950K .......... .......... .......... .......... .......... 64%  306K 17s
  9000K .......... .......... .......... .......... .......... 64%  377K 17s
  9050K .......... .......... .......... .......... .......... 65%  379K 17s
  9100K .......... .......... .......... .......... .......... 65%  229K 17s
  9150K .......... .......... .......... .......... .......... 65%  897K 16s
  9200K .......... .......... .......... .......... .......... 66%  364K 16s
  9250K .......... .......... .......... .......... .......... 66%  365K 16s
  9300K .......... .......... .......... .......... .......... 66%  346K 16s
  9350K .......... .......... .......... .......... .......... 67%  327K 16s
  9400K .......... .......... .......... .......... .......... 67%  370K 15s
  9450K .......... .......... .......... .......... .......... 68%  268K 15s
  9500K .......... .......... .......... .......... .......... 68%  563K 15s
  9550K .......... .......... .......... .......... .......... 68%  345K 15s
  9600K .......... .......... .......... .......... .......... 69%  357K 15s
  9650K .......... .......... .......... .......... .......... 69%  366K 15s
  9700K .......... .......... .......... .......... .......... 69%  195K 14s
  9750K .......... .......... .......... .......... .......... 70%  626K 14s
  9800K .......... .......... .......... .......... .......... 70%  492K 14s
  9850K .......... .......... .......... .......... .......... 70%  337K 14s
  9900K .......... .......... .......... .......... .......... 71%  417K 14s
  9950K .......... .......... .......... .......... .......... 71%  342K 13s
 10000K .......... .......... .......... .......... .......... 71%  357K 13s
 10050K .......... .......... .......... .......... .......... 72%  366K 13s
 10100K .......... .......... .......... .......... .......... 72%  270K 13s
 10150K .......... .......... .......... .......... .......... 73%  453K 13s
 10200K .......... .......... .......... .......... .......... 73%  339K 13s
 10250K .......... .......... .......... .......... .......... 73%  318K 12s
 10300K .......... .......... .......... .......... .......... 74%  306K 12s
 10350K .......... .......... .......... .......... .......... 74%  308K 12s
 10400K .......... .......... .......... .......... .......... 74%  626K 12s
 10450K .......... .......... .......... .......... .......... 75%  340K 12s
 10500K .......... .......... .......... .......... .......... 75%  392K 11s
 10550K .......... .......... .......... .......... .......... 75%  270K 11s
 10600K .......... .......... .......... .......... .......... 76%  455K 11s
 10650K .......... .......... .......... .......... .......... 76%  418K 11s
 10700K .......... .......... .......... .......... .......... 76%  155K 11s
 10750K .......... .......... .......... .......... .......... 77%  552K 11s
 10800K .......... .......... .......... .......... .......... 77%  759K 10s
 10850K .......... .......... .......... .......... .......... 78%  539K 10s
 10900K .......... .......... .......... .......... .......... 78%  235K 10s
 10950K .......... .......... .......... .......... .......... 78%  490K 10s
 11000K .......... .......... .......... .......... .......... 79%  461K 10s
 11050K .......... .......... .......... .......... .......... 79%  386K 10s
 11100K .......... .......... .......... .......... .......... 79%  299K 9s
 11150K .......... .......... .......... .......... .......... 80%  301K 9s
 11200K .......... .......... .......... .......... .......... 80%  425K 9s
 11250K .......... .......... .......... .......... .......... 80%  292K 9s
 11300K .......... .......... .......... .......... .......... 81%  445K 9s
 11350K .......... .......... .......... .......... .......... 81%  437K 9s
 11400K .......... .......... .......... .......... .......... 82%  357K 8s
 11450K .......... .......... .......... .......... .......... 82%  359K 8s
 11500K .......... .......... .......... .......... .......... 82%  267K 8s
 11550K .......... .......... .......... .......... .......... 83%  414K 8s
 11600K .......... .......... .......... .......... .......... 83%  347K 8s
 11650K .......... .......... .......... .......... .......... 83%  372K 7s
 11700K .......... .......... .......... .......... .......... 84%  415K 7s
 11750K .......... .......... .......... .......... .......... 84%  306K 7s
 11800K .......... .......... .......... .......... .......... 84%  307K 7s
 11850K .......... .......... .......... .......... .......... 85%  514K 7s
 11900K .......... .......... .......... .......... .......... 85%  234K 7s
 11950K .......... .......... .......... .......... .......... 85%  694K 6s
 12000K .......... .......... .......... .......... .......... 86%  345K 6s
 12050K .......... .......... .......... .......... .......... 86%  233K 6s
 12100K .......... .......... .......... .......... .......... 87%  350K 6s
 12150K .......... .......... .......... .......... .......... 87%  568K 6s
 12200K .......... .......... .......... .......... .......... 87%  291K 6s
 12250K .......... .......... .......... .......... .......... 88%  476K 5s
 12300K .......... .......... .......... .......... .......... 88%  383K 5s
 12350K .......... .......... .......... .......... .......... 88%  283K 5s
 12400K .......... .......... .......... .......... .......... 89%  528K 5s
 12450K .......... .......... .......... .......... .......... 89%  320K 5s
 12500K .......... .......... .......... .......... .......... 89%  371K 5s
 12550K .......... .......... .......... .......... .......... 90%  287K 4s
 12600K .......... .......... .......... .......... .......... 90%  327K 4s
 12650K .......... .......... .......... .......... .......... 90%  490K 4s
 12700K .......... .......... .......... .......... .......... 91%  409K 4s
 12750K .......... .......... .......... .......... .......... 91%  299K 4s
 12800K .......... .......... .......... .......... .......... 92%  232K 4s
 12850K .......... .......... .......... .......... .......... 92%  635K 3s
 12900K .......... .......... .......... .......... .......... 92%  463K 3s
 12950K .......... .......... .......... .......... .......... 93%  364K 3s
 13000K .......... .......... .......... .......... .......... 93%  302K 3s
 13050K .......... .......... .......... .......... .......... 93%  337K 3s
 13100K .......... .......... .......... .......... .......... 94%  315K 3s
 13150K .......... .......... .......... .......... .......... 94%  383K 2s
 13200K .......... .......... .......... .......... .......... 94%  391K 2s
 13250K .......... .......... .......... .......... .......... 95%  361K 2s
 13300K .......... .......... .......... .......... .......... 95%  360K 2s
 13350K .......... .......... .......... .......... .......... 95%  335K 2s
 13400K .......... .......... .......... .......... .......... 96%  460K 2s
 13450K .......... .......... .......... .......... .......... 96%  349K 1s
 13500K .......... .......... .......... .......... .......... 97%  315K 1s
 13550K .......... .......... .......... .......... .......... 97%  336K 1s
 13600K .......... .......... .......... .......... .......... 97%  293K 1s
 13650K .......... .......... .......... .......... .......... 98%  271K 1s
 13700K .......... .......... .......... .......... .......... 98%  731K 1s
 13750K .......... .......... .......... .......... .......... 98%  340K 1s
 13800K .......... .......... .......... .......... .......... 99%  369K 0s
 13850K .......... .......... .......... .......... .......... 99%  284K 0s
 13900K .......... .......... .......... .......... .......... 99%  350K 0s
 13950K .......... .                                          100% 84.6M=45s

2017-01-07 22:17:24 (309 KB/s) - `vns_Android.apk' saved [14296508/14296508]

