--2017-01-08 21:38:43--  http://hbecp.cn/Fdxxsi
Resolving hbecp.cn... 103.211.125.154
Connecting to hbecp.cn|103.211.125.154|:80... connected.
HTTP request sent, awaiting response... 301 Moved Permanently
Location: http://hbecp.cn/Fdxxsi/ [following]
--2017-01-08 21:38:46--  http://hbecp.cn/Fdxxsi/
Reusing existing connection to hbecp.cn:80.
HTTP request sent, awaiting response... 302 Object moved
Location: luxiang.apk [following]
--2017-01-08 21:38:46--  http://hbecp.cn/Fdxxsi/luxiang.apk
Reusing existing connection to hbecp.cn:80.
HTTP request sent, awaiting response... 200 OK
Length: 213489 (208K) [application/vnd.android]
Saving to: `luxiang.apk'

     0K .......... .......... .......... .......... .......... 23% 17.1K 9s
    50K .......... .......... .......... .......... .......... 47% 55.7K 4s
   100K .......... .......... .......... .......... .......... 71% 31.5K 2s
   150K .......... .......... .......... .......... .......... 95% 43.7K 0s
   200K ........                                              100% 22.3K=6.9s

2017-01-08 21:38:53 (30.1 KB/s) - `luxiang.apk' saved [213489/213489]

