--2017-02-06 22:57:06--  http://wap.zhkasc.com/iue
Resolving wap.zhkasc.com... 45.116.212.169
Connecting to wap.zhkasc.com|45.116.212.169|:80... connected.
HTTP request sent, awaiting response... 301 Moved Permanently
Location: http://wap.zhkasc.com/iue/ [following]
--2017-02-06 22:57:12--  http://wap.zhkasc.com/iue/
Reusing existing connection to wap.zhkasc.com:80.
HTTP request sent, awaiting response... 302 Object moved
Location: %E8%A7%86%E9%A2%91.apk [following]
--2017-02-06 22:57:12--  http://wap.zhkasc.com/iue/%E8%A7%86%E9%A2%91.apk
Reusing existing connection to wap.zhkasc.com:80.
HTTP request sent, awaiting response... 200 OK
Length: 209286 (204K) [apk]
Saving to: `è§%86é¢%91.apk'

     0K .......... .......... .......... .......... .......... 24%  266K 1s
    50K .......... .......... .......... .......... .......... 48%  246K 0s
   100K .......... .......... .......... .......... .......... 73%  291K 0s
   150K .......... .......... .......... .......... .......... 97%  228K 0s
   200K ....                                                  100% 11.4M=0.8s

2017-02-06 22:57:12 (261 KB/s) - `è§%86é¢%91.apk' saved [209286/209286]

