--2017-01-31 20:04:47--  http://t.cn/RxWScC8
Resolving t.cn... 180.149.135.224
Connecting to t.cn|180.149.135.224|:80... connected.
HTTP request sent, awaiting response... 302 Found
Location: http://tto1.cn/%E7%85%A7%E7%89%871.apk [following]
--2017-01-31 20:04:47--  http://tto1.cn/%E7%85%A7%E7%89%871.apk
Resolving tto1.cn... 123.206.190.21
Connecting to tto1.cn|123.206.190.21|:80... connected.
HTTP request sent, awaiting response... 200 OK
Length: 689111 (673K) [application/vnd.android.package-archive]
Saving to: `ç%85§ç%89%871.apk'

     0K .......... .......... .......... .......... ..........  7%  457K 1s
    50K .......... .......... .......... .......... .......... 14% 1.73M 1s
   100K .......... .......... .......... .......... .......... 22% 95.2K 2s
   150K .......... .......... .......... .......... .......... 29% 2.20M 2s
   200K .......... .......... .......... .......... .......... 37%  107K 2s
   250K .......... .......... .......... .......... .......... 44% 92.5K 2s
   300K .......... .......... .......... .......... .......... 52% 96.3K 2s
   350K .......... .......... .......... .......... .......... 59%  573K 2s
   400K .......... .......... .......... .......... .......... 66% 83.0K 1s
   450K .......... .......... .......... .......... .......... 74%  120K 1s
   500K .......... .......... .......... .......... .......... 81%  326K 1s
   550K .......... .......... .......... .......... .......... 89% 83.2K 0s
   600K .......... .......... .......... .......... .......... 96%  109K 0s
   650K .......... .......... ..                              100% 1.02M=4.6s

2017-01-31 20:04:52 (148 KB/s) - `ç%85§ç%89%871.apk' saved [689111/689111]

