--2017-01-03 08:39:32--  http://cpbct.cn/Xigty
Resolving cpbct.cn... 103.39.79.210
Connecting to cpbct.cn|103.39.79.210|:80... connected.
HTTP request sent, awaiting response... 301 Moved Permanently
Location: http://cpbct.cn/Xigty/ [following]
--2017-01-03 08:39:34--  http://cpbct.cn/Xigty/
Reusing existing connection to cpbct.cn:80.
HTTP request sent, awaiting response... 302 Object moved
Location: luxiang.apk [following]
--2017-01-03 08:39:35--  http://cpbct.cn/Xigty/luxiang.apk
Reusing existing connection to cpbct.cn:80.
HTTP request sent, awaiting response... 200 OK
Length: 213499 (208K) [application/vnd.android.package-archive]
Saving to: `luxiang.apk'

     0K .......... .......... .......... .......... .......... 23%  102K 2s
    50K .......... .......... .......... .......... .......... 47%  177K 1s
   100K .......... .......... .......... .......... .......... 71%  152K 0s
   150K .......... .......... .......... .......... .......... 95%  173K 0s
   200K ........                                              100% 58.2K=1.5s

2017-01-03 08:39:36 (136 KB/s) - `luxiang.apk' saved [213499/213499]

