--2017-03-11 15:02:51--  https://www.i-niuwa.com/mapp/niubei
Resolving www.i-niuwa.com... 171.107.190.153, 119.147.113.167
Connecting to www.i-niuwa.com|171.107.190.153|:443... connected.
WARNING: cannot verify www.i-niuwa.com's certificate, issued by `/C=US/O=GeoTrust Inc./CN=RapidSSL SHA256 CA':
  Unable to locally verify the issuer's authority.
WARNING: certificate common name `*.100mubiao.com' doesn't match requested host name `www.i-niuwa.com'.
HTTP request sent, awaiting response... 200 OK
Length: 245 [text/html]
Saving to: `niubei'

     0K                                                       100% 23.4M=0s

2017-03-11 15:02:52 (23.4 MB/s) - `niubei' saved [245/245]

=======================The second times wget =====================
--2017-03-11 15:02:52--  https://ms.i-niuwa.com/file/downLoad?path=pl_niubei.apk
Resolving ms.i-niuwa.com... 211.152.44.141
Connecting to ms.i-niuwa.com|211.152.44.141|:443... connected.
WARNING: cannot verify ms.i-niuwa.com's certificate, issued by `/C=US/O=GeoTrust Inc./CN=GeoTrust EV SSL CA - G4':
  Unable to locally verify the issuer's authority.
WARNING: certificate common name `www.i-niuwa.com' doesn't match requested host name `ms.i-niuwa.com'.
HTTP request sent, awaiting response... 200 OK
Length: 13761100 (13M) [application/x-download]
Saving to: `downLoad?path=pl_niubei.apk'

     0K .......... .......... .......... .......... ..........  0% 2.60K 85m52s
    50K .......... .......... .......... .......... ..........  0% 2.99K 79m58s
   100K .......... .......... .......... .......... ..........  1% 2.98K 77m55s
   150K .......... .......... .......... .......... ..........  1% 2.99K 76m40s
   200K .......... .......... .......... .......... ..........  1% 3.97K 72m11s
   250K .......... .......... .......... .......... ..........  2% 2.78K 73m2s
   300K .......... .......... .......... .......... ..........  2% 2.94K 72m58s
   350K .......... .......... .......... .......... ..........  2% 3.39K 71m37s
   400K .......... .......... .......... .......... ..........  3% 2.54K 72m54s
   450K .......... .......... .......... .......... ..........  3% 3.00K 72m33s
   500K .......... .......... .......... .......... ..........  4% 3.81K 70m49s
   550K .......... .......... .......... .......... ..........  4% 2.98K 70m39s
   600K .......... .......... .......... .......... ..........  4% 3.12K 70m13s
   650K .......... .......... .......... .......... ..........  5% 3.10K 69m50s
   700K .......... .......... .......... .......... ..........  5% 2.98K 69m39s
   750K .......... .......... .......... .......... ..........  5% 2.82K 69m42s
   800K .......... .......... .......... .......... ..........  6% 2.98K 69m29s
   850K .......... .......... .......... .......... ..........  6% 2.91K 69m21s
   900K .......... .......... .......... .......... ..........  7% 2.87K 69m16s
   950K .......... .......... .......... .......... ..........  7% 3.28K 68m42s
  1000K .......... .......... .......... .......... ..........  7% 3.13K 68m19s
  1050K .......... .......... .......... .......... ..........  8% 2.98K 68m5s
  1100K .......... .......... .......... .......... ..........  8% 3.24K 67m36s
  1150K .......... .......... .......... .......... ..........  8% 2.98K 67m22s
  1200K .......... .......... .......... .......... ..........  9% 3.15K 67m0s
  1250K .......... .......... .......... .......... ..........  9% 2.50K 67m16s
  1300K .......... .......... .......... .......... .......... 10% 2.98K 67m0s
  1350K .......... .......... .......... .......... .......... 10% 3.83K 66m13s
  1400K .......... .......... .......... .......... .......... 10% 2.98K 65m59s
  1450K .......... .......... .......... .......... .......... 11% 2.75K 65m56s
  1500K .......... .......... .......... .......... .......... 11% 2.98K 65m41s
  1550K .......... .......... .......... .......... .......... 11% 3.12K 65m20s
  1600K .......... .......... .......... .......... .......... 12% 3.31K 64m53s
  1650K .......... .......... .......... .......... .......... 12% 2.97K 64m39s
  1700K .......... .......... .......... .......... .......... 13% 2.68K 64m37s
  1750K .......... .......... .......... .......... .......... 13% 2.70K 64m32s
  1800K .......... .......... .......... .......... .......... 13% 3.78K 63m54s
  1850K .......... .......... .......... .......... .......... 14% 2.84K 63m44s
  1900K .......... .......... .......... .......... .......... 14% 2.98K 63m29s
  1950K .......... .......... .......... .......... .......... 14% 2.75K 63m22s
  2000K .......... .......... .......... .......... .......... 15% 2.99K 63m6s
  2050K .......... .......... .......... .......... .......... 15% 3.72K 62m32s
  2100K .......... .......... .......... .......... .......... 15% 2.97K 62m17s
  2150K .......... .......... .......... .......... .......... 16% 2.97K 62m2s
  2200K .......... .......... .......... .......... .......... 16% 2.97K 61m47s
  2250K .......... .......... .......... .......... .......... 17% 2.99K 61m31s
  2300K .......... .......... .......... .......... .......... 17% 3.30K 61m8s
  2350K .......... .......... .......... .......... .......... 17% 2.81K 60m57s
  2400K .......... .......... .......... .......... .......... 18% 2.98K 60m41s
  2450K .......... .......... .......... .......... .......... 18% 3.06K 60m24s
  2500K .......... .......... .......... .......... .......... 18% 2.97K 60m8s
  2550K .......... .......... .......... .......... .......... 19% 3.34K 59m45s
  2600K .......... .......... .......... .......... .......... 19% 2.57K 59m41s
  2650K .......... .......... .......... .......... .......... 20% 2.98K 59m25s
  2700K .......... .......... .......... .......... .......... 20% 3.25K 59m3s
  2750K .......... .......... .......... .......... .......... 20% 2.99K 58m47s
  2800K .......... .......... .......... .......... .......... 21% 3.59K 58m21s
  2850K .......... .......... .......... .......... .......... 21% 2.81K 58m9s
  2900K .......... .......... .......... .......... .......... 21% 2.97K 57m54s
  2950K .......... .......... .......... .......... .......... 22% 3.37K 57m31s
  3000K .......... .......... .......... .......... .......... 22% 2.86K 57m18s
  3050K .......... .......... .......... .......... .......... 23% 2.69K 57m8s
  3100K .......... .......... .......... .......... .......... 23% 2.97K 56m52s
  3150K .......... .......... .......... .......... .......... 23% 3.34K 56m30s
  3200K .......... .......... .......... .......... .......... 24% 3.00K 56m14s
  3250K .......... .......... .......... .......... .......... 24% 2.99K 55m58s
  3300K .......... .......... .......... .......... .......... 24% 2.82K 55m45s
  3350K .......... .......... .......... .......... .......... 25% 2.98K 55m29s
  3400K .......... .......... .......... .......... .......... 25% 3.14K 55m11s
  3450K .......... .......... .......... .......... .......... 26% 3.38K 54m49s
  3500K .......... .......... .......... .......... .......... 26% 2.98K 54m33s
  3550K .......... .......... .......... .......... .......... 26% 2.97K 54m17s
  3600K .......... .......... .......... .......... .......... 27% 2.99K 54m1s
  3650K .......... .......... .......... .......... .......... 27% 2.61K 53m52s
  3700K .......... .......... .......... .......... .......... 27% 3.85K 53m26s
  3750K .......... .......... .......... .......... .......... 28% 2.96K 53m10s
  3800K .......... .......... .......... .......... .......... 28% 2.50K 53m2s
  3850K .......... .......... .......... .......... .......... 29% 3.95K 52m36s
  3900K .......... .......... .......... .......... .......... 29% 2.91K 52m21s
  3950K .......... .......... .......... .......... .......... 29% 2.68K 52m9s
  4000K .......... .......... .......... .......... .......... 30% 2.98K 51m53s
  4050K .......... .......... .......... .......... .......... 30% 3.35K 51m33s
  4100K .......... .......... .......... .......... .......... 30% 2.99K 51m17s
  4150K .......... .......... .......... .......... .......... 31% 2.74K 51m4s
  4200K .......... .......... .......... .......... .......... 31% 2.98K 50m48s
  4250K .......... .......... .......... .......... .......... 31% 2.97K 50m31s
  4300K .......... .......... .......... .......... .......... 32% 3.25K 50m12s
  4350K .......... .......... .......... .......... .......... 32% 2.99K 49m56s
  4400K .......... .......... .......... .......... .......... 33% 2.97K 49m40s
  4450K .......... .......... .......... .......... .......... 33% 2.91K 49m25s
  4500K .......... .......... .......... .......... .......... 33% 3.58K 49m3s
  4550K .......... .......... .......... .......... .......... 34% 2.99K 48m47s
  4600K .......... .......... .......... .......... .......... 34% 3.14K 48m29s
  4650K .......... .......... .......... .......... .......... 34% 2.63K 48m17s
  4700K .......... .......... .......... .......... .......... 35% 2.97K 48m1s
  4750K .......... .......... .......... .......... .......... 35% 3.71K 47m39s
  4800K .......... .......... .......... .......... .......... 36% 2.87K 47m24s
  4850K .......... .......... .......... .......... .......... 36% 3.07K 47m7s
  4900K .......... .......... .......... .......... .......... 36% 3.00K 46m50s
  4950K .......... .......... .......... .......... .......... 37% 3.18K 46m32s
  5000K .......... .......... .......... .......... .......... 37% 2.68K 46m19s
  5050K .......... .......... .......... .......... .......... 37% 3.00K 46m3s
  5100K .......... .......... .......... .......... .......... 38% 3.56K 45m42s
  5150K .......... .......... .......... .......... .......... 38% 2.99K 45m26s
  5200K .......... .......... .......... .......... .......... 39% 3.21K 45m8s
  5250K .......... .......... .......... .......... .......... 39% 2.51K 44m57s
  5300K .......... .......... .......... .......... .......... 39% 3.58K 44m36s
  5350K .......... .......... .......... .......... .......... 40% 2.83K 44m21s
  5400K .......... .......... .......... .......... .......... 40% 2.98K 44m5s
  5450K .......... .......... .......... .......... .......... 40% 3.23K 43m47s
  5500K .......... .......... .......... .......... .......... 41% 2.91K 43m31s
  5550K .......... .......... .......... .......... .......... 41% 2.98K 43m15s
  5600K .......... .......... .......... .......... .......... 42% 2.82K 43m0s
  5650K .......... .......... .......... .......... .......... 42% 2.96K 42m44s
  5700K .......... .......... .......... .......... .......... 42% 3.80K 42m23s
  5750K .......... .......... .......... .......... .......... 43% 2.57K 42m10s
  5800K .......... .......... .......... .......... .......... 43% 2.98K 41m54s
  5850K .......... .......... .......... .......... .......... 43% 3.24K 41m36s
  5900K .......... .......... .......... .......... .......... 44% 2.98K 41m20s
  5950K .......... .......... .......... .......... .......... 44% 3.36K 41m1s
  6000K .......... .......... .......... .......... .......... 45% 2.67K 40m47s
  6050K .......... .......... .......... .......... .......... 45% 2.78K 40m32s
  6100K .......... .......... .......... .......... .......... 45% 3.48K 40m13s
  6150K .......... .......... .......... .......... .......... 46% 2.97K 39m57s
  6200K .......... .......... .......... .......... .......... 46% 2.83K 39m42s
  6250K .......... .......... .......... .......... .......... 46% 2.96K 39m25s
  6300K .......... .......... .......... .......... .......... 47% 3.33K 39m7s
  6350K .......... .......... .......... .......... .......... 47% 2.77K 38m52s
  6400K .......... .......... .......... .......... .......... 47% 2.97K 38m36s
  6450K .......... .......... .......... .......... .......... 48% 3.47K 38m17s
  6500K .......... .......... .......... .......... .......... 48% 2.98K 38m1s
  6550K .......... .......... .......... .......... .......... 49% 3.38K 37m42s
  6600K .......... .......... .......... .......... .......... 49% 2.48K 37m29s
  6650K .......... .......... .......... .......... .......... 49% 2.99K 37m13s
  6700K .......... .......... .......... .......... .......... 50% 3.56K 36m54s
  6750K .......... .......... .......... .......... .......... 50% 2.99K 36m38s
  6800K .......... .......... .......... .......... .......... 50% 3.03K 36m21s
  6850K .......... .......... .......... .......... .......... 51% 3.29K 36m3s
  6900K .......... .......... .......... .......... .......... 51% 2.97K 35m47s
  6950K .......... .......... .......... .......... .......... 52% 2.74K 35m32s
  7000K .......... .......... .......... .......... .......... 52% 2.91K 35m16s
  7050K .......... .......... .......... .......... .......... 52% 3.39K 34m58s
  7100K .......... .......... .......... .......... .......... 53% 2.97K 34m41s
  7150K .......... .......... .......... .......... .......... 53% 2.98K 34m25s
  7200K .......... .......... .......... .......... .......... 53% 3.14K 34m8s
  7250K .......... .......... .......... .......... .......... 54% 2.98K 33m52s
  7300K .......... .......... .......... .......... .......... 54% 3.13K 33m35s
  7350K .......... .......... .......... .......... .......... 55% 2.93K 33m19s
  7400K .......... .......... .......... .......... .......... 55% 2.70K 33m4s
  7450K .......... .......... .......... .......... .......... 55% 3.27K 32m46s
  7500K .......... .......... .......... .......... .......... 56% 2.96K 32m30s
  7550K .......... .......... .......... .......... .......... 56% 3.19K 32m13s
  7600K .......... .......... .......... .......... .......... 56% 3.04K 31m56s
  7650K .......... .......... .......... .......... .......... 57% 2.97K 31m40s
  7700K .......... .......... .......... .......... .......... 57% 2.68K 31m25s
  7750K .......... .......... .......... .......... .......... 58% 2.97K 31m8s
  7800K .......... .......... .......... .......... .......... 58% 3.36K 30m50s
  7850K .......... .......... .......... .......... .......... 58% 2.98K 30m34s
  7900K .......... .......... .......... .......... .......... 59% 2.99K 30m18s
  7950K .......... .......... .......... .......... .......... 59% 3.15K 30m1s
  8000K .......... .......... .......... .......... .......... 59% 2.99K 29m44s
  8050K .......... .......... .......... .......... .......... 60% 3.23K 29m27s
  8100K .......... .......... .......... .......... .......... 60% 2.80K 29m11s
  8150K .......... .......... .......... .......... .......... 61% 2.96K 28m55s
  8200K .......... .......... .......... .......... .......... 61% 2.99K 28m38s
  8250K .......... .......... .......... .......... .......... 61% 2.97K 28m22s
  8300K .......... .......... .......... .......... .......... 62% 3.33K 28m4s
  8350K .......... .......... .......... .......... .......... 62% 3.17K 27m47s
  8400K .......... .......... .......... .......... .......... 62% 2.98K 27m31s
  8450K .......... .......... .......... .......... .......... 63% 2.82K 27m15s
  8500K .......... .......... .......... .......... .......... 63% 2.98K 26m59s
  8550K .......... .......... .......... .......... .......... 63% 3.22K 26m42s
  8600K .......... .......... .......... .......... .......... 64% 2.99K 26m25s
  8650K .......... .......... .......... .......... .......... 64% 2.98K 26m9s
  8700K .......... .......... .......... .......... .......... 65% 3.26K 25m51s
  8750K .......... .......... .......... .......... .......... 65% 2.98K 25m35s
  8800K .......... .......... .......... .......... .......... 65% 2.61K 25m20s
  8850K .......... .......... .......... .......... .......... 66% 2.99K 25m3s
  8900K .......... .......... .......... .......... .......... 66% 3.20K 24m46s
  8950K .......... .......... .......... .......... .......... 66% 3.11K 24m30s
  9000K .......... .......... .......... .......... .......... 67% 2.97K 24m13s
  9050K .......... .......... .......... .......... .......... 67% 2.77K 23m57s
  9100K .......... .......... .......... .......... .......... 68% 3.85K 23m39s
  9150K .......... .......... .......... .......... .......... 68% 2.85K 23m23s
  9200K .......... .......... .......... .......... .......... 68% 2.51K 23m8s
  9250K .......... .......... .......... .......... .......... 69% 2.98K 22m51s
  9300K .......... .......... .......... .......... .......... 69% 3.25K 22m34s
  9350K .......... .......... .......... .......... .......... 69% 2.99K 22m18s
  9400K .......... .......... .......... .......... .......... 70% 3.34K 22m1s
  9450K .......... .......... .......... .......... .......... 70% 2.91K 21m44s
  9500K .......... .......... .......... .......... .......... 71% 2.97K 21m28s
  9550K .......... .......... .......... .......... .......... 71% 2.94K 21m11s
  9600K .......... .......... .......... .......... .......... 71% 2.81K 20m55s
  9650K .......... .......... .......... .......... .......... 72% 3.80K 20m38s
  9700K .......... .......... .......... .......... .......... 72% 2.77K 20m22s
  9750K .......... .......... .......... .......... .......... 72% 2.98K 20m5s
  9800K .......... .......... .......... .......... .......... 73% 3.17K 19m48s
  9850K .......... .......... .......... .......... .......... 73% 2.97K 19m32s
  9900K .......... .......... .......... .......... .......... 74% 3.27K 19m15s
  9950K .......... .......... .......... .......... .......... 74% 2.89K 18m58s
 10000K .......... .......... .......... .......... .......... 74% 2.99K 18m42s
 10050K .......... .......... .......... .......... .......... 75% 3.15K 18m25s
 10100K .......... .......... .......... .......... .......... 75% 2.99K 18m9s
 10150K .......... .......... .......... .......... .......... 75% 2.76K 17m53s
 10200K .......... .......... .......... .......... .......... 76% 3.00K 17m36s
 10250K .......... .......... .......... .......... .......... 76% 3.37K 17m19s
 10300K .......... .......... .......... .......... .......... 77% 2.89K 17m3s
 10350K .......... .......... .......... .......... .......... 77% 2.97K 16m46s
 10400K .......... .......... .......... .......... .......... 77% 3.47K 16m29s
 10450K .......... .......... .......... .......... .......... 78% 2.98K 16m13s
 10500K .......... .......... .......... .......... .......... 78% 2.98K 15m56s
 10550K .......... .......... .......... .......... .......... 78% 2.75K 15m40s
 10600K .......... .......... .......... .......... .......... 79% 2.98K 15m24s
 10650K .......... .......... .......... .......... .......... 79% 3.31K 15m7s
 10700K .......... .......... .......... .......... .......... 79% 2.63K 14m51s
 10750K .......... .......... .......... .......... .......... 80% 3.98K 14m33s
 10800K .......... .......... .......... .......... .......... 80% 2.62K 14m17s
 10850K .......... .......... .......... .......... .......... 81% 2.57K 14m1s
 10900K .......... .......... .......... .......... .......... 81% 3.15K 13m45s
 10950K .......... .......... .......... .......... .......... 81% 2.86K 13m28s
 11000K .......... .......... .......... .......... .......... 82% 2.50K 13m12s
 11050K .......... .......... .......... .......... .......... 82% 2.74K 12m56s
 11100K .......... .......... .......... .......... .......... 82% 2.52K 12m40s
 11150K .......... .......... .......... .......... .......... 83% 2.29K 12m25s
 11200K .......... .......... .......... .......... .......... 83% 2.56K 12m9s
 11250K .......... .......... .......... .......... .......... 84% 2.85K 11m52s
 11300K .......... .......... .......... .......... .......... 84% 2.59K 11m36s
 11350K .......... .......... .......... .......... .......... 84% 2.56K 11m20s
 11400K .......... .......... .......... .......... .......... 85% 3.27K 11m3s
 11450K .......... .......... .......... .......... .......... 85% 2.83K 10m46s
 11500K .......... .......... .......... .......... .......... 85% 2.97K 10m30s
 11550K .......... .......... .......... .......... .......... 86% 3.36K 10m13s
 11600K .......... .......... .......... .......... .......... 86% 2.98K 9m56s
 11650K .......... .......... .......... .......... .......... 87% 3.25K 9m39s
 11700K .......... .......... .......... .......... .......... 87% 2.98K 9m23s
 11750K .......... .......... .......... .......... .......... 87% 3.04K 9m6s
 11800K .......... .......... .......... .......... .......... 88% 2.63K 8m50s
 11850K .......... .......... .......... .......... .......... 88% 2.99K 8m33s
 11900K .......... .......... .......... .......... .......... 88% 3.70K 8m16s
 11950K .......... .......... .......... .......... .......... 89% 2.88K 7m59s
 12000K .......... .......... .......... .......... .......... 89% 2.82K 7m43s
 12050K .......... .......... .......... .......... .......... 90% 3.00K 7m26s
 12100K .......... .......... .......... .......... .......... 90% 2.97K 7m9s
 12150K .......... .......... .......... .......... .......... 90% 3.37K 6m53s
 12200K .......... .......... .......... .......... .......... 91% 2.97K 6m36s
 12250K .......... .......... .......... .......... .......... 91% 2.56K 6m20s
 12300K .......... .......... .......... .......... .......... 91% 3.95K 6m3s
 12350K .......... .......... .......... .......... .......... 92% 2.99K 5m46s
 12400K .......... .......... .......... .......... .......... 92% 2.68K 5m29s
 12450K .......... .......... .......... .......... .......... 93% 3.00K 5m13s
 12500K .......... .......... .......... .......... .......... 93% 3.65K 4m56s
 12550K .......... .......... .......... .......... .......... 93% 2.71K 4m39s
 12600K .......... .......... .......... .......... .......... 94% 2.77K 4m23s
 12650K .......... .......... .......... .......... .......... 94% 2.82K 4m6s
 12700K .......... .......... .......... .......... .......... 94% 2.97K 3m50s
 12750K .......... .......... .......... .......... .......... 95% 3.85K 3m33s
 12800K .......... .......... .......... .......... .......... 95% 2.98K 3m16s
 12850K .......... .......... .......... .......... .......... 95% 3.08K 2m59s
 12900K .......... .......... .......... .......... .......... 96% 3.15K 2m43s
 12950K .......... .......... .......... .......... .......... 96% 2.99K 2m26s
 13000K .......... .......... .......... .......... .......... 97% 2.55K 2m9s
 13050K .......... .......... .......... .......... .......... 97% 2.97K 1m53s
 13100K .......... .......... .......... .......... .......... 97% 3.16K 96s
 13150K .......... .......... .......... .......... .......... 98% 3.33K 79s
 13200K .......... .......... .......... .......... .......... 98% 2.85K 63s
 13250K .......... .......... .......... .......... .......... 98% 2.80K 46s
 13300K .......... .......... .......... .......... .......... 99% 2.98K 30s
 13350K .......... .......... .......... .......... .......... 99% 3.78K 13s
 13400K .......... .......... .......... ........             100% 3.03K=74m34s

2017-03-11 16:17:27 (3.00 KB/s) - `downLoad?path=pl_niubei.apk' saved [13761100/13761100]

