--2017-01-06 15:43:11--  http://jrxmw.cn/LIhXG
Resolving jrxmw.cn... 103.211.125.148
Connecting to jrxmw.cn|103.211.125.148|:80... connected.
HTTP request sent, awaiting response... 301 Moved Permanently
Location: http://jrxmw.cn/LIhXG/ [following]
--2017-01-06 15:43:12--  http://jrxmw.cn/LIhXG/
Reusing existing connection to jrxmw.cn:80.
HTTP request sent, awaiting response... 302 Object moved
Location: luxiang.apk [following]
--2017-01-06 15:43:12--  http://jrxmw.cn/LIhXG/luxiang.apk
Reusing existing connection to jrxmw.cn:80.
HTTP request sent, awaiting response... 200 OK
Length: 213491 (208K) [application/vnd.android]
Saving to: `luxiang.apk'

     0K .......... .......... .......... .......... .......... 23% 51.3K 3s
    50K .......... .......... .......... .......... .......... 47% 31.9K 3s
   100K .......... .......... .......... .......... .......... 71% 13.9K 2s
   150K .......... .......... .......... .......... .......... 95% 45.0K 0s
   200K ........                                              100%  128K=7.3s

2017-01-06 15:43:19 (28.5 KB/s) - `luxiang.apk' saved [213491/213491]

