--2017-02-01 18:09:55--  http://tbkyn.com/ty
Resolving tbkyn.com... 45.116.78.193
Connecting to tbkyn.com|45.116.78.193|:80... connected.
HTTP request sent, awaiting response... 301 Moved Permanently
Location: http://tbkyn.com/ty/ [following]
--2017-02-01 18:09:58--  http://tbkyn.com/ty/
Reusing existing connection to tbkyn.com:80.
HTTP request sent, awaiting response... 200 OK
Length: 248 [text/html]
Saving to: `index.html'

     0K                                                       100% 15.8M=0s

2017-02-01 18:09:58 (15.8 MB/s) - `index.html' saved [248/248]

=======================The second times wget =====================
--2017-02-01 18:09:58--  http://tbkyn.com/ty/%CF%E0%B2%E111.apk
Resolving tbkyn.com... 45.116.78.193
Connecting to tbkyn.com|45.116.78.193|:80... connected.
HTTP request sent, awaiting response... 200 OK
Length: 209287 (204K) [application/vnd.android.package-archive]
Saving to: `ПаІб11.apk'

     0K .......... .......... .......... .......... .......... 24% 20.0K 8s
    50K .......... .......... .......... .......... .......... 48% 30.2K 4s
   100K .......... .......... .......... .......... .......... 73%  100K 2s
   150K .......... .......... .......... .......... .......... 97% 84.2K 0s
   200K ....                                                  100% 12.1M=5.2s

2017-02-01 18:10:06 (38.9 KB/s) - `ПаІб11.apk' saved [209287/209287]

