--2017-01-06 16:14:23--  http://hfbgb.cn/
Resolving hfbgb.cn... 103.228.131.185
Connecting to hfbgb.cn|103.228.131.185|:80... connected.
HTTP request sent, awaiting response... 200 OK
Length: 721 [text/html]
Saving to: `index.html'

     0K                                                       100% 49.1M=0s

2017-01-06 16:14:28 (49.1 MB/s) - `index.html' saved [721/721]

=======================The second times wget =====================
--2017-01-06 16:14:28--  http://hfbgb.cn//jjjj.apk
Resolving hfbgb.cn... 103.228.131.185
Connecting to hfbgb.cn|103.228.131.185|:80... connected.
HTTP request sent, awaiting response... 200 OK
Length: 390201 (381K) [application/vnd.android.package-archive]
Saving to: `jjjj.apk'

     0K .......... .......... .......... .......... .......... 13% 90.0K 4s
    50K .......... .......... .......... .......... .......... 26% 77.9K 3s
   100K .......... .......... .......... .......... .......... 39% 71.2K 3s
   150K .......... .......... .......... .......... .......... 52% 32.8K 3s
   200K .......... .......... .......... .......... .......... 65% 48.6K 2s
   250K .......... .......... .......... .......... .......... 78% 39.3K 2s
   300K .......... .......... .......... .......... .......... 91%  110K 1s
   350K .......... .......... .......... .                    100% 38.6K=7.0s

2017-01-06 16:14:36 (54.6 KB/s) - `jjjj.apk' saved [390201/390201]

