--2017-01-10 11:17:36--  http://aa.tangdou.com/
Resolving aa.tangdou.com... 106.75.4.142
Connecting to aa.tangdou.com|106.75.4.142|:80... connected.
HTTP request sent, awaiting response... 302 Moved Temporarily
Location: http://share.tangdou.com/ [following]
--2017-01-10 11:17:37--  http://share.tangdou.com/
Resolving share.tangdou.com... 175.6.25.162
Connecting to share.tangdou.com|175.6.25.162|:80... connected.
HTTP request sent, awaiting response... 301 Moved Permanently
Location: https://share.tangdou.com/ [following]
--2017-01-10 11:17:37--  https://share.tangdou.com/
Connecting to share.tangdou.com|175.6.25.162|:443... connected.
WARNING: certificate common name `*.b0.upaiyun.com' doesn't match requested host name `share.tangdou.com'.
HTTP request sent, awaiting response... 200 OK
Length: unspecified [text/html]
Saving to: `index.html'

     0K .......... .......... ..                               79.7M=0s

2017-01-10 11:17:37 (79.7 MB/s) - `index.html' saved [23497]

=======================The second times wget =====================
--2017-01-10 11:17:38--  http://d.tangdou.com/download/tangdou_aa.apk
Resolving d.tangdou.com... 175.6.25.162
Connecting to d.tangdou.com|175.6.25.162|:80... connected.
HTTP request sent, awaiting response... 200 OK
Length: 15072663 (14M) [application/vnd.android.package-archive]
Saving to: `tangdou_aa.apk'

     0K .......... .......... .......... .......... ..........  0% 2.21M 6s
    50K .......... .......... .......... .......... ..........  0% 2.16M 7s
   100K .......... .......... .......... .......... ..........  1% 4.53M 5s
   150K .......... .......... .......... .......... ..........  1% 7.72M 4s
   200K .......... .......... .......... .......... ..........  1%  122M 4s
   250K .......... .......... .......... .......... ..........  2% 3.25M 4s
   300K .......... .......... .......... .......... ..........  2%  100M 3s
   350K .......... .......... .......... .......... ..........  2% 7.07M 3s
   400K .......... .......... .......... .......... ..........  3%  169M 3s
   450K .......... .......... .......... .......... ..........  3%  126M 2s
   500K .......... .......... .......... .......... ..........  3% 5.18M 2s
   550K .......... .......... .......... .......... ..........  4% 71.8M 2s
   600K .......... .......... .......... .......... ..........  4%  137M 2s
   650K .......... .......... .......... .......... ..........  4% 10.6M 2s
   700K .......... .......... .......... .......... ..........  5%  124M 2s
   750K .......... .......... .......... .......... ..........  5% 14.9M 2s
   800K .......... .......... .......... .......... ..........  5% 24.7M 2s
   850K .......... .......... .......... .......... ..........  6%  164M 2s
   900K .......... .......... .......... .......... ..........  6%  116M 2s
   950K .......... .......... .......... .......... ..........  6%  181M 1s
  1000K .......... .......... .......... .......... ..........  7% 16.2M 1s
  1050K .......... .......... .......... .......... ..........  7% 32.2M 1s
  1100K .......... .......... .......... .......... ..........  7%  158M 1s
  1150K .......... .......... .......... .......... ..........  8%  170M 1s
  1200K .......... .......... .......... .......... ..........  8% 15.8M 1s
  1250K .......... .......... .......... .......... ..........  8% 6.17M 1s
  1300K .......... .......... .......... .......... ..........  9%  178M 1s
  1350K .......... .......... .......... .......... ..........  9%  161M 1s
  1400K .......... .......... .......... .......... ..........  9%  171M 1s
  1450K .......... .......... .......... .......... .......... 10% 1.95M 1s
  1500K .......... .......... .......... .......... .......... 10%  179M 1s
  1550K .......... .......... .......... .......... .......... 10%  176M 1s
  1600K .......... .......... .......... .......... .......... 11%  150M 1s
  1650K .......... .......... .......... .......... .......... 11%  180M 1s
  1700K .......... .......... .......... .......... .......... 11% 6.65M 1s
  1750K .......... .......... .......... .......... .......... 12% 4.04M 1s
  1800K .......... .......... .......... .......... .......... 12% 54.0M 1s
  1850K .......... .......... .......... .......... .......... 12%  137M 1s
  1900K .......... .......... .......... .......... .......... 13%  163M 1s
  1950K .......... .......... .......... .......... .......... 13%  176M 1s
  2000K .......... .......... .......... .......... .......... 13% 8.07M 1s
  2050K .......... .......... .......... .......... .......... 14%  157M 1s
  2100K .......... .......... .......... .......... .......... 14% 11.8M 1s
  2150K .......... .......... .......... .......... .......... 14% 2.95M 1s
  2200K .......... .......... .......... .......... .......... 15%  176M 1s
  2250K .......... .......... .......... .......... .......... 15%  184M 1s
  2300K .......... .......... .......... .......... .......... 15% 4.91M 1s
  2350K .......... .......... .......... .......... .......... 16% 41.3M 1s
  2400K .......... .......... .......... .......... .......... 16% 3.12M 1s
  2450K .......... .......... .......... .......... .......... 16% 98.0M 1s
  2500K .......... .......... .......... .......... .......... 17% 5.85M 1s
  2550K .......... .......... .......... .......... .......... 17%  156M 1s
  2600K .......... .......... .......... .......... .......... 18%  163M 1s
  2650K .......... .......... .......... .......... .......... 18% 40.2M 1s
  2700K .......... .......... .......... .......... .......... 18%  119M 1s
  2750K .......... .......... .......... .......... .......... 19% 19.8M 1s
  2800K .......... .......... .......... .......... .......... 19% 2.64M 1s
  2850K .......... .......... .......... .......... .......... 19%  182M 1s
  2900K .......... .......... .......... .......... .......... 20% 2.19M 1s
  2950K .......... .......... .......... .......... .......... 20%  148M 1s
  3000K .......... .......... .......... .......... .......... 20%  150M 1s
  3050K .......... .......... .......... .......... .......... 21%  177M 1s
  3100K .......... .......... .......... .......... .......... 21%  173M 1s
  3150K .......... .......... .......... .......... .......... 21%  150M 1s
  3200K .......... .......... .......... .......... .......... 22%  128M 1s
  3250K .......... .......... .......... .......... .......... 22%  184M 1s
  3300K .......... .......... .......... .......... .......... 22%  147M 1s
  3350K .......... .......... .......... .......... .......... 23% 2.41M 1s
  3400K .......... .......... .......... .......... .......... 23% 65.3M 1s
  3450K .......... .......... .......... .......... .......... 23%  147M 1s
  3500K .......... .......... .......... .......... .......... 24%  180M 1s
  3550K .......... .......... .......... .......... .......... 24%  186M 1s
  3600K .......... .......... .......... .......... .......... 24% 10.0M 1s
  3650K .......... .......... .......... .......... .......... 25%  168M 1s
  3700K .......... .......... .......... .......... .......... 25% 8.96M 1s
  3750K .......... .......... .......... .......... .......... 25% 7.67M 1s
  3800K .......... .......... .......... .......... .......... 26% 27.9M 1s
  3850K .......... .......... .......... .......... .......... 26% 96.9M 1s
  3900K .......... .......... .......... .......... .......... 26%  191M 1s
  3950K .......... .......... .......... .......... .......... 27% 33.7M 1s
  4000K .......... .......... .......... .......... .......... 27% 3.02M 1s
  4050K .......... .......... .......... .......... .......... 27% 28.2M 1s
  4100K .......... .......... .......... .......... .......... 28% 36.8M 1s
  4150K .......... .......... .......... .......... .......... 28%  157M 1s
  4200K .......... .......... .......... .......... .......... 28% 6.83M 1s
  4250K .......... .......... .......... .......... .......... 29% 13.5M 1s
  4300K .......... .......... .......... .......... .......... 29% 31.0M 1s
  4350K .......... .......... .......... .......... .......... 29%  151M 1s
  4400K .......... .......... .......... .......... .......... 30% 2.41M 1s
  4450K .......... .......... .......... .......... .......... 30%  102M 1s
  4500K .......... .......... .......... .......... .......... 30%  138M 1s
  4550K .......... .......... .......... .......... .......... 31%  135M 1s
  4600K .......... .......... .......... .......... .......... 31%  159M 1s
  4650K .......... .......... .......... .......... .......... 31% 2.38M 1s
  4700K .......... .......... .......... .......... .......... 32%  156M 1s
  4750K .......... .......... .......... .......... .......... 32% 5.30M 1s
  4800K .......... .......... .......... .......... .......... 32% 57.9M 1s
  4850K .......... .......... .......... .......... .......... 33%  161M 1s
  4900K .......... .......... .......... .......... .......... 33%  154M 1s
  4950K .......... .......... .......... .......... .......... 33%  157M 1s
  5000K .......... .......... .......... .......... .......... 34%  155M 1s
  5050K .......... .......... .......... .......... .......... 34% 2.10M 1s
  5100K .......... .......... .......... .......... .......... 34%  147M 1s
  5150K .......... .......... .......... .......... .......... 35%  154M 1s
  5200K .......... .......... .......... .......... .......... 35% 81.0M 1s
  5250K .......... .......... .......... .......... .......... 36%  142M 1s
  5300K .......... .......... .......... .......... .......... 36% 3.75M 1s
  5350K .......... .......... .......... .......... .......... 36% 4.73M 1s
  5400K .......... .......... .......... .......... .......... 37% 13.9M 1s
  5450K .......... .......... .......... .......... .......... 37%  119M 1s
  5500K .......... .......... .......... .......... .......... 37%  164M 1s
  5550K .......... .......... .......... .......... .......... 38%  142M 1s
  5600K .......... .......... .......... .......... .......... 38% 12.1M 1s
  5650K .......... .......... .......... .......... .......... 38% 6.78M 1s
  5700K .......... .......... .......... .......... .......... 39%  179M 1s
  5750K .......... .......... .......... .......... .......... 39% 47.7M 1s
  5800K .......... .......... .......... .......... .......... 39%  133M 1s
  5850K .......... .......... .......... .......... .......... 40%  135M 1s
  5900K .......... .......... .......... .......... .......... 40%  165M 1s
  5950K .......... .......... .......... .......... .......... 40% 2.56M 1s
  6000K .......... .......... .......... .......... .......... 41% 7.46M 1s
  6050K .......... .......... .......... .......... .......... 41%  124M 1s
  6100K .......... .......... .......... .......... .......... 41% 76.4M 1s
  6150K .......... .......... .......... .......... .......... 42%  181M 1s
  6200K .......... .......... .......... .......... .......... 42% 11.3M 1s
  6250K .......... .......... .......... .......... .......... 42% 3.90M 1s
  6300K .......... .......... .......... .......... .......... 43% 4.53M 1s
  6350K .......... .......... .......... .......... .......... 43%  110M 1s
  6400K .......... .......... .......... .......... .......... 43% 12.3M 1s
  6450K .......... .......... .......... .......... .......... 44% 14.6M 1s
  6500K .......... .......... .......... .......... .......... 44% 57.1M 1s
  6550K .......... .......... .......... .......... .......... 44% 5.04M 1s
  6600K .......... .......... .......... .......... .......... 45%  121M 1s
  6650K .......... .......... .......... .......... .......... 45% 55.4M 1s
  6700K .......... .......... .......... .......... .......... 45%  131M 1s
  6750K .......... .......... .......... .......... .......... 46%  106M 1s
  6800K .......... .......... .......... .......... .......... 46% 1.96M 1s
  6850K .......... .......... .......... .......... .......... 46%  122M 1s
  6900K .......... .......... .......... .......... .......... 47%  104M 1s
  6950K .......... .......... .......... .......... .......... 47%  106M 1s
  7000K .......... .......... .......... .......... .......... 47%  173M 1s
  7050K .......... .......... .......... .......... .......... 48%  154M 1s
  7100K .......... .......... .......... .......... .......... 48% 5.18M 1s
  7150K .......... .......... .......... .......... .......... 48% 4.75M 1s
  7200K .......... .......... .......... .......... .......... 49% 95.4M 1s
  7250K .......... .......... .......... .......... .......... 49% 71.1M 1s
  7300K .......... .......... .......... .......... .......... 49% 32.0M 1s
  7350K .......... .......... .......... .......... .......... 50%  176M 1s
  7400K .......... .......... .......... .......... .......... 50% 6.02M 1s
  7450K .......... .......... .......... .......... .......... 50% 3.40M 1s
  7500K .......... .......... .......... .......... .......... 51% 72.3M 1s
  7550K .......... .......... .......... .......... .......... 51%  120M 1s
  7600K .......... .......... .......... .......... .......... 51%  150M 1s
  7650K .......... .......... .......... .......... .......... 52% 19.0M 1s
  7700K .......... .......... .......... .......... .......... 52%  156M 1s
  7750K .......... .......... .......... .......... .......... 52%  132M 1s
  7800K .......... .......... .......... .......... .......... 53% 3.06M 1s
  7850K .......... .......... .......... .......... .......... 53%  152M 1s
  7900K .......... .......... .......... .......... .......... 54% 95.4M 1s
  7950K .......... .......... .......... .......... .......... 54%  138M 1s
  8000K .......... .......... .......... .......... .......... 54%  133M 1s
  8050K .......... .......... .......... .......... .......... 55% 5.09M 1s
  8100K .......... .......... .......... .......... .......... 55%  131M 1s
  8150K .......... .......... .......... .......... .......... 55% 61.5M 1s
  8200K .......... .......... .......... .......... .......... 56%  147M 1s
  8250K .......... .......... .......... .......... .......... 56% 34.6M 1s
  8300K .......... .......... .......... .......... .......... 56%  140M 1s
  8350K .......... .......... .......... .......... .......... 57% 1.99M 1s
  8400K .......... .......... .......... .......... .......... 57% 88.5M 1s
  8450K .......... .......... .......... .......... .......... 57% 73.8M 1s
  8500K .......... .......... .......... .......... .......... 58%  174M 0s
  8550K .......... .......... .......... .......... .......... 58% 33.2M 0s
  8600K .......... .......... .......... .......... .......... 58% 2.83M 0s
  8650K .......... .......... .......... .......... .......... 59%  156M 0s
  8700K .......... .......... .......... .......... .......... 59%  185M 0s
  8750K .......... .......... .......... .......... .......... 59% 4.14M 0s
  8800K .......... .......... .......... .......... .......... 60%  142M 0s
  8850K .......... .......... .......... .......... .......... 60% 2.03M 0s
  8900K .......... .......... .......... .......... .......... 60%  164M 0s
  8950K .......... .......... .......... .......... .......... 61% 91.6M 0s
  9000K .......... .......... .......... .......... .......... 61%  176M 0s
  9050K .......... .......... .......... .......... .......... 61% 44.3M 0s
  9100K .......... .......... .......... .......... .......... 62%  133M 0s
  9150K .......... .......... .......... .......... .......... 62% 39.5M 0s
  9200K .......... .......... .......... .......... .......... 62% 3.40M 0s
  9250K .......... .......... .......... .......... .......... 63%  110M 0s
  9300K .......... .......... .......... .......... .......... 63%  151M 0s
  9350K .......... .......... .......... .......... .......... 63% 98.2M 0s
  9400K .......... .......... .......... .......... .......... 64% 98.2M 0s
  9450K .......... .......... .......... .......... .......... 64%  182M 0s
  9500K .......... .......... .......... .......... .......... 64% 2.12M 0s
  9550K .......... .......... .......... .......... .......... 65%  138M 0s
  9600K .......... .......... .......... .......... .......... 65% 42.4M 0s
  9650K .......... .......... .......... .......... .......... 65%  134M 0s
  9700K .......... .......... .......... .......... .......... 66%  176M 0s
  9750K .......... .......... .......... .......... .......... 66% 44.6M 0s
  9800K .......... .......... .......... .......... .......... 66% 13.3M 0s
  9850K .......... .......... .......... .......... .......... 67% 3.83M 0s
  9900K .......... .......... .......... .......... .......... 67%  163M 0s
  9950K .......... .......... .......... .......... .......... 67%  184M 0s
 10000K .......... .......... .......... .......... .......... 68%  141M 0s
 10050K .......... .......... .......... .......... .......... 68%  193M 0s
 10100K .......... .......... .......... .......... .......... 68% 1.53M 0s
 10150K .......... .......... .......... .......... .......... 69%  176M 0s
 10200K .......... .......... .......... .......... .......... 69%  105M 0s
 10250K .......... .......... .......... .......... .......... 69%  164M 0s
 10300K .......... .......... .......... .......... .......... 70% 39.2M 0s
 10350K .......... .......... .......... .......... .......... 70% 10.5M 0s
 10400K .......... .......... .......... .......... .......... 70% 15.8M 0s
 10450K .......... .......... .......... .......... .......... 71% 3.25M 0s
 10500K .......... .......... .......... .......... .......... 71%  149M 0s
 10550K .......... .......... .......... .......... .......... 72%  151M 0s
 10600K .......... .......... .......... .......... .......... 72%  155M 0s
 10650K .......... .......... .......... .......... .......... 72% 4.59M 0s
 10700K .......... .......... .......... .......... .......... 73% 88.8M 0s
 10750K .......... .......... .......... .......... .......... 73%  148M 0s
 10800K .......... .......... .......... .......... .......... 73% 93.9M 0s
 10850K .......... .......... .......... .......... .......... 74% 2.58M 0s
 10900K .......... .......... .......... .......... .......... 74%  151M 0s
 10950K .......... .......... .......... .......... .......... 74%  189M 0s
 11000K .......... .......... .......... .......... .......... 75% 13.9M 0s
 11050K .......... .......... .......... .......... .......... 75%  168M 0s
 11100K .......... .......... .......... .......... .......... 75% 6.46M 0s
 11150K .......... .......... .......... .......... .......... 76% 28.5M 0s
 11200K .......... .......... .......... .......... .......... 76% 4.70M 0s
 11250K .......... .......... .......... .......... .......... 76% 9.00M 0s
 11300K .......... .......... .......... .......... .......... 77% 70.8M 0s
 11350K .......... .......... .......... .......... .......... 77%  114M 0s
 11400K .......... .......... .......... .......... .......... 77%  174M 0s
 11450K .......... .......... .......... .......... .......... 78% 7.46M 0s
 11500K .......... .......... .......... .......... .......... 78% 3.48M 0s
 11550K .......... .......... .......... .......... .......... 78%  103M 0s
 11600K .......... .......... .......... .......... .......... 79% 37.1M 0s
 11650K .......... .......... .......... .......... .......... 79%  164M 0s
 11700K .......... .......... .......... .......... .......... 79% 6.55M 0s
 11750K .......... .......... .......... .......... .......... 80% 3.96M 0s
 11800K .......... .......... .......... .......... .......... 80%  174M 0s
 11850K .......... .......... .......... .......... .......... 80% 62.9M 0s
 11900K .......... .......... .......... .......... .......... 81% 72.0M 0s
 11950K .......... .......... .......... .......... .......... 81%  174M 0s
 12000K .......... .......... .......... .......... .......... 81% 4.82M 0s
 12050K .......... .......... .......... .......... .......... 82% 3.61M 0s
 12100K .......... .......... .......... .......... .......... 82%  169M 0s
 12150K .......... .......... .......... .......... .......... 82% 8.19M 0s
 12200K .......... .......... .......... .......... .......... 83%  162M 0s
 12250K .......... .......... .......... .......... .......... 83% 31.6M 0s
 12300K .......... .......... .......... .......... .......... 83%  175M 0s
 12350K .......... .......... .......... .......... .......... 84% 5.35M 0s
 12400K .......... .......... .......... .......... .......... 84%  137M 0s
 12450K .......... .......... .......... .......... .......... 84% 9.67M 0s
 12500K .......... .......... .......... .......... .......... 85% 79.7M 0s
 12550K .......... .......... .......... .......... .......... 85%  144M 0s
 12600K .......... .......... .......... .......... .......... 85% 6.73M 0s
 12650K .......... .......... .......... .......... .......... 86% 16.3M 0s
 12700K .......... .......... .......... .......... .......... 86%  102M 0s
 12750K .......... .......... .......... .......... .......... 86%  135M 0s
 12800K .......... .......... .......... .......... .......... 87% 9.91M 0s
 12850K .......... .......... .......... .......... .......... 87% 12.0M 0s
 12900K .......... .......... .......... .......... .......... 87%  182M 0s
 12950K .......... .......... .......... .......... .......... 88% 2.98M 0s
 13000K .......... .......... .......... .......... .......... 88% 83.8M 0s
 13050K .......... .......... .......... .......... .......... 88% 79.1M 0s
 13100K .......... .......... .......... .......... .......... 89% 8.15M 0s
 13150K .......... .......... .......... .......... .......... 89% 51.6M 0s
 13200K .......... .......... .......... .......... .......... 90% 8.87M 0s
 13250K .......... .......... .......... .......... .......... 90% 37.3M 0s
 13300K .......... .......... .......... .......... .......... 90%  109M 0s
 13350K .......... .......... .......... .......... .......... 91% 14.0M 0s
 13400K .......... .......... .......... .......... .......... 91% 3.93M 0s
 13450K .......... .......... .......... .......... .......... 91% 3.23M 0s
 13500K .......... .......... .......... .......... .......... 92% 5.62M 0s
 13550K .......... .......... .......... .......... .......... 92%  104M 0s
 13600K .......... .......... .......... .......... .......... 92% 10.1M 0s
 13650K .......... .......... .......... .......... .......... 93%  108M 0s
 13700K .......... .......... .......... .......... .......... 93% 72.0M 0s
 13750K .......... .......... .......... .......... .......... 93%  489K 0s
 13800K .......... .......... .......... .......... .......... 94%  181M 0s
 13850K .......... .......... .......... .......... .......... 94%  157M 0s
 13900K .......... .......... .......... .......... .......... 94%  158M 0s
 13950K .......... .......... .......... .......... .......... 95%  164M 0s
 14000K .......... .......... .......... .......... .......... 95%  121M 0s
 14050K .......... .......... .......... .......... .......... 95%  137M 0s
 14100K .......... .......... .......... .......... .......... 96%  161M 0s
 14150K .......... .......... .......... .......... .......... 96%  154M 0s
 14200K .......... .......... .......... .......... .......... 96%  144M 0s
 14250K .......... .......... .......... .......... .......... 97%  171M 0s
 14300K .......... .......... .......... .......... .......... 97% 2.76M 0s
 14350K .......... .......... .......... .......... .......... 97% 79.0M 0s
 14400K .......... .......... .......... .......... .......... 98%  103M 0s
 14450K .......... .......... .......... .......... .......... 98%  187M 0s
 14500K .......... .......... .......... .......... .......... 98%  146M 0s
 14550K .......... .......... .......... .......... .......... 99% 1.68M 0s
 14600K .......... .......... .......... .......... .......... 99% 63.9M 0s
 14650K .......... .......... .......... .......... .......... 99% 15.8M 0s
 14700K .......... .........                                  100%  171M=1.3s

2017-01-10 11:17:40 (11.3 MB/s) - `tangdou_aa.apk' saved [15072663/15072663]

