--2017-02-13 20:28:38--  http://yday.info/ggh
Resolving yday.info... 43.230.112.228
Connecting to yday.info|43.230.112.228|:80... connected.
HTTP request sent, awaiting response... 301 Moved Permanently
Location: http://yday.info/ggh/ [following]
--2017-02-13 20:28:40--  http://yday.info/ggh/
Reusing existing connection to yday.info:80.
HTTP request sent, awaiting response... 200 OK
Length: 340 [text/html]
Saving to: `index.html'

     0K                                                       100% 21.6M=0s

2017-02-13 20:28:40 (21.6 MB/s) - `index.html' saved [340/340]

=======================The second times wget =====================
--2017-02-13 20:28:40--  http://yday.info/ggh/%C2%BC%CF%F1.apk
Resolving yday.info... 43.230.112.228
Connecting to yday.info|43.230.112.228|:80... connected.
HTTP request sent, awaiting response... 200 OK
Length: 201077 (196K) [application/vnd.android.package-archive]
Saving to: `Â¼Ïñ.apk'

     0K .......... .......... .......... .......... .......... 25%  105K 1s
    50K .......... .......... .......... .......... .......... 50% 52.8K 1s
   100K .......... .......... .......... .......... .......... 76% 43.7K 1s
   150K .......... .......... .......... .......... ......    100% 69.7K=3.2s

2017-02-13 20:28:44 (60.8 KB/s) - `Â¼Ïñ.apk' saved [201077/201077]

