--2017-01-06 08:17:53--  http://xyhzj.cn/BidF9
Resolving xyhzj.cn... 103.39.79.210
Connecting to xyhzj.cn|103.39.79.210|:80... connected.
HTTP request sent, awaiting response... 301 Moved Permanently
Location: http://xyhzj.cn/BidF9/ [following]
--2017-01-06 08:17:53--  http://xyhzj.cn/BidF9/
Reusing existing connection to xyhzj.cn:80.
HTTP request sent, awaiting response... 302 Object moved
Location: luxiang.apk [following]
--2017-01-06 08:17:53--  http://xyhzj.cn/BidF9/luxiang.apk
Reusing existing connection to xyhzj.cn:80.
HTTP request sent, awaiting response... 200 OK
Length: 213494 (208K) [application/vnd.android.package-archive]
Saving to: `luxiang.apk'

     0K .......... .......... .......... .......... .......... 23% 61.7K 3s
    50K .......... .......... .......... .......... .......... 47%  230K 1s
   100K .......... .......... .......... .......... .......... 71%  237K 0s
   150K .......... .......... .......... .......... .......... 95%  248K 0s
   200K ........                                              100%  208K=1.5s

2017-01-06 08:17:55 (141 KB/s) - `luxiang.apk' saved [213494/213494]

