--2017-03-14 12:53:34--  http://www.mfcclub.net/
Resolving www.mfcclub.net... 192.74.226.106, 198.15.183.71, 199.182.233.225, ...
Connecting to www.mfcclub.net|192.74.226.106|:80... connected.
HTTP request sent, awaiting response... 302 Found
Location: https://www.mfcclub.net/login.jsp [following]
--2017-03-14 12:53:35--  https://www.mfcclub.net/login.jsp
Connecting to www.mfcclub.net|192.74.226.106|:443... connected.
WARNING: certificate common name `mfcclub.net' doesn't match requested host name `www.mfcclub.net'.
HTTP request sent, awaiting response... 200 OK
Length: unspecified [text/html]
Saving to: `login.jsp'

     0K ........                                                558M=0s

2017-03-14 12:53:37 (558 MB/s) - `login.jsp' saved [8197]

=======================The second times wget =====================
--2017-03-14 12:53:37--  http://www.mfcclub.net//downloads/mobile/o2olr.apk
Resolving www.mfcclub.net... 192.74.226.106, 198.15.183.71, 199.182.233.225, ...
Connecting to www.mfcclub.net|192.74.226.106|:80... connected.
HTTP request sent, awaiting response... 200 OK
Length: 5612090 (5.4M) [application/octet-stream]
Saving to: `o2olr.apk'

     0K .......... .......... .......... .......... ..........  0% 21.8K 4m10s
    50K .......... .......... .......... .......... ..........  1% 21.2K 4m11s
   100K .......... .......... .......... .......... ..........  2% 10.9K 5m29s
   150K .......... .......... .......... .......... ..........  3% 9.33K 6m26s
   200K .......... .......... .......... .......... ..........  4% 9.50K 6m56s
   250K .......... .......... .......... .......... ..........  5% 15.7K 6m38s
   300K .......... .......... .......... .......... ..........  6% 10.4K 6m48s
   350K .......... .......... .......... .......... ..........  7% 7.38K 7m20s
   400K .......... .......... .......... .......... ..........  8% 5.64K 8m6s
   450K .......... .......... .......... .......... ..........  9% 3.53K 9m34s
   500K .......... .......... .......... .......... .......... 10% 14.8K 9m7s
   550K .......... .......... .......... .......... .......... 10% 9.53K 8m59s
   600K .......... .......... .......... .......... .......... 11% 10.2K 8m49s
   650K .......... .......... .......... .......... .......... 12% 4.72K 9m19s
   700K .......... .......... .......... .......... .......... 13% 6.79K 9m22s
   750K .......... .......... .......... .......... .......... 14% 7.09K 9m23s
   800K .......... .......... .......... .......... .......... 15% 8.93K 9m15s
   850K .......... .......... .......... .......... .......... 16% 9.69K 9m4s
   900K .......... .......... .......... .......... .......... 17% 13.2K 8m48s
   950K .......... .......... .......... .......... .......... 18% 14.0K 8m32s
  1000K .......... .......... .......... .......... .......... 19% 12.5K 8m19s
  1050K .......... .......... .......... .......... .......... 20% 13.5K 8m6s
  1100K .......... .......... .......... .......... .......... 20% 10.1K 7m58s
  1150K .......... .......... .......... .......... .......... 21% 16.5K 7m44s
  1200K .......... .......... .......... .......... .......... 22% 16.7K 7m30s
  1250K .......... .......... .......... .......... .......... 23% 7.43K 7m29s
  1300K .......... .......... .......... .......... .......... 24% 16.8K 7m17s
  1350K .......... .......... .......... .......... .......... 25% 7.97K 7m14s
  1400K .......... .......... .......... .......... .......... 26% 7.96K 7m12s
  1450K .......... .......... .......... .......... .......... 27% 20.9K 6m58s
  1500K .......... .......... .......... .......... .......... 28% 11.7K 6m51s
  1550K .......... .......... .......... .......... .......... 29% 19.3K 6m39s
  1600K .......... .......... .......... .......... .......... 30% 14.1K 6m30s
  1650K .......... .......... .......... .......... .......... 31% 7.54K 6m29s
  1700K .......... .......... .......... .......... .......... 31% 9.56K 6m24s
  1750K .......... .......... .......... .......... .......... 32% 12.0K 6m16s
  1800K .......... .......... .......... .......... .......... 33% 12.5K 6m9s
  1850K .......... .......... .......... .......... .......... 34% 8.74K 6m5s
  1900K .......... .......... .......... .......... .......... 35% 12.0K 5m58s
  1950K .......... .......... .......... .......... .......... 36% 12.4K 5m52s
  2000K .......... .......... .......... .......... .......... 37% 7.21K 5m50s
  2050K .......... .......... .......... .......... .......... 38% 12.6K 5m43s
  2100K .......... .......... .......... .......... .......... 39% 12.3K 5m36s
  2150K .......... .......... .......... .......... .......... 40% 18.1K 5m28s
  2200K .......... .......... .......... .......... .......... 41% 12.2K 5m21s
  2250K .......... .......... .......... .......... .......... 41% 9.51K 5m17s
  2300K .......... .......... .......... .......... .......... 42% 9.61K 5m12s
  2350K .......... .......... .......... .......... .......... 43% 13.4K 5m6s
  2400K .......... .......... .......... .......... .......... 44% 9.87K 5m1s
  2450K .......... .......... .......... .......... .......... 45% 15.4K 4m54s
  2500K .......... .......... .......... .......... .......... 46% 6.17K 4m53s
  2550K .......... .......... .......... .......... .......... 47% 6.93K 4m50s
  2600K .......... .......... .......... .......... .......... 48% 4.16K 4m52s
  2650K .......... .......... .......... .......... .......... 49% 14.9K 4m45s
  2700K .......... .......... .......... .......... .......... 50% 9.85K 4m40s
  2750K .......... .......... .......... .......... .......... 51% 9.36K 4m35s
  2800K .......... .......... .......... .......... .......... 52% 4.54K 4m36s
  2850K .......... .......... .......... .......... .......... 52% 9.44K 4m30s
  2900K .......... .......... .......... .......... .......... 53% 9.39K 4m25s
  2950K .......... .......... .......... .......... .......... 54% 7.13K 4m21s
  3000K .......... .......... .......... .......... .......... 55% 7.57K 4m17s
  3050K .......... .......... .......... .......... .......... 56% 10.6K 4m11s
  3100K .......... .......... .......... .......... .......... 57% 10.6K 4m6s
  3150K .......... .......... .......... .......... .......... 58% 8.97K 4m1s
  3200K .......... .......... .......... .......... .......... 59% 11.8K 3m55s
  3250K .......... .......... .......... .......... .......... 60% 16.1K 3m48s
  3300K .......... .......... .......... .......... .......... 61% 10.8K 3m42s
  3350K .......... .......... .......... .......... .......... 62% 10.1K 3m37s
  3400K .......... .......... .......... .......... .......... 62% 4.18K 3m36s
  3450K .......... .......... .......... .......... .......... 63% 14.4K 3m29s
  3500K .......... .......... .......... .......... .......... 64% 5.81K 3m26s
  3550K .......... .......... .......... .......... .......... 65% 18.9K 3m19s
  3600K .......... .......... .......... ....                  66% 19.8K=6m23s

2017-03-14 13:00:23 (9.49 KB/s) - Read error at byte 3722154/5612090 (Connection timed out). Giving up.

