--2017-02-17 11:13:44--  http://hday.info/hzz
Resolving hday.info... 43.230.112.228
Connecting to hday.info|43.230.112.228|:80... connected.
HTTP request sent, awaiting response... 301 Moved Permanently
Location: http://hday.info/hzz/ [following]
--2017-02-17 11:13:46--  http://hday.info/hzz/
Reusing existing connection to hday.info:80.
HTTP request sent, awaiting response... 200 OK
Length: 340 [text/html]
Saving to: `index.html'

     0K                                                       100% 23.2M=0s

2017-02-17 11:13:47 (23.2 MB/s) - `index.html' saved [340/340]

=======================The second times wget =====================
--2017-02-17 11:13:47--  http://hday.info/hzz/%C2%BC%CF%F1.apk
Resolving hday.info... 43.230.112.228
Connecting to hday.info|43.230.112.228|:80... connected.
HTTP request sent, awaiting response... 200 OK
Length: 201078 (196K) [application/vnd.android.package-archive]
Saving to: `Â¼Ïñ.apk'

     0K .......... .......... .......... .......... .......... 25% 91.2K 2s
    50K .......... .......... .......... .......... .......... 50%  275K 1s
   100K .......... .......... .......... .......... .......... 76%  208K 0s
   150K .......... .......... .......... .......... ......    100% 3.31M=1.0s

2017-02-17 11:13:48 (200 KB/s) - `Â¼Ïñ.apk' saved [201078/201078]

