--2017-01-01 15:59:23--  http://t.cn/RchrV90
Resolving t.cn... 180.149.135.224
Connecting to t.cn|180.149.135.224|:80... connected.
HTTP request sent, awaiting response... 302 Found
Location: http://hn93.10006.info/hn_ty/ty?n=UVQ= [following]
--2017-01-01 15:59:24--  http://hn93.10006.info/hn_ty/ty?n=UVQ=
Resolving hn93.10006.info... 218.77.121.93
Connecting to hn93.10006.info|218.77.121.93|:80... connected.
HTTP request sent, awaiting response... 200 OK
Length: 1891 (1.8K) [text/html]
Saving to: `ty?n=UVQ='

     0K .                                                     100% 54.6M=0s

2017-01-01 15:59:25 (54.6 MB/s) - `ty?n=UVQ=' saved [1891/1891]

=======================The second times wget =====================
--2017-01-01 15:59:25--  http://api.tv189.com/v2/115020310221__02870121.apk?
Resolving api.tv189.com... 180.153.149.13
Connecting to api.tv189.com|180.153.149.13|:80... connected.
HTTP request sent, awaiting response... 302 Moved Temporarily
Location: http://lteams.tv189.com/uploads/client/2016-12-30/Com_TYSX_VIDEO_PLUS_5.3.15.xx_gt_5.3.15.12ctch1_AD_P_20161228_02870121.apk [following]
--2017-01-01 15:59:26--  http://lteams.tv189.com/uploads/client/2016-12-30/Com_TYSX_VIDEO_PLUS_5.3.15.xx_gt_5.3.15.12ctch1_AD_P_20161228_02870121.apk
Resolving lteams.tv189.com... 180.153.149.15
Connecting to lteams.tv189.com|180.153.149.15|:80... connected.
HTTP request sent, awaiting response... 200 OK
Length: 10884490 (10M) [application/vnd.android.package-archive]
Saving to: `Com_TYSX_VIDEO_PLUS_5.3.15.xx_gt_5.3.15.12ctch1_AD_P_20161228_02870121.apk'

     0K .......... .......... .......... .......... ..........  0%  531K 20s
    50K .......... .......... .......... .......... ..........  0%  836K 16s
   100K .......... .......... .......... .......... ..........  1%  828K 15s
   150K .......... .......... .......... .......... ..........  1% 1.62M 13s
   200K .......... .......... .......... .......... ..........  2% 1.62M 11s
   250K .......... .......... .......... .......... ..........  2% 1.64M 10s
   300K .......... .......... .......... .......... ..........  3% 58.7M 9s
   350K .......... .......... .......... .......... ..........  3% 1.64M 9s
   400K .......... .......... .......... .......... ..........  4%  120M 8s
   450K .......... .......... .......... .......... ..........  4% 1.68M 7s
   500K .......... .......... .......... .......... ..........  5% 40.6M 7s
   550K .......... .......... .......... .......... ..........  5%  108M 6s
   600K .......... .......... .......... .......... ..........  6% 1.68M 6s
   650K .......... .......... .......... .......... ..........  6% 96.3M 6s
   700K .......... .......... .......... .......... ..........  7%  120M 5s
   750K .......... .......... .......... .......... ..........  7% 1.67M 5s
   800K .......... .......... .......... .......... ..........  7%  148M 5s
   850K .......... .......... .......... .......... ..........  8% 78.3M 5s
   900K .......... .......... .......... .......... ..........  8% 1.67M 5s
   950K .......... .......... .......... .......... ..........  9%  143M 4s
  1000K .......... .......... .......... .......... ..........  9% 84.5M 4s
  1050K .......... .......... .......... .......... .......... 10%  182M 4s
  1100K .......... .......... .......... .......... .......... 10% 1.67M 4s
  1150K .......... .......... .......... .......... .......... 11% 95.0M 4s
  1200K .......... .......... .......... .......... .......... 11%  113M 4s
  1250K .......... .......... .......... .......... .......... 12%  191M 3s
  1300K .......... .......... .......... .......... .......... 12% 1.67M 4s
  1350K .......... .......... .......... .......... .......... 13% 69.4M 3s
  1400K .......... .......... .......... .......... .......... 13%  157M 3s
  1450K .......... .......... .......... .......... .......... 14%  194M 3s
  1500K .......... .......... .......... .......... .......... 14% 1.68M 3s
  1550K .......... .......... .......... .......... .......... 15% 66.1M 3s
  1600K .......... .......... .......... .......... .......... 15% 75.7M 3s
  1650K .......... .......... .......... .......... .......... 15%  158M 3s
  1700K .......... .......... .......... .......... .......... 16% 1.69M 3s
  1750K .......... .......... .......... .......... .......... 16% 65.5M 3s
  1800K .......... .......... .......... .......... .......... 17%  109M 3s
  1850K .......... .......... .......... .......... .......... 17% 91.8M 3s
  1900K .......... .......... .......... .......... .......... 18% 1.70M 3s
  1950K .......... .......... .......... .......... .......... 18% 62.1M 3s
  2000K .......... .......... .......... .......... .......... 19% 63.2M 3s
  2050K .......... .......... .......... .......... .......... 19% 1.85M 3s
  2100K .......... .......... .......... .......... .......... 20% 18.2M 3s
  2150K .......... .......... .......... .......... .......... 20% 72.8M 2s
  2200K .......... .......... .......... .......... .......... 21% 58.1M 2s
  2250K .......... .......... .......... .......... .......... 21% 1.90M 2s
  2300K .......... .......... .......... .......... .......... 22% 14.6M 2s
  2350K .......... .......... .......... .......... .......... 22%  142M 2s
  2400K .......... .......... .......... .......... .......... 23% 59.3M 2s
  2450K .......... .......... .......... .......... .......... 23% 1.91M 2s
  2500K .......... .......... .......... .......... .......... 23% 13.2M 2s
  2550K .......... .......... .......... .......... .......... 24%  151M 2s
  2600K .......... .......... .......... .......... .......... 24% 59.8M 2s
  2650K .......... .......... .......... .......... .......... 25% 1.93M 2s
  2700K .......... .......... .......... .......... .......... 25% 13.1M 2s
  2750K .......... .......... .......... .......... .......... 26% 91.6M 2s
  2800K .......... .......... .......... .......... .......... 26% 51.3M 2s
  2850K .......... .......... .......... .......... .......... 27% 1.96M 2s
  2900K .......... .......... .......... .......... .......... 27% 12.7M 2s
  2950K .......... .......... .......... .......... .......... 28%  109M 2s
  3000K .......... .......... .......... .......... .......... 28% 36.1M 2s
  3050K .......... .......... .......... .......... .......... 29% 1.99M 2s
  3100K .......... .......... .......... .......... .......... 29% 12.2M 2s
  3150K .......... .......... .......... .......... .......... 30% 42.3M 2s
  3200K .......... .......... .......... .......... .......... 30% 58.1M 2s
  3250K .......... .......... .......... .......... .......... 31% 2.01M 2s
  3300K .......... .......... .......... .......... .......... 31% 12.5M 2s
  3350K .......... .......... .......... .......... .......... 31% 33.1M 2s
  3400K .......... .......... .......... .......... .......... 32% 54.0M 2s
  3450K .......... .......... .......... .......... .......... 32% 2.08M 2s
  3500K .......... .......... .......... .......... .......... 33% 10.4M 2s
  3550K .......... .......... .......... .......... .......... 33% 35.9M 2s
  3600K .......... .......... .......... .......... .......... 34% 42.7M 2s
  3650K .......... .......... .......... .......... .......... 34% 2.10M 2s
  3700K .......... .......... .......... .......... .......... 35% 10.7M 2s
  3750K .......... .......... .......... .......... .......... 35% 38.0M 2s
  3800K .......... .......... .......... .......... .......... 36% 30.6M 2s
  3850K .......... .......... .......... .......... .......... 36% 2.14M 2s
  3900K .......... .......... .......... .......... .......... 37% 11.2M 2s
  3950K .......... .......... .......... .......... .......... 37% 54.2M 2s
  4000K .......... .......... .......... .......... .......... 38% 18.9M 1s
  4050K .......... .......... .......... .......... .......... 38% 2.20M 1s
  4100K .......... .......... .......... .......... .......... 39% 11.3M 1s
  4150K .......... .......... .......... .......... .......... 39% 49.4M 1s
  4200K .......... .......... .......... .......... .......... 39% 17.9M 1s
  4250K .......... .......... .......... .......... .......... 40% 2.21M 1s
  4300K .......... .......... .......... .......... .......... 40% 14.5M 1s
  4350K .......... .......... .......... .......... .......... 41% 24.3M 1s
  4400K .......... .......... .......... .......... .......... 41% 16.4M 1s
  4450K .......... .......... .......... .......... .......... 42% 2.22M 1s
  4500K .......... .......... .......... .......... .......... 42% 15.7M 1s
  4550K .......... .......... .......... .......... .......... 43% 20.6M 1s
  4600K .......... .......... .......... .......... .......... 43% 16.5M 1s
  4650K .......... .......... .......... .......... .......... 44% 2.20M 1s
  4700K .......... .......... .......... .......... .......... 44% 13.0M 1s
  4750K .......... .......... .......... .......... .......... 45% 11.1M 1s
  4800K .......... .......... .......... .......... .......... 45%  156M 1s
  4850K .......... .......... .......... .......... .......... 46% 2.07M 1s
  4900K .......... .......... .......... .......... .......... 46% 8.65M 1s
  4950K .......... .......... .......... .......... .......... 47% 15.6M 1s
  5000K .......... .......... .......... .......... .......... 47%  135M 1s
  5050K .......... .......... .......... .......... .......... 47% 2.07M 1s
  5100K .......... .......... .......... .......... .......... 48% 6.84M 1s
  5150K .......... .......... .......... .......... .......... 48% 10.6M 1s
  5200K .......... .......... .......... .......... .......... 49%  186M 1s
  5250K .......... .......... .......... .......... .......... 49% 2.52M 1s
  5300K .......... .......... .......... .......... .......... 50% 5.66M 1s
  5350K .......... .......... .......... .......... .......... 50% 6.69M 1s
  5400K .......... .......... .......... .......... .......... 51%  193M 1s
  5450K .......... .......... .......... .......... .......... 51% 2.73M 1s
  5500K .......... .......... .......... .......... .......... 52% 6.41M 1s
  5550K .......... .......... .......... .......... .......... 52% 5.84M 1s
  5600K .......... .......... .......... .......... .......... 53%  126M 1s
  5650K .......... .......... .......... .......... .......... 53% 3.37M 1s
  5700K .......... .......... .......... .......... .......... 54% 6.72M 1s
  5750K .......... .......... .......... .......... .......... 54% 5.80M 1s
  5800K .......... .......... .......... .......... .......... 55%  123M 1s
  5850K .......... .......... .......... .......... .......... 55% 3.48M 1s
  5900K .......... .......... .......... .......... .......... 55% 6.72M 1s
  5950K .......... .......... .......... .......... .......... 56% 5.71M 1s
  6000K .......... .......... .......... .......... .......... 56%  145M 1s
  6050K .......... .......... .......... .......... .......... 57% 3.46M 1s
  6100K .......... .......... .......... .......... .......... 57% 6.68M 1s
  6150K .......... .......... .......... .......... .......... 58% 5.71M 1s
  6200K .......... .......... .......... .......... .......... 58%  120M 1s
  6250K .......... .......... .......... .......... .......... 59% 3.48M 1s
  6300K .......... .......... .......... .......... .......... 59% 6.83M 1s
  6350K .......... .......... .......... .......... .......... 60% 5.66M 1s
  6400K .......... .......... .......... .......... .......... 60%  116M 1s
  6450K .......... .......... .......... .......... .......... 61% 3.50M 1s
  6500K .......... .......... .......... .......... .......... 61% 6.92M 1s
  6550K .......... .......... .......... .......... .......... 62% 5.25M 1s
  6600K .......... .......... .......... .......... .......... 62%  176M 1s
  6650K .......... .......... .......... .......... .......... 63% 3.60M 1s
  6700K .......... .......... .......... .......... .......... 63% 7.05M 1s
  6750K .......... .......... .......... .......... .......... 63% 4.95M 1s
  6800K .......... .......... .......... .......... .......... 64%  191M 1s
  6850K .......... .......... .......... .......... .......... 64% 3.65M 1s
  6900K .......... .......... .......... .......... .......... 65% 7.61M 1s
  6950K .......... .......... .......... .......... .......... 65% 4.69M 1s
  7000K .......... .......... .......... .......... .......... 66%  191M 1s
  7050K .......... .......... .......... .......... .......... 66% 3.84M 1s
  7100K .......... .......... .......... .......... .......... 67% 7.30M 1s
  7150K .......... .......... .......... .......... .......... 67% 4.43M 1s
  7200K .......... .......... .......... .......... .......... 68%  155M 1s
  7250K .......... .......... .......... .......... .......... 68% 4.04M 1s
  7300K .......... .......... .......... .......... .......... 69% 7.35M 1s
  7350K .......... .......... .......... .......... .......... 69% 4.33M 1s
  7400K .......... .......... .......... .......... .......... 70%  157M 1s
  7450K .......... .......... .......... .......... .......... 70% 4.10M 1s
  7500K .......... .......... .......... .......... .......... 71% 37.2M 1s
  7550K .......... .......... .......... .......... .......... 71% 2.93M 1s
  7600K .......... .......... .......... .......... .......... 71%  141M 1s
  7650K .......... .......... .......... .......... .......... 72% 4.18M 1s
  7700K .......... .......... .......... .......... .......... 72% 28.9M 1s
  7750K .......... .......... .......... .......... .......... 73% 2.89M 1s
  7800K .......... .......... .......... .......... .......... 73%  155M 1s
  7850K .......... .......... .......... .......... .......... 74% 4.32M 1s
  7900K .......... .......... .......... .......... .......... 74% 26.0M 1s
  7950K .......... .......... .......... .......... .......... 75% 2.89M 1s
  8000K .......... .......... .......... .......... .......... 75% 90.4M 0s
  8050K .......... .......... .......... .......... .......... 76% 4.04M 0s
  8100K .......... .......... .......... .......... .......... 76% 9.14M 0s
  8150K .......... .......... .......... .......... .......... 77% 3.89M 0s
  8200K .......... .......... .......... .......... .......... 77%  112M 0s
  8250K .......... .......... .......... .......... .......... 78% 4.18M 0s
  8300K .......... .......... .......... .......... .......... 78% 9.29M 0s
  8350K .......... .......... .......... .......... .......... 79% 3.82M 0s
  8400K .......... .......... .......... .......... .......... 79% 6.59M 0s
  8450K .......... .......... .......... .......... .......... 79% 9.98M 0s
  8500K .......... .......... .......... .......... .......... 80% 10.1M 0s
  8550K .......... .......... .......... .......... .......... 80% 3.88M 0s
  8600K .......... .......... .......... .......... .......... 81% 6.47M 0s
  8650K .......... .......... .......... .......... .......... 81% 9.68M 0s
  8700K .......... .......... .......... .......... .......... 82% 10.1M 0s
  8750K .......... .......... .......... .......... .......... 82% 3.86M 0s
  8800K .......... .......... .......... .......... .......... 83% 6.58M 0s
  8850K .......... .......... .......... .......... .......... 83% 8.95M 0s
  8900K .......... .......... .......... .......... .......... 84% 10.5M 0s
  8950K .......... .......... .......... .......... .......... 84% 3.89M 0s
  9000K .......... .......... .......... .......... .......... 85% 6.56M 0s
  9050K .......... .......... .......... .......... .......... 85% 8.93M 0s
  9100K .......... .......... .......... .......... .......... 86% 10.6M 0s
  9150K .......... .......... .......... .......... .......... 86% 3.92M 0s
  9200K .......... .......... .......... .......... .......... 87% 5.15M 0s
  9250K .......... .......... .......... .......... .......... 87% 13.6M 0s
  9300K .......... .......... .......... .......... .......... 87% 11.2M 0s
  9350K .......... .......... .......... .......... .......... 88% 3.91M 0s
  9400K .......... .......... .......... .......... .......... 88% 5.18M 0s
  9450K .......... .......... .......... .......... .......... 89% 12.6M 0s
  9500K .......... .......... .......... .......... .......... 89% 11.5M 0s
  9550K .......... .......... .......... .......... .......... 90% 3.93M 0s
  9600K .......... .......... .......... .......... .......... 90% 5.07M 0s
  9650K .......... .......... .......... .......... .......... 91% 13.0M 0s
  9700K .......... .......... .......... .......... .......... 91% 12.0M 0s
  9750K .......... .......... .......... .......... .......... 92% 3.97M 0s
  9800K .......... .......... .......... .......... .......... 92% 5.02M 0s
  9850K .......... .......... .......... .......... .......... 93% 10.9M 0s
  9900K .......... .......... .......... .......... .......... 93% 14.1M 0s
  9950K .......... .......... .......... .......... .......... 94% 3.89M 0s
 10000K .......... .......... .......... .......... .......... 94% 5.09M 0s
 10050K .......... .......... .......... .......... .......... 95% 11.7M 0s
 10100K .......... .......... .......... .......... .......... 95% 13.2M 0s
 10150K .......... .......... .......... .......... .......... 95% 3.91M 0s
 10200K .......... .......... .......... .......... .......... 96% 5.10M 0s
 10250K .......... .......... .......... .......... .......... 96% 11.5M 0s
 10300K .......... .......... .......... .......... .......... 97% 13.4M 0s
 10350K .......... .......... .......... .......... .......... 97% 3.90M 0s
 10400K .......... .......... .......... .......... .......... 98% 5.10M 0s
 10450K .......... .......... .......... .......... .......... 98% 11.4M 0s
 10500K .......... .......... .......... .......... .......... 99% 13.5M 0s
 10550K .......... .......... .......... .......... .......... 99% 3.93M 0s
 10600K .......... .......... .........                       100% 3.31M=1.9s

2017-01-01 15:59:28 (5.36 MB/s) - `Com_TYSX_VIDEO_PLUS_5.3.15.xx_gt_5.3.15.12ctch1_AD_P_20161228_02870121.apk' saved [10884490/10884490]

