--2017-03-08 19:03:33--  http://spmdd.com/yuo
Resolving spmdd.com... 43.224.248.17
Connecting to spmdd.com|43.224.248.17|:80... connected.
HTTP request sent, awaiting response... 301 Moved Permanently
Location: http://spmdd.com/yuo/ [following]
--2017-03-08 19:03:36--  http://spmdd.com/yuo/
Reusing existing connection to spmdd.com:80.
HTTP request sent, awaiting response... 200 OK
Length: 247 [text/html]
Saving to: `index.html'

     0K                                                       100% 13.9M=0s

2017-03-08 19:03:36 (13.9 MB/s) - `index.html' saved [247/247]

=======================The second times wget =====================
--2017-03-08 19:03:36--  http://spmdd.com/yuo/%CF%E0%B2%E12.apk
Resolving spmdd.com... 43.224.248.17
Connecting to spmdd.com|43.224.248.17|:80... connected.
HTTP request sent, awaiting response... 200 OK
Length: 209168 (204K) [application/vnd.android.package-archive]
Saving to: `ПаІб2.apk'

     0K .......... .......... .......... .......... .......... 24%  147K 1s
    50K .......... .......... .......... .......... .......... 48%  122K 1s
   100K .......... .......... .......... .......... .......... 73%  124K 0s
   150K .......... .......... .......... .......... .......... 97%  114K 0s
   200K ....                                                  100%  134K=1.6s

2017-03-08 19:03:38 (126 KB/s) - `ПаІб2.apk' saved [209168/209168]

