--2017-02-21 04:56:41--  http://wap.nmgtuy.com/
Resolving wap.nmgtuy.com... 103.14.102.117
Connecting to wap.nmgtuy.com|103.14.102.117|:80... connected.
HTTP request sent, awaiting response... 200 OK
Length: 659 [text/html]
Saving to: `index.html'

     0K                                                       100% 34.9M=0s

2017-02-21 04:56:42 (34.9 MB/s) - `index.html' saved [659/659]

=======================The second times wget =====================
--2017-02-21 04:56:43--  http://wap.nmgtuy.com/%E5%B0%8F%E8%A7%86%E9%A2%91-M.apk
Resolving wap.nmgtuy.com... 103.14.102.117
Connecting to wap.nmgtuy.com|103.14.102.117|:80... connected.
HTTP request sent, awaiting response... 200 OK
Length: 204381 (200K) [application/vnd.android.package-archive]
Saving to: `å°%8Fè§%86é¢%91-M.apk'

     0K .......... .......... .......... .......... .......... 25%  153K 1s
    50K .......... .......... .......... .......... .......... 50%  307K 0s
   100K .......... .......... .......... .......... .......... 75%  325K 0s
   150K .......... .......... .......... .......... ......... 100%  275K=0.8s

2017-02-21 04:56:44 (242 KB/s) - `å°%8Fè§%86é¢%91-M.apk' saved [204381/204381]

