--2017-01-25 09:52:31--  http://t.cn/RPIT0mm
Resolving t.cn... 180.149.135.224
Connecting to t.cn|180.149.135.224|:80... connected.
HTTP request sent, awaiting response... 302 Found
Location: http://m.17u.cn/client/qr/26763232/tchome [following]
--2017-01-25 09:52:32--  http://m.17u.cn/client/qr/26763232/tchome
Resolving m.17u.cn... 218.76.93.209, 124.232.157.39
Connecting to m.17u.cn|218.76.93.209|:80... connected.
HTTP request sent, awaiting response... 302 Moved Temporarily
Location: //shouji.17u.cn/download/android/subchannel/tongcheng_26763232.apk [following]
--2017-01-25 09:52:32--  http://shouji.17u.cn/download/android/subchannel/tongcheng_26763232.apk
Resolving shouji.17u.cn... 175.6.128.242, 175.6.128.238
Connecting to shouji.17u.cn|175.6.128.242|:80... connected.
HTTP request sent, awaiting response... 200 OK
Length: 36517740 (35M) [application/vnd.android.package-archive]
Saving to: `tongcheng_26763232.apk'

     0K .......... .......... .......... .......... ..........  0% 1.36M 26s
    50K .......... .......... .......... .......... ..........  0% 2.02M 21s
   100K .......... .......... .......... .......... ..........  0% 3.98M 17s
   150K .......... .......... .......... .......... ..........  0% 3.79M 15s
   200K .......... .......... .......... .......... ..........  0% 3.77M 14s
   250K .......... .......... .......... .......... ..........  0% 4.21M 13s
   300K .......... .......... .......... .......... ..........  0% 4.57M 12s
   350K .......... .......... .......... .......... ..........  1% 4.23M 12s
   400K .......... .......... .......... .......... ..........  1% 4.96M 11s
   450K .......... .......... .......... .......... ..........  1%  167M 10s
   500K .......... .......... .......... .......... ..........  1% 6.24M 10s
   550K .......... .......... .......... .......... ..........  1%  181M 9s
   600K .......... .......... .......... .......... ..........  1% 4.85M 9s
   650K .......... .......... .......... .......... ..........  1%  135M 8s
   700K .......... .......... .......... .......... ..........  2% 4.25M 8s
   750K .......... .......... .......... .......... ..........  2%  205M 8s
   800K .......... .......... .......... .......... ..........  2% 6.52M 7s
   850K .......... .......... .......... .......... ..........  2%  162M 7s
   900K .......... .......... .......... .......... ..........  2% 11.4M 7s
   950K .......... .......... .......... .......... ..........  2% 13.7M 7s
  1000K .......... .......... .......... .......... ..........  2%  130M 6s
  1050K .......... .......... .......... .......... ..........  3% 13.1M 6s
  1100K .......... .......... .......... .......... ..........  3% 9.93M 6s
  1150K .......... .......... .......... .......... ..........  3% 83.5M 6s
  1200K .......... .......... .......... .......... ..........  3% 6.83M 6s
  1250K .......... .......... .......... .......... ..........  3%  153M 5s
  1300K .......... .......... .......... .......... ..........  3% 15.3M 5s
  1350K .......... .......... .......... .......... ..........  3%  189M 5s
  1400K .......... .......... .......... .......... ..........  4% 12.4M 5s
  1450K .......... .......... .......... .......... ..........  4%  135M 5s
  1500K .......... .......... .......... .......... ..........  4% 6.80M 5s
  1550K .......... .......... .......... .......... ..........  4%  184M 5s
  1600K .......... .......... .......... .......... ..........  4% 12.6M 5s
  1650K .......... .......... .......... .......... ..........  4%  144M 4s
  1700K .......... .......... .......... .......... ..........  4% 13.5M 4s
  1750K .......... .......... .......... .......... ..........  5%  177M 4s
  1800K .......... .......... .......... .......... ..........  5% 13.8M 4s
  1850K .......... .......... .......... .......... ..........  5% 19.2M 4s
  1900K .......... .......... .......... .......... ..........  5%  177M 4s
  1950K .......... .......... .......... .......... ..........  5%  212M 4s
  2000K .......... .......... .......... .......... ..........  5% 3.29M 4s
  2050K .......... .......... .......... .......... ..........  5%  160M 4s
  2100K .......... .......... .......... .......... ..........  6%  210M 4s
  2150K .......... .......... .......... .......... ..........  6%  216M 4s
  2200K .......... .......... .......... .......... ..........  6%  185M 4s
  2250K .......... .......... .......... .......... ..........  6% 22.4M 4s
  2300K .......... .......... .......... .......... ..........  6% 10.8M 4s
  2350K .......... .......... .......... .......... ..........  6%  184M 4s
  2400K .......... .......... .......... .......... ..........  6%  154M 3s
  2450K .......... .......... .......... .......... ..........  7%  213M 3s
  2500K .......... .......... .......... .......... ..........  7% 8.31M 3s
  2550K .......... .......... .......... .......... ..........  7%  186M 3s
  2600K .......... .......... .......... .......... ..........  7%  210M 3s
  2650K .......... .......... .......... .......... ..........  7% 32.6M 3s
  2700K .......... .......... .......... .......... ..........  7%  203M 3s
  2750K .......... .......... .......... .......... ..........  7% 8.98M 3s
  2800K .......... .......... .......... .......... ..........  7%  149M 3s
  2850K .......... .......... .......... .......... ..........  8%  214M 3s
  2900K .......... .......... .......... .......... ..........  8% 13.3M 3s
  2950K .......... .......... .......... .......... ..........  8%  207M 3s
  3000K .......... .......... .......... .......... ..........  8%  162M 3s
  3050K .......... .......... .......... .......... ..........  8% 8.98M 3s
  3100K .......... .......... .......... .......... ..........  8%  201M 3s
  3150K .......... .......... .......... .......... ..........  8%  101M 3s
  3200K .......... .......... .......... .......... ..........  9% 15.4M 3s
  3250K .......... .......... .......... .......... ..........  9%  144M 3s
  3300K .......... .......... .......... .......... ..........  9%  154M 3s
  3350K .......... .......... .......... .......... ..........  9% 9.64M 3s
  3400K .......... .......... .......... .......... ..........  9%  209M 3s
  3450K .......... .......... .......... .......... ..........  9%  178M 3s
  3500K .......... .......... .......... .......... ..........  9%  211M 3s
  3550K .......... .......... .......... .......... .......... 10% 10.3M 3s
  3600K .......... .......... .......... .......... .......... 10%  127M 3s
  3650K .......... .......... .......... .......... .......... 10%  136M 3s
  3700K .......... .......... .......... .......... .......... 10%  117M 3s
  3750K .......... .......... .......... .......... .......... 10%  204M 3s
  3800K .......... .......... .......... .......... .......... 10% 22.3M 2s
  3850K .......... .......... .......... .......... .......... 10%  210M 2s
  3900K .......... .......... .......... .......... .......... 11%  124M 2s
  3950K .......... .......... .......... .......... .......... 11% 15.9M 2s
  4000K .......... .......... .......... .......... .......... 11%  210M 2s
  4050K .......... .......... .......... .......... .......... 11%  211M 2s
  4100K .......... .......... .......... .......... .......... 11%  122M 2s
  4150K .......... .......... .......... .......... .......... 11% 80.0M 2s
  4200K .......... .......... .......... .......... .......... 11% 11.8M 2s
  4250K .......... .......... .......... .......... .......... 12%  142M 2s
  4300K .......... .......... .......... .......... .......... 12%  148M 2s
  4350K .......... .......... .......... .......... .......... 12%  174M 2s
  4400K .......... .......... .......... .......... .......... 12% 35.3M 2s
  4450K .......... .......... .......... .......... .......... 12%  203M 2s
  4500K .......... .......... .......... .......... .......... 12%  210M 2s
  4550K .......... .......... .......... .......... .......... 12%  129M 2s
  4600K .......... .......... .......... .......... .......... 13% 14.9M 2s
  4650K .......... .......... .......... .......... .......... 13%  209M 2s
  4700K .......... .......... .......... .......... .......... 13%  216M 2s
  4750K .......... .......... .......... .......... .......... 13%  185M 2s
  4800K .......... .......... .......... .......... .......... 13% 81.8M 2s
  4850K .......... .......... .......... .......... .......... 13%  194M 2s
  4900K .......... .......... .......... .......... .......... 13% 25.3M 2s
  4950K .......... .......... .......... .......... .......... 14%  180M 2s
  5000K .......... .......... .......... .......... .......... 14%  198M 2s
  5050K .......... .......... .......... .......... .......... 14%  202M 2s
  5100K .......... .......... .......... .......... .......... 14% 12.9M 2s
  5150K .......... .......... .......... .......... .......... 14% 24.3M 2s
  5200K .......... .......... .......... .......... .......... 14%  212M 2s
  5250K .......... .......... .......... .......... .......... 14%  203M 2s
  5300K .......... .......... .......... .......... .......... 15%  199M 2s
  5350K .......... .......... .......... .......... .......... 15% 74.1M 2s
  5400K .......... .......... .......... .......... .......... 15%  192M 2s
  5450K .......... .......... .......... .......... .......... 15% 19.0M 2s
  5500K .......... .......... .......... .......... .......... 15%  204M 2s
  5550K .......... .......... .......... .......... .......... 15%  195M 2s
  5600K .......... .......... .......... .......... .......... 15% 32.0M 2s
  5650K .......... .......... .......... .......... .......... 15%  209M 2s
  5700K .......... .......... .......... .......... .......... 16%  183M 2s
  5750K .......... .......... .......... .......... .......... 16% 25.8M 2s
  5800K .......... .......... .......... .......... .......... 16%  132M 2s
  5850K .......... .......... .......... .......... .......... 16%  168M 2s
  5900K .......... .......... .......... .......... .......... 16% 51.5M 2s
  5950K .......... .......... .......... .......... .......... 16%  191M 2s
  6000K .......... .......... .......... .......... .......... 16%  184M 2s
  6050K .......... .......... .......... .......... .......... 17% 16.5M 2s
  6100K .......... .......... .......... .......... .......... 17% 3.14M 2s
  6150K .......... .......... .......... .......... .......... 17%  151M 2s
  6200K .......... .......... .......... .......... .......... 17%  204M 2s
  6250K .......... .......... .......... .......... .......... 17%  170M 2s
  6300K .......... .......... .......... .......... .......... 17%  156M 2s
  6350K .......... .......... .......... .......... .......... 17%  152M 2s
  6400K .......... .......... .......... .......... .......... 18% 31.3M 2s
  6450K .......... .......... .......... .......... .......... 18%  199M 2s
  6500K .......... .......... .......... .......... .......... 18%  194M 2s
  6550K .......... .......... .......... .......... .......... 18%  209M 2s
  6600K .......... .......... .......... .......... .......... 18% 21.1M 2s
  6650K .......... .......... .......... .......... .......... 18%  162M 2s
  6700K .......... .......... .......... .......... .......... 18% 29.2M 2s
  6750K .......... .......... .......... .......... .......... 19%  166M 2s
  6800K .......... .......... .......... .......... .......... 19%  215M 2s
  6850K .......... .......... .......... .......... .......... 19%  210M 2s
  6900K .......... .......... .......... .......... .......... 19%  199M 2s
  6950K .......... .......... .......... .......... .......... 19% 43.3M 1s
  7000K .......... .......... .......... .......... .......... 19% 25.1M 1s
  7050K .......... .......... .......... .......... .......... 19%  168M 1s
  7100K .......... .......... .......... .......... .......... 20% 12.6M 1s
  7150K .......... .......... .......... .......... .......... 20% 20.9M 1s
  7200K .......... .......... .......... .......... .......... 20%  184M 1s
  7250K .......... .......... .......... .......... .......... 20%  190M 1s
  7300K .......... .......... .......... .......... .......... 20%  146M 1s
  7350K .......... .......... .......... .......... .......... 20% 55.2M 1s
  7400K .......... .......... .......... .......... .......... 20%  164M 1s
  7450K .......... .......... .......... .......... .......... 21%  181M 1s
  7500K .......... .......... .......... .......... .......... 21%  170M 1s
  7550K .......... .......... .......... .......... .......... 21% 15.6M 1s
  7600K .......... .......... .......... .......... .......... 21%  164M 1s
  7650K .......... .......... .......... .......... .......... 21% 28.1M 1s
  7700K .......... .......... .......... .......... .......... 21%  186M 1s
  7750K .......... .......... .......... .......... .......... 21%  214M 1s
  7800K .......... .......... .......... .......... .......... 22%  211M 1s
  7850K .......... .......... .......... .......... .......... 22% 35.7M 1s
  7900K .......... .......... .......... .......... .......... 22%  210M 1s
  7950K .......... .......... .......... .......... .......... 22% 16.1M 1s
  8000K .......... .......... .......... .......... .......... 22%  155M 1s
  8050K .......... .......... .......... .......... .......... 22%  192M 1s
  8100K .......... .......... .......... .......... .......... 22%  211M 1s
  8150K .......... .......... .......... .......... .......... 22% 3.76M 1s
  8200K .......... .......... .......... .......... .......... 23%  137M 1s
  8250K .......... .......... .......... .......... .......... 23%  138M 1s
  8300K .......... .......... .......... .......... .......... 23% 29.2M 1s
  8350K .......... .......... .......... .......... .......... 23%  144M 1s
  8400K .......... .......... .......... .......... .......... 23%  123M 1s
  8450K .......... .......... .......... .......... .......... 23%  121M 1s
  8500K .......... .......... .......... .......... .......... 23% 87.2M 1s
  8550K .......... .......... .......... .......... .......... 24%  104M 1s
  8600K .......... .......... .......... .......... .......... 24%  146M 1s
  8650K .......... .......... .......... .......... .......... 24%  126M 1s
  8700K .......... .......... .......... .......... .......... 24% 15.5M 1s
  8750K .......... .......... .......... .......... .......... 24%  169M 1s
  8800K .......... .......... .......... .......... .......... 24%  112M 1s
  8850K .......... .......... .......... .......... .......... 24% 38.1M 1s
  8900K .......... .......... .......... .......... .......... 25%  159M 1s
  8950K .......... .......... .......... .......... .......... 25%  189M 1s
  9000K .......... .......... .......... .......... .......... 25%  187M 1s
  9050K .......... .......... .......... .......... .......... 25% 44.9M 1s
  9100K .......... .......... .......... .......... .......... 25%  198M 1s
  9150K .......... .......... .......... .......... .......... 25% 15.9M 1s
  9200K .......... .......... .......... .......... .......... 25% 2.30M 1s
  9250K .......... .......... .......... .......... .......... 26%  171M 1s
  9300K .......... .......... .......... .......... .......... 26%  213M 1s
  9350K .......... .......... .......... .......... .......... 26%  154M 1s
  9400K .......... .......... .......... .......... .......... 26% 40.5M 1s
  9450K .......... .......... .......... .......... .......... 26%  129M 1s
  9500K .......... .......... .......... .......... .......... 26%  154M 1s
  9550K .......... .......... .......... .......... .......... 26%  129M 1s
  9600K .......... .......... .......... .......... .......... 27% 94.1M 1s
  9650K .......... .......... .......... .......... .......... 27%  113M 1s
  9700K .......... .......... .......... .......... .......... 27%  135M 1s
  9750K .......... .......... .......... .......... .......... 27% 33.8M 1s
  9800K .......... .......... .......... .......... .......... 27% 24.0M 1s
  9850K .......... .......... .......... .......... .......... 27%  153M 1s
  9900K .......... .......... .......... .......... .......... 27%  146M 1s
  9950K .......... .......... .......... .......... .......... 28%  144M 1s
 10000K .......... .......... .......... .......... .......... 28% 55.0M 1s
 10050K .......... .......... .......... .......... .......... 28%  136M 1s
 10100K .......... .......... .......... .......... .......... 28%  160M 1s
 10150K .......... .......... .......... .......... .......... 28%  148M 1s
 10200K .......... .......... .......... .......... .......... 28% 17.9M 1s
 10250K .......... .......... .......... .......... .......... 28%  156M 1s
 10300K .......... .......... .......... .......... .......... 29%  179M 1s
 10350K .......... .......... .......... .......... .......... 29% 20.2M 1s
 10400K .......... .......... .......... .......... .......... 29%  171M 1s
 10450K .......... .......... .......... .......... .......... 29%  189M 1s
 10500K .......... .......... .......... .......... .......... 29% 90.8M 1s
 10550K .......... .......... .......... .......... .......... 29%  185M 1s
 10600K .......... .......... .......... .......... .......... 29%  191M 1s
 10650K .......... .......... .......... .......... .......... 30% 13.4M 1s
 10700K .......... .......... .......... .......... .......... 30%  191M 1s
 10750K .......... .......... .......... .......... .......... 30%  211M 1s
 10800K .......... .......... .......... .......... .......... 30% 26.4M 1s
 10850K .......... .......... .......... .......... .......... 30%  174M 1s
 10900K .......... .......... .......... .......... .......... 30%  171M 1s
 10950K .......... .......... .......... .......... .......... 30%  152M 1s
 11000K .......... .......... .......... .......... .......... 30%  164M 1s
 11050K .......... .......... .......... .......... .......... 31% 63.4M 1s
 11100K .......... .......... .......... .......... .......... 31%  164M 1s
 11150K .......... .......... .......... .......... .......... 31% 14.4M 1s
 11200K .......... .......... .......... .......... .......... 31%  158M 1s
 11250K .......... .......... .......... .......... .......... 31% 13.1M 1s
 11300K .......... .......... .......... .......... .......... 31%  162M 1s
 11350K .......... .......... .......... .......... .......... 31%  192M 1s
 11400K .......... .......... .......... .......... .......... 32% 35.3M 1s
 11450K .......... .......... .......... .......... .......... 32%  173M 1s
 11500K .......... .......... .......... .......... .......... 32%  178M 1s
 11550K .......... .......... .......... .......... .......... 32% 25.7M 1s
 11600K .......... .......... .......... .......... .......... 32%  152M 1s
 11650K .......... .......... .......... .......... .......... 32%  104M 1s
 11700K .......... .......... .......... .......... .......... 32%  186M 1s
 11750K .......... .......... .......... .......... .......... 33% 70.5M 1s
 11800K .......... .......... .......... .......... .......... 33%  183M 1s
 11850K .......... .......... .......... .......... .......... 33% 17.5M 1s
 11900K .......... .......... .......... .......... .......... 33%  196M 1s
 11950K .......... .......... .......... .......... .......... 33%  184M 1s
 12000K .......... .......... .......... .......... .......... 33%  120M 1s
 12050K .......... .......... .......... .......... .......... 33% 24.0M 1s
 12100K .......... .......... .......... .......... .......... 34%  111M 1s
 12150K .......... .......... .......... .......... .......... 34%  142M 1s
 12200K .......... .......... .......... .......... .......... 34% 15.7M 1s
 12250K .......... .......... .......... .......... .......... 34% 15.0M 1s
 12300K .......... .......... .......... .......... .......... 34%  160M 1s
 12350K .......... .......... .......... .......... .......... 34%  111M 1s
 12400K .......... .......... .......... .......... .......... 34%  180M 1s
 12450K .......... .......... .......... .......... .......... 35%  182M 1s
 12500K .......... .......... .......... .......... .......... 35% 32.4M 1s
 12550K .......... .......... .......... .......... .......... 35%  129M 1s
 12600K .......... .......... .......... .......... .......... 35%  208M 1s
 12650K .......... .......... .......... .......... .......... 35%  170M 1s
 12700K .......... .......... .......... .......... .......... 35%  127M 1s
 12750K .......... .......... .......... .......... .......... 35% 19.4M 1s
 12800K .......... .......... .......... .......... .......... 36%  156M 1s
 12850K .......... .......... .......... .......... .......... 36% 28.1M 1s
 12900K .......... .......... .......... .......... .......... 36%  148M 1s
 12950K .......... .......... .......... .......... .......... 36%  198M 1s
 13000K .......... .......... .......... .......... .......... 36% 37.7M 1s
 13050K .......... .......... .......... .......... .......... 36%  153M 1s
 13100K .......... .......... .......... .......... .......... 36%  202M 1s
 13150K .......... .......... .......... .......... .......... 37%  157M 1s
 13200K .......... .......... .......... .......... .......... 37% 24.1M 1s
 13250K .......... .......... .......... .......... .......... 37%  137M 1s
 13300K .......... .......... .......... .......... .......... 37% 18.0M 1s
 13350K .......... .......... .......... .......... .......... 37%  171M 1s
 13400K .......... .......... .......... .......... .......... 37%  154M 1s
 13450K .......... .......... .......... .......... .......... 37%  134M 1s
 13500K .......... .......... .......... .......... .......... 37% 44.4M 1s
 13550K .......... .......... .......... .......... .......... 38%  176M 1s
 13600K .......... .......... .......... .......... .......... 38%  206M 1s
 13650K .......... .......... .......... .......... .......... 38%  207M 1s
 13700K .......... .......... .......... .......... .......... 38% 44.3M 1s
 13750K .......... .......... .......... .......... .......... 38%  151M 1s
 13800K .......... .......... .......... .......... .......... 38% 14.0M 1s
 13850K .......... .......... .......... .......... .......... 38%  150M 1s
 13900K .......... .......... .......... .......... .......... 39%  191M 1s
 13950K .......... .......... .......... .......... .......... 39%  155M 1s
 14000K .......... .......... .......... .......... .......... 39%  201M 1s
 14050K .......... .......... .......... .......... .......... 39% 29.7M 1s
 14100K .......... .......... .......... .......... .......... 39%  185M 1s
 14150K .......... .......... .......... .......... .......... 39%  207M 1s
 14200K .......... .......... .......... .......... .......... 39%  197M 1s
 14250K .......... .......... .......... .......... .......... 40% 44.6M 1s
 14300K .......... .......... .......... .......... .......... 40% 2.07M 1s
 14350K .......... .......... .......... .......... .......... 40%  125M 1s
 14400K .......... .......... .......... .......... .......... 40%  130M 1s
 14450K .......... .......... .......... .......... .......... 40%  163M 1s
 14500K .......... .......... .......... .......... .......... 40%  194M 1s
 14550K .......... .......... .......... .......... .......... 40%  209M 1s
 14600K .......... .......... .......... .......... .......... 41% 34.8M 1s
 14650K .......... .......... .......... .......... .......... 41%  152M 1s
 14700K .......... .......... .......... .......... .......... 41%  141M 1s
 14750K .......... .......... .......... .......... .......... 41%  145M 1s
 14800K .......... .......... .......... .......... .......... 41% 75.8M 1s
 14850K .......... .......... .......... .......... .......... 41%  127M 1s
 14900K .......... .......... .......... .......... .......... 41%  128M 1s
 14950K .......... .......... .......... .......... .......... 42% 16.9M 1s
 15000K .......... .......... .......... .......... .......... 42%  140M 1s
 15050K .......... .......... .......... .......... .......... 42% 29.6M 1s
 15100K .......... .......... .......... .......... .......... 42%  153M 1s
 15150K .......... .......... .......... .......... .......... 42%  171M 1s
 15200K .......... .......... .......... .......... .......... 42%  177M 1s
 15250K .......... .......... .......... .......... .......... 42% 14.7M 1s
 15300K .......... .......... .......... .......... .......... 43%  192M 1s
 15350K .......... .......... .......... .......... .......... 43%  122M 1s
 15400K .......... .......... .......... .......... .......... 43% 47.9M 1s
 15450K .......... .......... .......... .......... .......... 43%  190M 1s
 15500K .......... .......... .......... .......... .......... 43%  163M 1s
 15550K .......... .......... .......... .......... .......... 43% 34.4M 1s
 15600K .......... .......... .......... .......... .......... 43%  182M 1s
 15650K .......... .......... .......... .......... .......... 44%  211M 1s
 15700K .......... .......... .......... .......... .......... 44%  189M 1s
 15750K .......... .......... .......... .......... .......... 44% 21.9M 1s
 15800K .......... .......... .......... .......... .......... 44%  168M 1s
 15850K .......... .......... .......... .......... .......... 44%  207M 1s
 15900K .......... .......... .......... .......... .......... 44% 22.5M 1s
 15950K .......... .......... .......... .......... .......... 44%  109M 1s
 16000K .......... .......... .......... .......... .......... 45%  188M 1s
 16050K .......... .......... .......... .......... .......... 45%  209M 1s
 16100K .......... .......... .......... .......... .......... 45% 16.5M 1s
 16150K .......... .......... .......... .......... .......... 45%  180M 1s
 16200K .......... .......... .......... .......... .......... 45% 30.8M 1s
 16250K .......... .......... .......... .......... .......... 45%  186M 1s
 16300K .......... .......... .......... .......... .......... 45%  178M 1s
 16350K .......... .......... .......... .......... .......... 45% 19.0M 1s
 16400K .......... .......... .......... .......... .......... 46%  189M 1s
 16450K .......... .......... .......... .......... .......... 46% 29.1M 1s
 16500K .......... .......... .......... .......... .......... 46%  144M 1s
 16550K .......... .......... .......... .......... .......... 46%  144M 1s
 16600K .......... .......... .......... .......... .......... 46%  198M 1s
 16650K .......... .......... .......... .......... .......... 46%  203M 1s
 16700K .......... .......... .......... .......... .......... 46% 14.7M 1s
 16750K .......... .......... .......... .......... .......... 47%  144M 1s
 16800K .......... .......... .......... .......... .......... 47%  213M 1s
 16850K .......... .......... .......... .......... .......... 47%  163M 1s
 16900K .......... .......... .......... .......... .......... 47% 59.4M 1s
 16950K .......... .......... .......... .......... .......... 47%  182M 1s
 17000K .......... .......... .......... .......... .......... 47% 29.3M 1s
 17050K .......... .......... .......... .......... .......... 47%  182M 1s
 17100K .......... .......... .......... .......... .......... 48%  158M 1s
 17150K .......... .......... .......... .......... .......... 48%  180M 1s
 17200K .......... .......... .......... .......... .......... 48%  158M 1s
 17250K .......... .......... .......... .......... .......... 48% 83.2M 1s
 17300K .......... .......... .......... .......... .......... 48% 11.9M 1s
 17350K .......... .......... .......... .......... .......... 48%  168M 1s
 17400K .......... .......... .......... .......... .......... 48% 19.5M 1s
 17450K .......... .......... .......... .......... .......... 49%  187M 1s
 17500K .......... .......... .......... .......... .......... 49%  211M 1s
 17550K .......... .......... .......... .......... .......... 49% 92.1M 1s
 17600K .......... .......... .......... .......... .......... 49%  198M 1s
 17650K .......... .......... .......... .......... .......... 49%  210M 1s
 17700K .......... .......... .......... .......... .......... 49% 29.5M 1s
 17750K .......... .......... .......... .......... .......... 49%  213M 1s
 17800K .......... .......... .......... .......... .......... 50%  216M 1s
 17850K .......... .......... .......... .......... .......... 50%  142M 1s
 17900K .......... .......... .......... .......... .......... 50% 14.6M 1s
 17950K .......... .......... .......... .......... .......... 50%  194M 1s
 18000K .......... .......... .......... .......... .......... 50%  197M 1s
 18050K .......... .......... .......... .......... .......... 50% 33.0M 1s
 18100K .......... .......... .......... .......... .......... 50%  143M 1s
 18150K .......... .......... .......... .......... .......... 51%  195M 1s
 18200K .......... .......... .......... .......... .......... 51% 16.7M 1s
 18250K .......... .......... .......... .......... .......... 51%  117M 1s
 18300K .......... .......... .......... .......... .......... 51%  124M 1s
 18350K .......... .......... .......... .......... .......... 51%  163M 1s
 18400K .......... .......... .......... .......... .......... 51% 13.8M 1s
 18450K .......... .......... .......... .......... .......... 51%  187M 1s
 18500K .......... .......... .......... .......... .......... 52% 31.1M 1s
 18550K .......... .......... .......... .......... .......... 52%  182M 1s
 18600K .......... .......... .......... .......... .......... 52%  143M 1s
 18650K .......... .......... .......... .......... .......... 52% 33.5M 1s
 18700K .......... .......... .......... .......... .......... 52%  193M 1s
 18750K .......... .......... .......... .......... .......... 52%  191M 1s
 18800K .......... .......... .......... .......... .......... 52% 13.4M 1s
 18850K .......... .......... .......... .......... .......... 52%  193M 1s
 18900K .......... .......... .......... .......... .......... 53%  198M 1s
 18950K .......... .......... .......... .......... .......... 53%  169M 1s
 19000K .......... .......... .......... .......... .......... 53%  167M 1s
 19050K .......... .......... .......... .......... .......... 53%  201M 1s
 19100K .......... .......... .......... .......... .......... 53% 13.6M 1s
 19150K .......... .......... .......... .......... .......... 53%  159M 1s
 19200K .......... .......... .......... .......... .......... 53%  116M 1s
 19250K .......... .......... .......... .......... .......... 54%  177M 1s
 19300K .......... .......... .......... .......... .......... 54%  189M 1s
 19350K .......... .......... .......... .......... .......... 54% 15.9M 1s
 19400K .......... .......... .......... .......... .......... 54%  186M 1s
 19450K .......... .......... .......... .......... .......... 54% 21.9M 1s
 19500K .......... .......... .......... .......... .......... 54% 26.7M 1s
 19550K .......... .......... .......... .......... .......... 54%  144M 1s
 19600K .......... .......... .......... .......... .......... 55%  201M 1s
 19650K .......... .......... .......... .......... .......... 55%  205M 1s
 19700K .......... .......... .......... .......... .......... 55%  171M 1s
 19750K .......... .......... .......... .......... .......... 55% 47.4M 1s
 19800K .......... .......... .......... .......... .......... 55%  176M 1s
 19850K .......... .......... .......... .......... .......... 55%  188M 1s
 19900K .......... .......... .......... .......... .......... 55%  198M 1s
 19950K .......... .......... .......... .......... .......... 56% 10.5M 1s
 20000K .......... .......... .......... .......... .......... 56%  121M 0s
 20050K .......... .......... .......... .......... .......... 56%  185M 0s
 20100K .......... .......... .......... .......... .......... 56%  173M 0s
 20150K .......... .......... .......... .......... .......... 56%  211M 0s
 20200K .......... .......... .......... .......... .......... 56% 41.5M 0s
 20250K .......... .......... .......... .......... .......... 56%  158M 0s
 20300K .......... .......... .......... .......... .......... 57%  175M 0s
 20350K .......... .......... .......... .......... .......... 57%  158M 0s
 20400K .......... .......... .......... .......... .......... 57%  152M 0s
 20450K .......... .......... .......... .......... .......... 57% 16.4M 0s
 20500K .......... .......... .......... .......... .......... 57%  133M 0s
 20550K .......... .......... .......... .......... .......... 57%  185M 0s
 20600K .......... .......... .......... .......... .......... 57%  137M 0s
 20650K .......... .......... .......... .......... .......... 58% 60.1M 0s
 20700K .......... .......... .......... .......... .......... 58%  182M 0s
 20750K .......... .......... .......... .......... .......... 58%  193M 0s
 20800K .......... .......... .......... .......... .......... 58% 32.3M 0s
 20850K .......... .......... .......... .......... .......... 58%  173M 0s
 20900K .......... .......... .......... .......... .......... 58%  192M 0s
 20950K .......... .......... .......... .......... .......... 58%  179M 0s
 21000K .......... .......... .......... .......... .......... 59% 16.8M 0s
 21050K .......... .......... .......... .......... .......... 59%  163M 0s
 21100K .......... .......... .......... .......... .......... 59%  157M 0s
 21150K .......... .......... .......... .......... .......... 59%  176M 0s
 21200K .......... .......... .......... .......... .......... 59%  174M 0s
 21250K .......... .......... .......... .......... .......... 59% 17.8M 0s
 21300K .......... .......... .......... .......... .......... 59%  143M 0s
 21350K .......... .......... .......... .......... .......... 60%  184M 0s
 21400K .......... .......... .......... .......... .......... 60%  157M 0s
 21450K .......... .......... .......... .......... .......... 60% 39.1M 0s
 21500K .......... .......... .......... .......... .......... 60% 3.96M 0s
 21550K .......... .......... .......... .......... .......... 60%  149M 0s
 21600K .......... .......... .......... .......... .......... 60%  183M 0s
 21650K .......... .......... .......... .......... .......... 60%  197M 0s
 21700K .......... .......... .......... .......... .......... 60% 45.8M 0s
 21750K .......... .......... .......... .......... .......... 61%  192M 0s
 21800K .......... .......... .......... .......... .......... 61%  195M 0s
 21850K .......... .......... .......... .......... .......... 61%  176M 0s
 21900K .......... .......... .......... .......... .......... 61%  158M 0s
 21950K .......... .......... .......... .......... .......... 61% 76.7M 0s
 22000K .......... .......... .......... .......... .......... 61%  143M 0s
 22050K .......... .......... .......... .......... .......... 61%  179M 0s
 22100K .......... .......... .......... .......... .......... 62% 16.8M 0s
 22150K .......... .......... .......... .......... .......... 62% 96.3M 0s
 22200K .......... .......... .......... .......... .......... 62%  174M 0s
 22250K .......... .......... .......... .......... .......... 62% 38.5M 0s
 22300K .......... .......... .......... .......... .......... 62%  142M 0s
 22350K .......... .......... .......... .......... .......... 62%  133M 0s
 22400K .......... .......... .......... .......... .......... 62%  173M 0s
 22450K .......... .......... .......... .......... .......... 63% 13.9M 0s
 22500K .......... .......... .......... .......... .......... 63%  965K 0s
 22550K .......... .......... .......... .......... .......... 63%  168M 0s
 22600K .......... .......... .......... .......... .......... 63%  159M 0s
 22650K .......... .......... .......... .......... .......... 63%  156M 0s
 22700K .......... .......... .......... .......... .......... 63%  118M 0s
 22750K .......... .......... .......... .......... .......... 63%  130M 0s
 22800K .......... .......... .......... .......... .......... 64%  191M 0s
 22850K .......... .......... .......... .......... .......... 64%  198M 0s
 22900K .......... .......... .......... .......... .......... 64%  170M 0s
 22950K .......... .......... .......... .......... .......... 64%  186M 0s
 23000K .......... .......... .......... .......... .......... 64%  201M 0s
 23050K .......... .......... .......... .......... .......... 64%  182M 0s
 23100K .......... .......... .......... .......... .......... 64% 9.33M 0s
 23150K .......... .......... .......... .......... .......... 65%  181M 0s
 23200K .......... .......... .......... .......... .......... 65%  208M 0s
 23250K .......... .......... .......... .......... .......... 65%  145M 0s
 23300K .......... .......... .......... .......... .......... 65% 41.9M 0s
 23350K .......... .......... .......... .......... .......... 65%  168M 0s
 23400K .......... .......... .......... .......... .......... 65%  151M 0s
 23450K .......... .......... .......... .......... .......... 65%  149M 0s
 23500K .......... .......... .......... .......... .......... 66% 65.2M 0s
 23550K .......... .......... .......... .......... .......... 66% 4.00M 0s
 23600K .......... .......... .......... .......... .......... 66% 27.6M 0s
 23650K .......... .......... .......... .......... .......... 66%  181M 0s
 23700K .......... .......... .......... .......... .......... 66%  194M 0s
 23750K .......... .......... .......... .......... .......... 66% 38.6M 0s
 23800K .......... .......... .......... .......... .......... 66%  187M 0s
 23850K .......... .......... .......... .......... .......... 67%  140M 0s
 23900K .......... .......... .......... .......... .......... 67%  126M 0s
 23950K .......... .......... .......... .......... .......... 67% 41.2M 0s
 24000K .......... .......... .......... .......... .......... 67%  198M 0s
 24050K .......... .......... .......... .......... .......... 67%  209M 0s
 24100K .......... .......... .......... .......... .......... 67%  176M 0s
 24150K .......... .......... .......... .......... .......... 67% 15.7M 0s
 24200K .......... .......... .......... .......... .......... 67%  181M 0s
 24250K .......... .......... .......... .......... .......... 68%  165M 0s
 24300K .......... .......... .......... .......... .......... 68%  140M 0s
 24350K .......... .......... .......... .......... .......... 68% 37.9M 0s
 24400K .......... .......... .......... .......... .......... 68% 12.1M 0s
 24450K .......... .......... .......... .......... .......... 68%  207M 0s
 24500K .......... .......... .......... .......... .......... 68%  152M 0s
 24550K .......... .......... .......... .......... .......... 68% 14.6M 0s
 24600K .......... .......... .......... .......... .......... 69%  183M 0s
 24650K .......... .......... .......... .......... .......... 69%  210M 0s
 24700K .......... .......... .......... .......... .......... 69%  192M 0s
 24750K .......... .......... .......... .......... .......... 69% 34.9M 0s
 24800K .......... .......... .......... .......... .......... 69%  160M 0s
 24850K .......... .......... .......... .......... .......... 69%  203M 0s
 24900K .......... .......... .......... .......... .......... 69%  138M 0s
 24950K .......... .......... .......... .......... .......... 70% 47.3M 0s
 25000K .......... .......... .......... .......... .......... 70% 13.4M 0s
 25050K .......... .......... .......... .......... .......... 70%  150M 0s
 25100K .......... .......... .......... .......... .......... 70%  124M 0s
 25150K .......... .......... .......... .......... .......... 70%  176M 0s
 25200K .......... .......... .......... .......... .......... 70% 38.0M 0s
 25250K .......... .......... .......... .......... .......... 70%  140M 0s
 25300K .......... .......... .......... .......... .......... 71%  177M 0s
 25350K .......... .......... .......... .......... .......... 71%  125M 0s
 25400K .......... .......... .......... .......... .......... 71% 43.9M 0s
 25450K .......... .......... .......... .......... .......... 71%  176M 0s
 25500K .......... .......... .......... .......... .......... 71%  203M 0s
 25550K .......... .......... .......... .......... .......... 71% 15.5M 0s
 25600K .......... .......... .......... .......... .......... 71%  148M 0s
 25650K .......... .......... .......... .......... .......... 72%  207M 0s
 25700K .......... .......... .......... .......... .......... 72%  141M 0s
 25750K .......... .......... .......... .......... .......... 72%  177M 0s
 25800K .......... .......... .......... .......... .......... 72% 14.5M 0s
 25850K .......... .......... .......... .......... .......... 72%  170M 0s
 25900K .......... .......... .......... .......... .......... 72%  195M 0s
 25950K .......... .......... .......... .......... .......... 72% 41.7M 0s
 26000K .......... .......... .......... .......... .......... 73%  157M 0s
 26050K .......... .......... .......... .......... .......... 73%  142M 0s
 26100K .......... .......... .......... .......... .......... 73%  110M 0s
 26150K .......... .......... .......... .......... .......... 73%  114M 0s
 26200K .......... .......... .......... .......... .......... 73% 58.8M 0s
 26250K .......... .......... .......... .......... .......... 73%  139M 0s
 26300K .......... .......... .......... .......... .......... 73%  186M 0s
 26350K .......... .......... .......... .......... .......... 74% 15.5M 0s
 26400K .......... .......... .......... .......... .......... 74% 12.0M 0s
 26450K .......... .......... .......... .......... .......... 74%  167M 0s
 26500K .......... .......... .......... .......... .......... 74%  190M 0s
 26550K .......... .......... .......... .......... .......... 74%  212M 0s
 26600K .......... .......... .......... .......... .......... 74% 31.3M 0s
 26650K .......... .......... .......... .......... .......... 74%  196M 0s
 26700K .......... .......... .......... .......... .......... 75%  199M 0s
 26750K .......... .......... .......... .......... .......... 75%  151M 0s
 26800K .......... .......... .......... .......... .......... 75% 58.8M 0s
 26850K .......... .......... .......... .......... .......... 75%  176M 0s
 26900K .......... .......... .......... .......... .......... 75%  200M 0s
 26950K .......... .......... .......... .......... .......... 75%  191M 0s
 27000K .......... .......... .......... .......... .......... 75% 14.6M 0s
 27050K .......... .......... .......... .......... .......... 75% 21.7M 0s
 27100K .......... .......... .......... .......... .......... 76%  200M 0s
 27150K .......... .......... .......... .......... .......... 76%  179M 0s
 27200K .......... .......... .......... .......... .......... 76%  148M 0s
 27250K .......... .......... .......... .......... .......... 76% 47.0M 0s
 27300K .......... .......... .......... .......... .......... 76%  111M 0s
 27350K .......... .......... .......... .......... .......... 76%  130M 0s
 27400K .......... .......... .......... .......... .......... 76%  156M 0s
 27450K .......... .......... .......... .......... .......... 77% 22.2M 0s
 27500K .......... .......... .......... .......... .......... 77%  177M 0s
 27550K .......... .......... .......... .......... .......... 77%  114M 0s
 27600K .......... .......... .......... .......... .......... 77% 1.52M 0s
 27650K .......... .......... .......... .......... .......... 77%  123M 0s
 27700K .......... .......... .......... .......... .......... 77%  156M 0s
 27750K .......... .......... .......... .......... .......... 77%  136M 0s
 27800K .......... .......... .......... .......... .......... 78%  203M 0s
 27850K .......... .......... .......... .......... .......... 78%  175M 0s
 27900K .......... .......... .......... .......... .......... 78%  161M 0s
 27950K .......... .......... .......... .......... .......... 78% 37.6M 0s
 28000K .......... .......... .......... .......... .......... 78%  147M 0s
 28050K .......... .......... .......... .......... .......... 78%  159M 0s
 28100K .......... .......... .......... .......... .......... 78%  198M 0s
 28150K .......... .......... .......... .......... .......... 79%  141M 0s
 28200K .......... .......... .......... .......... .......... 79% 18.0M 0s
 28250K .......... .......... .......... .......... .......... 79%  195M 0s
 28300K .......... .......... .......... .......... .......... 79%  186M 0s
 28350K .......... .......... .......... .......... .......... 79% 92.8M 0s
 28400K .......... .......... .......... .......... .......... 79% 39.9M 0s
 28450K .......... .......... .......... .......... .......... 79% 29.2M 0s
 28500K .......... .......... .......... .......... .......... 80%  144M 0s
 28550K .......... .......... .......... .......... .......... 80%  183M 0s
 28600K .......... .......... .......... .......... .......... 80%  195M 0s
 28650K .......... .......... .......... .......... .......... 80% 15.2M 0s
 28700K .......... .......... .......... .......... .......... 80% 23.3M 0s
 28750K .......... .......... .......... .......... .......... 80%  176M 0s
 28800K .......... .......... .......... .......... .......... 80%  167M 0s
 28850K .......... .......... .......... .......... .......... 81% 31.1M 0s
 28900K .......... .......... .......... .......... .......... 81%  127M 0s
 28950K .......... .......... .......... .......... .......... 81%  156M 0s
 29000K .......... .......... .......... .......... .......... 81% 50.4M 0s
 29050K .......... .......... .......... .......... .......... 81%  148M 0s
 29100K .......... .......... .......... .......... .......... 81%  136M 0s
 29150K .......... .......... .......... .......... .......... 81% 29.4M 0s
 29200K .......... .......... .......... .......... .......... 82%  181M 0s
 29250K .......... .......... .......... .......... .......... 82%  206M 0s
 29300K .......... .......... .......... .......... .......... 82% 18.0M 0s
 29350K .......... .......... .......... .......... .......... 82%  167M 0s
 29400K .......... .......... .......... .......... .......... 82%  132M 0s
 29450K .......... .......... .......... .......... .......... 82%  131M 0s
 29500K .......... .......... .......... .......... .......... 82%  191M 0s
 29550K .......... .......... .......... .......... .......... 83%  152M 0s
 29600K .......... .......... .......... .......... .......... 83% 14.5M 0s
 29650K .......... .......... .......... .......... .......... 83% 12.8M 0s
 29700K .......... .......... .......... .......... .......... 83%  110M 0s
 29750K .......... .......... .......... .......... .......... 83%  140M 0s
 29800K .......... .......... .......... .......... .......... 83%  128M 0s
 29850K .......... .......... .......... .......... .......... 83%  206M 0s
 29900K .......... .......... .......... .......... .......... 83% 80.4M 0s
 29950K .......... .......... .......... .......... .......... 84%  171M 0s
 30000K .......... .......... .......... .......... .......... 84%  136M 0s
 30050K .......... .......... .......... .......... .......... 84%  159M 0s
 30100K .......... .......... .......... .......... .......... 84% 48.6M 0s
 30150K .......... .......... .......... .......... .......... 84%  184M 0s
 30200K .......... .......... .......... .......... .......... 84% 14.2M 0s
 30250K .......... .......... .......... .......... .......... 84%  109M 0s
 30300K .......... .......... .......... .......... .......... 85%  188M 0s
 30350K .......... .......... .......... .......... .......... 85%  173M 0s
 30400K .......... .......... .......... .......... .......... 85%  128M 0s
 30450K .......... .......... .......... .......... .......... 85% 51.2M 0s
 30500K .......... .......... .......... .......... .......... 85%  131M 0s
 30550K .......... .......... .......... .......... .......... 85%  120M 0s
 30600K .......... .......... .......... .......... .......... 85%  133M 0s
 30650K .......... .......... .......... .......... .......... 86%  106M 0s
 30700K .......... .......... .......... .......... .......... 86% 18.2M 0s
 30750K .......... .......... .......... .......... .......... 86%  142M 0s
 30800K .......... .......... .......... .......... .......... 86%  116M 0s
 30850K .......... .......... .......... .......... .......... 86% 50.3M 0s
 30900K .......... .......... .......... .......... .......... 86%  162M 0s
 30950K .......... .......... .......... .......... .......... 86%  201M 0s
 31000K .......... .......... .......... .......... .......... 87%  209M 0s
 31050K .......... .......... .......... .......... .......... 87% 46.2M 0s
 31100K .......... .......... .......... .......... .......... 87%  173M 0s
 31150K .......... .......... .......... .......... .......... 87%  210M 0s
 31200K .......... .......... .......... .......... .......... 87%  206M 0s
 31250K .......... .......... .......... .......... .......... 87% 16.3M 0s
 31300K .......... .......... .......... .......... .......... 87%  127M 0s
 31350K .......... .......... .......... .......... .......... 88% 25.8M 0s
 31400K .......... .......... .......... .......... .......... 88% 88.9M 0s
 31450K .......... .......... .......... .......... .......... 88%  119M 0s
 31500K .......... .......... .......... .......... .......... 88%  140M 0s
 31550K .......... .......... .......... .......... .......... 88% 18.0M 0s
 31600K .......... .......... .......... .......... .......... 88%  114M 0s
 31650K .......... .......... .......... .......... .......... 88%  151M 0s
 31700K .......... .......... .......... .......... .......... 89%  153M 0s
 31750K .......... .......... .......... .......... .......... 89% 28.1M 0s
 31800K .......... .......... .......... .......... .......... 89%  128M 0s
 31850K .......... .......... .......... .......... .......... 89%  131M 0s
 31900K .......... .......... .......... .......... .......... 89%  140M 0s
 31950K .......... .......... .......... .......... .......... 89%  136M 0s
 32000K .......... .......... .......... .......... .......... 89%  111M 0s
 32050K .......... .......... .......... .......... .......... 90%  124M 0s
 32100K .......... .......... .......... .......... .......... 90%  132M 0s
 32150K .......... .......... .......... .......... .......... 90% 10.6M 0s
 32200K .......... .......... .......... .......... .......... 90%  160M 0s
 32250K .......... .......... .......... .......... .......... 90%  154M 0s
 32300K .......... .......... .......... .......... .......... 90%  180M 0s
 32350K .......... .......... .......... .......... .......... 90% 55.7M 0s
 32400K .......... .......... .......... .......... .......... 90%  175M 0s
 32450K .......... .......... .......... .......... .......... 91%  183M 0s
 32500K .......... .......... .......... .......... .......... 91%  173M 0s
 32550K .......... .......... .......... .......... .......... 91% 12.4M 0s
 32600K .......... .......... .......... .......... .......... 91%  177M 0s
 32650K .......... .......... .......... .......... .......... 91%  104M 0s
 32700K .......... .......... .......... .......... .......... 91%  176M 0s
 32750K .......... .......... .......... .......... .......... 91% 10.0M 0s
 32800K .......... .......... .......... .......... .......... 92%  142M 0s
 32850K .......... .......... .......... .......... .......... 92%  184M 0s
 32900K .......... .......... .......... .......... .......... 92%  140M 0s
 32950K .......... .......... .......... .......... .......... 92% 45.3M 0s
 33000K .......... .......... .......... .......... .......... 92%  208M 0s
 33050K .......... .......... .......... .......... .......... 92%  186M 0s
 33100K .......... .......... .......... .......... .......... 92%  210M 0s
 33150K .......... .......... .......... .......... .......... 93% 14.7M 0s
 33200K .......... .......... .......... .......... .......... 93% 16.8M 0s
 33250K .......... .......... .......... .......... .......... 93%  160M 0s
 33300K .......... .......... .......... .......... .......... 93%  143M 0s
 33350K .......... .......... .......... .......... .......... 93% 94.4M 0s
 33400K .......... .......... .......... .......... .......... 93%  210M 0s
 33450K .......... .......... .......... .......... .......... 93%  109M 0s
 33500K .......... .......... .......... .......... .......... 94%  128M 0s
 33550K .......... .......... .......... .......... .......... 94%  175M 0s
 33600K .......... .......... .......... .......... .......... 94% 67.7M 0s
 33650K .......... .......... .......... .......... .......... 94%  148M 0s
 33700K .......... .......... .......... .......... .......... 94%  160M 0s
 33750K .......... .......... .......... .......... .......... 94% 2.98M 0s
 33800K .......... .......... .......... .......... .......... 94%  177M 0s
 33850K .......... .......... .......... .......... .......... 95%  142M 0s
 33900K .......... .......... .......... .......... .......... 95%  107M 0s
 33950K .......... .......... .......... .......... .......... 95% 45.7M 0s
 34000K .......... .......... .......... .......... .......... 95%  170M 0s
 34050K .......... .......... .......... .......... .......... 95%  198M 0s
 34100K .......... .......... .......... .......... .......... 95% 38.3M 0s
 34150K .......... .......... .......... .......... .......... 95%  148M 0s
 34200K .......... .......... .......... .......... .......... 96%  191M 0s
 34250K .......... .......... .......... .......... .......... 96%  152M 0s
 34300K .......... .......... .......... .......... .......... 96% 15.4M 0s
 34350K .......... .......... .......... .......... .......... 96%  131M 0s
 34400K .......... .......... .......... .......... .......... 96% 29.7M 0s
 34450K .......... .......... .......... .......... .......... 96%  162M 0s
 34500K .......... .......... .......... .......... .......... 96%  186M 0s
 34550K .......... .......... .......... .......... .......... 97%  149M 0s
 34600K .......... .......... .......... .......... .......... 97%  205M 0s
 34650K .......... .......... .......... .......... .......... 97% 44.1M 0s
 34700K .......... .......... .......... .......... .......... 97%  198M 0s
 34750K .......... .......... .......... .......... .......... 97% 13.0M 0s
 34800K .......... .......... .......... .......... .......... 97% 15.9M 0s
 34850K .......... .......... .......... .......... .......... 97%  211M 0s
 34900K .......... .......... .......... .......... .......... 98%  210M 0s
 34950K .......... .......... .......... .......... .......... 98%  179M 0s
 35000K .......... .......... .......... .......... .......... 98%  145M 0s
 35050K .......... .......... .......... .......... .......... 98%  204M 0s
 35100K .......... .......... .......... .......... .......... 98% 13.8M 0s
 35150K .......... .......... .......... .......... .......... 98%  110M 0s
 35200K .......... .......... .......... .......... .......... 98%  147M 0s
 35250K .......... .......... .......... .......... .......... 98% 24.4M 0s
 35300K .......... .......... .......... .......... .......... 99%  168M 0s
 35350K .......... .......... .......... .......... .......... 99%  205M 0s
 35400K .......... .......... .......... .......... .......... 99%  162M 0s
 35450K .......... .......... .......... .......... .......... 99% 77.9M 0s
 35500K .......... .......... .......... .......... .......... 99%  197M 0s
 35550K .......... .......... .......... .......... .......... 99%  161M 0s
 35600K .......... .......... .......... .......... .......... 99% 14.0M 0s
 35650K .......... .                                          100%  129M=1.0s

2017-01-25 09:52:33 (34.4 MB/s) - `tongcheng_26763232.apk' saved [36517740/36517740]

