--2017-02-14 16:26:41--  http://lteam.info/ykkn
Resolving lteam.info... 43.230.113.39
Connecting to lteam.info|43.230.113.39|:80... connected.
HTTP request sent, awaiting response... 301 Moved Permanently
Location: http://lteam.info/ykkn/ [following]
--2017-02-14 16:26:42--  http://lteam.info/ykkn/
Reusing existing connection to lteam.info:80.
HTTP request sent, awaiting response... 200 OK
Length: 340 [text/html]
Saving to: `index.html'

     0K                                                       100% 21.6M=0s

2017-02-14 16:26:42 (21.6 MB/s) - `index.html' saved [340/340]

=======================The second times wget =====================
--2017-02-14 16:26:42--  http://lteam.info/ykkn/%C2%BC%CF%F1.apk
Resolving lteam.info... 43.230.113.39
Connecting to lteam.info|43.230.113.39|:80... connected.
HTTP request sent, awaiting response... 200 OK
Length: 201062 (196K) [application/vnd.android.package-archive]
Saving to: `Â¼Ïñ.apk'

     0K .......... .......... .......... .......... .......... 25% 70.3K 2s
    50K .......... .......... .......... .......... .......... 50%  278K 1s
   100K .......... .......... .......... .......... .......... 76%  277K 0s
   150K .......... .......... .......... .......... ......    100% 2.81M=1.1s

2017-02-14 16:26:44 (180 KB/s) - `Â¼Ïñ.apk' saved [201062/201062]

