--2017-01-06 12:36:07--  http://wap.zzkut.cc/tr
Resolving wap.zzkut.cc... 103.55.26.136
Connecting to wap.zzkut.cc|103.55.26.136|:80... connected.
HTTP request sent, awaiting response... 301 Moved Permanently
Location: http://wap.zzkut.cc/tr/ [following]
--2017-01-06 12:36:13--  http://wap.zzkut.cc/tr/
Reusing existing connection to wap.zzkut.cc:80.
HTTP request sent, awaiting response... 200 OK
Length: 247 [text/html]
Saving to: `index.html'

     0K                                                       100% 16.8M=0s

2017-01-06 12:36:13 (16.8 MB/s) - `index.html' saved [247/247]

=======================The second times wget =====================
--2017-01-06 12:36:13--  http://wap.zzkut.cc/tr/%C2%BC%CF%F13.apk
Resolving wap.zzkut.cc... 103.55.26.136
Connecting to wap.zzkut.cc|103.55.26.136|:80... connected.
HTTP request sent, awaiting response... 200 OK
Length: 209325 (204K) [application/vnd.android.package-archive]
Saving to: `Â¼Ïñ3.apk'

     0K .......... .......... .......... .......... .......... 24% 68.2K 2s
    50K .......... .......... .......... .......... .......... 48%  251K 1s
   100K .......... .......... .......... .......... .......... 73%  140K 0s
   150K .......... .......... .......... .......... .......... 97% 73.5K 0s
   200K ....                                                  100% 8.63M=2.0s

2017-01-06 12:36:15 (104 KB/s) - `Â¼Ïñ3.apk' saved [209325/209325]

