--2017-01-05 06:35:25--  http://t.cn/RyBteOC
Resolving t.cn... 180.149.135.224
Connecting to t.cn|180.149.135.224|:80... connected.
HTTP request sent, awaiting response... 302 Found
Location: http://zhgj.ezagoo.cn/portal/web/appex.php [following]
--2017-01-05 06:35:26--  http://zhgj.ezagoo.cn/portal/web/appex.php
Resolving zhgj.ezagoo.cn... 222.240.236.195, 58.20.58.236
Connecting to zhgj.ezagoo.cn|222.240.236.195|:80... connected.
HTTP request sent, awaiting response... 200 OK
Length: 6343 (6.2K) [text/html]
Saving to: `appex.php'

     0K ......                                                100%  813K=0.008s

2017-01-05 06:35:28 (813 KB/s) - `appex.php' saved [6343/6343]

=======================The second times wget =====================
--2017-01-05 06:35:42--  http://zhgj.ezagoo.cn/download/SmartBus.apk
Resolving zhgj.ezagoo.cn... 222.240.236.195, 58.20.58.236
Connecting to zhgj.ezagoo.cn|222.240.236.195|:80... connected.
HTTP request sent, awaiting response... 200 OK
Length: 11058716 (11M) [application/vnd.android.package-archive]
Saving to: `SmartBus.apk'

     0K .......... .......... .......... .......... ..........  0% 2.13M 5s
    50K .......... .......... .......... .......... ..........  0% 6.09M 3s
   100K .......... .......... .......... .......... ..........  1% 6.53M 3s
   150K .......... .......... .......... .......... ..........  1% 6.59M 2s
   200K .......... .......... .......... .......... ..........  2% 6.85M 2s
   250K .......... .......... .......... .......... ..........  2% 42.3M 2s
   300K .......... .......... .......... .......... ..........  3% 7.27M 2s
   350K .......... .......... .......... .......... ..........  3% 6.79M 2s
   400K .......... .......... .......... .......... ..........  4% 76.8M 2s
   450K .......... .......... .......... .......... ..........  4% 63.6M 1s
   500K .......... .......... .......... .......... ..........  5% 8.49M 1s
   550K .......... .......... .......... .......... ..........  5% 64.2M 1s
   600K .......... .......... .......... .......... ..........  6% 86.0M 1s
   650K .......... .......... .......... .......... ..........  6%  115M 1s
   700K .......... .......... .......... .......... ..........  6% 19.9M 1s
   750K .......... .......... .......... .......... ..........  7%  185M 1s
   800K .......... .......... .......... .......... ..........  7% 7.79M 1s
   850K .......... .......... .......... .......... ..........  8%  139M 1s
   900K .......... .......... .......... .......... ..........  8%  210M 1s
   950K .......... .......... .......... .......... ..........  9%  141M 1s
  1000K .......... .......... .......... .......... ..........  9% 11.0M 1s
  1050K .......... .......... .......... .......... .......... 10%  149M 1s
  1100K .......... .......... .......... .......... .......... 10% 12.8M 1s
  1150K .......... .......... .......... .......... .......... 11%  189M 1s
  1200K .......... .......... .......... .......... .......... 11% 24.8M 1s
  1250K .......... .......... .......... .......... .......... 12%  184M 1s
  1300K .......... .......... .......... .......... .......... 12%  146M 1s
  1350K .......... .......... .......... .......... .......... 12% 9.44M 1s
  1400K .......... .......... .......... .......... .......... 13% 23.6M 1s
  1450K .......... .......... .......... .......... .......... 13%  170M 1s
  1500K .......... .......... .......... .......... .......... 14%  178M 1s
  1550K .......... .......... .......... .......... .......... 14% 14.0M 1s
  1600K .......... .......... .......... .......... .......... 15% 10.5M 1s
  1650K .......... .......... .......... .......... .......... 15%  140M 1s
  1700K .......... .......... .......... .......... .......... 16%  185M 1s
  1750K .......... .......... .......... .......... .......... 16%  198M 1s
  1800K .......... .......... .......... .......... .......... 17% 18.6M 1s
  1850K .......... .......... .......... .......... .......... 17%  180M 1s
  1900K .......... .......... .......... .......... .......... 18%  167M 1s
  1950K .......... .......... .......... .......... .......... 18%  125M 1s
  2000K .......... .......... .......... .......... .......... 18%  129M 1s
  2050K .......... .......... .......... .......... .......... 19% 11.2M 1s
  2100K .......... .......... .......... .......... .......... 19% 91.6M 0s
  2150K .......... .......... .......... .......... .......... 20%  151M 0s
  2200K .......... .......... .......... .......... .......... 20% 49.9M 0s
  2250K .......... .......... .......... .......... .......... 21%  115M 0s
  2300K .......... .......... .......... .......... .......... 21%  145M 0s
  2350K .......... .......... .......... .......... .......... 22%  114M 0s
  2400K .......... .......... .......... .......... .......... 22% 93.0M 0s
  2450K .......... .......... .......... .......... .......... 23%  147M 0s
  2500K .......... .......... .......... .......... .......... 23%  121M 0s
  2550K .......... .......... .......... .......... .......... 24%  138M 0s
  2600K .......... .......... .......... .......... .......... 24% 59.3M 0s
  2650K .......... .......... .......... .......... .......... 25%  155M 0s
  2700K .......... .......... .......... .......... .......... 25%  154M 0s
  2750K .......... .......... .......... .......... .......... 25%  132M 0s
  2800K .......... .......... .......... .......... .......... 26%  212M 0s
  2850K .......... .......... .......... .......... .......... 26% 36.0M 0s
  2900K .......... .......... .......... .......... .......... 27%  112M 0s
  2950K .......... .......... .......... .......... .......... 27% 30.3M 0s
  3000K .......... .......... .......... .......... .......... 28%  125M 0s
  3050K .......... .......... .......... .......... .......... 28%  148M 0s
  3100K .......... .......... .......... .......... .......... 29%  122M 0s
  3150K .......... .......... .......... .......... .......... 29% 77.4M 0s
  3200K .......... .......... .......... .......... .......... 30%  129M 0s
  3250K .......... .......... .......... .......... .......... 30%  138M 0s
  3300K .......... .......... .......... .......... .......... 31%  192M 0s
  3350K .......... .......... .......... .......... .......... 31%  218M 0s
  3400K .......... .......... .......... .......... .......... 31% 54.7M 0s
  3450K .......... .......... .......... .......... .......... 32%  155M 0s
  3500K .......... .......... .......... .......... .......... 32%  196M 0s
  3550K .......... .......... .......... .......... .......... 33% 20.8M 0s
  3600K .......... .......... .......... .......... .......... 33%  126M 0s
  3650K .......... .......... .......... .......... .......... 34% 54.9M 0s
  3700K .......... .......... .......... .......... .......... 34% 67.1M 0s
  3750K .......... .......... .......... .......... .......... 35% 76.3M 0s
  3800K .......... .......... .......... .......... .......... 35% 52.7M 0s
  3850K .......... .......... .......... .......... .......... 36% 80.4M 0s
  3900K .......... .......... .......... .......... .......... 36% 83.9M 0s
  3950K .......... .......... .......... .......... .......... 37%  105M 0s
  4000K .......... .......... .......... .......... .......... 37%  108M 0s
  4050K .......... .......... .......... .......... .......... 37%  212M 0s
  4100K .......... .......... .......... .......... .......... 38%  214M 0s
  4150K .......... .......... .......... .......... .......... 38%  203M 0s
  4200K .......... .......... .......... .......... .......... 39%  148M 0s
  4250K .......... .......... .......... .......... .......... 39%  210M 0s
  4300K .......... .......... .......... .......... .......... 40%  213M 0s
  4350K .......... .......... .......... .......... .......... 40%  213M 0s
  4400K .......... .......... .......... .......... .......... 41% 97.1M 0s
  4450K .......... .......... .......... .......... .......... 41%  161M 0s
  4500K .......... .......... .......... .......... .......... 42%  174M 0s
  4550K .......... .......... .......... .......... .......... 42%  191M 0s
  4600K .......... .......... .......... .......... .......... 43%  152M 0s
  4650K .......... .......... .......... .......... .......... 43% 39.3M 0s
  4700K .......... .......... .......... .......... .......... 43%  175M 0s
  4750K .......... .......... .......... .......... .......... 44%  134M 0s
  4800K .......... .......... .......... .......... .......... 44%  178M 0s
  4850K .......... .......... .......... .......... .......... 45%  149M 0s
  4900K .......... .......... .......... .......... .......... 45%  144M 0s
  4950K .......... .......... .......... .......... .......... 46% 47.7M 0s
  5000K .......... .......... .......... .......... .......... 46%  139M 0s
  5050K .......... .......... .......... .......... .......... 47%  136M 0s
  5100K .......... .......... .......... .......... .......... 47%  147M 0s
  5150K .......... .......... .......... .......... .......... 48%  195M 0s
  5200K .......... .......... .......... .......... .......... 48% 44.7M 0s
  5250K .......... .......... .......... .......... .......... 49%  140M 0s
  5300K .......... .......... .......... .......... .......... 49%  143M 0s
  5350K .......... .......... .......... .......... .......... 50%  167M 0s
  5400K .......... .......... .......... .......... .......... 50%  170M 0s
  5450K .......... .......... .......... .......... .......... 50% 44.2M 0s
  5500K .......... .......... .......... .......... .......... 51%  207M 0s
  5550K .......... .......... .......... .......... .......... 51%  205M 0s
  5600K .......... .......... .......... .......... .......... 52%  201M 0s
  5650K .......... .......... .......... .......... .......... 52%  172M 0s
  5700K .......... .......... .......... .......... .......... 53%  105M 0s
  5750K .......... .......... .......... .......... .......... 53%  210M 0s
  5800K .......... .......... .......... .......... .......... 54% 20.2M 0s
  5850K .......... .......... .......... .......... .......... 54%  198M 0s
  5900K .......... .......... .......... .......... .......... 55%  180M 0s
  5950K .......... .......... .......... .......... .......... 55%  151M 0s
  6000K .......... .......... .......... .......... .......... 56%  116M 0s
  6050K .......... .......... .......... .......... .......... 56%  186M 0s
  6100K .......... .......... .......... .......... .......... 56%  137M 0s
  6150K .......... .......... .......... .......... .......... 57%  173M 0s
  6200K .......... .......... .......... .......... .......... 57%  144M 0s
  6250K .......... .......... .......... .......... .......... 58% 61.4M 0s
  6300K .......... .......... .......... .......... .......... 58%  191M 0s
  6350K .......... .......... .......... .......... .......... 59% 82.1M 0s
  6400K .......... .......... .......... .......... .......... 59%  134M 0s
  6450K .......... .......... .......... .......... .......... 60% 2.49M 0s
  6500K .......... .......... .......... .......... .......... 60% 74.2M 0s
  6550K .......... .......... .......... .......... .......... 61% 4.19M 0s
  6600K .......... .......... .......... .......... .......... 61% 4.32M 0s
  6650K .......... .......... .......... .......... .......... 62%  159M 0s
  6700K .......... .......... .......... .......... .......... 62%  134M 0s
  6750K .......... .......... .......... .......... .......... 62%  170M 0s
  6800K .......... .......... .......... .......... .......... 63%  163M 0s
  6850K .......... .......... .......... .......... .......... 63%  103M 0s
  6900K .......... .......... .......... .......... .......... 64%  172M 0s
  6950K .......... .......... .......... .......... .......... 64%  173M 0s
  7000K .......... .......... .......... .......... .......... 65%  131M 0s
  7050K .......... .......... .......... .......... .......... 65%  218K 0s
  7100K .......... .......... .......... .......... .......... 66%  154M 0s
  7150K .......... .......... .......... .......... .......... 66%  170M 0s
  7200K .......... .......... .......... .......... .......... 67%  167M 0s
  7250K .......... .......... .......... .......... .......... 67%  128M 0s
  7300K .......... .......... .......... .......... .......... 68%  131M 0s
  7350K .......... .......... .......... .......... .......... 68%  154M 0s
  7400K .......... .......... .......... .......... .......... 68%  154M 0s
  7450K .......... .......... .......... .......... .......... 69%  173M 0s
  7500K .......... .......... .......... .......... .......... 69%  161M 0s
  7550K .......... .......... .......... .......... .......... 70%  160M 0s
  7600K .......... .......... .......... .......... .......... 70% 98.6M 0s
  7650K .......... .......... .......... .......... .......... 71%  114M 0s
  7700K .......... .......... .......... .......... .......... 71%  150M 0s
  7750K .......... .......... .......... .......... .......... 72%  147M 0s
  7800K .......... .......... .......... .......... .......... 72%  150M 0s
  7850K .......... .......... .......... .......... .......... 73%  141M 0s
  7900K .......... .......... .......... .......... .......... 73%  161M 0s
  7950K .......... .......... .......... .......... .......... 74%  156M 0s
  8000K .......... .......... .......... .......... .......... 74%  155M 0s
  8050K .......... .......... .......... .......... .......... 75% 38.8M 0s
  8100K .......... .......... .......... .......... .......... 75% 85.5M 0s
  8150K .......... .......... .......... .......... .......... 75%  182M 0s
  8200K .......... .......... .......... .......... .......... 76%  168M 0s
  8250K .......... .......... .......... .......... .......... 76%  104M 0s
  8300K .......... .......... .......... .......... .......... 77%  111M 0s
  8350K .......... .......... .......... .......... .......... 77%  144M 0s
  8400K .......... .......... .......... .......... .......... 78%  144M 0s
  8450K .......... .......... .......... .......... .......... 78%  124M 0s
  8500K .......... .......... .......... .......... .......... 79%  146M 0s
  8550K .......... .......... .......... .......... .......... 79% 54.6M 0s
  8600K .......... .......... .......... .......... .......... 80%  125M 0s
  8650K .......... .......... .......... .......... .......... 80%  117M 0s
  8700K .......... .......... .......... .......... .......... 81% 29.7M 0s
  8750K .......... .......... .......... .......... .......... 81%  104M 0s
  8800K .......... .......... .......... .......... .......... 81%  111M 0s
  8850K .......... .......... .......... .......... .......... 82% 92.1M 0s
  8900K .......... .......... .......... .......... .......... 82%  116M 0s
  8950K .......... .......... .......... .......... .......... 83%  107M 0s
  9000K .......... .......... .......... .......... .......... 83%  128M 0s
  9050K .......... .......... .......... .......... .......... 84%  161M 0s
  9100K .......... .......... .......... .......... .......... 84% 83.8M 0s
  9150K .......... .......... .......... .......... .......... 85%  101M 0s
  9200K .......... .......... .......... .......... .......... 85%  134M 0s
  9250K .......... .......... .......... .......... .......... 86% 94.3M 0s
  9300K .......... .......... .......... .......... .......... 86%  148M 0s
  9350K .......... .......... .......... .......... .......... 87% 83.2M 0s
  9400K .......... .......... .......... .......... .......... 87%  128M 0s
  9450K .......... .......... .......... .......... .......... 87% 92.1M 0s
  9500K .......... .......... .......... .......... .......... 88% 54.9M 0s
  9550K .......... .......... .......... .......... .......... 88% 65.9M 0s
  9600K .......... .......... .......... .......... .......... 89%  103M 0s
  9650K .......... .......... .......... .......... .......... 89%  115M 0s
  9700K .......... .......... .......... .......... .......... 90% 71.4M 0s
  9750K .......... .......... .......... .......... .......... 90% 82.3M 0s
  9800K .......... .......... .......... .......... .......... 91% 80.8M 0s
  9850K .......... .......... .......... .......... .......... 91%  128M 0s
  9900K .......... .......... .......... .......... .......... 92% 90.3M 0s
  9950K .......... .......... .......... .......... .......... 92%  131M 0s
 10000K .......... .......... .......... .......... .......... 93% 86.9M 0s
 10050K .......... .......... .......... .......... .......... 93%  130M 0s
 10100K .......... .......... .......... .......... .......... 93% 93.0M 0s
 10150K .......... .......... .......... .......... .......... 94%  109M 0s
 10200K .......... .......... .......... .......... .......... 94%  133M 0s
 10250K .......... .......... .......... .......... .......... 95%  150M 0s
 10300K .......... .......... .......... .......... .......... 95% 87.2M 0s
 10350K .......... .......... .......... .......... .......... 96%  114M 0s
 10400K .......... .......... .......... .......... .......... 96%  138M 0s
 10450K .......... .......... .......... .......... .......... 97% 72.8M 0s
 10500K .......... .......... .......... .......... .......... 97% 83.2M 0s
 10550K .......... .......... .......... .......... .......... 98% 65.6M 0s
 10600K .......... .......... .......... .......... .......... 98%  108M 0s
 10650K .......... .......... .......... .......... .......... 99%  107M 0s
 10700K .......... .......... .......... .......... .......... 99% 76.7M 0s
 10750K .......... .......... .......... .......... ......... 100%  103M=0.5s

2017-01-05 06:35:42 (22.1 MB/s) - `SmartBus.apk' saved [11058716/11058716]

