--2017-03-16 19:10:09--  http://www.youxi555.com/
Resolving www.youxi555.com... 220.170.182.35
Connecting to www.youxi555.com|220.170.182.35|:80... connected.
HTTP request sent, awaiting response... 200 OK
Length: 11597 (11K) [text/html]
Saving to: `index.html'

     0K .......... .                                          100% 1.10M=0.01s

2017-03-16 19:10:11 (1.10 MB/s) - `index.html' saved [11597/11597]

=======================The second times wget =====================
--2017-03-16 19:10:12--  http://www.youxi555.com/byqb_gw_V1_0_3_2.apk
Resolving www.youxi555.com... 220.170.182.35
Connecting to www.youxi555.com|220.170.182.35|:80... connected.
HTTP request sent, awaiting response... 200 OK
Length: 14541556 (14M) [application/vnd.android.package-archive]
Saving to: `byqb_gw_V1_0_3_2.apk'

     0K .......... .......... .......... .......... ..........  0% 6.08M 2s
    50K .......... .......... .......... .......... ..........  0% 15.1M 2s
   100K .......... .......... .......... .......... ..........  1% 17.3M 1s
   150K .......... .......... .......... .......... ..........  1% 53.5M 1s
   200K .......... .......... .......... .......... ..........  1% 20.7M 1s
   250K .......... .......... .......... .......... ..........  2% 32.1M 1s
   300K .......... .......... .......... .......... ..........  2%  114M 1s
   350K .......... .......... .......... .......... ..........  2% 27.1M 1s
   400K .......... .......... .......... .......... ..........  3% 36.7M 1s
   450K .......... .......... .......... .......... ..........  3% 70.9M 1s
   500K .......... .......... .......... .......... ..........  3% 71.1M 1s
   550K .......... .......... .......... .......... ..........  4% 53.0M 1s
   600K .......... .......... .......... .......... ..........  4% 98.0M 1s
   650K .......... .......... .......... .......... ..........  4% 57.2M 1s
   700K .......... .......... .......... .......... ..........  5% 55.4M 0s
   750K .......... .......... .......... .......... ..........  5%  115M 0s
   800K .......... .......... .......... .......... ..........  5% 51.7M 0s
   850K .......... .......... .......... .......... ..........  6% 98.0M 0s
   900K .......... .......... .......... .......... ..........  6% 48.0M 0s
   950K .......... .......... .......... .......... ..........  7%  138M 0s
  1000K .......... .......... .......... .......... ..........  7%  157M 0s
  1050K .......... .......... .......... .......... ..........  7%  135M 0s
  1100K .......... .......... .......... .......... ..........  8%  192M 0s
  1150K .......... .......... .......... .......... ..........  8%  125M 0s
  1200K .......... .......... .......... .......... ..........  8%  148M 0s
  1250K .......... .......... .......... .......... ..........  9%  125M 0s
  1300K .......... .......... .......... .......... ..........  9%  102M 0s
  1350K .......... .......... .......... .......... ..........  9% 87.0M 0s
  1400K .......... .......... .......... .......... .......... 10% 82.9M 0s
  1450K .......... .......... .......... .......... .......... 10% 94.8M 0s
  1500K .......... .......... .......... .......... .......... 10% 85.8M 0s
  1550K .......... .......... .......... .......... .......... 11%  118M 0s
  1600K .......... .......... .......... .......... .......... 11%  127M 0s
  1650K .......... .......... .......... .......... .......... 11%  176M 0s
  1700K .......... .......... .......... .......... .......... 12%  135M 0s
  1750K .......... .......... .......... .......... .......... 12%  111M 0s
  1800K .......... .......... .......... .......... .......... 13%  143M 0s
  1850K .......... .......... .......... .......... .......... 13%  126M 0s
  1900K .......... .......... .......... .......... .......... 13%  163M 0s
  1950K .......... .......... .......... .......... .......... 14%  133M 0s
  2000K .......... .......... .......... .......... .......... 14% 65.8M 0s
  2050K .......... .......... .......... .......... .......... 14% 70.1M 0s
  2100K .......... .......... .......... .......... .......... 15% 72.4M 0s
  2150K .......... .......... .......... .......... .......... 15%  139M 0s
  2200K .......... .......... .......... .......... .......... 15%  192M 0s
  2250K .......... .......... .......... .......... .......... 16%  130M 0s
  2300K .......... .......... .......... .......... .......... 16%  172M 0s
  2350K .......... .......... .......... .......... .......... 16%  127M 0s
  2400K .......... .......... .......... .......... .......... 17%  167M 0s
  2450K .......... .......... .......... .......... .......... 17%  176M 0s
  2500K .......... .......... .......... .......... .......... 17%  148M 0s
  2550K .......... .......... .......... .......... .......... 18%  177M 0s
  2600K .......... .......... .......... .......... .......... 18%  113M 0s
  2650K .......... .......... .......... .......... .......... 19%  189M 0s
  2700K .......... .......... .......... .......... .......... 19%  203M 0s
  2750K .......... .......... .......... .......... .......... 19%  143M 0s
  2800K .......... .......... .......... .......... .......... 20%  190M 0s
  2850K .......... .......... .......... .......... .......... 20%  150M 0s
  2900K .......... .......... .......... .......... .......... 20%  158M 0s
  2950K .......... .......... .......... .......... .......... 21%  187M 0s
  3000K .......... .......... .......... .......... .......... 21%  190M 0s
  3050K .......... .......... .......... .......... .......... 21% 5.54M 0s
  3100K .......... .......... .......... .......... .......... 22% 88.3M 0s
  3150K .......... .......... .......... .......... .......... 22% 77.9M 0s
  3200K .......... .......... .......... .......... .......... 22% 86.9M 0s
  3250K .......... .......... .......... .......... .......... 23%  111M 0s
  3300K .......... .......... .......... .......... .......... 23%  147M 0s
  3350K .......... .......... .......... .......... .......... 23%  198M 0s
  3400K .......... .......... .......... .......... .......... 24%  130M 0s
  3450K .......... .......... .......... .......... .......... 24%  105M 0s
  3500K .......... .......... .......... .......... .......... 24%  191M 0s
  3550K .......... .......... .......... .......... .......... 25%  119M 0s
  3600K .......... .......... .......... .......... .......... 25%  203M 0s
  3650K .......... .......... .......... .......... .......... 26%  204M 0s
  3700K .......... .......... .......... .......... .......... 26%  172M 0s
  3750K .......... .......... .......... .......... .......... 26%  171M 0s
  3800K .......... .......... .......... .......... .......... 27%  123M 0s
  3850K .......... .......... .......... .......... .......... 27%  178M 0s
  3900K .......... .......... .......... .......... .......... 27%  142M 0s
  3950K .......... .......... .......... .......... .......... 28%  200M 0s
  4000K .......... .......... .......... .......... .......... 28%  195M 0s
  4050K .......... .......... .......... .......... .......... 28% 4.53M 0s
  4100K .......... .......... .......... .......... .......... 29% 30.2M 0s
  4150K .......... .......... .......... .......... .......... 29%  127M 0s
  4200K .......... .......... .......... .......... .......... 29%  194M 0s
  4250K .......... .......... .......... .......... .......... 30%  110M 0s
  4300K .......... .......... .......... .......... .......... 30%  146M 0s
  4350K .......... .......... .......... .......... .......... 30%  197M 0s
  4400K .......... .......... .......... .......... .......... 31%  106M 0s
  4450K .......... .......... .......... .......... .......... 31%  182M 0s
  4500K .......... .......... .......... .......... .......... 32%  128M 0s
  4550K .......... .......... .......... .......... .......... 32%  142M 0s
  4600K .......... .......... .......... .......... .......... 32%  193M 0s
  4650K .......... .......... .......... .......... .......... 33%  137M 0s
  4700K .......... .......... .......... .......... .......... 33%  118M 0s
  4750K .......... .......... .......... .......... .......... 33% 96.9M 0s
  4800K .......... .......... .......... .......... .......... 34%  178M 0s
  4850K .......... .......... .......... .......... .......... 34%  170M 0s
  4900K .......... .......... .......... .......... .......... 34%  198M 0s
  4950K .......... .......... .......... .......... .......... 35%  203M 0s
  5000K .......... .......... .......... .......... .......... 35%  180M 0s
  5050K .......... .......... .......... .......... .......... 35%  178M 0s
  5100K .......... .......... .......... .......... .......... 36%  169M 0s
  5150K .......... .......... .......... .......... .......... 36% 78.0M 0s
  5200K .......... .......... .......... .......... .......... 36%  195M 0s
  5250K .......... .......... .......... .......... .......... 37%  205M 0s
  5300K .......... .......... .......... .......... .......... 37%  182M 0s
  5350K .......... .......... .......... .......... .......... 38%  163M 0s
  5400K .......... .......... .......... .......... .......... 38%  199M 0s
  5450K .......... .......... .......... .......... .......... 38%  179M 0s
  5500K .......... .......... .......... .......... .......... 39%  167M 0s
  5550K .......... .......... .......... .......... .......... 39%  128M 0s
  5600K .......... .......... .......... .......... .......... 39%  196M 0s
  5650K .......... .......... .......... .......... .......... 40% 93.7M 0s
  5700K .......... .......... .......... .......... .......... 40%  167M 0s
  5750K .......... .......... .......... .......... .......... 40%  189M 0s
  5800K .......... .......... .......... .......... .......... 41%  107M 0s
  5850K .......... .......... .......... .......... .......... 41%  183M 0s
  5900K .......... .......... .......... .......... .......... 41%  198M 0s
  5950K .......... .......... .......... .......... .......... 42%  111M 0s
  6000K .......... .......... .......... .......... .......... 42%  187M 0s
  6050K .......... .......... .......... .......... .......... 42%  136M 0s
  6100K .......... .......... .......... .......... .......... 43%  133M 0s
  6150K .......... .......... .......... .......... .......... 43% 96.5M 0s
  6200K .......... .......... .......... .......... .......... 44%  118M 0s
  6250K .......... .......... .......... .......... .......... 44% 86.3M 0s
  6300K .......... .......... .......... .......... .......... 44%  143M 0s
  6350K .......... .......... .......... .......... .......... 45%  177M 0s
  6400K .......... .......... .......... .......... .......... 45%  200M 0s
  6450K .......... .......... .......... .......... .......... 45%  160M 0s
  6500K .......... .......... .......... .......... .......... 46%  178M 0s
  6550K .......... .......... .......... .......... .......... 46%  177M 0s
  6600K .......... .......... .......... .......... .......... 46%  149M 0s
  6650K .......... .......... .......... .......... .......... 47%  178M 0s
  6700K .......... .......... .......... .......... .......... 47%  180M 0s
  6750K .......... .......... .......... .......... .......... 47%  198M 0s
  6800K .......... .......... .......... .......... .......... 48%  189M 0s
  6850K .......... .......... .......... .......... .......... 48%  180M 0s
  6900K .......... .......... .......... .......... .......... 48%  181M 0s
  6950K .......... .......... .......... .......... .......... 49%  203M 0s
  7000K .......... .......... .......... .......... .......... 49%  149M 0s
  7050K .......... .......... .......... .......... .......... 49%  109M 0s
  7100K .......... .......... .......... .......... .......... 50%  153M 0s
  7150K .......... .......... .......... .......... .......... 50%  186M 0s
  7200K .......... .......... .......... .......... .......... 51%  137M 0s
  7250K .......... .......... .......... .......... .......... 51%  160M 0s
  7300K .......... .......... .......... .......... .......... 51%  175M 0s
  7350K .......... .......... .......... .......... .......... 52%  191M 0s
  7400K .......... .......... .......... .......... .......... 52%  180M 0s
  7450K .......... .......... .......... .......... .......... 52%  180M 0s
  7500K .......... .......... .......... .......... .......... 53%  164M 0s
  7550K .......... .......... .......... .......... .......... 53%  172M 0s
  7600K .......... .......... .......... .......... .......... 53% 98.6M 0s
  7650K .......... .......... .......... .......... .......... 54%  146M 0s
  7700K .......... .......... .......... .......... .......... 54%  198M 0s
  7750K .......... .......... .......... .......... .......... 54%  203M 0s
  7800K .......... .......... .......... .......... .......... 55%  135M 0s
  7850K .......... .......... .......... .......... .......... 55%  161M 0s
  7900K .......... .......... .......... .......... .......... 55%  201M 0s
  7950K .......... .......... .......... .......... .......... 56%  203M 0s
  8000K .......... .......... .......... .......... .......... 56% 80.8M 0s
  8050K .......... .......... .......... .......... .......... 57%  159M 0s
  8100K .......... .......... .......... .......... .......... 57%  149M 0s
  8150K .......... .......... .......... .......... .......... 57%  119M 0s
  8200K .......... .......... .......... .......... .......... 58% 71.9M 0s
  8250K .......... .......... .......... .......... .......... 58%  117M 0s
  8300K .......... .......... .......... .......... .......... 58%  118M 0s
  8350K .......... .......... .......... .......... .......... 59%  118M 0s
  8400K .......... .......... .......... .......... .......... 59%  121M 0s
  8450K .......... .......... .......... .......... .......... 59%  176M 0s
  8500K .......... .......... .......... .......... .......... 60%  194M 0s
  8550K .......... .......... .......... .......... .......... 60%  203M 0s
  8600K .......... .......... .......... .......... .......... 60%  150M 0s
  8650K .......... .......... .......... .......... .......... 61%  191M 0s
  8700K .......... .......... .......... .......... .......... 61%  182M 0s
  8750K .......... .......... .......... .......... .......... 61%  205M 0s
  8800K .......... .......... .......... .......... .......... 62% 90.9M 0s
  8850K .......... .......... .......... .......... .......... 62%  138M 0s
  8900K .......... .......... .......... .......... .......... 63%  189M 0s
  8950K .......... .......... .......... .......... .......... 63%  104M 0s
  9000K .......... .......... .......... .......... .......... 63%  159M 0s
  9050K .......... .......... .......... .......... .......... 64%  145M 0s
  9100K .......... .......... .......... .......... .......... 64%  143M 0s
  9150K .......... .......... .......... .......... .......... 64%  144M 0s
  9200K .......... .......... .......... .......... .......... 65%  186M 0s
  9250K .......... .......... .......... .......... .......... 65%  122M 0s
  9300K .......... .......... .......... .......... .......... 65%  151M 0s
  9350K .......... .......... .......... .......... .......... 66%  134M 0s
  9400K .......... .......... .......... .......... .......... 66% 85.4M 0s
  9450K .......... .......... .......... .......... .......... 66%  151M 0s
  9500K .......... .......... .......... .......... .......... 67%  184M 0s
  9550K .......... .......... .......... .......... .......... 67%  184M 0s
  9600K .......... .......... .......... .......... .......... 67%  202M 0s
  9650K .......... .......... .......... .......... .......... 68%  204M 0s
  9700K .......... .......... .......... .......... .......... 68%  191M 0s
  9750K .......... .......... .......... .......... .......... 69%  191M 0s
  9800K .......... .......... .......... .......... .......... 69%  203M 0s
  9850K .......... .......... .......... .......... .......... 69%  144M 0s
  9900K .......... .......... .......... .......... .......... 70%  195M 0s
  9950K .......... .......... .......... .......... .......... 70%  111M 0s
 10000K .......... .......... .......... .......... .......... 70%  196M 0s
 10050K .......... .......... .......... .......... .......... 71%  171M 0s
 10100K .......... .......... .......... .......... .......... 71%  195M 0s
 10150K .......... .......... .......... .......... .......... 71%  191M 0s
 10200K .......... .......... .......... .......... .......... 72%  142M 0s
 10250K .......... .......... .......... .......... .......... 72%  195M 0s
 10300K .......... .......... .......... .......... .......... 72%  168M 0s
 10350K .......... .......... .......... .......... .......... 73%  186M 0s
 10400K .......... .......... .......... .......... .......... 73%  170M 0s
 10450K .......... .......... .......... .......... .......... 73%  104M 0s
 10500K .......... .......... .......... .......... .......... 74%  195M 0s
 10550K .......... .......... .......... .......... .......... 74%  171M 0s
 10600K .......... .......... .......... .......... .......... 74%  173M 0s
 10650K .......... .......... .......... .......... .......... 75%  142M 0s
 10700K .......... .......... .......... .......... .......... 75%  110M 0s
 10750K .......... .......... .......... .......... .......... 76%  174M 0s
 10800K .......... .......... .......... .......... .......... 76%  193M 0s
 10850K .......... .......... .......... .......... .......... 76%  179M 0s
 10900K .......... .......... .......... .......... .......... 77%  190M 0s
 10950K .......... .......... .......... .......... .......... 77%  125M 0s
 11000K .......... .......... .......... .......... .......... 77%  189M 0s
 11050K .......... .......... .......... .......... .......... 78% 97.9M 0s
 11100K .......... .......... .......... .......... .......... 78%  154M 0s
 11150K .......... .......... .......... .......... .......... 78%  178M 0s
 11200K .......... .......... .......... .......... .......... 79%  176M 0s
 11250K .......... .......... .......... .......... .......... 79%  157M 0s
 11300K .......... .......... .......... .......... .......... 79%  191M 0s
 11350K .......... .......... .......... .......... .......... 80%  103M 0s
 11400K .......... .......... .......... .......... .......... 80%  160M 0s
 11450K .......... .......... .......... .......... .......... 80%  141M 0s
 11500K .......... .......... .......... .......... .......... 81%  190M 0s
 11550K .......... .......... .......... .......... .......... 81%  178M 0s
 11600K .......... .......... .......... .......... .......... 82%  193M 0s
 11650K .......... .......... .......... .......... .......... 82%  178M 0s
 11700K .......... .......... .......... .......... .......... 82%  191M 0s
 11750K .......... .......... .......... .......... .......... 83%  102M 0s
 11800K .......... .......... .......... .......... .......... 83%  170M 0s
 11850K .......... .......... .......... .......... .......... 83%  186M 0s
 11900K .......... .......... .......... .......... .......... 84%  183M 0s
 11950K .......... .......... .......... .......... .......... 84%  164M 0s
 12000K .......... .......... .......... .......... .......... 84%  185M 0s
 12050K .......... .......... .......... .......... .......... 85%  143M 0s
 12100K .......... .......... .......... .......... .......... 85%  142M 0s
 12150K .......... .......... .......... .......... .......... 85%  155M 0s
 12200K .......... .......... .......... .......... .......... 86%  176M 0s
 12250K .......... .......... .......... .......... .......... 86%  192M 0s
 12300K .......... .......... .......... .......... .......... 86%  128M 0s
 12350K .......... .......... .......... .......... .......... 87%  121M 0s
 12400K .......... .......... .......... .......... .......... 87%  196M 0s
 12450K .......... .......... .......... .......... .......... 88%  174M 0s
 12500K .......... .......... .......... .......... .......... 88%  190M 0s
 12550K .......... .......... .......... .......... .......... 88%  176M 0s
 12600K .......... .......... .......... .......... .......... 89%  140M 0s
 12650K .......... .......... .......... .......... .......... 89%  146M 0s
 12700K .......... .......... .......... .......... .......... 89%  195M 0s
 12750K .......... .......... .......... .......... .......... 90%  184M 0s
 12800K .......... .......... .......... .......... .......... 90%  184M 0s
 12850K .......... .......... .......... .......... .......... 90%  184M 0s
 12900K .......... .......... .......... .......... .......... 91%  181M 0s
 12950K .......... .......... .......... .......... .......... 91% 95.6M 0s
 13000K .......... .......... .......... .......... .......... 91%  168M 0s
 13050K .......... .......... .......... .......... .......... 92%  191M 0s
 13100K .......... .......... .......... .......... .......... 92%  191M 0s
 13150K .......... .......... .......... .......... .......... 92%  180M 0s
 13200K .......... .......... .......... .......... .......... 93%  108M 0s
 13250K .......... .......... .......... .......... .......... 93%  149M 0s
 13300K .......... .......... .......... .......... .......... 94%  142M 0s
 13350K .......... .......... .......... .......... .......... 94%  166M 0s
 13400K .......... .......... .......... .......... .......... 94%  207M 0s
 13450K .......... .......... .......... .......... .......... 95%  192M 0s
 13500K .......... .......... .......... .......... .......... 95%  202M 0s
 13550K .......... .......... .......... .......... .......... 95%  122M 0s
 13600K .......... .......... .......... .......... .......... 96%  182M 0s
 13650K .......... .......... .......... .......... .......... 96%  143M 0s
 13700K .......... .......... .......... .......... .......... 96%  192M 0s
 13750K .......... .......... .......... .......... .......... 97%  194M 0s
 13800K .......... .......... .......... .......... .......... 97%  191M 0s
 13850K .......... .......... .......... .......... .......... 97%  191M 0s
 13900K .......... .......... .......... .......... .......... 98%  135M 0s
 13950K .......... .......... .......... .......... .......... 98%  127M 0s
 14000K .......... .......... .......... .......... .......... 98%  204M 0s
 14050K .......... .......... .......... .......... .......... 99%  189M 0s
 14100K .......... .......... .......... .......... .......... 99%  194M 0s
 14150K .......... .......... .......... .......... .......... 99%  190M 0s
 14200K                                                       100% 1.44M=0.1s

2017-03-16 19:10:12 (101 MB/s) - `byqb_gw_V1_0_3_2.apk' saved [14541556/14541556]

