--2017-02-16 09:11:02--  http://yhub.info/youlx
Resolving yhub.info... 43.230.114.83
Connecting to yhub.info|43.230.114.83|:80... connected.
HTTP request sent, awaiting response... 301 Moved Permanently
Location: http://yhub.info/youlx/ [following]
--2017-02-16 09:11:03--  http://yhub.info/youlx/
Reusing existing connection to yhub.info:80.
HTTP request sent, awaiting response... 200 OK
Length: 340 [text/html]
Saving to: `index.html'

     0K                                                       100% 21.6M=0s

2017-02-16 09:11:04 (21.6 MB/s) - `index.html' saved [340/340]

=======================The second times wget =====================
--2017-02-16 09:11:04--  http://yhub.info/youlx/%C2%BC%CF%F1.apk
Resolving yhub.info... 43.230.114.83
Connecting to yhub.info|43.230.114.83|:80... connected.
HTTP request sent, awaiting response... 200 OK
Length: 201063 (196K) [application/vnd.android.package-archive]
Saving to: `Â¼Ïñ.apk'

     0K .......... .......... .......... .......... .......... 25% 75.3K 2s
    50K .......... .......... .......... .......... .......... 50%  290K 1s
   100K .......... .......... .......... .......... .......... 76%  290K 0s
   150K .......... .......... .......... .......... ......    100%  265K=1.2s

2017-02-16 09:11:06 (166 KB/s) - `Â¼Ïñ.apk' saved [201063/201063]

