--2016-12-14 19:21:10--  http://t.cn/RchrV90
Resolving t.cn... 180.149.135.224
Connecting to t.cn|180.149.135.224|:80... connected.
HTTP request sent, awaiting response... 302 Found
Location: http://hn93.10006.info/hn_ty/ty?n=UVQ= [following]
--2016-12-14 19:21:12--  http://hn93.10006.info/hn_ty/ty?n=UVQ=
Resolving hn93.10006.info... 218.77.121.93
Connecting to hn93.10006.info|218.77.121.93|:80... connected.
HTTP request sent, awaiting response... 200 OK
Length: 1891 (1.8K) [text/html]
Saving to: `ty?n=UVQ='

     0K .                                                     100%  129M=0s

2016-12-14 19:21:19 (129 MB/s) - `ty?n=UVQ=' saved [1891/1891]

=======================The second times wget =====================
--2016-12-14 19:21:19--  http://api.tv189.com/v2/115020310221__02870121.apk?
Resolving api.tv189.com... 180.153.149.13
Connecting to api.tv189.com|180.153.149.13|:80... connected.
HTTP request sent, awaiting response... 302 Moved Temporarily
Location: http://lteams.tv189.com/uploads/client/2016-12-09/Com_TYSX_VIDEO_PLUS_5.3.13.xx_gt_5.3.13.26ctch1_AD_P_20161208_02870121.apk [following]
--2016-12-14 19:21:21--  http://lteams.tv189.com/uploads/client/2016-12-09/Com_TYSX_VIDEO_PLUS_5.3.13.xx_gt_5.3.13.26ctch1_AD_P_20161208_02870121.apk
Resolving lteams.tv189.com... 180.153.149.15
Connecting to lteams.tv189.com|180.153.149.15|:80... connected.
HTTP request sent, awaiting response... 200 OK
Length: 10775980 (10M) [application/vnd.android.package-archive]
Saving to: `Com_TYSX_VIDEO_PLUS_5.3.13.xx_gt_5.3.13.26ctch1_AD_P_20161208_02870121.apk'

     0K .......... .......... .......... .......... ..........  0%  649K 16s
    50K .......... .......... .......... .......... ..........  0%  492K 19s
   100K .......... .......... .......... .......... ..........  1%  576K 18s
   150K .......... .......... .......... .......... ..........  1%  263K 24s
   200K .......... .......... .......... .......... ..........  2%  163K 31s
   250K .......... .......... .......... .......... ..........  2%  218K 34s
   300K .......... .......... .......... .......... ..........  3%  244K 35s
   350K .......... .......... .......... .......... ..........  3%  259K 35s
   400K .......... .......... .......... .......... ..........  4%  259K 35s
   450K .......... .......... .......... .......... ..........  4%  151K 38s
   500K .......... .......... .......... .......... ..........  5%  278K 38s
   550K .......... .......... .......... .......... ..........  5%  245K 38s
   600K .......... .......... .......... .......... ..........  6%  325K 37s
   650K .......... .......... .......... .......... ..........  6%  243K 37s
   700K .......... .......... .......... .......... ..........  7%  280K 37s
   750K .......... .......... .......... .......... ..........  7%  280K 37s
   800K .......... .......... .......... .......... ..........  8%  325K 36s
   850K .......... .......... .......... .......... ..........  8%  278K 36s
   900K .......... .......... .......... .......... ..........  9%  245K 36s
   950K .......... .......... .......... .......... ..........  9%  196K 36s
  1000K .......... .......... .......... .......... ..........  9%  280K 36s
  1050K .......... .......... .......... .......... .......... 10% 3.99K 2m21s
  1100K .......... .......... .......... .......... .......... 10%  272K 2m16s
  1150K .......... .......... .......... .......... .......... 11%  178K 2m12s
  1200K .......... .......... .......... .......... .......... 11%  267K 2m7s
  1250K .......... .......... .......... .......... .......... 12%  224K 2m3s
  1300K .......... .......... .......... .......... .......... 12%  198K 2m0s
  1350K .......... .......... .......... .......... .......... 13%  173K 1m57s
  1400K .......... .......... .......... .......... .......... 13%  125K 1m55s
  1450K .......... .......... .......... .......... .......... 14%  199K 1m52s
  1500K .......... .......... .......... .......... .......... 14%  196K 1m49s
  1550K .......... .......... .......... .......... .......... 15%  266K 1m46s
  1600K .......... .......... .......... .......... .......... 15%  260K 1m43s
  1650K .......... .......... .......... .......... .......... 16%  228K 1m41s
  1700K .......... .......... .......... .......... .......... 16%  223K 99s
  1750K .......... .......... .......... .......... .......... 17%  196K 97s
  1800K .......... .......... .......... .......... .......... 17%  260K 94s
  1850K .......... .......... .......... .......... .......... 18%  179K 93s
  1900K .......... .......... .......... .......... .......... 18%  259K 91s
  1950K .......... .......... .......... .......... .......... 19%  222K 89s
  2000K .......... .......... .......... .......... .......... 19%  237K 87s
  2050K .......... .......... .......... .......... .......... 19%  227K 85s
  2100K .......... .......... .......... .......... .......... 20%  170K 84s
  2150K .......... .......... .......... .......... .......... 20%  198K 82s
  2200K .......... .......... .......... .......... .......... 21%  196K 81s
  2250K .......... .......... .......... .......... .......... 21%  271K 79s
  2300K .......... .......... .......... .......... .......... 22%  261K 78s
  2350K .......... .......... .......... .......... .......... 22%  314K 76s
  2400K .......... .......... .......... .......... .......... 23%  179K 75s
  2450K .......... .......... .......... .......... .......... 23%  156K 74s
  2500K .......... .......... .......... .......... .......... 24%  175K 73s
  2550K .......... .......... .......... .......... .......... 24%  224K 72s
  2600K .......... .......... .......... .......... .......... 25%  264K 71s
  2650K .......... .......... .......... .......... .......... 25%  262K 70s
  2700K .......... .......... .......... .......... .......... 26%  179K 69s
  2750K .......... .......... .......... .......... .......... 26%  186K 68s
  2800K .......... ......                                      26%  325K=25s

2016-12-14 19:22:09 (114 KB/s) - Read error at byte 2884324/10775980 (Connection timed out). Giving up.

