--2017-02-05 21:49:02--  http://wap.xkzla.com/iue
Resolving wap.xkzla.com... 45.116.212.169
Connecting to wap.xkzla.com|45.116.212.169|:80... connected.
HTTP request sent, awaiting response... 301 Moved Permanently
Location: http://wap.xkzla.com/iue/ [following]
--2017-02-05 21:49:10--  http://wap.xkzla.com/iue/
Reusing existing connection to wap.xkzla.com:80.
HTTP request sent, awaiting response... 302 Object moved
Location: %E8%A7%86%E9%A2%91.apk [following]
--2017-02-05 21:49:10--  http://wap.xkzla.com/iue/%E8%A7%86%E9%A2%91.apk
Reusing existing connection to wap.xkzla.com:80.
HTTP request sent, awaiting response... 200 OK
Length: 209295 (204K) [apk]
Saving to: `è§%86é¢%91.apk'

     0K .......... .......... .......... .......... .......... 24%  258K 1s
    50K .......... .......... .......... .......... .......... 48%  250K 0s
   100K .......... .......... .......... .......... .......... 73%  246K 0s
   150K .......... .......... .......... .......... .......... 97%  267K 0s
   200K ....                                                  100% 11.2M=0.8s

2017-02-05 21:49:11 (260 KB/s) - `è§%86é¢%91.apk' saved [209295/209295]

