--2017-01-29 00:01:08--  http://wap.zeksc.com/tr
Resolving wap.zeksc.com... 103.61.2.208
Connecting to wap.zeksc.com|103.61.2.208|:80... connected.
HTTP request sent, awaiting response... 301 Moved Permanently
Location: http://wap.zeksc.com/tr/ [following]
--2017-01-29 00:01:10--  http://wap.zeksc.com/tr/
Reusing existing connection to wap.zeksc.com:80.
HTTP request sent, awaiting response... 302 Object moved
Location: %E8%A7%86%E9%A2%91.apk [following]
--2017-01-29 00:01:10--  http://wap.zeksc.com/tr/%E8%A7%86%E9%A2%91.apk
Reusing existing connection to wap.zeksc.com:80.
HTTP request sent, awaiting response... 200 OK
Length: 209335 (204K) [apk]
Saving to: `è§%86é¢%91.apk'

     0K .......... .......... .......... .......... .......... 24%  258K 1s
    50K .......... .......... .......... .......... .......... 48%  249K 0s
   100K .......... .......... .......... .......... .......... 73%  243K 0s
   150K .......... .......... .......... .......... .......... 97%  249K 0s
   200K ....                                                  100%  290K=0.8s

2017-01-29 00:01:11 (251 KB/s) - `è§%86é¢%91.apk' saved [209335/209335]

