--2017-01-22 11:36:50--  http://sdxsw.cc/
Resolving sdxsw.cc... 121.127.232.125
Connecting to sdxsw.cc|121.127.232.125|:80... connected.
HTTP request sent, awaiting response... 200 OK
Length: 663 [text/html]
Saving to: `index.html'

     0K                                                       100% 45.2M=0s

2017-01-22 11:36:53 (45.2 MB/s) - `index.html' saved [663/663]

=======================The second times wget =====================
--2017-01-22 11:36:53--  http://sdxsw.cc//%E8%AF%B7%E6%9F%AC.apk
Resolving sdxsw.cc... 121.127.232.125
Connecting to sdxsw.cc|121.127.232.125|:80... connected.
HTTP request sent, awaiting response... 200 OK
Length: 790911 (772K) [application]
Saving to: `è¯·æ%9F¬.apk'

     0K .......... .......... .......... .......... ..........  6%  266K 3s
    50K .......... .......... .......... .......... .......... 12%  272K 2s
   100K .......... .......... .......... .......... .......... 19%  213K 3s
   150K .......... .......... .......... .......... .......... 25%  289K 2s
   200K .......... .......... .......... .......... .......... 32%  229K 2s
   250K .......... .......... .......... .......... .......... 38%  292K 2s
   300K .......... .......... .......... .......... .......... 45%  317K 2s
   350K .......... .......... .......... .......... .......... 51%  200K 1s
   400K .......... .......... .......... .......... .......... 58%  250K 1s
   450K .......... .......... .......... .......... .......... 64% 11.8M 1s
   500K .......... .......... .......... .......... .......... 71%  140K 1s
   550K .......... .......... .......... .......... .......... 77%  227K 1s
   600K .......... .......... .......... .......... .......... 84%  260K 0s
   650K .......... .......... .......... .......... .......... 90%  274K 0s
   700K .......... .......... .......... .......... .......... 97%  328K 0s
   750K .......... .......... ..                              100%  156K=3.0s

2017-01-22 11:36:58 (255 KB/s) - `è¯·æ%9F¬.apk' saved [790911/790911]

