--2017-02-07 17:26:12--  http://tsite.info/youlx
Resolving tsite.info... 43.230.114.83
Connecting to tsite.info|43.230.114.83|:80... connected.
HTTP request sent, awaiting response... 301 Moved Permanently
Location: http://tsite.info/youlx/ [following]
--2017-02-07 17:26:19--  http://tsite.info/youlx/
Reusing existing connection to tsite.info:80.
HTTP request sent, awaiting response... 200 OK
Length: 340 [text/html]
Saving to: `index.html'

     0K                                                       100% 21.6M=0s

2017-02-07 17:26:19 (21.6 MB/s) - `index.html' saved [340/340]

=======================The second times wget =====================
--2017-02-07 17:26:19--  http://tsite.info/youlx/%C2%BC%CF%F1.apk
Resolving tsite.info... 43.230.114.83
Connecting to tsite.info|43.230.114.83|:80... connected.
HTTP request sent, awaiting response... 200 OK
Length: 201048 (196K) [application/vnd.android.package-archive]
Saving to: `Â¼Ïñ.apk'

     0K .......... .......... .......... .......... .......... 25% 21.8K 7s
    50K .......... .......... .......... .......... .......... 50% 4.70K 12s
   100K .......... .......... .......... .......... .......... 76% 17.4K 5s
   150K .......... .......... .......... .......... ......    100% 12.8K=19s

2017-02-07 17:26:40 (10.1 KB/s) - `Â¼Ïñ.apk' saved [201048/201048]

