--2017-02-09 19:16:50--  http://tstar.info/munn
Resolving tstar.info... 43.230.113.39
Connecting to tstar.info|43.230.113.39|:80... connected.
HTTP request sent, awaiting response... 301 Moved Permanently
Location: http://tstar.info/munn/ [following]
--2017-02-09 19:16:52--  http://tstar.info/munn/
Reusing existing connection to tstar.info:80.
HTTP request sent, awaiting response... 200 OK
Length: 340 [text/html]
Saving to: `index.html'

     0K                                                       100% 27.0M=0s

2017-02-09 19:16:53 (27.0 MB/s) - `index.html' saved [340/340]

=======================The second times wget =====================
--2017-02-09 19:16:53--  http://tstar.info/munn/%C2%BC%CF%F1.apk
Resolving tstar.info... 43.230.113.39
Connecting to tstar.info|43.230.113.39|:80... connected.
HTTP request sent, awaiting response... 200 OK
Length: 201057 (196K) [application/vnd.android.package-archive]
Saving to: `Â¼Ïñ.apk'

     0K .......... .......... .......... .......... .......... 25% 69.8K 2s
    50K .......... .......... .......... .......... .......... 50%  278K 1s
   100K .......... .......... .......... .......... .......... 76%  275K 0s
   150K .......... .......... .......... .......... ......    100% 4.29M=1.1s

2017-02-09 19:16:56 (180 KB/s) - `Â¼Ïñ.apk' saved [201057/201057]

