--2016-12-14 14:34:36--  http://www.ih360.cn/
Resolving www.ih360.cn... 182.254.208.204
Connecting to www.ih360.cn|182.254.208.204|:80... connected.
HTTP request sent, awaiting response... 200 OK
Length: 11643 (11K) [text/html]
Saving to: `index.html'

     0K .......... .                                          100%  141K=0.08s

2016-12-14 14:34:36 (141 KB/s) - `index.html' saved [11643/11643]

=======================The second times wget =====================
--2016-12-14 14:34:36--  http://www.ih360.cn/%E7%88%B1%E8%88%AAGPS%E6%89%8B%E6%9C%BA%E5%AE%9A%E4%BD%8D.apk
Resolving www.ih360.cn... 182.254.208.204
Connecting to www.ih360.cn|182.254.208.204|:80... connected.
HTTP request sent, awaiting response... 200 OK
Length: 6396653 (6.1M) [application/vnd.android.package-archive]
Saving to: `ç%88±è%88ªGPSæ%89%8Bæ%9Cºå®%9Aä½%8D.apk'

     0K .......... .......... .......... .......... ..........  0%  357K 17s
    50K .......... .......... .......... .......... ..........  1% 1.53M 11s
   100K .......... .......... .......... .......... ..........  2%  315K 13s
   150K .......... .......... .......... .......... ..........  3%  103M 10s
   200K .......... .......... .......... .......... ..........  4%  166M 8s
   250K .......... .......... .......... .......... ..........  4% 1.44M 7s
   300K .......... .......... .......... .......... ..........  5%  157M 6s
   350K .......... .......... .......... .......... ..........  6% 1.32M 6s
   400K .......... .......... .......... .......... ..........  7% 4.86M 5s
   450K .......... .......... .......... .......... ..........  8% 2.08M 5s
   500K .......... .......... .......... .......... ..........  8% 11.3M 5s
   550K .......... .......... .......... .......... ..........  9% 5.29M 4s
   600K .......... .......... .......... .......... .......... 10% 2.04M 4s
   650K .......... .......... .......... .......... .......... 11%  148M 4s
   700K .......... .......... .......... .......... .......... 12% 13.7M 3s
   750K .......... .......... .......... .......... .......... 12% 7.70M 3s
   800K .......... .......... .......... .......... .......... 13% 12.7M 3s
   850K .......... .......... .......... .......... .......... 14% 2.20M 3s
   900K .......... .......... .......... .......... .......... 15% 12.8M 3s
   950K .......... .......... .......... .......... .......... 16%  179M 3s
  1000K .......... .......... .......... .......... .......... 16% 6.13M 3s
  1050K .......... .......... .......... .......... .......... 17% 12.7M 2s
  1100K .......... .......... .......... .......... .......... 18% 2.43M 2s
  1150K .......... .......... .......... .......... .......... 19%  142M 2s
  1200K .......... .......... .......... .......... .......... 20% 13.5M 2s
  1250K .......... .......... .......... .......... .......... 20% 7.41M 2s
  1300K .......... .......... .......... .......... .......... 21%  157M 2s
  1350K .......... .......... .......... .......... .......... 22% 5.87M 2s
  1400K .......... .......... .......... .......... .......... 23% 3.03M 2s
  1450K .......... .......... .......... .......... .......... 24%  152M 2s
  1500K .......... .......... .......... .......... .......... 24% 18.4M 2s
  1550K .......... .......... .......... .......... .......... 25%  157M 2s
  1600K .......... .......... .......... .......... .......... 26% 6.44M 2s
  1650K .......... .......... .......... .......... .......... 27%  170M 2s
  1700K .......... .......... .......... .......... .......... 28% 14.3M 2s
  1750K .......... .......... .......... .......... .......... 28% 4.80M 1s
  1800K .......... .......... .......... .......... .......... 29% 6.02M 1s
  1850K .......... .......... .......... .......... .......... 30% 73.2M 1s
  1900K .......... .......... .......... .......... .......... 31% 8.96M 1s
  1950K .......... .......... .......... .......... .......... 32%  182M 1s
  2000K .......... .......... .......... .......... .......... 32%  131M 1s
  2050K .......... .......... .......... .......... .......... 33% 10.8M 1s
  2100K .......... .......... .......... .......... .......... 34%  175M 1s
  2150K .......... .......... .......... .......... .......... 35% 6.57M 1s
  2200K .......... .......... .......... .......... .......... 36% 3.07M 1s
  2250K .......... .......... .......... .......... .......... 36%  129M 1s
  2300K .......... .......... .......... .......... .......... 37%  149M 1s
  2350K .......... .......... .......... .......... .......... 38%  154M 1s
  2400K .......... .......... .......... .......... .......... 39% 13.2M 1s
  2450K .......... .......... .......... .......... .......... 40% 15.3M 1s
  2500K .......... .......... .......... .......... .......... 40%  159M 1s
  2550K .......... .......... .......... .......... .......... 41% 7.40M 1s
  2600K .......... .......... .......... .......... .......... 42%  189M 1s
  2650K .......... .......... .......... .......... .......... 43%  145M 1s
  2700K .......... .......... .......... .......... .......... 44% 11.7M 1s
  2750K .......... .......... .......... .......... .......... 44% 3.62M 1s
  2800K .......... .......... .......... .......... .......... 45%  148M 1s
  2850K .......... .......... .......... .......... .......... 46%  186M 1s
  2900K .......... .......... .......... .......... .......... 47%  195M 1s
  2950K .......... .......... .......... .......... .......... 48%  191M 1s
  3000K .......... .......... .......... .......... .......... 48% 19.0M 1s
  3050K .......... .......... .......... .......... .......... 49%  128M 1s
  3100K .......... .......... .......... .......... .......... 50% 6.45M 1s
  3150K .......... .......... .......... .......... .......... 51%  185M 1s
  3200K .......... .......... .......... .......... .......... 52%  142M 1s
  3250K .......... .......... .......... .......... .......... 52% 8.67M 1s
  3300K .......... .......... .......... .......... .......... 53%  191M 1s
  3350K .......... .......... .......... .......... .......... 54%  180M 1s
  3400K .......... .......... .......... .......... .......... 55% 9.41M 1s
  3450K .......... .......... .......... .......... .......... 56% 6.46M 1s
  3500K .......... .......... .......... .......... .......... 56% 17.5M 1s
  3550K .......... .......... .......... .......... .......... 57%  143M 1s
  3600K .......... .......... .......... .......... .......... 58%  190M 1s
  3650K .......... .......... .......... .......... .......... 59%  140M 0s
  3700K .......... .......... .......... .......... .......... 60%  164M 0s
  3750K .......... .......... .......... .......... .......... 60% 18.8M 0s
  3800K .......... .......... .......... .......... .......... 61%  188M 0s
  3850K .......... .......... .......... .......... .......... 62% 8.49M 0s
  3900K .......... .......... .......... .......... .......... 63%  156M 0s
  3950K .......... .......... .......... .......... .......... 64% 25.5M 0s
  4000K .......... .......... .......... .......... .......... 64% 3.97M 0s
  4050K .......... .......... .......... .......... .......... 65%  140M 0s
  4100K .......... .......... .......... .......... .......... 66% 28.3M 0s
  4150K .......... .......... .......... .......... .......... 67%  180M 0s
  4200K .......... .......... .......... .......... .......... 68%  144M 0s
  4250K .......... .......... .......... .......... .......... 68%  187M 0s
  4300K .......... .......... .......... .......... .......... 69% 9.93M 0s
  4350K .......... .......... .......... .......... .......... 70%  160M 0s
  4400K .......... .......... .......... .......... .......... 71%  146M 0s
  4450K .......... .......... .......... .......... .......... 72% 55.0M 0s
  4500K .......... .......... .......... .......... .......... 72%  107M 0s
  4550K .......... .......... .......... .......... .......... 73%  150M 0s
  4600K .......... .......... .......... .......... .......... 74% 19.7M 0s
  4650K .......... .......... .......... .......... .......... 75% 15.8M 0s
  4700K .......... .......... .......... .......... .......... 76%  186M 0s
  4750K .......... .......... .......... .......... .......... 76% 12.1M 0s
  4800K .......... .......... .......... .......... .......... 77%  170M 0s
  4850K .......... .......... .......... .......... .......... 78%  130M 0s
  4900K .......... .......... .......... .......... .......... 79% 16.8M 0s
  4950K .......... .......... .......... .......... .......... 80% 5.87M 0s
  5000K .......... .......... .......... .......... .......... 80% 22.1M 0s
  5050K .......... .......... .......... .......... .......... 81%  180M 0s
  5100K .......... .......... .......... .......... .......... 82%  119M 0s
  5150K .......... .......... .......... .......... .......... 83% 29.6M 0s
  5200K .......... .......... .......... .......... .......... 84%  170M 0s
  5250K .......... .......... .......... .......... .......... 84% 14.0M 0s
  5300K .......... .......... .......... .......... .......... 85%  171M 0s
  5350K .......... .......... .......... .......... .......... 86%  176M 0s
  5400K .......... .......... .......... .......... .......... 87% 10.6M 0s
  5450K .......... .......... .......... .......... .......... 88% 98.4M 0s
  5500K .......... .......... .......... .......... .......... 88% 1.46M 0s
  5550K .......... .......... .......... .......... .......... 89%  101K 0s
  5600K .......... .......... .......... .......... .......... 90%  708K 0s
  5650K .......... .......... .......... .......... .......... 91%  118M 0s
  5700K .......... .......... .......... .......... .......... 92% 1.55M 0s
  5750K .......... .......... .......... .......... .......... 92% 10.5M 0s
  5800K .......... .......... .......... .......... .......... 93% 1.83M 0s
  5850K .......... .......... .......... .......... .......... 94% 5.05M 0s
  5900K .......... .......... .......... .......... .......... 95%  102K 0s
  5950K .......... .......... .......... .......... .......... 96% 1.14M 0s
  6000K .......... .......... .......... .......... .......... 96% 1.47M 0s
  6050K .......... .......... .......... .......... .......... 97% 11.5M 0s
  6100K .......... .......... .......... .......... .......... 98% 1.75M 0s
  6150K .......... .......... .......... .......... .......... 99% 4.24M 0s
  6200K .......... .......... .......... .......... ......    100%  144M=2.1s

2016-12-14 14:34:38 (2.95 MB/s) - `ç%88±è%88ªGPSæ%89%8Bæ%9Cºå®%9Aä½%8D.apk' saved [6396653/6396653]

