--2016-12-23 16:12:53--  http://mcxqt.com/H9
Resolving mcxqt.com... 103.55.27.23
Connecting to mcxqt.com|103.55.27.23|:80... connected.
HTTP request sent, awaiting response... 301 Moved Permanently
Location: http://mcxqt.com/H9/ [following]
--2016-12-23 16:12:55--  http://mcxqt.com/H9/
Reusing existing connection to mcxqt.com:80.
HTTP request sent, awaiting response... 200 OK
Length: 254 [text/html]
Saving to: `index.html'

     0K                                                       100% 16.1M=0s

2016-12-23 16:12:55 (16.1 MB/s) - `index.html' saved [254/254]

=======================The second times wget =====================
--2016-12-23 16:12:55--  http://mcxqt.com/H9/%E6%A0%A1%E7%BD%91%E9%80%9A.apk
Resolving mcxqt.com... 103.55.27.23
Connecting to mcxqt.com|103.55.27.23|:80... connected.
HTTP request sent, awaiting response... 200 OK
Length: 267841 (262K) [application/vnd.android.package-archive]
Saving to: `æ ¡ç½%91é%80%9A.apk'

     0K .......... .......... .......... .......... .......... 19%  130K 2s
    50K .......... .......... .......... .......... .......... 38%  121K 1s
   100K .......... .......... .......... .......... .......... 57%  122K 1s
   150K .......... .......... .......... .......... .......... 76%  121K 0s
   200K .......... .......... .......... .......... .......... 95%  128K 0s
   250K .......... .                                          100%  123K=2.1s

2016-12-23 16:12:58 (124 KB/s) - `æ ¡ç½%91é%80%9A.apk' saved [267841/267841]

