--2017-01-15 21:03:27--  http://wap.kxmmu.cc/fd
Resolving wap.kxmmu.cc... 103.240.180.159
Connecting to wap.kxmmu.cc|103.240.180.159|:80... connected.
HTTP request sent, awaiting response... 301 Moved Permanently
Location: http://wap.kxmmu.cc/fd/ [following]
--2017-01-15 21:03:33--  http://wap.kxmmu.cc/fd/
Reusing existing connection to wap.kxmmu.cc:80.
HTTP request sent, awaiting response... 200 OK
Length: 247 [text/html]
Saving to: `index.html'

     0K                                                       100% 9.06M=0s

2017-01-15 21:03:33 (9.06 MB/s) - `index.html' saved [247/247]

=======================The second times wget =====================
--2017-01-15 21:03:33--  http://wap.kxmmu.cc/fd/%C2%BC%CF%F14.apk
Resolving wap.kxmmu.cc... 103.240.180.159
Connecting to wap.kxmmu.cc|103.240.180.159|:80... connected.
HTTP request sent, awaiting response... 200 OK
Length: 209321 (204K) [application/vnd.android.package-archive]
Saving to: `Â¼Ïñ4.apk'

     0K .......... .......... .......... .......... .......... 24%  126K 1s
    50K .......... .......... .......... .......... .......... 48%  121K 1s
   100K .......... .......... .......... .......... .......... 73%  126K 0s
   150K .......... .......... .......... .......... .......... 97%  121K 0s
   200K ....                                                  100%  190K=1.6s

2017-01-15 21:03:35 (124 KB/s) - `Â¼Ïñ4.apk' saved [209321/209321]

