--2017-01-06 09:03:24--  http://jrxmw.cn/kiXD6
Resolving jrxmw.cn... 103.211.125.148
Connecting to jrxmw.cn|103.211.125.148|:80... connected.
HTTP request sent, awaiting response... 301 Moved Permanently
Location: http://jrxmw.cn/kiXD6/ [following]
--2017-01-06 09:03:25--  http://jrxmw.cn/kiXD6/
Reusing existing connection to jrxmw.cn:80.
HTTP request sent, awaiting response... 302 Object moved
Location: luxiang.apk [following]
--2017-01-06 09:03:27--  http://jrxmw.cn/kiXD6/luxiang.apk
Reusing existing connection to jrxmw.cn:80.
HTTP request sent, awaiting response... 200 OK
Length: 213493 (208K) [application/vnd.android]
Saving to: `luxiang.apk'

     0K .......... .......... .......... .......... .......... 23%  107K 1s
    50K .......... .......... .......... .......... .......... 47%  329K 1s
   100K .......... .......... .......... .......... .......... 71%  283K 0s
   150K .......... .......... .......... .......... .......... 95%  132K 0s
   200K ........                                              100%  265K=1.2s

2017-01-06 09:03:28 (173 KB/s) - `luxiang.apk' saved [213493/213493]

