--2017-02-14 00:07:47--  https://wap.sogou.com/web/searchList.jsp?pg
Resolving wap.sogou.com... 183.36.114.45
Connecting to wap.sogou.com|183.36.114.45|:443... connected.
HTTP request sent, awaiting response... 302 Found
Location: https://wap.sogou.com/ [following]
--2017-02-14 00:07:47--  https://wap.sogou.com/
Reusing existing connection to wap.sogou.com:443.
HTTP request sent, awaiting response... 200 OK
Length: unspecified [text/html]
Saving to: `index.html'

     0K .......... .......... ....                             76.3M=0s

2017-02-14 00:07:47 (76.3 MB/s) - `index.html' saved [25592]

=======================The second times wget =====================
--2017-02-14 00:07:47--  http://dl.appsearch.m.sogou.com/apks/SogouSearch_1134.apk
Resolving dl.appsearch.m.sogou.com... 218.76.79.128
Connecting to dl.appsearch.m.sogou.com|218.76.79.128|:80... connected.
HTTP request sent, awaiting response... 200 OK
Length: 12658367 (12M) [application/vnd.android.package-archive]
Saving to: `SogouSearch_1134.apk'

     0K .......... .......... .......... .......... ..........  0% 1.59M 8s
    50K .......... .......... .......... .......... ..........  0% 1.56M 8s
   100K .......... .......... .......... .......... ..........  1% 1002K 9s
   150K .......... .......... .......... .......... ..........  1% 3.30M 8s
   200K .......... .......... .......... .......... ..........  2% 1.52M 8s
   250K .......... .......... .......... .......... ..........  2% 1.56M 8s
   300K .......... .......... .......... .......... ..........  2% 1.47M 8s
   350K .......... .......... .......... .......... ..........  3% 3.27M 7s
   400K .......... .......... .......... .......... ..........  3% 1.03M 8s
   450K .......... .......... .......... .......... ..........  4% 3.01M 7s
   500K .......... .......... .......... .......... ..........  4% 1.51M 7s
   550K .......... .......... .......... .......... ..........  4% 1.51M 7s
   600K .......... .......... .......... .......... ..........  5% 1.57M 7s
   650K .......... .......... .......... .......... ..........  5% 1.50M 7s
   700K .......... .......... .......... .......... ..........  6% 1.52M 7s
   750K .......... .......... .......... .......... ..........  6% 3.19M 7s
   800K .......... .......... .......... .......... ..........  6% 1.52M 7s
   850K .......... .......... .......... .......... ..........  7% 1.53M 7s
   900K .......... .......... .......... .......... ..........  7% 1.44M 7s
   950K .......... .......... .......... .......... ..........  8% 2.66M 7s
  1000K .......... .......... .......... .......... ..........  8% 1.52M 7s
  1050K .......... .......... .......... .......... ..........  8% 1.90M 7s
  1100K .......... .......... .......... .......... ..........  9% 1.75M 7s
  1150K .......... .......... .......... .......... ..........  9% 1.87M 7s
  1200K .......... .......... .......... .......... .......... 10% 1.63M 7s
  1250K .......... .......... .......... .......... .......... 10% 2.15M 6s
  1300K .......... .......... .......... .......... .......... 10% 1.56M 6s
  1350K .......... .......... .......... .......... .......... 11% 2.02M 6s
  1400K .......... .......... .......... .......... .......... 11% 1.52M 6s
  1450K .......... .......... .......... .......... .......... 12% 1.99M 6s
  1500K .......... .......... .......... .......... .......... 12% 1.54M 6s
  1550K .......... .......... .......... .......... .......... 12% 1.76M 6s
  1600K .......... .......... .......... .......... .......... 13% 1.53M 6s
  1650K .......... .......... .......... .......... .......... 13% 1.54M 6s
  1700K .......... .......... .......... .......... .......... 14% 1.44M 6s
  1750K .......... .......... .......... .......... .......... 14% 3.38M 6s
  1800K .......... .......... .......... .......... .......... 14% 1.51M 6s
  1850K .......... .......... .......... .......... .......... 15% 1.56M 6s
  1900K .......... .......... .......... .......... .......... 15% 1.51M 6s
  1950K .......... .......... .......... .......... .......... 16% 2.96M 6s
  2000K .......... .......... .......... .......... .......... 16% 1.48M 6s
  2050K .......... .......... .......... .......... .......... 16% 1.51M 6s
  2100K .......... .......... .......... .......... .......... 17% 1.61M 6s
  2150K .......... .......... .......... .......... .......... 17% 3.00M 6s
  2200K .......... .......... .......... .......... .......... 18% 1.51M 6s
  2250K .......... .......... .......... .......... .......... 18% 1.51M 6s
  2300K .......... .......... .......... .......... .......... 19% 1.57M 6s
  2350K .......... .......... .......... .......... .......... 19% 3.00M 6s
  2400K .......... .......... .......... .......... .......... 19% 1.51M 6s
  2450K .......... .......... .......... .......... .......... 20% 1.57M 6s
  2500K .......... .......... .......... .......... .......... 20% 1.53M 6s
  2550K .......... .......... .......... .......... .......... 21% 3.04M 6s
  2600K .......... .......... .......... .......... .......... 21% 1.53M 6s
  2650K .......... .......... .......... .......... .......... 21% 1.53M 6s
  2700K .......... .......... .......... .......... .......... 22% 1.44M 6s
  2750K .......... .......... .......... .......... .......... 22% 3.31M 5s
  2800K .......... .......... .......... .......... .......... 23% 1.55M 5s
  2850K .......... .......... .......... .......... .......... 23% 1.54M 5s
  2900K .......... .......... .......... .......... .......... 23% 1.52M 5s
  2950K .......... .......... .......... .......... .......... 24% 3.04M 5s
  3000K .......... .......... .......... .......... .......... 24% 1.35M 5s
  3050K .......... .......... .......... .......... .......... 25% 1.45M 5s
  3100K .......... .......... .......... .......... .......... 25% 1.52M 5s
  3150K .......... .......... .......... .......... .......... 25% 1.60M 5s
  3200K .......... .......... .......... .......... .......... 26% 1.45M 5s
  3250K .......... .......... .......... .......... .......... 26% 1.63M 5s
  3300K .......... .......... .......... .......... .......... 27% 1.44M 5s
  3350K .......... .......... .......... .......... .......... 27% 3.43M 5s
  3400K .......... .......... .......... .......... .......... 27% 1.42M 5s
  3450K .......... .......... .......... .......... .......... 28% 1.65M 5s
  3500K .......... .......... .......... .......... .......... 28% 1.53M 5s
  3550K .......... .......... .......... .......... .......... 29% 3.01M 5s
  3600K .......... .......... .......... .......... .......... 29% 1.51M 5s
  3650K .......... .......... .......... .......... .......... 29% 1.51M 5s
  3700K .......... .......... .......... .......... .......... 30% 1.56M 5s
  3750K .......... .......... .......... .......... .......... 30% 3.01M 5s
  3800K .......... .......... .......... .......... .......... 31% 1.51M 5s
  3850K .......... .......... .......... .......... .......... 31% 1.56M 5s
  3900K .......... .......... .......... .......... .......... 31% 1.52M 5s
  3950K .......... .......... .......... .......... .......... 32% 3.01M 5s
  4000K .......... .......... .......... .......... .......... 32% 1.01M 5s
  4050K .......... .......... .......... .......... .......... 33% 1.03M 5s
  4100K .......... .......... .......... .......... .......... 33% 1.51M 5s
  4150K .......... .......... .......... .......... .......... 33% 1.37M 5s
  4200K .......... .......... .......... .......... .......... 34% 1.52M 5s
  4250K .......... .......... .......... .......... .......... 34% 1.53M 5s
  4300K .......... .......... .......... .......... .......... 35% 3.04M 5s
  4350K .......... .......... .......... .......... .......... 35% 1.44M 5s
  4400K .......... .......... .......... .......... .......... 35% 1.63M 5s
  4450K .......... .......... .......... .......... .......... 36% 1.44M 5s
  4500K .......... .......... .......... .......... .......... 36% 3.03M 5s
  4550K .......... .......... .......... .......... .......... 37% 1.53M 5s
  4600K .......... .......... .......... .......... .......... 37% 1.43M 5s
  4650K .......... .......... .......... .......... .......... 38% 1.50M 4s
  4700K .......... .......... .......... .......... .......... 38% 1.31M 4s
  4750K .......... .......... .......... .......... .......... 38% 1.52M 4s
  4800K .......... .......... .......... .......... .......... 39% 3.04M 4s
  4850K .......... .......... .......... .......... .......... 39% 1.58M 4s
  4900K .......... .......... .......... .......... .......... 40% 1.39M 4s
  4950K .......... .......... .......... .......... .......... 40% 1.51M 4s
  5000K .......... .......... .......... .......... .......... 40% 2.91M 4s
  5050K .......... .......... .......... .......... .......... 41% 1.49M 4s
  5100K .......... .......... .......... .......... .......... 41% 1.63M 4s
  5150K .......... .......... .......... .......... .......... 42% 1.51M 4s
  5200K .......... .......... .......... .......... .......... 42% 3.00M 4s
  5250K .......... .......... .......... .......... .......... 42% 1.38M 4s
  5300K .......... .......... .......... .......... .......... 43% 1.52M 4s
  5350K .......... .......... .......... .......... .......... 43% 1.54M 4s
  5400K .......... .......... .......... .......... .......... 44% 3.05M 4s
  5450K .......... .......... .......... .......... .......... 44% 1.35M 4s
  5500K .......... .......... .......... .......... .......... 44% 1.54M 4s
  5550K .......... .......... .......... .......... .......... 45% 1.52M 4s
  5600K .......... .......... .......... .......... .......... 45% 2.82M 4s
  5650K .......... .......... .......... .......... .......... 46% 1.58M 4s
  5700K .......... .......... .......... .......... .......... 46% 1.48M 4s
  5750K .......... .......... .......... .......... .......... 46% 1.55M 4s
  5800K .......... .......... .......... .......... .......... 47% 3.20M 4s
  5850K .......... .......... .......... .......... .......... 47% 1.51M 4s
  5900K .......... .......... .......... .......... .......... 48% 1.52M 4s
  5950K .......... .......... .......... .......... .......... 48% 1.51M 4s
  6000K .......... .......... .......... .......... .......... 48% 2.94M 4s
  6050K .......... .......... .......... .......... .......... 49% 1.75M 4s
  6100K .......... .......... .......... .......... .......... 49% 1.59M 4s
  6150K .......... .......... .......... .......... .......... 50% 1.45M 4s
  6200K .......... .......... .......... .......... .......... 50% 2.20M 4s
  6250K .......... .......... .......... .......... .......... 50% 3.25M 4s
  6300K .......... .......... .......... .......... .......... 51% 4.79M 3s
  6350K .......... .......... .......... .......... .......... 51% 9.78M 3s
  6400K .......... .......... .......... .......... .......... 52% 9.23M 3s
  6450K .......... .......... .......... .......... .......... 52% 10.3M 3s
  6500K .......... .......... .......... .......... .......... 52% 7.05M 3s
  6550K .......... .......... .......... .......... .......... 53% 6.30M 3s
  6600K .......... .......... .......... .......... .......... 53% 81.4M 3s
  6650K .......... .......... .......... .......... .......... 54% 13.0M 3s
  6700K .......... .......... .......... .......... .......... 54% 8.03M 3s
  6750K .......... .......... .......... .......... .......... 55% 12.3M 3s
  6800K .......... .......... .......... .......... .......... 55% 5.91M 3s
  6850K .......... .......... .......... .......... .......... 55% 5.14M 3s
  6900K .......... .......... .......... .......... .......... 56%  113M 3s
  6950K .......... .......... .......... .......... .......... 56% 4.87M 3s
  7000K .......... .......... .......... .......... .......... 57%  117M 3s
  7050K .......... .......... .......... .......... .......... 57% 5.14M 3s
  7100K .......... .......... .......... .......... .......... 57% 5.05M 3s
  7150K .......... .......... .......... .......... .......... 58%  142M 3s
  7200K .......... .......... .......... .......... .......... 58% 43.4M 3s
  7250K .......... .......... .......... .......... .......... 59% 5.48M 3s
  7300K .......... .......... .......... .......... .......... 59% 5.01M 3s
  7350K .......... .......... .......... .......... .......... 59%  163M 3s
  7400K .......... .......... .......... .......... .......... 60% 61.8M 2s
  7450K .......... .......... .......... .......... .......... 60% 4.79M 2s
  7500K .......... .......... .......... .......... .......... 61%  136M 2s
  7550K .......... .......... .......... .......... .......... 61% 5.12M 2s
  7600K .......... .......... .......... .......... .......... 61% 4.73M 2s
  7650K .......... .......... .......... .......... .......... 62% 9.81M 2s
  7700K .......... .......... .......... .......... .......... 62% 4.45M 2s
  7750K .......... .......... .......... .......... .......... 63%  177M 2s
  7800K .......... .......... .......... .......... .......... 63%  180M 2s
  7850K .......... .......... .......... .......... .......... 63% 3.82M 2s
  7900K .......... .......... .......... .......... .......... 64% 2.70M 2s
  7950K .......... .......... .......... .......... .......... 64%  191M 2s
  8000K .......... .......... .......... .......... .......... 65% 2.76M 2s
  8050K .......... .......... .......... .......... .......... 65%  162M 2s
  8100K .......... .......... .......... .......... .......... 65%  158M 2s
  8150K .......... .......... .......... .......... .......... 66% 3.18M 2s
  8200K .......... .......... .......... .......... .......... 66% 21.6M 2s
  8250K .......... .......... .......... .......... .......... 67% 5.91M 2s
  8300K .......... .......... .......... .......... .......... 67% 5.17M 2s
  8350K .......... .......... .......... .......... .......... 67% 78.4M 2s
  8400K .......... .......... .......... .......... .......... 68% 5.06M 2s
  8450K .......... .......... .......... .......... .......... 68% 67.5M 2s
  8500K .......... .......... .......... .......... .......... 69% 5.36M 2s
  8550K .......... .......... .......... .......... .......... 69% 62.4M 2s
  8600K .......... .......... .......... .......... .......... 69% 5.44M 2s
  8650K .......... .......... .......... .......... .......... 70% 36.5M 2s
  8700K .......... .......... .......... .......... .......... 70%  155M 2s
  8750K .......... .......... .......... .......... .......... 71% 5.13M 2s
  8800K .......... .......... .......... .......... .......... 71% 5.46M 2s
  8850K .......... .......... .......... .......... .......... 71% 51.7M 2s
  8900K .......... .......... .......... .......... .......... 72%  110M 2s
  8950K .......... .......... .......... .......... .......... 72% 5.47M 1s
  9000K .......... .......... .......... .......... .......... 73% 50.1M 1s
  9050K .......... .......... .......... .......... .......... 73% 5.44M 1s
  9100K .......... .......... .......... .......... .......... 74% 45.5M 1s
  9150K .......... .......... .......... .......... .......... 74% 5.59M 1s
  9200K .......... .......... .......... .......... .......... 74% 39.5M 1s
  9250K .......... .......... .......... .......... .......... 75% 5.03M 1s
  9300K .......... .......... .......... .......... .......... 75%  106M 1s
  9350K .......... .......... .......... .......... .......... 76%  121M 1s
  9400K .......... .......... .......... .......... .......... 76% 5.03M 1s
  9450K .......... .......... .......... .......... .......... 76% 40.0M 1s
  9500K .......... .......... .......... .......... .......... 77% 5.68M 1s
  9550K .......... .......... .......... .......... .......... 77% 57.8M 1s
  9600K .......... .......... .......... .......... .......... 78% 5.42M 1s
  9650K .......... .......... .......... .......... .......... 78% 50.5M 1s
  9700K .......... .......... .......... .......... .......... 78% 5.36M 1s
  9750K .......... .......... .......... .......... .......... 79% 60.3M 1s
  9800K .......... .......... .......... .......... .......... 79% 5.47M 1s
  9850K .......... .......... .......... .......... .......... 80% 56.1M 1s
  9900K .......... .......... .......... .......... .......... 80%  110M 1s
  9950K .......... .......... .......... .......... .......... 80% 5.40M 1s
 10000K .......... .......... .......... .......... .......... 81% 5.04M 1s
 10050K .......... .......... .......... .......... .......... 81%  163M 1s
 10100K .......... .......... .......... .......... .......... 82% 52.2M 1s
 10150K .......... .......... .......... .......... .......... 82% 5.42M 1s
 10200K .......... .......... .......... .......... .......... 82% 48.4M 1s
 10250K .......... .......... .......... .......... .......... 83% 5.14M 1s
 10300K .......... .......... .......... .......... .......... 83%  101M 1s
 10350K .......... .......... .......... .......... .......... 84% 4.87M 1s
 10400K .......... .......... .......... .......... .......... 84% 84.0M 1s
 10450K .......... .......... .......... .......... .......... 84% 5.35M 1s
 10500K .......... .......... .......... .......... .......... 85% 16.0M 1s
 10550K .......... .......... .......... .......... .......... 85% 4.93M 1s
 10600K .......... .......... .......... .......... .......... 86%  128M 1s
 10650K .......... .......... .......... .......... .......... 86% 12.6M 1s
 10700K .......... .......... .......... .......... .......... 86% 8.13M 1s
 10750K .......... .......... .......... .......... .......... 87% 12.7M 1s
 10800K .......... .......... .......... .......... .......... 87% 7.80M 1s
 10850K .......... .......... .......... .......... .......... 88% 13.2M 1s
 10900K .......... .......... .......... .......... .......... 88% 8.09M 1s
 10950K .......... .......... .......... .......... .......... 88% 5.52M 1s
 11000K .......... .......... .......... .......... .......... 89% 12.3M 0s
 11050K .......... .......... .......... .......... .......... 89% 4.06M 0s
 11100K .......... .......... .......... .......... .......... 90%  178M 0s
 11150K .......... .......... .......... .......... .......... 90% 12.0M 0s
 11200K .......... .......... .......... .......... .......... 91% 5.01M 0s
 11250K .......... .......... .......... .......... .......... 91% 7.58M 0s
 11300K .......... .......... .......... .......... .......... 91% 5.16M 0s
 11350K .......... .......... .......... .......... .......... 92% 6.11M 0s
 11400K .......... .......... .......... .......... .......... 92% 4.64M 0s
 11450K .......... .......... .......... .......... .......... 93% 14.2M 0s
 11500K .......... .......... .......... .......... .......... 93% 5.91M 0s
 11550K .......... .......... .......... .......... .......... 93% 25.3M 0s
 11600K .......... .......... .......... .......... .......... 94% 6.06M 0s
 11650K .......... .......... .......... .......... .......... 94% 26.7M 0s
 11700K .......... .......... .......... .......... .......... 95% 6.08M 0s
 11750K .......... .......... .......... .......... .......... 95% 23.8M 0s
 11800K .......... .......... .......... .......... .......... 95% 6.17M 0s
 11850K .......... .......... .......... .......... .......... 96% 24.9M 0s
 11900K .......... .......... .......... .......... .......... 96% 86.6M 0s
 11950K .......... .......... .......... .......... .......... 97% 6.29M 0s
 12000K .......... .......... .......... .......... .......... 97% 23.7M 0s
 12050K .......... .......... .......... .......... .......... 97% 6.01M 0s
 12100K .......... .......... .......... .......... .......... 98% 25.4M 0s
 12150K .......... .......... .......... .......... .......... 98% 4.46M 0s
 12200K .......... .......... .......... .......... .......... 99%  108M 0s
 12250K .......... .......... .......... .......... .......... 99% 5.31M 0s
 12300K .......... .......... .......... .......... .......... 99% 45.3M 0s
 12350K .......... .                                          100% 78.7M=4.3s

2017-02-14 00:07:52 (2.80 MB/s) - `SogouSearch_1134.apk' saved [12658367/12658367]

