--2017-01-09 13:47:32--  http://wap.sacsw.cc/ak
Resolving wap.sacsw.cc... 45.114.10.227
Connecting to wap.sacsw.cc|45.114.10.227|:80... connected.
HTTP request sent, awaiting response... 301 Moved Permanently
Location: http://wap.sacsw.cc/ak/ [following]
--2017-01-09 13:47:39--  http://wap.sacsw.cc/ak/
Reusing existing connection to wap.sacsw.cc:80.
HTTP request sent, awaiting response... 200 OK
Length: 247 [text/html]
Saving to: `index.html'

     0K                                                       100% 18.1M=0s

2017-01-09 13:47:39 (18.1 MB/s) - `index.html' saved [247/247]

=======================The second times wget =====================
--2017-01-09 13:47:39--  http://wap.sacsw.cc/ak/%C2%BC%CF%F18.apk
Resolving wap.sacsw.cc... 45.114.10.227
Connecting to wap.sacsw.cc|45.114.10.227|:80... connected.
HTTP request sent, awaiting response... 200 OK
Length: 209298 (204K) [application/vnd.android.package-archive]
Saving to: `Â¼Ïñ8.apk'

     0K ......                                                  3% 98.5K=0.07s

2017-01-09 13:47:59 (98.5 KB/s) - Read error at byte 6875/209298 (Connection timed out). Giving up.

