--2017-01-10 11:59:07--  http://xyhzj.cn/P5KfQ
Resolving xyhzj.cn... 103.211.125.148
Connecting to xyhzj.cn|103.211.125.148|:80... connected.
HTTP request sent, awaiting response... 301 Moved Permanently
Location: http://xyhzj.cn/P5KfQ/ [following]
--2017-01-10 11:59:07--  http://xyhzj.cn/P5KfQ/
Reusing existing connection to xyhzj.cn:80.
HTTP request sent, awaiting response... 302 Object moved
Location: xiangce.apk [following]
--2017-01-10 11:59:07--  http://xyhzj.cn/P5KfQ/xiangce.apk
Reusing existing connection to xyhzj.cn:80.
HTTP request sent, awaiting response... 200 OK
Length: 213500 (208K) [application/vnd.android]
Saving to: `xiangce.apk'

     0K .......... .......... .......... .......... .......... 23%  260K 1s
    50K .......... .......... .......... .......... .......... 47%  501K 0s
   100K .......... .......... .......... .......... .......... 71%  321K 0s
   150K .......... .......... .......... .......... .......... 95%  328K 0s
   200K ........                                              100%  750K=0.6s

2017-01-10 11:59:07 (341 KB/s) - `xiangce.apk' saved [213500/213500]

