--2017-01-09 13:28:17--  http://103.212.33.249/Mp4
Connecting to 103.212.33.249:80... connected.
HTTP request sent, awaiting response... 301 Moved Permanently
Location: http://103.212.33.249/Mp4/ [following]
--2017-01-09 13:28:17--  http://103.212.33.249/Mp4/
Reusing existing connection to 103.212.33.249:80.
HTTP request sent, awaiting response... 200 OK
Length: 652 [text/html]
Saving to: `index.html'

     0K                                                       100% 47.8M=0s

2017-01-09 13:28:17 (47.8 MB/s) - `index.html' saved [652/652]

=======================The second times wget =====================
--2017-01-09 13:28:18--  http://103.212.33.249/Mp4/1%E5%BD%95%E5%83%8F.mp4.apk
Connecting to 103.212.33.249:80... connected.
HTTP request sent, awaiting response... 200 OK
Length: 896881 (876K) [application/vnd.android.package-archive]
Saving to: `1å½%95å%83%8F.mp4.apk'

     0K .......... .......... .......... .......... ..........  5%  128K 6s
    50K .......... .......... .......... .......... .......... 11%  123K 6s
   100K .......... .......... .......... .......... .......... 17% 92.1K 6s
   150K .......... .......... .......... .......... .......... 22% 62.7K 7s
   200K .......... .......... .......... .......... .......... 28%  124K 6s
   250K .......... .......... .......... .......... .......... 34%  127K 6s
   300K .......... .......... .......... .......... .......... 39%  124K 5s
   350K .......... .......... .......... .......... .......... 45%  123K 4s
   400K .......... .......... .......... .......... .......... 51%  115K 4s
   450K .......... .......... .......... .......... .......... 57%  133K 3s
   500K .......... .......... .......... .......... .......... 62%  119K 3s
   550K .......... .......... .......... .......... .......... 68%  128K 2s
   600K .......... .......... .......... .......... .......... 74%  118K 2s
   650K .......... .......... .......... .......... .......... 79%  124K 2s
   700K .......... .......... .......... .......... .......... 85%  127K 1s
   750K .......... .......... .......... .......... .......... 91%  123K 1s
   800K .......... .......... .......... .......... .......... 97%  123K 0s
   850K .......... .......... .....                           100%  121K=7.6s

2017-01-09 13:28:25 (115 KB/s) - `1å½%95å%83%8F.mp4.apk' saved [896881/896881]

