--2017-02-14 15:02:27--  http://lhelp.info/feiz
Resolving lhelp.info... 43.230.113.99
Connecting to lhelp.info|43.230.113.99|:80... connected.
HTTP request sent, awaiting response... 301 Moved Permanently
Location: http://lhelp.info/feiz/ [following]
--2017-02-14 15:02:41--  http://lhelp.info/feiz/
Reusing existing connection to lhelp.info:80.
HTTP request sent, awaiting response... 200 OK
Length: 340 [text/html]
Saving to: `index.html'

     0K                                                       100% 27.0M=0s

2017-02-14 15:02:41 (27.0 MB/s) - `index.html' saved [340/340]

=======================The second times wget =====================
--2017-02-14 15:02:41--  http://lhelp.info/feiz/%C2%BC%CF%F1.apk
Resolving lhelp.info... 43.230.113.99
Connecting to lhelp.info|43.230.113.99|:80... connected.
HTTP request sent, awaiting response... 200 OK
Length: 201064 (196K) [application/vnd.android.package-archive]
Saving to: `Â¼Ïñ.apk'

     0K .......... .......... .......... .......... .......... 25% 72.5K 2s
    50K .......... .......... .......... .......... .......... 50%  293K 1s
   100K .......... .......... .......... .......... .......... 76%  284K 0s
   150K .......... .......... .......... .......... ......    100% 1.47M=1.1s

2017-02-14 15:02:58 (184 KB/s) - `Â¼Ïñ.apk' saved [201064/201064]

