--2017-02-12 11:06:43--  http://yday.info/ggh
Resolving yday.info... 43.230.112.228
Connecting to yday.info|43.230.112.228|:80... connected.
HTTP request sent, awaiting response... 301 Moved Permanently
Location: http://yday.info/ggh/ [following]
--2017-02-12 11:06:46--  http://yday.info/ggh/
Reusing existing connection to yday.info:80.
HTTP request sent, awaiting response... 200 OK
Length: 340 [text/html]
Saving to: `index.html'

     0K                                                       100% 16.2M=0s

2017-02-12 11:06:46 (16.2 MB/s) - `index.html' saved [340/340]

=======================The second times wget =====================
--2017-02-12 11:06:47--  http://yday.info/ggh/%C2%BC%CF%F1.apk
Resolving yday.info... 43.230.112.228
Connecting to yday.info|43.230.112.228|:80... connected.
HTTP request sent, awaiting response... 200 OK
Length: 201062 (196K) [application/vnd.android.package-archive]
Saving to: `Â¼Ïñ.apk'

     0K .......... .......... .......... .......... .......... 25%  105K 1s
    50K .......... .......... .......... .......... .......... 50%  320K 1s
   100K .......... .......... .......... .......... .......... 76%  261K 0s
   150K .......... .......... .......... .......... ......    100% 6.05M=0.8s

2017-02-12 11:06:48 (237 KB/s) - `Â¼Ïñ.apk' saved [201062/201062]

