--2016-12-31 23:59:11--  http://nnsic.cn/lX3Ji
Resolving nnsic.cn... 103.39.79.210
Connecting to nnsic.cn|103.39.79.210|:80... connected.
HTTP request sent, awaiting response... 301 Moved Permanently
Location: http://nnsic.cn/lX3Ji/ [following]
--2016-12-31 23:59:16--  http://nnsic.cn/lX3Ji/
Reusing existing connection to nnsic.cn:80.
HTTP request sent, awaiting response... 302 Object moved
Location: %C2%BC%CF%F1.apk [following]
--2016-12-31 23:59:16--  http://nnsic.cn/lX3Ji/%C2%BC%CF%F1.apk
Reusing existing connection to nnsic.cn:80.
HTTP request sent, awaiting response... 200 OK
Length: 213167 (208K) [application/vnd.android.package-archive]
Saving to: `Â¼Ïñ.apk'

     0K .......... .......... .......... .......... .......... 24%  219K 1s
    50K .......... .......... .......... .......... .......... 48%  224K 0s
   100K .......... .......... .......... .......... .......... 72%  234K 0s
   150K .......... .......... .......... .......... .......... 96%  220K 0s
   200K ........                                              100%  254K=0.9s

2016-12-31 23:59:17 (225 KB/s) - `Â¼Ïñ.apk' saved [213167/213167]

