--2017-01-05 23:07:32--  http://xyhzj.cn/Khdt5
Resolving xyhzj.cn... 103.39.79.210
Connecting to xyhzj.cn|103.39.79.210|:80... connected.
HTTP request sent, awaiting response... 301 Moved Permanently
Location: http://xyhzj.cn/Khdt5/ [following]
--2017-01-05 23:07:36--  http://xyhzj.cn/Khdt5/
Reusing existing connection to xyhzj.cn:80.
HTTP request sent, awaiting response... 302 Object moved
Location: luxiang.apk [following]
--2017-01-05 23:07:37--  http://xyhzj.cn/Khdt5/luxiang.apk
Reusing existing connection to xyhzj.cn:80.
HTTP request sent, awaiting response... 200 OK
Length: 213498 (208K) [application/vnd.android.package-archive]
Saving to: `luxiang.apk'

     0K .......... .......... .......... .......... .......... 23%  189K 1s
    50K .......... .......... .......... .......... .......... 47%  195K 1s
   100K .......... .......... .......... .......... .......... 71%  276K 0s
   150K .......... .......... .......... .......... .......... 95%  280K 0s
   200K ........                                              100%  212K=0.9s

2017-01-05 23:07:38 (227 KB/s) - `luxiang.apk' saved [213498/213498]

