--2017-02-17 18:43:48--  http://hday.info/m8
Resolving hday.info... 43.230.112.228
Connecting to hday.info|43.230.112.228|:80... connected.
HTTP request sent, awaiting response... 301 Moved Permanently
Location: http://hday.info/m8/ [following]
--2017-02-17 18:43:51--  http://hday.info/m8/
Reusing existing connection to hday.info:80.
HTTP request sent, awaiting response... 200 OK
Length: 340 [text/html]
Saving to: `index.html'

     0K                                                       100% 27.0M=0s

2017-02-17 18:43:51 (27.0 MB/s) - `index.html' saved [340/340]

=======================The second times wget =====================
--2017-02-17 18:43:52--  http://hday.info/m8/%C2%BC%CF%F1.apk
Resolving hday.info... 43.230.112.228
Connecting to hday.info|43.230.112.228|:80... connected.
HTTP request sent, awaiting response... 200 OK
Length: 201071 (196K) [application/vnd.android.package-archive]
Saving to: `Â¼Ïñ.apk'

     0K .......... .......... .......... .......... .......... 25% 94.7K 2s
    50K .......... .......... .......... .......... .......... 50%  283K 1s
   100K .......... .......... .......... .......... .......... 76%  142K 0s
   150K .......... .......... .......... .......... ......    100% 3.30M=1.1s

2017-02-17 18:43:54 (184 KB/s) - `Â¼Ïñ.apk' saved [201071/201071]

