--2017-02-15 11:06:14--  http://lteam.info/munn
Resolving lteam.info... 43.230.113.39
Connecting to lteam.info|43.230.113.39|:80... connected.
HTTP request sent, awaiting response... 301 Moved Permanently
Location: http://lteam.info/munn/ [following]
--2017-02-15 11:06:15--  http://lteam.info/munn/
Reusing existing connection to lteam.info:80.
HTTP request sent, awaiting response... 200 OK
Length: 340 [text/html]
Saving to: `index.html'

     0K                                                       100% 20.3M=0s

2017-02-15 11:06:15 (20.3 MB/s) - `index.html' saved [340/340]

=======================The second times wget =====================
--2017-02-15 11:06:15--  http://lteam.info/munn/%C2%BC%CF%F1.apk
Resolving lteam.info... 43.230.113.39
Connecting to lteam.info|43.230.113.39|:80... connected.
HTTP request sent, awaiting response... 200 OK
Length: 201065 (196K) [application/vnd.android.package-archive]
Saving to: `Â¼Ïñ.apk'

     0K .......... .......... .......... .......... .......... 25% 72.5K 2s
    50K .......... .......... .......... .......... .......... 50%  290K 1s
   100K .......... .......... .......... .......... .......... 76%  292K 0s
   150K .......... .......... .......... .......... ......    100% 10.6M=1.0s

2017-02-15 11:06:17 (189 KB/s) - `Â¼Ïñ.apk' saved [201065/201065]

