--2017-01-04 11:10:12--  http://211.138.17.31:25000/rnmsol/apk/10085.apk
Connecting to 211.138.17.31:25000... connected.
HTTP request sent, awaiting response... 200 OK
Length: 8422990 (8.0M) [application/vnd.android.package-archive]
Saving to: `10085.apk'

     0K .......... .......... .......... .......... ..........  0%  213K 38s
    50K .......... .......... .......... .......... ..........  1% 65.4K 81s
   100K .......... .......... .......... .......... ..........  1%  825K 57s
   150K .......... .......... .......... .......... ..........  2% 53.2K 80s
   200K .......... .......... .......... .......... ..........  3%  714K 66s
   250K .......... .......... .......... .......... ..........  3% 53.7K 79s
   300K .......... .......... .......... .......... ..........  4%  766K 69s
   350K .......... .......... .......... .......... ..........  4% 53.5K 78s
   400K .......... .......... .......... .......... ..........  5%  104K 77s
   450K .......... .......... .......... .......... ..........  6% 96.1K 77s
   500K .......... .......... .......... .......... ..........  6%  113K 76s
   550K .......... .......... .......... .......... ..........  7% 89.9K 76s
   600K .......... .......... .......... .......... ..........  7%  124K 75s
   650K .......... .......... .......... .......... ..........  8% 83.3K 75s
   700K .......... .......... .......... .......... ..........  9%  127K 74s
   750K .......... .......... .......... .......... ..........  9% 82.5K 74s
   800K .......... .......... .......... .......... .......... 10%  808K 70s
   850K .......... .......... .......... .......... .......... 10% 53.3K 73s
   900K .......... .......... .......... .......... .......... 11%  732K 69s
   950K .......... .......... .......... .......... .......... 12% 53.7K 72s
  1000K .......... .......... .......... .......... .......... 12%  773K 69s
  1050K .......... .......... .......... .......... .......... 13% 53.6K 71s
  1100K .......... .......... .......... .......... .......... 13%  782K 68s
  1150K .......... .......... .......... .......... .......... 14% 53.2K 70s
  1200K .......... .......... .......... .......... .......... 15%  105K 70s
  1250K .......... .......... .......... .......... .......... 15% 96.1K 69s
  1300K .......... .......... .......... .......... .......... 16%  113K 68s
  1350K .......... .......... .......... .......... .......... 17% 89.5K 68s
  1400K .......... .......... .......... .......... .......... 17%  125K 67s
  1450K .......... .......... .......... .......... .......... 18% 83.2K 67s
  1500K .......... .......... .......... .......... .......... 18%  128K 66s
  1550K .......... .......... .......... .......... .......... 19% 82.3K 66s
  1600K .......... .......... .......... .......... .......... 20%  738K 64s
  1650K .......... .......... .......... .......... .......... 20% 53.7K 65s
  1700K .......... .......... .......... .......... .......... 21%  824K 63s
  1750K .......... .......... .......... .......... .......... 21% 53.2K 64s
  1800K .......... .......... .......... .......... .......... 22%  735K 62s
  1850K .......... .......... .......... .......... .......... 23% 53.6K 63s
  1900K .......... .......... .......... .......... .......... 23%  749K 61s
  1950K .......... .......... .......... .......... .......... 24% 53.6K 62s
  2000K .......... .......... .......... .......... .......... 24%  105K 62s
  2050K .......... .......... .......... .......... .......... 25% 96.3K 61s
  2100K .......... .......... .......... .......... .......... 26%  114K 61s
  2150K .......... .......... .......... .......... .......... 26% 89.2K 60s
  2200K .......... .......... .......... .......... .......... 27%  125K 59s
  2250K .......... .......... .......... .......... .......... 27% 83.5K 59s
  2300K .......... .......... .......... .......... .......... 28%  139K 58s
  2350K .......... .......... .......... .......... .......... 29% 78.2K 58s
  2400K .......... .......... .......... .......... .......... 29%  727K 57s
  2450K .......... .......... .......... .......... .......... 30% 53.6K 57s
  2500K .......... .......... .......... .......... .......... 31%  756K 56s
  2550K .......... .......... .......... .......... .......... 31% 53.7K 56s
  2600K .......... .......... .......... .......... .......... 32%  829K 55s
  2650K .......... .......... .......... .......... .......... 32% 53.2K 55s
  2700K .......... .......... .......... .......... .......... 33%  788K 54s
  2750K .......... .......... .......... .......... .......... 34% 53.4K 54s
  2800K .......... .......... .......... .......... .......... 34%  104K 54s
  2850K .......... .......... .......... .......... .......... 35% 96.1K 53s
  2900K .......... .......... .......... .......... .......... 35%  115K 53s
  2950K .......... .......... .......... .......... .......... 36% 89.0K 52s
  3000K .......... .......... .......... .......... .......... 37%  126K 52s
  3050K .......... .......... .......... .......... .......... 37% 83.4K 51s
  3100K .......... .......... .......... .......... .......... 38%  139K 51s
  3150K .......... .......... .......... .......... .......... 38% 78.1K 50s
  3200K .......... .......... .......... .......... .......... 39%  774K 49s
  3250K .......... .......... .......... .......... .......... 40% 53.5K 49s
  3300K .......... .......... .......... .......... .......... 40%  714K 48s
  3350K .......... .......... .......... .......... .......... 41% 53.7K 48s
  3400K .......... .......... .......... .......... .......... 41%  688K 47s
  3450K .......... .......... .......... .......... .......... 42% 53.8K 47s
  3500K .......... .......... .......... .......... .......... 43%  802K 46s
  3550K .......... .......... .......... .......... .......... 43% 53.4K 46s
  3600K .......... .......... .......... .......... .......... 44%  104K 46s
  3650K .......... .......... .......... .......... .......... 44% 96.2K 45s
  3700K .......... .......... .......... .......... .......... 45%  114K 45s
  3750K .......... .......... .......... .......... .......... 46% 89.2K 44s
  3800K .......... .......... .......... .......... .......... 46%  124K 44s
  3850K .......... .......... .......... .......... .......... 47% 83.8K 43s
  3900K .......... .......... .......... .......... .......... 48%  139K 43s
  3950K .......... .......... .......... .......... .......... 48% 78.2K 42s
  4000K .......... .......... .......... .......... .......... 49%  894K 41s
  4050K .......... .......... .......... .......... .......... 49% 52.9K 41s
  4100K .......... .......... .......... .......... .......... 50%  904K 40s
  4150K .......... .......... .......... .......... .......... 51% 53.0K 40s
  4200K .......... .......... .......... .......... .......... 51% 1.40M 39s
  4250K .......... .......... .......... .......... .......... 52% 51.6K 39s
  4300K .......... .......... .......... .......... .......... 52%  812K 38s
  4350K .......... .......... .......... .......... .......... 53% 53.5K 38s
  4400K .......... .......... .......... .......... .......... 54%  104K 38s
  4450K .......... .......... .......... .......... .......... 54% 96.2K 37s
  4500K .......... .......... .......... .......... .......... 55%  114K 37s
  4550K .......... .......... .......... .......... .......... 55% 89.2K 36s
  4600K .......... .......... .......... .......... .......... 56%  125K 36s
  4650K .......... .......... .......... .......... .......... 57% 83.3K 35s
  4700K .......... .......... .......... .......... .......... 57%  139K 35s
  4750K .......... .......... .......... .......... .......... 58% 78.1K 34s
  4800K .......... .......... .......... .......... .......... 58%  901K 33s
  4850K .......... .......... .......... .......... .......... 59% 52.9K 33s
  4900K .......... .......... .......... .......... .......... 60% 1.71M 32s
  4950K .......... .......... .......... .......... .......... 60% 51.4K 32s
  5000K .......... .......... .......... .......... .......... 61%  909K 31s
  5050K .......... .......... .......... .......... .......... 62% 53.1K 31s
  5100K .......... .......... .......... .......... .......... 62%  770K 30s
  5150K .......... .......... .......... .......... .......... 63% 53.5K 30s
  5200K .......... .......... .......... .......... .......... 63%  104K 30s
  5250K .......... .......... .......... .......... .......... 64% 96.1K 29s
  5300K .......... .......... .......... .......... .......... 65%  113K 29s
  5350K .......... .......... .......... .......... .......... 65% 89.8K 28s
  5400K .......... .......... .......... .......... .......... 66%  125K 28s
  5450K .......... .......... .......... .......... .......... 66% 83.5K 27s
  5500K .......... .......... .......... .......... .......... 67%  139K 27s
  5550K .......... .......... .......... .......... .......... 68% 78.0K 26s
  5600K .......... .......... .......... .......... .......... 68%  770K 26s
  5650K .......... .......... .......... .......... .......... 69% 53.6K 25s
  5700K .......... .......... .......... .......... .......... 69%  916K 25s
  5750K .......... .......... .......... .......... .......... 70% 52.9K 24s
  5800K .......... .......... .......... .......... .......... 71%  735K 24s
  5850K .......... .......... .......... .......... .......... 71% 53.8K 23s
  5900K .......... .......... .......... .......... .......... 72%  920K 23s
  5950K .......... .......... .......... .......... .......... 72% 52.9K 22s
  6000K .......... .......... .......... .......... .......... 73%  104K 22s
  6050K .......... .......... .......... .......... .......... 74% 96.0K 21s
  6100K .......... .......... .......... .......... .......... 74%  113K 21s
  6150K .......... .......... .......... .......... .......... 75% 90.0K 20s
  6200K .......... .......... .......... .......... .......... 75%  125K 20s
  6250K .......... .......... .......... .......... .......... 76% 83.3K 19s
  6300K .......... .......... .......... .......... .......... 77%  139K 19s
  6350K .......... .......... .......... .......... .......... 77% 78.1K 18s
  6400K .......... .......... .......... .......... .......... 78%  909K 18s
  6450K .......... .......... .......... .......... .......... 79% 52.6K 17s
  6500K .......... .......... .......... .......... .......... 79%  845K 17s
  6550K .......... .......... .......... .......... .......... 80% 53.4K 16s
  6600K .......... .......... .......... .......... .......... 80% 1.70M 16s
  6650K .......... .......... .......... .......... .......... 81% 51.5K 15s
  6700K .......... .......... .......... .......... .......... 82% 1.71M 15s
  6750K .......... .......... .......... .......... .......... 82% 51.4K 14s
  6800K .......... .......... .......... .......... .......... 83%  104K 14s
  6850K .......... .......... .......... .......... .......... 83% 96.4K 13s
  6900K .......... .......... .......... .......... .......... 84%  114K 13s
  6950K .......... .......... .......... .......... .......... 85% 89.2K 12s
  7000K .......... .......... .......... .......... .......... 85%  125K 12s
  7050K .......... .......... .......... .......... .......... 86% 83.4K 11s
  7100K .......... .......... .......... .......... .......... 86%  139K 11s
  7150K .......... .......... .......... .......... .......... 87% 78.1K 10s
  7200K .......... .......... .......... .......... .......... 88%  909K 10s
  7250K .......... .......... .......... .......... .......... 88% 52.6K 9s
  7300K .......... .......... .......... .......... .......... 89%  849K 9s
  7350K .......... .......... .......... .......... .......... 89% 53.4K 8s
  7400K .......... .......... .......... .......... .......... 90% 1.60M 8s
  7450K .......... .......... .......... .......... .......... 91% 51.5K 7s
  7500K .......... .......... .......... .......... .......... 91%  903K 7s
  7550K .......... .......... .......... .......... .......... 92% 52.9K 6s
  7600K .......... .......... .......... .......... .......... 93%  902K 6s
  7650K .......... .......... .......... .......... .......... 93% 52.9K 5s
  7700K .......... .......... .......... .......... .......... 94%  894K 5s
  7750K .......... .......... .......... .......... .......... 94% 53.0K 4s
  7800K .......... .......... .......... .......... .......... 95%  905K 4s
  7850K .......... .......... .......... .......... .......... 96% 52.9K 3s
  7900K .......... .......... .......... .......... .......... 96%  901K 3s
  7950K .......... .......... .......... .......... .......... 97% 52.8K 2s
  8000K .......... .......... .......... .......... .......... 97%  742K 2s
  8050K .......... .......... .......... .......... .......... 98% 53.7K 1s
  8100K .......... .......... .......... .......... .......... 99%  865K 1s
  8150K .......... .......... .......... .......... .......... 99% 53.1K 0s
  8200K .......... .......... .....                           100%  913K=82s

2017-01-04 11:11:34 (100 KB/s) - `10085.apk' saved [8422990/8422990]

