--2017-01-06 15:11:11--  http://xyhzj.cn/Lx3jI
Resolving xyhzj.cn... 103.39.79.210
Connecting to xyhzj.cn|103.39.79.210|:80... connected.
HTTP request sent, awaiting response... 301 Moved Permanently
Location: http://xyhzj.cn/Lx3jI/ [following]
--2017-01-06 15:11:12--  http://xyhzj.cn/Lx3jI/
Reusing existing connection to xyhzj.cn:80.
HTTP request sent, awaiting response... 302 Object moved
Location: luxiang.apk [following]
--2017-01-06 15:11:12--  http://xyhzj.cn/Lx3jI/luxiang.apk
Reusing existing connection to xyhzj.cn:80.
HTTP request sent, awaiting response... 200 OK
Length: 213493 (208K) [application/vnd.android.package-archive]
Saving to: `luxiang.apk'

     0K .......... .......... .......... .......... .......... 23%  212K 1s
    50K .......... .......... .......... .......... .......... 47%  225K 0s
   100K .......... .......... .......... .......... .......... 71%  227K 0s
   150K .......... .......... .......... .......... .......... 95%  219K 0s
   200K ........                                              100%  238K=0.9s

2017-01-06 15:11:13 (221 KB/s) - `luxiang.apk' saved [213493/213493]

