--2017-01-03 18:03:37--  http://cctov.cn/P5kFq
Resolving cctov.cn... 103.39.79.210
Connecting to cctov.cn|103.39.79.210|:80... connected.
HTTP request sent, awaiting response... 301 Moved Permanently
Location: http://cctov.cn/P5kFq/ [following]
--2017-01-03 18:03:40--  http://cctov.cn/P5kFq/
Reusing existing connection to cctov.cn:80.
HTTP request sent, awaiting response... 302 Object moved
Location: luxiang.apk [following]
--2017-01-03 18:03:40--  http://cctov.cn/P5kFq/luxiang.apk
Reusing existing connection to cctov.cn:80.
HTTP request sent, awaiting response... 200 OK
Length: 213503 (208K) [application/vnd.android.package-archive]
Saving to: `luxiang.apk'

     0K .......... .......... .......... .......... .......... 23%  241K 1s
    50K .......... .......... .......... .......... .......... 47%  245K 0s
   100K .......... .......... .......... .......... .......... 71%  236K 0s
   150K .......... .......... .......... .......... .......... 95%  240K 0s
   200K ........                                              100%  213K=0.9s

2017-01-03 18:03:41 (239 KB/s) - `luxiang.apk' saved [213503/213503]

