--2017-02-16 16:26:53--  http://202.103.124.66:7095/Rop/apk/PalmSale.apk
Connecting to 202.103.124.66:7095... connected.
HTTP request sent, awaiting response... 200 OK
Length: 8484324 (8.1M) [text/plain]
Saving to: `PalmSale.apk'

     0K .......... .......... .......... .......... ..........  0% 1.08M 7s
    50K .......... .......... .......... .......... ..........  1% 2.10M 6s
   100K .......... .......... .......... .......... ..........  1% 3.97M 4s
   150K .......... .......... .......... .......... ..........  2% 4.33M 4s
   200K .......... .......... .......... .......... ..........  3% 3.76M 3s
   250K .......... .......... .......... .......... ..........  3% 4.33M 3s
   300K .......... .......... .......... .......... ..........  4% 4.05M 3s
   350K .......... .......... .......... .......... ..........  4% 4.11M 3s
   400K .......... .......... .......... .......... ..........  5%  130M 2s
   450K .......... .......... .......... .......... ..........  6% 3.77M 2s
   500K .......... .......... .......... .......... ..........  6% 4.59M 2s
   550K .......... .......... .......... .......... ..........  7% 5.07M 2s
   600K .......... .......... .......... .......... ..........  7% 13.1M 2s
   650K .......... .......... .......... .......... ..........  8% 7.26M 2s
   700K .......... .......... .......... .......... ..........  9% 12.1M 2s
   750K .......... .......... .......... .......... ..........  9% 5.91M 2s
   800K .......... .......... .......... .......... .......... 10% 93.4M 2s
   850K .......... .......... .......... .......... .......... 10% 4.40M 2s
   900K .......... .......... .......... .......... .......... 11%  138M 2s
   950K .......... .......... .......... .......... .......... 12% 4.14M 2s
  1000K .......... .......... .......... .......... .......... 12%  185M 2s
  1050K .......... .......... .......... .......... .......... 13%  154M 1s
  1100K .......... .......... .......... .......... .......... 13% 4.36M 1s
  1150K .......... .......... .......... .......... .......... 14% 10.1M 1s
  1200K .......... .......... .......... .......... .......... 15% 15.8M 1s
  1250K .......... .......... .......... .......... .......... 15%  153M 1s
  1300K .......... .......... .......... .......... .......... 16% 8.41M 1s
  1350K .......... .......... .......... .......... .......... 16% 6.24M 1s
  1400K .......... .......... .......... .......... .......... 17% 12.2M 1s
  1450K .......... .......... .......... .......... .......... 18% 13.5M 1s
  1500K .......... .......... .......... .......... .......... 18% 18.1M 1s
  1550K .......... .......... .......... .......... .......... 19% 10.5M 1s
  1600K .......... .......... .......... .......... .......... 19% 5.62M 1s
  1650K .......... .......... .......... .......... .......... 20% 19.2M 1s
  1700K .......... .......... .......... .......... .......... 21%  159M 1s
  1750K .......... .......... .......... .......... .......... 21% 11.1M 1s
  1800K .......... .......... .......... .......... .......... 22% 2.32M 1s
  1850K .......... .......... .......... .......... .......... 22%  107M 1s
  1900K .......... .......... .......... .......... .......... 23%  143M 1s
  1950K .......... .......... .......... .......... .......... 24%  158M 1s
  2000K .......... .......... .......... .......... .......... 24%  176M 1s
  2050K .......... .......... .......... .......... .......... 25% 8.79M 1s
  2100K .......... .......... .......... .......... .......... 25% 3.91M 1s
  2150K .......... .......... .......... .......... .......... 26% 2.00M 1s
  2200K .......... .......... .......... .......... .......... 27% 3.45M 1s
  2250K .......... .......... .......... .......... .......... 27% 2.74M 1s
  2300K .......... .......... .......... .......... .......... 28% 4.71M 1s
  2350K .......... .......... .......... .......... .......... 28% 3.52M 1s
  2400K .......... .......... .......... .......... .......... 29% 4.71M 1s
  2450K .......... .......... .......... .......... .......... 30% 3.82M 1s
  2500K .......... .......... .......... .......... .......... 30% 4.13M 1s
  2550K .......... .......... .......... .......... .......... 31% 6.53M 1s
  2600K .......... .......... .......... .......... .......... 31% 4.15M 1s
  2650K .......... .......... .......... .......... .......... 32% 4.04M 1s
  2700K .......... .......... .......... .......... .......... 33% 3.76M 1s
  2750K .......... .......... .......... .......... .......... 33%  121M 1s
  2800K .......... .......... .......... .......... .......... 34% 4.03M 1s
  2850K .......... .......... .......... .......... .......... 35% 4.21M 1s
  2900K .......... .......... .......... .......... .......... 35%  180M 1s
  2950K .......... .......... .......... .......... .......... 36% 4.68M 1s
  3000K .......... .......... .......... .......... .......... 36% 3.83M 1s
  3050K .......... .......... .......... .......... .......... 37% 3.97M 1s
  3100K .......... .......... .......... .......... .......... 38%  170M 1s
  3150K .......... .......... .......... .......... .......... 38% 4.40M 1s
  3200K .......... .......... .......... .......... .......... 39% 2.82M 1s
  3250K .......... .......... .......... .......... .......... 39% 22.1M 1s
  3300K .......... .......... .......... .......... .......... 40% 1.23M 1s
  3350K .......... .......... .......... .......... .......... 41% 81.8M 1s
  3400K .......... .......... .......... .......... .......... 41% 14.0M 1s
  3450K .......... .......... .......... .......... .......... 42% 1.44M 1s
  3500K .......... .......... .......... .......... .......... 42% 2.17M 1s
  3550K .......... .......... .......... .......... .......... 43% 2.01M 1s
  3600K .......... .......... .......... .......... .......... 44% 3.66M 1s
  3650K .......... .......... .......... .......... .......... 44% 2.12M 1s
  3700K .......... .......... .......... .......... .......... 45% 4.40M 1s
  3750K .......... .......... .......... .......... .......... 45% 3.55M 1s
  3800K .......... .......... .......... .......... .......... 46% 3.10M 1s
  3850K .......... .......... .......... .......... .......... 47% 4.45M 1s
  3900K .......... .......... .......... .......... .......... 47% 4.15M 1s
  3950K .......... .......... .......... .......... .......... 48% 6.11M 1s
  4000K .......... .......... .......... .......... .......... 48% 5.71M 1s
  4050K .......... .......... .......... .......... .......... 49% 3.76M 1s
  4100K .......... .......... .......... .......... .......... 50% 8.01M 1s
  4150K .......... .......... .......... .......... .......... 50% 11.7M 1s
  4200K .......... .......... .......... .......... .......... 51% 3.82M 1s
  4250K .......... .......... .......... .......... .......... 51% 5.84M 1s
  4300K .......... .......... .......... .......... .......... 52%  174M 1s
  4350K .......... .......... .......... .......... .......... 53% 4.53M 1s
  4400K .......... .......... .......... .......... .......... 53% 3.97M 1s
  4450K .......... .......... .......... .......... .......... 54% 4.36M 1s
  4500K .......... .......... .......... .......... .......... 54%  145M 1s
  4550K .......... .......... .......... .......... .......... 55% 5.89M 1s
  4600K .......... .......... .......... .......... .......... 56% 2.87M 1s
  4650K .......... .......... .......... .......... .......... 56% 4.24M 1s
  4700K .......... .......... .......... .......... .......... 57% 1.49M 1s
  4750K .......... .......... .......... .......... .......... 57% 6.55M 1s
  4800K .......... .......... .......... .......... .......... 58%  137M 1s
  4850K .......... .......... .......... .......... .......... 59% 1.86M 1s
  4900K .......... .......... .......... .......... .......... 59% 3.84M 1s
  4950K .......... .......... .......... .......... .......... 60%  869K 1s
  5000K .......... .......... .......... .......... .......... 60% 2.76M 1s
  5050K .......... .......... .......... .......... .......... 61% 1.30M 1s
  5100K .......... .......... .......... .......... .......... 62% 1.40M 1s
  5150K .......... .......... .......... .......... .......... 62% 1.02M 1s
  5200K .......... .......... .......... .......... .......... 63%  837K 1s
  5250K .......... .......... .......... .......... .......... 63% 1.00M 1s
  5300K .......... .......... .......... .......... .......... 64% 1.37M 1s
  5350K .......... .......... .......... .......... .......... 65% 1.02M 1s
  5400K .......... .......... .......... .......... .......... 65% 1.30M 1s
  5450K .......... .......... .......... .......... .......... 66% 1.42M 1s
  5500K .......... .......... .......... .......... .......... 66% 1.01M 1s
  5550K .......... .......... .......... .......... .......... 67% 1.36M 1s
  5600K .......... .......... .......... .......... .......... 68% 1.32M 1s
  5650K .......... .......... .......... .......... .......... 68% 1.40M 1s
  5700K .......... .......... .......... .......... .......... 69% 1.48M 1s
  5750K .......... .......... .......... .......... .......... 70% 1.81M 1s
  5800K .......... .......... .......... .......... .......... 70% 1.33M 1s
  5850K .......... .......... .......... .......... .......... 71% 1.38M 1s
  5900K .......... .......... .......... .......... .......... 71% 1.88M 1s
  5950K .......... .......... .......... .......... .......... 72% 1.61M 1s
  6000K .......... .......... .......... .......... .......... 73% 1.37M 1s
  6050K .......... .......... .......... .......... .......... 73% 1.91M 1s
  6100K .......... .......... .......... .......... .......... 74% 1.85M 1s
  6150K .......... .......... .......... .......... .......... 74% 1.96M 1s
  6200K .......... .......... .......... .......... .......... 75% 1.81M 1s
  6250K .......... .......... .......... .......... .......... 76% 1.88M 1s
  6300K .......... .......... .......... .......... .......... 76% 2.44M 1s
  6350K .......... .......... .......... .......... .......... 77% 1.74M 1s
  6400K .......... .......... .......... .......... .......... 77% 1.75M 1s
  6450K .......... .......... .......... .......... .......... 78% 2.16M 1s
  6500K .......... .......... .......... .......... .......... 79% 1.65M 1s
  6550K .......... .......... .......... .......... .......... 79% 2.63M 1s
  6600K .......... .......... .......... .......... .......... 80% 2.03M 1s
  6650K .......... .......... .......... .......... .......... 80% 1.53M 1s
  6700K .......... .......... .......... .......... .......... 81% 2.04M 1s
  6750K .......... .......... .......... .......... .......... 82% 2.04M 0s
  6800K .......... .......... .......... .......... .......... 82% 1.35M 0s
  6850K .......... .......... .......... .......... .......... 83% 2.05M 0s
  6900K .......... .......... .......... .......... .......... 83% 1.07M 0s
  6950K .......... .......... .......... .......... .......... 84% 1.86M 0s
  7000K .......... .......... .......... .......... .......... 85% 1.68M 0s
  7050K .......... .......... .......... .......... .......... 85% 2.60M 0s
  7100K .......... .......... .......... .......... .......... 86% 2.02M 0s
  7150K .......... .......... .......... .......... .......... 86% 2.00M 0s
  7200K .......... .......... .......... .......... .......... 87% 1.77M 0s
  7250K .......... .......... .......... .......... .......... 88% 2.04M 0s
  7300K .......... .......... .......... .......... .......... 88% 2.41M 0s
  7350K .......... .......... .......... .......... .......... 89% 1.66M 0s
  7400K .......... .......... .......... .......... .......... 89% 2.19M 0s
  7450K .......... .......... .......... .......... .......... 90% 2.06M 0s
  7500K .......... .......... .......... .......... .......... 91% 2.02M 0s
  7550K .......... .......... .......... .......... .......... 91% 1.89M 0s
  7600K .......... .......... .......... .......... .......... 92% 2.22M 0s
  7650K .......... .......... .......... .......... .......... 92% 2.00M 0s
  7700K .......... .......... .......... .......... .......... 93% 3.58M 0s
  7750K .......... .......... .......... .......... .......... 94% 2.21M 0s
  7800K .......... .......... .......... .......... .......... 94% 2.02M 0s
  7850K .......... .......... .......... .......... .......... 95% 4.06M 0s
  7900K .......... .......... .......... .......... .......... 95% 2.06M 0s
  7950K .......... .......... .......... .......... .......... 96% 3.88M 0s
  8000K .......... .......... .......... .......... .......... 97% 1.02M 0s
  8050K .......... .......... .......... .......... .......... 97% 1.38M 0s
  8100K .......... .......... .......... .......... .......... 98% 2.00M 0s
  8150K .......... .......... .......... .......... .......... 98% 2.00M 0s
  8200K .......... .......... .......... .......... .......... 99% 2.09M 0s
  8250K .......... .......... .......... .....                100% 2.81M=3.0s

2017-02-16 16:26:56 (2.72 MB/s) - `PalmSale.apk' saved [8484324/8484324]

