--2017-02-03 09:43:53--  http://wap.zakiez.com/ot
Resolving wap.zakiez.com... 103.80.124.72
Connecting to wap.zakiez.com|103.80.124.72|:80... connected.
HTTP request sent, awaiting response... 301 Moved Permanently
Location: http://wap.zakiez.com/ot/ [following]
--2017-02-03 09:43:55--  http://wap.zakiez.com/ot/
Reusing existing connection to wap.zakiez.com:80.
HTTP request sent, awaiting response... 302 Object moved
Location: %E8%A7%86%E9%A2%91.apk [following]
--2017-02-03 09:43:57--  http://wap.zakiez.com/ot/%E8%A7%86%E9%A2%91.apk
Reusing existing connection to wap.zakiez.com:80.
HTTP request sent, awaiting response... 200 OK
Length: 209290 (204K) [apk]
Saving to: `è§%86é¢%91.apk'

     0K .......... .......... .......... .......... .......... 24% 2.85K 54s
    50K .......... .......... .......... .......... .......... 48% 7.18K 26s
   100K .......... .......... .......... .......... .......... 73% 7.64K 11s
   150K .......... .......... .......... .......... .......... 97% 9.00K 1s
   200K ....                                                  100% 2.77K=38s

2017-02-03 09:44:37 (5.35 KB/s) - `è§%86é¢%91.apk' saved [209290/209290]

