--2017-01-09 16:18:49--  http://hnliri.cn/PgiN3
Resolving hnliri.cn... 103.211.125.154
Connecting to hnliri.cn|103.211.125.154|:80... connected.
HTTP request sent, awaiting response... 301 Moved Permanently
Location: http://hnliri.cn/PgiN3/ [following]
--2017-01-09 16:18:53--  http://hnliri.cn/PgiN3/
Reusing existing connection to hnliri.cn:80.
HTTP request sent, awaiting response... 302 Object moved
Location: luxiang.apk [following]
--2017-01-09 16:18:53--  http://hnliri.cn/PgiN3/luxiang.apk
Reusing existing connection to hnliri.cn:80.
HTTP request sent, awaiting response... 200 OK
Length: 213523 (209K) [application/vnd.android]
Saving to: `luxiang.apk'

     0K .......... .......... .......... .......... .......... 23%  158K 1s
    50K .......... .......... .......... .......... .......... 47%  339K 1s
   100K .......... .......... .......... .......... .......... 71%  179K 0s
   150K .......... .......... .......... .......... .......... 95%  192K 0s
   200K ........                                              100% 88.9K=1.1s

2017-01-09 16:18:54 (190 KB/s) - `luxiang.apk' saved [213523/213523]

