--2017-01-03 15:51:43--  http://gtkiw.com/
Resolving gtkiw.com... 103.40.102.251
Connecting to gtkiw.com|103.40.102.251|:80... connected.
HTTP request sent, awaiting response... 200 OK
Length: 632 [text/html]
Saving to: `index.html'

     0K                                                       100% 35.5M=0s

2017-01-03 15:51:48 (35.5 MB/s) - `index.html' saved [632/632]

=======================The second times wget =====================
--2017-01-03 15:51:48--  http://gtkiw.com/%E5%BD%95%E5%83%8F.apk
Resolving gtkiw.com... 103.40.102.251
Connecting to gtkiw.com|103.40.102.251|:80... connected.
HTTP request sent, awaiting response... 200 OK
Length: 910110 (889K) [application/vnd.android.package-archive]
Saving to: `å½%95å%83%8F.apk'

     0K .......... .......... .......... .......... ..........  5%  118K 7s
    50K .......... .......... .......... .......... .......... 11%  127K 6s
   100K .......... .......... .......... .......... .......... 16%  115K 6s
   150K .......... .......... .......... .......... .......... 22%  128K 6s
   200K .......... .......... .......... .......... .......... 28%  119K 5s
   250K .......... .......... .......... .......... .......... 33%  113K 5s
   300K .......... .......... .......... .......... .......... 39%  128K 4s
   350K .......... .......... .......... .......... .......... 45%  112K 4s
   400K .......... .......... .......... .......... .......... 50% 25.9K 5s
   450K .......... .......... .......... .......... .......... 56% 54.5K 5s
   500K .......... .......... .......... .......... .......... 61%  103K 4s
   550K .......... .......... .......... .......... .......... 67%  122K 3s
   600K .......... .......... .......... .......... .......... 73%  120K 3s
   650K .......... .......... .......... .......... .......... 78%  103K 2s
   700K .......... .......... .......... .......... .......... 84%  139K 2s
   750K .......... .......... .......... .......... .......... 90%  119K 1s
   800K .......... .......... .......... .......... .......... 95%  118K 0s
   850K .......... .......... .......... ........             100%  119K=9.5s

2017-01-03 15:51:59 (93.4 KB/s) - `å½%95å%83%8F.apk' saved [910110/910110]

