--2017-02-13 12:38:25--  http://ystar.info/ykkn
Resolving ystar.info... 43.230.113.39
Connecting to ystar.info|43.230.113.39|:80... connected.
HTTP request sent, awaiting response... 302 Found
Location: /ykkn?WebShieldDRSessionVerify=8yj7t9Clv41anELSzmUO [following]
--2017-02-13 12:38:26--  http://ystar.info/ykkn?WebShieldDRSessionVerify=8yj7t9Clv41anELSzmUO
Connecting to ystar.info|43.230.113.39|:80... connected.
HTTP request sent, awaiting response... 302 Found
Location: /ykkn [following]
--2017-02-13 12:38:26--  http://ystar.info/ykkn
Connecting to ystar.info|43.230.113.39|:80... connected.
HTTP request sent, awaiting response... 301 Moved Permanently
Location: http://ystar.info/ykkn/ [following]
--2017-02-13 12:38:30--  http://ystar.info/ykkn/
Reusing existing connection to ystar.info:80.
HTTP request sent, awaiting response... 200 OK
Length: 340 [text/html]
Saving to: `index.html'

     0K                                                       100% 29.5M=0s

2017-02-13 12:38:30 (29.5 MB/s) - `index.html' saved [340/340]

=======================The second times wget =====================
--2017-02-13 12:38:30--  http://ystar.info/ykkn/%C2%BC%CF%F1.apk
Resolving ystar.info... 43.230.113.39
Connecting to ystar.info|43.230.113.39|:80... connected.
HTTP request sent, awaiting response... 200 OK
Length: 201058 (196K) [application/vnd.android.package-archive]
Saving to: `Â¼Ïñ.apk'

     0K .......... .......... .......... .......... .......... 25% 71.0K 2s
    50K .......... .......... .......... .......... .......... 50%  290K 1s
   100K .......... .......... .......... .......... .......... 76%  142K 0s
   150K .......... .......... .......... .......... ......    100% 11.2M=1.2s

2017-02-13 12:38:32 (159 KB/s) - `Â¼Ïñ.apk' saved [201058/201058]

