--2017-01-16 12:43:42--  http://zuche.com/
Resolving zuche.com... 119.254.86.116
Connecting to zuche.com|119.254.86.116|:80... connected.
HTTP request sent, awaiting response... 301 Moved Permanently
Location: http://www.zuche.com/ [following]
--2017-01-16 12:43:43--  http://www.zuche.com/
Resolving www.zuche.com... 220.170.181.132, 220.170.181.154, 220.170.181.153, ...
Connecting to www.zuche.com|220.170.181.132|:80... connected.
HTTP request sent, awaiting response... 200 OK
Length: unspecified [text/html]
Saving to: `index.html'

     0K .......... .......... .......... .......... ..........  712K
    50K .......... .......... .......... .......... .....      1.87M=0.09s

2017-01-16 12:43:43 (1018 KB/s) - `index.html' saved [98195]

=======================The second times wget =====================
--2017-01-16 12:43:44--  http://static.zuchecdn.com/download/SZZC.apk
Resolving static.zuchecdn.com... 220.170.181.154, 220.170.181.153, 220.170.181.134, ...
Connecting to static.zuchecdn.com|220.170.181.154|:80... connected.
HTTP request sent, awaiting response... 200 OK
Length: 17102205 (16M) [application/vnd.android.package-archive]
Saving to: `SZZC.apk'

     0K .......... .......... .......... .......... ..........  0% 12.3M 1s
    50K .......... .......... .......... .......... ..........  0% 24.7M 1s
   100K .......... .......... .......... .......... ..........  0%  109M 1s
   150K .......... .......... .......... .......... ..........  1% 28.9M 1s
   200K .......... .......... .......... .......... ..........  1%  113M 1s
   250K .......... .......... .......... .......... ..........  1% 43.1M 1s
   300K .......... .......... .......... .......... ..........  2% 63.1M 0s
   350K .......... .......... .......... .......... ..........  2% 93.7M 0s
   400K .......... .......... .......... .......... ..........  2% 46.9M 0s
   450K .......... .......... .......... .......... ..........  2% 89.4M 0s
   500K .......... .......... .......... .......... ..........  3%  117M 0s
   550K .......... .......... .......... .......... ..........  3% 84.8M 0s
   600K .......... .......... .......... .......... ..........  3%  112M 0s
   650K .......... .......... .......... .......... ..........  4%  105M 0s
   700K .......... .......... .......... .......... ..........  4%  104M 0s
   750K .......... .......... .......... .......... ..........  4%  194M 0s
   800K .......... .......... .......... .......... ..........  5%  150M 0s
   850K .......... .......... .......... .......... ..........  5%  138M 0s
   900K .......... .......... .......... .......... ..........  5%  195M 0s
   950K .......... .......... .......... .......... ..........  5%  135M 0s
  1000K .......... .......... .......... .......... ..........  6%  158M 0s
  1050K .......... .......... .......... .......... ..........  6%  127M 0s
  1100K .......... .......... .......... .......... ..........  6%  133M 0s
  1150K .......... .......... .......... .......... ..........  7%  189M 0s
  1200K .......... .......... .......... .......... ..........  7%  123M 0s
  1250K .......... .......... .......... .......... ..........  7%  165M 0s
  1300K .......... .......... .......... .......... ..........  8%  110M 0s
  1350K .......... .......... .......... .......... ..........  8%  192M 0s
  1400K .......... .......... .......... .......... ..........  8%  162M 0s
  1450K .......... .......... .......... .......... ..........  8%  193M 0s
  1500K .......... .......... .......... .......... ..........  9%  112M 0s
  1550K .......... .......... .......... .......... ..........  9%  170M 0s
  1600K .......... .......... .......... .......... ..........  9%  195M 0s
  1650K .......... .......... .......... .......... .......... 10%  155M 0s
  1700K .......... .......... .......... .......... .......... 10%  128M 0s
  1750K .......... .......... .......... .......... .......... 10%  138M 0s
  1800K .......... .......... .......... .......... .......... 11%  147M 0s
  1850K .......... .......... .......... .......... .......... 11%  111M 0s
  1900K .......... .......... .......... .......... .......... 11% 8.90M 0s
  1950K .......... .......... .......... .......... .......... 11% 82.1M 0s
  2000K .......... .......... .......... .......... .......... 12% 5.92M 0s
  2050K .......... .......... .......... .......... .......... 12% 90.4M 0s
  2100K .......... .......... .......... .......... .......... 12% 54.7M 0s
  2150K .......... .......... .......... .......... .......... 13%  149M 0s
  2200K .......... .......... .......... .......... .......... 13%  162M 0s
  2250K .......... .......... .......... .......... .......... 13% 92.3M 0s
  2300K .......... .......... .......... .......... .......... 14% 73.4M 0s
  2350K .......... .......... .......... .......... .......... 14%  111M 0s
  2400K .......... .......... .......... .......... .......... 14% 87.0M 0s
  2450K .......... .......... .......... .......... .......... 14% 58.8M 0s
  2500K .......... .......... .......... .......... .......... 15%  136M 0s
  2550K .......... .......... .......... .......... .......... 15% 56.6M 0s
  2600K .......... .......... .......... .......... .......... 15%  139M 0s
  2650K .......... .......... .......... .......... .......... 16% 73.1M 0s
  2700K .......... .......... .......... .......... .......... 16%  109M 0s
  2750K .......... .......... .......... .......... .......... 16% 86.7M 0s
  2800K .......... .......... .......... .......... .......... 17% 73.1M 0s
  2850K .......... .......... .......... .......... .......... 17%  131M 0s
  2900K .......... .......... .......... .......... .......... 17% 92.7M 0s
  2950K .......... .......... .......... .......... .......... 17% 73.1M 0s
  3000K .......... .......... .......... .......... .......... 18%  110M 0s
  3050K .......... .......... .......... .......... .......... 18% 12.7M 0s
  3100K .......... .......... .......... .......... .......... 18% 89.4M 0s
  3150K .......... .......... .......... .......... .......... 19% 67.3M 0s
  3200K .......... .......... .......... .......... .......... 19%  119M 0s
  3250K .......... .......... .......... .......... .......... 19% 76.8M 0s
  3300K .......... .......... .......... .......... .......... 20%  104M 0s
  3350K .......... .......... .......... .......... .......... 20% 39.2M 0s
  3400K .......... .......... .......... .......... .......... 20% 95.6M 0s
  3450K .......... .......... .......... .......... .......... 20% 7.93M 0s
  3500K .......... .......... .......... .......... .......... 21% 56.4M 0s
  3550K .......... .......... .......... .......... .......... 21%  120M 0s
  3600K .......... .......... .......... .......... .......... 21% 9.76M 0s
  3650K .......... .......... .......... .......... .......... 22% 60.5M 0s
  3700K .......... .......... .......... .......... .......... 22% 96.7M 0s
  3750K .......... .......... .......... .......... .......... 22% 39.9M 0s
  3800K .......... .......... .......... .......... .......... 23% 56.8M 0s
  3850K .......... .......... .......... .......... .......... 23% 53.4M 0s
  3900K .......... .......... .......... .......... .......... 23% 48.5M 0s
  3950K .......... .......... .......... .......... .......... 23% 92.0M 0s
  4000K .......... .......... .......... .......... .......... 24% 10.8M 0s
  4050K .......... .......... .......... .......... .......... 24% 5.25M 0s
  4100K .......... .......... .......... .......... .......... 24%  135M 0s
  4150K .......... .......... .......... .......... .......... 25% 76.2M 0s
  4200K .......... .......... .......... .......... .......... 25%  138M 0s
  4250K .......... .......... .......... .......... .......... 25% 7.71M 0s
  4300K .......... .......... .......... .......... .......... 26% 55.8M 0s
  4350K .......... .......... .......... .......... .......... 26%  103M 0s
  4400K .......... .......... .......... .......... .......... 26% 70.5M 0s
  4450K .......... .......... .......... .......... .......... 26% 64.2M 0s
  4500K .......... .......... .......... .......... .......... 27%  159M 0s
  4550K .......... .......... .......... .......... .......... 27% 71.5M 0s
  4600K .......... .......... .......... .......... .......... 27%  101M 0s
  4650K .......... .......... .......... .......... .......... 28%  101M 0s
  4700K .......... .......... .......... .......... .......... 28% 3.28M 0s
  4750K .......... .......... .......... .......... .......... 28% 91.1M 0s
  4800K .......... .......... .......... .......... .......... 29% 45.9M 0s
  4850K .......... .......... .......... .......... .......... 29%  160M 0s
  4900K .......... .......... .......... .......... .......... 29% 82.6M 0s
  4950K .......... .......... .......... .......... .......... 29% 50.7M 0s
  5000K .......... .......... .......... .......... .......... 30% 93.9M 0s
  5050K .......... .......... .......... .......... .......... 30% 64.8M 0s
  5100K .......... .......... .......... .......... .......... 30%  124M 0s
  5150K .......... .......... .......... .......... .......... 31%  111M 0s
  5200K .......... .......... .......... .......... .......... 31% 51.2M 0s
  5250K .......... .......... .......... .......... .......... 31%  133M 0s
  5300K .......... .......... .......... .......... .......... 32% 56.6M 0s
  5350K .......... .......... .......... .......... .......... 32% 88.0M 0s
  5400K .......... .......... .......... .......... .......... 32% 52.0M 0s
  5450K .......... .......... .......... .......... .......... 32% 70.0M 0s
  5500K .......... .......... .......... .......... .......... 33% 53.7M 0s
  5550K .......... .......... .......... .......... .......... 33% 81.0M 0s
  5600K .......... .......... .......... .......... .......... 33% 53.8M 0s
  5650K .......... .......... .......... .......... .......... 34% 4.07M 0s
  5700K .......... .......... .......... .......... .......... 34% 56.0M 0s
  5750K .......... .......... .......... .......... .......... 34% 58.8M 0s
  5800K .......... .......... .......... .......... .......... 35% 44.3M 0s
  5850K .......... .......... .......... .......... .......... 35% 59.7M 0s
  5900K .......... .......... .......... .......... .......... 35% 74.9M 0s
  5950K .......... .......... .......... .......... .......... 35% 64.8M 0s
  6000K .......... .......... .......... .......... .......... 36% 58.1M 0s
  6050K .......... .......... .......... .......... .......... 36% 55.3M 0s
  6100K .......... .......... .......... .......... .......... 36% 5.91M 0s
  6150K .......... .......... .......... .......... .......... 37%  120M 0s
  6200K .......... .......... .......... .......... .......... 37% 82.8M 0s
  6250K .......... .......... .......... .......... .......... 37%  120M 0s
  6300K .......... .......... .......... .......... .......... 38%  105M 0s
  6350K .......... .......... .......... .......... .......... 38% 41.6M 0s
  6400K .......... .......... .......... .......... .......... 38%  111M 0s
  6450K .......... .......... .......... .......... .......... 38% 81.8M 0s
  6500K .......... .......... .......... .......... .......... 39% 4.17M 0s
  6550K .......... .......... .......... .......... .......... 39% 77.1M 0s
  6600K .......... .......... .......... .......... .......... 39%  134M 0s
  6650K .......... .......... .......... .......... .......... 40% 88.8M 0s
  6700K .......... .......... .......... .......... .......... 40% 2.96M 0s
  6750K .......... .......... .......... .......... .......... 40% 23.8M 0s
  6800K .......... .......... .......... .......... .......... 41% 39.0M 0s
  6850K .......... .......... .......... .......... .......... 41%  108M 0s
  6900K .......... .......... .......... .......... .......... 41% 10.5M 0s
  6950K .......... .......... .......... .......... .......... 41% 63.2M 0s
  7000K .......... .......... .......... .......... .......... 42% 70.4M 0s
  7050K .......... .......... .......... .......... .......... 42%  162M 0s
  7100K .......... .......... .......... .......... .......... 42% 83.6M 0s
  7150K .......... .......... .......... .......... .......... 43% 41.8M 0s
  7200K .......... .......... .......... .......... .......... 43% 56.8M 0s
  7250K .......... .......... .......... .......... .......... 43% 89.1M 0s
  7300K .......... .......... .......... .......... .......... 44%  103M 0s
  7350K .......... .......... .......... .......... .......... 44% 95.0M 0s
  7400K .......... .......... .......... .......... .......... 44% 98.0M 0s
  7450K .......... .......... .......... .......... .......... 44% 86.1M 0s
  7500K .......... .......... .......... .......... .......... 45% 77.1M 0s
  7550K .......... .......... .......... .......... .......... 45% 10.5M 0s
  7600K .......... .......... .......... .......... .......... 45% 68.4M 0s
  7650K .......... .......... .......... .......... .......... 46% 66.7M 0s
  7700K .......... .......... .......... .......... .......... 46% 94.1M 0s
  7750K .......... .......... .......... .......... .......... 46% 70.0M 0s
  7800K .......... .......... .......... .......... .......... 47% 82.5M 0s
  7850K .......... .......... .......... .......... .......... 47% 35.9M 0s
  7900K .......... .......... .......... .......... .......... 47% 76.7M 0s
  7950K .......... .......... .......... .......... .......... 47% 52.1M 0s
  8000K .......... .......... .......... .......... .......... 48% 37.1M 0s
  8050K .......... .......... .......... .......... .......... 48% 61.6M 0s
  8100K .......... .......... .......... .......... .......... 48% 69.5M 0s
  8150K .......... .......... .......... .......... .......... 49% 23.2M 0s
  8200K .......... .......... .......... .......... .......... 49% 56.1M 0s
  8250K .......... .......... .......... .......... .......... 49% 39.7M 0s
  8300K .......... .......... .......... .......... .......... 49% 18.1M 0s
  8350K .......... .......... .......... .......... .......... 50% 79.8M 0s
  8400K .......... .......... .......... .......... .......... 50% 55.0M 0s
  8450K .......... .......... .......... .......... .......... 50%  117M 0s
  8500K .......... .......... .......... .......... .......... 51% 58.1M 0s
  8550K .......... .......... .......... .......... .......... 51% 72.8M 0s
  8600K .......... .......... .......... .......... .......... 51% 75.4M 0s
  8650K .......... .......... .......... .......... .......... 52%  102M 0s
  8700K .......... .......... .......... .......... .......... 52% 77.5M 0s
  8750K .......... .......... .......... .......... .......... 52% 47.1M 0s
  8800K .......... .......... .......... .......... .......... 52% 74.2M 0s
  8850K .......... .......... .......... .......... .......... 53% 59.3M 0s
  8900K .......... .......... .......... .......... .......... 53%  139M 0s
  8950K .......... .......... .......... .......... .......... 53% 81.8M 0s
  9000K .......... .......... .......... .......... .......... 54% 87.3M 0s
  9050K .......... .......... .......... .......... .......... 54% 63.0M 0s
  9100K .......... .......... .......... .......... .......... 54% 55.1M 0s
  9150K .......... .......... .......... .......... .......... 55% 72.8M 0s
  9200K .......... .......... .......... .......... .......... 55% 95.7M 0s
  9250K .......... .......... .......... .......... .......... 55% 86.7M 0s
  9300K .......... .......... .......... .......... .......... 55% 68.9M 0s
  9350K .......... .......... .......... .......... .......... 56%  114M 0s
  9400K .......... .......... .......... .......... .......... 56% 50.6M 0s
  9450K .......... .......... .......... .......... .......... 56% 88.1M 0s
  9500K .......... .......... .......... .......... .......... 57% 65.6M 0s
  9550K .......... .......... .......... .......... .......... 57% 36.9M 0s
  9600K .......... .......... .......... .......... .......... 57% 76.5M 0s
  9650K .......... .......... .......... .......... .......... 58% 63.7M 0s
  9700K .......... .......... .......... .......... .......... 58% 82.3M 0s
  9750K .......... .......... .......... .......... .......... 58% 92.8M 0s
  9800K .......... .......... .......... .......... .......... 58% 83.0M 0s
  9850K .......... .......... .......... .......... .......... 59% 58.3M 0s
  9900K .......... .......... .......... .......... .......... 59% 85.5M 0s
  9950K .......... .......... .......... .......... .......... 59% 69.0M 0s
 10000K .......... .......... .......... .......... .......... 60% 68.3M 0s
 10050K .......... .......... .......... .......... .......... 60% 69.3M 0s
 10100K .......... .......... .......... .......... .......... 60% 40.5M 0s
 10150K .......... .......... .......... .......... .......... 61% 27.8M 0s
 10200K .......... .......... .......... .......... .......... 61% 49.7M 0s
 10250K .......... .......... .......... .......... .......... 61% 94.6M 0s
 10300K .......... .......... .......... .......... .......... 61% 5.56M 0s
 10350K .......... .......... .......... .......... .......... 62% 59.3M 0s
 10400K .......... .......... .......... .......... .......... 62% 55.1M 0s
 10450K .......... .......... .......... .......... .......... 62% 75.2M 0s
 10500K .......... .......... .......... .......... .......... 63% 62.0M 0s
 10550K .......... .......... .......... .......... .......... 63% 52.5M 0s
 10600K .......... .......... .......... .......... .......... 63% 83.5M 0s
 10650K .......... .......... .......... .......... .......... 64% 78.6M 0s
 10700K .......... .......... .......... .......... .......... 64% 72.2M 0s
 10750K .......... .......... .......... .......... .......... 64% 41.8M 0s
 10800K .......... .......... .......... .......... .......... 64% 83.9M 0s
 10850K .......... .......... .......... .......... .......... 65% 66.3M 0s
 10900K .......... .......... .......... .......... .......... 65% 18.6M 0s
 10950K .......... .......... .......... .......... .......... 65% 43.1M 0s
 11000K .......... .......... .......... .......... .......... 66% 68.7M 0s
 11050K .......... .......... .......... .......... .......... 66%  122M 0s
 11100K .......... .......... .......... .......... .......... 66% 9.20M 0s
 11150K .......... .......... .......... .......... .......... 67% 83.5M 0s
 11200K .......... .......... .......... .......... .......... 67% 59.2M 0s
 11250K .......... .......... .......... .......... .......... 67% 77.4M 0s
 11300K .......... .......... .......... .......... .......... 67% 71.9M 0s
 11350K .......... .......... .......... .......... .......... 68% 7.96M 0s
 11400K .......... .......... .......... .......... .......... 68%  111M 0s
 11450K .......... .......... .......... .......... .......... 68% 86.3M 0s
 11500K .......... .......... .......... .......... .......... 69% 89.3M 0s
 11550K .......... .......... .......... .......... .......... 69%  107M 0s
 11600K .......... .......... .......... .......... .......... 69% 43.8M 0s
 11650K .......... .......... .......... .......... .......... 70%  117M 0s
 11700K .......... .......... .......... .......... .......... 70% 85.5M 0s
 11750K .......... .......... .......... .......... .......... 70% 6.48M 0s
 11800K .......... .......... .......... .......... .......... 70% 89.8M 0s
 11850K .......... .......... .......... .......... .......... 71% 55.4M 0s
 11900K .......... .......... .......... .......... .......... 71% 88.5M 0s
 11950K .......... .......... .......... .......... .......... 71% 1.99M 0s
 12000K .......... .......... .......... .......... .......... 72% 63.5M 0s
 12050K .......... .......... .......... .......... .......... 72% 35.5M 0s
 12100K .......... .......... .......... .......... .......... 72% 59.3M 0s
 12150K .......... .......... .......... .......... .......... 73% 42.9M 0s
 12200K .......... .......... .......... .......... .......... 73% 68.7M 0s
 12250K .......... .......... .......... .......... .......... 73% 1.50M 0s
 12300K .......... .......... .......... .......... .......... 73%  105M 0s
 12350K .......... .......... .......... .......... .......... 74%  121M 0s
 12400K .......... .......... .......... .......... .......... 74% 68.8M 0s
 12450K .......... .......... .......... .......... .......... 74%  109M 0s
 12500K .......... .......... .......... .......... .......... 75% 1.76M 0s
 12550K .......... .......... .......... .......... .......... 75%  103M 0s
 12600K .......... .......... .......... .......... .......... 75% 79.5M 0s
 12650K .......... .......... .......... .......... .......... 76%  131M 0s
 12700K .......... .......... .......... .......... .......... 76% 88.0M 0s
 12750K .......... .......... .......... .......... .......... 76% 2.17M 0s
 12800K .......... .......... .......... .......... .......... 76% 99.9M 0s
 12850K .......... .......... .......... .......... .......... 77% 77.9M 0s
 12900K .......... .......... .......... .......... .......... 77% 68.4M 0s
 12950K .......... .......... .......... .......... .......... 77% 58.5M 0s
 13000K .......... .......... .......... .......... .......... 78% 2.04M 0s
 13050K .......... .......... .......... .......... .......... 78% 77.6M 0s
 13100K .......... .......... .......... .......... .......... 78%  169M 0s
 13150K .......... .......... .......... .......... .......... 79% 98.0M 0s
 13200K .......... .......... .......... .......... .......... 79% 75.0M 0s
 13250K .......... .......... .......... .......... .......... 79%  110M 0s
 13300K .......... .......... .......... .......... .......... 79% 1.88M 0s
 13350K .......... .......... .......... .......... .......... 80% 79.8M 0s
 13400K .......... .......... .......... .......... .......... 80% 48.3M 0s
 13450K .......... .......... .......... .......... .......... 80% 91.1M 0s
 13500K .......... .......... .......... .......... .......... 81% 1.16M 0s
 13550K .......... .......... .......... .......... .......... 81% 82.2M 0s
 13600K .......... .......... .......... .......... .......... 81%  116M 0s
 13650K .......... .......... .......... .......... .......... 82% 49.9M 0s
 13700K .......... .......... .......... .......... .......... 82%  154M 0s
 13750K .......... .......... .......... .......... .......... 82% 89.3M 0s
 13800K .......... .......... .......... .......... .......... 82% 83.8M 0s
 13850K .......... .......... .......... .......... .......... 83% 78.8M 0s
 13900K .......... .......... .......... .......... .......... 83% 77.6M 0s
 13950K .......... .......... .......... .......... .......... 83% 24.5M 0s
 14000K .......... .......... .......... .......... .......... 84% 39.8M 0s
 14050K .......... .......... .......... .......... .......... 84% 52.8M 0s
 14100K .......... .......... .......... .......... .......... 84% 43.6M 0s
 14150K .......... .......... .......... .......... .......... 85% 86.7M 0s
 14200K .......... .......... .......... .......... .......... 85% 80.4M 0s
 14250K .......... .......... .......... .......... .......... 85% 8.46M 0s
 14300K .......... .......... .......... .......... .......... 85% 38.5M 0s
 14350K .......... .......... .......... .......... .......... 86% 7.67M 0s
 14400K .......... .......... .......... .......... .......... 86% 33.8M 0s
 14450K .......... .......... .......... .......... .......... 86% 56.3M 0s
 14500K .......... .......... .......... .......... .......... 87% 61.3M 0s
 14550K .......... .......... .......... .......... .......... 87% 63.2M 0s
 14600K .......... .......... .......... .......... .......... 87% 42.6M 0s
 14650K .......... .......... .......... .......... .......... 88% 80.7M 0s
 14700K .......... .......... .......... .......... .......... 88% 60.4M 0s
 14750K .......... .......... .......... .......... .......... 88% 39.0M 0s
 14800K .......... .......... .......... .......... .......... 88%  128M 0s
 14850K .......... .......... .......... .......... .......... 89% 47.6M 0s
 14900K .......... .......... .......... .......... .......... 89% 56.8M 0s
 14950K .......... .......... .......... .......... .......... 89% 61.7M 0s
 15000K .......... .......... .......... .......... .......... 90% 60.1M 0s
 15050K .......... .......... .......... .......... .......... 90% 51.2M 0s
 15100K .......... .......... .......... .......... .......... 90% 68.2M 0s
 15150K .......... .......... .......... .......... .......... 91% 50.9M 0s
 15200K .......... .......... .......... .......... .......... 91%  136M 0s
 15250K .......... .......... .......... .......... .......... 91% 50.8M 0s
 15300K .......... .......... .......... .......... .......... 91% 66.3M 0s
 15350K .......... .......... .......... .......... .......... 92% 40.8M 0s
 15400K .......... .......... .......... .......... .......... 92% 73.3M 0s
 15450K .......... .......... .......... .......... .......... 92% 23.6M 0s
 15500K .......... .......... .......... .......... .......... 93% 46.2M 0s
 15550K .......... .......... .......... .......... .......... 93% 59.2M 0s
 15600K .......... .......... .......... .......... .......... 93% 42.0M 0s
 15650K .......... .......... .......... .......... .......... 94% 7.95M 0s
 15700K .......... .......... .......... .......... .......... 94%  115M 0s
 15750K .......... .......... .......... .......... .......... 94% 55.2M 0s
 15800K .......... .......... .......... .......... .......... 94% 72.0M 0s
 15850K .......... .......... .......... .......... .......... 95% 90.6M 0s
 15900K .......... .......... .......... .......... .......... 95% 10.1M 0s
 15950K .......... .......... .......... .......... .......... 95% 40.8M 0s
 16000K .......... .......... .......... .......... .......... 96% 54.0M 0s
 16050K .......... .......... .......... .......... .......... 96% 1.54M 0s
 16100K .......... .......... .......... .......... .......... 96% 61.7M 0s
 16150K .......... .......... .......... .......... .......... 96%  114M 0s
 16200K .......... .......... .......... .......... .......... 97% 84.6M 0s
 16250K .......... .......... .......... .......... .......... 97% 91.4M 0s
 16300K .......... .......... .......... .......... .......... 97% 92.1M 0s
 16350K .......... .......... .......... .......... .......... 98% 2.06M 0s
 16400K .......... .......... .......... .......... .......... 98% 79.4M 0s
 16450K .......... .......... .......... .......... .......... 98% 86.1M 0s
 16500K .......... .......... .......... .......... .......... 99% 85.1M 0s
 16550K .......... .......... .......... .......... .......... 99%  117M 0s
 16600K .......... .......... .......... .......... .......... 99% 5.78M 0s
 16650K .......... .......... .......... .......... .......... 99% 72.7M 0s
 16700K .                                                     100% 9.64M=0.7s

2017-01-16 12:43:44 (25.0 MB/s) - `SZZC.apk' saved [17102205/17102205]

