--2017-01-06 15:39:45--  http://www.cfzq.com/xzy/index.jhtml
Resolving www.cfzq.com... 218.76.45.139
Connecting to www.cfzq.com|218.76.45.139|:80... connected.
HTTP request sent, awaiting response... 200 OK
Length: unspecified [text/html]
Saving to: `index.jhtml'

     0K .......... .......... ...                               167K=0.1s

2017-01-06 15:39:47 (167 KB/s) - `index.jhtml' saved [24329]

=======================The second times wget =====================
--2017-01-06 15:39:48--  http://www.cfzq.com/down/CFZQ_Gpad.apk
Resolving www.cfzq.com... 218.76.45.139
Connecting to www.cfzq.com|218.76.45.139|:80... connected.
HTTP request sent, awaiting response... 200 OK
Length: 4165018 (4.0M) [application/vnd.android.package-archive]
Saving to: `CFZQ_Gpad.apk'

     0K .......... .......... .......... .......... ..........  1% 1.76M 2s
    50K .......... .......... .......... .......... ..........  2%  733K 4s
   100K .......... .......... .......... .......... ..........  3% 1.01M 4s
   150K .......... .......... .......... .......... ..........  4% 1.02M 4s
   200K .......... .......... .......... .......... ..........  6% 1.16M 4s
   250K .......... .......... .......... .......... ..........  7% 5.99M 3s
   300K .......... .......... .......... .......... ..........  8% 6.01M 3s
   350K .......... .......... .......... .......... ..........  9% 9.86M 2s
   400K .......... .......... .......... .......... .......... 11% 10.8M 2s
   450K .......... .......... .......... .......... .......... 12% 6.05M 2s
   500K .......... .......... .......... .......... .......... 13% 6.21M 2s
   550K .......... .......... .......... .......... .......... 14% 6.12M 2s
   600K .......... .......... .......... .......... .......... 15% 6.13M 2s
   650K .......... .......... .......... .......... .......... 17% 3.06M 1s
   700K .......... .......... .......... .......... .......... 18% 3.01M 1s
   750K .......... .......... .......... .......... .......... 19% 3.40M 1s
   800K .......... .......... .......... .......... .......... 20% 3.11M 1s
   850K .......... .......... .......... .......... .......... 22% 2.93M 1s
   900K .......... .......... .......... .......... .......... 23% 2.58M 1s
   950K .......... .......... .......... .......... .......... 24% 2.99M 1s
  1000K .......... .......... .......... .......... .......... 25% 1.90M 1s
  1050K .......... .......... .......... .......... .......... 27% 1.82M 1s
  1100K .......... .......... .......... .......... .......... 28%  289K 2s
  1150K .......... .......... .......... .......... .......... 29%  161M 2s
  1200K .......... .......... .......... .......... .......... 30% 3.49M 1s
  1250K .......... .......... .......... .......... .......... 31% 3.46M 1s
  1300K .......... .......... .......... .......... .......... 33% 3.05M 1s
  1350K .......... .......... .......... .......... .......... 34% 3.04M 1s
  1400K .......... .......... .......... .......... .......... 35% 3.05M 1s
  1450K .......... .......... .......... .......... .......... 36% 3.22M 1s
  1500K .......... .......... .......... .......... .......... 38% 3.25M 1s
  1550K .......... .......... .......... .......... .......... 39% 4.14M 1s
  1600K .......... .......... .......... .......... .......... 40% 2.96M 1s
  1650K .......... .......... .......... .......... .......... 41% 3.05M 1s
  1700K .......... .......... .......... .......... .......... 43% 3.06M 1s
  1750K .......... .......... .......... .......... .......... 44% 5.14M 1s
  1800K .......... .......... .......... .......... .......... 45% 3.33M 1s
  1850K .......... .......... .......... .......... .......... 46% 2.82M 1s
  1900K .......... .......... .......... .......... .......... 47% 3.06M 1s
  1950K .......... .......... .......... .......... .......... 49% 6.10M 1s
  2000K .......... .......... .......... .......... .......... 50% 3.40M 1s
  2050K .......... .......... .......... .......... .......... 51% 3.01M 1s
  2100K .......... .......... .......... .......... .......... 52% 6.44M 1s
  2150K .......... .......... .......... .......... .......... 54% 3.09M 1s
  2200K .......... .......... .......... .......... .......... 55% 2.95M 1s
  2250K .......... .......... .......... .......... .......... 56% 4.18M 1s
  2300K .......... .......... .......... .......... .......... 57% 3.55M 1s
  2350K .......... .......... .......... .......... .......... 59% 7.75M 1s
  2400K .......... .......... .......... .......... .......... 60% 3.00M 1s
  2450K .......... .......... .......... .......... .......... 61% 3.15M 1s
  2500K .......... .......... .......... .......... .......... 62% 3.86M 1s
  2550K .......... .......... .......... .......... .......... 63% 5.86M 1s
  2600K .......... .......... .......... .......... .......... 65% 2.87M 1s
  2650K .......... .......... .......... .......... .......... 66% 6.00M 1s
  2700K .......... .......... .......... .......... .......... 67% 3.54M 1s
  2750K .......... .......... .......... .......... .......... 68% 5.96M 0s
  2800K .......... .......... .......... .......... .......... 70% 3.08M 0s
  2850K .......... .......... .......... .......... .......... 71% 4.88M 0s
  2900K .......... .......... .......... .......... .......... 72% 3.08M 0s
  2950K .......... .......... .......... .......... .......... 73% 6.01M 0s
  3000K .......... .......... .......... .......... .......... 74% 3.07M 0s
  3050K .......... .......... .......... .......... .......... 76% 5.99M 0s
  3100K .......... .......... .......... .......... .......... 77% 3.08M 0s
  3150K .......... .......... .......... .......... .......... 78% 6.02M 0s
  3200K .......... .......... .......... .......... .......... 79% 7.46M 0s
  3250K .......... .......... .......... .......... .......... 81% 3.12M 0s
  3300K .......... .......... .......... .......... .......... 82% 3.10M 0s
  3350K .......... .......... .......... .......... .......... 83% 1.68M 0s
  3400K .......... .......... .......... .......... .......... 84% 3.78M 0s
  3450K .......... .......... .......... .......... .......... 86% 1.88M 0s
  3500K .......... .......... .......... .......... .......... 87% 4.09M 0s
  3550K .......... .......... .......... .......... .......... 88% 2.04M 0s
  3600K .......... .......... .......... .......... .......... 89% 3.47M 0s
  3650K .......... .......... .......... .......... .......... 90% 2.59M 0s
  3700K .......... .......... .......... .......... .......... 92% 3.05M 0s
  3750K .......... .......... .......... .......... .......... 93% 6.70M 0s
  3800K .......... .......... .......... .......... .......... 94% 4.04M 0s
  3850K .......... .......... .......... .......... .......... 95% 4.96M 0s
  3900K .......... .......... .......... .......... .......... 97% 5.98M 0s
  3950K .......... .......... .......... .......... .......... 98% 1.64M 0s
  4000K .......... .......... .......... .......... .......... 99% 2.82M 0s
  4050K .......... .......                                    100% 88.5M=1.4s

2017-01-06 15:39:49 (2.76 MB/s) - `CFZQ_Gpad.apk' saved [4165018/4165018]

