--2017-01-02 15:58:04--  http://wap.buwaw.cc/uy
Resolving wap.buwaw.cc... 103.55.26.61
Connecting to wap.buwaw.cc|103.55.26.61|:80... connected.
HTTP request sent, awaiting response... 301 Moved Permanently
Location: http://wap.buwaw.cc/uy/ [following]
--2017-01-02 15:58:07--  http://wap.buwaw.cc/uy/
Reusing existing connection to wap.buwaw.cc:80.
HTTP request sent, awaiting response... 200 OK
Length: 247 [text/html]
Saving to: `index.html'

     0K                                                       100% 15.7M=0s

2017-01-02 15:58:07 (15.7 MB/s) - `index.html' saved [247/247]

=======================The second times wget =====================
--2017-01-02 15:58:07--  http://wap.buwaw.cc/uy/%C2%BC%CF%F12.apk
Resolving wap.buwaw.cc... 103.55.26.61
Connecting to wap.buwaw.cc|103.55.26.61|:80... connected.
HTTP request sent, awaiting response... 200 OK
Length: 209306 (204K) [application/vnd.android.package-archive]
Saving to: `Â¼Ïñ2.apk'

     0K .......... .......... .......... .......... .......... 24% 96.9K 2s
    50K .......... .......... .......... .......... .......... 48%  177K 1s
   100K .......... .......... .......... .......... .......... 73%  120K 0s
   150K .......... .......... .......... .......... .......... 97%  125K 0s
   200K ....                                                  100%  129K=1.6s

2017-01-02 15:58:09 (124 KB/s) - `Â¼Ïñ2.apk' saved [209306/209306]

