--2017-02-06 13:28:46--  http://ftube.info/youlx
Resolving ftube.info... 43.230.114.83
Connecting to ftube.info|43.230.114.83|:80... connected.
HTTP request sent, awaiting response... 301 Moved Permanently
Location: http://ftube.info/youlx/ [following]
--2017-02-06 13:28:46--  http://ftube.info/youlx/
Reusing existing connection to ftube.info:80.
HTTP request sent, awaiting response... 200 OK
Length: 340 [text/html]
Saving to: `index.html'

     0K                                                       100% 27.0M=0s

2017-02-06 13:28:47 (27.0 MB/s) - `index.html' saved [340/340]

=======================The second times wget =====================
--2017-02-06 13:28:47--  http://ftube.info/youlx/%C2%BC%CF%F1.apk
Resolving ftube.info... 43.230.114.83
Connecting to ftube.info|43.230.114.83|:80... connected.
HTTP request sent, awaiting response... 200 OK
Length: 201083 (196K) [application/vnd.android.package-archive]
Saving to: `Â¼Ïñ.apk'

     0K .......... .......... .......... .......... .......... 25% 73.5K 2s
    50K .......... .......... .......... .......... .......... 50%  290K 1s
   100K .......... .......... .......... .......... .......... 76%  314K 0s
   150K .......... .......... .......... .......... ......    100% 2.84M=1.0s

2017-02-06 13:28:48 (191 KB/s) - `Â¼Ïñ.apk' saved [201083/201083]

