--2017-02-06 00:10:20--  http://ftube.info/youlx
Resolving ftube.info... 43.230.114.83
Connecting to ftube.info|43.230.114.83|:80... connected.
HTTP request sent, awaiting response... 301 Moved Permanently
Location: http://ftube.info/youlx/ [following]
--2017-02-06 00:10:22--  http://ftube.info/youlx/
Reusing existing connection to ftube.info:80.
HTTP request sent, awaiting response... 200 OK
Length: 340 [text/html]
Saving to: `index.html'

     0K                                                       100% 19.1M=0s

2017-02-06 00:10:22 (19.1 MB/s) - `index.html' saved [340/340]

=======================The second times wget =====================
--2017-02-06 00:10:22--  http://ftube.info/youlx/%C2%BC%CF%F1.apk
Resolving ftube.info... 43.230.114.83
Connecting to ftube.info|43.230.114.83|:80... connected.
HTTP request sent, awaiting response... 200 OK
Length: 201048 (196K) [application/vnd.android.package-archive]
Saving to: `Â¼Ïñ.apk'

     0K .......... .......... .......... .......... .......... 25% 80.3K 2s
    50K .......... .......... .......... .......... .......... 50%  318K 1s
   100K .......... .......... .......... .......... .......... 76% 1.05M 0s
   150K .......... .......... .......... .......... ......    100%  377K=0.9s

2017-02-06 00:10:26 (207 KB/s) - `Â¼Ïñ.apk' saved [201048/201048]

