--2017-01-03 16:19:59--  http://blcsy.cn/sDSg4
Resolving blcsy.cn... 103.211.125.146
Connecting to blcsy.cn|103.211.125.146|:80... connected.
HTTP request sent, awaiting response... 301 Moved Permanently
Location: http://blcsy.cn/sDSg4/ [following]
--2017-01-03 16:19:59--  http://blcsy.cn/sDSg4/
Reusing existing connection to blcsy.cn:80.
HTTP request sent, awaiting response... 302 Object moved
Location: luxiang.apk [following]
--2017-01-03 16:20:02--  http://blcsy.cn/sDSg4/luxiang.apk
Reusing existing connection to blcsy.cn:80.
HTTP request sent, awaiting response... 200 OK
Length: 213499 (208K) [application/vnd.android]
Saving to: `luxiang.apk'

     0K .......... .......... .......... .......... .......... 23% 70.6K 2s
    50K .......... .......... .......... .......... .......... 47%  104K 1s
   100K .......... .......... .......... .......... .......... 71% 70.9K 1s
   150K .......... .......... .......... .......... .......... 95%  197K 0s
   200K ........                                              100%  183K=2.2s

2017-01-03 16:20:04 (95.0 KB/s) - `luxiang.apk' saved [213499/213499]

