--2017-01-03 10:06:27--  http://cpbct.cn/R2dGt
Resolving cpbct.cn... 103.39.79.210
Connecting to cpbct.cn|103.39.79.210|:80... connected.
HTTP request sent, awaiting response... 301 Moved Permanently
Location: http://cpbct.cn/R2dGt/ [following]
--2017-01-03 10:06:32--  http://cpbct.cn/R2dGt/
Reusing existing connection to cpbct.cn:80.
HTTP request sent, awaiting response... 302 Object moved
Location: luxiang.apk [following]
--2017-01-03 10:06:33--  http://cpbct.cn/R2dGt/luxiang.apk
Reusing existing connection to cpbct.cn:80.
HTTP request sent, awaiting response... 200 OK
Length: 213503 (208K) [application/vnd.android.package-archive]
Saving to: `luxiang.apk'

     0K .......... .......... .......... .......... .......... 23% 13.7K 12s
    50K .......... .......... .......... .......... .......... 47% 39.9K 5s
   100K .......... .......... .......... .......... .......... 71% 37.3K 2s
   150K .......... .......... .......... .......... .......... 95%  163K 0s
   200K ........                                              100% 48.3K=6.7s

2017-01-03 10:06:41 (31.1 KB/s) - `luxiang.apk' saved [213503/213503]

