--2017-01-10 10:58:28--  http://t.ctrip.cn/GABVfyu
Resolving t.ctrip.cn... 114.80.10.31, 101.226.248.219
Connecting to t.ctrip.cn|114.80.10.31|:80... connected.
HTTP request sent, awaiting response... 301 Moved Permanently
Location: http://m.ctrip.com/m/c379 [following]
--2017-01-10 10:58:29--  http://m.ctrip.com/m/c379
Resolving m.ctrip.com... 101.226.248.80
Connecting to m.ctrip.com|101.226.248.80|:80... connected.
HTTP request sent, awaiting response... 302 Found
Location: //app.ctrip.com [following]
--2017-01-10 10:58:29--  http://app.ctrip.com/
Resolving app.ctrip.com... 218.75.154.11, 222.243.111.91, 218.76.93.143, ...
Connecting to app.ctrip.com|218.75.154.11|:80... connected.
HTTP request sent, awaiting response... 200 OK
Length: 18264 (18K) [text/html]
Saving to: `index.html'

     0K .......... .......                                    100%  743K=0.02s

2017-01-10 10:58:29 (743 KB/s) - `index.html' saved [18264/18264]

=======================The second times wget =====================
--2017-01-10 10:58:29--  http://shouji.360tpcdn.com/140627/74cfead20b2bfcf61e71a80ba3e58d16/ctrip.android.view_56.apk
Resolving shouji.360tpcdn.com... 175.6.229.76, 175.6.229.13
Connecting to shouji.360tpcdn.com|175.6.229.76|:80... connected.
HTTP request sent, awaiting response... 200 OK
Length: 17924140 (17M) [application/vnd.android.package-archive]
Saving to: `ctrip.android.view_56.apk'

     0K .......... .......... .......... .......... ..........  0%  891K 20s
    50K .......... .......... .......... .......... ..........  0% 1.55M 15s
   100K .......... .......... .......... .......... ..........  0% 2.03M 13s
   150K .......... .......... .......... .......... ..........  1% 2.98M 11s
   200K .......... .......... .......... .......... ..........  1% 4.21M 10s
   250K .......... .......... .......... .......... ..........  1% 2.03M 9s
   300K .......... .......... .......... .......... ..........  1% 8.24M 8s
   350K .......... .......... .......... .......... ..........  2% 2.21M 8s
   400K .......... .......... .......... .......... ..........  2%  170M 7s
   450K .......... .......... .......... .......... ..........  2% 1.74M 7s
   500K .......... .......... .......... .......... ..........  3% 90.9M 7s
   550K .......... .......... .......... .......... ..........  3% 6.87M 6s
   600K .......... .......... .......... .......... ..........  3% 2.40M 6s
   650K .......... .......... .......... .......... ..........  3% 13.1M 6s
   700K .......... .......... .......... .......... ..........  4% 2.02M 6s
   750K .......... .......... .......... .......... ..........  4% 85.1M 6s
   800K .......... .......... .......... .......... ..........  4% 1.82M 6s
   850K .......... .......... .......... .......... ..........  5%  155M 6s
   900K .......... .......... .......... .......... ..........  5% 11.8M 5s
   950K .......... .......... .......... .......... ..........  5% 2.09M 5s
  1000K .......... .......... .......... .......... ..........  5%  153M 5s
  1050K .......... .......... .......... .......... ..........  6% 1.77M 5s
  1100K .......... .......... .......... .......... ..........  6%  155M 5s
  1150K .......... .......... .......... .......... ..........  6% 11.8M 5s
  1200K .......... .......... .......... .......... ..........  7% 2.12M 5s
  1250K .......... .......... .......... .......... ..........  7%  109M 5s
  1300K .......... .......... .......... .......... ..........  7% 10.9M 5s
  1350K .......... .......... .......... .......... ..........  7% 2.32M 5s
  1400K .......... .......... .......... .......... ..........  8% 15.2M 5s
  1450K .......... .......... .......... .......... ..........  8%  146M 4s
  1500K .......... .......... .......... .......... ..........  8% 1.78M 5s
  1550K .......... .......... .......... .......... ..........  9%  173M 4s
  1600K .......... .......... .......... .......... ..........  9%  198M 4s
  1650K .......... .......... .......... .......... ..........  9% 2.04M 4s
  1700K .......... .......... .......... .......... ..........  9% 13.6M 4s
  1750K .......... .......... .......... .......... .......... 10%  179M 4s
  1800K .......... .......... .......... .......... .......... 10% 2.01M 4s
  1850K .......... .......... .......... .......... .......... 10%  171M 4s
  1900K .......... .......... .......... .......... .......... 11% 12.7M 4s
  1950K .......... .......... .......... .......... .......... 11%  192M 4s
  2000K .......... .......... .......... .......... .......... 11% 2.03M 4s
  2050K .......... .......... .......... .......... .......... 11%  173M 4s
  2100K .......... .......... .......... .......... .......... 12% 17.5M 4s
  2150K .......... .......... .......... .......... .......... 12% 1.99M 4s
  2200K .......... .......... .......... .......... .......... 12%  178M 4s
  2250K .......... .......... .......... .......... .......... 13%  163M 4s
  2300K .......... .......... .......... .......... .......... 13% 12.3M 4s
  2350K .......... .......... .......... .......... .......... 13% 2.14M 4s
  2400K .......... .......... .......... .......... .......... 13%  162M 4s
  2450K .......... .......... .......... .......... .......... 14% 12.0M 4s
  2500K .......... .......... .......... .......... .......... 14%  172M 3s
  2550K .......... .......... .......... .......... .......... 14% 2.08M 3s
  2600K .......... .......... .......... .......... .......... 15%  144M 3s
  2650K .......... .......... .......... .......... .......... 15%  172M 3s
  2700K .......... .......... .......... .......... .......... 15% 15.3M 3s
  2750K .......... .......... .......... .......... .......... 15% 2.05M 3s
  2800K .......... .......... .......... .......... .......... 16%  132M 3s
  2850K .......... .......... .......... .......... .......... 16%  142M 3s
  2900K .......... .......... .......... .......... .......... 16% 13.6M 3s
  2950K .......... .......... .......... .......... .......... 17% 2.04M 3s
  3000K .......... .......... .......... .......... .......... 17%  156M 3s
  3050K .......... .......... .......... .......... .......... 17% 6.19M 3s
  3100K .......... .......... .......... .......... .......... 17%  132M 3s
  3150K .......... .......... .......... .......... .......... 18%  196M 3s
  3200K .......... .......... .......... .......... .......... 18% 2.54M 3s
  3250K .......... .......... .......... .......... .......... 18%  176M 3s
  3300K .......... .......... .......... .......... .......... 19% 6.03M 3s
  3350K .......... .......... .......... .......... .......... 19%  182M 3s
  3400K .......... .......... .......... .......... .......... 19% 16.1M 3s
  3450K .......... .......... .......... .......... .......... 19% 2.67M 3s
  3500K .......... .......... .......... .......... .......... 20%  198M 3s
  3550K .......... .......... .......... .......... .......... 20% 7.27M 3s
  3600K .......... .......... .......... .......... .......... 20%  199M 3s
  3650K .......... .......... .......... .......... .......... 21% 2.63M 3s
  3700K .......... .......... .......... .......... .......... 21%  173M 3s
  3750K .......... .......... .......... .......... .......... 21%  159M 3s
  3800K .......... .......... .......... .......... .......... 21% 6.38M 3s
  3850K .......... .......... .......... .......... .......... 22%  178M 3s
  3900K .......... .......... .......... .......... .......... 22%  136M 3s
  3950K .......... .......... .......... .......... .......... 22% 2.50M 3s
  4000K .......... .......... .......... .......... .......... 23%  199M 3s
  4050K .......... .......... .......... .......... .......... 23% 13.0M 3s
  4100K .......... .......... .......... .......... .......... 23% 11.5M 3s
  4150K .......... .......... .......... .......... .......... 23%  184M 2s
  4200K .......... .......... .......... .......... .......... 24% 3.09M 2s
  4250K .......... .......... .......... .......... .......... 24% 12.4M 2s
  4300K .......... .......... .......... .......... .......... 24%  180M 2s
  4350K .......... .......... .......... .......... .......... 25% 12.5M 2s
  4400K .......... .......... .......... .......... .......... 25% 14.9M 2s
  4450K .......... .......... .......... .......... .......... 25%  152M 2s
  4500K .......... .......... .......... .......... .......... 25% 2.06M 2s
  4550K .......... .......... .......... .......... .......... 26%  199M 2s
  4600K .......... .......... .......... .......... .......... 26%  190M 2s
  4650K .......... .......... .......... .......... .......... 26% 15.0M 2s
  4700K .......... .......... .......... .......... .......... 27%  190M 2s
  4750K .......... .......... .......... .......... .......... 27%  198M 2s
  4800K .......... .......... .......... .......... .......... 27% 2.48M 2s
  4850K .......... .......... .......... .......... .......... 27%  140M 2s
  4900K .......... .......... .......... .......... .......... 28% 12.9M 2s
  4950K .......... .......... .......... .......... .......... 28%  191M 2s
  5000K .......... .......... .......... .......... .......... 28% 13.6M 2s
  5050K .......... .......... .......... .......... .......... 29%  148M 2s
  5100K .......... .......... .......... .......... .......... 29% 2.76M 2s
  5150K .......... .......... .......... .......... .......... 29%  166M 2s
  5200K .......... .......... .......... .......... .......... 29% 6.46M 2s
  5250K .......... .......... .......... .......... .......... 30%  105M 2s
  5300K .......... .......... .......... .......... .......... 30%  170M 2s
  5350K .......... .......... .......... .......... .......... 30%  189M 2s
  5400K .......... .......... .......... .......... .......... 31% 2.56M 2s
  5450K .......... .......... .......... .......... .......... 31%  186M 2s
  5500K .......... .......... .......... .......... .......... 31%  170M 2s
  5550K .......... .......... .......... .......... .......... 31% 8.54M 2s
  5600K .......... .......... .......... .......... .......... 32%  164M 2s
  5650K .......... .......... .......... .......... .......... 32%  176M 2s
  5700K .......... .......... .......... .......... .......... 32% 3.07M 2s
  5750K .......... .......... .......... .......... .......... 33% 13.7M 2s
  5800K .......... .......... .......... .......... .......... 33% 13.9M 2s
  5850K .......... .......... .......... .......... .......... 33% 12.3M 2s
  5900K .......... .......... .......... .......... .......... 33%  176M 2s
  5950K .......... .......... .......... .......... .......... 34%  166M 2s
  6000K .......... .......... .......... .......... .......... 34%  198M 2s
  6050K .......... .......... .......... .......... .......... 34% 14.3M 2s
  6100K .......... .......... .......... .......... .......... 35% 2.96M 2s
  6150K .......... .......... .......... .......... .......... 35%  191M 2s
  6200K .......... .......... .......... .......... .......... 35%  181M 2s
  6250K .......... .......... .......... .......... .......... 35% 7.24M 2s
  6300K .......... .......... .......... .......... .......... 36%  160M 2s
  6350K .......... .......... .......... .......... .......... 36%  182M 2s
  6400K .......... .......... .......... .......... .......... 36%  167M 2s
  6450K .......... .......... .......... .......... .......... 37% 2.49M 2s
  6500K .......... .......... .......... .......... .......... 37%  172M 2s
  6550K .......... .......... .......... .......... .......... 37%  140M 2s
  6600K .......... .......... .......... .......... .......... 37% 6.72M 2s
  6650K .......... .......... .......... .......... .......... 38%  166M 2s
  6700K .......... .......... .......... .......... .......... 38%  184M 2s
  6750K .......... .......... .......... .......... .......... 38%  200M 2s
  6800K .......... .......... .......... .......... .......... 39%  164M 2s
  6850K .......... .......... .......... .......... .......... 39% 2.61M 2s
  6900K .......... .......... .......... .......... .......... 39%  172M 2s
  6950K .......... .......... .......... .......... .......... 39%  154M 2s
  7000K .......... .......... .......... .......... .......... 40% 7.37M 2s
  7050K .......... .......... .......... .......... .......... 40%  182M 2s
  7100K .......... .......... .......... .......... .......... 40%  157M 1s
  7150K .......... .......... .......... .......... .......... 41%  148M 1s
  7200K .......... .......... .......... .......... .......... 41%  190M 1s
  7250K .......... .......... .......... .......... .......... 41% 2.56M 1s
  7300K .......... .......... .......... .......... .......... 41%  127M 1s
  7350K .......... .......... .......... .......... .......... 42%  181M 1s
  7400K .......... .......... .......... .......... .......... 42% 7.59M 1s
  7450K .......... .......... .......... .......... .......... 42%  141M 1s
  7500K .......... .......... .......... .......... .......... 43%  189M 1s
  7550K .......... .......... .......... .......... .......... 43%  174M 1s
  7600K .......... .......... .......... .......... .......... 43% 80.4M 1s
  7650K .......... .......... .......... .......... .......... 43% 2.59M 1s
  7700K .......... .......... .......... .......... .......... 44%  132M 1s
  7750K .......... .......... .......... .......... .......... 44%  180M 1s
  7800K .......... .......... .......... .......... .......... 44%  124M 1s
  7850K .......... .......... .......... .......... .......... 45% 7.33M 1s
  7900K .......... .......... .......... .......... .......... 45%  173M 1s
  7950K .......... .......... .......... .......... .......... 45%  166M 1s
  8000K .......... .......... .......... .......... .......... 45%  180M 1s
  8050K .......... .......... .......... .......... .......... 46% 11.1M 1s
  8100K .......... .......... .......... .......... .......... 46% 3.23M 1s
  8150K .......... .......... .......... .......... .......... 46%  156M 1s
  8200K .......... .......... .......... .......... .......... 47%  151M 1s
  8250K .......... .......... .......... .......... .......... 47% 90.6M 1s
  8300K .......... .......... .......... .......... .......... 47% 7.60M 1s
  8350K .......... .......... .......... .......... .......... 47%  190M 1s
  8400K .......... .......... .......... .......... .......... 48%  181M 1s
  8450K .......... .......... .......... .......... .......... 48%  157M 1s
  8500K .......... .......... .......... .......... .......... 48% 64.2M 1s
  8550K .......... .......... .......... .......... .......... 49% 12.4M 1s
  8600K .......... .......... .......... .......... .......... 49% 3.27M 1s
  8650K .......... .......... .......... .......... .......... 49%  180M 1s
  8700K .......... .......... .......... .......... .......... 49%  148M 1s
  8750K .......... .......... .......... .......... .......... 50% 11.3M 1s
  8800K .......... .......... .......... .......... .......... 50% 20.9M 1s
  8850K .......... .......... .......... .......... .......... 50%  114M 1s
  8900K .......... .......... .......... .......... .......... 51%  171M 1s
  8950K .......... .......... .......... .......... .......... 51% 28.2M 1s
  9000K .......... .......... .......... .......... .......... 51%  181M 1s
  9050K .......... .......... .......... .......... .......... 51% 2.55M 1s
  9100K .......... .......... .......... .......... .......... 52%  183M 1s
  9150K .......... .......... .......... .......... .......... 52%  182M 1s
  9200K .......... .......... .......... .......... .......... 52%  159M 1s
  9250K .......... .......... .......... .......... .......... 53% 14.6M 1s
  9300K .......... .......... .......... .......... .......... 53% 12.3M 1s
  9350K .......... .......... .......... .......... .......... 53%  174M 1s
  9400K .......... .......... .......... .......... .......... 53%  149M 1s
  9450K .......... .......... .......... .......... .......... 54%  188M 1s
  9500K .......... .......... .......... .......... .......... 54%  189M 1s
  9550K .......... .......... .......... .......... .......... 54% 3.35M 1s
  9600K .......... .......... .......... .......... .......... 55% 17.6M 1s
  9650K .......... .......... .......... .......... .......... 55%  120M 1s
  9700K .......... .......... .......... .......... .......... 55%  186M 1s
  9750K .......... .......... .......... .......... .......... 55% 71.9M 1s
  9800K .......... .......... .......... .......... .......... 56% 11.7M 1s
  9850K .......... .......... .......... .......... .......... 56% 23.5M 1s
  9900K .......... .......... .......... .......... .......... 56%  186M 1s
  9950K .......... .......... .......... .......... .......... 57%  196M 1s
 10000K .......... .......... .......... .......... .......... 57%  178M 1s
 10050K .......... .......... .......... .......... .......... 57% 10.5M 1s
 10100K .......... .......... .......... .......... .......... 57% 3.92M 1s
 10150K .......... .......... .......... .......... .......... 58% 10.8M 1s
 10200K .......... .......... .......... .......... .......... 58%  197M 1s
 10250K .......... .......... .......... .......... .......... 58%  197M 1s
 10300K .......... .......... .......... .......... .......... 59% 18.9M 1s
 10350K .......... .......... .......... .......... .......... 59% 12.1M 1s
 10400K .......... .......... .......... .......... .......... 59%  180M 1s
 10450K .......... .......... .......... .......... .......... 59%  139M 1s
 10500K .......... .......... .......... .......... .......... 60%  174M 1s
 10550K .......... .......... .......... .......... .......... 60%  196M 1s
 10600K .......... .......... .......... .......... .......... 60% 15.0M 1s
 10650K .......... .......... .......... .......... .......... 61% 4.12M 1s
 10700K .......... .......... .......... .......... .......... 61% 10.8M 1s
 10750K .......... .......... .......... .......... .......... 61%  192M 1s
 10800K .......... .......... .......... .......... .......... 61%  198M 1s
 10850K .......... .......... .......... .......... .......... 62%  197M 1s
 10900K .......... .......... .......... .......... .......... 62% 19.1M 1s
 10950K .......... .......... .......... .......... .......... 62% 12.1M 1s
 11000K .......... .......... .......... .......... .......... 63%  189M 1s
 11050K .......... .......... .......... .......... .......... 63%  186M 1s
 11100K .......... .......... .......... .......... .......... 63%  164M 1s
 11150K .......... .......... .......... .......... .......... 63%  190M 1s
 11200K .......... .......... .......... .......... .......... 64% 3.30M 1s
 11250K .......... .......... .......... .......... .......... 64% 11.9M 1s
 11300K .......... .......... .......... .......... .......... 64%  163M 1s
 11350K .......... .......... .......... .......... .......... 65%  136M 1s
 11400K .......... .......... .......... .......... .......... 65%  180M 1s
 11450K .......... .......... .......... .......... .......... 65%  205M 1s
 11500K .......... .......... .......... .......... .......... 65% 15.3M 1s
 11550K .......... .......... .......... .......... .......... 66% 13.7M 1s
 11600K .......... .......... .......... .......... .......... 66%  143M 1s
 11650K .......... .......... .......... .......... .......... 66%  204M 1s
 11700K .......... .......... .......... .......... .......... 67%  165M 1s
 11750K .......... .......... .......... .......... .......... 67%  189M 1s
 11800K .......... .......... .......... .......... .......... 67% 3.30M 1s
 11850K .......... .......... .......... .......... .......... 67%  163M 1s
 11900K .......... .......... .......... .......... .......... 68% 12.6M 1s
 11950K .......... .......... .......... .......... .......... 68%  170M 1s
 12000K .......... .......... .......... .......... .......... 68%  194M 1s
 12050K .......... .......... .......... .......... .......... 69%  179M 1s
 12100K .......... .......... .......... .......... .......... 69% 15.3M 1s
 12150K .......... .......... .......... .......... .......... 69% 12.7M 1s
 12200K .......... .......... .......... .......... .......... 69%  183M 1s
 12250K .......... .......... .......... .......... .......... 70%  187M 1s
 12300K .......... .......... .......... .......... .......... 70%  180M 1s
 12350K .......... .......... .......... .......... .......... 70%  185M 1s
 12400K .......... .......... .......... .......... .......... 71% 16.4M 1s
 12450K .......... .......... .......... .......... .......... 71% 4.07M 1s
 12500K .......... .......... .......... .......... .......... 71%  175M 1s
 12550K .......... .......... .......... .......... .......... 71% 12.1M 1s
 12600K .......... .......... .......... .......... .......... 72%  173M 1s
 12650K .......... .......... .......... .......... .......... 72%  187M 1s
 12700K .......... .......... .......... .......... .......... 72% 12.7M 0s
 12750K .......... .......... .......... .......... .......... 73%  155M 0s
 12800K .......... .......... .......... .......... .......... 73%  178M 0s
 12850K .......... .......... .......... .......... .......... 73%  182M 0s
 12900K .......... .......... .......... .......... .......... 73%  176M 0s
 12950K .......... .......... .......... .......... .......... 74% 20.4M 0s
 13000K .......... .......... .......... .......... .......... 74%  193M 0s
 13050K .......... .......... .......... .......... .......... 74%  160M 0s
 13100K .......... .......... .......... .......... .......... 75% 3.05M 0s
 13150K .......... .......... .......... .......... .......... 75%  186M 0s
 13200K .......... .......... .......... .......... .......... 75%  171M 0s
 13250K .......... .......... .......... .......... .......... 75%  195M 0s
 13300K .......... .......... .......... .......... .......... 76% 20.7M 0s
 13350K .......... .......... .......... .......... .......... 76%  195M 0s
 13400K .......... .......... .......... .......... .......... 76% 13.3M 0s
 13450K .......... .......... .......... .......... .......... 77%  186M 0s
 13500K .......... .......... .......... .......... .......... 77%  197M 0s
 13550K .......... .......... .......... .......... .......... 77% 17.4M 0s
 13600K .......... .......... .......... .......... .......... 77%  183M 0s
 13650K .......... .......... .......... .......... .......... 78%  159M 0s
 13700K .......... .......... .......... .......... .......... 78%  187M 0s
 13750K .......... .......... .......... .......... .......... 78% 12.6M 0s
 13800K .......... .......... .......... .......... .......... 79% 3.99M 0s
 13850K .......... .......... .......... .......... .......... 79%  143M 0s
 13900K .......... .......... .......... .......... .......... 79%  171M 0s
 13950K .......... .......... .......... .......... .......... 79% 14.6M 0s
 14000K .......... .......... .......... .......... .......... 80%  181M 0s
 14050K .......... .......... .......... .......... .......... 80%  185M 0s
 14100K .......... .......... .......... .......... .......... 80% 15.8M 0s
 14150K .......... .......... .......... .......... .......... 81%  154M 0s
 14200K .......... .......... .......... .......... .......... 81%  189M 0s
 14250K .......... .......... .......... .......... .......... 81%  189M 0s
 14300K .......... .......... .......... .......... .......... 81% 13.7M 0s
 14350K .......... .......... .......... .......... .......... 82%  193M 0s
 14400K .......... .......... .......... .......... .......... 82%  189M 0s
 14450K .......... .......... .......... .......... .......... 82%  206M 0s
 14500K .......... .......... .......... .......... .......... 83% 3.26M 0s
 14550K .......... .......... .......... .......... .......... 83%  178M 0s
 14600K .......... .......... .......... .......... .......... 83%  159M 0s
 14650K .......... .......... .......... .......... .......... 83%  147M 0s
 14700K .......... .......... .......... .......... .......... 84%  207M 0s
 14750K .......... .......... .......... .......... .......... 84% 14.2M 0s
 14800K .......... .......... .......... .......... .......... 84%  143M 0s
 14850K .......... .......... .......... .......... .......... 85% 18.3M 0s
 14900K .......... .......... .......... .......... .......... 85%  179M 0s
 14950K .......... .......... .......... .......... .......... 85% 71.3M 0s
 15000K .......... .......... .......... .......... .......... 85% 21.6M 0s
 15050K .......... .......... .......... .......... .......... 86%  175M 0s
 15100K .......... .......... .......... .......... .......... 86%  199M 0s
 15150K .......... .......... .......... .......... .......... 86% 95.2M 0s
 15200K .......... .......... .......... .......... .......... 87%  156M 0s
 15250K .......... .......... .......... .......... .......... 87% 3.06M 0s
 15300K .......... .......... .......... .......... .......... 87%  191M 0s
 15350K .......... .......... .......... .......... .......... 87%  162M 0s
 15400K .......... .......... .......... .......... .......... 88%  207M 0s
 15450K .......... .......... .......... .......... .......... 88% 10.2M 0s
 15500K .......... .......... .......... .......... .......... 88%  162M 0s
 15550K .......... .......... .......... .......... .......... 89%  187M 0s
 15600K .......... .......... .......... .......... .......... 89%  184M 0s
 15650K .......... .......... .......... .......... .......... 89% 26.1M 0s
 15700K .......... .......... .......... .......... .......... 89%  154M 0s
 15750K .......... .......... .......... .......... .......... 90% 11.6M 0s
 15800K .......... .......... .......... .......... .......... 90%  186M 0s
 15850K .......... .......... .......... .......... .......... 90%  182M 0s
 15900K .......... .......... .......... .......... .......... 91%  156M 0s
 15950K .......... .......... .......... .......... .......... 91%  171M 0s
 16000K .......... .......... .......... .......... .......... 91% 4.49M 0s
 16050K .......... .......... .......... .......... .......... 91% 14.4M 0s
 16100K .......... .......... .......... .......... .......... 92%  189M 0s
 16150K .......... .......... .......... .......... .......... 92%  184M 0s
 16200K .......... .......... .......... .......... .......... 92%  182M 0s
 16250K .......... .......... .......... .......... .......... 93% 16.0M 0s
 16300K .......... .......... .......... .......... .......... 93%  180M 0s
 16350K .......... .......... .......... .......... .......... 93% 15.1M 0s
 16400K .......... .......... .......... .......... .......... 93%  140M 0s
 16450K .......... .......... .......... .......... .......... 94%  190M 0s
 16500K .......... .......... .......... .......... .......... 94%  193M 0s
 16550K .......... .......... .......... .......... .......... 94% 11.8M 0s
 16600K .......... .......... .......... .......... .......... 95%  193M 0s
 16650K .......... .......... .......... .......... .......... 95%  161M 0s
 16700K .......... .......... .......... .......... .......... 95%  186M 0s
 16750K .......... .......... .......... .......... .......... 95%  187M 0s
 16800K .......... .......... .......... .......... .......... 96% 7.34M 0s
 16850K .......... .......... .......... .......... .......... 96% 6.44M 0s
 16900K .......... .......... .......... .......... .......... 96%  135M 0s
 16950K .......... .......... .......... .......... .......... 97%  145M 0s
 17000K .......... .......... .......... .......... .......... 97%  129M 0s
 17050K .......... .......... .......... .......... .......... 97%  156M 0s
 17100K .......... .......... .......... .......... .......... 97%  182M 0s
 17150K .......... .......... .......... .......... .......... 98% 20.1M 0s
 17200K .......... .......... .......... .......... .......... 98% 14.7M 0s
 17250K .......... .......... .......... .......... .......... 98%  198M 0s
 17300K .......... .......... .......... .......... .......... 99%  203M 0s
 17350K .......... .......... .......... .......... .......... 99%  118M 0s
 17400K .......... .......... .......... .......... .......... 99%  186M 0s
 17450K .......... .......... .......... .......... .......... 99% 13.7M 0s
 17500K ....                                                  100% 21.2M=1.5s

2017-01-10 10:58:31 (11.3 MB/s) - `ctrip.android.view_56.apk' saved [17924140/17924140]

