--2017-03-19 18:38:26--  http://call.mi.com/
Resolving call.mi.com... 218.75.225.80, 218.77.2.32, 222.243.110.164, ...
Connecting to call.mi.com|218.75.225.80|:80... connected.
HTTP request sent, awaiting response... 200 OK
Length: 14067 (14K) [text/html]
Saving to: `index.html'

     0K .......... ...                                        100% 3.23M=0.004s

2017-03-19 18:38:26 (3.23 MB/s) - `index.html' saved [14067/14067]

=======================The second times wget =====================
--2017-03-19 18:39:03--  http://mi1.cc/down302?c=videophone_1000_android
Resolving mi1.cc... 42.62.94.214
Connecting to mi1.cc|42.62.94.214|:80... connected.
HTTP request sent, awaiting response... 302 Found
Location: http://file.g.mi.com/miliao/apk/vtalk/dailybuild/signed_PLATFORM_mivtalk-1001-1.4.74-release.apk [following]
--2017-03-19 18:39:04--  http://file.g.mi.com/miliao/apk/vtalk/dailybuild/signed_PLATFORM_mivtalk-1001-1.4.74-release.apk
Resolving file.g.mi.com... 220.170.181.67, 220.170.181.65, 220.170.181.66
Connecting to file.g.mi.com|220.170.181.67|:80... connected.
HTTP request sent, awaiting response... 200 OK
Length: 36450222 (35M) [application/octet-stream]
Saving to: `signed_PLATFORM_mivtalk-1001-1.4.74-release.apk'

     0K .......... .......... .......... .......... ..........  0% 8.60M 4s
    50K .......... .......... .......... .......... ..........  0% 16.8M 3s
   100K .......... .......... .......... .......... ..........  0% 37.5M 2s
   150K .......... .......... .......... .......... ..........  0% 62.3M 2s
   200K .......... .......... .......... .......... ..........  0% 22.6M 2s
   250K .......... .......... .......... .......... ..........  0% 27.0M 2s
   300K .......... .......... .......... .......... ..........  0% 49.7M 2s
   350K .......... .......... .......... .......... ..........  1% 79.0M 1s
   400K .......... .......... .......... .......... ..........  1% 72.4M 1s
   450K .......... .......... .......... .......... ..........  1%  182M 1s
   500K .......... .......... .......... .......... ..........  1%  237K 15s
   550K .......... .......... .......... .......... ..........  1% 45.8M 13s
   600K .......... .......... .......... .......... ..........  1%  130M 12s
   650K .......... .......... .......... .......... ..........  1%  188M 11s
   700K .......... .......... .......... .......... ..........  2% 6.80M 11s
   750K .......... .......... .......... .......... ..........  2% 66.8M 10s
   800K .......... .......... .......... .......... ..........  2%  128M 10s
   850K .......... .......... .......... .......... ..........  2%  104M 9s
   900K .......... .......... .......... .......... ..........  2% 41.3M 9s
   950K .......... .......... .......... .......... ..........  2% 57.9M 8s
  1000K .......... .......... .......... .......... ..........  2%  224K 15s
  1050K .......... .......... .......... .......... ..........  3%  123M 15s
  1100K .......... .......... .......... .......... ..........  3% 61.3M 14s
  1150K .......... .......... .......... .......... ..........  3%  137M 13s
  1200K .......... .......... .......... .......... ..........  3%  158M 13s
  1250K .......... .......... .......... .......... ..........  3% 3.90M 13s
  1300K .......... .......... .......... .......... ..........  3% 58.5M 12s
  1350K .......... .......... .......... .......... ..........  3% 96.5M 12s
  1400K .......... .......... .......... .......... ..........  4% 42.8M 11s
  1450K .......... .......... .......... .......... ..........  4% 44.4M 11s
  1500K .......... .......... .......... .......... ..........  4%  252K 15s
  1550K .......... .......... .......... .......... ..........  4% 4.15M 15s
  1600K .......... .......... .......... .......... ..........  4% 17.0M 14s
  1650K .......... .......... .......... .......... ..........  4%  189M 14s
  1700K .......... .......... .......... .......... ..........  4%  153M 13s
  1750K .......... .......... .......... .......... ..........  5%  151M 13s
  1800K .......... .......... .......... .......... ..........  5% 12.2M 13s
  1850K .......... .......... .......... .......... ..........  5%  121M 12s
  1900K .......... .......... .......... .......... ..........  5%  127M 12s
  1950K .......... .......... .......... .......... ..........  5%  149M 12s
  2000K .......... .......... .......... .......... ..........  5%  232K 15s
  2050K .......... .......... .......... .......... ..........  5% 79.9M 15s
  2100K .......... .......... .......... .......... ..........  6% 94.4M 14s
  2150K .......... .......... .......... .......... ..........  6% 98.4M 14s
  2200K .......... .......... .......... .......... ..........  6% 43.6M 14s
  2250K .......... .......... .......... .......... ..........  6% 23.5M 13s
  2300K .......... .......... .......... .......... ..........  6%  127M 13s
  2350K .......... .......... .......... .......... ..........  6% 68.2M 13s
  2400K .......... .......... .......... .......... ..........  6% 73.8M 12s
  2450K .......... .......... .......... .......... ..........  7% 56.1M 12s
  2500K .......... .......... .......... .......... ..........  7%  231K 15s
  2550K .......... .......... .......... .......... ..........  7% 17.3M 15s
  2600K .......... .......... .......... .......... ..........  7% 51.0M 14s
  2650K .......... .......... .......... .......... ..........  7%  154M 14s
  2700K .......... .......... .......... .......... ..........  7%  144M 14s
  2750K .......... .......... .......... .......... ..........  7%  148M 13s
  2800K .......... .......... .......... .......... ..........  8%  159M 13s
  2850K .......... .......... .......... .......... ..........  8% 99.9M 13s
  2900K .......... .......... .......... .......... ..........  8%  134M 13s
  2950K .......... .......... .......... .......... ..........  8%  153M 12s
  3000K .......... .......... .......... .......... ..........  8%  222K 15s
  3050K .......... .......... .......... .......... ..........  8% 90.9M 14s
  3100K .......... .......... .......... .......... ..........  8% 48.4M 14s
  3150K .......... .......... .......... .......... ..........  8% 23.2M 14s
  3200K .......... .......... .......... .......... ..........  9% 80.3M 14s
  3250K .......... .......... .......... .......... ..........  9%  163M 13s
  3300K .......... .......... .......... .......... ..........  9%  182M 13s
  3350K .......... .......... .......... .......... ..........  9% 55.9M 13s
  3400K .......... .......... .......... .......... ..........  9% 44.4M 13s
  3450K .......... .......... .......... .......... ..........  9% 33.1M 13s
  3500K .......... .......... .......... .......... ..........  9%  214K 15s
  3550K .......... .......... .......... .......... .......... 10% 79.5M 14s
  3600K .......... .......... .......... .......... .......... 10% 52.7M 14s
  3650K .......... .......... .......... .......... .......... 10% 79.7M 14s
  3700K .......... .......... .......... .......... .......... 10% 55.3M 14s
  3750K .......... .......... .......... .......... .......... 10% 78.8M 14s
  3800K .......... .......... .......... .......... .......... 10% 76.2M 13s
  3850K .......... .......... .......... .......... .......... 10%  142M 13s
  3900K .......... .......... .......... .......... .......... 11%  107M 13s
  3950K .......... .......... .......... .......... .......... 11%  113M 13s
  4000K .......... .......... .......... .......... .......... 11%  203K 15s
  4050K .......... .......... .......... .......... .......... 11% 19.9M 14s
  4100K .......... .......... .......... .......... .......... 11%  170M 14s
  4150K .......... .......... .......... .......... .......... 11%  193M 14s
  4200K .......... .......... .......... .......... .......... 11%  162M 14s
  4250K .......... .......... .......... .......... .......... 12% 27.0M 14s
  4300K .......... .......... .......... .......... .......... 12% 22.5M 13s
  4350K .......... .......... .......... .......... .......... 12%  144M 13s
  4400K .......... .......... .......... .......... .......... 12% 9.51M 13s
  4450K .......... .......... .......... .......... .......... 12%  196M 13s
  4500K .......... .......... .......... .......... .......... 12%  212K 14s
  4550K .......... .......... .......... .......... .......... 12%  109M 14s
  4600K .......... .......... .......... .......... .......... 13% 5.43M 14s
  4650K .......... .......... .......... .......... .......... 13% 71.5M 14s
  4700K .......... .......... .......... .......... .......... 13%  111M 14s
  4750K .......... .......... .......... .......... .......... 13% 9.81M 14s
  4800K .......... .......... .......... .......... .......... 13% 79.1M 14s
  4850K .......... .......... .......... .......... .......... 13% 98.0M 13s
  4900K .......... .......... .......... .......... .......... 13% 90.4M 13s
  4950K .......... .......... .......... .......... .......... 14% 62.2M 13s
  5000K .......... .......... .......... .......... .......... 14%  277K 14s
  5050K .......... .......... .......... .......... .......... 14% 30.0M 14s
  5100K .......... .......... .......... .......... .......... 14%  109M 14s
  5150K .......... .......... .......... .......... .......... 14%  110M 14s
  5200K .......... .......... .......... .......... .......... 14%  102M 13s
  5250K .......... .......... .......... .......... .......... 14%  128M 13s
  5300K .......... .......... .......... .......... .......... 15%  105M 13s
  5350K .......... .......... .......... .......... .......... 15% 62.7M 13s
  5400K .......... .......... .......... .......... .......... 15% 55.2M 13s
  5450K .......... .......... .......... .......... .......... 15% 70.3M 13s
  5500K .......... .......... .......... .......... .......... 15%  221K 14s
  5550K .......... .......... .......... .......... .......... 15% 25.4M 14s
  5600K .......... .......... .......... .......... .......... 15%  103M 14s
  5650K .......... .......... .......... .......... .......... 16% 93.5M 13s
  5700K .......... .......... .......... .......... .......... 16% 68.7M 13s
  5750K .......... .......... .......... .......... .......... 16%  114M 13s
  5800K .......... .......... .......... .......... .......... 16% 73.8M 13s
  5850K .......... .......... .......... .......... .......... 16% 50.2M 13s
  5900K .......... .......... .......... .......... .......... 16% 57.1M 13s
  5950K .......... .......... .......... .......... .......... 16% 43.1M 13s
  6000K .......... .......... .......... .......... .......... 16%  242K 13s
  6050K .......... .......... .......... .......... .......... 17% 78.0M 13s
  6100K .......... .......... .......... .......... .......... 17%  173M 13s
  6150K .......... .......... .......... .......... .......... 17% 25.9M 13s
  6200K .......... .......... .......... .......... .......... 17% 62.0M 13s
  6250K .......... .......... .......... .......... .......... 17% 84.0M 13s
  6300K .......... .......... .......... .......... .......... 17%  131M 13s
  6350K .......... .......... .......... .......... .......... 17% 17.9M 13s
  6400K .......... .......... .......... .......... .......... 18% 65.5M 13s
  6450K .......... .......... .......... .......... .......... 18%  126M 12s
  6500K .......... .......... .......... .......... .......... 18%  241K 13s
  6550K .......... .......... .......... .......... .......... 18%  122M 13s
  6600K .......... .......... .......... .......... .......... 18%  164M 13s
  6650K .......... .......... .......... .......... .......... 18% 43.2M 13s
  6700K .......... .......... .......... .......... .......... 18% 77.8M 13s
  6750K .......... .......... .......... .......... .......... 19% 35.3M 13s
  6800K .......... .......... .......... .......... .......... 19% 81.2M 13s
  6850K .......... .......... .......... .......... .......... 19% 41.5M 12s
  6900K .......... .......... .......... .......... .......... 19% 73.9M 12s
  6950K .......... .......... .......... .......... .......... 19% 24.0M 12s
  7000K .......... .......... .......... .......... .......... 19%  224K 13s
  7050K .......... .......... .......... .......... .......... 19%  132M 13s
  7100K .......... .......... .......... .......... .......... 20% 26.2M 13s
  7150K .......... .......... .......... .......... .......... 20% 90.4M 13s
  7200K .......... .......... .......... .......... .......... 20%  143M 13s
  7250K .......... .......... .......... .......... .......... 20% 12.7M 12s
  7300K .......... .......... .......... .......... .......... 20%  122M 12s
  7350K .......... .......... .......... .......... .......... 20% 14.4M 12s
  7400K .......... .......... .......... .......... .......... 20%  204M 12s
  7450K .......... .......... .......... .......... .......... 21% 15.3M 12s
  7500K .......... .......... .......... .......... .......... 21%  242K 13s
  7550K .......... .......... .......... .......... .......... 21%  125M 13s
  7600K .......... .......... .......... .......... .......... 21%  157M 13s
  7650K .......... .......... .......... .......... .......... 21% 81.2M 12s
  7700K .......... .......... .......... .......... .......... 21%  117M 12s
  7750K .......... .......... .......... .......... .......... 21% 97.9M 12s
  7800K .......... .......... .......... .......... .......... 22% 57.2M 12s
  7850K .......... .......... .......... .......... .......... 22% 57.9M 12s
  7900K .......... .......... .......... .......... .......... 22%  128M 12s
  7950K .......... .......... .......... .......... .......... 22% 42.3M 12s
  8000K .......... .......... .......... .......... .......... 22%  240K 12s
  8050K .......... .......... .......... .......... .......... 22%  105M 12s
  8100K .......... .......... .......... .......... .......... 22%  176M 12s
  8150K .......... .......... .......... .......... .......... 23% 95.9M 12s
  8200K .......... .......... .......... .......... .......... 23%  173M 12s
  8250K .......... .......... .......... .......... .......... 23% 86.7M 12s
  8300K .......... .......... .......... .......... .......... 23% 45.3M 12s
  8350K .......... .......... .......... .......... .......... 23% 35.3M 12s
  8400K .......... .......... .......... .......... .......... 23% 62.6M 12s
  8450K .......... .......... .......... .......... .......... 23% 18.3M 12s
  8500K .......... .......... .......... .......... .......... 24%  211K 12s
  8550K .......... .......... .......... .......... .......... 24%  113M 12s
  8600K .......... .......... .......... .......... .......... 24%  135M 12s
  8650K .......... .......... .......... .......... .......... 24%  154M 12s
  8700K .......... .......... .......... .......... .......... 24%  132M 12s
  8750K .......... .......... .......... .......... .......... 24% 81.4M 12s
  8800K .......... .......... .......... .......... .......... 24% 50.5M 12s
  8850K .......... .......... .......... .......... .......... 25% 52.1M 12s
  8900K .......... .......... .......... .......... .......... 25%  122M 12s
  8950K .......... .......... .......... .......... .......... 25% 46.6M 12s
  9000K .......... .......... .......... .......... .......... 25%  228K 12s
  9050K .......... .......... .......... .......... .......... 25% 54.1M 12s
  9100K .......... .......... .......... .......... .......... 25% 38.6M 12s
  9150K .......... .......... .......... .......... .......... 25% 88.9M 12s
  9200K .......... .......... .......... .......... .......... 25% 92.0M 12s
  9250K .......... .......... .......... .......... .......... 26% 7.23M 12s
  9300K .......... .......... .......... .......... .......... 26% 81.0M 12s
  9350K .......... .......... .......... .......... .......... 26% 86.6M 11s
  9400K .......... .......... .......... .......... .......... 26% 71.2M 11s
  9450K .......... .......... .......... .......... .......... 26% 43.5M 11s
  9500K .......... .......... .......... .......... .......... 26%  218K 12s
  9550K .......... .......... .......... .......... .......... 26%  107M 12s
  9600K .......... .......... .......... .......... .......... 27% 16.8M 12s
  9650K .......... .......... .......... .......... .......... 27%  128M 12s
  9700K .......... .......... .......... .......... .......... 27%  155M 12s
  9750K .......... .......... .......... .......... .......... 27%  130M 11s
  9800K .......... .......... .......... .......... .......... 27% 74.9M 11s
  9850K .......... .......... .......... .......... .......... 27%  140M 11s
  9900K .......... .......... .......... .......... .......... 27% 22.5M 11s
  9950K .......... .......... .......... .......... .......... 28%  171M 11s
 10000K .......... .......... .......... .......... .......... 28%  230K 12s
 10050K .......... .......... .......... .......... .......... 28%  133M 12s
 10100K .......... .......... .......... .......... .......... 28% 47.6M 11s
 10150K .......... .......... .......... .......... .......... 28% 89.8M 11s
 10200K .......... .......... .......... .......... .......... 28%  145M 11s
 10250K .......... .......... .......... .......... .......... 28% 38.8M 11s
 10300K .......... .......... .......... .......... .......... 29% 95.4M 11s
 10350K .......... .......... .......... .......... .......... 29%  149M 11s
 10400K .......... .......... .......... .......... .......... 29% 39.7M 11s
 10450K .......... .......... .......... .......... .......... 29% 2.95M 11s
 10500K .......... .......... .......... .......... .......... 29%  268K 11s
 10550K .......... .......... .......... .......... .......... 29% 69.3M 11s
 10600K .......... .......... .......... .......... .......... 29% 82.8M 11s
 10650K .......... .......... .......... .......... .......... 30%  124M 11s
 10700K .......... .......... .......... .......... .......... 30% 7.54M 11s
 10750K .......... .......... .......... .......... .......... 30% 33.0M 11s
 10800K .......... .......... .......... .......... .......... 30% 44.8M 11s
 10850K .......... .......... .......... .......... .......... 30% 66.4M 11s
 10900K .......... .......... .......... .......... .......... 30% 25.3M 11s
 10950K .......... .......... .......... .......... .......... 30% 41.1M 11s
 11000K .......... .......... .......... .......... .......... 31%  241K 11s
 11050K .......... .......... .......... .......... .......... 31% 88.8M 11s
 11100K .......... .......... .......... .......... .......... 31% 26.4M 11s
 11150K .......... .......... .......... .......... .......... 31% 83.5M 11s
 11200K .......... .......... .......... .......... .......... 31%  151M 11s
 11250K .......... .......... .......... .......... .......... 31% 12.8M 11s
 11300K .......... .......... .......... .......... .......... 31% 33.2M 11s
 11350K .......... .......... .......... .......... .......... 32% 51.9M 11s
 11400K .......... .......... .......... .......... .......... 32% 43.0M 11s
 11450K .......... .......... .......... .......... .......... 32% 77.0M 11s
 11500K .......... .......... .......... .......... .......... 32%  239K 11s
 11550K .......... .......... .......... .......... .......... 32% 80.0M 11s
 11600K .......... .......... .......... .......... .......... 32% 56.8M 11s
 11650K .......... .......... .......... .......... .......... 32% 43.4M 11s
 11700K .......... .......... .......... .......... .......... 33% 57.6M 11s
 11750K .......... .......... .......... .......... .......... 33% 72.1M 11s
 11800K .......... .......... .......... .......... .......... 33% 21.8M 10s
 11850K .......... .......... .......... .......... .......... 33% 71.3M 10s
 11900K .......... .......... .......... .......... .......... 33%  103M 10s
 11950K .......... .......... .......... .......... .......... 33% 58.7M 10s
 12000K .......... .......... .......... .......... .......... 33%  228K 11s
 12050K .......... .......... .......... .......... .......... 33% 75.7M 11s
 12100K .......... .......... .......... .......... .......... 34% 62.7M 11s
 12150K .......... .......... .......... .......... .......... 34%  102M 10s
 12200K .......... .......... .......... .......... .......... 34% 87.3M 10s
 12250K .......... .......... .......... .......... .......... 34% 50.0M 10s
 12300K .......... .......... .......... .......... .......... 34% 92.0M 10s
 12350K .......... .......... .......... .......... .......... 34% 64.2M 10s
 12400K .......... .......... .......... .......... .......... 34% 99.4M 10s
 12450K .......... .......... .......... .......... .......... 35% 43.9M 10s
 12500K .......... .......... .......... .......... .......... 35%  232K 10s
 12550K .......... .......... .......... .......... .......... 35%  186M 10s
 12600K .......... .......... .......... .......... .......... 35%  211M 10s
 12650K .......... .......... .......... .......... .......... 35% 35.6M 10s
 12700K .......... .......... .......... .......... .......... 35%  150M 10s
 12750K .......... .......... .......... .......... .......... 35% 26.2M 10s
 12800K .......... .......... .......... .......... .......... 36%  120M 10s
 12850K .......... .......... .......... .......... .......... 36%  192M 10s
 12900K .......... .......... .......... .......... .......... 36% 9.55M 10s
 12950K .......... .......... .......... .......... .......... 36%  172M 10s
 13000K .......... .......... .......... .......... .......... 36%  217K 10s
 13050K .......... .......... .......... .......... .......... 36% 27.9M 10s
 13100K .......... .......... .......... .......... .......... 36% 83.2M 10s
 13150K .......... .......... .......... .......... .......... 37%  103M 10s
 13200K .......... .......... .......... .......... .......... 37%  117M 10s
 13250K .......... .......... .......... .......... .......... 37%  194M 10s
 13300K .......... .......... .......... .......... .......... 37% 84.2M 10s
 13350K .......... .......... .......... .......... .......... 37%  127M 10s
 13400K .......... .......... .......... .......... .......... 37%  110M 10s
 13450K .......... .......... .......... .......... .......... 37%  143M 10s
 13500K .......... .......... .......... .......... .......... 38%  243K 10s
 13550K .......... .......... .......... .......... .......... 38% 3.82M 10s
 13600K .......... .......... .......... .......... .......... 38%  110M 10s
 13650K .......... .......... .......... .......... .......... 38% 93.9M 10s
 13700K .......... .......... .......... .......... .......... 38%  117M 10s
 13750K .......... .......... .......... .......... .......... 38% 61.1M 10s
 13800K .......... .......... .......... .......... .......... 38%  101M 10s
 13850K .......... .......... .......... .......... .......... 39% 91.1M 10s
 13900K .......... .......... .......... .......... .......... 39% 74.8M 10s
 13950K .......... .......... .......... .......... .......... 39%  105M 9s
 14000K .......... .......... .......... .......... .......... 39%  173K 10s
 14050K .......... .......... .......... .......... .......... 39% 61.5M 10s
 14100K .......... .......... .......... .......... .......... 39%  117M 10s
 14150K .......... .......... .......... .......... .......... 39% 58.8M 10s
 14200K .......... .......... .......... .......... .......... 40% 85.1M 10s
 14250K .......... .......... .......... .......... .......... 40% 88.9M 10s
 14300K .......... .......... .......... .......... .......... 40% 81.4M 10s
 14350K .......... .......... .......... .......... .......... 40% 7.43M 9s
 14400K .......... .......... .......... .......... .......... 40% 89.8M 9s
 14450K .......... .......... .......... .......... .......... 40% 31.8M 9s
 14500K .......... .......... .......... .......... .......... 40%  118K 10s
 14550K .......... .......... .......... .......... .......... 41%  108M 10s
 14600K .......... .......... .......... .......... .......... 41%  122M 10s
 14650K .......... .......... .......... .......... .......... 41% 22.7M 10s
 14700K .......... .......... .......... .......... .......... 41%  167M 10s
 14750K .......... .......... .......... .......... .......... 41% 22.2M 10s
 14800K .......... .......... .......... .......... .......... 41%  182M 10s
 14850K .......... .......... .......... .......... .......... 41%  153M 10s
 14900K .......... .......... .......... .......... .......... 41%  195M 10s
 14950K .......... .......... .......... .......... .......... 42% 28.0M 9s
 15000K .......... .......... .......... .......... .......... 42%  244K 10s
 15050K .......... .......... .......... .......... .......... 42% 83.9M 10s
 15100K .......... .......... .......... .......... .......... 42% 58.5M 10s
 15150K .......... .......... .......... .......... .......... 42% 54.4M 10s
 15200K .......... .......... .......... .......... .......... 42% 42.8M 9s
 15250K .......... .......... .......... .......... .......... 42% 55.4M 9s
 15300K .......... .......... .......... .......... .......... 43% 89.4M 9s
 15350K .......... .......... .......... .......... .......... 43%  128M 9s
 15400K .......... .......... .......... .......... .......... 43% 86.0M 9s
 15450K .......... .......... .......... .......... .......... 43%  101M 9s
 15500K .......... .......... .......... .......... .......... 43%  127K 10s
 15550K .......... .......... .......... .......... .......... 43% 73.3M 10s
 15600K .......... .......... .......... .......... .......... 43% 8.11M 10s
 15650K .......... .......... .......... .......... .......... 44% 98.6M 9s
 15700K .......... .......... .......... .......... .......... 44% 75.6M 9s
 15750K .......... .......... .......... .......... .......... 44% 86.4M 9s
 15800K .......... .......... .......... .......... .......... 44% 13.9M 9s
 15850K .......... .......... .......... .......... .......... 44% 77.1M 9s
 15900K .......... .......... .......... .......... .......... 44% 29.4M 9s
 15950K .......... .......... .......... .......... .......... 44% 38.1M 9s
 16000K .......... .......... .......... .......... .......... 45%  234K 9s
 16050K .......... .......... .......... .......... .......... 45%  131M 9s
 16100K .......... .......... .......... .......... .......... 45% 5.72M 9s
 16150K .......... .......... .......... .......... .......... 45% 98.8M 9s
 16200K .......... .......... .......... .......... .......... 45%  176M 9s
 16250K .......... .......... .......... .......... .......... 45% 68.0M 9s
 16300K .......... .......... .......... .......... .......... 45% 75.7M 9s
 16350K .......... .......... .......... .......... .......... 46%  127M 9s
 16400K .......... .......... .......... .......... .......... 46%  110M 9s
 16450K .......... .......... .......... .......... .......... 46% 32.7M 9s
 16500K .......... .......... .......... .......... .......... 46%  237K 9s
 16550K .......... .......... .......... .......... .......... 46% 28.9M 9s
 16600K .......... .......... .......... .......... .......... 46%  152M 9s
 16650K .......... .......... .......... .......... .......... 46%  213M 9s
 16700K .......... .......... .......... .......... .......... 47%  191M 9s
 16750K .......... .......... .......... .......... .......... 47%  181M 9s
 16800K .......... .......... .......... .......... .......... 47% 21.8M 9s
 16850K .......... .......... .......... .......... .......... 47%  196M 9s
 16900K .......... .......... .......... .......... .......... 47%  185M 9s
 16950K .......... .......... .......... .......... .......... 47%  195M 9s
 17000K .......... .......... .......... .......... .......... 47%  221K 9s
 17050K .......... .......... .......... .......... .......... 48% 57.8M 9s
 17100K .......... .......... .......... .......... .......... 48% 5.48M 9s
 17150K .......... .......... .......... .......... .......... 48% 91.3M 9s
 17200K .......... .......... .......... .......... .......... 48% 27.3M 9s
 17250K .......... .......... .......... .......... .......... 48% 80.4M 9s
 17300K .......... .......... .......... .......... .......... 48% 16.4M 9s
 17350K .......... .......... .......... .......... .......... 48% 75.9M 9s
 17400K .......... .......... .......... .......... .......... 49% 99.6M 9s
 17450K .......... .......... .......... .......... .......... 49% 97.1M 8s
 17500K .......... .......... .......... .......... .......... 49%  236K 9s
 17550K .......... .......... .......... .......... .......... 49%  125M 9s
 17600K .......... .......... .......... .......... .......... 49%  221M 9s
 17650K .......... .......... .......... .......... .......... 49%  106M 8s
 17700K .......... .......... .......... .......... .......... 49%  192M 8s
 17750K .......... .......... .......... .......... .......... 50%  139M 8s
 17800K .......... .......... .......... .......... .......... 50%  133M 8s
 17850K .......... .......... .......... .......... .......... 50%  148M 8s
 17900K .......... .......... .......... .......... .......... 50%  159M 8s
 17950K .......... .......... .......... .......... .......... 50%  155M 8s
 18000K .......... .......... .......... .......... .......... 50%  236K 8s
 18050K .......... .......... .......... .......... .......... 50% 43.9M 8s
 18100K .......... .......... .......... .......... .......... 50% 30.8M 8s
 18150K .......... .......... .......... .......... .......... 51% 79.5M 8s
 18200K .......... .......... .......... .......... .......... 51% 90.9M 8s
 18250K .......... .......... .......... .......... .......... 51% 99.0M 8s
 18300K .......... .......... .......... .......... .......... 51% 46.3M 8s
 18350K .......... .......... .......... .......... .......... 51% 26.3M 8s
 18400K .......... .......... .......... .......... .......... 51% 38.9M 8s
 18450K .......... .......... .......... .......... .......... 51% 5.18M 8s
 18500K .......... .......... .......... .......... .......... 52%  245K 8s
 18550K .......... .......... .......... .......... .......... 52% 54.3M 8s
 18600K .......... .......... .......... .......... .......... 52%  116M 8s
 18650K .......... .......... .......... .......... .......... 52% 95.7M 8s
 18700K .......... .......... .......... .......... .......... 52%  105M 8s
 18750K .......... .......... .......... .......... .......... 52% 80.8M 8s
 18800K .......... .......... .......... .......... .......... 52%  133M 8s
 18850K .......... .......... .......... .......... .......... 53%  104M 8s
 18900K .......... .......... .......... .......... .......... 53%  115M 8s
 18950K .......... .......... .......... .......... .......... 53%  127M 8s
 19000K .......... .......... .......... .......... .......... 53%  216K 8s
 19050K .......... .......... .......... .......... .......... 53% 15.4M 8s
 19100K .......... .......... .......... .......... .......... 53% 71.6M 8s
 19150K .......... .......... .......... .......... .......... 53% 72.4M 8s
 19200K .......... .......... .......... .......... .......... 54% 55.3M 8s
 19250K .......... .......... .......... .......... .......... 54% 89.8M 8s
 19300K .......... .......... .......... .......... .......... 54%  115M 8s
 19350K .......... .......... .......... .......... .......... 54% 83.8M 8s
 19400K .......... .......... .......... .......... .......... 54%  113M 8s
 19450K .......... .......... .......... .......... .......... 54% 96.9M 7s
 19500K .......... .......... .......... .......... .......... 54%  228K 8s
 19550K .......... .......... .......... .......... .......... 55%  160M 8s
 19600K .......... .......... .......... .......... .......... 55%  188M 8s
 19650K .......... .......... .......... .......... .......... 55% 21.2M 8s
 19700K .......... .......... .......... .......... .......... 55%  198M 7s
 19750K .......... .......... .......... .......... .......... 55%  176M 7s
 19800K .......... .......... .......... .......... .......... 55% 14.1M 7s
 19850K .......... .......... .......... .......... .......... 55%  171M 7s
 19900K .......... .......... .......... .......... .......... 56%  113M 7s
 19950K .......... .......... .......... .......... .......... 56% 20.2M 7s
 20000K .......... .......... .......... .......... .......... 56%  229K 7s
 20050K .......... .......... .......... .......... .......... 56%  155M 7s
 20100K .......... .......... .......... .......... .......... 56%  210M 7s
 20150K .......... .......... .......... .......... .......... 56%  176M 7s
 20200K .......... .......... .......... .......... .......... 56%  206M 7s
 20250K .......... .......... .......... .......... .......... 57%  213M 7s
 20300K .......... .......... .......... .......... .......... 57% 22.7M 7s
 20350K .......... .......... .......... .......... .......... 57%  164M 7s
 20400K .......... .......... .......... .......... .......... 57%  182M 7s
 20450K .......... .......... .......... .......... .......... 57%  192M 7s
 20500K .......... .......... .......... .......... .......... 57%  235K 7s
 20550K .......... .......... .......... .......... .......... 57% 62.8M 7s
 20600K .......... .......... .......... .......... .......... 58% 91.6M 7s
 20650K .......... .......... .......... .......... .......... 58% 37.1M 7s
 20700K .......... .......... .......... .......... .......... 58% 2.78M 7s
 20750K .......... .......... .......... .......... .......... 58% 95.2M 7s
 20800K .......... .......... .......... .......... .......... 58% 14.1M 7s
 20850K .......... .......... .......... .......... .......... 58% 23.7M 7s
 20900K .......... .......... .......... .......... .......... 58%  160M 7s
 20950K .......... .......... .......... .......... .......... 58% 66.0M 7s
 21000K .......... .......... .......... .......... .......... 59%  241K 7s
 21050K .......... .......... .......... .......... .......... 59% 61.4M 7s
 21100K .......... .......... .......... .......... .......... 59% 56.1M 7s
 21150K .......... .......... .......... .......... .......... 59%  116M 7s
 21200K .......... .......... .......... .......... .......... 59%  102M 7s
 21250K .......... .......... .......... .......... .......... 59% 7.62M 7s
 21300K .......... .......... .......... .......... .......... 59%  143M 7s
 21350K .......... .......... .......... .......... .......... 60%  122M 7s
 21400K .......... .......... .......... .......... .......... 60%  109M 7s
 21450K .......... .......... .......... .......... .......... 60%  116M 7s
 21500K .......... .......... .......... .......... .......... 60%  242K 7s
 21550K .......... .......... .......... .......... .......... 60%  142M 7s
 21600K .......... .......... .......... .......... .......... 60%  127M 7s
 21650K .......... .......... .......... .......... .......... 60%  126M 7s
 21700K .......... .......... .......... .......... .......... 61% 91.4M 6s
 21750K .......... .......... .......... .......... .......... 61%  157M 6s
 21800K .......... .......... .......... .......... .......... 61% 95.9M 6s
 21850K .......... .......... .......... .......... .......... 61% 67.3M 6s
 21900K .......... .......... .......... .......... .......... 61% 56.2M 6s
 21950K .......... .......... .......... .......... .......... 61% 27.8M 6s
 22000K .......... .......... .......... .......... .......... 61%  235K 6s
 22050K .......... .......... .......... .......... .......... 62%  181M 6s
 22100K .......... .......... .......... .......... .......... 62% 19.1M 6s
 22150K .......... .......... .......... .......... .......... 62%  179M 6s
 22200K .......... .......... .......... .......... .......... 62%  184M 6s
 22250K .......... .......... .......... .......... .......... 62% 25.2M 6s
 22300K .......... .......... .......... .......... .......... 62%  186M 6s
 22350K .......... .......... .......... .......... .......... 62%  190M 6s
 22400K .......... .......... .......... .......... .......... 63%  193M 6s
 22450K .......... .......... .......... .......... .......... 63% 9.90M 6s
 22500K .......... .......... .......... .......... .......... 63% 80.5K 6s
 22550K .......... .......... .......... .......... .......... 63% 66.1M 6s
 22600K .......... .......... .......... .......... .......... 63% 24.9M 6s
 22650K .......... .......... .......... .......... .......... 63%  102M 6s
 22700K .......... .......... .......... .......... .......... 63%  147M 6s
 22750K .......... .......... .......... .......... .......... 64% 39.6M 6s
 22800K .......... .......... .......... .......... .......... 64% 91.1M 6s
 22850K .......... .......... .......... .......... .......... 64%  157M 6s
 22900K .......... .......... .......... .......... .......... 64%  104M 6s
 22950K .......... .......... .......... .......... .......... 64% 42.1M 6s
 23000K .......... .......... .......... .......... .......... 64%  247K 6s
 23050K .......... .......... .......... .......... .......... 64% 96.9M 6s
 23100K .......... .......... .......... .......... .......... 65% 19.8M 6s
 23150K .......... .......... .......... .......... .......... 65%  101M 6s
 23200K .......... .......... .......... .......... .......... 65% 81.1M 6s
 23250K .......... .......... .......... .......... .......... 65% 76.1M 6s
 23300K .......... .......... .......... .......... .......... 65% 38.2M 6s
 23350K .......... .......... .......... .......... .......... 65% 82.3M 6s
 23400K .......... .......... .......... .......... .......... 65% 59.4M 6s
 23450K .......... .......... .......... .......... .......... 66% 85.8M 6s
 23500K .......... .......... .......... .......... .......... 66%  217K 6s
 23550K .......... .......... .......... .......... .......... 66%  102M 6s
 23600K .......... .......... .......... .......... .......... 66%  122M 6s
 23650K .......... .......... .......... .......... .......... 66% 73.4M 6s
 23700K .......... .......... .......... .......... .......... 66%  147M 6s
 23750K .......... .......... .......... .......... .......... 66%  114M 6s
 23800K .......... .......... .......... .......... .......... 67%  136M 6s
 23850K .......... .......... .......... .......... .......... 67%  154M 6s
 23900K .......... .......... .......... .......... .......... 67% 61.8M 6s
 23950K .......... .......... .......... .......... .......... 67%  184M 6s
 24000K .......... .......... .......... .......... .......... 67%  231K 6s
 24050K .......... .......... .......... .......... .......... 67% 23.6M 6s
 24100K .......... .......... .......... .......... .......... 67% 24.4M 6s
 24150K .......... .......... .......... .......... .......... 67%  159M 6s
 24200K .......... .......... .......... .......... .......... 68%  153M 5s
 24250K .......... .......... .......... .......... .......... 68%  118M 5s
 24300K .......... .......... .......... .......... .......... 68% 19.0M 5s
 24350K .......... .......... .......... .......... .......... 68%  184M 5s
 24400K .......... .......... .......... .......... .......... 68%  191M 5s
 24450K .......... .......... .......... .......... .......... 68%  194M 5s
 24500K .......... .......... .......... .......... .......... 68%  237K 5s
 24550K .......... .......... .......... .......... .......... 69% 52.3M 5s
 24600K .......... .......... .......... .......... .......... 69% 55.9M 5s
 24650K .......... .......... .......... .......... .......... 69% 82.2M 5s
 24700K .......... .......... .......... .......... .......... 69%  133M 5s
 24750K .......... .......... .......... .......... .......... 69%  153M 5s
 24800K .......... .......... .......... .......... .......... 69%  163M 5s
 24850K .......... .......... .......... .......... .......... 69%  113M 5s
 24900K .......... .......... .......... .......... .......... 70% 76.3M 5s
 24950K .......... .......... .......... .......... .......... 70% 25.0M 5s
 25000K .......... .......... .......... .......... .......... 70%  222K 5s
 25050K .......... .......... .......... .......... .......... 70%  136M 5s
 25100K .......... .......... .......... .......... .......... 70% 33.0M 5s
 25150K .......... .......... .......... .......... .......... 70% 23.7M 5s
 25200K .......... .......... .......... .......... .......... 70% 38.3M 5s
 25250K .......... .......... .......... .......... .......... 71% 57.6M 5s
 25300K .......... .......... .......... .......... .......... 71%  113M 5s
 25350K .......... .......... .......... .......... .......... 71%  150M 5s
 25400K .......... .......... .......... .......... .......... 71%  171M 5s
 25450K .......... .......... .......... .......... .......... 71%  208M 5s
 25500K .......... .......... .......... .......... .......... 71%  237K 5s
 25550K .......... .......... .......... .......... .......... 71% 26.7M 5s
 25600K .......... .......... .......... .......... .......... 72% 91.3M 5s
 25650K .......... .......... .......... .......... .......... 72%  131M 5s
 25700K .......... .......... .......... .......... .......... 72% 36.0M 5s
 25750K .......... .......... .......... .......... .......... 72% 95.7M 5s
 25800K .......... .......... .......... .......... .......... 72% 56.4M 5s
 25850K .......... .......... .......... .......... .......... 72% 54.9M 5s
 25900K .......... .......... .......... .......... .......... 72% 69.5M 5s
 25950K .......... .......... .......... .......... .......... 73% 38.4M 5s
 26000K .......... .......... .......... .......... .......... 73%  240K 5s
 26050K .......... .......... .......... .......... .......... 73% 16.6M 5s
 26100K .......... .......... .......... .......... .......... 73% 80.0M 5s
 26150K .......... .......... .......... .......... .......... 73% 37.4M 5s
 26200K .......... .......... .......... .......... .......... 73% 32.3M 4s
 26250K .......... .......... .......... .......... .......... 73% 26.2M 4s
 26300K .......... .......... .......... .......... .......... 74% 64.0M 4s
 26350K .......... .......... .......... .......... .......... 74% 73.6M 4s
 26400K .......... .......... .......... .......... .......... 74%  148M 4s
 26450K .......... .......... .......... .......... .......... 74% 46.0M 4s
 26500K .......... .......... .......... .......... .......... 74%  250K 4s
 26550K .......... .......... .......... .......... .......... 74% 81.5M 4s
 26600K .......... .......... .......... .......... .......... 74%  108M 4s
 26650K .......... .......... .......... .......... .......... 75%  128M 4s
 26700K .......... .......... .......... .......... .......... 75%  197M 4s
 26750K .......... .......... .......... .......... .......... 75%  154M 4s
 26800K .......... .......... .......... .......... .......... 75%  129M 4s
 26850K .......... .......... .......... .......... .......... 75%  146M 4s
 26900K .......... .......... .......... .......... .......... 75%  117M 4s
 26950K .......... .......... .......... .......... .......... 75% 79.4M 4s
 27000K .......... .......... .......... .......... .......... 75%  238K 4s
 27050K .......... .......... .......... .......... .......... 76%  161M 4s
 27100K .......... .......... .......... .......... .......... 76% 21.7M 4s
 27150K .......... .......... .......... .......... .......... 76%  175M 4s
 27200K .......... .......... .......... .......... .......... 76%  195M 4s
 27250K .......... .......... .......... .......... .......... 76% 31.8M 4s
 27300K .......... .......... .......... .......... .......... 76%  148M 4s
 27350K .......... .......... .......... .......... .......... 76%  177M 4s
 27400K .......... .......... .......... .......... .......... 77%  189M 4s
 27450K .......... .......... .......... .......... .......... 77% 24.5M 4s
 27500K .......... .......... .......... .......... .......... 77%  202K 4s
 27550K .......... .......... .......... .......... .......... 77%  104M 4s
 27600K .......... .......... .......... .......... .......... 77%  106M 4s
 27650K .......... .......... .......... .......... .......... 77% 93.5M 4s
 27700K .......... .......... .......... .......... .......... 77% 92.5M 4s
 27750K .......... .......... .......... .......... .......... 78% 86.7M 4s
 27800K .......... .......... .......... .......... .......... 78% 40.8M 4s
 27850K .......... .......... .......... .......... .......... 78% 87.3M 4s
 27900K .......... .......... .......... .......... .......... 78% 84.9M 4s
 27950K .......... .......... .......... .......... .......... 78% 11.1M 4s
 28000K .......... .......... .......... .......... .......... 78%  237K 4s
 28050K .......... .......... .......... .......... .......... 78% 88.9M 4s
 28100K .......... .......... .......... .......... .......... 79% 54.6M 4s
 28150K .......... .......... .......... .......... .......... 79%  120M 4s
 28200K .......... .......... .......... .......... .......... 79%  109M 4s
 28250K .......... .......... .......... .......... .......... 79% 2.72M 3s
 28300K .......... .......... .......... .......... .......... 79% 36.1M 3s
 28350K .......... .......... .......... .......... .......... 79% 39.4M 3s
 28400K .......... .......... .......... .......... .......... 79% 35.4M 3s
 28450K .......... .......... .......... .......... .......... 80% 22.6M 3s
 28500K .......... .......... .......... .......... .......... 80%  283K 3s
 28550K .......... .......... .......... .......... .......... 80%  111M 3s
 28600K .......... .......... .......... .......... .......... 80%  156M 3s
 28650K .......... .......... .......... .......... .......... 80% 32.9M 3s
 28700K .......... .......... .......... .......... .......... 80% 85.2M 3s
 28750K .......... .......... .......... .......... .......... 80% 91.4M 3s
 28800K .......... .......... .......... .......... .......... 81%  130M 3s
 28850K .......... .......... .......... .......... .......... 81%  146M 3s
 28900K .......... .......... .......... .......... .......... 81%  107M 3s
 28950K .......... .......... .......... .......... .......... 81%  174M 3s
 29000K .......... .......... .......... .......... .......... 81%  238K 3s
 29050K .......... .......... .......... .......... .......... 81% 65.1M 3s
 29100K .......... .......... .......... .......... .......... 81% 89.3M 3s
 29150K .......... .......... .......... .......... .......... 82% 31.2M 3s
 29200K .......... .......... .......... .......... .......... 82% 87.5M 3s
 29250K .......... .......... .......... .......... .......... 82% 84.3M 3s
 29300K .......... .......... .......... .......... .......... 82% 96.5M 3s
 29350K .......... .......... .......... .......... .......... 82%  112M 3s
 29400K .......... .......... .......... .......... .......... 82%  122M 3s
 29450K .......... .......... .......... .......... .......... 82% 96.9M 3s
 29500K .......... .......... .......... .......... .......... 83%  237K 3s
 29550K .......... .......... .......... .......... .......... 83%  190M 3s
 29600K .......... .......... .......... .......... .......... 83%  209M 3s
 29650K .......... .......... .......... .......... .......... 83% 42.1M 3s
 29700K .......... .......... .......... .......... .......... 83%  123M 3s
 29750K .......... .......... .......... .......... .......... 83%  197M 3s
 29800K .......... .......... .......... .......... .......... 83%  209M 3s
 29850K .......... .......... .......... .......... .......... 83%  139M 3s
 29900K .......... .......... .......... .......... .......... 84%  124M 3s
 29950K .......... .......... .......... .......... .......... 84%  127M 3s
 30000K .......... .......... .......... .......... .......... 84%  221K 3s
 30050K .......... .......... .......... .......... .......... 84%  167M 3s
 30100K .......... .......... .......... .......... .......... 84% 63.5M 3s
 30150K .......... .......... .......... .......... .......... 84%  105M 3s
 30200K .......... .......... .......... .......... .......... 84%  101M 3s
 30250K .......... .......... .......... .......... .......... 85%  121M 3s
 30300K .......... .......... .......... .......... .......... 85% 79.8M 2s
 30350K .......... .......... .......... .......... .......... 85% 68.4M 2s
 30400K .......... .......... .......... .......... .......... 85% 60.7M 2s
 30450K .......... .......... .......... .......... .......... 85% 43.4M 2s
 30500K .......... .......... .......... .......... .......... 85%  212K 2s
 30550K .......... .......... .......... .......... .......... 85% 10.2M 2s
 30600K .......... .......... .......... .......... .......... 86% 9.34M 2s
 30650K .......... .......... .......... .......... .......... 86% 19.3M 2s
 30700K .......... .......... .......... .......... .......... 86% 46.5M 2s
 30750K .......... .......... .......... .......... .......... 86% 98.2M 2s
 30800K .......... .......... .......... .......... .......... 86% 95.6M 2s
 30850K .......... .......... .......... .......... .......... 86% 80.0M 2s
 30900K .......... .......... .......... .......... .......... 86% 75.8M 2s
 30950K .......... .......... .......... .......... .......... 87% 63.9M 2s
 31000K .......... .......... .......... .......... .......... 87%  309K 2s
 31050K .......... .......... .......... .......... .......... 87% 19.6M 2s
 31100K .......... .......... .......... .......... .......... 87% 68.1M 2s
 31150K .......... .......... .......... .......... .......... 87% 63.2M 2s
 31200K .......... .......... .......... .......... .......... 87% 62.1M 2s
 31250K .......... .......... .......... .......... .......... 87% 77.1M 2s
 31300K .......... .......... .......... .......... .......... 88% 68.3M 2s
 31350K .......... .......... .......... .......... .......... 88% 65.9M 2s
 31400K .......... .......... .......... .......... .......... 88% 42.9M 2s
 31450K .......... .......... .......... .......... .......... 88% 94.1M 2s
 31500K .......... .......... .......... .......... .......... 88%  232K 2s
 31550K .......... .......... .......... .......... .......... 88% 68.5M 2s
 31600K .......... .......... .......... .......... .......... 88% 96.5M 2s
 31650K .......... .......... .......... .......... .......... 89% 88.1M 2s
 31700K .......... .......... .......... .......... .......... 89% 93.4M 2s
 31750K .......... .......... .......... .......... .......... 89% 92.7M 2s
 31800K .......... .......... .......... .......... .......... 89% 26.5M 2s
 31850K .......... .......... .......... .......... .......... 89%  108M 2s
 31900K .......... .......... .......... .......... .......... 89% 77.5M 2s
 31950K .......... .......... .......... .......... .......... 89% 83.2M 2s
 32000K .......... .......... .......... .......... .......... 90%  215K 2s
 32050K .......... .......... .......... .......... .......... 90% 61.4M 2s
 32100K .......... .......... .......... .......... .......... 90% 27.5M 2s
 32150K .......... .......... .......... .......... .......... 90%  102M 2s
 32200K .......... .......... .......... .......... .......... 90%  122M 2s
 32250K .......... .......... .......... .......... .......... 90%  120M 2s
 32300K .......... .......... .......... .......... .......... 90%  130M 2s
 32350K .......... .......... .......... .......... .......... 91% 90.8M 2s
 32400K .......... .......... .......... .......... .......... 91%  132M 1s
 32450K .......... .......... .......... .......... .......... 91% 66.7M 1s
 32500K .......... .......... .......... .......... .......... 91%  241K 1s
 32550K .......... .......... .......... .......... .......... 91%  156M 1s
 32600K .......... .......... .......... .......... .......... 91% 16.0M 1s
 32650K .......... .......... .......... .......... .......... 91%  139M 1s
 32700K .......... .......... .......... .......... .......... 92% 27.6M 1s
 32750K .......... .......... .......... .......... .......... 92%  185M 1s
 32800K .......... .......... .......... .......... .......... 92% 29.4M 1s
 32850K .......... .......... .......... .......... .......... 92%  160M 1s
 32900K .......... .......... .......... .......... .......... 92%  207M 1s
 32950K .......... .......... .......... .......... .......... 92% 13.4M 1s
 33000K .......... .......... .......... .......... .......... 92%  224K 1s
 33050K .......... .......... .......... .......... .......... 92% 86.6M 1s
 33100K .......... .......... .......... .......... .......... 93% 94.8M 1s
 33150K .......... .......... .......... .......... .......... 93% 76.1M 1s
 33200K .......... .......... .......... .......... .......... 93% 46.0M 1s
 33250K .......... .......... .......... .......... .......... 93% 72.0M 1s
 33300K .......... .......... .......... .......... .......... 93% 80.6M 1s
 33350K .......... .......... .......... .......... .......... 93% 55.4M 1s
 33400K .......... .......... .......... .......... .......... 93% 53.2M 1s
 33450K .......... .......... .......... .......... .......... 94% 80.7M 1s
 33500K .......... .......... .......... .......... .......... 94%  251K 1s
 33550K .......... .......... .......... .......... .......... 94% 64.2M 1s
 33600K .......... .......... .......... .......... .......... 94% 23.7M 1s
 33650K .......... .......... .......... .......... .......... 94% 73.8M 1s
 33700K .......... .......... .......... .......... .......... 94%  126M 1s
 33750K .......... .......... .......... .......... .......... 94% 63.5M 1s
 33800K .......... .......... .......... .......... .......... 95% 90.8M 1s
 33850K .......... .......... .......... .......... .......... 95% 58.3M 1s
 33900K .......... .......... .......... .......... .......... 95%  124M 1s
 33950K .......... .......... .......... .......... .......... 95% 56.8M 1s
 34000K .......... .......... .......... .......... .......... 95%  248K 1s
 34050K .......... .......... .......... .......... .......... 95% 70.5M 1s
 34100K .......... .......... .......... .......... .......... 95% 68.3M 1s
 34150K .......... .......... .......... .......... .......... 96% 14.4M 1s
 34200K .......... .......... .......... .......... .......... 96% 62.9M 1s
 34250K .......... .......... .......... .......... .......... 96% 83.5M 1s
 34300K .......... .......... .......... .......... .......... 96%  109M 1s
 34350K .......... .......... .......... .......... .......... 96% 31.9M 1s
 34400K .......... .......... .......... .......... .......... 96% 33.1M 1s
 34450K .......... .......... .......... .......... .......... 96% 74.9M 1s
 34500K .......... .......... .......... .......... .......... 97%  245K 0s
 34550K .......... .......... .......... .......... .......... 97%  143M 0s
 34600K .......... .......... .......... .......... .......... 97%  108M 0s
 34650K .......... .......... .......... .......... .......... 97% 79.8M 0s
 34700K .......... .......... .......... .......... .......... 97% 10.3M 0s
 34750K .......... .......... .......... .......... .......... 97% 29.4M 0s
 34800K .......... .......... .......... .......... .......... 97% 74.0M 0s
 34850K .......... .......... .......... .......... .......... 98% 75.9M 0s
 34900K .......... .......... .......... .......... .......... 98% 94.6M 0s
 34950K .......... .......... .......... .......... .......... 98% 75.2M 0s
 35000K .......... .......... .......... .......... .......... 98%  225K 0s
 35050K .......... .......... .......... .......... .......... 98% 49.8M 0s
 35100K .......... .......... .......... .......... .......... 98%  113M 0s
 35150K .......... .......... .......... .......... .......... 98% 58.2M 0s
 35200K .......... .......... .......... .......... .......... 99% 35.2M 0s
 35250K .......... .......... .......... .......... .......... 99% 23.1M 0s
 35300K .......... .......... .......... .......... .......... 99% 51.3M 0s
 35350K .......... .......... .......... .......... .......... 99% 83.0M 0s
 35400K .......... .......... .......... .......... .......... 99%  103M 0s
 35450K .......... .......... .......... .......... .......... 99% 80.6M 0s
 35500K .......... .......... .......... .......... .......... 99%  241K 0s
 35550K .......... .......... .......... .......... .....     100% 12.2M=17s

2017-03-19 18:39:21 (2.07 MB/s) - `signed_PLATFORM_mivtalk-1001-1.4.74-release.apk' saved [36450222/36450222]

