--2017-01-10 11:59:03--  http://xyhzj.cn/R2Dgt
Resolving xyhzj.cn... 103.211.125.148
Connecting to xyhzj.cn|103.211.125.148|:80... connected.
HTTP request sent, awaiting response... 301 Moved Permanently
Location: http://xyhzj.cn/R2Dgt/ [following]
--2017-01-10 11:59:03--  http://xyhzj.cn/R2Dgt/
Reusing existing connection to xyhzj.cn:80.
HTTP request sent, awaiting response... 302 Object moved
Location: xiangce.apk [following]
--2017-01-10 11:59:03--  http://xyhzj.cn/R2Dgt/xiangce.apk
Reusing existing connection to xyhzj.cn:80.
HTTP request sent, awaiting response... 200 OK
Length: 213503 (208K) [application/vnd.android]
Saving to: `xiangce.apk'

     0K .......... .......... .......... .......... .......... 23%  298K 1s
    50K .......... .......... .......... .......... .......... 47%  890K 0s
   100K .......... .......... .......... .......... .......... 71% 59.6K 0s
   150K .......... .......... .......... .......... .......... 95%  208K 0s
   200K ........                                              100%  356K=1.3s

2017-01-10 11:59:04 (157 KB/s) - `xiangce.apk' saved [213503/213503]

