--2017-02-03 09:18:31--  http://3g.959.cn/
Resolving 3g.959.cn... 124.228.15.250
Connecting to 3g.959.cn|124.228.15.250|:80... connected.
HTTP request sent, awaiting response... 200 OK
Length: unspecified [text/html]
Saving to: `index.html'

     0K .......... .......... .......... ......                 964K=0.04s

2017-02-03 09:18:31 (964 KB/s) - `index.html' saved [37482]

=======================The second times wget =====================
--2017-02-03 09:18:31--  http://3g.959.cn/app/959.apk
Resolving 3g.959.cn... 124.228.15.250
Connecting to 3g.959.cn|124.228.15.250|:80... connected.
HTTP request sent, awaiting response... 200 OK
Length: 2298499 (2.2M) [application/octet-stream]
Saving to: `959.apk'

     0K .......... .......... .......... .......... ..........  2% 2.41M 1s
    50K .......... .......... .......... .......... ..........  4% 3.11M 1s
   100K .......... .......... .......... .......... ..........  6% 2.75M 1s
   150K .......... .......... .......... .......... ..........  8% 2.69M 1s
   200K .......... .......... .......... .......... .......... 11% 3.04M 1s
   250K .......... .......... .......... .......... .......... 13% 3.07M 1s
   300K .......... .......... .......... .......... .......... 15% 2.98M 1s
   350K .......... .......... .......... .......... .......... 17% 2.49M 1s
   400K .......... .......... .......... .......... .......... 20% 3.90M 1s
   450K .......... .......... .......... .......... .......... 22% 2.41M 1s
   500K .......... .......... .......... .......... .......... 24%  267K 1s
   550K .......... .......... .......... .......... .......... 26%  109M 1s
   600K .......... .......... .......... .......... .......... 28%  179M 1s
   650K .......... .......... .......... .......... .......... 31%  169M 1s
   700K .......... .......... .......... .......... .......... 33% 6.23M 1s
   750K .......... .......... .......... .......... .......... 35% 6.94M 1s
   800K .......... .......... .......... .......... .......... 37% 5.00M 1s
   850K .......... .......... .......... .......... .......... 40%  178M 1s
   900K .......... .......... .......... .......... .......... 42% 6.95M 1s
   950K .......... .......... .......... .......... .......... 44% 6.68M 0s
  1000K .......... .......... .......... .......... .......... 46% 6.42M 0s
  1050K .......... .......... .......... .......... .......... 49% 8.15M 0s
  1100K .......... .......... .......... .......... .......... 51%  198M 0s
  1150K .......... .......... .......... .......... .......... 53% 6.21M 0s
  1200K .......... .......... .......... .......... .......... 55% 8.23M 0s
  1250K .......... .......... .......... .......... .......... 57% 9.15M 0s
  1300K .......... .......... .......... .......... .......... 60% 4.68M 0s
  1350K .......... .......... .......... .......... .......... 62% 3.00M 0s
  1400K .......... .......... .......... .......... .......... 64% 2.46M 0s
  1450K .......... .......... .......... .......... .......... 66% 2.91M 0s
  1500K .......... .......... .......... .......... .......... 69% 3.11M 0s
  1550K .......... .......... .......... .......... .......... 71% 3.64M 0s
  1600K .......... .......... .......... .......... .......... 73% 2.57M 0s
  1650K .......... .......... .......... .......... .......... 75% 3.10M 0s
  1700K .......... .......... .......... .......... .......... 77% 2.99M 0s
  1750K .......... .......... .......... .......... .......... 80% 2.34M 0s
  1800K .......... .......... .......... .......... .......... 82% 4.85M 0s
  1850K .......... .......... .......... .......... .......... 84% 3.07M 0s
  1900K .......... .......... .......... .......... .......... 86% 3.05M 0s
  1950K .......... .......... .......... .......... .......... 89% 3.05M 0s
  2000K .......... .......... .......... .......... .......... 91% 2.73M 0s
  2050K .......... .......... .......... .......... .......... 93% 2.44M 0s
  2100K .......... .......... .......... .......... .......... 95% 4.06M 0s
  2150K .......... .......... .......... .......... .......... 98% 2.70M 0s
  2200K .......... .......... .......... .......... ....      100% 3.12M=0.7s

2017-02-03 09:18:32 (2.97 MB/s) - `959.apk' saved [2298499/2298499]

