--2017-01-04 10:17:15--  http://blcsy.cn/R2Dgt
Resolving blcsy.cn... 103.39.79.210
Connecting to blcsy.cn|103.39.79.210|:80... connected.
HTTP request sent, awaiting response... 301 Moved Permanently
Location: http://blcsy.cn/R2Dgt/ [following]
--2017-01-04 10:17:20--  http://blcsy.cn/R2Dgt/
Reusing existing connection to blcsy.cn:80.
HTTP request sent, awaiting response... 302 Object moved
Location: luxiang.apk [following]
--2017-01-04 10:17:21--  http://blcsy.cn/R2Dgt/luxiang.apk
Reusing existing connection to blcsy.cn:80.
HTTP request sent, awaiting response... 200 OK
Length: 213482 (208K) [application/vnd.android.package-archive]
Saving to: `luxiang.apk'

     0K .......... .......... .......... .......... .......... 23% 5.65K 28s
    50K .......... .......... .......... .......... .......... 47% 11.7K 14s
   100K .......... .......... .......... .......... .......... 71% 3.04K 12s
   150K .......... .......... .......... .......... .......... 95% 3.74K 2s
   200K ........                                              100% 5.34K=45s

2017-01-04 10:18:08 (4.68 KB/s) - `luxiang.apk' saved [213482/213482]

