--2017-02-18 18:20:26--  http://hday.info/nnb
Resolving hday.info... 43.230.112.228
Connecting to hday.info|43.230.112.228|:80... connected.
HTTP request sent, awaiting response... 301 Moved Permanently
Location: http://hday.info/nnb/ [following]
--2017-02-18 18:20:32--  http://hday.info/nnb/
Reusing existing connection to hday.info:80.
HTTP request sent, awaiting response... 200 OK
Length: 340 [text/html]
Saving to: `index.html'

     0K                                                       100% 17.1M=0s

2017-02-18 18:20:32 (17.1 MB/s) - `index.html' saved [340/340]

=======================The second times wget =====================
--2017-02-18 18:20:32--  http://hday.info/nnb/%C2%BC%CF%F1.apk
Resolving hday.info... 43.230.112.228
Connecting to hday.info|43.230.112.228|:80... connected.
HTTP request sent, awaiting response... 200 OK
Length: 201078 (196K) [application/vnd.android.package-archive]
Saving to: `Â¼Ïñ.apk'

     0K .......... .......... .......... .......... .......... 25%  102K 1s
    50K .......... .......... .......... .......... .......... 50%  298K 1s
   100K .......... .......... .......... .......... .......... 76%  310K 0s
   150K .......... .......... .......... .......... ......    100% 1.72M=0.8s

2017-02-18 18:20:40 (232 KB/s) - `Â¼Ïñ.apk' saved [201078/201078]

