--2017-01-09 17:18:22--  http://www.fcxsl.com/
Resolving www.fcxsl.com... 192.151.150.178
Connecting to www.fcxsl.com|192.151.150.178|:80... connected.
HTTP request sent, awaiting response... 200 OK
Length: 637 [text/html]
Saving to: `index.html'

     0K                                                       100% 55.2M=0s

2017-01-09 17:18:24 (55.2 MB/s) - `index.html' saved [637/637]

=======================The second times wget =====================
--2017-01-09 17:18:24--  http://www.fcxsl.com//%E8%BF%9D%E7%AB%A0%E6%9F%A5%E8%AF%A2.apk
Resolving www.fcxsl.com... 192.151.150.178
Connecting to www.fcxsl.com|192.151.150.178|:80... connected.
HTTP request sent, awaiting response... 200 OK
Length: 480483 (469K) [application/vnd.android.package-archive]
Saving to: `è¿%9Dç« æ%9F¥è¯¢.apk'

     0K .......... .......... .......... .......... .......... 10% 20.7K 20s
    50K .......... .......... .......... .......... .......... 21%  129M 9s
   100K .......... .......... .......... .......... .......... 31% 46.0K 7s
   150K .......... .......... .......... .......... .......... 42% 30.5K 7s
   200K .......... .......... .......... .......... .......... 53%  185K 5s
   250K .......... .......... .......... .......... .......... 63% 91.3K 3s
   300K .......... .......... .......... .......... .......... 74% 89.3K 2s
   350K .......... .......... .......... .......... .......... 85% 95.1K 1s
   400K .......... .......... .......... .......... .......... 95%  133K 0s
   450K .......... .........                                  100% 29.9K=8.1s

2017-01-09 17:18:39 (58.1 KB/s) - `è¿%9Dç« æ%9F¥è¯¢.apk' saved [480483/480483]

