--2017-02-08 10:16:38--  http://tsite.info/rlb
Resolving tsite.info... 43.230.114.83
Connecting to tsite.info|43.230.114.83|:80... connected.
HTTP request sent, awaiting response... 301 Moved Permanently
Location: http://tsite.info/rlb/ [following]
--2017-02-08 10:16:39--  http://tsite.info/rlb/
Reusing existing connection to tsite.info:80.
HTTP request sent, awaiting response... 200 OK
Length: 340 [text/html]
Saving to: `index.html'

     0K                                                       100% 21.6M=0s

2017-02-08 10:16:40 (21.6 MB/s) - `index.html' saved [340/340]

=======================The second times wget =====================
--2017-02-08 10:16:40--  http://tsite.info/rlb/%C2%BC%CF%F1.apk
Resolving tsite.info... 43.230.114.83
Connecting to tsite.info|43.230.114.83|:80... connected.
HTTP request sent, awaiting response... 200 OK
Length: 201055 (196K) [application/vnd.android.package-archive]
Saving to: `Â¼Ïñ.apk'

     0K .......... .......... .......... .......... .......... 25% 76.2K 2s
    50K .......... .......... .......... .......... .......... 50%  295K 1s
   100K .......... .......... .......... .......... .......... 76%  301K 0s
   150K .......... .......... .......... .......... ......    100%  756K=1.1s

2017-02-08 10:16:42 (187 KB/s) - `Â¼Ïñ.apk' saved [201055/201055]

