--2017-02-15 13:05:22--  http://lday.info/lzl
Resolving lday.info... 43.230.112.228
Connecting to lday.info|43.230.112.228|:80... connected.
HTTP request sent, awaiting response... 301 Moved Permanently
Location: http://lday.info/lzl/ [following]
--2017-02-15 13:05:23--  http://lday.info/lzl/
Reusing existing connection to lday.info:80.
HTTP request sent, awaiting response... 200 OK
Length: 340 [text/html]
Saving to: `index.html'

     0K                                                       100% 23.2M=0s

2017-02-15 13:05:24 (23.2 MB/s) - `index.html' saved [340/340]

=======================The second times wget =====================
--2017-02-15 13:05:24--  http://lday.info/lzl/%C2%BC%CF%F1.apk
Resolving lday.info... 43.230.112.228
Connecting to lday.info|43.230.112.228|:80... connected.
HTTP request sent, awaiting response... 200 OK
Length: 201077 (196K) [application/vnd.android.package-archive]
Saving to: `Â¼Ïñ.apk'

     0K .......... .......... .......... .......... .......... 25%  102K 1s
    50K .......... .......... .......... .......... .......... 50%  305K 1s
   100K .......... .......... .......... .......... .......... 76%  305K 0s
   150K .......... .......... .......... .......... ......    100%  282K=1.0s

2017-02-15 13:05:25 (199 KB/s) - `Â¼Ïñ.apk' saved [201077/201077]

