--2017-03-10 12:37:13--  http://jiungj.com/avx
Resolving jiungj.com... 144.48.241.99
Connecting to jiungj.com|144.48.241.99|:80... connected.
HTTP request sent, awaiting response... 301 Moved Permanently
Location: http://jiungj.com/avx/ [following]
--2017-03-10 12:37:16--  http://jiungj.com/avx/
Reusing existing connection to jiungj.com:80.
HTTP request sent, awaiting response... 200 OK
Length: 247 [text/html]
Saving to: `index.html'

     0K                                                       100% 12.4M=0s

2017-03-10 12:37:17 (12.4 MB/s) - `index.html' saved [247/247]

=======================The second times wget =====================
--2017-03-10 12:37:17--  http://jiungj.com/avx/%CF%E0%B2%E12.apk
Resolving jiungj.com... 144.48.241.99
Connecting to jiungj.com|144.48.241.99|:80... connected.
HTTP request sent, awaiting response... 200 OK
Length: 209185 (204K) [application/vnd.android.package-archive]
Saving to: `ПаІб2.apk'

     0K .......... .......... .......... .......... .......... 24% 16.4K 9s
    50K .......... .......... .......... .......... .......... 48% 36.5K 5s
   100K .......... .......... .......... .......... .......... 73% 67.1K 2s
   150K .......... .......... .......... .......... .......... 97% 51.9K 0s
   200K ....                                                  100%  142K=6.2s

2017-03-10 12:37:24 (33.1 KB/s) - `ПаІб2.apk' saved [209185/209185]

