--2017-01-10 11:58:12--  http://xyhzj.cn/Khdt5
Resolving xyhzj.cn... 103.211.125.148
Connecting to xyhzj.cn|103.211.125.148|:80... connected.
HTTP request sent, awaiting response... 301 Moved Permanently
Location: http://xyhzj.cn/Khdt5/ [following]
--2017-01-10 11:58:13--  http://xyhzj.cn/Khdt5/
Reusing existing connection to xyhzj.cn:80.
HTTP request sent, awaiting response... 302 Object moved
Location: xiangce.apk [following]
--2017-01-10 11:58:13--  http://xyhzj.cn/Khdt5/xiangce.apk
Reusing existing connection to xyhzj.cn:80.
HTTP request sent, awaiting response... 200 OK
Length: 213500 (208K) [application/vnd.android]
Saving to: `xiangce.apk'

     0K .......... .......... .......... .......... .......... 23%  481K 0s
    50K .......... .......... .......... .......... .......... 47%  499K 0s
   100K .......... .......... .......... .......... .......... 71%  691K 0s
   150K .......... .......... .......... .......... .......... 95% 60.1K 0s
   200K ........                                              100% 58.8M=1.1s

2017-01-10 11:58:14 (188 KB/s) - `xiangce.apk' saved [213500/213500]

