--2016-12-05 12:15:26--  http://huiyi.ecloud.10086.cn/
Resolving huiyi.ecloud.10086.cn... 112.33.0.34
Connecting to huiyi.ecloud.10086.cn|112.33.0.34|:80... connected.
HTTP request sent, awaiting response... 200 OK
Length: 2423 (2.4K) [text/html]
Saving to: `index.html'

     0K ..                                                    100%  154M=0s

2016-12-05 12:15:28 (154 MB/s) - `index.html' saved [2423/2423]

=======================The second times wget =====================
--2016-12-05 12:15:28--  http://huiyi.ecloud.10086.cn/confs/dl/201602/meeting1454295021934.apk
Resolving huiyi.ecloud.10086.cn... 112.33.0.34
Connecting to huiyi.ecloud.10086.cn|112.33.0.34|:80... connected.
HTTP request sent, awaiting response... 200 OK
Length: 13603809 (13M) [application/vnd.android.package-archive]
Saving to: `meeting1454295021934.apk'

     0K .......... .......... .......... .......... ..........  0%  943K 14s
    50K .......... .......... .......... .......... ..........  0%  925K 14s
   100K .......... .......... .......... .......... ..........  1% 1.93M 12s
   150K .......... .......... .......... .......... ..........  1% 1.04M 12s
   200K .......... .......... .......... .......... ..........  1% 1.70M 11s
   250K .......... .......... .......... .......... ..........  2% 1.52M 10s
   300K .......... .......... .......... .......... ..........  2% 1.81M 10s
   350K .......... .......... .......... .......... ..........  3% 1.74M 10s
   400K .......... .......... .......... .......... ..........  3% 1.88M 9s
   450K .......... .......... .......... .......... ..........  3% 1.03M 9s
   500K .......... .......... .......... .......... ..........  4% 1.81M 9s
   550K .......... .......... .......... .......... ..........  4% 1.94M 9s
   600K .......... .......... .......... .......... ..........  4% 2.06M 9s
   650K .......... .......... .......... .......... ..........  5% 2.11M 8s
   700K .......... .......... .......... .......... ..........  5% 1.73M 8s
   750K .......... .......... .......... .......... ..........  6% 1.73M 8s
   800K .......... .......... .......... .......... ..........  6%  148M 8s
   850K .......... .......... .......... .......... ..........  6% 1.78M 8s
   900K .......... .......... .......... .......... ..........  7% 1.75M 8s
   950K .......... .......... .......... .......... ..........  7% 1.90M 7s
  1000K .......... .......... .......... .......... ..........  7%  115M 7s
  1050K .......... .......... .......... .......... ..........  8% 1.75M 7s
  1100K .......... .......... .......... .......... ..........  8% 1.89M 7s
  1150K .......... .......... .......... .......... ..........  9% 1.75M 7s
  1200K .......... .......... .......... .......... ..........  9% 1.75M 7s
  1250K .......... .......... .......... .......... ..........  9%  147M 7s
  1300K .......... .......... .......... .......... .......... 10% 1.72M 7s
  1350K .......... .......... .......... .......... .......... 10% 1.78M 7s
  1400K .......... .......... .......... .......... .......... 10% 78.6M 6s
  1450K .......... .......... .......... .......... .......... 11% 1.74M 6s
  1500K .......... .......... .......... .......... .......... 11% 1.77M 6s
  1550K .......... .......... .......... .......... .......... 12%  125M 6s
  1600K .......... .......... .......... .......... .......... 12% 1.75M 6s
  1650K .......... .......... .......... .......... .......... 12% 1.78M 6s
  1700K .......... .......... .......... .......... .......... 13% 1.70M 6s
  1750K .......... .......... .......... .......... .......... 13%  156M 6s
  1800K .......... .......... .......... .......... .......... 13% 1.69M 6s
  1850K .......... .......... .......... .......... .......... 14% 2.09M 6s
  1900K .......... .......... .......... .......... .......... 14%  166M 6s
  1950K .......... .......... .......... .......... .......... 15% 1.72M 6s
  2000K .......... .......... .......... .......... .......... 15% 1.78M 6s
  2050K .......... .......... .......... .......... .......... 15%  140M 5s
  2100K .......... .......... .......... .......... .......... 16% 1.85M 5s
  2150K .......... .......... .......... .......... .......... 16% 2.02M 5s
  2200K .......... .......... .......... .......... .......... 16% 11.0M 5s
  2250K .......... .......... .......... .......... .......... 17% 1.72M 5s
  2300K .......... .......... .......... .......... .......... 17%  164M 5s
  2350K .......... .......... .......... .......... .......... 18% 2.03M 5s
  2400K .......... .......... .......... .......... .......... 18% 2.12M 5s
  2450K .......... .......... .......... .......... .......... 18%  151M 5s
  2500K .......... .......... .......... .......... .......... 19% 1.79M 5s
  2550K .......... .......... .......... .......... .......... 19% 1.73M 5s
  2600K .......... .......... .......... .......... .......... 19%  163M 5s
  2650K .......... .......... .......... .......... .......... 20% 1.79M 5s
  2700K .......... .......... .......... .......... .......... 20% 1.74M 5s
  2750K .......... .......... .......... .......... .......... 21%  155M 5s
  2800K .......... .......... .......... .......... .......... 21%  191M 5s
  2850K .......... .......... .......... .......... .......... 21% 1.76M 5s
  2900K .......... .......... .......... .......... .......... 22% 1.76M 5s
  2950K .......... .......... .......... .......... .......... 22%  115M 5s
  3000K .......... .......... .......... .......... .......... 22% 1.78M 5s
  3050K .......... .......... .......... .......... .......... 23% 1.74M 5s
  3100K .......... .......... .......... .......... .......... 23%  154M 4s
  3150K .......... .......... .......... .......... .......... 24% 1.76M 4s
  3200K .......... .......... .......... .......... .......... 24%  128M 4s
  3250K .......... .......... .......... .......... .......... 24% 1.76M 4s
  3300K .......... .......... .......... .......... .......... 25%  189M 4s
  3350K .......... .......... .......... .......... .......... 25% 1.99M 4s
  3400K .......... .......... .......... .......... .......... 25% 2.11M 4s
  3450K .......... .......... .......... .......... .......... 26%  168M 4s
  3500K .......... .......... .......... .......... .......... 26% 1.73M 4s
  3550K .......... .......... .......... .......... .......... 27% 1.92M 4s
  3600K .......... .......... .......... .......... .......... 27% 83.9M 4s
  3650K .......... .......... .......... .......... .......... 27% 2.27M 4s
  3700K .......... .......... .......... .......... .......... 28%  172M 4s
  3750K .......... .......... .......... .......... .......... 28% 1.74M 4s
  3800K .......... .......... .......... .......... .......... 28%  191M 4s
  3850K .......... .......... .......... .......... .......... 29% 1.76M 4s
  3900K .......... .......... .......... .......... .......... 29% 2.00M 4s
  3950K .......... .......... .......... .......... .......... 30% 15.0M 4s
  4000K .......... .......... .......... .......... .......... 30% 2.24M 4s
  4050K .......... .......... .......... .......... .......... 30% 7.70M 4s
  4100K .......... .......... .......... .......... .......... 31% 1.96M 4s
  4150K .......... .......... .......... .......... .......... 31% 15.6M 4s
  4200K .......... .......... .......... .......... .......... 31% 2.46M 4s
  4250K .......... .......... .......... .......... .......... 32% 1.76M 4s
  4300K .......... .......... .......... .......... .......... 32%  156M 4s
  4350K .......... .......... .......... .......... .......... 33%  195M 4s
  4400K .......... .......... .......... .......... .......... 33% 1.93M 4s
  4450K .......... .......... .......... .......... .......... 33% 2.06M 3s
  4500K .......... .......... .......... .......... .......... 34%  126M 3s
  4550K .......... .......... .......... .......... .......... 34% 2.06M 3s
  4600K .......... .......... .......... .......... .......... 35%  151M 3s
  4650K .......... .......... .......... .......... .......... 35% 1.73M 3s
  4700K .......... .......... .......... .......... .......... 35%  135M 3s
  4750K .......... .......... .......... .......... .......... 36% 1.88M 3s
  4800K .......... .......... .......... .......... .......... 36% 1.75M 3s
  4850K .......... .......... .......... .......... .......... 36%  104M 3s
  4900K .......... .......... .......... .......... .......... 37%  123M 3s
  4950K .......... .......... .......... .......... .......... 37% 1.82M 3s
  5000K .......... .......... .......... .......... .......... 38% 1.73M 3s
  5050K .......... .......... .......... .......... .......... 38%  168M 3s
  5100K .......... .......... .......... .......... .......... 38% 2.04M 3s
  5150K .......... .......... .......... .......... .......... 39% 11.8M 3s
  5200K .......... .......... .......... .......... .......... 39% 2.53M 3s
  5250K .......... .......... .......... .......... .......... 39% 10.0M 3s
  5300K .......... .......... .......... .......... .......... 40% 2.34M 3s
  5350K .......... .......... .......... .......... .......... 40% 5.87M 3s
  5400K .......... .......... .......... .......... .......... 41% 1.88M 3s
  5450K .......... .......... .......... .......... .......... 41%  196M 3s
  5500K .......... .......... .......... .......... .......... 41%  201M 3s
  5550K .......... .......... .......... .......... .......... 42% 1.97M 3s
  5600K .......... .......... .......... .......... .......... 42% 2.02M 3s
  5650K .......... .......... .......... .......... .......... 42%  117M 3s
  5700K .......... .......... .......... .......... .......... 43% 1.87M 3s
  5750K .......... .......... .......... .......... .......... 43%  123M 3s
  5800K .......... .......... .......... .......... .......... 44% 1.74M 3s
  5850K .......... .......... .......... .......... .......... 44%  104M 3s
  5900K .......... .......... .......... .......... .......... 44% 1.78M 3s
  5950K .......... .......... .......... .......... .......... 45% 1.74M 3s
  6000K .......... .......... .......... .......... .......... 45%  148M 3s
  6050K .......... .......... .......... .......... .......... 45%  184M 3s
  6100K .......... .......... .......... .......... .......... 46% 1.78M 3s
  6150K .......... .......... .......... .......... .......... 46% 1.77M 3s
  6200K .......... .......... .......... .......... .......... 47%  138M 3s
  6250K .......... .......... .......... .......... .......... 47%  193M 3s
  6300K .......... .......... .......... .......... .......... 47% 1.77M 3s
  6350K .......... .......... .......... .......... .......... 48% 1.75M 3s
  6400K .......... .......... .......... .......... .......... 48%  140M 2s
  6450K .......... .......... .......... .......... .......... 48%  178M 2s
  6500K .......... .......... .......... .......... .......... 49% 1.76M 2s
  6550K .......... .......... .......... .......... .......... 49% 1.78M 2s
  6600K .......... .......... .......... .......... .......... 50%  153M 2s
  6650K .......... .......... .......... .......... .......... 50%  195M 2s
  6700K .......... .......... .......... .......... .......... 50% 1.92M 2s
  6750K .......... .......... .......... .......... .......... 51% 1.87M 2s
  6800K .......... .......... .......... .......... .......... 51%  132M 2s
  6850K .......... .......... .......... .......... .......... 51%  195M 2s
  6900K .......... .......... .......... .......... .......... 52% 1.80M 2s
  6950K .......... .......... .......... .......... .......... 52% 1.74M 2s
  7000K .......... .......... .......... .......... .......... 53%  157M 2s
  7050K .......... .......... .......... .......... .......... 53%  195M 2s
  7100K .......... .......... .......... .......... .......... 53% 1.79M 2s
  7150K .......... .......... .......... .......... .......... 54%  102M 2s
  7200K .......... .......... .......... .......... .......... 54% 1.76M 2s
  7250K .......... .......... .......... .......... .......... 54%  153M 2s
  7300K .......... .......... .......... .......... .......... 55%  192M 2s
  7350K .......... .......... .......... .......... .......... 55% 1.76M 2s
  7400K .......... .......... .......... .......... .......... 56% 1.74M 2s
  7450K .......... .......... .......... .......... .......... 56%  173M 2s
  7500K .......... .......... .......... .......... .......... 56%  151M 2s
  7550K .......... .......... .......... .......... .......... 57% 1.80M 2s
  7600K .......... .......... .......... .......... .......... 57% 1.74M 2s
  7650K .......... .......... .......... .......... .......... 57%  150M 2s
  7700K .......... .......... .......... .......... .......... 58%  180M 2s
  7750K .......... .......... .......... .......... .......... 58% 1.80M 2s
  7800K .......... .......... .......... .......... .......... 59% 1.75M 2s
  7850K .......... .......... .......... .......... .......... 59%  127M 2s
  7900K .......... .......... .......... .......... .......... 59%  139M 2s
  7950K .......... .......... .......... .......... .......... 60% 1.51M 2s
  8000K .......... .......... .......... .......... .......... 60%  156M 2s
  8050K .......... .......... .......... .......... .......... 60% 2.00M 2s
  8100K .......... .......... .......... .......... .......... 61%  178M 2s
  8150K .......... .......... .......... .......... .......... 61% 17.6M 2s
  8200K .......... .......... .......... .......... .......... 62% 2.31M 2s
  8250K .......... .......... .......... .......... .......... 62% 1.86M 2s
  8300K .......... .......... .......... .......... .......... 62%  154M 2s
  8350K .......... .......... .......... .......... .......... 63%  190M 2s
  8400K .......... .......... .......... .......... .......... 63% 2.11M 2s
  8450K .......... .......... .......... .......... .......... 63% 1.66M 2s
  8500K .......... .......... .......... .......... .......... 64%  111M 2s
  8550K .......... .......... .......... .......... .......... 64%  191M 2s
  8600K .......... .......... .......... .......... .......... 65%  151M 2s
  8650K .......... .......... .......... .......... .......... 65% 1.88M 2s
  8700K .......... .......... .......... .......... .......... 65% 1.73M 2s
  8750K .......... .......... .......... .......... .......... 66%  183M 1s
  8800K .......... .......... .......... .......... .......... 66%  159M 1s
  8850K .......... .......... .......... .......... .......... 66% 1.81M 1s
  8900K .......... .......... .......... .......... .......... 67% 1.75M 1s
  8950K .......... .......... .......... .......... .......... 67%  165M 1s
  9000K .......... .......... .......... .......... .......... 68%  150M 1s
  9050K .......... .......... .......... .......... .......... 68% 1.77M 1s
  9100K .......... .......... .......... .......... .......... 68%  108M 1s
  9150K .......... .......... .......... .......... .......... 69% 1.96M 1s
  9200K .......... .......... .......... .......... .......... 69% 10.9M 1s
  9250K .......... .......... .......... .......... .......... 70%  124M 1s
  9300K .......... .......... .......... .......... .......... 70% 2.71M 1s
  9350K .......... .......... .......... .......... .......... 70% 1.83M 1s
  9400K .......... .......... .......... .......... .......... 71%  162M 1s
  9450K .......... .......... .......... .......... .......... 71%  152M 1s
  9500K .......... .......... .......... .......... .......... 71%  136M 1s
  9550K .......... .......... .......... .......... .......... 72% 2.03M 1s
  9600K .......... .......... .......... .......... .......... 72% 1.74M 1s
  9650K .......... .......... .......... .......... .......... 73%  187M 1s
  9700K .......... .......... .......... .......... .......... 73%  195M 1s
  9750K .......... .......... .......... .......... .......... 73% 1.99M 1s
  9800K .......... .......... .......... .......... .......... 74% 1.83M 1s
  9850K .......... .......... .......... .......... .......... 74%  153M 1s
  9900K .......... .......... .......... .......... .......... 74%  187M 1s
  9950K .......... .......... .......... .......... .......... 75%  182M 1s
 10000K .......... .......... .......... .......... .......... 75% 2.08M 1s
 10050K .......... .......... .......... .......... .......... 76% 1.76M 1s
 10100K .......... .......... .......... .......... .......... 76%  190M 1s
 10150K .......... .......... .......... .......... .......... 76%  199M 1s
 10200K .......... .......... .......... .......... .......... 77%  189M 1s
 10250K .......... .......... .......... .......... .......... 77% 1.77M 1s
 10300K .......... .......... .......... .......... .......... 77% 1.88M 1s
 10350K .......... .......... .......... .......... .......... 78%  146M 1s
 10400K .......... .......... .......... .......... .......... 78%  161M 1s
 10450K .......... .......... .......... .......... .......... 79% 2.33M 1s
 10500K .......... .......... .......... .......... .......... 79% 2.02M 1s
 10550K .......... .......... .......... .......... .......... 79%  165M 1s
 10600K .......... .......... .......... .......... .......... 80% 14.7M 1s
 10650K .......... .......... .......... .......... .......... 80%  154M 1s
 10700K .......... .......... .......... .......... .......... 80% 2.46M 1s
 10750K .......... .......... .......... .......... .......... 81% 1.74M 1s
 10800K .......... .......... .......... .......... .......... 81%  102M 1s
 10850K .......... .......... .......... .......... .......... 82%  170M 1s
 10900K .......... .......... .......... .......... .......... 82%  182M 1s
 10950K .......... .......... .......... .......... .......... 82% 1.99M 1s
 11000K .......... .......... .......... .......... .......... 83% 2.20M 1s
 11050K .......... .......... .......... .......... .......... 83%  162M 1s
 11100K .......... .......... .......... .......... .......... 83%  186M 1s
 11150K .......... .......... .......... .......... .......... 84% 2.07M 1s
 11200K .......... .......... .......... .......... .......... 84%  168M 1s
 11250K .......... .......... .......... .......... .......... 85% 1.69M 1s
 11300K .......... .......... .......... .......... .......... 85%  152M 1s
 11350K .......... .......... .......... .......... .......... 85% 1.94M 1s
 11400K .......... .......... .......... .......... .......... 86%  184M 1s
 11450K .......... .......... .......... .......... .......... 86%  190M 1s
 11500K .......... .......... .......... .......... .......... 86%  184M 1s
 11550K .......... .......... .......... .......... .......... 87% 1.97M 1s
 11600K .......... .......... .......... .......... .......... 87% 2.44M 1s
 11650K .......... .......... .......... .......... .......... 88% 1.82M 0s
 11700K .......... .......... .......... .......... .......... 88%  171M 0s
 11750K .......... .......... .......... .......... .......... 88%  182M 0s
 11800K .......... .......... .......... .......... .......... 89%  126M 0s
 11850K .......... .......... .......... .......... .......... 89% 1.95M 0s
 11900K .......... .......... .......... .......... .......... 89% 1.75M 0s
 11950K .......... .......... .......... .......... .......... 90%  165M 0s
 12000K .......... .......... .......... .......... .......... 90%  108M 0s
 12050K .......... .......... .......... .......... .......... 91% 1.81M 0s
 12100K .......... .......... .......... .......... .......... 91%  106M 0s
 12150K .......... .......... .......... .......... .......... 91% 1.80M 0s
 12200K .......... .......... .......... .......... .......... 92%  142M 0s
 12250K .......... .......... .......... .......... .......... 92%  185M 0s
 12300K .......... .......... .......... .......... .......... 92% 1.79M 0s
 12350K .......... .......... .......... .......... .......... 93%  127M 0s
 12400K .......... .......... .......... .......... .......... 93% 2.00M 0s
 12450K .......... .......... .......... .......... .......... 94%  149M 0s
 12500K .......... .......... .......... .......... .......... 94% 15.8M 0s
 12550K .......... .......... .......... .......... .......... 94% 1.64M 0s
 12600K .......... .......... .......... .......... .......... 95%  114M 0s
 12650K .......... .......... .......... .......... .......... 95%  178M 0s
 12700K .......... .......... .......... .......... .......... 95% 1.90M 0s
 12750K .......... .......... .......... .......... .......... 96%  117M 0s
 12800K .......... .......... .......... .......... .......... 96% 1.80M 0s
 12850K .......... .......... .......... .......... .......... 97%  205M 0s
 12900K .......... .......... .......... .......... .......... 97%  182M 0s
 12950K .......... .......... .......... .......... .......... 97% 1.91M 0s
 13000K .......... .......... .......... .......... .......... 98%  203M 0s
 13050K .......... .......... .......... .......... .......... 98% 1.92M 0s
 13100K .......... .......... .......... .......... .......... 98%  148M 0s
 13150K .......... .......... .......... .......... .......... 99%  144M 0s
 13200K .......... .......... .......... .......... .......... 99% 1.98M 0s
 13250K .......... .......... .......... ....                 100% 9.64M=3.9s

2016-12-05 12:15:32 (3.30 MB/s) - `meeting1454295021934.apk' saved [13603809/13603809]

