--2017-02-01 10:21:32--  http://wap.zkoqi.com/ki
Resolving wap.zkoqi.com... 103.80.124.72
Connecting to wap.zkoqi.com|103.80.124.72|:80... connected.
HTTP request sent, awaiting response... 301 Moved Permanently
Location: http://wap.zkoqi.com/ki/ [following]
--2017-02-01 10:21:33--  http://wap.zkoqi.com/ki/
Reusing existing connection to wap.zkoqi.com:80.
HTTP request sent, awaiting response... 302 Object moved
Location: %E8%A7%86%E9%A2%91.apk [following]
--2017-02-01 10:21:33--  http://wap.zkoqi.com/ki/%E8%A7%86%E9%A2%91.apk
Reusing existing connection to wap.zkoqi.com:80.
HTTP request sent, awaiting response... 200 OK
Length: 209323 (204K) [apk]
Saving to: `è§%86é¢%91.apk'

     0K .......... .......... .......... .......... .......... 24%  131K 1s
    50K .......... .......... .......... .......... .......... 48%  148K 1s
   100K .......... .......... .......... .......... .......... 73%  105K 0s
   150K .......... .......... .......... .......... .......... 97%  227K 0s
   200K ....                                                  100% 8.63M=1.4s

2017-02-01 10:21:34 (145 KB/s) - `è§%86é¢%91.apk' saved [209323/209323]

