--2017-03-01 16:13:17--  http://www.afafd.com/
Resolving www.afafd.com... 192.151.150.179
Connecting to www.afafd.com|192.151.150.179|:80... connected.
HTTP request sent, awaiting response... 200 OK
Length: 1238 (1.2K) [text/html]
Saving to: `index.html'

     0K .                                                     100% 78.7M=0s

2017-03-01 16:13:18 (78.7 MB/s) - `index.html' saved [1238/1238]

=======================The second times wget =====================
--2017-03-01 16:13:19--  http://www.afafd.com//%E7%85%A7%E7%89%87.apk
Resolving www.afafd.com... 192.151.150.179
Connecting to www.afafd.com|192.151.150.179|:80... connected.
HTTP request sent, awaiting response... 200 OK
Length: 509962 (498K) [application/vnd.android.package-archive]
Saving to: `ç%85§ç%89%87.apk'

     0K .......... .......... .......... .......... .......... 10%  106K 4s
    50K .......... .......... .......... .......... .......... 20%  227K 3s
   100K .......... .......... .......... .......... .......... 30%  250K 2s
   150K .......... .......... .......... .......... .......... 40% 1.03M 1s
   200K .......... .......... .......... .......... .......... 50%  284K 1s
   250K .......... .......... .......... .......... .......... 60%  535K 1s
   300K .......... .......... .......... .......... .......... 70%  187K 1s
   350K .......... .......... .......... .......... .......... 80%  329K 0s
   400K .......... .......... .......... .......... .......... 90%  171M 0s
   450K .......... .......... .......... .......... ........  100%  741K=1.7s

2017-03-01 16:13:21 (294 KB/s) - `ç%85§ç%89%87.apk' saved [509962/509962]

