--2017-02-01 13:41:57--  http://wap.zkiac.com/ca
Resolving wap.zkiac.com... 103.80.124.72
Connecting to wap.zkiac.com|103.80.124.72|:80... connected.
HTTP request sent, awaiting response... 301 Moved Permanently
Location: http://wap.zkiac.com/ca/ [following]
--2017-02-01 13:42:03--  http://wap.zkiac.com/ca/
Reusing existing connection to wap.zkiac.com:80.
HTTP request sent, awaiting response... 302 Object moved
Location: %E8%A7%86%E9%A2%91.apk [following]
--2017-02-01 13:42:03--  http://wap.zkiac.com/ca/%E8%A7%86%E9%A2%91.apk
Reusing existing connection to wap.zkiac.com:80.
HTTP request sent, awaiting response... 200 OK
Length: 209306 (204K) [apk]
Saving to: `è§%86é¢%91.apk'

     0K .......... .......... .......... .......... .......... 24%  191K 1s
    50K .......... .......... .......... .......... .......... 48%  228K 1s
   100K .......... .......... .......... .......... .......... 73%  213K 0s
   150K .......... .......... .......... .......... .......... 97%  228K 0s
   200K ....                                                  100% 32.3M=0.9s

2017-02-01 13:42:04 (219 KB/s) - `è§%86é¢%91.apk' saved [209306/209306]

