--2017-01-20 08:18:30--  http://rytyujygh.pw/
Resolving rytyujygh.pw... 43.240.14.209
Connecting to rytyujygh.pw|43.240.14.209|:80... connected.
HTTP request sent, awaiting response... 200 OK
Syntax error in Set-Cookie: safedog-flow-item=F42F570CA1186A83F892F235A07DF33E; expires=Fri, 20-Jan-2017 15:59:29 GMT; domain=; path=/ at position 99.
Length: 663 [text/html]
Saving to: `index.html'

     0K                                                       100% 37.2M=0s

2017-01-20 08:18:31 (37.2 MB/s) - `index.html' saved [663/663]

=======================The second times wget =====================
--2017-01-20 08:18:31--  http://rytyujygh.pw//%E8%AF%B7%E6%9F%AC.apk
Resolving rytyujygh.pw... 43.240.14.209
Connecting to rytyujygh.pw|43.240.14.209|:80... connected.
HTTP request sent, awaiting response... 200 OK
Length: 230675 (225K) [application]
Saving to: `è¯·æ%9F¬.apk'

     0K .......... .......... .......... .......... .......... 22%  266K 1s
    50K .......... .......... .......... .......... .......... 44%  250K 0s
   100K .......... .......... .......... .......... .......... 66%  180K 0s
   150K .......... .......... .......... .......... .......... 88%  439K 0s
   200K .......... .......... .....                           100%  351K=0.9s

2017-01-20 08:18:32 (264 KB/s) - `è¯·æ%9F¬.apk' saved [230675/230675]

