--2017-02-18 14:14:48--  http://hday.info/ggh
Resolving hday.info... 43.230.112.228
Connecting to hday.info|43.230.112.228|:80... connected.
HTTP request sent, awaiting response... 301 Moved Permanently
Location: http://hday.info/ggh/ [following]
--2017-02-18 14:14:49--  http://hday.info/ggh/
Reusing existing connection to hday.info:80.
HTTP request sent, awaiting response... 200 OK
Length: 340 [text/html]
Saving to: `index.html'

     0K                                                       100% 23.2M=0s

2017-02-18 14:14:49 (23.2 MB/s) - `index.html' saved [340/340]

=======================The second times wget =====================
--2017-02-18 14:14:49--  http://hday.info/ggh/%C2%BC%CF%F1.apk
Resolving hday.info... 43.230.112.228
Connecting to hday.info|43.230.112.228|:80... connected.
HTTP request sent, awaiting response... 200 OK
Length: 201078 (196K) [application/vnd.android.package-archive]
Saving to: `Â¼Ïñ.apk'

     0K .......... .......... .......... .......... .......... 25%  100K 1s
    50K .......... .......... .......... .......... .......... 50%  299K 1s
   100K .......... .......... .......... .......... .......... 76%  301K 0s
   150K .......... .......... .......... .......... ......    100%  284K=1.0s

2017-02-18 14:14:52 (197 KB/s) - `Â¼Ïñ.apk' saved [201078/201078]

