--2017-01-03 21:49:11--  http://blcsy.cn/P5KfQ
Resolving blcsy.cn... 103.211.125.148
Connecting to blcsy.cn|103.211.125.148|:80... connected.
HTTP request sent, awaiting response... 301 Moved Permanently
Location: http://blcsy.cn/P5KfQ/ [following]
--2017-01-03 21:49:12--  http://blcsy.cn/P5KfQ/
Reusing existing connection to blcsy.cn:80.
HTTP request sent, awaiting response... 302 Object moved
Location: luxiang.apk [following]
--2017-01-03 21:49:12--  http://blcsy.cn/P5KfQ/luxiang.apk
Reusing existing connection to blcsy.cn:80.
HTTP request sent, awaiting response... 200 OK
Length: 213483 (208K) [application/vnd.android]
Saving to: `luxiang.apk'

     0K .......... .......... .......... .......... .......... 23% 23.2K 7s
    50K .......... .......... .......... .......... .......... 47% 42.9K 4s
   100K .......... .......... .......... .......... .......... 71%  122K 1s
   150K .......... .......... .......... .......... .......... 95% 63.5K 0s
   200K ........                                              100%  132K=4.6s

2017-01-03 21:49:17 (45.5 KB/s) - `luxiang.apk' saved [213483/213483]

