--2017-02-09 17:16:36--  http://tsite.info/mlg
Resolving tsite.info... 43.230.114.83
Connecting to tsite.info|43.230.114.83|:80... connected.
HTTP request sent, awaiting response... 301 Moved Permanently
Location: http://tsite.info/mlg/ [following]
--2017-02-09 17:16:37--  http://tsite.info/mlg/
Reusing existing connection to tsite.info:80.
HTTP request sent, awaiting response... 200 OK
Length: 340 [text/html]
Saving to: `index.html'

     0K                                                       100% 19.1M=0s

2017-02-09 17:16:37 (19.1 MB/s) - `index.html' saved [340/340]

=======================The second times wget =====================
--2017-02-09 17:16:38--  http://tsite.info/mlg/%C2%BC%CF%F1.apk
Resolving tsite.info... 43.230.114.83
Connecting to tsite.info|43.230.114.83|:80... connected.
HTTP request sent, awaiting response... 200 OK
Length: 201056 (196K) [application/vnd.android.package-archive]
Saving to: `Â¼Ïñ.apk'

     0K .......... .......... .......... .......... .......... 25% 70.7K 2s
    50K .......... .......... .......... .......... .......... 50%  298K 1s
   100K .......... .......... .......... .......... .......... 76%  312K 0s
   150K .......... .......... .......... .......... ......    100% 2.74M=1.1s

2017-02-09 17:16:39 (187 KB/s) - `Â¼Ïñ.apk' saved [201056/201056]

