--2017-01-04 19:34:34--  http://wap.kjsww.cc/lx
Resolving wap.kjsww.cc... 103.228.131.8
Connecting to wap.kjsww.cc|103.228.131.8|:80... connected.
HTTP request sent, awaiting response... 301 Moved Permanently
Location: http://wap.kjsww.cc/lx/ [following]
--2017-01-04 19:34:37--  http://wap.kjsww.cc/lx/
Reusing existing connection to wap.kjsww.cc:80.
HTTP request sent, awaiting response... 200 OK
Length: 247 [text/html]
Saving to: `index.html'

     0K                                                       100% 16.8M=0s

2017-01-04 19:34:37 (16.8 MB/s) - `index.html' saved [247/247]

=======================The second times wget =====================
--2017-01-04 19:34:38--  http://wap.kjsww.cc/lx/%C2%BC%CF%F11.apk
Resolving wap.kjsww.cc... 103.228.131.8
Connecting to wap.kjsww.cc|103.228.131.8|:80... connected.
HTTP request sent, awaiting response... 200 OK
Length: 209320 (204K) [application/vnd.android.package-archive]
Saving to: `Â¼Ïñ1.apk'

     0K .......... .......... .......... .......... .......... 24% 89.0K 2s
    50K .......... .......... .......... .......... .......... 48%  103K 1s
   100K .......... .......... .......... .......... .......... 73% 91.3K 1s
   150K .......... .......... .......... .......... .......... 97% 90.8K 0s
   200K ....                                                  100% 42.3K=2.3s

2017-01-04 19:34:43 (90.8 KB/s) - `Â¼Ïñ1.apk' saved [209320/209320]

