--2017-01-29 23:17:03--  http://wap.zkset.com/or
Resolving wap.zkset.com... 103.61.2.208
Connecting to wap.zkset.com|103.61.2.208|:80... connected.
HTTP request sent, awaiting response... 301 Moved Permanently
Location: http://wap.zkset.com/or/ [following]
--2017-01-29 23:17:05--  http://wap.zkset.com/or/
Reusing existing connection to wap.zkset.com:80.
HTTP request sent, awaiting response... 302 Object moved
Location: %E8%A7%86%E9%A2%91.apk [following]
--2017-01-29 23:17:06--  http://wap.zkset.com/or/%E8%A7%86%E9%A2%91.apk
Reusing existing connection to wap.zkset.com:80.
HTTP request sent, awaiting response... 200 OK
Length: 209319 (204K) [apk]
Saving to: `è§%86é¢%91.apk'

     0K .......... .......... .......... .......... .......... 24% 9.98K 15s
    50K .......... .......... .......... .......... .......... 48% 28.6K 7s
   100K .......... .......... .......... .......... .......... 73%  213K 3s
   150K .......... .......... .......... .......... .......... 97% 43.8K 0s
   200K ....                                                  100%  141K=8.2s

2017-01-29 23:17:16 (25.0 KB/s) - `è§%86é¢%91.apk' saved [209319/209319]

