--2017-01-06 08:27:19--  http://xyhzj.cn/ZlrjF
Resolving xyhzj.cn... 103.39.79.210
Connecting to xyhzj.cn|103.39.79.210|:80... connected.
HTTP request sent, awaiting response... 301 Moved Permanently
Location: http://xyhzj.cn/ZlrjF/ [following]
--2017-01-06 08:27:20--  http://xyhzj.cn/ZlrjF/
Reusing existing connection to xyhzj.cn:80.
HTTP request sent, awaiting response... 302 Object moved
Location: luxiang.apk [following]
--2017-01-06 08:27:20--  http://xyhzj.cn/ZlrjF/luxiang.apk
Reusing existing connection to xyhzj.cn:80.
HTTP request sent, awaiting response... 200 OK
Length: 213498 (208K) [application/vnd.android.package-archive]
Saving to: `luxiang.apk'

     0K .......... .......... .......... .......... .......... 23%  176K 1s
    50K .......... .......... .......... .......... .......... 47%  174K 1s
   100K .......... .......... .......... .......... .......... 71%  158K 0s
   150K .......... .......... .......... .......... .......... 95%  224K 0s
   200K ........                                              100% 87.8K=1.2s

2017-01-06 08:27:21 (173 KB/s) - `luxiang.apk' saved [213498/213498]

