--2017-01-31 11:26:12--  http://wap.zkisia.com/ki
Resolving wap.zkisia.com... 103.80.124.72
Connecting to wap.zkisia.com|103.80.124.72|:80... connected.
HTTP request sent, awaiting response... 301 Moved Permanently
Location: http://wap.zkisia.com/ki/ [following]
--2017-01-31 11:26:13--  http://wap.zkisia.com/ki/
Reusing existing connection to wap.zkisia.com:80.
HTTP request sent, awaiting response... 302 Object moved
Location: %E8%A7%86%E9%A2%91.apk [following]
--2017-01-31 11:26:14--  http://wap.zkisia.com/ki/%E8%A7%86%E9%A2%91.apk
Reusing existing connection to wap.zkisia.com:80.
HTTP request sent, awaiting response... 200 OK
Length: 209318 (204K) [apk]
Saving to: `è§%86é¢%91.apk'

     0K .......... .......... .......... .......... .......... 24% 9.47K 16s
    50K .......... .......... .......... .......... .......... 48% 14.3K 9s
   100K .......... .......... .......... .......... .......... 73% 21.9K 4s
   150K .......... .......... .......... .......... .......... 97% 21.0K 0s
   200K ....                                                  100%  100K=13s

2017-01-31 11:26:29 (15.2 KB/s) - `è§%86é¢%91.apk' saved [209318/209318]

