--2016-12-29 12:59:37--  https://bit.ly/1M8x04u
Resolving bit.ly... 67.199.248.11, 67.199.248.10
Connecting to bit.ly|67.199.248.11|:443... connected.
HTTP request sent, awaiting response... 301 Moved Permanently
Location: https://raw.githubusercontent.com/getlantern/lantern-binaries/master/lantern-installer-beta.apk [following]
--2016-12-29 12:59:45--  https://raw.githubusercontent.com/getlantern/lantern-binaries/master/lantern-installer-beta.apk
Resolving raw.githubusercontent.com... 151.101.100.133
Connecting to raw.githubusercontent.com|151.101.100.133|:443... connected.
WARNING: certificate common name `www.github.com' doesn't match requested host name `raw.githubusercontent.com'.
HTTP request sent, awaiting response... 200 OK
Length: 8480967 (8.1M) [application/octet-stream]
Saving to: `lantern-installer-beta.apk'

     0K .......... .......... .......... .......... ..........  0%  154K 54s
    50K .......... .......... .......... .......... ..........  1%  456K 36s
   100K .......... .......... .......... .......... ..........  1%  232K 35s
   150K .......... .......... .......... .......... ..........  2%  234K 35s
   200K .......... .......... .......... .......... ..........  3%  236K 35s
   250K .......... .......... .......... .......... ..........  3%  232K 34s
   300K .......... .......... .......... .......... ..........  4%  113K 39s
   350K .......... .......... .......... .......... ..........  4% 16.9K 92s
   400K .......... .......... .......... .......... ..........  5% 15.7K 2m17s
   450K .......... .......... .......... .......... ..........  6% 20.0K 2m41s
   500K .......... .......... .......... .......... ..........  6% 37.3K 2m45s
   550K .......... .......... .......... .......... ..........  7% 56.0K 2m41s
   600K .......... .......... .......... .......... ..........  7% 55.3K 2m39s
   650K .......... .......... .......... .......... ..........  8% 72.6K 2m34s
   700K .......... .......... .......... .......... ..........  9% 27.9K 2m41s
   750K .......... .......... .......... .......... ..........  9% 21.3K 2m51s
   800K .......... .......... .......... .......... .......... 10% 16.8K 3m6s
   850K .......... .......... .......... .......... .......... 10% 35.2K 3m6s
   900K .......... .......... .......... .......... .......... 11% 16.7K 3m18s
   950K .......... .......... .......... .......... .......... 12% 40.5K 3m16s
  1000K .......... .......... .......... .......... .......... 12% 55.3K 3m12s
  1050K .......... .......... .......... .......... .......... 13% 17.0K 3m21s
  1100K .......... .......... .......... .......... .......... 13% 44.1K 3m18s
  1150K .......... .......... .......... .......... .......... 14% 62.0K 3m13s
  1200K .......... .......... .......... .......... .......... 15% 20.5K 3m18s
  1250K .......... .......... .......... .......... .......... 15% 17.4K 3m24s
  1300K .......... .......... .......... .......... .......... 16% 20.3K 3m28s
  1350K .......... .......... .......... .......... .......... 16% 17.6K 3m33s
  1400K .......... .......... .......... .......... .......... 17% 18.6K 3m37s
  1450K .......... .......... .......... .......... .......... 18% 40.4K 3m34s
  1500K .......... .......... .......... .......... .......... 18% 25.9K 3m34s
  1550K .......... .......... .......... .......... .......... 19% 23.2K 3m34s
  1600K .......... .......... .......... .......... .......... 19% 8.64K 3m50s
  1650K .......... .......... .......... .......... .......... 20% 19.8K 3m51s
  1700K .......... .......... .......... .......... .......... 21% 12.2K 3m58s
  1750K .......... .......... .......... .......... .......... 21% 30.3K 3m56s
  1800K .......... .......... .......... .......... .......... 22% 54.9K 3m51s
  1850K .......... .......... .......... .......... .......... 22% 9.93K 4m0s
  1900K .......... .......... .......... .......... .......... 23% 25.6K 3m58s
  1950K .......... .......... .......... .......... .......... 24% 28.2K 3m56s
  2000K .......... .......... .......... .......... .......... 24% 10.0K 4m3s
  2050K .......... .......... .......... .......... .......... 25% 39.1K 3m59s
  2100K .......... .......... .......... .......... .......... 25% 49.5K 3m55s
  2150K .......... .......... .......... .......... .......... 26% 15.6K 3m57s
  2200K .......... .......... .......... .......... .......... 27% 6.53K 4m10s
  2250K .......... .......... .......... .......... .......... 27% 18.3K 4m10s
  2300K .......... .......... .......... .......... .......... 28% 14.9K 4m11s
  2350K .......... .......... .......... .......... .......... 28% 9.94K 4m16s
  2400K .......... .......... .......... .......... .......... 29% 9.67K 4m21s
  2450K .......... .......... .......... .......... .......... 30% 11.1K 4m24s
  2500K .......... .......... .......... .......... .......... 30% 11.1K 4m26s
  2550K .......... .......... .......... .......... .......... 31% 30.6K 4m23s
  2600K .......... .......... .......... .......... .......... 31% 10.3K 4m26s
  2650K .......... .......... .......... .......... .......... 32% 9.51K 4m29s
  2700K .......... .......... .......... .......... .......... 33% 17.4K 4m28s
  2750K .......... .......... .......... .......... .......... 33% 19.5K 4m26s
  2800K .......... .......... .......... .......... .......... 34% 7.36K 4m32s
  2850K .......... .......... .......... .......... .......... 35% 22.6K 4m29s
  2900K .......... .......... .......... .......... .......... 35% 9.26K 4m31s
  2950K .......... .......... .......... .......... .......... 36% 44.6K 4m26s
  3000K .......... .......... .......... .......... .......... 36% 21.9K 4m23s
  3050K .......... .......... .......... .......... .......... 37% 22.1K 4m20s
  3100K .......... .......... .......... .......... .......... 38% 8.51K 4m23s
  3150K .......... .......... .......... .......... .......... 38% 23.9K 4m20s
  3200K .......... .......... .......... .......... .......... 39% 12.2K 4m20s
  3250K .......... .......... .......... .......... .......... 39% 10.3K 4m21s
  3300K .......... .......... .......... .......... .......... 40% 16.3K 4m19s
  3350K .......... .......... .......... .......... .......... 41% 34.9K 4m14s
  3400K .......... .......... .......... .......... .......... 41% 2.14K 4m41s
  3450K .......... .......... .......... .......... .......... 42% 1.68K 5m15s
  3500K .......... .......... .......... .......... .......... 42% 1.67K 5m47s
  3550K .......... .......... .......... .......... .......... 43% 2.20K 6m8s
  3600K .......... .......... .......... .......... .......... 44% 2.47K 6m25s
  3650K .......... .......... .......... .......... .......... 44% 1.21K 7m7s
  3700K .......... .......... .......... .......... .......... 45%  516  8m56s
  3750K .......... .......... .......... .......... .......... 45%  308  11m59s
  3800K .......... .......... .......... .......... .......... 46%  376  14m19s
  3850K .......... .......... .......... .......... .......... 47%  479  15m59s
  3900K .......... .......... .......... .......... .......... 47%  503  17m27s
  3950K .......... .......... .......... .......... .......... 48% 15.9K 17m6s
  4000K .......... .......... .......... .......... .......... 48% 74.8K 16m42s
  4050K .......... .......... .......... .......... .......... 49%  158K 16m18s
  4100K .......... .......... .......... .......... .......... 50%  106K 15m55s
  4150K ..........                                             50% 63.5K=16m0s

2016-12-29 13:15:46 (4.33 KB/s) - Connection closed at byte 4259840. Giving up.

