--2017-01-05 10:16:36--  http://m.tieyou.com/ark.html
Resolving m.tieyou.com... 101.226.248.219
Connecting to m.tieyou.com|101.226.248.219|:80... connected.
HTTP request sent, awaiting response... 200 OK
Length: 616 [text/html]
Saving to: `ark.html'

     0K                                                       100% 36.7M=0s

2017-01-05 10:16:36 (36.7 MB/s) - `ark.html' saved [616/616]

=======================The second times wget =====================
--2017-01-05 10:16:36--  http://img3.tieyou.com/app/ark_tieyou.apk
Resolving img3.tieyou.com... 175.6.8.24, 175.6.8.26
Connecting to img3.tieyou.com|175.6.8.24|:80... connected.
HTTP request sent, awaiting response... 200 OK
Length: 19630871 (19M) [application/octet-stream]
Saving to: `ark_tieyou.apk'

     0K .......... .......... .......... .......... ..........  0% 1.47M 13s
    50K .......... .......... .......... .......... ..........  0% 3.17M 9s
   100K .......... .......... .......... .......... ..........  0% 8.78M 7s
   150K .......... .......... .......... .......... ..........  1% 10.7M 6s
   200K .......... .......... .......... .......... ..........  1% 10.1M 5s
   250K .......... .......... .......... .......... ..........  1% 1.67M 6s
   300K .......... .......... .......... .......... ..........  1% 5.25M 5s
   350K .......... .......... .......... .......... ..........  2% 8.40M 5s
   400K .......... .......... .......... .......... ..........  2% 5.68M 5s
   450K .......... .......... .......... .......... ..........  2% 7.87M 5s
   500K .......... .......... .......... .......... ..........  2% 5.72M 4s
   550K .......... .......... .......... .......... ..........  3% 8.12M 4s
   600K .......... .......... .......... .......... ..........  3% 5.82M 4s
   650K .......... .......... .......... .......... ..........  3% 7.85M 4s
   700K .......... .......... .......... .......... ..........  3% 5.68M 4s
   750K .......... .......... .......... .......... ..........  4% 1.85M 4s
   800K .......... .......... .......... .......... ..........  4% 9.37M 4s
   850K .......... .......... .......... .......... ..........  4% 5.44M 4s
   900K .......... .......... .......... .......... ..........  4% 8.73M 4s
   950K .......... .......... .......... .......... ..........  5% 5.63M 4s
  1000K .......... .......... .......... .......... ..........  5% 1.24M 4s
  1050K .......... .......... .......... .......... ..........  5% 9.33M 4s
  1100K .......... .......... .......... .......... ..........  5% 5.16M 4s
  1150K .......... .......... .......... .......... ..........  6% 9.51M 4s
  1200K .......... .......... .......... .......... ..........  6% 9.77M 4s
  1250K .......... .......... .......... .......... ..........  6% 2.18M 4s
  1300K .......... .......... .......... .......... ..........  7% 8.96M 4s
  1350K .......... .......... .......... .......... ..........  7% 9.54M 4s
  1400K .......... .......... .......... .......... ..........  7% 5.46M 4s
  1450K .......... .......... .......... .......... ..........  7% 9.21M 4s
  1500K .......... .......... .......... .......... ..........  8% 1.44M 4s
  1550K .......... .......... .......... .......... ..........  8% 5.02M 4s
  1600K .......... .......... .......... .......... ..........  8% 9.55M 4s
  1650K .......... .......... .......... .......... ..........  8% 10.0M 4s
  1700K .......... .......... .......... .......... ..........  9% 9.46M 4s
  1750K .......... .......... .......... .......... ..........  9%  682K 4s
  1800K .......... .......... .......... .......... ..........  9% 4.98M 4s
  1850K .......... .......... .......... .......... ..........  9% 8.39M 4s
  1900K .......... .......... .......... .......... .......... 10% 5.20M 4s
  1950K .......... .......... .......... .......... .......... 10% 9.06M 4s
  2000K .......... .......... .......... .......... .......... 10% 80.5K 9s
  2050K .......... .......... .......... .......... .......... 10% 4.78M 9s
  2100K .......... .......... .......... .......... .......... 11% 9.42M 9s
  2150K .......... .......... .......... .......... .......... 11% 5.04M 9s
  2200K .......... .......... .......... .......... .......... 11% 9.18M 9s
  2250K .......... .......... .......... .......... .......... 11% 5.16M 8s
  2300K .......... .......... .......... .......... .......... 12%  209K 10s
  2350K .......... .......... .......... .......... .......... 12% 4.66M 10s
  2400K .......... .......... .......... .......... .......... 12% 9.21M 10s
  2450K .......... .......... .......... .......... .......... 13% 9.22M 9s
  2500K .......... .......... .......... .......... .......... 13% 6.19M 9s
  2550K .......... .......... .......... .......... .......... 13%  186K 11s
  2600K .......... .......... .......... .......... .......... 13% 4.89M 11s
  2650K .......... .......... .......... .......... .......... 14% 8.15M 10s
  2700K .......... .......... .......... .......... .......... 14% 9.75M 10s
  2750K .......... .......... .......... .......... .......... 14% 9.42M 10s
  2800K .......... .......... .......... .......... .......... 14%  168K 12s
  2850K .......... .......... .......... .......... .......... 15% 5.03M 11s
  2900K .......... .......... .......... .......... .......... 15% 9.58M 11s
  2950K .......... .......... .......... .......... .......... 15% 9.56M 11s
  3000K .......... .......... .......... .......... .......... 15% 9.84M 11s
  3050K .......... .......... .......... .......... .......... 16%  193K 12s
  3100K .......... .......... .......... .......... .......... 16% 9.44M 12s
  3150K .......... .......... .......... .......... .......... 16% 4.78M 12s
  3200K .......... .......... .......... .......... .......... 16% 10.2M 11s
  3250K .......... .......... .......... .......... .......... 17% 9.80M 11s
  3300K .......... .......... .......... .......... .......... 17%  216K 12s
  3350K .......... .......... .......... .......... .......... 17% 8.97M 12s
  3400K .......... .......... .......... .......... .......... 17% 5.40M 12s
  3450K .......... .......... .......... .......... .......... 18% 9.60M 12s
  3500K .......... .......... .......... .......... .......... 18% 9.33M 11s
  3550K .......... .......... .......... .......... .......... 18% 54.8K 15s
  3600K .......... .......... .......... .......... .......... 19% 3.99M 15s
  3650K .......... .......... .......... .......... .......... 19% 3.57M 15s
  3700K .......... .......... .......... .......... .......... 19% 5.72M 14s
  3750K .......... .......... .......... .......... .......... 19% 8.38M 14s
  3800K .......... .......... .......... .......... .......... 20%  205K 15s
  3850K .......... .......... .......... .......... .......... 20% 2.03M 15s
  3900K .......... .......... .......... .......... .......... 20% 4.07M 15s
  3950K .......... .......... .......... .......... .......... 20% 4.10M 14s
  4000K .......... .......... .......... .......... .......... 21% 3.79M 14s
  4050K .......... .......... .......... .......... .......... 21%  165K 15s
  4100K .......... .......... .......... .......... .......... 21% 1.96M 15s
  4150K .......... .......... .......... .......... .......... 21% 2.53M 15s
  4200K .......... .......... .......... .......... .......... 22% 3.55M 15s
  4250K .......... .......... .......... .......... .......... 22% 2.23M 15s
  4300K .......... .......... .......... .......... .......... 22% 4.02M 14s
  4350K .......... .......... .......... .......... .......... 22%  164K 15s
  4400K .......... .......... .......... .......... .......... 23% 4.47M 15s
  4450K .......... .......... .......... .......... .......... 23% 2.04M 15s
  4500K .......... .......... .......... .......... .......... 23% 4.02M 15s
  4550K .......... .......... .......... .......... .......... 23% 1.95M 15s
  4600K .......... .......... .......... .......... .......... 24%  182K 15s
  4650K .......... .......... .......... .......... .......... 24% 3.55M 15s
  4700K .......... .......... .......... .......... .......... 24% 4.82M 15s
  4750K .......... .......... .......... .......... .......... 25% 2.05M 15s
  4800K .......... .......... .......... .......... .......... 25% 3.48M 15s
  4850K .......... .......... .......... .......... .......... 25%  206K 15s
  4900K .......... .......... .......... .......... .......... 25%  776K 15s
  4950K .......... .......... .......... .......... .......... 26%  140M 15s
  5000K .......... .......... .......... .......... .......... 26%  156M 15s
  5050K .......... .......... .......... .......... .......... 26% 8.06M 15s
  5100K .......... .......... .......... .......... .......... 26%  142K 15s
  5150K .......... .......... .......... .......... .......... 27% 3.77M 15s
  5200K .......... .......... .......... .......... .......... 27% 2.11M 15s
  5250K .......... .......... .......... .......... .......... 27% 4.96M 15s
  5300K .......... .......... .......... .......... .......... 27% 4.73M 15s
  5350K .......... .......... .......... .......... .......... 28%  205K 15s
  5400K .......... .......... .......... .......... .......... 28% 2.23M 15s
  5450K .......... .......... .......... .......... .......... 28% 4.78M 15s
  5500K .......... .......... .......... .......... .......... 28% 2.27M 15s
  5550K .......... .......... .......... .......... .......... 29% 4.68M 14s
  5600K .......... .......... .......... .......... .......... 29%  205K 15s
  5650K .......... .......... .......... .......... .......... 29% 3.86M 15s
  5700K .......... .......... .......... .......... .......... 29% 2.11M 15s
  5750K .......... .......... .......... .......... .......... 30% 3.98M 14s
  5800K .......... .......... .......... .......... .......... 30% 4.04M 14s
  5850K .......... .......... .......... .......... .......... 30%  235K 15s
  5900K .......... .......... .......... .......... .......... 31% 2.05M 14s
  5950K .......... .......... .......... .......... .......... 31% 4.28M 14s
  6000K .......... .......... .......... .......... .......... 31% 4.24M 14s
  6050K .......... .......... .......... .......... .......... 31% 3.91M 14s
  6100K .......... .......... .......... .......... .......... 32%  202K 14s
  6150K .......... .......... .......... .......... .......... 32% 2.05M 14s
  6200K .......... .......... .......... .......... .......... 32% 4.03M 14s
  6250K .......... .......... .......... .......... .......... 32% 4.94M 14s
  6300K .......... .......... .......... .......... .......... 33% 2.61M 14s
  6350K .......... .......... .......... .......... .......... 33% 4.33M 14s
  6400K .......... .......... .......... .......... .......... 33%  255K 14s
  6450K .......... .......... .......... .......... .......... 33% 4.03M 14s
  6500K .......... .......... .......... .......... .......... 34% 3.26M 14s
  6550K .......... .......... .......... .......... .......... 34% 5.45M 14s
  6600K .......... .......... .......... .......... .......... 34% 4.05M 13s
  6650K .......... .......... .......... .......... .......... 34%  119K 14s
  6700K .......... .......... .......... .......... .......... 35% 4.01M 14s
  6750K .......... .......... .......... .......... .......... 35% 2.05M 14s
  6800K .......... .......... .......... .......... .......... 35% 2.77M 14s
  6850K .......... .......... .......... .......... .......... 35% 4.76M 14s
  6900K .......... .......... .......... .......... .......... 36%  160K 14s
  6950K .......... .......... .......... .......... .......... 36% 2.06M 14s
  7000K .......... .......... .......... .......... .......... 36% 3.98M 14s
  7050K .......... .......... .......... .......... .......... 37% 2.02M 14s
  7100K .......... .......... .......... .......... .......... 37% 4.15M 13s
  7150K .......... .......... .......... .......... .......... 37%  219K 14s
  7200K .......... .......... .......... .......... .......... 37% 3.78M 14s
  7250K .......... .......... .......... .......... .......... 38% 4.02M 13s
  7300K .......... .......... .......... .......... .......... 38% 2.14M 13s
  7350K .......... .......... .......... .......... .......... 38% 4.83M 13s
  7400K .......... .......... .......... .......... .......... 38%  200K 13s
  7450K .......... .......... .......... .......... .......... 39% 4.13M 13s
  7500K .......... .......... .......... .......... .......... 39% 2.27M 13s
  7550K .......... .......... .......... .......... .......... 39% 6.05M 13s
  7600K .......... .......... .......... .......... .......... 39% 4.78M 13s
  7650K .......... .......... .......... .......... .......... 40%  203K 13s
  7700K .......... .......... .......... .......... .......... 40% 4.07M 13s
  7750K .......... .......... .......... .......... .......... 40% 6.36M 13s
  7800K .......... .......... .......... .......... .......... 40% 9.77M 13s
  7850K .......... .......... .......... .......... .......... 41% 7.98M 13s
  7900K .......... .......... .......... .......... .......... 41%  122K 13s
  7950K .......... .......... .......... .......... .......... 41% 2.21M 13s
  8000K .......... .......... .......... .......... .......... 41% 2.21M 13s
  8050K .......... .......... .......... .......... .......... 42% 4.01M 13s
  8100K .......... .......... .......... .......... .......... 42% 1.96M 13s
  8150K .......... .......... .......... .......... .......... 42%  133K 13s
  8200K .......... .......... .......... .......... .......... 43% 2.06M 13s
  8250K .......... .......... .......... .......... .......... 43% 5.29M 13s
  8300K .......... .......... .......... .......... .......... 43% 2.15M 13s
  8350K .......... .......... .......... .......... .......... 43% 4.04M 13s
  8400K .......... .......... .......... .......... .......... 44%  158K 13s
  8450K .......... .......... .......... .......... .......... 44% 2.44M 13s
  8500K .......... .......... .......... .......... .......... 44% 4.02M 13s
  8550K .......... .......... .......... .......... .......... 44% 2.01M 12s
  8600K .......... .......... .......... .......... .......... 45% 4.09M 12s
  8650K .......... .......... .......... .......... .......... 45% 2.06M 12s
  8700K .......... .......... .......... .......... .......... 45%  147K 13s
  8750K .......... .......... .......... .......... .......... 45% 4.29M 12s
  8800K .......... .......... .......... .......... .......... 46% 2.02M 12s
  8850K .......... .......... .......... .......... .......... 46% 4.05M 12s
  8900K .......... .......... .......... .......... .......... 46% 4.10M 12s
  8950K .......... .......... .......... .......... .......... 46%  167K 12s
  9000K .......... .......... .......... .......... .......... 47% 2.38M 12s
  9050K .......... .......... .......... .......... .......... 47% 4.39M 12s
  9100K .......... .......... .......... .......... .......... 47% 4.05M 12s
  9150K .......... .......... .......... .......... .......... 47% 6.08M 12s
  9200K .......... .......... .......... .......... .......... 48%  186K 12s
  9250K .......... .......... .......... .......... .......... 48% 2.05M 12s
  9300K .......... .......... .......... .......... .......... 48% 4.82M 12s
  9350K .......... .......... .......... .......... .......... 49% 4.34M 12s
  9400K .......... .......... .......... .......... .......... 49% 4.43M 12s
  9450K .......... .......... .......... .......... .......... 49%  312K 12s
  9500K .......... .......... .......... .......... .......... 49% 2.03M 12s
  9550K .......... .......... .......... .......... .......... 50% 5.67M 11s
  9600K .......... .......... .......... .......... .......... 50% 8.98M 11s
  9650K .......... .......... .......... .......... .......... 50% 9.56M 11s
  9700K .......... .......... .......... .......... .......... 50%  134K 11s
  9750K .......... .......... .......... .......... .......... 51% 4.13M 11s
  9800K .......... .......... .......... .......... .......... 51% 5.31M 11s
  9850K .......... .......... .......... .......... .......... 51% 9.15M 11s
  9900K .......... .......... .......... .......... .......... 51% 8.79M 11s
  9950K .......... .......... .......... .......... .......... 52%  182K 11s
 10000K .......... .......... .......... .......... .......... 52%  150M 11s
 10050K .......... .......... .......... .......... .......... 52% 3.84M 11s
 10100K .......... .......... .......... .......... .......... 52% 2.25M 11s
 10150K .......... .......... .......... .......... .......... 53% 4.73M 11s
 10200K .......... .......... .......... .......... .......... 53%  186K 11s
 10250K .......... .......... .......... .......... .......... 53% 2.07M 11s
 10300K .......... .......... .......... .......... .......... 53% 2.08M 11s
 10350K .......... .......... .......... .......... .......... 54% 5.30M 11s
 10400K .......... .......... .......... .......... .......... 54% 2.13M 10s
 10450K .......... .......... .......... .......... .......... 54%  124K 11s
 10500K .......... .......... .......... .......... .......... 55% 2.20M 11s
 10550K .......... .......... .......... .......... .......... 55% 3.99M 10s
 10600K .......... .......... .......... .......... .......... 55% 2.05M 10s
 10650K .......... .......... .......... .......... .......... 55% 4.06M 10s
 10700K .......... .......... .......... .......... .......... 56% 2.07M 10s
 10750K .......... .......... .......... .......... .......... 56%  240K 10s
 10800K .......... .......... .......... .......... .......... 56% 4.00M 10s
 10850K .......... .......... .......... .......... .......... 56% 2.01M 10s
 10900K .......... .......... .......... .......... .......... 57% 2.60M 10s
 10950K .......... .......... .......... .......... .......... 57% 9.66M 10s
 11000K .......... .......... .......... .......... .......... 57%  255K 10s
 11050K .......... .......... .......... .......... .......... 57% 3.78M 10s
 11100K .......... .......... .......... .......... .......... 58% 3.83M 10s
 11150K .......... .......... .......... .......... .......... 58% 4.20M 10s
 11200K .......... .......... .......... .......... .......... 58% 2.60M 10s
 11250K .......... .......... .......... .......... .......... 58%  208K 10s
 11300K .......... .......... .......... .......... .......... 59% 3.76M 10s
 11350K .......... .......... .......... .......... .......... 59% 2.44M 9s
 11400K .......... .......... .......... .......... .......... 59% 9.42M 9s
 11450K .......... .......... .......... .......... .......... 59% 7.90M 9s
 11500K .......... .......... .......... .......... .......... 60%  156K 9s
 11550K .......... .......... .......... .......... .......... 60% 1.36M 9s
 11600K .......... .......... .......... .......... .......... 60% 1.35M 9s
 11650K .......... .......... .......... .......... .......... 61% 1.35M 9s
 11700K .......... .......... .......... .......... .......... 61% 2.02M 9s
 11750K .......... .......... .......... .......... .......... 61%  337K 9s
 11800K .......... .......... .......... .......... .......... 61% 2.12M 9s
 11850K .......... .......... .......... .......... .......... 62% 2.02M 9s
 11900K .......... .......... .......... .......... .......... 62% 2.02M 9s
 11950K .......... .......... .......... .......... .......... 62% 2.05M 9s
 12000K .......... .......... .......... .......... .......... 62%  173K 9s
 12050K .......... .......... .......... .......... .......... 63% 2.07M 9s
 12100K .......... .......... .......... .......... .......... 63% 4.00M 9s
 12150K .......... .......... .......... .......... .......... 63% 2.01M 9s
 12200K .......... .......... .......... .......... .......... 63% 2.07M 8s
 12250K .......... .......... .......... .......... .......... 64%  272K 8s
 12300K .......... .......... .......... .......... .......... 64% 2.04M 8s
 12350K .......... .......... .......... .......... .......... 64% 4.03M 8s
 12400K .......... .......... .......... .......... .......... 64% 2.04M 8s
 12450K .......... .......... .......... .......... .......... 65% 4.00M 8s
 12500K .......... .......... .......... .......... .......... 65%  178K 8s
 12550K .......... .......... .......... .......... .......... 65% 2.06M 8s
 12600K .......... .......... .......... .......... .......... 65% 2.04M 8s
 12650K .......... .......... .......... .......... .......... 66% 4.02M 8s
 12700K .......... .......... .......... .......... .......... 66% 4.04M 8s
 12750K .......... .......... .......... .......... .......... 66% 4.10M 8s
 12800K .......... .......... .......... .......... .......... 67%  107K 8s
 12850K .......... .......... .......... .......... .......... 67% 4.06M 8s
 12900K .......... .......... .......... .......... .......... 67% 4.00M 8s
 12950K .......... .......... .......... .......... .......... 67% 1.99M 8s
 13000K .......... .......... .......... .......... .......... 68% 5.41M 8s
 13050K .......... .......... .......... .......... .......... 68%  162K 8s
 13100K .......... .......... .......... .......... .......... 68% 4.82M 7s
 13150K .......... .......... .......... .......... .......... 68% 4.91M 7s
 13200K .......... .......... .......... .......... .......... 69% 5.40M 7s
 13250K .......... .......... .......... .......... .......... 69% 9.21M 7s
 13300K .......... .......... .......... .......... .......... 69%  228K 7s
 13350K .......... .......... .......... .......... .......... 69% 3.98M 7s
 13400K .......... .......... .......... .......... .......... 70% 2.05M 7s
 13450K .......... .......... .......... .......... .......... 70% 4.03M 7s
 13500K .......... .......... .......... .......... .......... 70% 2.04M 7s
 13550K .......... .......... .......... .......... .......... 70%  152K 7s
 13600K .......... .......... .......... .......... .......... 71% 1.72M 7s
 13650K .......... .......... .......... .......... .......... 71% 8.95M 7s
 13700K .......... .......... .......... .......... .......... 71% 2.04M 7s
 13750K .......... .......... .......... .......... .......... 71% 4.66M 7s
 13800K .......... .......... .......... .......... .......... 72%  133K 7s
 13850K .......... .......... .......... .......... .......... 72% 2.03M 7s
 13900K .......... .......... .......... .......... .......... 72% 4.06M 7s
 13950K .......... .......... .......... .......... .......... 73% 3.98M 6s
 14000K .......... .......... .......... .......... .......... 73% 3.93M 6s
 14050K .......... .......... .......... .......... .......... 73%  142K 6s
 14100K .......... .......... .......... .......... .......... 73% 9.53M 6s
 14150K .......... .......... .......... .......... .......... 74% 5.98M 6s
 14200K .......... .......... .......... .......... .......... 74% 5.16M 6s
 14250K .......... .......... .......... .......... .......... 74% 9.89M 6s
 14300K .......... .......... .......... .......... .......... 74%  145K 6s
 14350K .......... .......... .......... .......... .......... 75% 4.71M 6s
 14400K .......... .......... .......... .......... .......... 75% 9.07M 6s
 14450K .......... .......... .......... .......... .......... 75% 5.15M 6s
 14500K .......... .......... .......... .......... .......... 75% 9.55M 6s
 14550K .......... .......... .......... .......... .......... 76%  126K 6s
 14600K .......... .......... .......... .......... .......... 76% 4.72M 6s
 14650K .......... .......... .......... .......... .......... 76% 9.46M 6s
 14700K .......... .......... .......... .......... .......... 76% 9.73M 6s
 14750K .......... .......... .......... .......... .......... 77% 10.0M 6s
 14800K .......... .......... .......... .......... .......... 77%  150K 6s
 14850K .......... .......... .......... .......... .......... 77% 4.97M 5s
 14900K .......... .......... .......... .......... .......... 77% 9.20M 5s
 14950K .......... .......... .......... .......... .......... 78% 10.1M 5s
 15000K .......... .......... .......... .......... .......... 78% 9.77M 5s
 15050K .......... .......... .......... .......... .......... 78% 9.99M 5s
 15100K .......... .......... .......... .......... .......... 79%  156K 5s
 15150K .......... .......... .......... .......... .......... 79% 9.64M 5s
 15200K .......... .......... .......... .......... .......... 79% 9.98M 5s
 15250K .......... .......... .......... .......... .......... 79% 10.5M 5s
 15300K .......... .......... .......... .......... .......... 80% 9.68M 5s
 15350K .......... .......... .......... .......... .......... 80%  246K 5s
 15400K .......... .......... .......... .......... .......... 80% 5.04M 5s
 15450K .......... .......... .......... .......... .......... 80% 5.23M 5s
 15500K .......... .......... .......... .......... .......... 81% 4.85M 5s
 15550K .......... .......... .......... .......... .......... 81% 5.35M 4s
 15600K .......... .......... .......... .......... .......... 81% 67.4K 5s
 15650K .......... .......... .......... .......... .......... 81% 4.65M 5s
 15700K .......... .......... .......... .......... .......... 82% 6.30M 4s
 15750K .......... .......... .......... .......... .......... 82% 6.42M 4s
 15800K .......... .......... .......... .......... .......... 82% 5.13M 4s
 15850K .......... .......... .......... .......... .......... 82%  175K 4s
 15900K .......... .......... .......... .......... .......... 83% 5.84M 4s
 15950K .......... .......... .......... .......... .......... 83% 2.85M 4s
 16000K .......... .......... .......... .......... .......... 83% 9.19M 4s
 16050K .......... .......... .......... .......... .......... 83% 5.53M 4s
 16100K .......... .......... .......... .......... .......... 84%  188K 4s
 16150K .......... .......... .......... .......... .......... 84% 9.46M 4s
 16200K .......... .......... .......... .......... .......... 84% 5.13M 4s
 16250K .......... .......... .......... .......... .......... 85% 9.71M 4s
 16300K .......... .......... .......... .......... .......... 85% 9.84M 4s
 16350K .......... .......... .......... .......... .......... 85%  170K 4s
 16400K .......... .......... .......... .......... .......... 85% 4.87M 4s
 16450K .......... .......... .......... .......... .......... 86% 4.94M 3s
 16500K .......... .......... .......... .......... .......... 86% 5.12M 3s
 16550K .......... .......... .......... .......... .......... 86% 5.07M 3s
 16600K .......... .......... .......... .......... .......... 86%  217K 3s
 16650K .......... .......... .......... .......... .......... 87% 4.81M 3s
 16700K .......... .......... .......... .......... .......... 87% 5.14M 3s
 16750K .......... .......... .......... .......... .......... 87% 5.14M 3s
 16800K .......... .......... .......... .......... .......... 87% 5.11M 3s
 16850K .......... .......... .......... .......... .......... 88%  166K 3s
 16900K .......... .......... .......... .......... .......... 88% 4.66M 3s
 16950K .......... .......... .......... .......... .......... 88% 9.39M 3s
 17000K .......... .......... .......... .......... .......... 88% 5.16M 3s
 17050K .......... .......... .......... .......... .......... 89% 9.06M 3s
 17100K .......... .......... .......... .......... .......... 89% 5.34M 3s
 17150K .......... .......... .......... .......... .......... 89%  292K 3s
 17200K .......... .......... .......... .......... .......... 89% 9.39M 2s
 17250K .......... .......... .......... .......... .......... 90% 5.10M 2s
 17300K .......... .......... .......... .......... .......... 90% 9.42M 2s
 17350K .......... .......... .......... .......... .......... 90% 9.45M 2s
 17400K .......... .......... .......... .......... .......... 91%  208K 2s
 17450K .......... .......... .......... .......... .......... 91% 4.86M 2s
 17500K .......... .......... .......... .......... .......... 91% 9.64M 2s
 17550K .......... .......... .......... .......... .......... 91% 9.46M 2s
 17600K .......... .......... .......... .......... .......... 92% 9.48M 2s
 17650K .......... .......... .......... .......... .......... 92%  174K 2s
 17700K .......... .......... .......... .......... .......... 92% 4.61M 2s
 17750K .......... .......... .......... .......... .......... 92% 9.11M 2s
 17800K .......... .......... .......... .......... .......... 93% 9.59M 2s
 17850K .......... .......... .......... .......... .......... 93% 9.37M 2s
 17900K .......... .......... .......... .......... .......... 93%  151K 2s
 17950K .......... .......... .......... .......... .......... 93% 5.13M 2s
 18000K .......... .......... .......... .......... .......... 94% 9.63M 1s
 18050K .......... .......... .......... .......... .......... 94% 10.0M 1s
 18100K .......... .......... .......... .......... ......     94% 9.63M=23s

2017-01-05 10:17:10 (785 KB/s) - Connection closed at byte 18582295. Giving up.

