--2017-01-11 16:23:43--  http://welove520.com/invite
Resolving welove520.com... 113.31.89.4
Connecting to welove520.com|113.31.89.4|:80... connected.
HTTP request sent, awaiting response... 302 Moved Temporarily
Location: http://welove520.com/wap [following]
--2017-01-11 16:23:44--  http://welove520.com/wap
Reusing existing connection to welove520.com:80.
HTTP request sent, awaiting response... 200 OK
Length: unspecified [text/html]
Saving to: `wap'

     0K .......... ....                                         484K=0.03s

2017-01-11 16:23:44 (484 KB/s) - `wap' saved [14841]

=======================The second times wget =====================
--2017-01-11 16:23:44--  https://wlstatic.b0.upaiyun.com/static/apk/app-welove-release-3.2.2.apk
Resolving wlstatic.b0.upaiyun.com... 175.6.25.162
Connecting to wlstatic.b0.upaiyun.com|175.6.25.162|:443... connected.
HTTP request sent, awaiting response... 200 OK
Length: 27941418 (27M) [application/vnd.android.package-archive]
Saving to: `app-welove-release-3.2.2.apk'

     0K .......... .......... .......... .......... ..........  0% 4.55M 6s
    50K .......... .......... .......... .......... ..........  0% 6.14M 5s
   100K .......... .......... .......... .......... ..........  0% 5.88M 5s
   150K .......... .......... .......... .......... ..........  0% 5.38M 5s
   200K .......... .......... .......... .......... ..........  0% 7.30M 5s
   250K .......... .......... .......... .......... ..........  1% 45.5M 4s
   300K .......... .......... .......... .......... ..........  1% 4.38M 4s
   350K .......... .......... .......... .......... ..........  1% 12.5M 4s
   400K .......... .......... .......... .......... ..........  1% 12.9M 4s
   450K .......... .......... .......... .......... ..........  1% 12.3M 4s
   500K .......... .......... .......... .......... ..........  2% 50.4M 3s
   550K .......... .......... .......... .......... ..........  2% 10.9M 3s
   600K .......... .......... .......... .......... ..........  2% 22.6M 3s
   650K .......... .......... .......... .......... ..........  2% 45.5M 3s
   700K .......... .......... .......... .......... ..........  2% 18.1M 3s
   750K .......... .......... .......... .......... ..........  2% 34.6M 3s
   800K .......... .......... .......... .......... ..........  3% 32.5M 3s
   850K .......... .......... .......... .......... ..........  3% 29.1M 2s
   900K .......... .......... .......... .......... ..........  3% 16.5M 2s
   950K .......... .......... .......... .......... ..........  3% 36.1M 2s
  1000K .......... .......... .......... .......... ..........  3% 50.4M 2s
  1050K .......... .......... .......... .......... ..........  4% 51.8M 2s
  1100K .......... .......... .......... .......... ..........  4% 51.4M 2s
  1150K .......... .......... .......... .......... ..........  4% 27.1M 2s
  1200K .......... .......... .......... .......... ..........  4% 1.85M 2s
  1250K .......... .......... .......... .......... ..........  4% 44.6M 2s
  1300K .......... .......... .......... .......... ..........  4% 46.5M 2s
  1350K .......... .......... .......... .......... ..........  5% 49.3M 2s
  1400K .......... .......... .......... .......... ..........  5% 48.2M 2s
  1450K .......... .......... .......... .......... ..........  5% 49.6M 2s
  1500K .......... .......... .......... .......... ..........  5% 3.16M 2s
  1550K .......... .......... .......... .......... ..........  5% 5.87M 2s
  1600K .......... .......... .......... .......... ..........  6% 48.2M 2s
  1650K .......... .......... .......... .......... ..........  6% 44.6M 2s
  1700K .......... .......... .......... .......... ..........  6% 48.3M 2s
  1750K .......... .......... .......... .......... ..........  6% 49.3M 2s
  1800K .......... .......... .......... .......... ..........  6% 13.3M 2s
  1850K .......... .......... .......... .......... ..........  6% 10.6M 2s
  1900K .......... .......... .......... .......... ..........  7% 23.1M 2s
  1950K .......... .......... .......... .......... ..........  7% 3.66M 2s
  2000K .......... .......... .......... .......... ..........  7% 36.7M 2s
  2050K .......... .......... .......... .......... ..........  7% 50.9M 2s
  2100K .......... .......... .......... .......... ..........  7% 53.0M 2s
  2150K .......... .......... .......... .......... ..........  8% 46.9M 2s
  2200K .......... .......... .......... .......... ..........  8% 1.85M 2s
  2250K .......... .......... .......... .......... ..........  8% 36.7M 2s
  2300K .......... .......... .......... .......... ..........  8% 43.7M 2s
  2350K .......... .......... .......... .......... ..........  8% 35.5M 2s
  2400K .......... .......... .......... .......... ..........  8% 51.4M 2s
  2450K .......... .......... .......... .......... ..........  9% 2.06M 2s
  2500K .......... .......... .......... .......... ..........  9% 42.6M 2s
  2550K .......... .......... .......... .......... ..........  9% 50.8M 2s
  2600K .......... .......... .......... .......... ..........  9% 52.5M 2s
  2650K .......... .......... .......... .......... ..........  9% 13.7M 2s
  2700K .......... .......... .......... .......... .......... 10% 7.54M 2s
  2750K .......... .......... .......... .......... .......... 10% 2.67M 2s
  2800K .......... .......... .......... .......... .......... 10% 42.1M 2s
  2850K .......... .......... .......... .......... .......... 10% 44.1M 2s
  2900K .......... .......... .......... .......... .......... 10% 50.0M 2s
  2950K .......... .......... .......... .......... .......... 10% 47.6M 2s
  3000K .......... .......... .......... .......... .......... 11% 27.3M 2s
  3050K .......... .......... .......... .......... .......... 11% 2.49M 2s
  3100K .......... .......... .......... .......... .......... 11% 6.54M 2s
  3150K .......... .......... .......... .......... .......... 11% 34.8M 2s
  3200K .......... .......... .......... .......... .......... 11% 31.6M 2s
  3250K .......... .......... .......... .......... .......... 12% 52.7M 2s
  3300K .......... .......... .......... .......... .......... 12% 47.7M 2s
  3350K .......... .......... .......... .......... .......... 12% 3.42M 2s
  3400K .......... .......... .......... .......... .......... 12% 45.8M 2s
  3450K .......... .......... .......... .......... .......... 12% 50.1M 2s
  3500K .......... .......... .......... .......... .......... 13% 51.8M 2s
  3550K .......... .......... .......... .......... .......... 13% 38.7M 2s
  3600K .......... .......... .......... .......... .......... 13% 4.54M 2s
  3650K .......... .......... .......... .......... .......... 13% 44.9M 2s
  3700K .......... .......... .......... .......... .......... 13% 51.3M 2s
  3750K .......... .......... .......... .......... .......... 13% 49.5M 2s
  3800K .......... .......... .......... .......... .......... 14% 1.96M 2s
  3850K .......... .......... .......... .......... .......... 14% 4.69M 2s
  3900K .......... .......... .......... .......... .......... 14% 50.6M 2s
  3950K .......... .......... .......... .......... .......... 14% 5.01M 2s
  4000K .......... .......... .......... .......... .......... 14% 49.1M 2s
  4050K .......... .......... .......... .......... .......... 15% 50.9M 2s
  4100K .......... .......... .......... .......... .......... 15% 13.9M 2s
  4150K .......... .......... .......... .......... .......... 15% 48.0M 2s
  4200K .......... .......... .......... .......... .......... 15% 50.2M 2s
  4250K .......... .......... .......... .......... .......... 15% 51.7M 2s
  4300K .......... .......... .......... .......... .......... 15% 39.9M 2s
  4350K .......... .......... .......... .......... .......... 16% 10.7M 2s
  4400K .......... .......... .......... .......... .......... 16% 1.37M 2s
  4450K .......... .......... .......... .......... .......... 16% 50.9M 2s
  4500K .......... .......... .......... .......... .......... 16% 47.7M 2s
  4550K .......... .......... .......... .......... .......... 16% 47.1M 2s
  4600K .......... .......... .......... .......... .......... 17% 47.9M 2s
  4650K .......... .......... .......... .......... .......... 17% 2.93M 2s
  4700K .......... .......... .......... .......... .......... 17% 48.1M 2s
  4750K .......... .......... .......... .......... .......... 17% 32.7M 2s
  4800K .......... .......... .......... .......... .......... 17% 47.2M 2s
  4850K .......... .......... .......... .......... .......... 17% 51.3M 2s
  4900K .......... .......... .......... .......... .......... 18% 26.5M 2s
  4950K .......... .......... .......... .......... .......... 18% 2.54M 2s
  5000K .......... .......... .......... .......... .......... 18% 50.2M 2s
  5050K .......... .......... .......... .......... .......... 18% 49.7M 2s
  5100K .......... .......... .......... .......... .......... 18% 1.88M 2s
  5150K .......... .......... .......... .......... .......... 19% 14.6M 2s
  5200K .......... .......... .......... .......... .......... 19% 29.8M 2s
  5250K .......... .......... .......... .......... .......... 19% 47.9M 2s
  5300K .......... .......... .......... .......... .......... 19% 50.2M 2s
  5350K .......... .......... .......... .......... .......... 19% 6.11M 2s
  5400K .......... .......... .......... .......... .......... 19% 51.9M 2s
  5450K .......... .......... .......... .......... .......... 20% 9.29M 2s
  5500K .......... .......... .......... .......... .......... 20% 47.3M 2s
  5550K .......... .......... .......... .......... .......... 20% 35.9M 2s
  5600K .......... .......... .......... .......... .......... 20% 4.59M 2s
  5650K .......... .......... .......... .......... .......... 20% 46.9M 2s
  5700K .......... .......... .......... .......... .......... 21% 16.3M 2s
  5750K .......... .......... .......... .......... .......... 21% 48.7M 2s
  5800K .......... .......... .......... .......... .......... 21% 2.77M 2s
  5850K .......... .......... .......... .......... .......... 21% 15.8M 2s
  5900K .......... .......... .......... .......... .......... 21% 50.0M 2s
  5950K .......... .......... .......... .......... .......... 21% 36.1M 2s
  6000K .......... .......... .......... .......... .......... 22% 14.3M 2s
  6050K .......... .......... .......... .......... .......... 22% 26.0M 2s
  6100K .......... .......... .......... .......... .......... 22% 1.18M 2s
  6150K .......... .......... .......... .......... .......... 22% 48.6M 2s
  6200K .......... .......... .......... .......... .......... 22% 52.1M 2s
  6250K .......... .......... .......... .......... .......... 23% 51.4M 2s
  6300K .......... .......... .......... .......... .......... 23% 50.2M 2s
  6350K .......... .......... .......... .......... .......... 23% 8.46M 2s
  6400K .......... .......... .......... .......... .......... 23% 6.86M 2s
  6450K .......... .......... .......... .......... .......... 23% 3.07M 2s
  6500K .......... .......... .......... .......... .......... 24% 46.3M 2s
  6550K .......... .......... .......... .......... .......... 24% 50.5M 2s
  6600K .......... .......... .......... .......... .......... 24% 49.3M 2s
  6650K .......... .......... .......... .......... .......... 24% 49.0M 2s
  6700K .......... .......... .......... .......... .......... 24% 2.86M 2s
  6750K .......... .......... .......... .......... .......... 24% 36.3M 2s
  6800K .......... .......... .......... .......... .......... 25% 35.2M 2s
  6850K .......... .......... .......... .......... .......... 25% 30.1M 2s
  6900K .......... .......... .......... .......... .......... 25% 49.0M 2s
  6950K .......... .......... .......... .......... .......... 25% 4.59M 2s
  7000K .......... .......... .......... .......... .......... 25% 50.6M 2s
  7050K .......... .......... .......... .......... .......... 26% 36.4M 2s
  7100K .......... .......... .......... .......... .......... 26% 10.2M 2s
  7150K .......... .......... .......... .......... .......... 26% 38.0M 2s
  7200K .......... .......... .......... .......... .......... 26% 8.28M 2s
  7250K .......... .......... .......... .......... .......... 26% 41.1M 2s
  7300K .......... .......... .......... .......... .......... 26% 52.1M 2s
  7350K .......... .......... .......... .......... .......... 27% 53.9M 2s
  7400K .......... .......... .......... .......... .......... 27% 9.05M 2s
  7450K .......... .......... .......... .......... .......... 27% 3.05M 2s
  7500K .......... .......... .......... .......... .......... 27% 17.4M 2s
  7550K .......... .......... .......... .......... .......... 27% 36.8M 2s
  7600K .......... .......... .......... .......... .......... 28% 46.6M 2s
  7650K .......... .......... .......... .......... .......... 28% 49.0M 2s
  7700K .......... .......... .......... .......... .......... 28% 2.18M 2s
  7750K .......... .......... .......... .......... .......... 28% 20.5M 2s
  7800K .......... .......... .......... .......... .......... 28% 49.4M 2s
  7850K .......... .......... .......... .......... .......... 28% 47.1M 2s
  7900K .......... .......... .......... .......... .......... 29% 51.0M 2s
  7950K .......... .......... .......... .......... .......... 29% 4.18M 2s
  8000K .......... .......... .......... .......... .......... 29% 7.93M 2s
  8050K .......... .......... .......... .......... .......... 29% 17.7M 2s
  8100K .......... .......... .......... .......... .......... 29% 42.5M 2s
  8150K .......... .......... .......... .......... .......... 30% 6.40M 2s
  8200K .......... .......... .......... .......... .......... 30% 48.9M 2s
  8250K .......... .......... .......... .......... .......... 30% 11.5M 2s
  8300K .......... .......... .......... .......... .......... 30% 35.1M 2s
  8350K .......... .......... .......... .......... .......... 30% 9.90M 2s
  8400K .......... .......... .......... .......... .......... 30% 3.40M 2s
  8450K .......... .......... .......... .......... .......... 31% 7.25M 2s
  8500K .......... .......... .......... .......... .......... 31% 39.5M 2s
  8550K .......... .......... .......... .......... .......... 31% 42.3M 2s
  8600K .......... .......... .......... .......... .......... 31% 48.8M 2s
  8650K .......... .......... .......... .......... .......... 31% 47.5M 2s
  8700K .......... .......... .......... .......... .......... 32% 27.3M 2s
  8750K .......... .......... .......... .......... .......... 32% 1.81M 2s
  8800K .......... .......... .......... .......... .......... 32% 33.2M 2s
  8850K .......... .......... .......... .......... .......... 32% 51.3M 2s
  8900K .......... .......... .......... .......... .......... 32% 49.2M 2s
  8950K .......... .......... .......... .......... .......... 32% 47.0M 2s
  9000K .......... .......... .......... .......... .......... 33% 2.50M 2s
  9050K .......... .......... .......... .......... .......... 33% 24.8M 2s
  9100K .......... .......... .......... .......... .......... 33% 48.0M 2s
  9150K .......... .......... .......... .......... .......... 33% 36.6M 2s
  9200K .......... .......... .......... .......... .......... 33% 49.7M 2s
  9250K .......... .......... .......... .......... .......... 34% 6.54M 2s
  9300K .......... .......... .......... .......... .......... 34% 2.30M 2s
  9350K .......... .......... .......... .......... .......... 34% 32.7M 2s
  9400K .......... .......... .......... .......... .......... 34% 42.4M 2s
  9450K .......... .......... .......... .......... .......... 34% 48.7M 2s
  9500K .......... .......... .......... .......... .......... 34% 41.1M 2s
  9550K .......... .......... .......... .......... .......... 35% 4.92M 2s
  9600K .......... .......... .......... .......... .......... 35% 26.1M 2s
  9650K .......... .......... .......... .......... .......... 35% 46.9M 2s
  9700K .......... .......... .......... .......... .......... 35% 50.2M 2s
  9750K .......... .......... .......... .......... .......... 35% 50.0M 2s
  9800K .......... .......... .......... .......... .......... 36% 39.1M 2s
  9850K .......... .......... .......... .......... .......... 36% 9.24M 2s
  9900K .......... .......... .......... .......... .......... 36% 35.6M 2s
  9950K .......... .......... .......... .......... .......... 36% 37.8M 2s
 10000K .......... .......... .......... .......... .......... 36% 45.7M 2s
 10050K .......... .......... .......... .......... .......... 37% 38.0M 2s
 10100K .......... .......... .......... .......... .......... 37% 2.64M 2s
 10150K .......... .......... .......... .......... .......... 37% 38.5M 2s
 10200K .......... .......... .......... .......... .......... 37% 49.8M 2s
 10250K .......... .......... .......... .......... .......... 37% 50.3M 2s
 10300K .......... .......... .......... .......... .......... 37% 47.4M 2s
 10350K .......... .......... .......... .......... .......... 38% 4.36M 2s
 10400K .......... .......... .......... .......... .......... 38% 48.3M 2s
 10450K .......... .......... .......... .......... .......... 38% 18.7M 2s
 10500K .......... .......... .......... .......... .......... 38% 12.2M 2s
 10550K .......... .......... .......... .......... .......... 38% 36.3M 2s
 10600K .......... .......... .......... .......... .......... 39% 32.3M 2s
 10650K .......... .......... .......... .......... .......... 39% 2.56M 2s
 10700K .......... .......... .......... .......... .......... 39% 33.1M 2s
 10750K .......... .......... .......... .......... .......... 39% 31.7M 2s
 10800K .......... .......... .......... .......... .......... 39% 49.4M 2s
 10850K .......... .......... .......... .......... .......... 39% 48.9M 2s
 10900K .......... .......... .......... .......... .......... 40% 2.33M 2s
 10950K .......... .......... .......... .......... .......... 40% 30.6M 2s
 11000K .......... .......... .......... .......... .......... 40% 47.0M 2s
 11050K .......... .......... .......... .......... .......... 40% 49.7M 2s
 11100K .......... .......... .......... .......... .......... 40% 23.2M 1s
 11150K .......... .......... .......... .......... .......... 41% 26.1M 1s
 11200K .......... .......... .......... .......... .......... 41% 47.3M 1s
 11250K .......... .......... .......... .......... .......... 41% 6.59M 1s
 11300K .......... .......... .......... .......... .......... 41% 43.4M 1s
 11350K .......... .......... .......... .......... .......... 41% 50.2M 1s
 11400K .......... .......... .......... .......... .......... 41% 7.88M 1s
 11450K .......... .......... .......... .......... .......... 42% 2.08M 1s
 11500K .......... .......... .......... .......... .......... 42% 43.5M 1s
 11550K .......... .......... .......... .......... .......... 42% 37.9M 1s
 11600K .......... .......... .......... .......... .......... 42% 46.2M 1s
 11650K .......... .......... .......... .......... .......... 42% 45.7M 1s
 11700K .......... .......... .......... .......... .......... 43% 2.83M 1s
 11750K .......... .......... .......... .......... .......... 43% 37.6M 1s
 11800K .......... .......... .......... .......... .......... 43% 44.1M 1s
 11850K .......... .......... .......... .......... .......... 43% 48.1M 1s
 11900K .......... .......... .......... .......... .......... 43% 50.0M 1s
 11950K .......... .......... .......... .......... .......... 43% 2.12M 1s
 12000K .......... .......... .......... .......... .......... 44% 46.4M 1s
 12050K .......... .......... .......... .......... .......... 44% 11.9M 1s
 12100K .......... .......... .......... .......... .......... 44% 45.1M 1s
 12150K .......... .......... .......... .......... .......... 44% 45.0M 1s
 12200K .......... .......... .......... .......... .......... 44% 6.62M 1s
 12250K .......... .......... .......... .......... .......... 45% 8.09M 1s
 12300K .......... .......... .......... .......... .......... 45% 46.6M 1s
 12350K .......... .......... .......... .......... .......... 45% 21.1M 1s
 12400K .......... .......... .......... .......... .......... 45% 40.7M 1s
 12450K .......... .......... .......... .......... .......... 45% 48.4M 1s
 12500K .......... .......... .......... .......... .......... 45% 3.94M 1s
 12550K .......... .......... .......... .......... .......... 46% 18.2M 1s
 12600K .......... .......... .......... .......... .......... 46% 45.0M 1s
 12650K .......... .......... .......... .......... .......... 46% 36.0M 1s
 12700K .......... .......... .......... .......... .......... 46% 31.3M 1s
 12750K .......... .......... .......... .......... .......... 46% 22.5M 1s
 12800K .......... .......... .......... .......... .......... 47% 15.1M 1s
 12850K .......... .......... .......... .......... .......... 47% 3.47M 1s
 12900K .......... .......... .......... .......... .......... 47% 34.9M 1s
 12950K .......... .......... .......... .......... .......... 47% 36.4M 1s
 13000K .......... .......... .......... .......... .......... 47% 42.3M 1s
 13050K .......... .......... .......... .......... .......... 48% 35.0M 1s
 13100K .......... .......... .......... .......... .......... 48% 2.75M 1s
 13150K .......... .......... .......... .......... .......... 48% 21.0M 1s
 13200K .......... .......... .......... .......... .......... 48% 35.3M 1s
 13250K .......... .......... .......... .......... .......... 48% 36.1M 1s
 13300K .......... .......... .......... .......... .......... 48% 32.0M 1s
 13350K .......... .......... .......... .......... .......... 49% 1.94M 1s
 13400K .......... .......... .......... .......... .......... 49% 19.6M 1s
 13450K .......... .......... .......... .......... .......... 49% 31.9M 1s
 13500K .......... .......... .......... .......... .......... 49% 25.8M 1s
 13550K .......... .......... .......... .......... .......... 49% 24.0M 1s
 13600K .......... .......... .......... .......... .......... 50% 31.0M 1s
 13650K .......... .......... .......... .......... .......... 50% 6.11M 1s
 13700K .......... .......... .......... .......... .......... 50% 25.2M 1s
 13750K .......... .......... .......... .......... .......... 50% 27.1M 1s
 13800K .......... .......... .......... .......... .......... 50% 30.4M 1s
 13850K .......... .......... .......... .......... .......... 50% 6.36M 1s
 13900K .......... .......... .......... .......... .......... 51% 26.9M 1s
 13950K .......... .......... .......... .......... .......... 51% 26.5M 1s
 14000K .......... .......... .......... .......... .......... 51% 45.4M 1s
 14050K .......... .......... .......... .......... .......... 51% 48.0M 1s
 14100K .......... .......... .......... .......... .......... 51% 35.1M 1s
 14150K .......... .......... .......... .......... .......... 52% 37.7M 1s
 14200K .......... .......... .......... .......... .......... 52% 14.1M 1s
 14250K .......... .......... .......... .......... .......... 52% 42.9M 1s
 14300K .......... .......... .......... .......... .......... 52% 13.7M 1s
 14350K .......... .......... .......... .......... .......... 52% 10.9M 1s
 14400K .......... .......... .......... .......... .......... 52% 46.9M 1s
 14450K .......... .......... .......... .......... .......... 53% 8.77M 1s
 14500K .......... .......... .......... .......... .......... 53% 48.1M 1s
 14550K .......... .......... .......... .......... .......... 53% 45.6M 1s
 14600K .......... .......... .......... .......... .......... 53% 10.5M 1s
 14650K .......... .......... .......... .......... .......... 53% 4.93M 1s
 14700K .......... .......... .......... .......... .......... 54% 48.6M 1s
 14750K .......... .......... .......... .......... .......... 54% 5.68M 1s
 14800K .......... .......... .......... .......... .......... 54% 33.3M 1s
 14850K .......... .......... .......... .......... .......... 54% 38.8M 1s
 14900K .......... .......... .......... .......... .......... 54% 47.1M 1s
 14950K .......... .......... .......... .......... .......... 54% 46.2M 1s
 15000K .......... .......... .......... .......... .......... 55% 9.81M 1s
 15050K .......... .......... .......... .......... .......... 55% 44.0M 1s
 15100K .......... .......... .......... .......... .......... 55% 48.0M 1s
 15150K .......... .......... .......... .......... .......... 55% 2.97M 1s
 15200K .......... .......... .......... .......... .......... 55% 38.1M 1s
 15250K .......... .......... .......... .......... .......... 56% 47.0M 1s
 15300K .......... .......... .......... .......... .......... 56% 50.8M 1s
 15350K .......... .......... .......... .......... .......... 56% 50.6M 1s
 15400K .......... .......... .......... .......... .......... 56% 2.85M 1s
 15450K .......... .......... .......... .......... .......... 56% 37.6M 1s
 15500K .......... .......... .......... .......... .......... 56% 46.8M 1s
 15550K .......... .......... .......... .......... .......... 57% 31.3M 1s
 15600K .......... .......... .......... .......... .......... 57% 45.3M 1s
 15650K .......... .......... .......... .......... .......... 57% 12.9M 1s
 15700K .......... .......... .......... .......... .......... 57% 3.51M 1s
 15750K .......... .......... .......... .......... .......... 57% 35.6M 1s
 15800K .......... .......... .......... .......... .......... 58% 37.1M 1s
 15850K .......... .......... .......... .......... .......... 58% 45.5M 1s
 15900K .......... .......... .......... .......... .......... 58% 51.0M 1s
 15950K .......... .......... .......... .......... .......... 58% 10.3M 1s
 16000K .......... .......... .......... .......... .......... 58% 10.4M 1s
 16050K .......... .......... .......... .......... .......... 59% 30.8M 1s
 16100K .......... .......... .......... .......... .......... 59% 44.7M 1s
 16150K .......... .......... .......... .......... .......... 59% 50.5M 1s
 16200K .......... .......... .......... .......... .......... 59% 13.0M 1s
 16250K .......... .......... .......... .......... .......... 59% 49.2M 1s
 16300K .......... .......... .......... .......... .......... 59% 2.94M 1s
 16350K .......... .......... .......... .......... .......... 60% 33.9M 1s
 16400K .......... .......... .......... .......... .......... 60% 48.5M 1s
 16450K .......... .......... .......... .......... .......... 60% 44.8M 1s
 16500K .......... .......... .......... .......... .......... 60% 46.9M 1s
 16550K .......... .......... .......... .......... .......... 60% 15.1M 1s
 16600K .......... .......... .......... .......... .......... 61% 6.35M 1s
 16650K .......... .......... .......... .......... .......... 61% 9.03M 1s
 16700K .......... .......... .......... .......... .......... 61% 30.1M 1s
 16750K .......... .......... .......... .......... .......... 61% 10.8M 1s
 16800K .......... .......... .......... .......... .......... 61% 1.10M 1s
 16850K .......... .......... .......... .......... .......... 61% 37.5M 1s
 16900K .......... .......... .......... .......... .......... 62% 47.9M 1s
 16950K .......... .......... .......... .......... .......... 62% 46.3M 1s
 17000K .......... .......... .......... .......... .......... 62% 48.2M 1s
 17050K .......... .......... .......... .......... .......... 62% 6.52M 1s
 17100K .......... .......... .......... .......... .......... 62% 31.8M 1s
 17150K .......... .......... .......... .......... .......... 63% 7.56M 1s
 17200K .......... .......... .......... .......... .......... 63% 2.73M 1s
 17250K .......... .......... .......... .......... .......... 63% 22.9M 1s
 17300K .......... .......... .......... .......... .......... 63% 51.0M 1s
 17350K .......... .......... .......... .......... .......... 63% 31.4M 1s
 17400K .......... .......... .......... .......... .......... 63% 25.1M 1s
 17450K .......... .......... .......... .......... .......... 64% 2.20M 1s
 17500K .......... .......... .......... .......... .......... 64% 4.14M 1s
 17550K .......... .......... .......... .......... .......... 64% 28.3M 1s
 17600K .......... .......... .......... .......... .......... 64% 45.1M 1s
 17650K .......... .......... .......... .......... .......... 64% 49.6M 1s
 17700K .......... .......... .......... .......... .......... 65% 10.6M 1s
 17750K .......... .......... .......... .......... .......... 65% 46.2M 1s
 17800K .......... .......... .......... .......... .......... 65% 46.5M 1s
 17850K .......... .......... .......... .......... .......... 65% 51.0M 1s
 17900K .......... .......... .......... .......... .......... 65% 4.49M 1s
 17950K .......... .......... .......... .......... .......... 65% 26.5M 1s
 18000K .......... .......... .......... .......... .......... 66% 38.1M 1s
 18050K .......... .......... .......... .......... .......... 66% 9.63M 1s
 18100K .......... .......... .......... .......... .......... 66% 13.3M 1s
 18150K .......... .......... .......... .......... .......... 66% 48.7M 1s
 18200K .......... .......... .......... .......... .......... 66% 2.47M 1s
 18250K .......... .......... .......... .......... .......... 67% 41.2M 1s
 18300K .......... .......... .......... .......... .......... 67% 30.9M 1s
 18350K .......... .......... .......... .......... .......... 67% 12.1M 1s
 18400K .......... .......... .......... .......... .......... 67% 48.6M 1s
 18450K .......... .......... .......... .......... .......... 67% 7.10M 1s
 18500K .......... .......... .......... .......... .......... 67% 6.32M 1s
 18550K .......... .......... .......... .......... .......... 68% 2.94M 1s
 18600K .......... .......... .......... .......... .......... 68% 12.0M 1s
 18650K .......... .......... .......... .......... .......... 68% 35.4M 1s
 18700K .......... .......... .......... .......... .......... 68% 50.0M 1s
 18750K .......... .......... .......... .......... .......... 68% 38.1M 1s
 18800K .......... .......... .......... .......... .......... 69% 29.3M 1s
 18850K .......... .......... .......... .......... .......... 69% 3.03M 1s
 18900K .......... .......... .......... .......... .......... 69% 38.5M 1s
 18950K .......... .......... .......... .......... .......... 69% 44.1M 1s
 19000K .......... .......... .......... .......... .......... 69% 40.2M 1s
 19050K .......... .......... .......... .......... .......... 69% 39.7M 1s
 19100K .......... .......... .......... .......... .......... 70% 2.85M 1s
 19150K .......... .......... .......... .......... .......... 70% 25.3M 1s
 19200K .......... .......... .......... .......... .......... 70% 50.8M 1s
 19250K .......... .......... .......... .......... .......... 70% 40.8M 1s
 19300K .......... .......... .......... .......... .......... 70% 47.0M 1s
 19350K .......... .......... .......... .......... .......... 71% 2.11M 1s
 19400K .......... .......... .......... .......... .......... 71% 27.1M 1s
 19450K .......... .......... .......... .......... .......... 71% 45.0M 1s
 19500K .......... .......... .......... .......... .......... 71% 41.5M 1s
 19550K .......... .......... .......... .......... .......... 71% 32.3M 1s
 19600K .......... .......... .......... .......... .......... 72% 3.44M 1s
 19650K .......... .......... .......... .......... .......... 72% 13.0M 1s
 19700K .......... .......... .......... .......... .......... 72% 40.2M 1s
 19750K .......... .......... .......... .......... .......... 72% 45.1M 1s
 19800K .......... .......... .......... .......... .......... 72% 52.2M 1s
 19850K .......... .......... .......... .......... .......... 72% 34.1M 1s
 19900K .......... .......... .......... .......... .......... 73% 2.77M 1s
 19950K .......... .......... .......... .......... .......... 73% 31.3M 1s
 20000K .......... .......... .......... .......... .......... 73% 34.0M 1s
 20050K .......... .......... .......... .......... .......... 73% 50.7M 1s
 20100K .......... .......... .......... .......... .......... 73% 25.6M 1s
 20150K .......... .......... .......... .......... .......... 74% 1.70M 1s
 20200K .......... .......... .......... .......... .......... 74% 37.5M 1s
 20250K .......... .......... .......... .......... .......... 74% 48.1M 1s
 20300K .......... .......... .......... .......... .......... 74% 49.4M 1s
 20350K .......... .......... .......... .......... .......... 74% 36.7M 1s
 20400K .......... .......... .......... .......... .......... 74% 3.77M 1s
 20450K .......... .......... .......... .......... .......... 75% 42.5M 1s
 20500K .......... .......... .......... .......... .......... 75% 46.6M 1s
 20550K .......... .......... .......... .......... .......... 75% 43.1M 1s
 20600K .......... .......... .......... .......... .......... 75% 47.9M 1s
 20650K .......... .......... .......... .......... .......... 75% 4.89M 1s
 20700K .......... .......... .......... .......... .......... 76% 45.5M 1s
 20750K .......... .......... .......... .......... .......... 76% 5.36M 1s
 20800K .......... .......... .......... .......... .......... 76% 46.3M 1s
 20850K .......... .......... .......... .......... .......... 76% 45.6M 1s
 20900K .......... .......... .......... .......... .......... 76% 4.97M 1s
 20950K .......... .......... .......... .......... .......... 76% 34.1M 1s
 21000K .......... .......... .......... .......... .......... 77% 48.0M 1s
 21050K .......... .......... .......... .......... .......... 77% 49.3M 1s
 21100K .......... .......... .......... .......... .......... 77% 4.60M 1s
 21150K .......... .......... .......... .......... .......... 77% 36.5M 1s
 21200K .......... .......... .......... .......... .......... 77% 48.9M 1s
 21250K .......... .......... .......... .......... .......... 78% 45.0M 1s
 21300K .......... .......... .......... .......... .......... 78% 12.9M 1s
 21350K .......... .......... .......... .......... .......... 78% 47.7M 1s
 21400K .......... .......... .......... .......... .......... 78% 33.4M 1s
 21450K .......... .......... .......... .......... .......... 78% 48.0M 1s
 21500K .......... .......... .......... .......... .......... 78% 45.3M 1s
 21550K .......... .......... .......... .......... .......... 79% 3.82M 1s
 21600K .......... .......... .......... .......... .......... 79% 48.4M 1s
 21650K .......... .......... .......... .......... .......... 79% 5.99M 1s
 21700K .......... .......... .......... .......... .......... 79% 44.0M 0s
 21750K .......... .......... .......... .......... .......... 79% 49.8M 0s
 21800K .......... .......... .......... .......... .......... 80% 5.53M 0s
 21850K .......... .......... .......... .......... .......... 80% 47.9M 0s
 21900K .......... .......... .......... .......... .......... 80% 8.06M 0s
 21950K .......... .......... .......... .......... .......... 80% 25.1M 0s
 22000K .......... .......... .......... .......... .......... 80% 51.6M 0s
 22050K .......... .......... .......... .......... .......... 80% 4.92M 0s
 22100K .......... .......... .......... .......... .......... 81% 48.4M 0s
 22150K .......... .......... .......... .......... .......... 81% 17.5M 0s
 22200K .......... .......... .......... .......... .......... 81% 3.56M 0s
 22250K .......... .......... .......... .......... .......... 81% 49.4M 0s
 22300K .......... .......... .......... .......... .......... 81% 48.8M 0s
 22350K .......... .......... .......... .......... .......... 82% 3.76M 0s
 22400K .......... .......... .......... .......... .......... 82% 33.2M 0s
 22450K .......... .......... .......... .......... .......... 82% 31.0M 0s
 22500K .......... .......... .......... .......... .......... 82% 13.7M 0s
 22550K .......... .......... .......... .......... .......... 82% 36.0M 0s
 22600K .......... .......... .......... .......... .......... 83% 2.55M 0s
 22650K .......... .......... .......... .......... .......... 83% 34.5M 0s
 22700K .......... .......... .......... .......... .......... 83% 42.4M 0s
 22750K .......... .......... .......... .......... .......... 83% 36.0M 0s
 22800K .......... .......... .......... .......... .......... 83% 24.9M 0s
 22850K .......... .......... .......... .......... .......... 83% 39.7M 0s
 22900K .......... .......... .......... .......... .......... 84% 51.4M 0s
 22950K .......... .......... .......... .......... .......... 84% 9.23M 0s
 23000K .......... .......... .......... .......... .......... 84% 4.29M 0s
 23050K .......... .......... .......... .......... .......... 84% 37.5M 0s
 23100K .......... .......... .......... .......... .......... 84% 40.1M 0s
 23150K .......... .......... .......... .......... .......... 85% 31.9M 0s
 23200K .......... .......... .......... .......... .......... 85% 4.11M 0s
 23250K .......... .......... .......... .......... .......... 85% 49.0M 0s
 23300K .......... .......... .......... .......... .......... 85% 51.2M 0s
 23350K .......... .......... .......... .......... .......... 85% 48.6M 0s
 23400K .......... .......... .......... .......... .......... 85% 20.1M 0s
 23450K .......... .......... .......... .......... .......... 86% 4.28M 0s
 23500K .......... .......... .......... .......... .......... 86% 41.3M 0s
 23550K .......... .......... .......... .......... .......... 86% 10.9M 0s
 23600K .......... .......... .......... .......... .......... 86% 4.41M 0s
 23650K .......... .......... .......... .......... .......... 86% 50.5M 0s
 23700K .......... .......... .......... .......... .......... 87% 51.0M 0s
 23750K .......... .......... .......... .......... .......... 87% 39.4M 0s
 23800K .......... .......... .......... .......... .......... 87% 52.3M 0s
 23850K .......... .......... .......... .......... .......... 87% 3.24M 0s
 23900K .......... .......... .......... .......... .......... 87% 34.3M 0s
 23950K .......... .......... .......... .......... .......... 87% 30.7M 0s
 24000K .......... .......... .......... .......... .......... 88% 51.2M 0s
 24050K .......... .......... .......... .......... .......... 88% 52.8M 0s
 24100K .......... .......... .......... .......... .......... 88% 6.78M 0s
 24150K .......... .......... .......... .......... .......... 88% 39.4M 0s
 24200K .......... .......... .......... .......... .......... 88% 11.2M 0s
 24250K .......... .......... .......... .......... .......... 89% 20.9M 0s
 24300K .......... .......... .......... .......... .......... 89% 52.1M 0s
 24350K .......... .......... .......... .......... .......... 89% 36.1M 0s
 24400K .......... .......... .......... .......... .......... 89% 4.65M 0s
 24450K .......... .......... .......... .......... .......... 89% 50.8M 0s
 24500K .......... .......... .......... .......... .......... 89% 50.3M 0s
 24550K .......... .......... .......... .......... .......... 90% 10.2M 0s
 24600K .......... .......... .......... .......... .......... 90% 8.22M 0s
 24650K .......... .......... .......... .......... .......... 90% 6.79M 0s
 24700K .......... .......... .......... .......... .......... 90% 35.8M 0s
 24750K .......... .......... .......... .......... .......... 90% 28.2M 0s
 24800K .......... .......... .......... .......... .......... 91% 3.19M 0s
 24850K .......... .......... .......... .......... .......... 91% 39.5M 0s
 24900K .......... .......... .......... .......... .......... 91% 15.5M 0s
 24950K .......... .......... .......... .......... .......... 91% 50.3M 0s
 25000K .......... .......... .......... .......... .......... 91% 42.8M 0s
 25050K .......... .......... .......... .......... .......... 91% 2.27M 0s
 25100K .......... .......... .......... .......... .......... 92% 7.58M 0s
 25150K .......... .......... .......... .......... .......... 92% 6.41M 0s
 25200K .......... .......... .......... .......... .......... 92% 9.59M 0s
 25250K .......... .......... .......... .......... .......... 92% 29.3M 0s
 25300K .......... .......... .......... .......... .......... 92% 9.87M 0s
 25350K .......... .......... .......... .......... .......... 93% 41.0M 0s
 25400K .......... .......... .......... .......... .......... 93% 43.6M 0s
 25450K .......... .......... .......... .......... .......... 93% 10.5M 0s
 25500K .......... .......... .......... .......... .......... 93% 26.8M 0s
 25550K .......... .......... .......... .......... .......... 93% 35.9M 0s
 25600K .......... .......... .......... .......... .......... 94% 19.8M 0s
 25650K .......... .......... .......... .......... .......... 94% 33.4M 0s
 25700K .......... .......... .......... .......... .......... 94% 50.5M 0s
 25750K .......... .......... .......... .......... .......... 94% 3.45M 0s
 25800K .......... .......... .......... .......... .......... 94% 37.8M 0s
 25850K .......... .......... .......... .......... .......... 94% 43.9M 0s
 25900K .......... .......... .......... .......... .......... 95% 51.5M 0s
 25950K .......... .......... .......... .......... .......... 95% 10.3M 0s
 26000K .......... .......... .......... .......... .......... 95% 31.3M 0s
 26050K .......... .......... .......... .......... .......... 95% 8.55M 0s
 26100K .......... .......... .......... .......... .......... 95% 3.41M 0s
 26150K .......... .......... .......... .......... .......... 96% 23.9M 0s
 26200K .......... .......... .......... .......... .......... 96% 7.80M 0s
 26250K .......... .......... .......... .......... .......... 96% 39.3M 0s
 26300K .......... .......... .......... .......... .......... 96% 48.0M 0s
 26350K .......... .......... .......... .......... .......... 96% 38.8M 0s
 26400K .......... .......... .......... .......... .......... 96% 17.2M 0s
 26450K .......... .......... .......... .......... .......... 97% 43.3M 0s
 26500K .......... .......... .......... .......... .......... 97% 8.13M 0s
 26550K .......... .......... .......... .......... .......... 97% 2.43M 0s
 26600K .......... .......... .......... .......... .......... 97% 33.9M 0s
 26650K .......... .......... .......... .......... .......... 97% 48.7M 0s
 26700K .......... .......... .......... .......... .......... 98% 49.5M 0s
 26750K .......... .......... .......... .......... .......... 98% 20.6M 0s
 26800K .......... .......... .......... .......... .......... 98% 2.29M 0s
 26850K .......... .......... .......... .......... .......... 98% 36.4M 0s
 26900K .......... .......... .......... .......... .......... 98% 41.0M 0s
 26950K .......... .......... .......... .......... .......... 98% 52.4M 0s
 27000K .......... .......... .......... .......... .......... 99% 50.0M 0s
 27050K .......... .......... .......... .......... .......... 99% 1.89M 0s
 27100K .......... .......... .......... .......... .......... 99% 32.9M 0s
 27150K .......... .......... .......... .......... .......... 99% 34.0M 0s
 27200K .......... .......... .......... .......... .......... 99% 47.5M 0s
 27250K .......... .......... .......... ......               100% 58.9M=2.4s

2017-01-11 16:23:47 (11.0 MB/s) - `app-welove-release-3.2.2.apk' saved [27941418/27941418]

