--2017-01-09 01:47:44--  http://ltbxk.com/tv
Resolving ltbxk.com... 103.240.182.119
Connecting to ltbxk.com|103.240.182.119|:80... connected.
HTTP request sent, awaiting response... 301 Moved Permanently
Location: http://ltbxk.com/tv/ [following]
--2017-01-09 01:47:47--  http://ltbxk.com/tv/
Reusing existing connection to ltbxk.com:80.
HTTP request sent, awaiting response... 200 OK
Length: 247 [text/html]
Saving to: `index.html'

     0K                                                       100% 16.8M=0s

2017-01-09 01:47:47 (16.8 MB/s) - `index.html' saved [247/247]

=======================The second times wget =====================
--2017-01-09 01:47:47--  http://ltbxk.com/tv/%C2%BC%CF%F11.apk
Resolving ltbxk.com... 103.240.182.119
Connecting to ltbxk.com|103.240.182.119|:80... connected.
HTTP request sent, awaiting response... 200 OK
Length: 209298 (204K) [application/vnd.android.package-archive]
Saving to: `Â¼Ïñ1.apk'

     0K .......... .......... .......... .......... .......... 24%  125K 1s
    50K .......... .......... .......... .......... .......... 48%  125K 1s
   100K .......... .......... .......... .......... .......... 73%  121K 0s
   150K .......... .......... .......... .......... .......... 97%  124K 0s
   200K ....                                                  100%  136K=1.7s

2017-01-09 01:47:49 (124 KB/s) - `Â¼Ïñ1.apk' saved [209298/209298]

