--2017-03-21 18:51:56--  http://m.118100.cn/imapp/52
Resolving m.118100.cn... 14.146.228.5, 240e:5e:7000::201
Connecting to m.118100.cn|14.146.228.5|:80... connected.
HTTP request sent, awaiting response... 302 Found
Location: http://coloring.musicway.cn/cms/picture/iting/pkg/d/f0229/e-3504/iting_V3.008.001.696ctch1_20000073.apk [following]
--2017-03-21 18:51:56--  http://coloring.musicway.cn/cms/picture/iting/pkg/d/f0229/e-3504/iting_V3.008.001.696ctch1_20000073.apk
Resolving coloring.musicway.cn... 14.146.228.47
Connecting to coloring.musicway.cn|14.146.228.47|:80... connected.
HTTP request sent, awaiting response... 200 OK
Length: 20536156 (20M) [application/vnd.android.package-archive]
Saving to: `iting_V3.008.001.696ctch1_20000073.apk'

     0K .......... .......... .......... .......... ..........  0% 1.26M 16s
    50K .......... .......... .......... .......... ..........  0% 3.07M 11s
   100K .......... .......... .......... .......... ..........  0% 3.26M 9s
   150K .......... .......... .......... .......... ..........  0% 3.26M 8s
   200K .......... .......... .......... .......... ..........  1% 3.19M 8s
   250K .......... .......... .......... .......... ..........  1% 3.25M 8s
   300K .......... .......... .......... .......... ..........  1% 4.23M 7s
   350K .......... .......... .......... .......... ..........  1% 3.31M 7s
   400K .......... .......... .......... .......... ..........  2% 3.59M 7s
   450K .......... .......... .......... .......... ..........  2% 3.31M 7s
   500K .......... .......... .......... .......... ..........  2% 3.33M 7s
   550K .......... .......... .......... .......... ..........  2% 3.32M 6s
   600K .......... .......... .......... .......... ..........  3% 7.29M 6s
   650K .......... .......... .......... .......... ..........  3% 3.05M 6s
   700K .......... .......... .......... .......... ..........  3% 3.61M 6s
   750K .......... .......... .......... .......... ..........  3% 4.10M 6s
   800K .......... .......... .......... .......... ..........  4% 3.21M 6s
   850K .......... .......... .......... .......... ..........  4% 3.70M 6s
   900K .......... .......... .......... .......... ..........  4% 5.13M 6s
   950K .......... .......... .......... .......... ..........  4% 4.49M 6s
  1000K .......... .......... .......... .......... ..........  5% 3.39M 6s
  1050K .......... .......... .......... .......... ..........  5% 3.37M 6s
  1100K .......... .......... .......... .......... ..........  5% 3.71M 6s
  1150K .......... .......... .......... .......... ..........  5% 7.72M 5s
  1200K .......... .......... .......... .......... ..........  6% 3.93M 5s
  1250K .......... .......... .......... .......... ..........  6% 3.34M 5s
  1300K .......... .......... .......... .......... ..........  6% 3.34M 5s
  1350K .......... .......... .......... .......... ..........  6% 13.7M 5s
  1400K .......... .......... .......... .......... ..........  7% 3.51M 5s
  1450K .......... .......... .......... .......... ..........  7% 3.73M 5s
  1500K .......... .......... .......... .......... ..........  7% 3.47M 5s
  1550K .......... .......... .......... .......... ..........  7% 13.7M 5s
  1600K .......... .......... .......... .......... ..........  8% 3.65M 5s
  1650K .......... .......... .......... .......... ..........  8% 3.66M 5s
  1700K .......... .......... .......... .......... ..........  8% 12.0M 5s
  1750K .......... .......... .......... .......... ..........  8% 3.34M 5s
  1800K .......... .......... .......... .......... ..........  9% 4.15M 5s
  1850K .......... .......... .......... .......... ..........  9% 3.28M 5s
  1900K .......... .......... .......... .......... ..........  9% 14.0M 5s
  1950K .......... .......... .......... .......... ..........  9% 3.98M 5s
  2000K .......... .......... .......... .......... .......... 10% 3.41M 5s
  2050K .......... .......... .......... .......... .......... 10% 9.40M 5s
  2100K .......... .......... .......... .......... .......... 10% 4.62M 5s
  2150K .......... .......... .......... .......... .......... 10% 3.39M 5s
  2200K .......... .......... .......... .......... .......... 11% 8.92M 5s
  2250K .......... .......... .......... .......... .......... 11% 4.90M 4s
  2300K .......... .......... .......... .......... .......... 11% 3.38M 4s
  2350K .......... .......... .......... .......... .......... 11% 6.67M 4s
  2400K .......... .......... .......... .......... .......... 12% 4.18M 4s
  2450K .......... .......... .......... .......... .......... 12% 4.40M 4s
  2500K .......... .......... .......... .......... .......... 12% 8.30M 4s
  2550K .......... .......... .......... .......... .......... 12% 5.09M 4s
  2600K .......... .......... .......... .......... .......... 13% 3.45M 4s
  2650K .......... .......... .......... .......... .......... 13% 7.26M 4s
  2700K .......... .......... .......... .......... .......... 13% 5.08M 4s
  2750K .......... .......... .......... .......... .......... 13% 3.49M 4s
  2800K .......... .......... .......... .......... .......... 14% 8.03M 4s
  2850K .......... .......... .......... .......... .......... 14% 4.97M 4s
  2900K .......... .......... .......... .......... .......... 14% 8.38M 4s
  2950K .......... .......... .......... .......... .......... 14% 4.77M 4s
  3000K .......... .......... .......... .......... .......... 15% 3.27M 4s
  3050K .......... .......... .......... .......... .......... 15% 11.5M 4s
  3100K .......... .......... .......... .......... .......... 15% 3.95M 4s
  3150K .......... .......... .......... .......... .......... 15% 12.2M 4s
  3200K .......... .......... .......... .......... .......... 16% 4.11M 4s
  3250K .......... .......... .......... .......... .......... 16% 3.36M 4s
  3300K .......... .......... .......... .......... .......... 16% 34.6M 4s
  3350K .......... .......... .......... .......... .......... 16% 3.27M 4s
  3400K .......... .......... .......... .......... .......... 17% 9.29M 4s
  3450K .......... .......... .......... .......... .......... 17% 4.92M 4s
  3500K .......... .......... .......... .......... .......... 17% 3.49M 4s
  3550K .......... .......... .......... .......... .......... 17% 35.3M 4s
  3600K .......... .......... .......... .......... .......... 18% 3.41M 4s
  3650K .......... .......... .......... .......... .......... 18% 26.6M 4s
  3700K .......... .......... .......... .......... .......... 18% 3.70M 4s
  3750K .......... .......... .......... .......... .......... 18% 7.46M 4s
  3800K .......... .......... .......... .......... .......... 19% 5.46M 4s
  3850K .......... .......... .......... .......... .......... 19% 3.35M 4s
  3900K .......... .......... .......... .......... .......... 19% 35.4M 4s
  3950K .......... .......... .......... .......... .......... 19% 3.60M 4s
  4000K .......... .......... .......... .......... .......... 20% 16.2M 4s
  4050K .......... .......... .......... .......... .......... 20% 4.01M 4s
  4100K .......... .......... .......... .......... .......... 20% 8.79M 4s
  4150K .......... .......... .......... .......... .......... 20% 4.80M 4s
  4200K .......... .......... .......... .......... .......... 21% 3.32M 4s
  4250K .......... .......... .......... .......... .......... 21% 24.7M 3s
  4300K .......... .......... .......... .......... .......... 21% 3.68M 3s
  4350K .......... .......... .......... .......... .......... 21% 25.3M 3s
  4400K .......... .......... .......... .......... .......... 22% 3.69M 3s
  4450K .......... .......... .......... .......... .......... 22% 21.4M 3s
  4500K .......... .......... .......... .......... .......... 22% 3.80M 3s
  4550K .......... .......... .......... .......... .......... 22% 7.56M 3s
  4600K .......... .......... .......... .......... .......... 23% 5.76M 3s
  4650K .......... .......... .......... .......... .......... 23% 6.29M 3s
  4700K .......... .......... .......... .......... .......... 23% 6.72M 3s
  4750K .......... .......... .......... .......... .......... 23% 4.64M 3s
  4800K .......... .......... .......... .......... .......... 24% 6.65M 3s
  4850K .......... .......... .......... .......... .......... 24% 2.17M 3s
  4900K .......... .......... .......... .......... .......... 24%  154M 3s
  4950K .......... .......... .......... .......... .......... 24% 2.06M 3s
  5000K .......... .......... .......... .......... .......... 25% 93.0M 3s
  5050K .......... .......... .......... .......... .......... 25% 2.50M 3s
  5100K .......... .......... .......... .......... .......... 25%  107M 3s
  5150K .......... .......... .......... .......... .......... 25% 2.50M 3s
  5200K .......... .......... .......... .......... .......... 26%  165M 3s
  5250K .......... .......... .......... .......... .......... 26% 2.47M 3s
  5300K .......... .......... .......... .......... .......... 26%  171M 3s
  5350K .......... .......... .......... .......... .......... 26% 2.35M 3s
  5400K .......... .......... .......... .......... .......... 27%  154M 3s
  5450K .......... .......... .......... .......... .......... 27% 2.38M 3s
  5500K .......... .......... .......... .......... .......... 27%  146M 3s
  5550K .......... .......... .......... .......... .......... 27% 2.76M 3s
  5600K .......... .......... .......... .......... .......... 28%  107M 3s
  5650K .......... .......... .......... .......... .......... 28% 14.2M 3s
  5700K .......... .......... .......... .......... .......... 28% 3.67M 3s
  5750K .......... .......... .......... .......... .......... 28% 6.71M 3s
  5800K .......... .......... .......... .......... .......... 29% 4.08M 3s
  5850K .......... .......... .......... .......... .......... 29% 6.58M 3s
  5900K .......... .......... .......... .......... .......... 29% 4.25M 3s
  5950K .......... .......... .......... .......... .......... 29%  170M 3s
  6000K .......... .......... .......... .......... .......... 30% 3.09M 3s
  6050K .......... .......... .......... .......... .......... 30%  172M 3s
  6100K .......... .......... .......... .......... .......... 30% 3.01M 3s
  6150K .......... .......... .......... .......... .......... 30%  167M 3s
  6200K .......... .......... .......... .......... .......... 31% 3.32M 3s
  6250K .......... .......... .......... .......... .......... 31%  149M 3s
  6300K .......... .......... .......... .......... .......... 31% 3.03M 3s
  6350K .......... .......... .......... .......... .......... 31%  102M 3s
  6400K .......... .......... .......... .......... .......... 32% 3.37M 3s
  6450K .......... .......... .......... .......... .......... 32%  168M 3s
  6500K .......... .......... .......... .......... .......... 32% 3.33M 3s
  6550K .......... .......... .......... .......... .......... 32%  138M 3s
  6600K .......... .......... .......... .......... .......... 33% 3.14M 3s
  6650K .......... .......... .......... .......... .......... 33%  144M 3s
  6700K .......... .......... .......... .......... .......... 33% 10.6M 3s
  6750K .......... .......... .......... .......... .......... 33% 4.25M 3s
  6800K .......... .......... .......... .......... .......... 34% 24.3M 3s
  6850K .......... .......... .......... .......... .......... 34% 3.53M 3s
  6900K .......... .......... .......... .......... .......... 34% 44.5M 3s
  6950K .......... .......... .......... .......... .......... 34% 3.44M 3s
  7000K .......... .......... .......... .......... .......... 35%  110M 3s
  7050K .......... .......... .......... .......... .......... 35% 3.58M 3s
  7100K .......... .......... .......... .......... .......... 35% 31.7M 3s
  7150K .......... .......... .......... .......... .......... 35% 4.08M 3s
  7200K .......... .......... .......... .......... .......... 36% 15.1M 3s
  7250K .......... .......... .......... .......... .......... 36% 69.4M 3s
  7300K .......... .......... .......... .......... .......... 36% 3.35M 3s
  7350K .......... .......... .......... .......... .......... 36%  146M 3s
  7400K .......... .......... .......... .......... .......... 37% 3.40M 3s
  7450K .......... .......... .......... .......... .......... 37%  117M 2s
  7500K .......... .......... .......... .......... .......... 37% 3.50M 2s
  7550K .......... .......... .......... .......... .......... 37% 55.0M 2s
  7600K .......... .......... .......... .......... .......... 38% 3.92M 2s
  7650K .......... .......... .......... .......... .......... 38% 20.8M 2s
  7700K .......... .......... .......... .......... .......... 38% 5.44M 2s
  7750K .......... .......... .......... .......... .......... 38% 6.85M 2s
  7800K .......... .......... .......... .......... .......... 39% 70.3M 2s
  7850K .......... .......... .......... .......... .......... 39% 3.33M 2s
  7900K .......... .......... .......... .......... .......... 39% 55.2M 2s
  7950K .......... .......... .......... .......... .......... 39% 4.44M 2s
  8000K .......... .......... .......... .......... .......... 40% 14.2M 2s
  8050K .......... .......... .......... .......... .......... 40% 4.82M 2s
  8100K .......... .......... .......... .......... .......... 40% 10.9M 2s
  8150K .......... .......... .......... .......... .......... 40% 4.06M 2s
  8200K .......... .......... .......... .......... .......... 41% 15.6M 2s
  8250K .......... .......... .......... .......... .......... 41% 35.5M 2s
  8300K .......... .......... .......... .......... .......... 41% 3.54M 2s
  8350K .......... .......... .......... .......... .......... 41%  106M 2s
  8400K .......... .......... .......... .......... .......... 42% 3.39M 2s
  8450K .......... .......... .......... .......... .......... 42%  116M 2s
  8500K .......... .......... .......... .......... .......... 42% 4.07M 2s
  8550K .......... .......... .......... .......... .......... 42% 17.8M 2s
  8600K .......... .......... .......... .......... .......... 43% 3.86M 2s
  8650K .......... .......... .......... .......... .......... 43% 21.4M 2s
  8700K .......... .......... .......... .......... .......... 43% 4.03M 2s
  8750K .......... .......... .......... .......... .......... 43% 11.7M 2s
  8800K .......... .......... .......... .......... .......... 44% 6.75M 2s
  8850K .......... .......... .......... .......... .......... 44% 10.5M 2s
  8900K .......... .......... .......... .......... .......... 44% 12.0M 2s
  8950K .......... .......... .......... .......... .......... 44% 4.66M 2s
  9000K .......... .......... .......... .......... .......... 45% 11.6M 2s
  9050K .......... .......... .......... .......... .......... 45% 7.65M 2s
  9100K .......... .......... .......... .......... .......... 45% 9.72M 2s
  9150K .......... .......... .......... .......... .......... 45% 12.8M 2s
  9200K .......... .......... .......... .......... .......... 46% 3.88M 2s
  9250K .......... .......... .......... .......... .......... 46% 22.5M 2s
  9300K .......... .......... .......... .......... .......... 46% 7.63M 2s
  9350K .......... .......... .......... .......... .......... 46% 7.35M 2s
  9400K .......... .......... .......... .......... .......... 47% 21.1M 2s
  9450K .......... .......... .......... .......... .......... 47% 3.69M 2s
  9500K .......... .......... .......... .......... .......... 47% 28.8M 2s
  9550K .......... .......... .......... .......... .......... 47% 8.45M 2s
  9600K .......... .......... .......... .......... .......... 48% 6.21M 2s
  9650K .......... .......... .......... .......... .......... 48% 20.5M 2s
  9700K .......... .......... .......... .......... .......... 48% 3.86M 2s
  9750K .......... .......... .......... .......... .......... 48% 18.7M 2s
  9800K .......... .......... .......... .......... .......... 49% 11.6M 2s
  9850K .......... .......... .......... .......... .......... 49% 5.32M 2s
  9900K .......... .......... .......... .......... .......... 49% 15.9M 2s
  9950K .......... .......... .......... .......... .......... 49% 4.17M 2s
 10000K .......... .......... .......... .......... .......... 50% 2.19M 2s
 10050K .......... .......... .......... .......... .......... 50%  145M 2s
 10100K .......... .......... .......... .......... .......... 50%  112M 2s
 10150K .......... .......... .......... .......... .......... 50% 10.7M 2s
 10200K .......... .......... .......... .......... .......... 51% 3.81M 2s
 10250K .......... .......... .......... .......... .......... 51% 7.98M 2s
 10300K .......... .......... .......... .......... .......... 51% 5.51M 2s
 10350K .......... .......... .......... .......... .......... 51% 7.87M 2s
 10400K .......... .......... .......... .......... .......... 52% 5.44M 2s
 10450K .......... .......... .......... .......... .......... 52% 5.82M 2s
 10500K .......... .......... .......... .......... .......... 52% 5.20M 2s
 10550K .......... .......... .......... .......... .......... 52% 4.05M 2s
 10600K .......... .......... .......... .......... .......... 53% 11.6M 2s
 10650K .......... .......... .......... .......... .......... 53% 4.36M 2s
 10700K .......... .......... .......... .......... .......... 53% 11.3M 2s
 10750K .......... .......... .......... .......... .......... 53% 4.52M 2s
 10800K .......... .......... .......... .......... .......... 54% 10.6M 2s
 10850K .......... .......... .......... .......... .......... 54% 3.95M 2s
 10900K .......... .......... .......... .......... .......... 54% 15.6M 2s
 10950K .......... .......... .......... .......... .......... 54% 3.43M 2s
 11000K .......... .......... .......... .......... .......... 55% 14.2M 2s
 11050K .......... .......... .......... .......... .......... 55% 3.78M 2s
 11100K .......... .......... .......... .......... .......... 55% 7.15M 2s
 11150K .......... .......... .......... .......... .......... 55% 4.89M 2s
 11200K .......... .......... .......... .......... .......... 56% 8.78M 2s
 11250K .......... .......... .......... .......... .......... 56% 5.08M 2s
 11300K .......... .......... .......... .......... .......... 56% 3.55M 2s
 11350K .......... .......... .......... .......... .......... 56% 11.8M 2s
 11400K .......... .......... .......... .......... .......... 57% 3.92M 2s
 11450K .......... .......... .......... .......... .......... 57% 18.0M 2s
 11500K .......... .......... .......... .......... .......... 57% 3.71M 2s
 11550K .......... .......... .......... .......... .......... 57% 23.6M 2s
 11600K .......... .......... .......... .......... .......... 58% 3.80M 2s
 11650K .......... .......... .......... .......... .......... 58% 21.5M 1s
 11700K .......... .......... .......... .......... .......... 58% 3.72M 1s
 11750K .......... .......... .......... .......... .......... 58% 24.7M 1s
 11800K .......... .......... .......... .......... .......... 59% 3.80M 1s
 11850K .......... .......... .......... .......... .......... 59% 22.6M 1s
 11900K .......... .......... .......... .......... .......... 59% 3.60M 1s
 11950K .......... .......... .......... .......... .......... 59% 38.4M 1s
 12000K .......... .......... .......... .......... .......... 60% 3.62M 1s
 12050K .......... .......... .......... .......... .......... 60% 31.5M 1s
 12100K .......... .......... .......... .......... .......... 60% 3.89M 1s
 12150K .......... .......... .......... .......... .......... 60% 21.3M 1s
 12200K .......... .......... .......... .......... .......... 61% 3.86M 1s
 12250K .......... .......... .......... .......... .......... 61% 19.2M 1s
 12300K .......... .......... .......... .......... .......... 61% 3.72M 1s
 12350K .......... .......... .......... .......... .......... 61% 27.5M 1s
 12400K .......... .......... .......... .......... .......... 62% 3.79M 1s
 12450K .......... .......... .......... .......... .......... 62% 18.5M 1s
 12500K .......... .......... .......... .......... .......... 62% 3.97M 1s
 12550K .......... .......... .......... .......... .......... 62% 16.4M 1s
 12600K .......... .......... .......... .......... .......... 63% 4.10M 1s
 12650K .......... .......... .......... .......... .......... 63% 16.3M 1s
 12700K .......... .......... .......... .......... .......... 63% 4.03M 1s
 12750K .......... .......... .......... .......... .......... 63% 17.4M 1s
 12800K .......... .......... .......... .......... .......... 64% 4.02M 1s
 12850K .......... .......... .......... .......... .......... 64% 12.0M 1s
 12900K .......... .......... .......... .......... .......... 64% 3.45M 1s
 12950K .......... .......... .......... .......... .......... 64% 11.8M 1s
 13000K .......... .......... .......... .......... .......... 65% 6.35M 1s
 13050K .......... .......... .......... .......... .......... 65% 3.77M 1s
 13100K .......... .......... .......... .......... .......... 65%  139M 1s
 13150K .......... .......... .......... .......... .......... 65% 2.12M 1s
 13200K .......... .......... .......... .......... .......... 66%  175M 1s
 13250K .......... .......... .......... .......... .......... 66% 2.51M 1s
 13300K .......... .......... .......... .......... .......... 66%  176M 1s
 13350K .......... .......... .......... .......... .......... 66% 2.43M 1s
 13400K .......... .......... .......... .......... .......... 67%  114M 1s
 13450K .......... .......... .......... .......... .......... 67% 16.4M 1s
 13500K .......... .......... .......... .......... .......... 67% 2.98M 1s
 13550K .......... .......... .......... .......... .......... 67%  193M 1s
 13600K .......... .......... .......... .......... .......... 68% 2.46M 1s
 13650K .......... .......... .......... .......... .......... 68%  119M 1s
 13700K .......... .......... .......... .......... .......... 68% 2.54M 1s
 13750K .......... .......... .......... .......... .......... 68%  172M 1s
 13800K .......... .......... .......... .......... .......... 69% 2.48M 1s
 13850K .......... .......... .......... .......... .......... 69%  168M 1s
 13900K .......... .......... .......... .......... .......... 69% 3.73M 1s
 13950K .......... .......... .......... .......... .......... 69% 3.28M 1s
 14000K .......... .......... .......... .......... .......... 70%  193M 1s
 14050K .......... .......... .......... .......... .......... 70% 2.49M 1s
 14100K .......... .......... .......... .......... .......... 70%  155M 1s
 14150K .......... .......... .......... .......... .......... 70% 2.50M 1s
 14200K .......... .......... .......... .......... .......... 71%  137M 1s
 14250K .......... .......... .......... .......... .......... 71% 6.43M 1s
 14300K .......... .......... .......... .......... .......... 71% 3.56M 1s
 14350K .......... .......... .......... .......... .......... 71%  129M 1s
 14400K .......... .......... .......... .......... .......... 72% 3.16M 1s
 14450K .......... .......... .......... .......... .......... 72% 96.9M 1s
 14500K .......... .......... .......... .......... .......... 72% 3.16M 1s
 14550K .......... .......... .......... .......... .......... 72% 23.6M 1s
 14600K .......... .......... .......... .......... .......... 73%  148M 1s
 14650K .......... .......... .......... .......... .......... 73% 3.15M 1s
 14700K .......... .......... .......... .......... .......... 73%  109M 1s
 14750K .......... .......... .......... .......... .......... 73% 2.85M 1s
 14800K .......... .......... .......... .......... .......... 74%  107M 1s
 14850K .......... .......... .......... .......... .......... 74% 8.80M 1s
 14900K .......... .......... .......... .......... .......... 74% 5.03M 1s
 14950K .......... .......... .......... .......... .......... 74%  120M 1s
 15000K .......... .......... .......... .......... .......... 75% 3.39M 1s
 15050K .......... .......... .......... .......... .......... 75% 83.6M 1s
 15100K .......... .......... .......... .......... .......... 75% 3.47M 1s
 15150K .......... .......... .......... .......... .......... 75% 76.8M 1s
 15200K .......... .......... .......... .......... .......... 76% 7.43M 1s
 15250K .......... .......... .......... .......... .......... 76% 6.10M 1s
 15300K .......... .......... .......... .......... .......... 76% 54.7M 1s
 15350K .......... .......... .......... .......... .......... 76% 3.41M 1s
 15400K .......... .......... .......... .......... .......... 77% 13.1M 1s
 15450K .......... .......... .......... .......... .......... 77% 4.54M 1s
 15500K .......... .......... .......... .......... .......... 77% 25.6M 1s
 15550K .......... .......... .......... .......... .......... 77% 19.2M 1s
 15600K .......... .......... .......... .......... .......... 78% 3.87M 1s
 15650K .......... .......... .......... .......... .......... 78% 23.2M 1s
 15700K .......... .......... .......... .......... .......... 78% 4.44M 1s
 15750K .......... .......... .......... .......... .......... 78% 16.8M 1s
 15800K .......... .......... .......... .......... .......... 79% 25.7M 1s
 15850K .......... .......... .......... .......... .......... 79% 3.66M 1s
 15900K .......... .......... .......... .......... .......... 79% 25.7M 1s
 15950K .......... .......... .......... .......... .......... 79% 4.14M 1s
 16000K .......... .......... .......... .......... .......... 80% 15.8M 1s
 16050K .......... .......... .......... .......... .......... 80% 27.2M 1s
 16100K .......... .......... .......... .......... .......... 80% 3.77M 1s
 16150K .......... .......... .......... .......... .......... 80% 54.4M 1s
 16200K .......... .......... .......... .......... .......... 81% 3.94M 1s
 16250K .......... .......... .......... .......... .......... 81% 10.3M 1s
 16300K .......... .......... .......... .......... .......... 81% 28.7M 1s
 16350K .......... .......... .......... .......... .......... 81% 3.46M 1s
 16400K .......... .......... .......... .......... .......... 82% 95.2M 1s
 16450K .......... .......... .......... .......... .......... 82% 2.84M 1s
 16500K .......... .......... .......... .......... .......... 82%  178M 1s
 16550K .......... .......... .......... .......... .......... 82% 5.64M 1s
 16600K .......... .......... .......... .......... .......... 83% 10.8M 1s
 16650K .......... .......... .......... .......... .......... 83% 3.34M 1s
 16700K .......... .......... .......... .......... .......... 83% 42.0M 1s
 16750K .......... .......... .......... .......... .......... 83% 3.52M 1s
 16800K .......... .......... .......... .......... .......... 84% 8.16M 1s
 16850K .......... .......... .......... .......... .......... 84% 5.37M 1s
 16900K .......... .......... .......... .......... .......... 84% 5.37M 1s
 16950K .......... .......... .......... .......... .......... 84% 8.10M 1s
 17000K .......... .......... .......... .......... .......... 85% 3.57M 1s
 17050K .......... .......... .......... .......... .......... 85% 35.3M 1s
 17100K .......... .......... .......... .......... .......... 85% 3.39M 0s
 17150K .......... .......... .......... .......... .......... 85% 47.0M 0s
 17200K .......... .......... .......... .......... .......... 86% 3.42M 0s
 17250K .......... .......... .......... .......... .......... 86% 5.80M 0s
 17300K .......... .......... .......... .......... .......... 86% 7.69M 0s
 17350K .......... .......... .......... .......... .......... 86% 3.66M 0s
 17400K .......... .......... .......... .......... .......... 87% 21.1M 0s
 17450K .......... .......... .......... .......... .......... 87% 3.78M 0s
 17500K .......... .......... .......... .......... .......... 87% 20.6M 0s
 17550K .......... .......... .......... .......... .......... 87% 3.90M 0s
 17600K .......... .......... .......... .......... .......... 88% 18.6M 0s
 17650K .......... .......... .......... .......... .......... 88% 4.00M 0s
 17700K .......... .......... .......... .......... .......... 88% 11.8M 0s
 17750K .......... .......... .......... .......... .......... 88% 4.43M 0s
 17800K .......... .......... .......... .......... .......... 89% 12.0M 0s
 17850K .......... .......... .......... .......... .......... 89% 4.47M 0s
 17900K .......... .......... .......... .......... .......... 89% 17.8M 0s
 17950K .......... .......... .......... .......... .......... 89% 3.87M 0s
 18000K .......... .......... .......... .......... .......... 90% 17.3M 0s
 18050K .......... .......... .......... .......... .......... 90% 3.53M 0s
 18100K .......... .......... .......... .......... .......... 90% 36.8M 0s
 18150K .......... .......... .......... .......... .......... 90% 3.44M 0s
 18200K .......... .......... .......... .......... .......... 91% 26.8M 0s
 18250K .......... .......... .......... .......... .......... 91% 3.78M 0s
 18300K .......... .......... .......... .......... .......... 91% 24.5M 0s
 18350K .......... .......... .......... .......... .......... 91% 3.68M 0s
 18400K .......... .......... .......... .......... .......... 91% 28.2M 0s
 18450K .......... .......... .......... .......... .......... 92% 3.63M 0s
 18500K .......... .......... .......... .......... .......... 92% 33.2M 0s
 18550K .......... .......... .......... .......... .......... 92% 3.67M 0s
 18600K .......... .......... .......... .......... .......... 92% 27.4M 0s
 18650K .......... .......... .......... .......... .......... 93% 3.73M 0s
 18700K .......... .......... .......... .......... .......... 93% 25.7M 0s
 18750K .......... .......... .......... .......... .......... 93% 3.75M 0s
 18800K .......... .......... .......... .......... .......... 93% 24.4M 0s
 18850K .......... .......... .......... .......... .......... 94% 3.78M 0s
 18900K .......... .......... .......... .......... .......... 94% 23.1M 0s
 18950K .......... .......... .......... .......... .......... 94% 3.78M 0s
 19000K .......... .......... .......... .......... .......... 94% 15.4M 0s
 19050K .......... .......... .......... .......... .......... 95% 4.06M 0s
 19100K .......... .......... .......... .......... .......... 95% 18.0M 0s
 19150K .......... .......... .......... .......... .......... 95% 4.03M 0s
 19200K .......... .......... .......... .......... .......... 95% 18.8M 0s
 19250K .......... .......... .......... .......... .......... 96% 4.04M 0s
 19300K .......... .......... .......... .......... .......... 96% 15.7M 0s
 19350K .......... .......... .......... .......... .......... 96% 4.30M 0s
 19400K .......... .......... .......... .......... .......... 96% 13.7M 0s
 19450K .......... .......... .......... .......... .......... 97% 4.37M 0s
 19500K .......... .......... .......... .......... .......... 97% 21.1M 0s
 19550K .......... .......... .......... .......... .......... 97% 4.22M 0s
 19600K .......... .......... .......... .......... .......... 97% 15.3M 0s
 19650K .......... .......... .......... .......... .......... 98% 4.53M 0s
 19700K .......... .......... .......... .......... .......... 98% 13.5M 0s
 19750K .......... .......... .......... .......... .......... 98% 16.9M 0s
 19800K .......... .......... .......... .......... .......... 98% 4.16M 0s
 19850K .......... .......... .......... .......... .......... 99% 15.8M 0s
 19900K .......... .......... .......... .......... .......... 99% 4.26M 0s
 19950K .......... .......... .......... .......... .......... 99% 14.7M 0s
 20000K .......... .......... .......... .......... .......... 99% 4.34M 0s
 20050K ....                                                  100% 21.1M=3.4s

2017-03-21 18:52:01 (5.81 MB/s) - `iting_V3.008.001.696ctch1_20000073.apk' saved [20536156/20536156]

