--2017-02-20 13:47:35--  http://hday.info/m8
Resolving hday.info... 43.230.112.228
Connecting to hday.info|43.230.112.228|:80... connected.
HTTP request sent, awaiting response... 301 Moved Permanently
Location: http://hday.info/m8/ [following]
--2017-02-20 13:47:40--  http://hday.info/m8/
Reusing existing connection to hday.info:80.
HTTP request sent, awaiting response... 200 OK
Length: 340 [text/html]
Saving to: `index.html'

     0K                                                       100% 15.4M=0s

2017-02-20 13:47:40 (15.4 MB/s) - `index.html' saved [340/340]

=======================The second times wget =====================
--2017-02-20 13:47:40--  http://hday.info/m8/%C2%BC%CF%F1.apk
Resolving hday.info... 43.230.112.228
Connecting to hday.info|43.230.112.228|:80... connected.
HTTP request sent, awaiting response... 200 OK
Length: 201066 (196K) [application/vnd.android.package-archive]
Saving to: `Â¼Ïñ.apk'

     0K .......... .......... .......... .......... .......... 25%  101K 1s
    50K .......... .......... .......... .......... .......... 50%  294K 1s
   100K .......... .......... .......... .......... .......... 76%  296K 0s
   150K .......... .......... .......... .......... ......    100%  290K=1.0s

2017-02-20 13:47:43 (197 KB/s) - `Â¼Ïñ.apk' saved [201066/201066]

