--2017-03-19 00:48:11--  http://a.vmall.com/app/C5683?s
Resolving a.vmall.com... 122.11.38.136, 117.78.53.136
Connecting to a.vmall.com|122.11.38.136|:80... connected.
HTTP request sent, awaiting response... 200 OK
Length: unspecified [text/html]
Saving to: `C5683?s'

     0K .......... .......... .......... .......... ..          429K=0.1s

2017-03-19 00:48:16 (429 KB/s) - `C5683?s' saved [43110]

=======================The second times wget =====================
--2017-03-19 00:52:31--  http://imtt.dd.qq.com/16891/83C3E3FE323A89F5B56C03865B0E8B9F.apk?fsname=com.huawei.appmarket_7.2.1.303_70201303.apk&csr=4d5s
Resolving imtt.dd.qq.com... 183.57.48.18, 183.61.46.140
Connecting to imtt.dd.qq.com|183.57.48.18|:80... connected.
HTTP request sent, awaiting response... 302 Found
Location: http://218.76.135.19/imtt.dd.qq.com/16891/83C3E3FE323A89F5B56C03865B0E8B9F.apk?mkey=58cd433a23796b2f&f=6820&c=0&fsname=com.huawei.appmarket_7.2.1.303_70201303.apk&csr=4d5s&p=.apk [following]
--2017-03-19 00:52:31--  http://218.76.135.19/imtt.dd.qq.com/16891/83C3E3FE323A89F5B56C03865B0E8B9F.apk?mkey=58cd433a23796b2f&f=6820&c=0&fsname=com.huawei.appmarket_7.2.1.303_70201303.apk&csr=4d5s&p=.apk
Connecting to 218.76.135.19:80... connected.
HTTP request sent, awaiting response... 200 OK
Length: 7445736 (7.1M) [application/vnd.android.package-archive]
Saving to: `83C3E3FE323A89F5B56C03865B0E8B9F.apk?mkey=58cd433a23796b2f&f=6820&c=0&fsname=com.huawei.appmarket_7.2.1.303_70201303.apk&csr=4d5s&p=.apk'

     0K .......... .......... .......... .......... ..........  0% 5.36M 1s
    50K .......... .......... .......... .......... ..........  1% 2.10M 2s
   100K .......... .......... .......... .......... ..........  2% 15.9M 2s
   150K .......... .......... .......... .......... ..........  2% 1.63M 2s
   200K .......... .......... .......... .......... ..........  3% 17.0M 2s
   250K .......... .......... .......... .......... ..........  4% 1.62M 2s
   300K .......... .......... .......... .......... ..........  4%  158M 2s
   350K .......... .......... .......... .......... ..........  5% 23.7M 2s
   400K .......... .......... .......... .......... ..........  6% 1.61M 2s
   450K .......... .......... .......... .......... ..........  6%  157M 2s
   500K .......... .......... .......... .......... ..........  7% 1.55M 2s
   550K .......... .......... .......... .......... ..........  8% 81.0M 2s
   600K .......... .......... .......... .......... ..........  8%  155M 2s
   650K .......... .......... .......... .......... ..........  9% 1.46M 2s
   700K .......... .......... .......... .......... .......... 10% 41.5M 2s
   750K .......... .......... .......... .......... .......... 11% 70.0M 2s
   800K .......... .......... .......... .......... .......... 11% 1.71M 2s
   850K .......... .......... .......... .......... .......... 12% 59.7M 2s
   900K .......... .......... .......... .......... .......... 13%  107M 2s
   950K .......... .......... .......... .......... .......... 13%  110M 1s
  1000K .......... .......... .......... .......... .......... 14% 1.57M 2s
  1050K .......... .......... .......... .......... .......... 15% 69.3M 1s
  1100K .......... .......... .......... .......... .......... 15%  118M 1s
  1150K .......... .......... .......... .......... .......... 16%  143M 1s
  1200K .......... .......... .......... .......... .......... 17% 1.63M 1s
  1250K .......... .......... .......... .......... .......... 17% 31.3M 1s
  1300K .......... .......... .......... .......... .......... 18%  126M 1s
  1350K .......... .......... .......... .......... .......... 19%  187M 1s
  1400K .......... .......... .......... .......... .......... 19%  121M 1s
  1450K .......... .......... .......... .......... .......... 20% 1.61M 1s
  1500K .......... .......... .......... .......... .......... 21% 57.1M 1s
  1550K .......... .......... .......... .......... .......... 22%  158M 1s
  1600K .......... .......... .......... .......... .......... 22%  132M 1s
  1650K .......... .......... .......... .......... .......... 23% 79.5M 1s
  1700K .......... .......... .......... .......... .......... 24%  126M 1s
  1750K .......... .......... .......... .......... .......... 24% 1.62M 1s
  1800K .......... .......... .......... .......... .......... 25% 75.9M 1s
  1850K .......... .......... .......... .......... .......... 26%  105M 1s
  1900K .......... .......... .......... .......... .......... 26%  113M 1s
  1950K .......... .......... .......... .......... .......... 27% 93.7M 1s
  2000K .......... .......... .......... .......... .......... 28%  173M 1s
  2050K .......... .......... .......... .......... .......... 28%  120M 1s
  2100K .......... .......... .......... .......... .......... 29% 1.64M 1s
  2150K .......... .......... .......... .......... .......... 30% 64.4M 1s
  2200K .......... .......... .......... .......... .......... 30% 71.9M 1s
  2250K .......... .......... .......... .......... .......... 31% 83.0M 1s
  2300K .......... .......... .......... .......... .......... 32%  105M 1s
  2350K .......... .......... .......... .......... .......... 33% 89.4M 1s
  2400K .......... .......... .......... .......... .......... 33% 80.8M 1s
  2450K .......... .......... .......... .......... .......... 34% 86.7M 1s
  2500K .......... .......... .......... .......... .......... 35% 1.70M 1s
  2550K .......... .......... .......... .......... .......... 35% 91.4M 1s
  2600K .......... .......... .......... .......... .......... 36% 85.5M 1s
  2650K .......... .......... .......... .......... .......... 37%  100M 1s
  2700K .......... .......... .......... .......... .......... 37%  198M 1s
  2750K .......... .......... .......... .......... .......... 38%  161M 1s
  2800K .......... .......... .......... .......... .......... 39%  129M 1s
  2850K .......... .......... .......... .......... .......... 39% 84.0M 1s
  2900K .......... .......... .......... .......... .......... 40% 1.68M 1s
  2950K .......... .......... .......... .......... .......... 41%  135M 1s
  3000K .......... .......... .......... .......... .......... 41% 78.4M 1s
  3050K .......... .......... .......... .......... .......... 42% 53.4M 1s
  3100K .......... .......... .......... .......... .......... 43%  155M 1s
  3150K .......... .......... .......... .......... .......... 44%  166M 1s
  3200K .......... .......... .......... .......... .......... 44%  187M 1s
  3250K .......... .......... .......... .......... .......... 45%  122M 1s
  3300K .......... .......... .......... .......... .......... 46%  129M 1s
  3350K .......... .......... .......... .......... .......... 46% 1.69M 1s
  3400K .......... .......... .......... .......... .......... 47%  110M 1s
  3450K .......... .......... .......... .......... .......... 48% 70.0M 1s
  3500K .......... .......... .......... .......... .......... 48%  135M 1s
  3550K .......... .......... .......... .......... .......... 49%  101M 0s
  3600K .......... .......... .......... .......... .......... 50%  121M 0s
  3650K .......... .......... .......... .......... .......... 50%  127M 0s
  3700K .......... .......... .......... .......... .......... 51%  154M 0s
  3750K .......... .......... .......... .......... .......... 52%  107M 0s
  3800K .......... .......... .......... .......... .......... 52%  125M 0s
  3850K .......... .......... .......... .......... .......... 53% 1.75M 0s
  3900K .......... .......... .......... .......... .......... 54% 66.4M 0s
  3950K .......... .......... .......... .......... .......... 55% 94.1M 0s
  4000K .......... .......... .......... .......... .......... 55% 82.8M 0s
  4050K .......... .......... .......... .......... .......... 56%  161M 0s
  4100K .......... .......... .......... .......... .......... 57%  121M 0s
  4150K .......... .......... .......... .......... .......... 57%  182M 0s
  4200K .......... .......... .......... .......... .......... 58% 92.1M 0s
  4250K .......... .......... .......... .......... .......... 59%  157M 0s
  4300K .......... .......... .......... .......... .......... 59%  182M 0s
  4350K .......... .......... .......... .......... .......... 60%  141M 0s
  4400K .......... .......... .......... .......... .......... 61%  120M 0s
  4450K .......... .......... .......... .......... .......... 61% 1.72M 0s
  4500K .......... .......... .......... .......... .......... 62%  112M 0s
  4550K .......... .......... .......... .......... .......... 63% 80.3M 0s
  4600K .......... .......... .......... .......... .......... 63% 47.5M 0s
  4650K .......... .......... .......... .......... .......... 64%  186M 0s
  4700K .......... .......... .......... .......... .......... 65%  124M 0s
  4750K .......... .......... .......... .......... .......... 66%  191M 0s
  4800K .......... .......... .......... .......... .......... 66%  173M 0s
  4850K .......... .......... .......... .......... .......... 67% 77.8M 0s
  4900K .......... .......... .......... .......... .......... 68%  143M 0s
  4950K .......... .......... .......... .......... .......... 68%  194M 0s
  5000K .......... .......... .......... .......... .......... 69%  188M 0s
  5050K .......... .......... .......... .......... .......... 70% 1.75M 0s
  5100K .......... .......... .......... .......... .......... 70%  130M 0s
  5150K .......... .......... .......... .......... .......... 71%  116M 0s
  5200K .......... .......... .......... .......... .......... 72% 41.4M 0s
  5250K .......... .......... .......... .......... .......... 72% 87.8M 0s
  5300K .......... .......... .......... .......... .......... 73% 92.5M 0s
  5350K .......... .......... .......... .......... .......... 74% 98.4M 0s
  5400K .......... .......... .......... .......... .......... 74%  188M 0s
  5450K .......... .......... .......... .......... .......... 75%  133M 0s
  5500K .......... .......... .......... .......... .......... 76%  192M 0s
  5550K .......... .......... .......... .......... .......... 77%  103M 0s
  5600K .......... .......... .......... .......... .......... 77%  184M 0s
  5650K .......... .......... .......... .......... .......... 78%  194M 0s
  5700K .......... .......... .......... .......... .......... 79%  208M 0s
  5750K .......... .......... .......... .......... .......... 79% 1.82M 0s
  5800K .......... .......... .......... .......... .......... 80% 76.4M 0s
  5850K .......... .......... .......... .......... .......... 81% 98.0M 0s
  5900K .......... .......... .......... .......... .......... 81%  118M 0s
  5950K .......... .......... .......... .......... .......... 82% 78.8M 0s
  6000K .......... .......... .......... .......... .......... 83%  124M 0s
  6050K .......... .......... .......... .......... .......... 83%  122M 0s
  6100K .......... .......... .......... .......... .......... 84% 95.7M 0s
  6150K .......... .......... .......... .......... .......... 85%  190M 0s
  6200K .......... .......... .......... .......... .......... 85%  112M 0s
  6250K .......... .......... .......... .......... .......... 86% 71.8M 0s
  6300K .......... .......... .......... .......... .......... 87%  169M 0s
  6350K .......... .......... .......... .......... .......... 88%  207M 0s
  6400K .......... .......... .......... .......... .......... 88%  193M 0s
  6450K .......... .......... .......... .......... .......... 89%  121M 0s
  6500K .......... .......... .......... .......... .......... 90% 1.80M 0s
  6550K .......... .......... .......... .......... .......... 90%  187M 0s
  6600K .......... .......... .......... .......... .......... 91%  200M 0s
  6650K .......... .......... .......... .......... .......... 92% 20.0M 0s
  6700K .......... .......... .......... .......... .......... 92%  174M 0s
  6750K .......... .......... .......... .......... .......... 93%  116M 0s
  6800K .......... .......... .......... .......... .......... 94%  195M 0s
  6850K .......... .......... .......... .......... .......... 94%  176M 0s
  6900K .......... .......... .......... .......... .......... 95%  167M 0s
  6950K .......... .......... .......... .......... .......... 96%  191M 0s
  7000K .......... .......... .......... .......... .......... 96%  203M 0s
  7050K .......... .......... .......... .......... .......... 97%  149M 0s
  7100K .......... .......... .......... .......... .......... 98%  206M 0s
  7150K .......... .......... .......... .......... .......... 99% 25.9M 0s
  7200K .......... .......... .......... .......... .......... 99%  164M 0s
  7250K .......... .......... .                               100%  116M=0.7s

2017-03-19 00:52:32 (10.8 MB/s) - `83C3E3FE323A89F5B56C03865B0E8B9F.apk?mkey=58cd433a23796b2f&f=6820&c=0&fsname=com.huawei.appmarket_7.2.1.303_70201303.apk&csr=4d5s&p=.apk' saved [7445736/7445736]

