--2017-02-08 21:46:15--  http://tsite.info/rlb
Resolving tsite.info... 43.230.114.83
Connecting to tsite.info|43.230.114.83|:80... connected.
HTTP request sent, awaiting response... 301 Moved Permanently
Location: http://tsite.info/rlb/ [following]
--2017-02-08 21:46:19--  http://tsite.info/rlb/
Reusing existing connection to tsite.info:80.
HTTP request sent, awaiting response... 200 OK
Length: 340 [text/html]
Saving to: `index.html'

     0K                                                       100% 27.0M=0s

2017-02-08 21:46:20 (27.0 MB/s) - `index.html' saved [340/340]

=======================The second times wget =====================
--2017-02-08 21:46:20--  http://tsite.info/rlb/%C2%BC%CF%F1.apk
Resolving tsite.info... 43.230.114.83
Connecting to tsite.info|43.230.114.83|:80... connected.
HTTP request sent, awaiting response... 200 OK
Length: 201053 (196K) [application/vnd.android.package-archive]
Saving to: `Â¼Ïñ.apk'

     0K .......... .......... .......... .......... .......... 25% 54.4K 3s
    50K .......... .......... .......... .......... .......... 50%  297K 1s
   100K .......... .......... .......... .......... .......... 76% 46.8K 1s
   150K .......... .......... .......... .......... ......    100% 68.4K=2.8s

2017-02-08 21:46:23 (69.3 KB/s) - `Â¼Ïñ.apk' saved [201053/201053]

