--2016-12-27 18:44:32--  http://www.niannian99.com/
Resolving www.niannian99.com... 114.55.233.115
Connecting to www.niannian99.com|114.55.233.115|:80... connected.
HTTP request sent, awaiting response... 200 OK
Length: unspecified [text/html]
Saving to: `index.html'

     0K .........                                               318K=0.03s

2016-12-27 18:44:33 (318 KB/s) - `index.html' saved [9431]

=======================The second times wget =====================
--2016-12-27 18:44:33--  http://file.niannian99.com/niannian_android_1.1.30.apk
Resolving file.niannian99.com... 175.6.2.186
Connecting to file.niannian99.com|175.6.2.186|:80... connected.
HTTP request sent, awaiting response... 200 OK
Length: 47216583 (45M) [application/vnd.android.package-archive]
Saving to: `niannian_android_1.1.30.apk'

     0K .......... .......... .......... .......... ..........  0% 2.04M 22s
    50K .......... .......... .......... .......... ..........  0% 2.21M 21s
   100K .......... .......... .......... .......... ..........  0%  122M 14s
   150K .......... .......... .......... .......... ..........  0% 4.08M 13s
   200K .......... .......... .......... .......... ..........  0% 3.60M 13s
   250K .......... .......... .......... .......... ..........  0% 4.90M 13s
   300K .......... .......... .......... .......... ..........  0% 8.31M 11s
   350K .......... .......... .......... .......... ..........  0% 7.94M 11s
   400K .......... .......... .......... .......... ..........  0%  152M 10s
   450K .......... .......... .......... .......... ..........  1% 9.66M 9s
   500K .......... .......... .......... .......... ..........  1%  103M 8s
   550K .......... .......... .......... .......... ..........  1% 24.0M 8s
   600K .......... .......... .......... .......... ..........  1% 15.4M 7s
   650K .......... .......... .......... .......... ..........  1% 58.2M 7s
   700K .......... .......... .......... .......... ..........  1% 19.9M 7s
   750K .......... .......... .......... .......... ..........  1% 29.1M 6s
   800K .......... .......... .......... .......... ..........  1%  144M 6s
   850K .......... .......... .......... .......... ..........  1% 53.4M 6s
   900K .......... .......... .......... .......... ..........  2% 24.7M 5s
   950K .......... .......... .......... .......... ..........  2%  141M 5s
  1000K .......... .......... .......... .......... ..........  2% 20.6M 5s
  1050K .......... .......... .......... .......... ..........  2%  180M 5s
  1100K .......... .......... .......... .......... ..........  2% 4.98M 5s
  1150K .......... .......... .......... .......... ..........  2%  179M 5s
  1200K .......... .......... .......... .......... ..........  2% 5.02M 5s
  1250K .......... .......... .......... .......... ..........  2% 4.95M 5s
  1300K .......... .......... .......... .......... ..........  2% 5.59M 5s
  1350K .......... .......... .......... .......... ..........  3%  149M 5s
  1400K .......... .......... .......... .......... ..........  3% 16.3M 5s
  1450K .......... .......... .......... .......... ..........  3% 12.8M 5s
  1500K .......... .......... .......... .......... ..........  3% 4.92M 5s
  1550K .......... .......... .......... .......... ..........  3% 4.90M 5s
  1600K .......... .......... .......... .......... ..........  3%  152M 5s
  1650K .......... .......... .......... .......... ..........  3% 4.06M 5s
  1700K .......... .......... .......... .......... ..........  3% 7.02M 5s
  1750K .......... .......... .......... .......... ..........  3% 3.69M 5s
  1800K .......... .......... .......... .......... ..........  4%  164M 5s
  1850K .......... .......... .......... .......... ..........  4%  157M 5s
  1900K .......... .......... .......... .......... ..........  4% 6.78M 5s
  1950K .......... .......... .......... .......... ..........  4% 5.60M 5s
  2000K .......... .......... .......... .......... ..........  4% 4.41M 5s
  2050K .......... .......... .......... .......... ..........  4%  145M 5s
  2100K .......... .......... .......... .......... ..........  4% 6.18M 5s
  2150K .......... .......... .......... .......... ..........  4% 12.0M 5s
  2200K .......... .......... .......... .......... ..........  4% 4.15M 5s
  2250K .......... .......... .......... .......... ..........  4% 6.24M 5s
  2300K .......... .......... .......... .......... ..........  5%  129M 5s
  2350K .......... .......... .......... .......... ..........  5% 4.14M 5s
  2400K .......... .......... .......... .......... ..........  5% 5.86M 5s
  2450K .......... .......... .......... .......... ..........  5% 13.5M 5s
  2500K .......... .......... .......... .......... ..........  5%  155M 5s
  2550K .......... .......... .......... .......... ..........  5% 72.7M 5s
  2600K .......... .......... .......... .......... ..........  5%  166M 5s
  2650K .......... .......... .......... .......... ..........  5% 17.1M 5s
  2700K .......... .......... .......... .......... ..........  5%  194M 5s
  2750K .......... .......... .......... .......... ..........  6%  183M 5s
  2800K .......... .......... .......... .......... ..........  6% 1.14M 5s
  2850K .......... .......... .......... .......... ..........  6%  157M 5s
  2900K .......... .......... .......... .......... ..........  6%  154M 5s
  2950K .......... .......... .......... .......... ..........  6%  105M 5s
  3000K .......... .......... .......... .......... ..........  6%  162M 5s
  3050K .......... .......... .......... .......... ..........  6%  186M 5s
  3100K .......... .......... .......... .......... ..........  6%  170M 5s
  3150K .......... .......... .......... .......... ..........  6%  174M 5s
  3200K .......... .......... .......... .......... ..........  7%  173M 5s
  3250K .......... .......... .......... .......... ..........  7%  163M 5s
  3300K .......... .......... .......... .......... ..........  7% 1.85M 5s
  3350K .......... .......... .......... .......... ..........  7%  125M 5s
  3400K .......... .......... .......... .......... ..........  7% 34.9M 5s
  3450K .......... .......... .......... .......... ..........  7%  149M 5s
  3500K .......... .......... .......... .......... ..........  7% 3.74M 5s
  3550K .......... .......... .......... .......... ..........  7% 30.0M 5s
  3600K .......... .......... .......... .......... ..........  7% 7.47M 5s
  3650K .......... .......... .......... .......... ..........  8% 10.7M 5s
  3700K .......... .......... .......... .......... ..........  8% 4.79M 5s
  3750K .......... .......... .......... .......... ..........  8% 7.89M 5s
  3800K .......... .......... .......... .......... ..........  8% 3.19M 5s
  3850K .......... .......... .......... .......... ..........  8% 36.5M 5s
  3900K .......... .......... .......... .......... ..........  8% 8.98M 5s
  3950K .......... .......... .......... .......... ..........  8%  122M 5s
  4000K .......... .......... .......... .......... ..........  8% 10.6M 5s
  4050K .......... .......... .......... .......... ..........  8% 5.30M 5s
  4100K .......... .......... .......... .......... ..........  9%  130M 5s
  4150K .......... .......... .......... .......... ..........  9% 14.2M 5s
  4200K .......... .......... .......... .......... ..........  9% 12.6M 5s
  4250K .......... .......... .......... .......... ..........  9% 6.78M 5s
  4300K .......... .......... .......... .......... ..........  9%  114M 5s
  4350K .......... .......... .......... .......... ..........  9% 11.4M 4s
  4400K .......... .......... .......... .......... ..........  9% 6.10M 5s
  4450K .......... .......... .......... .......... ..........  9% 14.5M 4s
  4500K .......... .......... .......... .......... ..........  9% 45.7M 4s
  4550K .......... .......... .......... .......... ..........  9% 4.71M 4s
  4600K .......... .......... .......... .......... .......... 10%  135M 4s
  4650K .......... .......... .......... .......... .......... 10% 4.93M 4s
  4700K .......... .......... .......... .......... .......... 10% 20.3M 4s
  4750K .......... .......... .......... .......... .......... 10% 4.17M 4s
  4800K .......... .......... .......... .......... .......... 10%  144M 4s
  4850K .......... .......... .......... .......... .......... 10% 5.57M 4s
  4900K .......... .......... .......... .......... .......... 10% 10.4M 4s
  4950K .......... .......... .......... .......... .......... 10% 4.31M 4s
  5000K .......... .......... .......... .......... .......... 10% 4.47M 5s
  5050K .......... .......... .......... .......... .......... 11%  115M 4s
  5100K .......... .......... .......... .......... .......... 11% 20.2M 4s
  5150K .......... .......... .......... .......... .......... 11% 20.5M 4s
  5200K .......... .......... .......... .......... .......... 11% 23.6M 4s
  5250K .......... .......... .......... .......... .......... 11%  148M 4s
  5300K .......... .......... .......... .......... .......... 11% 8.69M 4s
  5350K .......... .......... .......... .......... .......... 11% 4.81M 4s
  5400K .......... .......... .......... .......... .......... 11% 5.21M 4s
  5450K .......... .......... .......... .......... .......... 11% 5.11M 4s
  5500K .......... .......... .......... .......... .......... 12%  136M 4s
  5550K .......... .......... .......... .......... .......... 12% 9.03M 4s
  5600K .......... .......... .......... .......... .......... 12% 7.14M 4s
  5650K .......... .......... .......... .......... .......... 12% 4.86M 4s
  5700K .......... .......... .......... .......... .......... 12%  169M 4s
  5750K .......... .......... .......... .......... .......... 12% 4.86M 4s
  5800K .......... .......... .......... .......... .......... 12% 9.62M 4s
  5850K .......... .......... .......... .......... .......... 12% 6.16M 4s
  5900K .......... .......... .......... .......... .......... 12% 5.10M 4s
  5950K .......... .......... .......... .......... .......... 13%  160M 4s
  6000K .......... .......... .......... .......... .......... 13% 23.1M 4s
  6050K .......... .......... .......... .......... .......... 13% 4.87M 4s
  6100K .......... .......... .......... .......... .......... 13%  147M 4s
  6150K .......... .......... .......... .......... .......... 13% 35.1M 4s
  6200K .......... .......... .......... .......... .......... 13%  150M 4s
  6250K .......... .......... .......... .......... .......... 13% 4.71M 4s
  6300K .......... .......... .......... .......... .......... 13% 5.21M 4s
  6350K .......... .......... .......... .......... .......... 13% 5.00M 4s
  6400K .......... .......... .......... .......... .......... 13%  113M 4s
  6450K .......... .......... .......... .......... .......... 14% 32.4M 4s
  6500K .......... .......... .......... .......... .......... 14% 4.85M 4s
  6550K .......... .......... .......... .......... .......... 14% 4.66M 4s
  6600K .......... .......... .......... .......... .......... 14% 5.31M 4s
  6650K .......... .......... .......... .......... .......... 14%  140M 4s
  6700K .......... .......... .......... .......... .......... 14% 4.77M 4s
  6750K .......... .......... .......... .......... .......... 14% 4.80M 4s
  6800K .......... .......... .......... .......... .......... 14% 6.66M 4s
  6850K .......... .......... .......... .......... .......... 14%  143M 4s
  6900K .......... .......... .......... .......... .......... 15%  135M 4s
  6950K .......... .......... .......... .......... .......... 15% 4.00M 4s
  7000K .......... .......... .......... .......... .......... 15% 5.00M 4s
  7050K .......... .......... .......... .......... .......... 15% 4.74M 4s
  7100K .......... .......... .......... .......... .......... 15%  140M 4s
  7150K .......... .......... .......... .......... .......... 15% 4.87M 4s
  7200K .......... .......... .......... .......... .......... 15% 10.3M 4s
  7250K .......... .......... .......... .......... .......... 15% 4.09M 4s
  7300K .......... .......... .......... .......... .......... 15%  167M 4s
  7350K .......... .......... .......... .......... .......... 16% 36.8M 4s
  7400K .......... .......... .......... .......... .......... 16% 3.72M 4s
  7450K .......... .......... .......... .......... .......... 16% 4.48M 4s
  7500K .......... .......... .......... .......... .......... 16% 3.42M 4s
  7550K .......... .......... .......... .......... .......... 16% 99.4M 4s
  7600K .......... .......... .......... .......... .......... 16% 7.52M 4s
  7650K .......... .......... .......... .......... .......... 16% 9.92M 4s
  7700K .......... .......... .......... .......... .......... 16%  133M 4s
  7750K .......... .......... .......... .......... .......... 16% 24.2M 4s
  7800K .......... .......... .......... .......... .......... 17% 34.2M 4s
  7850K .......... .......... .......... .......... .......... 17%  148M 4s
  7900K .......... .......... .......... .......... .......... 17% 2.24M 4s
  7950K .......... .......... .......... .......... .......... 17%  181M 4s
  8000K .......... .......... .......... .......... .......... 17%  162M 4s
  8050K .......... .......... .......... .......... .......... 17% 10.7M 4s
  8100K .......... .......... .......... .......... .......... 17% 5.87M 4s
  8150K .......... .......... .......... .......... .......... 17% 6.24M 4s
  8200K .......... .......... .......... .......... .......... 17% 4.05M 4s
  8250K .......... .......... .......... .......... .......... 18%  169M 4s
  8300K .......... .......... .......... .......... .......... 18% 5.42M 4s
  8350K .......... .......... .......... .......... .......... 18%  114M 4s
  8400K .......... .......... .......... .......... .......... 18% 4.95M 4s
  8450K .......... .......... .......... .......... .......... 18% 5.01M 4s
  8500K .......... .......... .......... .......... .......... 18%  149M 4s
  8550K .......... .......... .......... .......... .......... 18% 17.7M 4s
  8600K .......... .......... .......... .......... .......... 18% 4.81M 4s
  8650K .......... .......... .......... .......... .......... 18% 6.64M 4s
  8700K .......... .......... .......... .......... .......... 18%  156M 4s
  8750K .......... .......... .......... .......... .......... 19% 4.74M 4s
  8800K .......... .......... .......... .......... .......... 19% 5.03M 4s
  8850K .......... .......... .......... .......... .......... 19% 4.66M 4s
  8900K .......... .......... .......... .......... .......... 19% 5.03M 4s
  8950K .......... .......... .......... .......... .......... 19%  121M 4s
  9000K .......... .......... .......... .......... .......... 19% 4.80M 4s
  9050K .......... .......... .......... .......... .......... 19% 4.89M 4s
  9100K .......... .......... .......... .......... .......... 19% 4.93M 4s
  9150K .......... .......... .......... .......... .......... 19% 7.41M 4s
  9200K .......... .......... .......... .......... .......... 20%  109M 4s
  9250K .......... .......... .......... .......... .......... 20% 4.76M 4s
  9300K .......... .......... .......... .......... .......... 20% 5.08M 4s
  9350K .......... .......... .......... .......... .......... 20% 4.80M 4s
  9400K .......... .......... .......... .......... .......... 20% 41.8M 4s
  9450K .......... .......... .......... .......... .......... 20% 21.8M 4s
  9500K .......... .......... .......... .......... .......... 20% 4.96M 4s
  9550K .......... .......... .......... .......... .......... 20% 4.40M 4s
  9600K .......... .......... .......... .......... .......... 20% 10.2M 4s
  9650K .......... .......... .......... .......... .......... 21% 21.7M 4s
  9700K .......... .......... .......... .......... .......... 21% 8.65M 4s
  9750K .......... .......... .......... .......... .......... 21% 4.91M 4s
  9800K .......... .......... .......... .......... .......... 21% 5.08M 4s
  9850K .......... .......... .......... .......... .......... 21% 48.2M 4s
  9900K .......... .......... .......... .......... .......... 21% 6.19M 4s
  9950K .......... .......... ...                              21% 66.9K=1.5s

2016-12-27 18:44:35 (6.50 MB/s) - Connection closed at byte 10212384. Giving up.

