--2017-01-10 03:19:33--  http://m.anzhuoapk.com/mobile/soft/deta
Resolving m.anzhuoapk.com... 121.201.0.195
Connecting to m.anzhuoapk.com|121.201.0.195|:80... connected.
HTTP request sent, awaiting response... 302 Moved Temporarily
Location: http://m.anzhuoapk.com/ [following]
--2017-01-10 03:19:33--  http://m.anzhuoapk.com/
Connecting to m.anzhuoapk.com|121.201.0.195|:80... connected.
HTTP request sent, awaiting response... 200 OK
Length: unspecified [text/html]
Saving to: `index.html'

     0K ........                                                371K=0.02s

2017-01-10 03:19:33 (371 KB/s) - `index.html' saved [9024]

=======================The second times wget =====================
--2017-01-10 03:19:49--  http://m.anzhuoapk.com/download.php?fr=&softid=&apkurl=http://tencent.myaora.net/test/apkfile_new/a1a3cc79e823dd2426116bfcd645a776.apk
Resolving m.anzhuoapk.com... 121.201.0.195
Connecting to m.anzhuoapk.com|121.201.0.195|:80... connected.
HTTP request sent, awaiting response... 302 Moved Temporarily
Location: http://tencent.myaora.net/test/apkfile_new/a1a3cc79e823dd2426116bfcd645a776.apk [following]
--2017-01-10 03:19:49--  http://tencent.myaora.net/test/apkfile_new/a1a3cc79e823dd2426116bfcd645a776.apk
Resolving tencent.myaora.net... 175.6.26.144, 175.6.26.143, 175.6.26.146, ...
Connecting to tencent.myaora.net|175.6.26.144|:80... connected.
HTTP request sent, awaiting response... 200 OK
Length: 6271562 (6.0M) [application/vnd.android.package-archive]
Saving to: `a1a3cc79e823dd2426116bfcd645a776.apk'

     0K .......... .......... .......... .......... ..........  0% 2.01M 3s
    50K .......... .......... .......... .......... ..........  1% 4.00M 2s
   100K .......... .......... .......... .......... ..........  2% 3.64M 2s
   150K .......... .......... .......... .......... ..........  3% 4.10M 2s
   200K .......... .......... .......... .......... ..........  4% 12.3M 2s
   250K .......... .......... .......... .......... ..........  4% 12.1M 1s
   300K .......... .......... .......... .......... ..........  5% 12.1M 1s
   350K .......... .......... .......... .......... ..........  6% 11.1M 1s
   400K .......... .......... .......... .......... ..........  7%  180M 1s
   450K .......... .......... .......... .......... ..........  8% 12.3M 1s
   500K .......... .......... .......... .......... ..........  8% 12.4M 1s
   550K .......... .......... .......... .......... ..........  9% 14.4M 1s
   600K .......... .......... .......... .......... .......... 10%  159M 1s
   650K .......... .......... .......... .......... .......... 11%  185M 1s
   700K .......... .......... .......... .......... .......... 12%  102M 1s
   750K .......... .......... .......... .......... .......... 13% 15.6M 1s
   800K .......... .......... .......... .......... .......... 13%  168M 1s
   850K .......... .......... .......... .......... .......... 14% 15.3M 1s
   900K .......... .......... .......... .......... .......... 15%  136M 1s
   950K .......... .......... .......... .......... .......... 16%  146M 1s
  1000K .......... .......... .......... .......... .......... 17% 17.9M 0s
  1050K .......... .......... .......... .......... .......... 17%  163M 0s
  1100K .......... .......... .......... .......... .......... 18%  139M 0s
  1150K .......... .......... .......... .......... .......... 19%  197M 0s
  1200K .......... .......... .......... .......... .......... 20% 18.3M 0s
  1250K .......... .......... .......... .......... .......... 21% 92.0M 0s
  1300K .......... .......... .......... .......... .......... 22%  203M 0s
  1350K .......... .......... .......... .......... .......... 22%  152M 0s
  1400K .......... .......... .......... .......... .......... 23%  202M 0s
  1450K .......... .......... .......... .......... .......... 24%  141M 0s
  1500K .......... .......... .......... .......... .......... 25%  182M 0s
  1550K .......... .......... .......... .......... .......... 26% 21.5M 0s
  1600K .......... .......... .......... .......... .......... 26%  120M 0s
  1650K .......... .......... .......... .......... .......... 27%  124M 0s
  1700K .......... .......... .......... .......... .......... 28% 93.9M 0s
  1750K .......... .......... .......... .......... .......... 29%  146M 0s
  1800K .......... .......... .......... .......... .......... 30% 27.8M 0s
  1850K .......... .......... .......... .......... .......... 31%  117M 0s
  1900K .......... .......... .......... .......... .......... 31%  141M 0s
  1950K .......... .......... .......... .......... .......... 32% 43.9M 0s
  2000K .......... .......... .......... .......... .......... 33%  160M 0s
  2050K .......... .......... .......... .......... .......... 34%  147M 0s
  2100K .......... .......... .......... .......... .......... 35%  208M 0s
  2150K .......... .......... .......... .......... .......... 35% 36.8M 0s
  2200K .......... .......... .......... .......... .......... 36%  131M 0s
  2250K .......... .......... .......... .......... .......... 37%  213M 0s
  2300K .......... .......... .......... .......... .......... 38%  131M 0s
  2350K .......... .......... .......... .......... .......... 39%  155M 0s
  2400K .......... .......... .......... .......... .......... 40%  180M 0s
  2450K .......... .......... .......... .......... .......... 40%  124M 0s
  2500K .......... .......... .......... .......... .......... 41%  192M 0s
  2550K .......... .......... .......... .......... .......... 42% 44.2M 0s
  2600K .......... .......... .......... .......... .......... 43%  155M 0s
  2650K .......... .......... .......... .......... .......... 44%  174M 0s
  2700K .......... .......... .......... .......... .......... 44%  184M 0s
  2750K .......... .......... .......... .......... .......... 45%  138M 0s
  2800K .......... .......... .......... .......... .......... 46%  136M 0s
  2850K .......... .......... .......... .......... .......... 47% 73.5M 0s
  2900K .......... .......... .......... .......... .......... 48% 57.5M 0s
  2950K .......... .......... .......... .......... .......... 48%  191M 0s
  3000K .......... .......... .......... .......... .......... 49%  148M 0s
  3050K .......... .......... .......... .......... .......... 50% 83.9M 0s
  3100K .......... .......... .......... .......... .......... 51%  112M 0s
  3150K .......... .......... .......... .......... .......... 52%  128M 0s
  3200K .......... .......... .......... .......... .......... 53%  191M 0s
  3250K .......... .......... .......... .......... .......... 53%  179M 0s
  3300K .......... .......... .......... .......... .......... 54%  128M 0s
  3350K .......... .......... .......... .......... .......... 55%  188M 0s
  3400K .......... .......... .......... .......... .......... 56%  210M 0s
  3450K .......... .......... .......... .......... .......... 57%  177M 0s
  3500K .......... .......... .......... .......... .......... 57%  154M 0s
  3550K .......... .......... .......... .......... .......... 58%  148M 0s
  3600K .......... .......... .......... .......... .......... 59%  166M 0s
  3650K .......... .......... .......... .......... .......... 60%  126M 0s
  3700K .......... .......... .......... .......... .......... 61%  151M 0s
  3750K .......... .......... .......... .......... .......... 62%  140M 0s
  3800K .......... .......... .......... .......... .......... 62%  182M 0s
  3850K .......... .......... .......... .......... .......... 63%  213M 0s
  3900K .......... .......... .......... .......... .......... 64%  187M 0s
  3950K .......... .......... .......... .......... .......... 65%  136M 0s
  4000K .......... .......... .......... .......... .......... 66%  146M 0s
  4050K .......... .......... .......... .......... .......... 66%  158M 0s
  4100K .......... .......... .......... .......... .......... 67%  142M 0s
  4150K .......... .......... .......... .......... .......... 68%  135M 0s
  4200K .......... .......... .......... .......... .......... 69%  170M 0s
  4250K .......... .......... .......... .......... .......... 70%  131M 0s
  4300K .......... .......... .......... .......... .......... 71%  160M 0s
  4350K .......... .......... .......... .......... .......... 71%  109M 0s
  4400K .......... .......... .......... .......... .......... 72%  144M 0s
  4450K .......... .......... .......... .......... .......... 73%  209M 0s
  4500K .......... .......... .......... .......... .......... 74%  198M 0s
  4550K .......... .......... .......... .......... .......... 75%  118M 0s
  4600K .......... .......... .......... .......... .......... 75%  181M 0s
  4650K .......... .......... .......... .......... .......... 76%  212M 0s
  4700K .......... .......... .......... .......... .......... 77%  139M 0s
  4750K .......... .......... .......... .......... .......... 78%  142M 0s
  4800K .......... .......... .......... .......... .......... 79%  208M 0s
  4850K .......... .......... .......... .......... .......... 80%  189M 0s
  4900K .......... .......... .......... .......... .......... 80%  173M 0s
  4950K .......... .......... .......... .......... .......... 81%  156M 0s
  5000K .......... .......... .......... .......... .......... 82%  137M 0s
  5050K .......... .......... .......... .......... .......... 83%  111M 0s
  5100K .......... .......... .......... .......... .......... 84%  209M 0s
  5150K .......... .......... .......... .......... .......... 84%  215M 0s
  5200K .......... .......... .......... .......... .......... 85%  216M 0s
  5250K .......... .......... .......... .......... .......... 86%  171M 0s
  5300K .......... .......... .......... .......... .......... 87%  217M 0s
  5350K .......... .......... .......... .......... .......... 88%  212M 0s
  5400K .......... .......... .......... .......... .......... 88% 87.8M 0s
  5450K .......... .......... .......... .......... .......... 89%  213M 0s
  5500K .......... .......... .......... .......... .......... 90%  218M 0s
  5550K .......... .......... .......... .......... .......... 91%  212M 0s
  5600K .......... .......... .......... .......... .......... 92%  163M 0s
  5650K .......... .......... .......... .......... .......... 93%  218M 0s
  5700K .......... .......... .......... .......... .......... 93%  215M 0s
  5750K .......... .......... .......... .......... .......... 94%  163M 0s
  5800K .......... .......... .......... .......... .......... 95%  115M 0s
  5850K .......... .......... .......... .......... .......... 96%  210M 0s
  5900K .......... .......... .......... .......... .......... 97%  164M 0s
  5950K .......... .......... .......... .......... .......... 97%  174M 0s
  6000K .......... .......... .......... .......... .......... 98%  210M 0s
  6050K .......... .......... .......... .......... .......... 99%  201M 0s
  6100K .......... .......... ....                            100%  264M=0.1s

2017-01-10 03:19:49 (42.1 MB/s) - `a1a3cc79e823dd2426116bfcd645a776.apk' saved [6271562/6271562]

