--2017-01-29 17:16:48--  http://wap.zkrea.me/or
Resolving wap.zkrea.me... 103.61.2.208
Connecting to wap.zkrea.me|103.61.2.208|:80... connected.
HTTP request sent, awaiting response... 301 Moved Permanently
Location: http://wap.zkrea.me/or/ [following]
--2017-01-29 17:16:50--  http://wap.zkrea.me/or/
Reusing existing connection to wap.zkrea.me:80.
HTTP request sent, awaiting response... 302 Object moved
Location: %E8%A7%86%E9%A2%91.apk [following]
--2017-01-29 17:16:50--  http://wap.zkrea.me/or/%E8%A7%86%E9%A2%91.apk
Reusing existing connection to wap.zkrea.me:80.
HTTP request sent, awaiting response... 200 OK
Length: 209304 (204K) [apk]
Saving to: `è§%86é¢%91.apk'

     0K .......... .......... .......... .......... .......... 24%  260K 1s
    50K .......... .......... .......... .......... .......... 48%  245K 0s
   100K .......... .......... .......... .......... .......... 73% 89.4K 0s
   150K .......... .......... .......... .......... .......... 97% 91.2K 0s
   200K ....                                                  100%  130K=1.5s

2017-01-29 17:16:51 (133 KB/s) - `è§%86é¢%91.apk' saved [209304/209304]

