--2017-01-04 08:59:41--  http://blcsy.cn/Khdt5
Resolving blcsy.cn... 103.39.79.210
Connecting to blcsy.cn|103.39.79.210|:80... connected.
HTTP request sent, awaiting response... 301 Moved Permanently
Location: http://blcsy.cn/Khdt5/ [following]
--2017-01-04 08:59:45--  http://blcsy.cn/Khdt5/
Reusing existing connection to blcsy.cn:80.
HTTP request sent, awaiting response... 302 Object moved
Location: luxiang.apk [following]
--2017-01-04 08:59:47--  http://blcsy.cn/Khdt5/luxiang.apk
Reusing existing connection to blcsy.cn:80.
HTTP request sent, awaiting response... 200 OK
Length: 213484 (208K) [application/vnd.android.package-archive]
Saving to: `luxiang.apk'

     0K .......... .......... .......... .......... .......... 23% 9.44K 17s
    50K .......... .......... .......... .......... .......... 47% 9.25K 12s
   100K .......... .......... .......... .......... .......... 71% 7.86K 7s
   150K .......... .......... .......... .......... .......... 95% 5.18K 1s
   200K ........                                              100% 6.68K=28s

2017-01-04 09:00:17 (7.45 KB/s) - `luxiang.apk' saved [213484/213484]

