--2017-01-04 14:07:09--  http://blcsy.cn/ZlrjF
Resolving blcsy.cn... 103.39.79.210
Connecting to blcsy.cn|103.39.79.210|:80... connected.
HTTP request sent, awaiting response... 301 Moved Permanently
Location: http://blcsy.cn/ZlrjF/ [following]
--2017-01-04 14:07:16--  http://blcsy.cn/ZlrjF/
Reusing existing connection to blcsy.cn:80.
HTTP request sent, awaiting response... 302 Object moved
Location: luxiang.apk [following]
--2017-01-04 14:07:17--  http://blcsy.cn/ZlrjF/luxiang.apk
Reusing existing connection to blcsy.cn:80.
HTTP request sent, awaiting response... 200 OK
Length: 213485 (208K) [application/vnd.android.package-archive]
Saving to: `luxiang.apk'

     0K .......... .......... .......... .......... .......... 23% 5.55K 29s
    50K .......... .......... .......... .......... .......... 47% 4.07K 23s
   100K .......... .......... .......... .......... .......... 71% 4.10K 13s
   150K .......... .......... .......... .......... .......... 95% 2.80K 2s
   200K ........                                              100% 99.1K=51s

2017-01-04 14:08:09 (4.05 KB/s) - `luxiang.apk' saved [213485/213485]

