--2016-12-17 20:52:47--  http://www.yiqibo.tv/
Resolving www.yiqibo.tv... 119.29.167.198
Connecting to www.yiqibo.tv|119.29.167.198|:80... connected.
HTTP request sent, awaiting response... 200 OK
Length: 3100 (3.0K) [text/html]
Saving to: `index.html'

     0K ...                                                   100%  174M=0s

2016-12-17 20:52:49 (174 MB/s) - `index.html' saved [3100/3100]

=======================The second times wget =====================
--2016-12-17 20:52:49--  http://images.yiqibo.tv/download/yiqibo.apk
Resolving images.yiqibo.tv... 116.211.185.42
Connecting to images.yiqibo.tv|116.211.185.42|:80... connected.
HTTP request sent, awaiting response... 200 OK
Length: 34818917 (33M) [application/octet-stream]
Saving to: `yiqibo.apk'

     0K .......... .......... .......... .......... ..........  0% 2.27M 15s
    50K .......... .......... .......... .......... ..........  0% 4.61M 11s
   100K .......... .......... .......... .......... ..........  0% 4.72M 10s
   150K .......... .......... .......... .......... ..........  0% 79.3M 7s
   200K .......... .......... .......... .......... ..........  0% 4.75M 7s
   250K .......... .......... .......... .......... ..........  0%  109M 6s
   300K .......... .......... .......... .......... ..........  1% 5.00M 6s
   350K .......... .......... .......... .......... ..........  1% 93.4M 5s
   400K .......... .......... .......... .......... ..........  1%  170M 5s
   450K .......... .......... .......... .......... ..........  1% 6.72M 5s
   500K .......... .......... .......... .......... ..........  1% 17.9M 5s
   550K .......... .......... .......... .......... ..........  1%  161M 4s
   600K .......... .......... .......... .......... ..........  1%  104M 4s
   650K .......... .......... .......... .......... ..........  2% 7.37M 4s
   700K .......... .......... .......... .......... ..........  2% 16.0M 4s
   750K .......... .......... .......... .......... ..........  2%  143M 4s
   800K .......... .......... .......... .......... ..........  2%  129M 3s
   850K .......... .......... .......... .......... ..........  2%  180M 3s
   900K .......... .......... .......... .......... ..........  2%  134M 3s
   950K .......... .......... .......... .......... ..........  2% 8.25M 3s
  1000K .......... .......... .......... .......... ..........  3%  120M 3s
  1050K .......... .......... .......... .......... ..........  3% 15.7M 3s
  1100K .......... .......... .......... .......... ..........  3%  151M 3s
  1150K .......... .......... .......... .......... ..........  3%  151M 3s
  1200K .......... .......... .......... .......... ..........  3%  198M 3s
  1250K .......... .......... .......... .......... ..........  3%  127M 2s
  1300K .......... .......... .......... .......... ..........  3%  196M 2s
  1350K .......... .......... .......... .......... ..........  4%  160M 2s
  1400K .......... .......... .......... .......... ..........  4% 9.59M 2s
  1450K .......... .......... .......... .......... ..........  4% 13.6M 2s
  1500K .......... .......... .......... .......... ..........  4%  148M 2s
  1550K .......... .......... .......... .......... ..........  4%  195M 2s
  1600K .......... .......... .......... .......... ..........  4%  207M 2s
  1650K .......... .......... .......... .......... ..........  4%  214M 2s
  1700K .......... .......... .......... .......... ..........  5%  137M 2s
  1750K .......... .......... .......... .......... ..........  5%  184M 2s
  1800K .......... .......... .......... .......... ..........  5%  146M 2s
  1850K .......... .......... .......... .......... ..........  5%  203M 2s
  1900K .......... .......... .......... .......... ..........  5% 10.3M 2s
  1950K .......... .......... .......... .......... ..........  5%  119M 2s
  2000K .......... .......... .......... .......... ..........  6% 15.8M 2s
  2050K .......... .......... .......... .......... ..........  6% 81.4M 2s
  2100K .......... .......... .......... .......... ..........  6%  137M 2s
  2150K .......... .......... .......... .......... ..........  6%  121M 2s
  2200K .......... .......... .......... .......... ..........  6% 80.6M 2s
  2250K .......... .......... .......... .......... ..........  6%  119M 2s
  2300K .......... .......... .......... .......... ..........  6%  137M 2s
  2350K .......... .......... .......... .......... ..........  7%  132M 2s
  2400K .......... .......... .......... .......... ..........  7%  115M 2s
  2450K .......... .......... .......... .......... ..........  7%  103M 2s
  2500K .......... .......... .......... .......... ..........  7% 90.1M 1s
  2550K .......... .......... .......... .......... ..........  7%  135M 1s
  2600K .......... .......... .......... .......... ..........  7%  110M 1s
  2650K .......... .......... .......... .......... ..........  7% 30.0M 1s
  2700K .......... .......... .......... .......... ..........  8%  111M 1s
  2750K .......... .......... .......... .......... ..........  8% 16.5M 1s
  2800K .......... .......... .......... .......... ..........  8% 79.9M 1s
  2850K .......... .......... .......... .......... ..........  8% 80.7M 1s
  2900K .......... .......... .......... .......... ..........  8%  130M 1s
  2950K .......... .......... .......... .......... ..........  8% 96.7M 1s
  3000K .......... .......... .......... .......... ..........  8%  136M 1s
  3050K .......... .......... .......... .......... ..........  9%  137M 1s
  3100K .......... .......... .......... .......... ..........  9%  115M 1s
  3150K .......... .......... .......... .......... ..........  9%  106M 1s
  3200K .......... .......... .......... .......... ..........  9% 86.6M 1s
  3250K .......... .......... .......... .......... ..........  9%  139M 1s
  3300K .......... .......... .......... .......... ..........  9%  122M 1s
  3350K .......... .......... .......... .......... ..........  9%  135M 1s
  3400K .......... .......... .......... .......... .......... 10% 61.4M 1s
  3450K .......... .......... .......... .......... .......... 10% 92.5M 1s
  3500K .......... .......... .......... .......... .......... 10%  118M 1s
  3550K .......... .......... .......... .......... .......... 10%  135M 1s
  3600K .......... .......... .......... .......... .......... 10% 81.2M 1s
  3650K .......... .......... .......... .......... .......... 10% 94.1M 1s
  3700K .......... .......... .......... .......... .......... 11% 26.0M 1s
  3750K .......... .......... .......... .......... .......... 11% 87.7M 1s
  3800K .......... .......... .......... .......... .......... 11%  104M 1s
  3850K .......... .......... .......... .......... .......... 11%  132M 1s
  3900K .......... .......... .......... .......... .......... 11% 74.8M 1s
  3950K .......... .......... .......... .......... .......... 11%  157M 1s
  4000K .......... .......... .......... .......... .......... 11% 74.8M 1s
  4050K .......... .......... .......... .......... .......... 12%  122M 1s
  4100K .......... .......... .......... .......... .......... 12%  160M 1s
  4150K .......... .......... .......... .......... .......... 12%  211M 1s
  4200K .......... .......... .......... .......... .......... 12% 29.9M 1s
  4250K .......... .......... .......... .......... .......... 12%  126M 1s
  4300K .......... .......... .......... .......... .......... 12%  218M 1s
  4350K .......... .......... .......... .......... .......... 12%  120M 1s
  4400K .......... .......... .......... .......... .......... 13%  182M 1s
  4450K .......... .......... .......... .......... .......... 13%  216M 1s
  4500K .......... .......... .......... .......... .......... 13%  210M 1s
  4550K .......... .......... .......... .......... .......... 13%  118M 1s
  4600K .......... .......... .......... .......... .......... 13%  213M 1s
  4650K .......... .......... .......... .......... .......... 13% 57.7M 1s
  4700K .......... .......... .......... .......... .......... 13%  184M 1s
  4750K .......... .......... .......... .......... .......... 14%  159M 1s
  4800K .......... .......... .......... .......... .......... 14%  148M 1s
  4850K .......... .......... .......... .......... .......... 14%  215M 1s
  4900K .......... .......... .......... .......... .......... 14%  150M 1s
  4950K .......... .......... .......... .......... .......... 14%  143M 1s
  5000K .......... .......... .......... .......... .......... 14%  173M 1s
  5050K .......... .......... .......... .......... .......... 14% 40.6M 1s
  5100K .......... .......... .......... .......... .......... 15%  193M 1s
  5150K .......... .......... .......... .......... .......... 15%  118M 1s
  5200K .......... .......... .......... .......... .......... 15%  190M 1s
  5250K .......... .......... .......... .......... .......... 15%  217M 1s
  5300K .......... .......... .......... .......... .......... 15%  175M 1s
  5350K .......... .......... .......... .......... .......... 15% 37.2M 1s
  5400K .......... .......... .......... .......... .......... 16%  205M 1s
  5450K .......... .......... .......... .......... .......... 16%  130M 1s
  5500K .......... .......... .......... .......... .......... 16%  184M 1s
  5550K .......... .......... .......... .......... .......... 16%  220M 1s
  5600K .......... .......... .......... .......... .......... 16%  127M 1s
  5650K .......... .......... .......... .......... .......... 16%  171M 1s
  5700K .......... .......... .......... .......... .......... 16%  109M 1s
  5750K .......... .......... .......... .......... .......... 17%  161M 1s
  5800K .......... .......... .......... .......... .......... 17% 64.8M 1s
  5850K .......... .......... .......... .......... .......... 17%  160M 1s
  5900K .......... .......... .......... .......... .......... 17%  178M 1s
  5950K .......... .......... .......... .......... .......... 17%  203M 1s
  6000K .......... .......... .......... .......... .......... 17%  221M 1s
  6050K .......... .......... .......... .......... .......... 17%  145M 1s
  6100K .......... .......... .......... .......... .......... 18%  158M 1s
  6150K .......... .......... .......... .......... .......... 18%  218M 1s
  6200K .......... .......... .......... .......... .......... 18%  221M 1s
  6250K .......... .......... .......... .......... .......... 18%  154M 1s
  6300K .......... .......... .......... .......... .......... 18%  188M 1s
  6350K .......... .......... .......... .......... .......... 18%  217M 1s
  6400K .......... .......... .......... .......... .......... 18%  111M 1s
  6450K .......... .......... .......... .......... .......... 19%  156M 1s
  6500K .......... .......... .......... .......... .......... 19%  151M 1s
  6550K .......... .......... .......... .......... .......... 19%  211M 1s
  6600K .......... .......... .......... .......... .......... 19%  201M 1s
  6650K .......... .......... .......... .......... .......... 19%  133M 1s
  6700K .......... .......... .......... .......... .......... 19%  216M 1s
  6750K .......... .......... .......... .......... .......... 19%  202M 1s
  6800K .......... .......... .......... .......... .......... 20%  120M 1s
  6850K .......... .......... .......... .......... .......... 20%  186M 1s
  6900K .......... .......... .......... .......... .......... 20%  137M 1s
  6950K .......... .......... .......... .......... .......... 20%  188M 1s
  7000K .......... .......... .......... .......... .......... 20%  150M 1s
  7050K .......... .......... .......... .......... .......... 20%  182M 1s
  7100K .......... .......... .......... .......... .......... 21%  131M 1s
  7150K .......... .......... .......... .......... .......... 21% 59.7M 1s
  7200K .......... .......... .......... .......... .......... 21%  187M 1s
  7250K .......... .......... .......... .......... .......... 21%  161M 1s
  7300K .......... .......... .......... .......... .......... 21%  218M 1s
  7350K .......... .......... .......... .......... .......... 21%  129M 1s
  7400K .......... .......... .......... .......... .......... 21%  205M 1s
  7450K .......... .......... .......... .......... .......... 22%  218M 1s
  7500K .......... .......... .......... .......... .......... 22%  138M 1s
  7550K .......... .......... .......... .......... .......... 22%  125M 1s
  7600K .......... .......... .......... .......... .......... 22%  122M 1s
  7650K .......... .......... .......... .......... .......... 22%  202M 1s
  7700K .......... .......... .......... .......... .......... 22%  182M 1s
  7750K .......... .......... .......... .......... .......... 22%  213M 1s
  7800K .......... .......... .......... .......... .......... 23%  218M 1s
  7850K .......... .......... .......... .......... .......... 23%  118M 1s
  7900K .......... .......... .......... .......... .......... 23%  172M 1s
  7950K .......... .......... .......... .......... .......... 23%  202M 1s
  8000K .......... .......... .......... .......... .......... 23%  201M 1s
  8050K .......... .......... .......... .......... .......... 23%  150M 1s
  8100K .......... .......... .......... .......... .......... 23%  144M 1s
  8150K .......... .......... .......... .......... .......... 24% 98.8M 1s
  8200K .......... .......... .......... .......... .......... 24%  167M 1s
  8250K .......... .......... .......... .......... .......... 24%  155M 1s
  8300K .......... .......... .......... .......... .......... 24%  206M 1s
  8350K .......... .......... .......... .......... .......... 24%  199M 1s
  8400K .......... .......... .......... .......... .......... 24%  191M 1s
  8450K .......... .......... .......... .......... .......... 24%  219M 1s
  8500K .......... .......... .......... .......... .......... 25%  125M 1s
  8550K .......... .......... .......... .......... .......... 25%  167M 1s
  8600K .......... .......... .......... .......... .......... 25%  212M 1s
  8650K .......... .......... .......... .......... .......... 25%  174M 1s
  8700K .......... .......... .......... .......... .......... 25%  194M 0s
  8750K .......... .......... .......... .......... .......... 25%  132M 0s
  8800K .......... .......... .......... .......... .......... 26%  214M 0s
  8850K .......... .......... .......... .......... .......... 26%  204M 0s
  8900K .......... .......... .......... .......... .......... 26%  219M 0s
  8950K .......... .......... .......... .......... .......... 26%  117M 0s
  9000K .......... .......... .......... .......... .......... 26%  159M 0s
  9050K .......... .......... .......... .......... .......... 26%  201M 0s
  9100K .......... .......... .......... .......... .......... 26%  132M 0s
  9150K .......... .......... .......... .......... .......... 27%  197M 0s
  9200K .......... .......... .......... .......... .......... 27%  203M 0s
  9250K .......... .......... .......... .......... .......... 27%  220M 0s
  9300K .......... .......... .......... .......... .......... 27%  151M 0s
  9350K .......... .......... .......... .......... .......... 27%  121M 0s
  9400K .......... .......... .......... .......... .......... 27%  204M 0s
  9450K .......... .......... .......... .......... .......... 27%  176M 0s
  9500K .......... .......... .......... .......... .......... 28%  215M 0s
  9550K .......... .......... .......... .......... .......... 28%  123M 0s
  9600K .......... .......... .......... .......... .......... 28%  215M 0s
  9650K .......... .......... .......... .......... .......... 28%  161M 0s
  9700K .......... .......... .......... .......... .......... 28%  206M 0s
  9750K .......... .......... .......... .......... .......... 28%  202M 0s
  9800K .......... .......... .......... .......... .......... 28%  132M 0s
  9850K .......... .......... .......... .......... .......... 29%  202M 0s
  9900K .......... .......... .......... .......... .......... 29%  158M 0s
  9950K .......... .......... .......... .......... .......... 29%  221M 0s
 10000K .......... .......... .......... .......... .......... 29%  163M 0s
 10050K .......... .......... .......... .......... .......... 29%  153M 0s
 10100K .......... .......... .......... .......... .......... 29%  196M 0s
 10150K .......... .......... .......... .......... .......... 29%  144M 0s
 10200K .......... .......... .......... .......... .......... 30%  209M 0s
 10250K .......... .......... .......... .......... .......... 30%  205M 0s
 10300K .......... .......... .......... .......... .......... 30%  217M 0s
 10350K .......... .......... .......... .......... .......... 30%  132M 0s
 10400K .......... .......... .......... .......... .......... 30%  178M 0s
 10450K .......... .......... .......... .......... .......... 30%  158M 0s
 10500K .......... .......... .......... .......... .......... 31%  217M 0s
 10550K .......... .......... .......... .......... .......... 31%  171M 0s
 10600K .......... .......... .......... .......... .......... 31%  122M 0s
 10650K .......... .......... .......... .......... .......... 31%  211M 0s
 10700K .......... .......... .......... .......... .......... 31%  161M 0s
 10750K .......... .......... .......... .......... .......... 31%  199M 0s
 10800K .......... .......... .......... .......... .......... 31%  136M 0s
 10850K .......... .......... .......... .......... .......... 32%  213M 0s
 10900K .......... .......... .......... .......... .......... 32%  174M 0s
 10950K .......... .......... .......... .......... .......... 32%  205M 0s
 11000K .......... .......... .......... .......... .......... 32%  164M 0s
 11050K .......... .......... .......... .......... .......... 32%  179M 0s
 11100K .......... .......... .......... .......... .......... 32%  174M 0s
 11150K .......... .......... .......... .......... .......... 32%  202M 0s
 11200K .......... .......... .......... .......... .......... 33%  131M 0s
 11250K .......... .......... .......... .......... .......... 33%  181M 0s
 11300K .......... .......... .......... .......... .......... 33%  216M 0s
 11350K .......... .......... .......... .......... .......... 33%  159M 0s
 11400K .......... .......... .......... .......... .......... 33%  221M 0s
 11450K .......... .......... .......... .......... .......... 33%  155M 0s
 11500K .......... .......... .......... .......... .......... 33%  149M 0s
 11550K .......... .......... .......... .......... .......... 34%  221M 0s
 11600K .......... .......... .......... .......... .......... 34%  185M 0s
 11650K .......... .......... .......... .......... .......... 34%  192M 0s
 11700K .......... .......... .......... .......... .......... 34%  109M 0s
 11750K .......... .......... .......... .......... .......... 34%  165M 0s
 11800K .......... .......... .......... .......... .......... 34%  212M 0s
 11850K .......... .......... .......... .......... .......... 34%  205M 0s
 11900K .......... .......... .......... .......... .......... 35%  218M 0s
 11950K .......... .......... .......... .......... .......... 35%  219M 0s
 12000K .......... .......... .......... .......... .......... 35%  189M 0s
 12050K .......... .......... .......... .......... .......... 35%  158M 0s
 12100K .......... .......... .......... .......... .......... 35%  218M 0s
 12150K .......... .......... .......... .......... .......... 35%  101M 0s
 12200K .......... .......... .......... .......... .......... 36%  204M 0s
 12250K .......... .......... .......... .......... .......... 36%  217M 0s
 12300K .......... .......... .......... .......... .......... 36%  213M 0s
 12350K .......... .......... .......... .......... .......... 36%  191M 0s
 12400K .......... .......... .......... .......... .......... 36%  189M 0s
 12450K .......... .......... .......... .......... .......... 36%  166M 0s
 12500K .......... .......... .......... .......... .......... 36%  219M 0s
 12550K .......... .......... .......... .......... .......... 37%  177M 0s
 12600K .......... .......... .......... .......... .......... 37%  204M 0s
 12650K .......... .......... .......... .......... .......... 37%  218M 0s
 12700K .......... .......... .......... .......... .......... 37% 96.9M 0s
 12750K .......... .......... .......... .......... .......... 37%  206M 0s
 12800K .......... .......... .......... .......... .......... 37%  217M 0s
 12850K .......... .......... .......... .......... .......... 37%  222M 0s
 12900K .......... .......... .......... .......... .......... 38%  174M 0s
 12950K .......... .......... .......... .......... .......... 38%  217M 0s
 13000K .......... .......... .......... .......... .......... 38%  203M 0s
 13050K .......... .......... .......... .......... .......... 38%  140M 0s
 13100K .......... .......... .......... .......... .......... 38%  140M 0s
 13150K .......... .......... .......... .......... .......... 38%  202M 0s
 13200K .......... .......... .......... .......... .......... 38%  220M 0s
 13250K .......... .......... .......... .......... .......... 39%  142M 0s
 13300K .......... .......... .......... .......... .......... 39%  196M 0s
 13350K .......... .......... .......... .......... .......... 39%  200M 0s
 13400K .......... .......... .......... .......... .......... 39%  220M 0s
 13450K .......... .......... .......... .......... .......... 39%  202M 0s
 13500K .......... .......... .......... .......... .......... 39%  160M 0s
 13550K .......... .......... .......... .......... .......... 39%  112M 0s
 13600K .......... .......... .......... .......... .......... 40%  160M 0s
 13650K .......... .......... .......... .......... .......... 40%  212M 0s
 13700K .......... .......... .......... .......... .......... 40%  158M 0s
 13750K .......... .......... .......... .......... .......... 40%  167M 0s
 13800K .......... .......... .......... .......... .......... 40%  192M 0s
 13850K .......... .......... .......... .......... .......... 40%  191M 0s
 13900K .......... .......... .......... .......... .......... 41%  223M 0s
 13950K .......... .......... .......... .......... .......... 41%  222M 0s
 14000K .......... .......... .......... .......... .......... 41%  182M 0s
 14050K .......... .......... .......... .......... .......... 41%  204M 0s
 14100K .......... .......... .......... .......... .......... 41%  217M 0s
 14150K .......... .......... .......... .......... .......... 41%  170M 0s
 14200K .......... .......... .......... .......... .......... 41%  191M 0s
 14250K .......... .......... .......... .......... .......... 42%  211M 0s
 14300K .......... .......... .......... .......... .......... 42%  117M 0s
 14350K .......... .......... .......... .......... .......... 42%  222M 0s
 14400K .......... .......... .......... .......... .......... 42%  176M 0s
 14450K .......... .......... .......... .......... .......... 42%  161M 0s
 14500K .......... .......... .......... .......... .......... 42%  161M 0s
 14550K .......... .......... .......... .......... .......... 42%  189M 0s
 14600K .......... .......... .......... .......... .......... 43%  203M 0s
 14650K .......... .......... .......... .......... .......... 43%  218M 0s
 14700K .......... .......... .......... .......... .......... 43%  224M 0s
 14750K .......... .......... .......... .......... .......... 43%  222M 0s
 14800K .......... .......... .......... .......... .......... 43%  154M 0s
 14850K .......... .......... .......... .......... .......... 43%  169M 0s
 14900K .......... .......... .......... .......... .......... 43%  220M 0s
 14950K .......... .......... .......... .......... .......... 44%  180M 0s
 15000K .......... .......... .......... .......... .......... 44%  203M 0s
 15050K .......... .......... .......... .......... .......... 44%  216M 0s
 15100K .......... .......... .......... .......... .......... 44%  225M 0s
 15150K .......... .......... .......... .......... .......... 44%  222M 0s
 15200K .......... .......... .......... .......... .......... 44% 85.2M 0s
 15250K .......... .......... .......... .......... .......... 44%  207M 0s
 15300K .......... .......... .......... .......... .......... 45%  215M 0s
 15350K .......... .......... .......... .......... .......... 45%  191M 0s
 15400K .......... .......... .......... .......... .......... 45%  204M 0s
 15450K .......... .......... .......... .......... .......... 45%  222M 0s
 15500K .......... .......... .......... .......... .......... 45%  220M 0s
 15550K .......... .......... .......... .......... .......... 45%  119M 0s
 15600K .......... .......... .......... .......... .......... 46%  218M 0s
 15650K .......... .......... .......... .......... .......... 46%  227M 0s
 15700K .......... .......... .......... .......... .......... 46%  224M 0s
 15750K .......... .......... .......... .......... .......... 46%  168M 0s
 15800K .......... .......... .......... .......... .......... 46%  218M 0s
 15850K .......... .......... .......... .......... .......... 46%  207M 0s
 15900K .......... .......... .......... .......... .......... 46%  215M 0s
 15950K .......... .......... .......... .......... .......... 47%  129M 0s
 16000K .......... .......... .......... .......... .......... 47%  216M 0s
 16050K .......... .......... .......... .......... .......... 47%  131M 0s
 16100K .......... .......... .......... .......... .......... 47%  186M 0s
 16150K .......... .......... .......... .......... .......... 47%  203M 0s
 16200K .......... .......... .......... .......... .......... 47%  198M 0s
 16250K .......... .......... .......... .......... .......... 47%  174M 0s
 16300K .......... .......... .......... .......... .......... 48%  151M 0s
 16350K .......... .......... .......... .......... .......... 48%  164M 0s
 16400K .......... .......... .......... .......... .......... 48%  124M 0s
 16450K .......... .......... .......... .......... .......... 48%  162M 0s
 16500K .......... .......... .......... .......... .......... 48%  178M 0s
 16550K .......... .......... .......... .......... .......... 48%  110M 0s
 16600K .......... .......... .......... .......... .......... 48%  163M 0s
 16650K .......... .......... .......... .......... .......... 49%  204M 0s
 16700K .......... .......... .......... .......... .......... 49%  220M 0s
 16750K .......... .......... .......... .......... .......... 49%  149M 0s
 16800K .......... .......... .......... .......... .......... 49%  189M 0s
 16850K .......... .......... .......... .......... .......... 49%  220M 0s
 16900K .......... .......... .......... .......... .......... 49%  203M 0s
 16950K .......... .......... .......... .......... .......... 49%  215M 0s
 17000K .......... .......... .......... .......... .......... 50%  155M 0s
 17050K .......... .......... .......... .......... .......... 50%  214M 0s
 17100K .......... .......... .......... .......... .......... 50%  218M 0s
 17150K .......... .......... .......... .......... .......... 50%  158M 0s
 17200K .......... .......... .......... .......... .......... 50%  188M 0s
 17250K .......... .......... .......... .......... .......... 50%  218M 0s
 17300K .......... .......... .......... .......... .......... 51%  219M 0s
 17350K .......... .......... .......... .......... .......... 51%  222M 0s
 17400K .......... .......... .......... .......... .......... 51%  113M 0s
 17450K .......... .......... .......... .......... .......... 51%  215M 0s
 17500K .......... .......... .......... .......... .......... 51%  217M 0s
 17550K .......... .......... .......... .......... .......... 51%  138M 0s
 17600K .......... .......... .......... .......... .......... 51%  213M 0s
 17650K .......... .......... .......... .......... .......... 52%  213M 0s
 17700K .......... .......... .......... .......... .......... 52%  220M 0s
 17750K .......... .......... .......... .......... .......... 52%  178M 0s
 17800K .......... .......... .......... .......... .......... 52%  199M 0s
 17850K .......... .......... .......... .......... .......... 52%  218M 0s
 17900K .......... .......... .......... .......... .......... 52%  213M 0s
 17950K .......... .......... .......... .......... .......... 52%  142M 0s
 18000K .......... .......... .......... .......... .......... 53%  213M 0s
 18050K .......... .......... .......... .......... .......... 53%  219M 0s
 18100K .......... .......... .......... .......... .......... 53%  220M 0s
 18150K .......... .......... .......... .......... .......... 53%  158M 0s
 18200K .......... .......... .......... .......... .......... 53%  211M 0s
 18250K .......... .......... .......... .......... .......... 53%  122M 0s
 18300K .......... .......... .......... .......... .......... 53%  216M 0s
 18350K .......... .......... .......... .......... .......... 54%  136M 0s
 18400K .......... .......... .......... .......... .......... 54%  217M 0s
 18450K .......... .......... .......... .......... .......... 54%  222M 0s
 18500K .......... .......... .......... .......... .......... 54%  220M 0s
 18550K .......... .......... .......... .......... .......... 54%  155M 0s
 18600K .......... .......... .......... .......... .......... 54%  221M 0s
 18650K .......... .......... .......... .......... .......... 54%  192M 0s
 18700K .......... .......... .......... .......... .......... 55%  218M 0s
 18750K .......... .......... .......... .......... .......... 55% 91.8M 0s
 18800K .......... .......... .......... .......... .......... 55%  217M 0s
 18850K .......... .......... .......... .......... .......... 55%  204M 0s
 18900K .......... .......... .......... .......... .......... 55%  161M 0s
 18950K .......... .......... .......... .......... .......... 55%  218M 0s
 19000K .......... .......... .......... .......... .......... 56%  207M 0s
 19050K .......... .......... .......... .......... .......... 56%  218M 0s
 19100K .......... .......... .......... .......... .......... 56%  165M 0s
 19150K .......... .......... .......... .......... .......... 56%  167M 0s
 19200K .......... .......... .......... .......... .......... 56%  148M 0s
 19250K .......... .......... .......... .......... .......... 56%  167M 0s
 19300K .......... .......... .......... .......... .......... 56%  217M 0s
 19350K .......... .......... .......... .......... .......... 57%  167M 0s
 19400K .......... .......... .......... .......... .......... 57%  220M 0s
 19450K .......... .......... .......... .......... .......... 57%  158M 0s
 19500K .......... .......... .......... .......... .......... 57%  217M 0s
 19550K .......... .......... .......... .......... .......... 57%  170M 0s
 19600K .......... .......... .......... .......... .......... 57%  216M 0s
 19650K .......... .......... .......... .......... .......... 57%  102M 0s
 19700K .......... .......... .......... .......... .......... 58%  212M 0s
 19750K .......... .......... .......... .......... .......... 58%  210M 0s
 19800K .......... .......... .......... .......... .......... 58%  180M 0s
 19850K .......... .......... .......... .......... .......... 58%  214M 0s
 19900K .......... .......... .......... .......... .......... 58%  222M 0s
 19950K .......... .......... .......... .......... .......... 58%  168M 0s
 20000K .......... .......... .......... .......... .......... 58%  170M 0s
 20050K .......... .......... .......... .......... .......... 59%  198M 0s
 20100K .......... .......... .......... .......... .......... 59%  218M 0s
 20150K .......... .......... .......... .......... .......... 59%  224M 0s
 20200K .......... .......... .......... .......... .......... 59%  170M 0s
 20250K .......... .......... .......... .......... .......... 59%  215M 0s
 20300K .......... .......... .......... .......... .......... 59%  218M 0s
 20350K .......... .......... .......... .......... .......... 59%  167M 0s
 20400K .......... .......... .......... .......... .......... 60%  115M 0s
 20450K .......... .......... .......... .......... .......... 60%  219M 0s
 20500K .......... .......... .......... .......... .......... 60%  211M 0s
 20550K .......... .......... .......... .......... .......... 60%  203M 0s
 20600K .......... .......... .......... .......... .......... 60%  160M 0s
 20650K .......... .......... .......... .......... .......... 60%  219M 0s
 20700K .......... .......... .......... .......... .......... 61%  206M 0s
 20750K .......... .......... .......... .......... .......... 61%  133M 0s
 20800K .......... .......... .......... .......... .......... 61%  210M 0s
 20850K .......... .......... .......... .......... .......... 61%  221M 0s
 20900K .......... .......... .......... .......... .......... 61%  224M 0s
 20950K .......... .......... .......... .......... .......... 61%  222M 0s
 21000K .......... .......... .......... .......... .......... 61% 87.7M 0s
 21050K .......... .......... .......... .......... .......... 62%  216M 0s
 21100K .......... .......... .......... .......... .......... 62%  222M 0s
 21150K .......... .......... .......... .......... .......... 62%  164M 0s
 21200K .......... .......... .......... .......... .......... 62%  219M 0s
 21250K .......... .......... .......... .......... .......... 62%  215M 0s
 21300K .......... .......... .......... .......... .......... 62%  219M 0s
 21350K .......... .......... .......... .......... .......... 62%  178M 0s
 21400K .......... .......... .......... .......... .......... 63%  167M 0s
 21450K .......... .......... .......... .......... .......... 63%  211M 0s
 21500K .......... .......... .......... .......... .......... 63%  109M 0s
 21550K .......... .......... .......... .......... .......... 63%  212M 0s
 21600K .......... .......... .......... .......... .......... 63%  219M 0s
 21650K .......... .......... .......... .......... .......... 63%  223M 0s
 21700K .......... .......... .......... .......... .......... 63%  180M 0s
 21750K .......... .......... .......... .......... .......... 64%  211M 0s
 21800K .......... .......... .......... .......... .......... 64%  170M 0s
 21850K .......... .......... .......... .......... .......... 64%  127M 0s
 21900K .......... .......... .......... .......... .......... 64%  171M 0s
 21950K .......... .......... .......... .......... .......... 64%  218M 0s
 22000K .......... .......... .......... .......... .......... 64%  203M 0s
 22050K .......... .......... .......... .......... .......... 64%  203M 0s
 22100K .......... .......... .......... .......... .......... 65%  189M 0s
 22150K .......... .......... .......... .......... .......... 65%  217M 0s
 22200K .......... .......... .......... .......... .......... 65%  161M 0s
 22250K .......... .......... .......... .......... .......... 65%  203M 0s
 22300K .......... .......... .......... .......... .......... 65%  174M 0s
 22350K .......... .......... .......... .......... .......... 65%  221M 0s
 22400K .......... .......... .......... .......... .......... 66%  222M 0s
 22450K .......... .......... .......... .......... .......... 66%  195M 0s
 22500K .......... .......... .......... .......... .......... 66%  168M 0s
 22550K .......... .......... .......... .......... .......... 66%  118M 0s
 22600K .......... .......... .......... .......... .......... 66%  105M 0s
 22650K .......... .......... .......... .......... .......... 66%  171M 0s
 22700K .......... .......... .......... .......... .......... 66%  210M 0s
 22750K .......... .......... .......... .......... .......... 67%  189M 0s
 22800K .......... .......... .......... .......... .......... 67%  175M 0s
 22850K .......... .......... .......... .......... .......... 67%  173M 0s
 22900K .......... .......... .......... .......... .......... 67%  215M 0s
 22950K .......... .......... .......... .......... .......... 67%  178M 0s
 23000K .......... .......... .......... .......... .......... 67%  133M 0s
 23050K .......... .......... .......... .......... .......... 67%  196M 0s
 23100K .......... .......... .......... .......... .......... 68%  213M 0s
 23150K .......... .......... .......... .......... .......... 68%  171M 0s
 23200K .......... .......... .......... .......... .......... 68%  193M 0s
 23250K .......... .......... .......... .......... .......... 68%  216M 0s
 23300K .......... .......... .......... .......... .......... 68% 84.2M 0s
 23350K .......... .......... .......... .......... .......... 68%  184M 0s
 23400K .......... .......... .......... .......... .......... 68%  148M 0s
 23450K .......... .......... .......... .......... .......... 69%  203M 0s
 23500K .......... .......... .......... .......... .......... 69%  186M 0s
 23550K .......... .......... .......... .......... .......... 69%  217M 0s
 23600K .......... .......... .......... .......... .......... 69%  218M 0s
 23650K .......... .......... .......... .......... .......... 69%  203M 0s
 23700K .......... .......... .......... .......... .......... 69%  164M 0s
 23750K .......... .......... .......... .......... .......... 69%  215M 0s
 23800K .......... .......... .......... .......... .......... 70%  161M 0s
 23850K .......... .......... .......... .......... .......... 70%  204M 0s
 23900K .......... .......... .......... .......... .......... 70%  186M 0s
 23950K .......... .......... .......... .......... .......... 70%  117M 0s
 24000K .......... .......... .......... .......... .......... 70%  203M 0s
 24050K .......... .......... .......... .......... .......... 70%  161M 0s
 24100K .......... .......... .......... .......... .......... 71%  200M 0s
 24150K .......... .......... .......... .......... .......... 71%  215M 0s
 24200K .......... .......... .......... .......... .......... 71%  150M 0s
 24250K .......... .......... .......... .......... .......... 71%  178M 0s
 24300K .......... .......... .......... .......... .......... 71%  216M 0s
 24350K .......... .......... .......... .......... .......... 71%  192M 0s
 24400K .......... .......... .......... .......... .......... 71%  197M 0s
 24450K .......... .......... .......... .......... .......... 72%  175M 0s
 24500K .......... .......... .......... .......... .......... 72%  218M 0s
 24550K .......... .......... .......... .......... .......... 72%  219M 0s
 24600K .......... .......... .......... .......... .......... 72%  152M 0s
 24650K .......... .......... .......... .......... .......... 72%  185M 0s
 24700K .......... .......... .......... .......... .......... 72%  216M 0s
 24750K .......... .......... .......... .......... .......... 72%  191M 0s
 24800K .......... .......... .......... .......... .......... 73%  199M 0s
 24850K .......... .......... .......... .......... .......... 73% 89.1M 0s
 24900K .......... .......... .......... .......... .......... 73%  210M 0s
 24950K .......... .......... .......... .......... .......... 73%  202M 0s
 25000K .......... .......... .......... .......... .......... 73%  141M 0s
 25050K .......... .......... .......... .......... .......... 73%  215M 0s
 25100K .......... .......... .......... .......... .......... 73%  186M 0s
 25150K .......... .......... .......... .......... .......... 74%  186M 0s
 25200K .......... .......... .......... .......... .......... 74%  199M 0s
 25250K .......... .......... .......... .......... .......... 74%  222M 0s
 25300K .......... .......... .......... .......... .......... 74%  218M 0s
 25350K .......... .......... .......... .......... .......... 74%  188M 0s
 25400K .......... .......... .......... .......... .......... 74%  148M 0s
 25450K .......... .......... .......... .......... .......... 74%  222M 0s
 25500K .......... .......... .......... .......... .......... 75%  135M 0s
 25550K .......... .......... .......... .......... .......... 75%  170M 0s
 25600K .......... .......... .......... .......... .......... 75%  215M 0s
 25650K .......... .......... .......... .......... .......... 75%  189M 0s
 25700K .......... .......... .......... .......... .......... 75%  191M 0s
 25750K .......... .......... .......... .......... .......... 75%  186M 0s
 25800K .......... .......... .......... .......... .......... 76%  154M 0s
 25850K .......... .......... .......... .......... .......... 76%  221M 0s
 25900K .......... .......... .......... .......... .......... 76%  172M 0s
 25950K .......... .......... .......... .......... .......... 76%  168M 0s
 26000K .......... .......... .......... .......... .......... 76%  211M 0s
 26050K .......... .......... .......... .......... .......... 76%  205M 0s
 26100K .......... .......... .......... .......... .......... 76%  219M 0s
 26150K .......... .......... .......... .......... .......... 77%  189M 0s
 26200K .......... .......... .......... .......... .......... 77% 96.3M 0s
 26250K .......... .......... .......... .......... .......... 77%  201M 0s
 26300K .......... .......... .......... .......... .......... 77%  170M 0s
 26350K .......... .......... .......... .......... .......... 77%  211M 0s
 26400K .......... .......... .......... .......... .......... 77%  220M 0s
 26450K .......... .......... .......... .......... .......... 77%  202M 0s
 26500K .......... .......... .......... .......... .......... 78%  189M 0s
 26550K .......... .......... .......... .......... .......... 78%  214M 0s
 26600K .......... .......... .......... .......... .......... 78%  157M 0s
 26650K .......... .......... .......... .......... .......... 78%  218M 0s
 26700K .......... .......... .......... .......... .......... 78%  177M 0s
 26750K .......... .......... .......... .......... .......... 78%  210M 0s
 26800K .......... .......... .......... .......... .......... 78%  190M 0s
 26850K .......... .......... .......... .......... .......... 79%  217M 0s
 26900K .......... .......... .......... .......... .......... 79%  159M 0s
 26950K .......... .......... .......... .......... .......... 79%  214M 0s
 27000K .......... .......... .......... .......... .......... 79%  151M 0s
 27050K .......... .......... .......... .......... .......... 79%  222M 0s
 27100K .......... .......... .......... .......... .......... 79%  168M 0s
 27150K .......... .......... .......... .......... .......... 79% 78.6M 0s
 27200K .......... .......... .......... .......... .......... 80%  123M 0s
 27250K .......... .......... .......... .......... .......... 80%  205M 0s
 27300K .......... .......... .......... .......... .......... 80%  124M 0s
 27350K .......... .......... .......... .......... .......... 80%  175M 0s
 27400K .......... .......... .......... .......... .......... 80%  217M 0s
 27450K .......... .......... .......... .......... .......... 80%  177M 0s
 27500K .......... .......... .......... .......... .......... 81%  213M 0s
 27550K .......... .......... .......... .......... .......... 81%  119M 0s
 27600K .......... .......... .......... .......... .......... 81%  168M 0s
 27650K .......... .......... .......... .......... .......... 81%  145M 0s
 27700K .......... .......... .......... .......... .......... 81%  136M 0s
 27750K .......... .......... .......... .......... .......... 81%  214M 0s
 27800K .......... .......... .......... .......... .......... 81%  186M 0s
 27850K .......... .......... .......... .......... .......... 82%  219M 0s
 27900K .......... .......... .......... .......... .......... 82%  187M 0s
 27950K .......... .......... .......... .......... .......... 82%  203M 0s
 28000K .......... .......... .......... .......... .......... 82%  205M 0s
 28050K .......... .......... .......... .......... .......... 82%  218M 0s
 28100K .......... .......... .......... .......... .......... 82%  141M 0s
 28150K .......... .......... .......... .......... .......... 82%  217M 0s
 28200K .......... .......... .......... .......... .......... 83%  202M 0s
 28250K .......... .......... .......... .......... .......... 83%  104M 0s
 28300K .......... .......... .......... .......... .......... 83%  219M 0s
 28350K .......... .......... .......... .......... .......... 83%  204M 0s
 28400K .......... .......... .......... .......... .......... 83%  218M 0s
 28450K .......... .......... .......... .......... .......... 83%  167M 0s
 28500K .......... .......... .......... .......... .......... 83%  116M 0s
 28550K .......... .......... .......... .......... .......... 84%  211M 0s
 28600K .......... .......... .......... .......... .......... 84%  190M 0s
 28650K .......... .......... .......... .......... .......... 84%  213M 0s
 28700K .......... .......... .......... .......... .......... 84%  210M 0s
 28750K .......... .......... .......... .......... .......... 84%  205M 0s
 28800K .......... .......... .......... .......... .......... 84%  218M 0s
 28850K .......... .......... .......... .......... .......... 84%  174M 0s
 28900K .......... .......... .......... .......... .......... 85%  153M 0s
 28950K .......... .......... .......... .......... .......... 85%  217M 0s
 29000K .......... .......... .......... .......... .......... 85%  194M 0s
 29050K .......... .......... .......... .......... .......... 85%  215M 0s
 29100K .......... .......... .......... .......... .......... 85%  167M 0s
 29150K .......... .......... .......... .......... .......... 85%  194M 0s
 29200K .......... .......... .......... .......... .......... 86%  168M 0s
 29250K .......... .......... .......... .......... .......... 86%  212M 0s
 29300K .......... .......... .......... .......... .......... 86%  159M 0s
 29350K .......... .......... .......... .......... .......... 86%  198M 0s
 29400K .......... .......... .......... .......... .......... 86%  168M 0s
 29450K .......... .......... .......... .......... .......... 86%  206M 0s
 29500K .......... .......... .......... .......... .......... 86%  207M 0s
 29550K .......... .......... .......... .......... .......... 87%  101M 0s
 29600K .......... .......... .......... .......... .......... 87%  183M 0s
 29650K .......... .......... .......... .......... .......... 87%  150M 0s
 29700K .......... .......... .......... .......... .......... 87%  159M 0s
 29750K .......... .......... .......... .......... .......... 87%  186M 0s
 29800K .......... .......... .......... .......... .......... 87%  178M 0s
 29850K .......... .......... .......... .......... .......... 87%  157M 0s
 29900K .......... .......... .......... .......... .......... 88%  173M 0s
 29950K .......... .......... .......... .......... .......... 88%  218M 0s
 30000K .......... .......... .......... .......... .......... 88%  205M 0s
 30050K .......... .......... .......... .......... .......... 88%  217M 0s
 30100K .......... .......... .......... .......... .......... 88%  149M 0s
 30150K .......... .......... .......... .......... .......... 88%  215M 0s
 30200K .......... .......... .......... .......... .......... 88%  189M 0s
 30250K .......... .......... .......... .......... .......... 89%  218M 0s
 30300K .......... .......... .......... .......... .......... 89%  177M 0s
 30350K .......... .......... .......... .......... .......... 89%  215M 0s
 30400K .......... .......... .......... .......... .......... 89%  206M 0s
 30450K .......... .......... .......... .......... .......... 89%  199M 0s
 30500K .......... .......... .......... .......... .......... 89%  135M 0s
 30550K .......... .......... .......... .......... .......... 89%  202M 0s
 30600K .......... .......... .......... .......... .......... 90%  198M 0s
 30650K .......... .......... .......... .......... .......... 90%  107M 0s
 30700K .......... .......... .......... .......... .......... 90%  195M 0s
 30750K .......... .......... .......... .......... .......... 90%  203M 0s
 30800K .......... .......... .......... .......... .......... 90%  191M 0s
 30850K .......... .......... .......... .......... .......... 90%  172M 0s
 30900K .......... .......... .......... .......... .......... 91%  164M 0s
 30950K .......... .......... .......... .......... .......... 91%  204M 0s
 31000K .......... .......... .......... .......... .......... 91%  218M 0s
 31050K .......... .......... .......... .......... .......... 91%  176M 0s
 31100K .......... .......... .......... .......... .......... 91%  215M 0s
 31150K .......... .......... .......... .......... .......... 91%  203M 0s
 31200K .......... .......... .......... .......... .......... 91%  221M 0s
 31250K .......... .......... .......... .......... .......... 92%  190M 0s
 31300K .......... .......... .......... .......... .......... 92%  156M 0s
 31350K .......... .......... .......... .......... .......... 92%  203M 0s
 31400K .......... .......... .......... .......... .......... 92%  109M 0s
 31450K .......... .......... .......... .......... .......... 92%  203M 0s
 31500K .......... .......... .......... .......... .......... 92%  205M 0s
 31550K .......... .......... .......... .......... .......... 92%  201M 0s
 31600K .......... .......... .......... .......... .......... 93%  162M 0s
 31650K .......... .......... .......... .......... .......... 93%  201M 0s
 31700K .......... .......... .......... .......... .......... 93%  144M 0s
 31750K .......... .......... .......... .......... .......... 93%  204M 0s
 31800K .......... .......... .......... .......... .......... 93%  175M 0s
 31850K .......... .......... .......... .......... .......... 93%  186M 0s
 31900K .......... .......... .......... .......... .......... 93%  218M 0s
 31950K .......... .......... .......... .......... .......... 94%  202M 0s
 32000K .......... .......... .......... .......... .......... 94%  176M 0s
 32050K .......... .......... .......... .......... .......... 94%  184M 0s
 32100K .......... .......... .......... .......... .......... 94%  102M 0s
 32150K .......... .......... .......... .......... .......... 94%  151M 0s
 32200K .......... .......... .......... .......... .......... 94%  170M 0s
 32250K .......... .......... .......... .......... .......... 94%  164M 0s
 32300K .......... .......... .......... .......... .......... 95%  184M 0s
 32350K .......... .......... .......... .......... .......... 95%  211M 0s
 32400K .......... .......... .......... .......... .......... 95%  205M 0s
 32450K .......... .......... .......... .......... .......... 95%  219M 0s
 32500K .......... .......... .......... .......... .......... 95%  140M 0s
 32550K .......... .......... .......... .......... .......... 95%  216M 0s
 32600K .......... .......... .......... .......... .......... 96%  205M 0s
 32650K .......... .......... .......... .......... .......... 96%  223M 0s
 32700K .......... .......... .......... .......... .......... 96%  191M 0s
 32750K .......... .......... .......... .......... .......... 96%  172M 0s
 32800K .......... .......... .......... .......... .......... 96%  200M 0s
 32850K .......... .......... .......... .......... .......... 96%  220M 0s
 32900K .......... .......... .......... .......... .......... 96%  107M 0s
 32950K .......... .......... .......... .......... .......... 97%  201M 0s
 33000K .......... .......... .......... .......... .......... 97%  212M 0s
 33050K .......... .......... .......... .......... .......... 97%  218M 0s
 33100K .......... .......... .......... .......... .......... 97%  189M 0s
 33150K .......... .......... .......... .......... .......... 97%  202M 0s
 33200K .......... .......... .......... .......... .......... 97%  203M 0s
 33250K .......... .......... .......... .......... .......... 97% 97.3M 0s
 33300K .......... .......... .......... .......... .......... 98%  201M 0s
 33350K .......... .......... .......... .......... .......... 98%  221M 0s
 33400K .......... .......... .......... .......... .......... 98%  201M 0s
 33450K .......... .......... .......... .......... .......... 98%  146M 0s
 33500K .......... .......... .......... .......... .......... 98%  192M 0s
 33550K .......... .......... .......... .......... .......... 98%  167M 0s
 33600K .......... .......... .......... .......... .......... 98%  214M 0s
 33650K .......... .......... .......... .......... .......... 99%  134M 0s
 33700K .......... .......... .......... .......... .......... 99%  215M 0s
 33750K .......... .......... .......... .......... .......... 99%  218M 0s
 33800K .......... .......... .......... .......... .......... 99%  220M 0s
 33850K .......... .......... .......... .......... .......... 99%  191M 0s
 33900K .......... .......... .......... .......... .......... 99%  205M 0s
 33950K .......... .......... .......... .......... .......... 99%  216M 0s
 34000K ..                                                    100% 34.8M=0.3s

2016-12-17 20:52:49 (107 MB/s) - `yiqibo.apk' saved [34818917/34818917]

