--2017-02-06 09:36:04--  http://ftube.info/hgff
Resolving ftube.info... 43.230.114.83
Connecting to ftube.info|43.230.114.83|:80... connected.
HTTP request sent, awaiting response... 301 Moved Permanently
Location: http://ftube.info/hgff/ [following]
--2017-02-06 09:36:06--  http://ftube.info/hgff/
Reusing existing connection to ftube.info:80.
HTTP request sent, awaiting response... 200 OK
Length: 340 [text/html]
Saving to: `index.html'

     0K                                                       100% 19.1M=0s

2017-02-06 09:36:06 (19.1 MB/s) - `index.html' saved [340/340]

=======================The second times wget =====================
--2017-02-06 09:36:07--  http://ftube.info/hgff/%C2%BC%CF%F1.apk
Resolving ftube.info... 43.230.114.83
Connecting to ftube.info|43.230.114.83|:80... connected.
HTTP request sent, awaiting response... 200 OK
Length: 201061 (196K) [application/vnd.android.package-archive]
Saving to: `Â¼Ïñ.apk'

     0K .......... .......... .......... .......... .......... 25% 69.6K 2s
    50K .......... .......... .......... .......... .......... 50%  278K 1s
   100K .......... .......... .......... .......... .......... 76%  261K 0s
   150K .......... .......... .......... .......... ......    100%  272K=1.3s

2017-02-06 09:36:09 (156 KB/s) - `Â¼Ïñ.apk' saved [201061/201061]

