--2017-01-06 12:42:04--  http://xyhzj.cn/Dgrh
Resolving xyhzj.cn... 103.39.79.210
Connecting to xyhzj.cn|103.39.79.210|:80... connected.
HTTP request sent, awaiting response... 301 Moved Permanently
Location: http://xyhzj.cn/Dgrh/ [following]
--2017-01-06 12:42:04--  http://xyhzj.cn/Dgrh/
Reusing existing connection to xyhzj.cn:80.
HTTP request sent, awaiting response... 302 Object moved
Location: luxiang.apk [following]
--2017-01-06 12:42:05--  http://xyhzj.cn/Dgrh/luxiang.apk
Reusing existing connection to xyhzj.cn:80.
HTTP request sent, awaiting response... 200 OK
Length: 213492 (208K) [application/vnd.android.package-archive]
Saving to: `luxiang.apk'

     0K .......... .......... .......... .......... .......... 23%  233K 1s
    50K .......... .......... .......... .......... .......... 47%  252K 0s
   100K .......... .......... .......... .......... .......... 71%  221K 0s
   150K .......... .......... .......... .......... .......... 95%  242K 0s
   200K ........                                              100%  240K=0.9s

2017-01-06 12:42:05 (237 KB/s) - `luxiang.apk' saved [213492/213492]

