--2016-12-13 17:34:52--  http://t.cn/RchrV90
Resolving t.cn... 180.149.135.224
Connecting to t.cn|180.149.135.224|:80... connected.
HTTP request sent, awaiting response... 302 Found
Location: http://hn93.10006.info/hn_ty/ty?n=UVQ= [following]
--2016-12-13 17:34:54--  http://hn93.10006.info/hn_ty/ty?n=UVQ=
Resolving hn93.10006.info... 218.77.121.93
Connecting to hn93.10006.info|218.77.121.93|:80... connected.
HTTP request sent, awaiting response... 200 OK
Length: 1891 (1.8K) [text/html]
Saving to: `ty?n=UVQ='

     0K .                                                     100% 21.7M=0s

2016-12-13 17:34:58 (21.7 MB/s) - `ty?n=UVQ=' saved [1891/1891]

=======================The second times wget =====================
--2016-12-13 17:34:59--  http://api.tv189.com/v2/115020310221__02870121.apk?
Resolving api.tv189.com... 180.153.149.13
Connecting to api.tv189.com|180.153.149.13|:80... connected.
HTTP request sent, awaiting response... 302 Moved Temporarily
Location: http://lteams.tv189.com/uploads/client/2016-12-09/Com_TYSX_VIDEO_PLUS_5.3.13.xx_gt_5.3.13.26ctch1_AD_P_20161208_02870121.apk [following]
--2016-12-13 17:35:01--  http://lteams.tv189.com/uploads/client/2016-12-09/Com_TYSX_VIDEO_PLUS_5.3.13.xx_gt_5.3.13.26ctch1_AD_P_20161208_02870121.apk
Resolving lteams.tv189.com... 180.153.149.15
Connecting to lteams.tv189.com|180.153.149.15|:80... connected.
HTTP request sent, awaiting response... 200 OK
Length: 10775980 (10M) [application/vnd.android.package-archive]
Saving to: `Com_TYSX_VIDEO_PLUS_5.3.13.xx_gt_5.3.13.26ctch1_AD_P_20161208_02870121.apk'

     0K .......... .......... .......... .......... ..........  0%  326K 32s
    50K .......... .......... .......... .......... ..........  0%  487K 27s
   100K .......... .......... .......... .......... ..........  1%  392K 27s
   150K .......... .......... .......... .......... ..........  1%  482K 25s
   200K .......... .......... .......... .......... ..........  2%  331K 26s
   250K .......... .......... .......... .......... ..........  2%  245K 29s
   300K .......... .......... .......... .......... ..........  3%  327K 29s
   350K .......... .......... .......... .......... ..........  3%  326K 29s
   400K .......... .......... .......... .......... ..........  4%  486K 28s
   450K .......... .......... .......... .......... ..........  4%  387K 28s
   500K .......... .......... .......... .......... ..........  5%  326K 28s
   550K .......... .......... .......... .......... ..........  5%  293K 28s
   600K .......... .......... .......... .......... ..........  6%  240K 29s
   650K .......... .......... .......... .......... ..........  6%  218K 30s
   700K .......... .......... .......... .......... ..........  7%  195K 31s
   750K .......... .......... .......... .......... ..........  7%  280K 31s
   800K .......... .......... .......... .......... ..........  8%  326K 31s
   850K .......... .......... .......... .......... ..........  8%  274K 31s
   900K .......... .......... .......... .......... ..........  9%  389K 31s
   950K .......... .......... .......... .......... ..........  9%  196K 31s
  1000K .......... .......... .......... .......... ..........  9%  245K 32s
  1050K .......... .......... .......... .......... .......... 10%  178K 32s
  1100K .......... .......... .......... .......... .......... 10%  227K 33s
  1150K .......... .......... .......... .......... .......... 11%  310K 32s
  1200K .......... .......... .......... .......... .......... 11%  281K 32s
  1250K .......... .......... .......... .......... .......... 12%  245K 32s
  1300K .......... .......... .......... .......... .......... 12%  280K 32s
  1350K .......... .......... .......... .......... .......... 13%  196K 32s
  1400K .......... .......... .......... .......... .......... 13%  284K 32s
  1450K .......... .......... .......... .......... .......... 14%  215K 32s
  1500K .......... .......... .......... .......... .......... 14%  279K 32s
  1550K .......... .......... .......... .......... .......... 15%  326K 32s
  1600K .......... .......... .......... .......... .......... 15%  327K 32s
  1650K .......... .......... .......... .......... .......... 16%  390K 31s
  1700K .......... .......... .......... .......... .......... 16%  275K 31s
  1750K .......... .......... .......... .......... .......... 17%  198K 31s
  1800K .......... .......... .......... .......... .......... 17%  217K 31s
  1850K .......... .......... .......... .......... .......... 18%  245K 31s
  1900K .......... .......... .......... .......... .......... 18%  244K 31s
  1950K .......... .......... .......... .......... .......... 19%  215K 31s
  2000K .......... .......... .......... .......... .......... 19%  207K 31s
  2050K .......... .......... .......... .......... .......... 19%  273K 31s
  2100K .......... .......... .......... .......... .......... 20%  268K 31s
  2150K .......... .......... .......... .......... .......... 20%  179K 31s
  2200K .......... .......... .......... .......... .......... 21% 91.3K 32s
  2250K .......... .......... .......... .......... .......... 21%  105K 33s
  2300K .......... .......... .......... .......... .......... 22%  217K 33s
  2350K .......... .......... .......... .......... .......... 22%  324K 33s
  2400K .......... .......... .......... .......... .......... 23%  220K 32s
  2450K .......... .......... .......... .......... .......... 23% 95.0K 33s
  2500K .......... .......... .......... .......... .......... 24%  121K 34s
  2550K .......... .......... .......... .......... .......... 24% 83.9K 35s
  2600K .......... .......... .......... .......... .......... 25%  196K 35s
  2650K .......... .......... .......... .......... .......... 25%  143K 35s
  2700K .......... .......... .......... .......... .......... 26%  162K 35s
  2750K .......... .......... .......... .......... .......... 26%  140K 35s
  2800K .......... .......... .......... .......... .......... 27% 85.5K 36s
  2850K .......... .......... .......... .......... .......... 27%  217K 35s
  2900K .......... .......... .......... .......... .......... 28%  217K 35s
  2950K .......... .......... .......... .......... .......... 28%  280K 35s
  3000K .......... .......... .......... .......... .......... 28%  279K 34s
  3050K .......... .......... .......... .......... .......... 29%  124K 35s
  3100K .......... .......... .......... .......... .......... 29%  196K 34s
  3150K .......... .......... .......... .......... .......... 30%  178K 34s
  3200K .......... .......... .......... .......... .......... 30%  107K 35s
  3250K .......... .......... .......... .......... .......... 31%  163K 34s
  3300K .......... .......... .......... .......... .......... 31%  217K 34s
  3350K .......... .......... .......... .......... .......... 32%  217K 34s
  3400K .......... .......... .......... .......... .......... 32%  327K 34s
  3450K .......... .......... .......... .......... .......... 33%  274K 33s
  3500K .......... .......... .......... .......... .......... 33%  320K 33s
  3550K .......... .......... .......... .......... .......... 34%  390K 32s
  3600K .......... .......... .......... .......... .......... 34%  327K 32s
  3650K .......... .......... .......... .......... .......... 35%  245K 32s
  3700K .......... .......... .......... .......... .......... 35%  245K 31s
  3750K .......... .......... .......... .......... .......... 36%  235K 31s
  3800K .......... .......... .......... .......... .......... 36%  254K 31s
  3850K .......... .......... .......... .......... .......... 37%  245K 31s
  3900K .......... .......... .......... .......... .......... 37%  218K 30s
  3950K .......... .......... .......... .......... .......... 38%  218K 30s
  4000K .......... .......... .......... .......... .......... 38%  216K 30s
  4050K .......... .......... .......... .......... .......... 38%  201K 30s
  4100K .......... .......... .......... .......... .......... 39%  163K 30s
  4150K .......... .......... .......... .......... .......... 39%  279K 29s
  4200K .......... .......... .......... .......... .......... 40% 93.5K 29s
  4250K .......... .......... .......... .......... .......... 40%  196K 29s
  4300K .......... .......... .......... .......... .......... 41%  245K 29s
  4350K .......... .......... .......... .......... .......... 41%  245K 29s
  4400K .......... .......... .......... .......... .......... 42%  279K 28s
  4450K .......... .......... .......... .......... .......... 42%  265K 28s
  4500K .......... .......... .......... .......... .......... 43%  293K 28s
  4550K .......... .......... .......... .......... .......... 43%  391K 27s
  4600K .......... .......... .......... .......... .......... 44%  326K 27s
  4650K .......... .......... .......... .......... .......... 44%  279K 27s
  4700K .......... .......... .......... .......... .......... 45%  232K 27s
  4750K .......... .......... .......... .......... .......... 45%  325K 26s
  4800K .......... .......... .......... .......... .......... 46%  296K 26s
  4850K .......... .......... .......... .......... .......... 46%  136K 26s
  4900K .......... .......... .......... .......... .......... 47%  150K 26s
  4950K .......... .......... .......... .......... .......... 47%  218K 26s
  5000K .......... .......... .......... .......... .......... 47%  221K 25s
  5050K .......... .......... .......... .......... .......... 48%  273K 25s
  5100K .......... .......... .......... .......... .......... 48%  245K 25s
  5150K .......... .......... .......... .......... .......... 49%  279K 24s
  5200K .......... .......... .......... .......... .......... 49%  277K 24s
  5250K .......... .......... .......... .......... .......... 50%  218K 24s
  5300K .......... .......... .......... .......... .......... 50%  190K 24s
  5350K .......... .......... .......... .......... .......... 51%  222K 24s
  5400K .......... .......... .......... .......... .......... 51%  222K 23s
  5450K .......... .......... .......... .......... .......... 52%  308K 23s
  5500K .......... .......... .......... .......... .......... 52%  288K 23s
  5550K .......... .......... .......... .......... .......... 53%  264K 22s
  5600K .......... .......... .......... .......... .......... 53%  255K 22s
  5650K .......... .......... .......... .......... .......... 54%  326K 22s
  5700K .......... .......... .......... .......... .......... 54%  280K 22s
  5750K .......... .......... .......... .......... .......... 55%  217K 21s
  5800K .......... .......... .......... .......... .......... 55%  243K 21s
  5850K .......... .......... .......... .......... .......... 56%  317K 21s
  5900K .......... .......... .......... .......... .......... 56%  331K 21s
  5950K .......... .......... .......... .......... .......... 57%  292K 20s
  6000K .......... .......... .......... .......... .......... 57%  245K 20s
  6050K .......... .......... .......... .......... .......... 57%  196K 20s
  6100K .......... .......... .......... .......... .......... 58%  279K 20s
  6150K .......... .......... .......... .......... .......... 58%  229K 19s
  6200K .......... .......... .......... .......... .......... 59%  307K 19s
  6250K .......... .......... .......... .......... .......... 59%  245K 19s
  6300K .......... .......... .......... .......... .......... 60%  280K 19s
  6350K .......... .......... .......... .......... .......... 60%  163K 18s
  6400K .......... .......... .......... .......... .......... 61%  209K 18s
  6450K .......... .......... .......... .......... .......... 61%  222K 18s
  6500K .......... .......... .......... .......... .......... 62%  244K 18s
  6550K .......... .......... .......... .......... .......... 62%  326K 18s
  6600K .......... .......... .......... .......... .......... 63%  245K 17s
  6650K .......... .......... .......... .......... .......... 63%  280K 17s
  6700K .......... .......... .......... .......... .......... 64% 98.0K 17s
  6750K .......... .......... .......... .......... .......... 64%  151K 17s
  6800K .......... .......... .......... .......... .......... 65%  151K 17s
  6850K .......... .......... .......... .......... .......... 65%  196K 16s
  6900K .......... .......... .......... .......... .......... 66%  244K 16s
  6950K .......... .......... .......... .......... .......... 66%  279K 16s
  7000K .......... .......... .......... .......... .......... 66%  280K 16s
  7050K .......... .......... .......... .......... .......... 67%  281K 15s
  7100K .......... .......... .......... .......... .......... 67%  280K 15s
  7150K .......... .......... .......... .......... .......... 68%  333K 15s
  7200K .......... .......... .......... .......... .......... 68%  192K 15s
  7250K .......... .......... .......... .......... .......... 69%  245K 15s
  7300K .......... .......... .......... .......... .......... 69%  280K 14s
  7350K .......... .......... .......... .......... .......... 70%  391K 14s
  7400K .......... .......... .......... .......... .......... 70%  326K 14s
  7450K .......... .......... .......... .......... .......... 71%  308K 14s
  7500K .......... .......... .......... .......... .......... 71%  154K 13s
  7550K .......... .......... .......... .......... .......... 72%  178K 13s
  7600K .......... .......... .......... .......... .......... 72%  245K 13s
  7650K .......... .......... .......... .......... .......... 73%  159K 13s
  7700K .......... .......... .......... .......... .......... 73%  202K 12s
  7750K .......... .......... .......... .......... .......... 74%  138K 12s
  7800K .......... .......... .......... .......... .......... 74%  245K 12s
  7850K .......... .......... .......... .......... .......... 75%  279K 12s
  7900K .......... .......... .......... .......... .......... 75%  194K 12s
  7950K .......... .......... .......... .......... .......... 76%  280K 11s
  8000K .......... .......... .......... .......... .......... 76%  196K 11s
  8050K .......... .......... .......... .......... .......... 76%  196K 11s
  8100K .......... .......... .......... .......... .......... 77%  196K 11s
  8150K .......... .......... .......... .......... .......... 77%  245K 10s
  8200K .......... .......... .......... .......... .......... 78%  245K 10s
  8250K .......... .......... .......... .......... .......... 78%  280K 10s
  8300K .......... .......... .......... .......... .......... 79%  218K 10s
  8350K .......... .......... .......... .......... .......... 79%  217K 10s
  8400K .......... .......... .......... .......... .......... 80%  220K 9s
  8450K .......... .......... .......... .......... .......... 80%  215K 9s
  8500K .......... .......... .......... .......... .......... 81%  280K 9s
  8550K .......... .......... .......... .......... .......... 81%  326K 9s
  8600K .......... .......... .......... .......... .......... 82%  392K 8s
  8650K .......... .......... .......... .......... .......... 82%  392K 8s
  8700K .......... .......... .......... .......... .......... 83%  487K 8s
  8750K .......... .......... .......... .......... .......... 83%  377K 8s
  8800K .......... .......... .......... .......... .......... 84%  311K 7s
  8850K .......... .......... .......... .......... .......... 84%  391K 7s
  8900K .......... .......... .......... .......... .......... 85%  245K 7s
  8950K .......... .......... .......... .......... .......... 85%  280K 7s
  9000K .......... .......... .......... .......... .......... 85%  325K 7s
  9050K .......... .......... .......... .......... .......... 86%  316K 6s
  9100K .......... .......... .......... .......... .......... 86%  230K 6s
  9150K .......... .......... .......... .......... .......... 87%  232K 6s
  9200K .......... .......... .......... .......... .......... 87%  178K 6s
  9250K .......... .......... .......... .......... .......... 88%  217K 5s
  9300K .......... .......... .......... .......... .......... 88%  245K 5s
  9350K .......... .......... .......... .......... .......... 89%  222K 5s
  9400K .......... .......... .......... .......... .......... 89%  276K 5s
  9450K .......... .......... .......... .......... .......... 90%  271K 5s
  9500K .......... .......... .......... .......... .......... 90%  280K 4s
  9550K .......... .......... .......... .......... .......... 91%  245K 4s
  9600K .......... .......... .......... .......... .......... 91%  245K 4s
  9650K .......... .......... .......... .......... .......... 92%  250K 4s
  9700K .......... .......... .......... .......... .......... 92%  318K 3s
  9750K .......... .......... .......... .......... .......... 93%  328K 3s
  9800K .......... .......... .......... .......... .......... 93%  326K 3s
  9850K .......... .......... .......... .......... .......... 94%  244K 3s
  9900K .......... .......... .......... .......... .......... 94%  281K 3s
  9950K .......... .......... .......... .......... .......... 95%  233K 2s
 10000K .......... .......... .......... .......... .......... 95%  256K 2s
 10050K .......... .......... .......... .......... .......... 95%  277K 2s
 10100K .......... .......... .......... .......... .......... 96%  326K 2s
 10150K .......... .......... .......... .......... .......... 96%  326K 1s
 10200K .......... .......... .......... .......... .......... 97%  278K 1s
 10250K .......... .......... .......... .......... .......... 97%  392K 1s
 10300K .......... .......... .......... .......... .......... 98%  361K 1s
 10350K .......... .......... .......... .......... .......... 98% 98.4K 1s
 10400K .......... .......... .......... .......... .......... 99%  245K 0s
 10450K .......... .......... .......... .......... .......... 99%  279K 0s
 10500K .......... .......... ...                             100%  459K=46s

2016-12-13 17:35:50 (230 KB/s) - `Com_TYSX_VIDEO_PLUS_5.3.13.xx_gt_5.3.13.26ctch1_AD_P_20161208_02870121.apk' saved [10775980/10775980]

