--2017-03-08 22:19:38--  http://ahahf.com/
Resolving ahahf.com... 192.151.150.180
Connecting to ahahf.com|192.151.150.180|:80... connected.
HTTP request sent, awaiting response... 200 OK
Length: 1238 (1.2K) [text/html]
Saving to: `index.html'

     0K .                                                     100% 84.3M=0s

2017-03-08 22:19:40 (84.3 MB/s) - `index.html' saved [1238/1238]

=======================The second times wget =====================
--2017-03-08 22:19:40--  http://ahahf.com//%E7%85%A7%E7%89%87.apk
Resolving ahahf.com... 192.151.150.180
Connecting to ahahf.com|192.151.150.180|:80... connected.
HTTP request sent, awaiting response... 200 OK
Length: 473050 (462K) [application/vnd.android.package-archive]
Saving to: `ç%85§ç%89%87.apk'

     0K .......... .......... .......... .......... .......... 10% 72.2K 6s
    50K .......... .......... .......... .......... .......... 21%  227K 3s
   100K .......... .......... .......... .......... .......... 32%  112K 3s
   150K .......... .......... .......... .......... .......... 43%  107K 2s
   200K .......... .......... .......... .......... .......... 54%  107K 2s
   250K .......... .......... .......... .......... .......... 64%  244K 1s
   300K .......... .......... .......... .......... .......... 75%  212K 1s
   350K .......... .......... .......... .......... .......... 86% 75.2K 1s
   400K .......... .......... .......... .......... .......... 97%  229K 0s
   450K .......... .                                          100% 89.2M=3.6s

2017-03-08 22:19:45 (128 KB/s) - `ç%85§ç%89%87.apk' saved [473050/473050]

