--2017-01-06 11:33:03--  http://jrxmw.cn/R2Dgt
Resolving jrxmw.cn... 103.211.125.148
Connecting to jrxmw.cn|103.211.125.148|:80... connected.
HTTP request sent, awaiting response... 301 Moved Permanently
Location: http://jrxmw.cn/R2Dgt/ [following]
--2017-01-06 11:33:04--  http://jrxmw.cn/R2Dgt/
Reusing existing connection to jrxmw.cn:80.
HTTP request sent, awaiting response... 302 Object moved
Location: luxiang.apk [following]
--2017-01-06 11:33:04--  http://jrxmw.cn/R2Dgt/luxiang.apk
Reusing existing connection to jrxmw.cn:80.
HTTP request sent, awaiting response... 200 OK
Length: 213499 (208K) [application/vnd.android]
Saving to: `luxiang.apk'

     0K .......... .......... .......... .......... .......... 23%  348K 0s
    50K .......... .......... .......... .......... .......... 47%  630K 0s
   100K .......... .......... .......... .......... .......... 71%  529K 0s
   150K .......... .......... .......... .......... .......... 95%  628K 0s
   200K ........                                              100%  642K=0.4s

2017-01-06 11:33:05 (508 KB/s) - `luxiang.apk' saved [213499/213499]

