--2016-12-26 15:37:59--  https://s.tantanapp.com/
Resolving s.tantanapp.com... 106.75.86.223, 106.75.75.236
Connecting to s.tantanapp.com|106.75.86.223|:443... connected.
HTTP request sent, awaiting response... 302 Moved Temporarily
Location: https://lp.tantanapp.com/al/ [following]
--2016-12-26 15:37:59--  https://lp.tantanapp.com/al/
Resolving lp.tantanapp.com... 106.75.75.236, 106.75.86.223
Connecting to lp.tantanapp.com|106.75.75.236|:443... connected.
HTTP request sent, awaiting response... 200 OK
Length: 1693 (1.7K) [text/html]
Saving to: `index.html'

     0K .                                                     100%  202M=0s

2016-12-26 15:37:59 (202 MB/s) - `index.html' saved [1693/1693]

=======================The second times wget =====================
--2016-12-26 15:37:59--  https://apk-ssl.tancdn.com/tantan-2.6.2_92_scp.apk
Resolving apk-ssl.tancdn.com... 222.243.149.21, 124.232.157.39, 123.161.57.40
Connecting to apk-ssl.tancdn.com|222.243.149.21|:443... connected.
WARNING: certificate common name `www.chinanetcenter.com' doesn't match requested host name `apk-ssl.tancdn.com'.
HTTP request sent, awaiting response... 200 OK
Length: 14548094 (14M) [application/octet-stream]
Saving to: `tantan-2.6.2_92_scp.apk'

     0K .......... .......... .......... .......... ..........  0%  373K 38s
    50K .......... .......... .......... .......... ..........  0% 1.11M 25s
   100K .......... .......... .......... .......... ..........  1% 1020K 21s
   150K .......... .......... .......... .......... ..........  1% 1.03M 19s
   200K .......... .......... .......... .......... ..........  1% 6.19M 16s
   250K .......... .......... .......... .......... ..........  2% 1.02M 15s
   300K .......... .......... .......... .......... ..........  2% 6.08M 13s
   350K .......... .......... .......... .......... ..........  2% 1.73M 13s
   400K .......... .......... .......... .......... ..........  3% 2.75M 12s
   450K .......... .......... .......... .......... ..........  3% 3.13M 11s
   500K .......... .......... .......... .......... ..........  3% 3.33M 10s
   550K .......... .......... .......... .......... ..........  4% 3.23M 10s
   600K .......... .......... .......... .......... ..........  4% 2.61M 9s
   650K .......... .......... .......... .......... ..........  4% 4.75M 9s
   700K .......... .......... .......... .......... ..........  5% 3.04M 9s
   750K .......... .......... .......... .......... ..........  5% 4.13M 8s
   800K .......... .......... .......... .......... ..........  5% 3.42M 8s
   850K .......... .......... .......... .......... ..........  6% 3.99M 8s
   900K .......... .......... .......... .......... ..........  6% 3.23M 7s
   950K .......... .......... .......... .......... ..........  7% 4.75M 7s
  1000K .......... .......... .......... .......... ..........  7% 3.98M 7s
  1050K .......... .......... .......... .......... ..........  7% 3.10M 7s
  1100K .......... .......... .......... .......... ..........  8% 3.01M 7s
  1150K .......... .......... .......... .......... ..........  8% 3.20M 6s
  1200K .......... .......... .......... .......... ..........  8% 2.96M 6s
  1250K .......... .......... .......... .......... ..........  9% 5.67M 6s
  1300K .......... .......... .......... .......... ..........  9% 3.16M 6s
  1350K .......... .......... .......... .......... ..........  9% 3.06M 6s
  1400K .......... .......... .......... .......... .......... 10% 3.12M 6s
  1450K .......... .......... .......... .......... .......... 10% 5.22M 6s
  1500K .......... .......... .......... .......... .......... 10% 3.30M 6s
  1550K .......... .......... .......... .......... .......... 11% 5.70M 6s
  1600K .......... .......... .......... .......... .......... 11% 3.22M 5s
  1650K .......... .......... .......... .......... .......... 11% 5.63M 5s
  1700K .......... .......... .......... .......... .......... 12% 5.86M 5s
  1750K .......... .......... .......... .......... .......... 12% 3.15M 5s
  1800K .......... .......... .......... .......... .......... 13% 5.90M 5s
  1850K .......... .......... .......... .......... .......... 13% 5.80M 5s
  1900K .......... .......... .......... .......... .......... 13% 2.93M 5s
  1950K .......... .......... .......... .......... .......... 14% 5.76M 5s
  2000K .......... .......... .......... .......... .......... 14% 5.87M 5s
  2050K .......... .......... .......... .......... .......... 14% 5.72M 5s
  2100K .......... .......... .......... .......... .......... 15% 5.16M 5s
  2150K .......... .......... .......... .......... .......... 15% 3.17M 5s
  2200K .......... .......... .......... .......... .......... 15% 3.89M 4s
  2250K .......... .......... .......... .......... .......... 16% 3.06M 4s
  2300K .......... .......... .......... .......... .......... 16% 8.07M 4s
  2350K .......... .......... .......... .......... .......... 16% 3.13M 4s
  2400K .......... .......... .......... .......... .......... 17% 6.54M 4s
  2450K .......... .......... .......... .......... .......... 17% 3.25M 4s
  2500K .......... .......... .......... .......... .......... 17% 6.12M 4s
  2550K .......... .......... .......... .......... .......... 18% 2.83M 4s
  2600K .......... .......... .......... .......... .......... 18% 7.02M 4s
  2650K .......... .......... .......... .......... .......... 19% 6.04M 4s
  2700K .......... .......... .......... .......... .......... 19% 3.21M 4s
  2750K .......... .......... .......... .......... .......... 19% 4.69M 4s
  2800K .......... .......... .......... .......... .......... 20% 2.74M 4s
  2850K .......... .......... .......... .......... .......... 20% 8.55M 4s
  2900K .......... .......... .......... .......... .......... 20% 5.80M 4s
  2950K .......... .......... .......... .......... .......... 21% 5.91M 4s
  3000K .......... .......... .......... .......... .......... 21% 3.57M 4s
  3050K .......... .......... .......... .......... .......... 21% 6.13M 4s
  3100K .......... .......... .......... .......... .......... 22% 6.43M 4s
  3150K .......... .......... .......... .......... .......... 22% 4.05M 4s
  3200K .......... .......... .......... .......... .......... 22% 5.74M 4s
  3250K .......... .......... .......... .......... .......... 23% 3.27M 4s
  3300K .......... .......... .......... .......... .......... 23% 5.45M 4s
  3350K .......... .......... .......... .......... .......... 23% 4.20M 3s
  3400K .......... .......... .......... .......... .......... 24% 6.04M 3s
  3450K .......... .......... .......... .......... .......... 24% 4.38M 3s
  3500K .......... .......... .......... .......... .......... 24% 1.40M 3s
  3550K .......... .......... .......... .......... .......... 25% 3.13M 3s
  3600K .......... .......... .......... .......... .......... 25% 5.82M 3s
  3650K .......... .......... .......... .......... .......... 26% 3.48M 3s
  3700K .......... .......... .......... .......... .......... 26% 5.94M 3s
  3750K .......... .......... .......... .......... .......... 26% 5.81M 3s
  3800K .......... .......... .......... .......... .......... 27% 3.12M 3s
  3850K .......... .......... .......... .......... .......... 27% 6.01M 3s
  3900K .......... .......... .......... .......... .......... 27% 5.94M 3s
  3950K .......... .......... .......... .......... .......... 28% 3.18M 3s
  4000K .......... .......... .......... .......... .......... 28% 4.34M 3s
  4050K .......... .......... .......... .......... .......... 28% 8.18M 3s
  4100K .......... .......... .......... .......... .......... 29% 2.97M 3s
  4150K .......... .......... .......... .......... .......... 29% 6.02M 3s
  4200K .......... .......... .......... .......... .......... 29% 7.62M 3s
  4250K .......... .......... .......... .......... .......... 30% 13.1M 3s
  4300K .......... .......... .......... .......... .......... 30% 23.3M 3s
  4350K .......... .......... .......... .......... .......... 30% 12.6M 3s
  4400K .......... .......... .......... .......... .......... 31% 13.6M 3s
  4450K .......... .......... .......... .......... .......... 31% 25.7M 3s
  4500K .......... .......... .......... .......... .......... 32% 35.7M 3s
  4550K .......... .......... .......... .......... .......... 32% 23.0M 3s
  4600K .......... .......... .......... .......... .......... 32% 20.3M 3s
  4650K .......... .......... .......... .......... .......... 33% 37.6M 3s
  4700K .......... .......... .......... .......... .......... 33% 21.0M 3s
  4750K .......... .......... .......... .......... .......... 33% 35.4M 3s
  4800K .......... .......... .......... .......... .......... 34% 30.4M 3s
  4850K .......... .......... .......... .......... .......... 34% 21.7M 3s
  4900K .......... .......... .......... .......... .......... 34% 33.1M 2s
  4950K .......... .......... .......... .......... .......... 35% 25.5M 2s
  5000K .......... .......... .......... .......... .......... 35% 36.0M 2s
  5050K .......... .......... .......... .......... .......... 35% 28.8M 2s
  5100K .......... .......... .......... .......... .......... 36% 36.3M 2s
  5150K .......... .......... .......... .......... .......... 36% 6.73M 2s
  5200K .......... .......... .......... .......... .......... 36% 7.14M 2s
  5250K .......... .......... .......... .......... .......... 37% 7.84M 2s
  5300K .......... .......... .......... .......... .......... 37% 20.5M 2s
  5350K .......... .......... .......... .......... .......... 38% 20.6M 2s
  5400K .......... .......... .......... .......... .......... 38% 34.9M 2s
  5450K .......... .......... .......... .......... .......... 38% 2.87M 2s
  5500K .......... .......... .......... .......... .......... 39% 2.40M 2s
  5550K .......... .......... .......... .......... .......... 39% 5.68M 2s
  5600K .......... .......... .......... .......... .......... 39% 3.16M 2s
  5650K .......... .......... .......... .......... .......... 40% 2.41M 2s
  5700K .......... .......... .......... .......... .......... 40% 3.40M 2s
  5750K .......... .......... .......... .......... .......... 40% 17.7M 2s
  5800K .......... .......... .......... .......... .......... 41% 26.2M 2s
  5850K .......... .......... .......... .......... .......... 41% 16.7M 2s
  5900K .......... .......... .......... .......... .......... 41% 35.1M 2s
  5950K .......... .......... .......... .......... .......... 42% 26.7M 2s
  6000K .......... .......... .......... .......... .......... 42% 21.6M 2s
  6050K .......... .......... .......... .......... .......... 42% 32.0M 2s
  6100K .......... .......... .......... .......... .......... 43% 29.6M 2s
  6150K .......... .......... .......... .......... .......... 43% 32.1M 2s
  6200K .......... .......... .......... .......... .......... 43% 27.8M 2s
  6250K .......... .......... .......... .......... .......... 44% 37.9M 2s
  6300K .......... .......... .......... .......... .......... 44% 27.6M 2s
  6350K .......... .......... .......... .......... .......... 45% 36.0M 2s
  6400K .......... .......... .......... .......... .......... 45% 29.7M 2s
  6450K .......... .......... .......... .......... .......... 45% 36.8M 2s
  6500K .......... .......... .......... .......... .......... 46% 1.56M 2s
  6550K .......... .......... .......... .......... .......... 46% 37.6M 2s
  6600K .......... .......... .......... .......... .......... 46% 3.84M 2s
  6650K .......... .......... .......... .......... .......... 47% 5.96M 2s
  6700K .......... .......... .......... .......... .......... 47% 27.7M 2s
  6750K .......... .......... .......... .......... .......... 47% 38.2M 2s
  6800K .......... .......... .......... .......... .......... 48% 28.1M 2s
  6850K .......... .......... .......... .......... .......... 48% 38.5M 2s
  6900K .......... .......... .......... .......... .......... 48% 27.5M 2s
  6950K .......... .......... .......... .......... .......... 49% 35.4M 2s
  7000K .......... .......... .......... .......... .......... 49% 30.9M 2s
  7050K .......... .......... .......... .......... .......... 49% 31.8M 2s
  7100K .......... .......... .......... .......... .......... 50% 31.0M 2s
  7150K .......... .......... .......... .......... .......... 50% 33.4M 2s
  7200K .......... .......... .......... .......... .......... 51% 31.3M 1s
  7250K .......... .......... .......... .......... .......... 51% 34.2M 1s
  7300K .......... .......... .......... .......... .......... 51% 7.94M 1s
  7350K .......... .......... .......... .......... .......... 52% 30.5M 1s
  7400K .......... .......... .......... .......... .......... 52% 28.6M 1s
  7450K .......... .......... .......... .......... .......... 52% 35.8M 1s
  7500K .......... .......... .......... .......... .......... 53% 27.8M 1s
  7550K .......... .......... .......... .......... .......... 53% 37.9M 1s
  7600K .......... .......... .......... .......... .......... 53% 28.9M 1s
  7650K .......... .......... .......... .......... .......... 54% 37.9M 1s
  7700K .......... .......... .......... .......... .......... 54% 35.9M 1s
  7750K .......... .......... .......... .......... .......... 54% 29.7M 1s
  7800K .......... .......... .......... .......... .......... 55% 30.1M 1s
  7850K .......... .......... .......... .......... .......... 55% 32.3M 1s
  7900K .......... .......... .......... .......... .......... 55% 10.3M 1s
  7950K .......... .......... .......... .......... .......... 56% 36.8M 1s
  8000K .......... .......... .......... .......... .......... 56% 28.6M 1s
  8050K .......... .......... .......... .......... .......... 57% 38.2M 1s
  8100K .......... .......... .......... .......... .......... 57% 27.7M 1s
  8150K .......... .......... .......... .......... .......... 57% 35.2M 1s
  8200K .......... .......... .......... .......... .......... 58% 26.5M 1s
  8250K .......... .......... .......... .......... .......... 58% 32.6M 1s
  8300K .......... .......... .......... .......... .......... 58% 29.0M 1s
  8350K .......... .......... .......... .......... .......... 59% 38.4M 1s
  8400K .......... .......... .......... .......... .......... 59% 27.9M 1s
  8450K .......... .......... .......... .......... .......... 59% 30.9M 1s
  8500K .......... .......... .......... .......... .......... 60% 30.8M 1s
  8550K .......... .......... .......... .......... .......... 60% 38.5M 1s
  8600K .......... .......... .......... .......... .......... 60% 28.3M 1s
  8650K .......... .......... .......... .......... .......... 61% 29.7M 1s
  8700K .......... .......... .......... .......... .......... 61% 33.0M 1s
  8750K .......... .......... .......... .......... .......... 61% 35.7M 1s
  8800K .......... .......... .......... .......... .......... 62% 30.6M 1s
  8850K .......... .......... .......... .......... .......... 62% 34.5M 1s
  8900K .......... .......... .......... .......... .......... 62% 30.4M 1s
  8950K .......... .......... .......... .......... .......... 63% 38.6M 1s
  9000K .......... .......... .......... .......... .......... 63% 28.2M 1s
  9050K .......... .......... .......... .......... .......... 64% 38.4M 1s
  9100K .......... .......... .......... .......... .......... 64% 32.3M 1s
  9150K .......... .......... .......... .......... .......... 64% 35.8M 1s
  9200K .......... .......... .......... .......... .......... 65% 33.4M 1s
  9250K .......... .......... .......... .......... .......... 65% 38.4M 1s
  9300K .......... .......... .......... .......... .......... 65% 31.3M 1s
  9350K .......... .......... .......... .......... .......... 66% 6.40M 1s
  9400K .......... .......... .......... .......... .......... 66% 1.40M 1s
  9450K .......... .......... .......... .......... .......... 66% 10.8M 1s
  9500K .......... .......... .......... .......... .......... 67% 3.04M 1s
  9550K .......... .......... .......... .......... .......... 67% 3.15M 1s
  9600K .......... .......... .......... .......... .......... 67% 5.50M 1s
  9650K .......... .......... .......... .......... .......... 68% 7.19M 1s
  9700K .......... .......... .......... .......... .......... 68% 14.4M 1s
  9750K .......... .......... .......... .......... .......... 68% 19.3M 1s
  9800K .......... .......... .......... .......... .......... 69% 17.1M 1s
  9850K .......... .......... .......... .......... .......... 69% 36.4M 1s
  9900K .......... .......... .......... .......... .......... 70% 21.8M 1s
  9950K .......... .......... .......... .......... .......... 70% 34.0M 1s
 10000K .......... .......... .......... .......... .......... 70% 28.2M 1s
 10050K .......... .......... .......... .......... .......... 71% 8.79M 1s
 10100K .......... .......... .......... .......... .......... 71% 32.9M 1s
 10150K .......... .......... .......... .......... .......... 71% 27.4M 1s
 10200K .......... .......... .......... .......... .......... 72% 31.1M 1s
 10250K .......... .......... .......... .......... .......... 72% 28.6M 1s
 10300K .......... .......... .......... .......... .......... 72% 26.3M 1s
 10350K .......... .......... .......... .......... .......... 73% 36.3M 1s
 10400K .......... .......... .......... .......... .......... 73% 25.7M 1s
 10450K .......... .......... .......... .......... .......... 73% 37.7M 1s
 10500K .......... .......... .......... .......... .......... 74% 27.4M 1s
 10550K .......... .......... .......... .......... .......... 74% 35.7M 1s
 10600K .......... .......... .......... .......... .......... 74% 25.8M 1s
 10650K .......... .......... .......... .......... .......... 75% 32.6M 1s
 10700K .......... .......... .......... .......... .......... 75% 28.1M 1s
 10750K .......... .......... .......... .......... .......... 76% 32.9M 1s
 10800K .......... .......... .......... .......... .......... 76% 33.0M 1s
 10850K .......... .......... .......... .......... .......... 76% 29.7M 1s
 10900K .......... .......... .......... .......... .......... 77% 32.3M 1s
 10950K .......... .......... .......... .......... .......... 77% 33.7M 1s
 11000K .......... .......... .......... .......... .......... 77% 28.9M 1s
 11050K .......... .......... .......... .......... .......... 78% 37.5M 0s
 11100K .......... .......... .......... .......... .......... 78% 28.5M 0s
 11150K .......... .......... .......... .......... .......... 78% 38.6M 0s
 11200K .......... .......... .......... .......... .......... 79% 27.0M 0s
 11250K .......... .......... .......... .......... .......... 79% 38.9M 0s
 11300K .......... .......... .......... .......... .......... 79% 27.4M 0s
 11350K .......... .......... .......... .......... .......... 80% 38.4M 0s
 11400K .......... .......... .......... .......... .......... 80% 28.7M 0s
 11450K .......... .......... .......... .......... .......... 80% 36.1M 0s
 11500K .......... .......... .......... .......... .......... 81% 28.0M 0s
 11550K .......... .......... .......... .......... .......... 81% 34.6M 0s
 11600K .......... .......... .......... .......... .......... 82% 30.8M 0s
 11650K .......... .......... .......... .......... .......... 82% 33.3M 0s
 11700K .......... .......... .......... .......... .......... 82% 30.6M 0s
 11750K .......... .......... .......... .......... .......... 83% 33.4M 0s
 11800K .......... .......... .......... .......... .......... 83% 29.5M 0s
 11850K .......... .......... .......... .......... .......... 83% 34.9M 0s
 11900K .......... .......... .......... .......... .......... 84% 30.0M 0s
 11950K .......... .......... .......... .......... .......... 84% 8.43M 0s
 12000K .......... .......... .......... .......... .......... 84% 3.11M 0s
 12050K .......... .......... .......... .......... .......... 85% 5.23M 0s
 12100K .......... .......... .......... .......... .......... 85% 3.28M 0s
 12150K .......... .......... .......... .......... .......... 85% 5.76M 0s
 12200K .......... .......... .......... .......... .......... 86% 3.15M 0s
 12250K .......... .......... .......... .......... .......... 86% 5.87M 0s
 12300K .......... .......... .......... .......... .......... 86% 6.56M 0s
 12350K .......... .......... .......... .......... .......... 87% 15.9M 0s
 12400K .......... .......... .......... .......... .......... 87% 16.1M 0s
 12450K .......... .......... .......... .......... .......... 87% 18.9M 0s
 12500K .......... .......... .......... .......... .......... 88% 33.7M 0s
 12550K .......... .......... .......... .......... .......... 88% 19.1M 0s
 12600K .......... .......... .......... .......... .......... 89% 33.2M 0s
 12650K .......... .......... .......... .......... .......... 89% 14.9M 0s
 12700K .......... .......... .......... .......... .......... 89% 5.46M 0s
 12750K .......... .......... .......... .......... .......... 90% 9.71M 0s
 12800K .......... .......... .......... .......... .......... 90% 33.3M 0s
 12850K .......... .......... .......... .......... .......... 90% 16.4M 0s
 12900K .......... .......... .......... .......... .......... 91% 30.1M 0s
 12950K .......... .......... .......... .......... .......... 91% 9.55M 0s
 13000K .......... .......... .......... .......... .......... 91% 32.5M 0s
 13050K .......... .......... .......... .......... .......... 92% 12.6M 0s
 13100K .......... .......... .......... .......... .......... 92% 34.5M 0s
 13150K .......... .......... .......... .......... .......... 92% 28.3M 0s
 13200K .......... .......... .......... .......... .......... 93% 30.6M 0s
 13250K .......... .......... .......... .......... .......... 93% 25.4M 0s
 13300K .......... .......... .......... .......... .......... 93% 27.4M 0s
 13350K .......... .......... .......... .......... .......... 94% 31.9M 0s
 13400K .......... .......... .......... .......... .......... 94% 28.9M 0s
 13450K .......... .......... .......... .......... .......... 95% 37.2M 0s
 13500K .......... .......... .......... .......... .......... 95% 27.2M 0s
 13550K .......... .......... .......... .......... .......... 95% 37.4M 0s
 13600K .......... .......... .......... .......... .......... 96% 25.8M 0s
 13650K .......... .......... .......... .......... .......... 96% 36.4M 0s
 13700K .......... .......... .......... .......... .......... 96% 27.1M 0s
 13750K .......... .......... .......... .......... .......... 97% 25.0M 0s
 13800K .......... .......... .......... .......... .......... 97% 33.1M 0s
 13850K .......... .......... .......... .......... .......... 97% 32.6M 0s
 13900K .......... .......... .......... .......... .......... 98% 8.26M 0s
 13950K .......... .......... .......... .......... .......... 98% 14.7M 0s
 14000K .......... .......... .......... .......... .......... 98% 25.3M 0s
 14050K .......... .......... .......... .......... .......... 99% 28.0M 0s
 14100K .......... .......... .......... .......... .......... 99% 25.5M 0s
 14150K .......... .......... .......... .......... .......... 99% 28.5M 0s
 14200K .......                                               100% 24.8M=2.0s

2016-12-26 15:38:02 (7.00 MB/s) - `tantan-2.6.2_92_scp.apk' saved [14548094/14548094]

