--2017-01-10 11:58:54--  http://xyhzj.cn/McDFe
Resolving xyhzj.cn... 103.211.125.148
Connecting to xyhzj.cn|103.211.125.148|:80... connected.
HTTP request sent, awaiting response... 301 Moved Permanently
Location: http://xyhzj.cn/McDFe/ [following]
--2017-01-10 11:58:59--  http://xyhzj.cn/McDFe/
Reusing existing connection to xyhzj.cn:80.
HTTP request sent, awaiting response... 302 Object moved
Location: xiangce.apk [following]
--2017-01-10 11:58:59--  http://xyhzj.cn/McDFe/xiangce.apk
Reusing existing connection to xyhzj.cn:80.
HTTP request sent, awaiting response... 200 OK
Length: 213496 (208K) [application/vnd.android]
Saving to: `xiangce.apk'

     0K .......... .......... .......... .......... .......... 23%  397K 0s
    50K .......... .......... .......... .......... .......... 47%  642K 0s
   100K .......... .......... .......... .......... .......... 71%  625K 0s
   150K .......... .......... .......... .......... .......... 95%  532K 0s
   200K ........                                              100% 16.6M=0.4s

2017-01-10 11:59:00 (552 KB/s) - `xiangce.apk' saved [213496/213496]

