--2017-01-10 11:59:08--  http://url.cn/Ml4C0f
Resolving url.cn... 183.61.38.230, 14.215.138.13
Connecting to url.cn|183.61.38.230|:80... connected.
HTTP request sent, awaiting response... 302 HTTP JUMP
Location: http://e.dianping.com/mobile/dpgj?from=sms_appshare [following]
--2017-01-10 11:59:09--  http://e.dianping.com/mobile/dpgj?from=sms_appshare
Resolving e.dianping.com... 180.153.132.124
Connecting to e.dianping.com|180.153.132.124|:80... connected.
HTTP request sent, awaiting response... 302 Found
Location: https://e.dianping.com:443/mobile/dpgj?from=sms_appshare [following]
--2017-01-10 11:59:09--  https://e.dianping.com/mobile/dpgj?from=sms_appshare
Connecting to e.dianping.com|180.153.132.124|:443... connected.
HTTP request sent, awaiting response... 302 Found
Location: http://e.dianping.com/mobile/viewDpgj [following]
--2017-01-10 11:59:09--  http://e.dianping.com/mobile/viewDpgj
Connecting to e.dianping.com|180.153.132.124|:80... connected.
HTTP request sent, awaiting response... 302 Found
Location: https://e.dianping.com:443/mobile/viewDpgj [following]
--2017-01-10 11:59:09--  https://e.dianping.com/mobile/viewDpgj
Connecting to e.dianping.com|180.153.132.124|:443... connected.
HTTP request sent, awaiting response... 200 OK
Length: 5423 (5.3K) [text/html]
Saving to: `viewDpgj'

     0K .....                                                 100%  120M=0s

2017-01-10 11:59:10 (120 MB/s) - `viewDpgj' saved [5423/5423]

=======================The second times wget =====================
--2017-01-10 11:59:10--  http://download.dianping.com/mp/dpmerchant_shzx_6.0.3.apk
Resolving download.dianping.com... 175.6.26.140, 124.232.162.141, 124.232.162.152, ...
Connecting to download.dianping.com|175.6.26.140|:80... connected.
HTTP request sent, awaiting response... 200 OK
Length: 14026918 (13M) [application/octet-stream]
Saving to: `dpmerchant_shzx_6.0.3.apk'

     0K .......... .......... .......... .......... ..........  0% 2.06M 6s
    50K .......... .......... .......... .......... ..........  0% 5.39M 4s
   100K .......... .......... .......... .......... ..........  1% 7.01M 4s
   150K .......... .......... .......... .......... ..........  1% 5.87M 3s
   200K .......... .......... .......... .......... ..........  1% 6.19M 3s
   250K .......... .......... .......... .......... ..........  2% 6.13M 3s
   300K .......... .......... .......... .......... ..........  2%  183M 2s
   350K .......... .......... .......... .......... ..........  2% 6.32M 2s
   400K .......... .......... .......... .......... ..........  3%  130M 2s
   450K .......... .......... .......... .......... ..........  3% 6.23M 2s
   500K .......... .......... .......... .......... ..........  4%  188M 2s
   550K .......... .......... .......... .......... ..........  4% 6.27M 2s
   600K .......... .......... .......... .......... ..........  4%  196M 2s
   650K .......... .......... .......... .......... ..........  5% 6.47M 2s
   700K .......... .......... .......... .......... ..........  5%  131M 2s
   750K .......... .......... .......... .......... ..........  5% 6.25M 2s
   800K .......... .......... .......... .......... ..........  6%  182M 2s
   850K .......... .......... .......... .......... ..........  6%  144M 1s
   900K .......... .......... .......... .......... ..........  6% 6.52M 2s
   950K .......... .......... .......... .......... ..........  7%  149M 1s
  1000K .......... .......... .......... .......... ..........  7% 5.33M 1s
  1050K .......... .......... .......... .......... ..........  8%  147M 1s
  1100K .......... .......... .......... .......... ..........  8% 8.22M 1s
  1150K .......... .......... .......... .......... ..........  8%  140M 1s
  1200K .......... .......... .......... .......... ..........  9%  182M 1s
  1250K .......... .......... .......... .......... ..........  9% 5.22M 1s
  1300K .......... .......... .......... .......... ..........  9%  128M 1s
  1350K .......... .......... .......... .......... .......... 10% 9.14M 1s
  1400K .......... .......... .......... .......... .......... 10%  186M 1s
  1450K .......... .......... .......... .......... .......... 10%  198M 1s
  1500K .......... .......... .......... .......... .......... 11% 6.13M 1s
  1550K .......... .......... .......... .......... .......... 11%  174M 1s
  1600K .......... .......... .......... .......... .......... 12%  142M 1s
  1650K .......... .......... .......... .......... .......... 12% 5.31M 1s
  1700K .......... .......... .......... .......... .......... 12%  198M 1s
  1750K .......... .......... .......... .......... .......... 13%  200M 1s
  1800K .......... .......... .......... .......... .......... 13% 8.97M 1s
  1850K .......... .......... .......... .......... .......... 13%  153M 1s
  1900K .......... .......... .......... .......... .......... 14%  203M 1s
  1950K .......... .......... .......... .......... .......... 14% 13.5M 1s
  2000K .......... .......... .......... .......... .......... 14% 11.4M 1s
  2050K .......... .......... .......... .......... .......... 15%  172M 1s
  2100K .......... .......... .......... .......... .......... 15%  114M 1s
  2150K .......... .......... .......... .......... .......... 16% 5.65M 1s
  2200K .......... .......... .......... .......... .......... 16%  130M 1s
  2250K .......... .......... .......... .......... .......... 16%  200M 1s
  2300K .......... .......... .......... .......... .......... 17% 8.52M 1s
  2350K .......... .......... .......... .......... .......... 17%  184M 1s
  2400K .......... .......... .......... .......... .......... 17%  169M 1s
  2450K .......... .......... .......... .......... .......... 18%  142M 1s
  2500K .......... .......... .......... .......... .......... 18% 6.40M 1s
  2550K .......... .......... .......... .......... .......... 18%  198M 1s
  2600K .......... .......... .......... .......... .......... 19%  155M 1s
  2650K .......... .......... .......... .......... .......... 19% 7.31M 1s
  2700K .......... .......... .......... .......... .......... 20%  133M 1s
  2750K .......... .......... .......... .......... .......... 20%  180M 1s
  2800K .......... .......... .......... .......... .......... 20%  144M 1s
  2850K .......... .......... .......... .......... .......... 21% 5.54M 1s
  2900K .......... .......... .......... .......... .......... 21%  191M 1s
  2950K .......... .......... .......... .......... .......... 21%  120M 1s
  3000K .......... .......... .......... .......... .......... 22% 6.69M 1s
  3050K .......... .......... .......... .......... .......... 22%  128M 1s
  3100K .......... .......... .......... .......... .......... 22%  139M 1s
  3150K .......... .......... .......... .......... .......... 23%  171M 1s
  3200K .......... .......... .......... .......... .......... 23% 7.59M 1s
  3250K .......... .......... .......... .......... .......... 24%  123M 1s
  3300K .......... .......... .......... .......... .......... 24%  184M 1s
  3350K .......... .......... .......... .......... .......... 24%  202M 1s
  3400K .......... .......... .......... .......... .......... 25% 7.94M 1s
  3450K .......... .......... .......... .......... .......... 25%  127M 1s
  3500K .......... .......... .......... .......... .......... 25%  186M 1s
  3550K .......... .......... .......... .......... .......... 26%  192M 1s
  3600K .......... .......... .......... .......... .......... 26% 6.62M 1s
  3650K .......... .......... .......... .......... .......... 27%  140M 1s
  3700K .......... .......... .......... .......... .......... 27%  195M 1s
  3750K .......... .......... .......... .......... .......... 27%  198M 1s
  3800K .......... .......... .......... .......... .......... 28% 7.07M 1s
  3850K .......... .......... .......... .......... .......... 28%  200M 1s
  3900K .......... .......... .......... .......... .......... 28%  139M 1s
  3950K .......... .......... .......... .......... .......... 29%  156M 1s
  4000K .......... .......... .......... .......... .......... 29% 6.20M 1s
  4050K .......... .......... .......... .......... .......... 29% 6.53M 1s
  4100K .......... .......... .......... .......... .......... 30% 5.68M 1s
  4150K .......... .......... .......... .......... .......... 30% 6.42M 1s
  4200K .......... .......... .......... .......... .......... 31%  133M 1s
  4250K .......... .......... .......... .......... .......... 31% 6.65M 1s
  4300K .......... .......... .......... .......... .......... 31%  145M 1s
  4350K .......... .......... .......... .......... .......... 32% 6.66M 1s
  4400K .......... .......... .......... .......... .......... 32% 6.33M 1s
  4450K .......... .......... .......... .......... .......... 32%  181M 1s
  4500K .......... .......... .......... .......... .......... 33% 6.19M 1s
  4550K .......... .......... .......... .......... .......... 33%  149M 1s
  4600K .......... .......... .......... .......... .......... 33% 6.41M 1s
  4650K .......... .......... .......... .......... .......... 34%  193M 1s
  4700K .......... .......... .......... .......... .......... 34% 6.32M 1s
  4750K .......... .......... .......... .......... .......... 35%  195M 1s
  4800K .......... .......... .......... .......... .......... 35% 6.32M 1s
  4850K .......... .......... .......... .......... .......... 35%  182M 1s
  4900K .......... .......... .......... .......... .......... 36% 6.29M 1s
  4950K .......... .......... .......... .......... .......... 36%  122M 1s
  5000K .......... .......... .......... .......... .......... 36% 6.39M 1s
  5050K .......... .......... .......... .......... .......... 37%  149M 1s
  5100K .......... .......... .......... .......... .......... 37% 6.35M 1s
  5150K .......... .......... .......... .......... .......... 37%  185M 1s
  5200K .......... .......... .......... .......... .......... 38% 6.33M 1s
  5250K .......... .......... .......... .......... .......... 38%  184M 1s
  5300K .......... .......... .......... .......... .......... 39% 6.28M 1s
  5350K .......... .......... .......... .......... .......... 39%  187M 1s
  5400K .......... .......... .......... .......... .......... 39%  199M 1s
  5450K .......... .......... .......... .......... .......... 40% 6.45M 1s
  5500K .......... .......... .......... .......... .......... 40%  155M 1s
  5550K .......... .......... .......... .......... .......... 40% 6.59M 1s
  5600K .......... .......... .......... .......... .......... 41% 99.4M 1s
  5650K .......... .......... .......... .......... .......... 41%  195M 1s
  5700K .......... .......... .......... .......... .......... 41% 6.36M 1s
  5750K .......... .......... .......... .......... .......... 42% 87.0M 1s
  5800K .......... .......... .......... .......... .......... 42% 6.85M 1s
  5850K .......... .......... .......... .......... .......... 43%  144M 1s
  5900K .......... .......... .......... .......... .......... 43% 6.01M 1s
  5950K .......... .......... .......... .......... .......... 43%  144M 1s
  6000K .......... .......... .......... .......... .......... 44%  162M 1s
  6050K .......... .......... .......... .......... .......... 44% 7.05M 1s
  6100K .......... .......... .......... .......... .......... 44%  198M 1s
  6150K .......... .......... .......... .......... .......... 45%  115M 1s
  6200K .......... .......... .......... .......... .......... 45% 6.65M 1s
  6250K .......... .......... .......... .......... .......... 45%  184M 1s
  6300K .......... .......... .......... .......... .......... 46% 6.29M 1s
  6350K .......... .......... .......... .......... .......... 46%  179M 1s
  6400K .......... .......... .......... .......... .......... 47%  164M 1s
  6450K .......... .......... .......... .......... .......... 47% 5.95M 1s
  6500K .......... .......... .......... .......... .......... 47%  194M 0s
  6550K .......... .......... .......... .......... .......... 48%  199M 0s
  6600K .......... .......... .......... .......... .......... 48% 7.02M 0s
  6650K .......... .......... .......... .......... .......... 48%  166M 0s
  6700K .......... .......... .......... .......... .......... 49%  101M 0s
  6750K .......... .......... .......... .......... .......... 49% 5.40M 0s
  6800K .......... .......... .......... .......... .......... 50%  194M 0s
  6850K .......... .......... .......... .......... .......... 50% 6.54M 0s
  6900K .......... .......... .......... .......... .......... 50%  110M 0s
  6950K .......... .......... .......... .......... .......... 51%  194M 0s
  7000K .......... .......... .......... .......... .......... 51% 6.67M 0s
  7050K .......... .......... .......... .......... .......... 51% 99.0M 0s
  7100K .......... .......... .......... .......... .......... 52%  189M 0s
  7150K .......... .......... .......... .......... .......... 52% 86.4M 0s
  7200K .......... .......... .......... .......... .......... 52% 9.00M 0s
  7250K .......... .......... .......... .......... .......... 53%  186M 0s
  7300K .......... .......... .......... .......... .......... 53%  144M 0s
  7350K .......... .......... .......... .......... .......... 54% 7.16M 0s
  7400K .......... .......... .......... .......... .......... 54%  112M 0s
  7450K .......... .......... .......... .......... .......... 54%  146M 0s
  7500K .......... .......... .......... .......... .......... 55% 6.70M 0s
  7550K .......... .......... .......... .......... .......... 55%  106M 0s
  7600K .......... .......... .......... .......... .......... 55%  189M 0s
  7650K .......... .......... .......... .......... .......... 56% 6.46M 0s
  7700K .......... .......... .......... .......... .......... 56%  202M 0s
  7750K .......... .......... .......... .......... .......... 56%  185M 0s
  7800K .......... .......... .......... .......... .......... 57% 6.18M 0s
  7850K .......... .......... .......... .......... .......... 57%  175M 0s
  7900K .......... .......... .......... .......... .......... 58%  174M 0s
  7950K .......... .......... .......... .......... .......... 58% 5.76M 0s
  8000K .......... .......... .......... .......... .......... 58%  156M 0s
  8050K .......... .......... .......... .......... .......... 59% 95.2M 0s
  8100K .......... .......... .......... .......... .......... 59%  135M 0s
  8150K .......... .......... .......... .......... .......... 59% 9.17M 0s
  8200K .......... .......... .......... .......... .......... 60% 97.9M 0s
  8250K .......... .......... .......... .......... .......... 60%  198M 0s
  8300K .......... .......... .......... .......... .......... 60% 6.91M 0s
  8350K .......... .......... .......... .......... .......... 61% 99.6M 0s
  8400K .......... .......... .......... .......... .......... 61%  143M 0s
  8450K .......... .......... .......... .......... .......... 62% 6.91M 0s
  8500K .......... .......... .......... .......... .......... 62%  180M 0s
  8550K .......... .......... .......... .......... .......... 62%  201M 0s
  8600K .......... .......... .......... .......... .......... 63%  106M 0s
  8650K .......... .......... .......... .......... .......... 63% 6.99M 0s
  8700K .......... .......... .......... .......... .......... 63%  195M 0s
  8750K .......... .......... .......... .......... .......... 64%  154M 0s
  8800K .......... .......... .......... .......... .......... 64% 6.29M 0s
  8850K .......... .......... .......... .......... .......... 64%  127M 0s
  8900K .......... .......... .......... .......... .......... 65% 92.5M 0s
  8950K .......... .......... .......... .......... .......... 65%  141M 0s
  9000K .......... .......... .......... .......... .......... 66% 7.32M 0s
  9050K .......... .......... .......... .......... .......... 66%  198M 0s
  9100K .......... .......... .......... .......... .......... 66%  198M 0s
  9150K .......... .......... .......... .......... .......... 67% 6.23M 0s
  9200K .......... .......... .......... .......... .......... 67%  107M 0s
  9250K .......... .......... .......... .......... .......... 67%  184M 0s
  9300K .......... .......... .......... .......... .......... 68%  151M 0s
  9350K .......... .......... .......... .......... .......... 68% 7.37M 0s
  9400K .......... .......... .......... .......... .......... 68%  186M 0s
  9450K .......... .......... .......... .......... .......... 69%  200M 0s
  9500K .......... .......... .......... .......... .......... 69%  104M 0s
  9550K .......... .......... .......... .......... .......... 70% 5.49M 0s
  9600K .......... .......... .......... .......... .......... 70%  189M 0s
  9650K .......... .......... .......... .......... .......... 70%  201M 0s
  9700K .......... .......... .......... .......... .......... 71% 7.08M 0s
  9750K .......... .......... .......... .......... .......... 71%  164M 0s
  9800K .......... .......... .......... .......... .......... 71%  134M 0s
  9850K .......... .......... .......... .......... .......... 72%  190M 0s
  9900K .......... .......... .......... .......... .......... 72% 8.79M 0s
  9950K .......... .......... .......... .......... .......... 73%  157M 0s
 10000K .......... .......... .......... .......... .......... 73%  182M 0s
 10050K .......... .......... .......... .......... .......... 73%  133M 0s
 10100K .......... .......... .......... .......... .......... 74% 6.75M 0s
 10150K .......... .......... .......... .......... .......... 74%  148M 0s
 10200K .......... .......... .......... .......... .......... 74%  196M 0s
 10250K .......... .......... .......... .......... .......... 75% 6.76M 0s
 10300K .......... .......... .......... .......... .......... 75%  140M 0s
 10350K .......... .......... .......... .......... .......... 75%  135M 0s
 10400K .......... .......... .......... .......... .......... 76%  158M 0s
 10450K .......... .......... .......... .......... .......... 76% 6.92M 0s
 10500K .......... .......... .......... .......... .......... 77%  173M 0s
 10550K .......... .......... .......... .......... .......... 77%  152M 0s
 10600K .......... .......... .......... .......... .......... 77%  183M 0s
 10650K .......... .......... .......... .......... .......... 78% 6.88M 0s
 10700K .......... .......... .......... .......... .......... 78%  174M 0s
 10750K .......... .......... .......... .......... .......... 78%  148M 0s
 10800K .......... .......... .......... .......... .......... 79%  185M 0s
 10850K .......... .......... .......... .......... .......... 79% 6.09M 0s
 10900K .......... .......... .......... .......... .......... 79%  133M 0s
 10950K .......... .......... .......... .......... .......... 80% 98.2M 0s
 11000K .......... .......... .......... .......... .......... 80% 99.2M 0s
 11050K .......... .......... .......... .......... .......... 81% 8.49M 0s
 11100K .......... .......... .......... .......... .......... 81%  181M 0s
 11150K .......... .......... .......... .......... .......... 81%  179M 0s
 11200K .......... .......... .......... .......... .......... 82%  148M 0s
 11250K .......... .......... .......... .......... .......... 82% 5.28M 0s
 11300K .......... .......... .......... .......... .......... 82%  193M 0s
 11350K .......... .......... .......... .......... .......... 83%  178M 0s
 11400K .......... .......... .......... .......... .......... 83% 9.24M 0s
 11450K .......... .......... .......... .......... .......... 83%  183M 0s
 11500K .......... .......... .......... .......... .......... 84%  138M 0s
 11550K .......... .......... .......... .......... .......... 84%  123M 0s
 11600K .......... .......... .......... .......... .......... 85% 5.51M 0s
 11650K .......... .......... .......... .......... .......... 85%  134M 0s
 11700K .......... .......... .......... .......... .......... 85%  189M 0s
 11750K .......... .......... .......... .......... .......... 86%  197M 0s
 11800K .......... .......... .......... .......... .......... 86% 7.96M 0s
 11850K .......... .......... .......... .......... .......... 86%  144M 0s
 11900K .......... .......... .......... .......... .......... 87%  195M 0s
 11950K .......... .......... .......... .......... .......... 87%  197M 0s
 12000K .......... .......... .......... .......... .......... 87%  189M 0s
 12050K .......... .......... .......... .......... .......... 88% 6.65M 0s
 12100K .......... .......... .......... .......... .......... 88%  175M 0s
 12150K .......... .......... .......... .......... .......... 89%  165M 0s
 12200K .......... .......... .......... .......... .......... 89% 6.14M 0s
 12250K .......... .......... .......... .......... .......... 89%  158M 0s
 12300K .......... .......... .......... .......... .......... 90%  133M 0s
 12350K .......... .......... .......... .......... .......... 90%  192M 0s
 12400K .......... .......... .......... .......... .......... 90% 9.52M 0s
 12450K .......... .......... .......... .......... .......... 91%  184M 0s
 12500K .......... .......... .......... .......... .......... 91%  167M 0s
 12550K .......... .......... .......... .......... .......... 91%  202M 0s
 12600K .......... .......... .......... .......... .......... 92% 6.18M 0s
 12650K .......... .......... .......... .......... .......... 92% 91.4M 0s
 12700K .......... .......... .......... .......... .......... 93%  104M 0s
 12750K .......... .......... .......... .......... .......... 93%  131M 0s
 12800K .......... .......... .......... .......... .......... 93% 8.08M 0s
 12850K .......... .......... .......... .......... .......... 94% 82.2M 0s
 12900K .......... .......... .......... .......... .......... 94%  131M 0s
 12950K .......... .......... .......... .......... .......... 94%  137M 0s
 13000K .......... .......... .......... .......... .......... 95% 7.49M 0s
 13050K .......... .......... .......... .......... .......... 95%  186M 0s
 13100K .......... .......... .......... .......... .......... 95%  198M 0s
 13150K .......... .......... .......... .......... .......... 96%  155M 0s
 13200K .......... .......... .......... .......... .......... 96% 6.14M 0s
 13250K .......... .......... .......... .......... .......... 97% 88.1M 0s
 13300K .......... .......... .......... .......... .......... 97%  189M 0s
 13350K .......... .......... .......... .......... .......... 97%  163M 0s
 13400K .......... .......... .......... .......... .......... 98%  172M 0s
 13450K .......... .......... .......... .......... .......... 98% 5.99M 0s
 13500K .......... .......... .......... .......... .......... 98%  198M 0s
 13550K .......... .......... .......... .......... .......... 99%  181M 0s
 13600K .......... .......... .......... .......... .......... 99%  184M 0s
 13650K .......... .......... .......... .......... ........  100% 8.95M=0.8s

2017-01-10 11:59:11 (17.2 MB/s) - `dpmerchant_shzx_6.0.3.apk' saved [14026918/14026918]

