--2017-02-24 19:09:55--  http://m.ghge1.com/py
Resolving m.ghge1.com... 103.205.241.37
Connecting to m.ghge1.com|103.205.241.37|:80... connected.
HTTP request sent, awaiting response... 301 Moved Permanently
Location: http://m.ghge1.com/py/ [following]
--2017-02-24 19:09:57--  http://m.ghge1.com/py/
Reusing existing connection to m.ghge1.com:80.
HTTP request sent, awaiting response... 200 OK
Length: 741 [text/html]
Saving to: `index.html'

     0K                                                       100% 64.2M=0s

2017-02-24 19:09:57 (64.2 MB/s) - `index.html' saved [741/741]

=======================The second times wget =====================
--2017-02-24 19:09:58--  http://m.ghge1.com/py/%E8%A7%86%E9%A2%91.apk
Resolving m.ghge1.com... 103.205.241.37
Connecting to m.ghge1.com|103.205.241.37|:80... connected.
HTTP request sent, awaiting response... 200 OK
Length: 201044 (196K) [application/vnd.android.package-archive]
Saving to: `è§%86é¢%91.apk'

     0K .......... .......... .......... .......... .......... 25%  251K 1s
    50K .......... .......... .......... .......... .......... 50%  234K 0s
   100K .......... .......... .......... .......... .......... 76%  209K 0s
   150K .......... .......... .......... .......... ......    100%  102K=1.1s

2017-02-24 19:10:00 (178 KB/s) - `è§%86é¢%91.apk' saved [201044/201044]

