--2017-02-14 19:07:35--  http://m.118100.cn/imapp/52
Resolving m.118100.cn... 14.146.228.5, 240e:5e:7000::201
Connecting to m.118100.cn|14.146.228.5|:80... connected.
HTTP request sent, awaiting response... 302 Found
Location: http://coloring.musicway.cn/cms/picture/iting/pkg/d/f4c7a/8-3701/iting_V3.005.001.696ctch1_20000073.apk [following]
--2017-02-14 19:07:35--  http://coloring.musicway.cn/cms/picture/iting/pkg/d/f4c7a/8-3701/iting_V3.005.001.696ctch1_20000073.apk
Resolving coloring.musicway.cn... 14.146.228.47
Connecting to coloring.musicway.cn|14.146.228.47|:80... connected.
HTTP request sent, awaiting response... 200 OK
Length: 21187001 (20M) [application/vnd.android.package-archive]
Saving to: `iting_V3.005.001.696ctch1_20000073.apk'

     0K .......... .......... .......... .......... ..........  0% 1.12M 18s
    50K .......... .......... .......... .......... ..........  0% 1.72M 15s
   100K .......... .......... .......... .......... ..........  0% 2.03M 13s
   150K .......... .......... .......... .......... ..........  0% 2.46M 12s
   200K .......... .......... .......... .......... ..........  1% 2.46M 11s
   250K .......... .......... .......... .......... ..........  1% 3.39M 10s
   300K .......... .......... .......... .......... ..........  1% 3.38M 10s
   350K .......... .......... .......... .......... ..........  1% 3.41M 9s
   400K .......... .......... .......... .......... ..........  2% 3.31M 9s
   450K .......... .......... .......... .......... ..........  2% 1.55M 9s
   500K .......... .......... .......... .......... ..........  2% 41.9M 8s
   550K .......... .......... .......... .......... ..........  2% 3.09M 8s
   600K .......... .......... .......... .......... ..........  3% 2.70M 8s
   650K .......... .......... .......... .......... ..........  3% 2.48M 8s
   700K .......... .......... .......... .......... ..........  3% 2.98M 8s
   750K .......... .......... .......... .......... ..........  3%  131M 7s
   800K .......... .......... .......... .......... ..........  4% 3.41M 7s
   850K .......... .......... .......... .......... ..........  4% 2.78M 7s
   900K .......... .......... .......... .......... ..........  4% 4.06M 7s
   950K .......... .......... .......... .......... ..........  4% 6.00M 7s
  1000K .......... .......... .......... .......... ..........  5% 2.86M 7s
  1050K .......... .......... .......... .......... ..........  5% 4.80M 7s
  1100K .......... .......... .......... .......... ..........  5% 11.8M 6s
  1150K .......... .......... .......... .......... ..........  5% 3.10M 6s
  1200K .......... .......... .......... .......... ..........  6%  157M 6s
  1250K .......... .......... .......... .......... ..........  6% 2.50M 6s
  1300K .......... .......... .......... .......... ..........  6%  168M 6s
  1350K .......... .......... .......... .......... ..........  6% 2.45M 6s
  1400K .......... .......... .......... .......... ..........  7%  180M 6s
  1450K .......... .......... .......... .......... ..........  7% 2.51M 6s
  1500K .......... .......... .......... .......... ..........  7%  105M 6s
  1550K .......... .......... .......... .......... ..........  7% 3.53M 6s
  1600K .......... .......... .......... .......... ..........  7% 56.8M 5s
  1650K .......... .......... .......... .......... ..........  8% 3.78M 5s
  1700K .......... .......... .......... .......... ..........  8% 36.6M 5s
  1750K .......... .......... .......... .......... ..........  8% 8.28M 5s
  1800K .......... .......... .......... .......... ..........  8% 5.99M 5s
  1850K .......... .......... .......... .......... ..........  9% 9.13M 5s
  1900K .......... .......... .......... .......... ..........  9% 5.39M 5s
  1950K .......... .......... .......... .......... ..........  9%  168M 5s
  2000K .......... .......... .......... .......... ..........  9% 3.87M 5s
  2050K .......... .......... .......... .......... .......... 10% 29.0M 5s
  2100K .......... .......... .......... .......... .......... 10% 10.8M 5s
  2150K .......... .......... .......... .......... .......... 10% 4.36M 5s
  2200K .......... .......... .......... .......... .......... 10%  120M 4s
  2250K .......... .......... .......... .......... .......... 11% 6.49M 4s
  2300K .......... .......... .......... .......... .......... 11% 5.29M 4s
  2350K .......... .......... .......... .......... .......... 11%  192M 4s
  2400K .......... .......... .......... .......... .......... 11% 5.10M 4s
  2450K .......... .......... .......... .......... .......... 12% 9.64M 4s
  2500K .......... .......... .......... .......... .......... 12%  139M 4s
  2550K .......... .......... .......... .......... .......... 12% 5.56M 4s
  2600K .......... .......... .......... .......... .......... 12% 6.09M 4s
  2650K .......... .......... .......... .......... .......... 13%  205M 4s
  2700K .......... .......... .......... .......... .......... 13% 7.31M 4s
  2750K .......... .......... .......... .......... .......... 13% 4.11M 4s
  2800K .......... .......... .......... .......... .......... 13%  194M 4s
  2850K .......... .......... .......... .......... .......... 14% 5.84M 4s
  2900K .......... .......... .......... .......... .......... 14% 4.16M 4s
  2950K .......... .......... .......... .......... .......... 14%  182M 4s
  3000K .......... .......... .......... .......... .......... 14%  184M 4s
  3050K .......... .......... .......... .......... .......... 14% 7.74M 4s
  3100K .......... .......... .......... .......... .......... 15% 4.21M 4s
  3150K .......... .......... .......... .......... .......... 15%  168M 4s
  3200K .......... .......... .......... .......... .......... 15%  130M 3s
  3250K .......... .......... .......... .......... .......... 15% 3.72M 4s
  3300K .......... .......... .......... .......... .......... 16% 11.0M 3s
  3350K .......... .......... .......... .......... .......... 16%  202M 3s
  3400K .......... .......... .......... .......... .......... 16%  203M 3s
  3450K .......... .......... .......... .......... .......... 16% 1.78M 3s
  3500K .......... .......... .......... .......... .......... 17%  184M 3s
  3550K .......... .......... .......... .......... .......... 17%  211M 3s
  3600K .......... .......... .......... .......... .......... 17%  180M 3s
  3650K .......... .......... .......... .......... .......... 17% 20.7M 3s
  3700K .......... .......... .......... .......... .......... 18% 5.28M 3s
  3750K .......... .......... .......... .......... .......... 18%  157M 3s
  3800K .......... .......... .......... .......... .......... 18%  201M 3s
  3850K .......... .......... .......... .......... .......... 18% 4.66M 3s
  3900K .......... .......... .......... .......... .......... 19% 6.40M 3s
  3950K .......... .......... .......... .......... .......... 19%  195M 3s
  4000K .......... .......... .......... .......... .......... 19%  212M 3s
  4050K .......... .......... .......... .......... .......... 19% 6.34M 3s
  4100K .......... .......... .......... .......... .......... 20% 11.9M 3s
  4150K .......... .......... .......... .......... .......... 20% 6.19M 3s
  4200K .......... .......... .......... .......... .......... 20%  138M 3s
  4250K .......... .......... .......... .......... .......... 20%  184M 3s
  4300K .......... .......... .......... .......... .......... 21% 4.36M 3s
  4350K .......... .......... .......... .......... .......... 21% 6.11M 3s
  4400K .......... .......... .......... .......... .......... 21%  190M 3s
  4450K .......... .......... .......... .......... .......... 21%  216M 3s
  4500K .......... .......... .......... .......... .......... 21%  158M 3s
  4550K .......... .......... .......... .......... .......... 22% 4.12M 3s
  4600K .......... .......... .......... .......... .......... 22% 5.97M 3s
  4650K .......... .......... .......... .......... .......... 22%  192M 3s
  4700K .......... .......... .......... .......... .......... 22%  213M 3s
  4750K .......... .......... .......... .......... .......... 23%  211M 3s
  4800K .......... .......... .......... .......... .......... 23% 7.62M 3s
  4850K .......... .......... .......... .......... .......... 23% 11.6M 3s
  4900K .......... .......... .......... .......... .......... 23% 6.00M 3s
  4950K .......... .......... .......... .......... .......... 24%  211M 3s
  5000K .......... .......... .......... .......... .......... 24%  111M 3s
  5050K .......... .......... .......... .......... .......... 24%  210M 2s
  5100K .......... .......... .......... .......... .......... 24% 4.38M 2s
  5150K .......... .......... .......... .......... .......... 25% 6.26M 2s
  5200K .......... .......... .......... .......... .......... 25%  189M 2s
  5250K .......... .......... .......... .......... .......... 25%  167M 2s
  5300K .......... .......... .......... .......... .......... 25% 12.9M 2s
  5350K .......... .......... .......... .......... .......... 26%  151M 2s
  5400K .......... .......... .......... .......... .......... 26% 6.29M 2s
  5450K .......... .......... .......... .......... .......... 26% 13.6M 2s
  5500K .......... .......... .......... .......... .......... 26%  161M 2s
  5550K .......... .......... .......... .......... .......... 27% 5.15M 2s
  5600K .......... .......... .......... .......... .......... 27%  191M 2s
  5650K .......... .......... .......... .......... .......... 27%  141M 2s
  5700K .......... .......... .......... .......... .......... 27% 14.9M 2s
  5750K .......... .......... .......... .......... .......... 28% 6.96M 2s
  5800K .......... .......... .......... .......... .......... 28%  174M 2s
  5850K .......... .......... .......... .......... .......... 28%  126M 2s
  5900K .......... .......... .......... .......... .......... 28% 6.29M 2s
  5950K .......... .......... .......... .......... .......... 28%  188M 2s
  6000K .......... .......... .......... .......... .......... 29% 16.7M 2s
  6050K .......... .......... .......... .......... .......... 29% 6.47M 2s
  6100K .......... .......... .......... .......... .......... 29%  200M 2s
  6150K .......... .......... .......... .......... .......... 29% 96.1M 2s
  6200K .......... .......... .......... .......... .......... 30% 11.6M 2s
  6250K .......... .......... .......... .......... .......... 30%  190M 2s
  6300K .......... .......... .......... .......... .......... 30% 11.4M 2s
  6350K .......... .......... .......... .......... .......... 30%  133M 2s
  6400K .......... .......... .......... .......... .......... 31% 5.13M 2s
  6450K .......... .......... .......... .......... .......... 31%  127M 2s
  6500K .......... .......... .......... .......... .......... 31% 31.5M 2s
  6550K .......... .......... .......... .......... .......... 31%  202M 2s
  6600K .......... .......... .......... .......... .......... 32%  115M 2s
  6650K .......... .......... .......... .......... .......... 32% 18.4M 2s
  6700K .......... .......... .......... .......... .......... 32%  142M 2s
  6750K .......... .......... .......... .......... .......... 32% 5.49M 2s
  6800K .......... .......... .......... .......... .......... 33% 84.5M 2s
  6850K .......... .......... .......... .......... .......... 33% 41.2M 2s
  6900K .......... .......... .......... .......... .......... 33%  119M 2s
  6950K .......... .......... .......... .......... .......... 33%  127M 2s
  7000K .......... .......... .......... .......... .......... 34% 18.2M 2s
  7050K .......... .......... .......... .......... .......... 34%  149M 2s
  7100K .......... .......... .......... .......... .......... 34% 5.65M 2s
  7150K .......... .......... .......... .......... .......... 34%  141M 2s
  7200K .......... .......... .......... .......... .......... 35% 33.8M 2s
  7250K .......... .......... .......... .......... .......... 35% 99.9M 2s
  7300K .......... .......... .......... .......... .......... 35% 79.0M 2s
  7350K .......... .......... .......... .......... .......... 35% 95.4M 2s
  7400K .......... .......... .......... .......... .......... 36% 20.4M 2s
  7450K .......... .......... .......... .......... .......... 36% 5.86M 2s
  7500K .......... .......... .......... .......... .......... 36%  110M 2s
  7550K .......... .......... .......... .......... .......... 36% 84.0M 2s
  7600K .......... .......... .......... .......... .......... 36% 52.7M 2s
  7650K .......... .......... .......... .......... .......... 37%  118M 2s
  7700K .......... .......... .......... .......... .......... 37% 83.8M 2s
  7750K .......... .......... .......... .......... .......... 37% 25.0M 2s
  7800K .......... .......... .......... .......... .......... 37% 37.9M 2s
  7850K .......... .......... .......... .......... .......... 38% 6.17M 2s
  7900K .......... .......... .......... .......... .......... 38% 64.8M 2s
  7950K .......... .......... .......... .......... .......... 38% 48.5M 2s
  8000K .......... .......... .......... .......... .......... 38% 93.9M 2s
  8050K .......... .......... .......... .......... .......... 39%  149M 1s
  8100K .......... .......... .......... .......... .......... 39% 83.2M 1s
  8150K .......... .......... .......... .......... .......... 39% 26.2M 1s
  8200K .......... .......... .......... .......... .......... 39% 4.94M 1s
  8250K .......... .......... .......... .......... .......... 40%  215M 1s
  8300K .......... .......... .......... .......... .......... 40% 76.3M 1s
  8350K .......... .......... .......... .......... .......... 40%  167M 1s
  8400K .......... .......... .......... .......... .......... 40% 54.5M 1s
  8450K .......... .......... .......... .......... .......... 41% 89.8M 1s
  8500K .......... .......... .......... .......... .......... 41%  142M 1s
  8550K .......... .......... .......... .......... .......... 41%  151M 1s
  8600K .......... .......... .......... .......... .......... 41% 38.0M 1s
  8650K .......... .......... .......... .......... .......... 42% 4.86M 1s
  8700K .......... .......... .......... .......... .......... 42%  153M 1s
  8750K .......... .......... .......... .......... .......... 42%  108M 1s
  8800K .......... .......... .......... .......... .......... 42%  142M 1s
  8850K .......... .......... .......... .......... .......... 43% 64.9M 1s
  8900K .......... .......... .......... .......... .......... 43%  114M 1s
  8950K .......... .......... .......... .......... .......... 43%  133M 1s
  9000K .......... .......... .......... .......... .......... 43% 36.1M 1s
  9050K .......... .......... .......... .......... .......... 43%  130M 1s
  9100K .......... .......... .......... .......... .......... 44% 5.06M 1s
  9150K .......... .......... .......... .......... .......... 44%  126M 1s
  9200K .......... .......... .......... .......... .......... 44% 55.5M 1s
  9250K .......... .......... .......... .......... .......... 44% 86.1M 1s
  9300K .......... .......... .......... .......... .......... 45%  156M 1s
  9350K .......... .......... .......... .......... .......... 45%  119M 1s
  9400K .......... .......... .......... .......... .......... 45% 78.4M 1s
  9450K .......... .......... .......... .......... .......... 45% 43.1M 1s
  9500K .......... .......... .......... .......... .......... 46% 5.61M 1s
  9550K .......... .......... .......... .......... .......... 46% 79.0M 1s
  9600K .......... .......... .......... .......... .......... 46% 43.9M 1s
  9650K .......... .......... .......... .......... .......... 46% 37.4M 1s
  9700K .......... .......... .......... .......... .......... 47%  113M 1s
  9750K .......... .......... .......... .......... .......... 47%  107M 1s
  9800K .......... .......... .......... .......... .......... 47%  198M 1s
  9850K .......... .......... .......... .......... .......... 47%  155M 1s
  9900K .......... .......... .......... .......... .......... 48% 98.4M 1s
  9950K .......... .......... .......... .......... .......... 48% 48.1M 1s
 10000K .......... .......... .......... .......... .......... 48%  139M 1s
 10050K .......... .......... .......... .......... .......... 48% 5.51M 1s
 10100K .......... .......... .......... .......... .......... 49% 50.8M 1s
 10150K .......... .......... .......... .......... .......... 49% 45.8M 1s
 10200K .......... .......... .......... .......... .......... 49% 67.5M 1s
 10250K .......... .......... .......... .......... .......... 49%  130M 1s
 10300K .......... .......... .......... .......... .......... 50%  214M 1s
 10350K .......... .......... .......... .......... .......... 50%  108M 1s
 10400K .......... .......... .......... .......... .......... 50%  128M 1s
 10450K .......... .......... .......... .......... .......... 50% 64.6M 1s
 10500K .......... .......... .......... .......... .......... 50%  121M 1s
 10550K .......... .......... .......... .......... .......... 51% 5.44M 1s
 10600K .......... .......... .......... .......... .......... 51% 20.0M 1s
 10650K .......... .......... .......... .......... .......... 51%  117M 1s
 10700K .......... .......... .......... .......... .......... 51% 52.9M 1s
 10750K .......... .......... .......... .......... .......... 52% 87.0M 1s
 10800K .......... .......... .......... .......... .......... 52%  170M 1s
 10850K .......... .......... .......... .......... .......... 52%  192M 1s
 10900K .......... .......... .......... .......... .......... 52%  216M 1s
 10950K .......... .......... .......... .......... .......... 53%  132M 1s
 11000K .......... .......... .......... .......... .......... 53%  190M 1s
 11050K .......... .......... .......... .......... .......... 53% 5.95M 1s
 11100K .......... .......... .......... .......... .......... 53% 13.4M 1s
 11150K .......... .......... .......... .......... .......... 54% 86.6M 1s
 11200K .......... .......... .......... .......... .......... 54%  207M 1s
 11250K .......... .......... .......... .......... .......... 54%  168M 1s
 11300K .......... .......... .......... .......... .......... 54% 47.7M 1s
 11350K .......... .......... .......... .......... .......... 55%  176M 1s
 11400K .......... .......... .......... .......... .......... 55%  150M 1s
 11450K .......... .......... .......... .......... .......... 55%  203M 1s
 11500K .......... .......... .......... .......... .......... 55%  214M 1s
 11550K .......... .......... .......... .......... .......... 56%  182M 1s
 11600K .......... .......... .......... .......... .......... 56% 7.32M 1s
 11650K .......... .......... .......... .......... .......... 56% 16.1M 1s
 11700K .......... .......... .......... .......... .......... 56% 26.3M 1s
 11750K .......... .......... .......... .......... .......... 57%  191M 1s
 11800K .......... .......... .......... .......... .......... 57%  137M 1s
 11850K .......... .......... .......... .......... .......... 57% 45.0M 1s
 11900K .......... .......... .......... .......... .......... 57%  161M 1s
 11950K .......... .......... .......... .......... .......... 57%  158M 1s
 12000K .......... .......... .......... .......... .......... 58%  182M 1s
 12050K .......... .......... .......... .......... .......... 58%  173M 1s
 12100K .......... .......... .......... .......... .......... 58%  165M 1s
 12150K .......... .......... .......... .......... .......... 58% 8.03M 1s
 12200K .......... .......... .......... .......... .......... 59% 18.1M 1s
 12250K .......... .......... .......... .......... .......... 59%  178M 1s
 12300K .......... .......... .......... .......... .......... 59% 23.2M 1s
 12350K .......... .......... .......... .......... .......... 59% 72.3M 1s
 12400K .......... .......... .......... .......... .......... 60%  117M 1s
 12450K .......... .......... .......... .......... .......... 60%  110M 1s
 12500K .......... .......... .......... .......... .......... 60%  195M 1s
 12550K .......... .......... .......... .......... .......... 60%  174M 1s
 12600K .......... .......... .......... .......... .......... 61%  125M 1s
 12650K .......... .......... .......... .......... .......... 61% 59.6M 1s
 12700K .......... .......... .......... .......... .......... 61%  178M 1s
 12750K .......... .......... .......... .......... .......... 61%  150M 1s
 12800K .......... .......... .......... .......... .......... 62% 8.39M 1s
 12850K .......... .......... .......... .......... .......... 62% 22.0M 1s
 12900K .......... .......... .......... .......... .......... 62% 29.4M 1s
 12950K .......... .......... .......... .......... .......... 62% 40.4M 1s
 13000K .......... .......... .......... .......... .......... 63%  103M 1s
 13050K .......... .......... .......... .......... .......... 63%  130M 1s
 13100K .......... .......... .......... .......... .......... 63%  183M 1s
 13150K .......... .......... .......... .......... .......... 63%  124M 1s
 13200K .......... .......... .......... .......... .......... 64%  131M 1s
 13250K .......... .......... .......... .......... .......... 64%  173M 1s
 13300K .......... .......... .......... .......... .......... 64% 74.3M 1s
 13350K .......... .......... .......... .......... .......... 64%  219M 1s
 13400K .......... .......... .......... .......... .......... 65% 9.61M 1s
 13450K .......... .......... .......... .......... .......... 65%  104M 1s
 13500K .......... .......... .......... .......... .......... 65% 16.9M 1s
 13550K .......... .......... .......... .......... .......... 65% 21.8M 1s
 13600K .......... .......... .......... .......... .......... 65% 89.1M 1s
 13650K .......... .......... .......... .......... .......... 66% 51.7M 1s
 13700K .......... .......... .......... .......... .......... 66% 95.4M 1s
 13750K .......... .......... .......... .......... .......... 66%  118M 1s
 13800K .......... .......... .......... .......... .......... 66%  130M 1s
 13850K .......... .......... .......... .......... .......... 67% 94.1M 1s
 13900K .......... .......... .......... .......... .......... 67%  184M 1s
 13950K .......... .......... .......... .......... .......... 67%  138M 1s
 14000K .......... .......... .......... .......... .......... 67%  163M 1s
 14050K .......... .......... .......... .......... .......... 68%  151M 1s
 14100K .......... .......... .......... .......... .......... 68% 11.6M 1s
 14150K .......... .......... .......... .......... .......... 68% 16.7M 1s
 14200K .......... .......... .......... .......... .......... 68%  127M 1s
 14250K .......... .......... .......... .......... .......... 69% 22.6M 1s
 14300K .......... .......... .......... .......... .......... 69% 77.1M 1s
 14350K .......... .......... .......... .......... .......... 69% 37.2M 0s
 14400K .......... .......... .......... .......... .......... 69%  126M 0s
 14450K .......... .......... .......... .......... .......... 70%  151M 0s
 14500K .......... .......... .......... .......... .......... 70%  101M 0s
 14550K .......... .......... .......... .......... .......... 70% 86.0M 0s
 14600K .......... .......... .......... .......... .......... 70%  133M 0s
 14650K .......... .......... .......... .......... .......... 71%  173M 0s
 14700K .......... .......... .......... .......... .......... 71%  160M 0s
 14750K .......... .......... .......... .......... .......... 71% 57.9M 0s
 14800K .......... .......... .......... .......... .......... 71% 16.5M 0s
 14850K .......... .......... .......... .......... .......... 72% 15.6M 0s
 14900K .......... .......... .......... .......... .......... 72% 21.4M 0s
 14950K .......... .......... .......... .......... .......... 72%  134M 0s
 15000K .......... .......... .......... .......... .......... 72% 74.5M 0s
 15050K .......... .......... .......... .......... .......... 72% 96.5M 0s
 15100K .......... .......... .......... .......... .......... 73% 34.5M 0s
 15150K .......... .......... .......... .......... .......... 73% 51.9M 0s
 15200K .......... .......... .......... .......... .......... 73%  167M 0s
 15250K .......... .......... .......... .......... .......... 73%  208M 0s
 15300K .......... .......... .......... .......... .......... 74% 44.0M 0s
 15350K .......... .......... .......... .......... .......... 74%  197M 0s
 15400K .......... .......... .......... .......... .......... 74%  160M 0s
 15450K .......... .......... .......... .......... .......... 74%  161M 0s
 15500K .......... .......... .......... .......... .......... 75%  203M 0s
 15550K .......... .......... .......... .......... .......... 75% 23.7M 0s
 15600K .......... .......... .......... .......... .......... 75% 16.2M 0s
 15650K .......... .......... .......... .......... .......... 75% 21.4M 0s
 15700K .......... .......... .......... .......... .......... 76% 58.9M 0s
 15750K .......... .......... .......... .......... .......... 76%  128M 0s
 15800K .......... .......... .......... .......... .......... 76%  108M 0s
 15850K .......... .......... .......... .......... .......... 76% 42.8M 0s
 15900K .......... .......... .......... .......... .......... 77% 35.9M 0s
 15950K .......... .......... .......... .......... .......... 77%  151M 0s
 16000K .......... .......... .......... .......... .......... 77%  138M 0s
 16050K .......... .......... .......... .......... .......... 77% 42.3M 0s
 16100K .......... .......... .......... .......... .......... 78%  196M 0s
 16150K .......... .......... .......... .......... .......... 78%  122M 0s
 16200K .......... .......... .......... .......... .......... 78%  167M 0s
 16250K .......... .......... .......... .......... .......... 78%  210M 0s
 16300K .......... .......... .......... .......... .......... 79% 33.3M 0s
 16350K .......... .......... .......... .......... .......... 79% 14.8M 0s
 16400K .......... .......... .......... .......... .......... 79% 27.8M 0s
 16450K .......... .......... .......... .......... .......... 79%  188M 0s
 16500K .......... .......... .......... .......... .......... 79% 29.2M 0s
 16550K .......... .......... .......... .......... .......... 80% 89.8M 0s
 16600K .......... .......... .......... .......... .......... 80%  132M 0s
 16650K .......... .......... .......... .......... .......... 80% 73.6M 0s
 16700K .......... .......... .......... .......... .......... 80%  106M 0s
 16750K .......... .......... .......... .......... .......... 81% 48.4M 0s
 16800K .......... .......... .......... .......... .......... 81% 93.7M 0s
 16850K .......... .......... .......... .......... .......... 81% 42.3M 0s
 16900K .......... .......... .......... .......... .......... 81%  166M 0s
 16950K .......... .......... .......... .......... .......... 82%  110M 0s
 17000K .......... .......... .......... .......... .......... 82%  209M 0s
 17050K .......... .......... .......... .......... .......... 82%  121M 0s
 17100K .......... .......... .......... .......... .......... 82% 31.9M 0s
 17150K .......... .......... .......... .......... .......... 83%  133M 0s
 17200K .......... .......... .......... .......... .......... 83% 15.5M 0s
 17250K .......... .......... .......... .......... .......... 83% 38.1M 0s
 17300K .......... .......... .......... .......... .......... 83% 25.3M 0s
 17350K .......... .......... .......... .......... .......... 84% 40.8M 0s
 17400K .......... .......... .......... .......... .......... 84%  111M 0s
 17450K .......... .......... .......... .......... .......... 84%  167M 0s
 17500K .......... .......... .......... .......... .......... 84%  118M 0s
 17550K .......... .......... .......... .......... .......... 85%  104M 0s
 17600K .......... .......... .......... .......... .......... 85%  103M 0s
 17650K .......... .......... .......... .......... .......... 85% 98.6M 0s
 17700K .......... .......... .......... .......... .......... 85% 36.2M 0s
 17750K .......... .......... .......... .......... .......... 86%  211M 0s
 17800K .......... .......... .......... .......... .......... 86%  111M 0s
 17850K .......... .......... .......... .......... .......... 86%  156M 0s
 17900K .......... .......... .......... .......... .......... 86%  196M 0s
 17950K .......... .......... .......... .......... .......... 86%  167M 0s
 18000K .......... .......... .......... .......... .......... 87% 57.6M 0s
 18050K .......... .......... .......... .......... .......... 87% 14.2M 0s
 18100K .......... .......... .......... .......... .......... 87% 46.6M 0s
 18150K .......... .......... .......... .......... .......... 87% 57.0M 0s
 18200K .......... .......... .......... .......... .......... 88% 25.6M 0s
 18250K .......... .......... .......... .......... .......... 88% 37.9M 0s
 18300K .......... .......... .......... .......... .......... 88%  147M 0s
 18350K .......... .......... .......... .......... .......... 88%  141M 0s
 18400K .......... .......... .......... .......... .......... 89%  141M 0s
 18450K .......... .......... .......... .......... .......... 89%  131M 0s
 18500K .......... .......... .......... .......... .......... 89% 81.0M 0s
 18550K .......... .......... .......... .......... .......... 89% 24.2M 0s
 18600K .......... .......... .......... .......... .......... 90%  158M 0s
 18650K .......... .......... .......... .......... .......... 90%  111M 0s
 18700K .......... .......... .......... .......... .......... 90%  186M 0s
 18750K .......... .......... .......... .......... .......... 90%  176M 0s
 18800K .......... .......... .......... .......... .......... 91%  139M 0s
 18850K .......... .......... .......... .......... .......... 91%  153M 0s
 18900K .......... .......... .......... .......... .......... 91%  126M 0s
 18950K .......... .......... .......... .......... .......... 91% 18.8M 0s
 19000K .......... .......... .......... .......... .......... 92% 60.1M 0s
 19050K .......... .......... .......... .......... .......... 92% 36.8M 0s
 19100K .......... .......... .......... .......... .......... 92% 32.6M 0s
 19150K .......... .......... .......... .......... .......... 92%  109M 0s
 19200K .......... .......... .......... .......... .......... 93% 29.3M 0s
 19250K .......... .......... .......... .......... .......... 93%  136M 0s
 19300K .......... .......... .......... .......... .......... 93%  189M 0s
 19350K .......... .......... .......... .......... .......... 93% 92.8M 0s
 19400K .......... .......... .......... .......... .......... 94%  185M 0s
 19450K .......... .......... .......... .......... .......... 94% 99.9M 0s
 19500K .......... .......... .......... .......... .......... 94% 35.1M 0s
 19550K .......... .......... .......... .......... .......... 94% 84.6M 0s
 19600K .......... .......... .......... .......... .......... 94%  108M 0s
 19650K .......... .......... .......... .......... .......... 95%  203M 0s
 19700K .......... .......... .......... .......... .......... 95%  154M 0s
 19750K .......... .......... .......... .......... .......... 95%  119M 0s
 19800K .......... .......... .......... .......... .......... 95% 95.4M 0s
 19850K .......... .......... .......... .......... .......... 96% 22.0M 0s
 19900K .......... .......... .......... .......... .......... 96% 99.0M 0s
 19950K .......... .......... .......... .......... .......... 96% 59.0M 0s
 20000K .......... .......... .......... .......... .......... 96% 40.5M 0s
 20050K .......... .......... .......... .......... .......... 97% 29.5M 0s
 20100K .......... .......... .......... .......... .......... 97%  133M 0s
 20150K .......... .......... .......... .......... .......... 97% 23.5M 0s
 20200K .......... .......... .......... .......... .......... 97% 89.4M 0s
 20250K .......... .......... .......... .......... .......... 98%  136M 0s
 20300K .......... .......... .......... .......... .......... 98%  113M 0s
 20350K .......... .......... .......... .......... .......... 98%  203M 0s
 20400K .......... .......... .......... .......... .......... 98%  148M 0s
 20450K .......... .......... .......... .......... .......... 99%  168M 0s
 20500K .......... .......... .......... .......... .......... 99% 49.1M 0s
 20550K .......... .......... .......... .......... .......... 99% 32.0M 0s
 20600K .......... .......... .......... .......... .......... 99%  143M 0s
 20650K .......... .......... .......... ..........           100%  132M=1.2s

2017-02-14 19:07:37 (16.2 MB/s) - `iting_V3.005.001.696ctch1_20000073.apk' saved [21187001/21187001]

