--2017-01-26 00:31:23--  http://tbhwn.com/ty
Resolving tbhwn.com... 45.116.78.193
Connecting to tbhwn.com|45.116.78.193|:80... connected.
HTTP request sent, awaiting response... 301 Moved Permanently
Location: http://tbhwn.com/ty/ [following]
--2017-01-26 00:31:25--  http://tbhwn.com/ty/
Reusing existing connection to tbhwn.com:80.
HTTP request sent, awaiting response... 200 OK
Length: 248 [text/html]
Saving to: `index.html'

     0K                                                       100% 12.4M=0s

2017-01-26 00:31:25 (12.4 MB/s) - `index.html' saved [248/248]

=======================The second times wget =====================
--2017-01-26 00:31:25--  http://tbhwn.com/ty/%CF%E0%B2%E110.apk
Resolving tbhwn.com... 45.116.78.193
Connecting to tbhwn.com|45.116.78.193|:80... connected.
HTTP request sent, awaiting response... 200 OK
Length: 209278 (204K) [application/vnd.android.package-archive]
Saving to: `ПаІб10.apk'

     0K .......... .......... .......... .......... .......... 24%  123K 1s
    50K .......... .......... .......... .......... .......... 48%  133K 1s
   100K .......... .......... .......... .......... .......... 73%  136K 0s
   150K .......... .......... .......... .......... .......... 97%  123K 0s
   200K ....                                                  100%  138K=1.6s

2017-01-26 00:31:27 (129 KB/s) - `ПаІб10.apk' saved [209278/209278]

