--2016-12-26 10:59:43--  http://t.cn/RtGCi6A
Resolving t.cn... 180.149.135.224
Connecting to t.cn|180.149.135.224|:80... connected.
HTTP request sent, awaiting response... 302 Found
Location: http://m.app.snail.com/?130 [following]
--2016-12-26 10:59:43--  http://m.app.snail.com/?130
Resolving m.app.snail.com... 175.6.8.24, 175.6.8.26
Connecting to m.app.snail.com|175.6.8.24|:80... connected.
HTTP request sent, awaiting response... 200 OK
Length: 19661 (19K) [text/html]
Saving to: `index.html?130'

     0K .......... .........                                  100% 10.2M=0.002s

2016-12-26 10:59:44 (10.2 MB/s) - `index.html?130' saved [19661/19661]

=======================The second times wget =====================
--2016-12-26 10:59:44--  http://dl.app.snail.com/snail/store/FreeStore_112.apk
Resolving dl.app.snail.com... 222.243.110.58, 222.243.110.23, 61.184.116.83
Connecting to dl.app.snail.com|222.243.110.58|:80... connected.
HTTP request sent, awaiting response... 200 OK
Length: 8192365 (7.8M) [application/vnd.android.package-archive]
Saving to: `FreeStore_112.apk'

     0K .......... .......... .......... .......... ..........  0% 4.66M 2s
    50K .......... .......... .......... .......... ..........  1% 9.63M 1s
   100K .......... .......... .......... .......... ..........  1% 9.41M 1s
   150K .......... .......... .......... .......... ..........  2% 10.3M 1s
   200K .......... .......... .......... .......... ..........  3% 30.7M 1s
   250K .......... .......... .......... .......... ..........  3% 13.5M 1s
   300K .......... .......... .......... .......... ..........  4% 41.8M 1s
   350K .......... .......... .......... .......... ..........  4% 11.8M 1s
   400K .......... .......... .......... .......... ..........  5% 42.3M 1s
   450K .......... .......... .......... .......... ..........  6% 12.1M 1s
   500K .......... .......... .......... .......... ..........  6% 55.4M 1s
   550K .......... .......... .......... .......... ..........  7% 14.3M 1s
   600K .......... .......... .......... .......... ..........  8% 10.3M 1s
   650K .......... .......... .......... .......... ..........  8% 54.9M 1s
   700K .......... .......... .......... .......... ..........  9% 33.8M 1s
   750K .......... .......... .......... .......... ..........  9% 13.8M 1s
   800K .......... .......... .......... .......... .......... 10% 11.6M 1s
   850K .......... .......... .......... .......... .......... 11% 53.6M 0s
   900K .......... .......... .......... .......... .......... 11% 12.2M 0s
   950K .......... .......... .......... .......... .......... 12% 48.8M 0s
  1000K .......... .......... .......... .......... .......... 13% 11.8M 0s
  1050K .......... .......... .......... .......... .......... 13% 51.7M 0s
  1100K .......... .......... .......... .......... .......... 14% 12.4M 0s
  1150K .......... .......... .......... .......... .......... 14% 45.9M 0s
  1200K .......... .......... .......... .......... .......... 15% 12.8M 0s
  1250K .......... .......... .......... .......... .......... 16% 23.5M 0s
  1300K .......... .......... .......... .......... .......... 16% 51.0M 0s
  1350K .......... .......... .......... .......... .......... 17% 11.4M 0s
  1400K .......... .......... .......... .......... .......... 18% 34.8M 0s
  1450K .......... .......... .......... .......... .......... 18% 13.4M 0s
  1500K .......... .......... .......... .......... .......... 19% 35.6M 0s
  1550K .......... .......... .......... .......... .......... 19% 13.2M 0s
  1600K .......... .......... .......... .......... .......... 20% 31.2M 0s
  1650K .......... .......... .......... .......... .......... 21% 14.8M 0s
  1700K .......... .......... .......... .......... .......... 21% 10.4M 0s
  1750K .......... .......... .......... .......... .......... 22% 57.0M 0s
  1800K .......... .......... .......... .......... .......... 23% 11.5M 0s
  1850K .......... .......... .......... .......... .......... 23% 55.6M 0s
  1900K .......... .......... .......... .......... .......... 24% 40.4M 0s
  1950K .......... .......... .......... .......... .......... 24% 11.8M 0s
  2000K .......... .......... .......... .......... .......... 25% 40.3M 0s
  2050K .......... .......... .......... .......... .......... 26% 12.8M 0s
  2100K .......... .......... .......... .......... .......... 26% 36.1M 0s
  2150K .......... .......... .......... .......... .......... 27% 14.0M 0s
  2200K .......... .......... .......... .......... .......... 28% 33.7M 0s
  2250K .......... .......... .......... .......... .......... 28% 12.8M 0s
  2300K .......... .......... .......... .......... .......... 29% 35.4M 0s
  2350K .......... .......... .......... .......... .......... 29% 13.9M 0s
  2400K .......... .......... .......... .......... .......... 30% 26.0M 0s
  2450K .......... .......... .......... .......... .......... 31% 15.8M 0s
  2500K .......... .......... .......... .......... .......... 31% 25.1M 0s
  2550K .......... .......... .......... .......... .......... 32% 12.6M 0s
  2600K .......... .......... .......... .......... .......... 33% 44.6M 0s
  2650K .......... .......... .......... .......... .......... 33% 12.4M 0s
  2700K .......... .......... .......... .......... .......... 34% 39.8M 0s
  2750K .......... .......... .......... .......... .......... 34% 13.0M 0s
  2800K .......... .......... .......... .......... .......... 35% 23.3M 0s
  2850K .......... .......... .......... .......... .......... 36% 3.75M 0s
  2900K .......... .......... .......... .......... .......... 36% 41.2M 0s
  2950K .......... .......... .......... .......... .......... 37% 13.5M 0s
  3000K .......... .......... .......... .......... .......... 38% 22.4M 0s
  3050K .......... .......... .......... .......... .......... 38% 13.1M 0s
  3100K .......... .......... .......... .......... .......... 39% 39.9M 0s
  3150K .......... .......... .......... .......... .......... 39% 11.7M 0s
  3200K .......... .......... .......... .......... .......... 40% 32.0M 0s
  3250K .......... .......... .......... .......... .......... 41% 13.8M 0s
  3300K .......... .......... .......... .......... .......... 41% 36.7M 0s
  3350K .......... .......... .......... .......... .......... 42% 12.9M 0s
  3400K .......... .......... .......... .......... .......... 43% 36.5M 0s
  3450K .......... .......... .......... .......... .......... 43% 12.5M 0s
  3500K .......... .......... .......... .......... .......... 44% 32.4M 0s
  3550K .......... .......... .......... .......... .......... 44% 16.5M 0s
  3600K .......... .......... .......... .......... .......... 45% 22.3M 0s
  3650K .......... .......... .......... .......... .......... 46% 16.8M 0s
  3700K .......... .......... .......... .......... .......... 46% 25.6M 0s
  3750K .......... .......... .......... .......... .......... 47% 15.5M 0s
  3800K .......... .......... .......... .......... .......... 48% 22.8M 0s
  3850K .......... .......... .......... .......... .......... 48% 17.6M 0s
  3900K .......... .......... .......... .......... .......... 49% 23.4M 0s
  3950K .......... .......... .......... .......... .......... 49% 17.3M 0s
  4000K .......... .......... .......... .......... .......... 50% 21.8M 0s
  4050K .......... .......... .......... .......... .......... 51% 17.8M 0s
  4100K .......... .......... .......... .......... .......... 51% 25.2M 0s
  4150K .......... .......... .......... .......... .......... 52% 14.8M 0s
  4200K .......... .......... .......... .......... .......... 53% 10.5M 0s
  4250K .......... .......... .......... .......... .......... 53% 31.5M 0s
  4300K .......... .......... .......... .......... .......... 54% 13.9M 0s
  4350K .......... .......... .......... .......... .......... 54% 46.4M 0s
  4400K .......... .......... .......... .......... .......... 55% 12.9M 0s
  4450K .......... .......... .......... .......... .......... 56% 16.3M 0s
  4500K .......... .......... .......... .......... .......... 56% 59.3M 0s
  4550K .......... .......... .......... .......... .......... 57% 11.3M 0s
  4600K .......... .......... .......... .......... .......... 58% 26.3M 0s
  4650K .......... .......... .......... .......... .......... 58% 39.9M 0s
  4700K .......... .......... .......... .......... .......... 59% 12.8M 0s
  4750K .......... .......... .......... .......... .......... 59% 15.5M 0s
  4800K .......... .......... .......... .......... .......... 60% 48.5M 0s
  4850K .......... .......... .......... .......... .......... 61% 12.4M 0s
  4900K .......... .......... .......... .......... .......... 61% 26.8M 0s
  4950K .......... .......... .......... .......... .......... 62% 16.3M 0s
  5000K .......... .......... .......... .......... .......... 63% 26.2M 0s
  5050K .......... .......... .......... .......... .......... 63% 34.6M 0s
  5100K .......... .......... .......... .......... .......... 64% 15.9M 0s
  5150K .......... .......... .......... .......... .......... 64% 10.5M 0s
  5200K .......... .......... .......... .......... .......... 65% 49.8M 0s
  5250K .......... .......... .......... .......... .......... 66% 12.1M 0s
  5300K .......... .......... .......... .......... .......... 66% 24.5M 0s
  5350K .......... .......... .......... .......... .......... 67% 40.2M 0s
  5400K .......... .......... .......... .......... .......... 68% 20.1M 0s
  5450K .......... .......... .......... .......... .......... 68% 16.2M 0s
  5500K .......... .......... .......... .......... .......... 69% 11.6M 0s
  5550K .......... .......... .......... .......... .......... 69% 21.0M 0s
  5600K .......... .......... .......... .......... .......... 70% 51.8M 0s
  5650K .......... .......... .......... .......... .......... 71% 12.5M 0s
  5700K .......... .......... .......... .......... .......... 71% 16.2M 0s
  5750K .......... .......... .......... .......... .......... 72% 38.4M 0s
  5800K .......... .......... .......... .......... .......... 73% 11.9M 0s
  5850K .......... .......... .......... .......... .......... 73% 39.0M 0s
  5900K .......... .......... .......... .......... .......... 74% 13.5M 0s
  5950K .......... .......... .......... .......... .......... 74% 10.7M 0s
  6000K .......... .......... .......... .......... .......... 75% 48.0M 0s
  6050K .......... .......... .......... .......... .......... 76% 47.7M 0s
  6100K .......... .......... .......... .......... .......... 76% 10.6M 0s
  6150K .......... .......... .......... .......... .......... 77% 43.0M 0s
  6200K .......... .......... .......... .......... .......... 78% 10.9M 0s
  6250K .......... .......... .......... .......... .......... 78% 36.9M 0s
  6300K .......... .......... .......... .......... .......... 79% 13.2M 0s
  6350K .......... .......... .......... .......... .......... 79% 24.4M 0s
  6400K .......... .......... .......... .......... .......... 80% 16.3M 0s
  6450K .......... .......... .......... .......... .......... 81% 26.0M 0s
  6500K .......... .......... .......... .......... .......... 81% 14.8M 0s
  6550K .......... .......... .......... .......... .......... 82% 24.7M 0s
  6600K .......... .......... .......... .......... .......... 83% 13.0M 0s
  6650K .......... .......... .......... .......... .......... 83% 46.2M 0s
  6700K .......... .......... .......... .......... .......... 84% 12.0M 0s
  6750K .......... .......... .......... .......... .......... 84% 43.9M 0s
  6800K .......... .......... .......... .......... .......... 85% 12.4M 0s
  6850K .......... .......... .......... .......... .......... 86% 49.4M 0s
  6900K .......... .......... .......... .......... .......... 86% 12.4M 0s
  6950K .......... .......... .......... .......... .......... 87% 46.3M 0s
  7000K .......... .......... .......... .......... .......... 88% 12.1M 0s
  7050K .......... .......... .......... .......... .......... 88% 35.8M 0s
  7100K .......... .......... .......... .......... .......... 89% 14.2M 0s
  7150K .......... .......... .......... .......... .......... 89% 23.5M 0s
  7200K .......... .......... .......... .......... .......... 90% 10.1M 0s
  7250K .......... .......... .......... .......... .......... 91% 64.8M 0s
  7300K .......... .......... .......... .......... .......... 91% 11.3M 0s
  7350K .......... .......... .......... .......... .......... 92% 47.5M 0s
  7400K .......... .......... .......... .......... .......... 93% 34.7M 0s
  7450K .......... .......... .......... .......... .......... 93% 10.7M 0s
  7500K .......... .......... .......... .......... .......... 94% 17.6M 0s
  7550K .......... .......... .......... .......... .......... 94% 22.3M 0s
  7600K .......... .......... .......... .......... .......... 95% 16.3M 0s
  7650K .......... .......... .......... .......... .......... 96% 22.7M 0s
  7700K .......... .......... .......... .......... .......... 96% 12.5M 0s
  7750K .......... .......... .......... .......... .......... 97% 26.7M 0s
  7800K .......... .......... .......... .......... .......... 98% 15.4M 0s
  7850K .......... .......... .......... .......... .......... 98% 24.8M 0s
  7900K .......... .......... .......... .......... .......... 99% 16.3M 0s
  7950K .......... .......... .......... .......... .......... 99% 23.3M 0s
  8000K                                                       100%  713K=0.4s

2016-12-26 10:59:44 (17.7 MB/s) - `FreeStore_112.apk' saved [8192365/8192365]

