--2017-01-05 16:16:59--  http://jrxmw.cn/kiXD6
Resolving jrxmw.cn... 103.39.79.210
Connecting to jrxmw.cn|103.39.79.210|:80... connected.
HTTP request sent, awaiting response... 301 Moved Permanently
Location: http://jrxmw.cn/kiXD6/ [following]
--2017-01-05 16:17:00--  http://jrxmw.cn/kiXD6/
Reusing existing connection to jrxmw.cn:80.
HTTP request sent, awaiting response... 302 Object moved
Location: luxiang.apk [following]
--2017-01-05 16:17:00--  http://jrxmw.cn/kiXD6/luxiang.apk
Reusing existing connection to jrxmw.cn:80.
HTTP request sent, awaiting response... 200 OK
Length: 213489 (208K) [application/vnd.android.package-archive]
Saving to: `luxiang.apk'

     0K .......... .......... .......... .......... .......... 23% 70.0K 2s
    50K .......... .......... .......... .......... .......... 47% 75.7K 1s
   100K .......... .......... .......... .......... .......... 71%  109K 1s
   150K .......... .......... .......... .......... .......... 95%  221K 0s
   200K ........                                              100%  248K=2.1s

2017-01-05 16:17:02 (99.6 KB/s) - `luxiang.apk' saved [213489/213489]

