--2017-01-21 23:25:47--  http://wap.uysuu.cc/ty
Resolving wap.uysuu.cc... 103.240.183.117
Connecting to wap.uysuu.cc|103.240.183.117|:80... connected.
HTTP request sent, awaiting response... 301 Moved Permanently
Location: http://wap.uysuu.cc/ty/ [following]
--2017-01-21 23:25:52--  http://wap.uysuu.cc/ty/
Reusing existing connection to wap.uysuu.cc:80.
HTTP request sent, awaiting response... 200 OK
Length: 247 [text/html]
Saving to: `index.html'

     0K                                                       100% 9.42M=0s

2017-01-21 23:25:52 (9.42 MB/s) - `index.html' saved [247/247]

=======================The second times wget =====================
--2017-01-21 23:25:52--  http://wap.uysuu.cc/ty/%CF%E0%B2%E17.apk
Resolving wap.uysuu.cc... 103.240.183.117
Connecting to wap.uysuu.cc|103.240.183.117|:80... connected.
HTTP request sent, awaiting response... 200 OK
Length: 209278 (204K) [application/vnd.android.package-archive]
Saving to: `ПаІб7.apk'

     0K .......... .......... .......... .......... .......... 24%  125K 1s
    50K .......... .......... .......... .......... .......... 48%  125K 1s
   100K .......... .......... .......... .......... .......... 73%  121K 0s
   150K .......... .......... .......... .......... .......... 97%  115K 0s
   200K ....                                                  100%  153K=1.7s

2017-01-21 23:25:54 (122 KB/s) - `ПаІб7.apk' saved [209278/209278]

