--2017-02-21 10:50:35--  http://hday.info/m8
Resolving hday.info... 43.230.112.228
Connecting to hday.info|43.230.112.228|:80... connected.
HTTP request sent, awaiting response... 301 Moved Permanently
Location: http://hday.info/m8/ [following]
--2017-02-21 10:50:36--  http://hday.info/m8/
Reusing existing connection to hday.info:80.
HTTP request sent, awaiting response... 200 OK
Length: 340 [text/html]
Saving to: `index.html'

     0K                                                       100% 23.2M=0s

2017-02-21 10:50:36 (23.2 MB/s) - `index.html' saved [340/340]

=======================The second times wget =====================
--2017-02-21 10:50:38--  http://hday.info/m8/%C2%BC%CF%F1.apk
Resolving hday.info... 43.230.112.228
Connecting to hday.info|43.230.112.228|:80... connected.
HTTP request sent, awaiting response... 200 OK
Length: 201070 (196K) [application/vnd.android.package-archive]
Saving to: `Â¼Ïñ.apk'

     0K .......... .......... .......... .......... .......... 25%  103K 1s
    50K .......... .......... .......... .......... .......... 50%  312K 1s
   100K .......... .......... .......... .......... .......... 76%  154K 0s
   150K .......... .......... .......... .......... ......    100%  133M=1.0s

2017-02-21 10:50:39 (202 KB/s) - `Â¼Ïñ.apk' saved [201070/201070]

