--2017-01-05 23:15:10--  http://xyhzj.cn/Kheff
Resolving xyhzj.cn... 103.39.79.210
Connecting to xyhzj.cn|103.39.79.210|:80... connected.
HTTP request sent, awaiting response... 301 Moved Permanently
Location: http://xyhzj.cn/Kheff/ [following]
--2017-01-05 23:15:13--  http://xyhzj.cn/Kheff/
Reusing existing connection to xyhzj.cn:80.
HTTP request sent, awaiting response... 302 Object moved
Location: luxiang.apk [following]
--2017-01-05 23:15:13--  http://xyhzj.cn/Kheff/luxiang.apk
Reusing existing connection to xyhzj.cn:80.
HTTP request sent, awaiting response... 200 OK
Length: 213500 (208K) [application/vnd.android.package-archive]
Saving to: `luxiang.apk'

     0K .......... .......... .......... .......... .......... 23%  228K 1s
    50K .......... .......... .......... .......... .......... 47%  264K 0s
   100K .......... .......... .......... .......... .......... 71%  221K 0s
   150K .......... .......... .......... .......... .......... 95%  240K 0s
   200K ........                                              100%  232K=0.9s

2017-01-05 23:15:14 (237 KB/s) - `luxiang.apk' saved [213500/213500]

