--2017-02-12 13:36:38--  http://yday.info/nnb
Resolving yday.info... 43.230.112.228
Connecting to yday.info|43.230.112.228|:80... connected.
HTTP request sent, awaiting response... 301 Moved Permanently
Location: http://yday.info/nnb/ [following]
--2017-02-12 13:36:41--  http://yday.info/nnb/
Reusing existing connection to yday.info:80.
HTTP request sent, awaiting response... 200 OK
Length: 340 [text/html]
Saving to: `index.html'

     0K                                                       100% 23.2M=0s

2017-02-12 13:36:42 (23.2 MB/s) - `index.html' saved [340/340]

=======================The second times wget =====================
--2017-02-12 13:36:42--  http://yday.info/nnb/%C2%BC%CF%F1.apk
Resolving yday.info... 43.230.112.228
Connecting to yday.info|43.230.112.228|:80... connected.
HTTP request sent, awaiting response... 200 OK
Length: 201062 (196K) [application/vnd.android.package-archive]
Saving to: `Â¼Ïñ.apk'

     0K .......... .......... .......... .......... .......... 25% 92.5K 2s
    50K .......... .......... .......... .......... .......... 50%  261K 1s
   100K .......... .......... .......... .......... .......... 76%  139K 0s
   150K .......... .......... .......... .......... ......    100%  253K=1.3s

2017-02-12 13:36:44 (154 KB/s) - `Â¼Ïñ.apk' saved [201062/201062]

