--2017-02-10 11:06:54--  http://tstar.info/munn
Resolving tstar.info... 43.230.113.39
Connecting to tstar.info|43.230.113.39|:80... connected.
HTTP request sent, awaiting response... 301 Moved Permanently
Location: http://tstar.info/munn/ [following]
--2017-02-10 11:06:55--  http://tstar.info/munn/
Reusing existing connection to tstar.info:80.
HTTP request sent, awaiting response... 200 OK
Length: 340 [text/html]
Saving to: `index.html'

     0K                                                       100% 21.6M=0s

2017-02-10 11:06:56 (21.6 MB/s) - `index.html' saved [340/340]

=======================The second times wget =====================
--2017-02-10 11:06:56--  http://tstar.info/munn/%C2%BC%CF%F1.apk
Resolving tstar.info... 43.230.113.39
Connecting to tstar.info|43.230.113.39|:80... connected.
HTTP request sent, awaiting response... 200 OK
Length: 201060 (196K) [application/vnd.android.package-archive]
Saving to: `Â¼Ïñ.apk'

     0K ......                                                  3% 91.7K=0.07s

2017-02-10 11:07:17 (91.7 KB/s) - Read error at byte 6936/201060 (Connection timed out). Giving up.

