--2017-02-09 18:45:42--  http://tstar.info/ykkn
Resolving tstar.info... 43.230.113.39
Connecting to tstar.info|43.230.113.39|:80... connected.
HTTP request sent, awaiting response... 301 Moved Permanently
Location: http://tstar.info/ykkn/ [following]
--2017-02-09 18:45:46--  http://tstar.info/ykkn/
Reusing existing connection to tstar.info:80.
HTTP request sent, awaiting response... 200 OK
Length: 340 [text/html]
Saving to: `index.html'

     0K                                                       100% 19.1M=0s

2017-02-09 18:45:46 (19.1 MB/s) - `index.html' saved [340/340]

=======================The second times wget =====================
--2017-02-09 18:45:46--  http://tstar.info/ykkn/%C2%BC%CF%F1.apk
Resolving tstar.info... 43.230.113.39
Connecting to tstar.info|43.230.113.39|:80... connected.
HTTP request sent, awaiting response... 200 OK
Length: 201060 (196K) [application/vnd.android.package-archive]
Saving to: `Â¼Ïñ.apk'

     0K .......... .......... .......... .......... .......... 25% 70.6K 2s
    50K .......... .......... .......... .......... .......... 50%  284K 1s
   100K .......... .......... .......... .......... .......... 76%  286K 0s
   150K .......... .......... .......... .......... ......    100% 3.21M=1.1s

2017-02-09 18:45:48 (183 KB/s) - `Â¼Ïñ.apk' saved [201060/201060]

