--2017-01-11 16:32:47--  http://wap.boc.cn/
Resolving wap.boc.cn... 219.141.191.146
Connecting to wap.boc.cn|219.141.191.146|:80... connected.
HTTP request sent, awaiting response... 200 OK
Length: 18589 (18K) [text/html]
Saving to: `index.html'

     0K .......... ........                                   100%  175K=0.1s

2017-01-11 16:32:51 (175 KB/s) - `index.html' saved [18589/18589]

=======================The second times wget =====================
--2017-01-11 16:32:51--  http://pic.bankofchina.com/bocappd/mbs/bocmbci_a.apk
Resolving pic.bankofchina.com... 219.141.191.146
Connecting to pic.bankofchina.com|219.141.191.146|:80... connected.
HTTP request sent, awaiting response... 200 OK
Length: 63145357 (60M) [application/vnd.android.package-archive]
Saving to: `bocmbci_a.apk'

     0K .......... .......... .......... .......... ..........  0%  512K 2m0s
    50K .......... .......... .......... .......... ..........  0%  683K 1m45s
   100K .......... .......... .......... .......... ..........  0%  673K 1m40s
   150K .......... .......... .......... .......... ..........  0% 1.39M 86s
   200K .......... .......... .......... .......... ..........  0%  683K 87s
   250K .......... .......... .......... .......... ..........  0% 1.48M 79s
   300K .......... .......... .......... .......... ..........  0%  769K 79s
   350K .......... .......... .......... .......... ..........  0%  774K 79s
   400K .......... .......... .......... .......... ..........  0% 1.48M 75s
   450K .......... .......... .......... .......... ..........  0%  772K 75s
   500K .......... .......... .......... .......... ..........  0%  776K 75s
   550K .......... .......... .......... .......... ..........  0% 1.45M 72s
   600K .......... .......... .......... .......... ..........  1%  781K 73s
   650K .......... .......... .......... .......... ..........  1% 1.45M 70s
   700K .......... .......... .......... .......... ..........  1%  780K 71s
   750K .......... .......... .......... .......... ..........  1%  781K 71s
   800K .......... .......... .......... .......... ..........  1% 1.46M 69s
   850K .......... .......... .......... .......... ..........  1%  776K 70s
   900K .......... .......... .......... .......... ..........  1%  780K 70s
   950K .......... .......... .......... .......... ..........  1% 1.46M 69s
  1000K .......... .......... .......... .......... ..........  1%  770K 69s
  1050K .......... .......... .......... .......... ..........  1%  780K 69s
  1100K .......... .......... .......... .......... ..........  1% 1.48M 68s
  1150K .......... .......... .......... .......... ..........  1%  712K 69s
  1200K .......... .......... .......... .......... ..........  2% 1.26M 68s
  1250K .......... .......... .......... .......... ..........  2%  628K 69s
  1300K .......... .......... .......... .......... ..........  2%  728K 69s
  1350K .......... .......... .......... .......... ..........  2% 1.46M 68s
  1400K .......... .......... .......... .......... ..........  2%  776K 69s
  1450K .......... .......... .......... .......... ..........  2%  786K 69s
  1500K .......... .......... .......... .......... ..........  2% 1.44M 68s
  1550K .......... .......... .......... .......... ..........  2%  777K 68s
  1600K .......... .......... .......... .......... ..........  2%  786K 68s
  1650K .......... .......... .......... .......... ..........  2% 1.43M 67s
  1700K .......... .......... .......... .......... ..........  2%  783K 68s
  1750K .......... .......... .......... .......... ..........  2% 1.42M 67s
  1800K .......... .......... .......... .......... ..........  3%  789K 67s
  1850K .......... .......... .......... .......... ..........  3%  776K 67s
  1900K .......... .......... .......... .......... ..........  3% 1.44M 66s
  1950K .......... .......... .......... .......... ..........  3%  778K 67s
  2000K .......... .......... .......... .......... ..........  3%  782K 67s
  2050K .......... .......... .......... .......... ..........  3% 1.46M 66s
  2100K .......... .......... .......... .......... ..........  3%  782K 66s
  2150K .......... .......... .......... .......... ..........  3% 1.42M 66s
  2200K .......... .......... .......... .......... ..........  3%  784K 66s
  2250K .......... .......... .......... .......... ..........  3%  696K 66s
  2300K .......... .......... .......... .......... ..........  3% 1.24M 66s
  2350K .......... .......... .......... .......... ..........  3%  662K 66s
  2400K .......... .......... .......... .......... ..........  3%  775K 66s
  2450K .......... .......... .......... .......... ..........  4% 1.47M 66s
  2500K .......... .......... .......... .......... ..........  4%  776K 66s
  2550K .......... .......... .......... .......... ..........  4% 1.48M 65s
  2600K .......... .......... .......... .......... ..........  4%  775K 65s
  2650K .......... .......... .......... .......... ..........  4%  777K 66s
  2700K .......... .......... .......... .......... ..........  4% 1.49M 65s
  2750K .......... .......... .......... .......... ..........  4%  772K 65s
  2800K .......... .......... .......... .......... ..........  4%  736K 65s
  2850K .......... .......... .......... .......... ..........  4% 1.45M 65s
  2900K .......... .......... .......... .......... ..........  4%  776K 65s
  2950K .......... .......... .......... .......... ..........  4%  783K 65s
  3000K .......... .......... .......... .......... ..........  4% 1.46M 65s
  3050K .......... .......... .......... .......... ..........  5%  781K 65s
  3100K .......... .......... .......... .......... ..........  5% 1.44M 64s
  3150K .......... .......... .......... .......... ..........  5%  782K 64s
  3200K .......... .......... .......... .......... ..........  5%  777K 65s
  3250K .......... .......... .......... .......... ..........  5% 1.48M 64s
  3300K .......... .......... .......... .......... ..........  5%  745K 64s
  3350K .......... .......... .......... .......... ..........  5%  655K 65s
  3400K .......... .......... .......... .......... ..........  5% 1.23M 64s
  3450K .......... .......... .......... .......... ..........  5%  705K 64s
  3500K .......... .......... .......... .......... ..........  5% 1.47M 64s
  3550K .......... .......... .......... .......... ..........  5%  776K 64s
  3600K .......... .......... .......... .......... ..........  5%  775K 64s
  3650K .......... .......... .......... .......... ..........  6% 1.47M 64s
  3700K .......... .......... .......... .......... ..........  6%  763K 64s
  3750K .......... .......... .......... .......... ..........  6%  774K 64s
  3800K .......... .......... .......... .......... ..........  6% 1.47M 64s
  3850K .......... .......... .......... .......... ..........  6%  773K 64s
  3900K .......... .......... .......... .......... ..........  6%  779K 64s
  3950K .......... .......... .......... .......... ..........  6% 1.45M 63s
  4000K .......... .......... .......... .......... ..........  6%  781K 63s
  4050K .......... .......... .......... .......... ..........  6%  775K 64s
  4100K .......... .......... .......... .......... ..........  6% 1.48M 63s
  4150K .......... .......... .......... .......... ..........  6%  774K 63s
  4200K .......... .......... .......... .......... ..........  6% 1.48M 63s
  4250K .......... .......... .......... .......... ..........  6%  777K 63s
  4300K .......... .......... .......... .......... ..........  7%  773K 63s
  4350K .......... .......... .......... .......... ..........  7% 1.48M 63s
  4400K .......... .......... .......... .......... ..........  7%  663K 63s
  4450K .......... .......... .......... .......... ..........  7%  630K 63s
  4500K .......... .......... .......... .......... ..........  7% 1.22M 63s
  4550K .......... .......... .......... .......... ..........  7%  723K 63s
  4600K .......... .......... .......... .......... ..........  7% 1.47M 63s
  4650K .......... .......... .......... .......... ..........  7%  775K 63s
  4700K .......... .......... .......... .......... ..........  7%  770K 63s
  4750K .......... .......... .......... .......... ..........  7% 1.47M 63s
  4800K .......... .......... .......... .......... ..........  7%  779K 63s
  4850K .......... .......... .......... .......... ..........  7%  776K 63s
  4900K .......... .......... .......... .......... ..........  8% 1.48M 62s
  4950K .......... .......... .......... .......... ..........  8%  774K 62s
  5000K .......... .......... .......... .......... ..........  8%  779K 62s
  5050K .......... .......... .......... .......... ..........  8% 1.47M 62s
  5100K .......... .......... .......... .......... ..........  8%  774K 62s
  5150K .......... .......... .......... .......... ..........  8% 1.46M 62s
  5200K .......... .......... .......... .......... ..........  8%  774K 62s
  5250K .......... .......... .......... .......... ..........  8%  769K 62s
  5300K .......... .......... .......... .......... ..........  8% 1.48M 62s
  5350K .......... .......... .......... .......... ..........  8%  775K 62s
  5400K .......... .......... .......... .......... ..........  8%  778K 62s
  5450K .......... .......... .......... .......... ..........  8% 1.46M 62s
  5500K .......... .......... .......... .......... ..........  9%  731K 62s
  5550K .......... .......... .......... .......... ..........  9%  566K 62s
  5600K .......... .......... .......... .......... ..........  9% 1.23M 62s
  5650K .......... .......... .......... .......... ..........  9%  703K 62s
  5700K .......... .......... .......... .......... ..........  9%  803K 62s
  5750K .......... .......... .......... .......... ..........  9% 1.39M 62s
  5800K .......... .......... .......... .......... ..........  9%  775K 62s
  5850K .......... .......... .......... .......... ..........  9% 1.48M 61s
  5900K .......... .......... .......... .......... ..........  9%  774K 61s
  5950K .......... .......... .......... .......... ..........  9%  777K 61s
  6000K .......... .......... .......... .......... ..........  9% 1.45M 61s
  6050K .......... .......... .......... .......... ..........  9%  777K 61s
  6100K .......... .......... .......... .......... ..........  9%  764K 61s
  6150K .......... .......... .......... .......... .......... 10% 1.42M 61s
  6200K .......... .......... .......... .......... .......... 10%  787K 61s
  6250K .......... .......... .......... .......... .......... 10%  777K 61s
  6300K .......... .......... .......... .......... .......... 10% 1.47M 61s
  6350K .......... .......... .......... .......... .......... 10%  778K 61s
  6400K .......... .......... .......... .......... .......... 10% 1.41M 61s
  6450K .......... .......... .......... .......... .......... 10%  789K 61s
  6500K .......... .......... .......... .......... .......... 10%  773K 61s
  6550K .......... .......... .......... .......... .......... 10% 1.37M 60s
  6600K .......... .......... .......... .......... .......... 10%  618K 61s
  6650K .......... .......... .......... .......... .......... 10%  636K 61s
  6700K .......... .......... .......... .......... .......... 10% 1.21M 61s
  6750K .......... .......... .......... .......... .......... 11%  729K 61s
  6800K .......... .......... .......... .......... .......... 11% 1.48M 60s
  6850K .......... .......... .......... .......... .......... 11%  773K 60s
  6900K .......... .......... .......... .......... .......... 11%  778K 60s
  6950K .......... .......... .......... .......... .......... 11% 1.48M 60s
  7000K .......... .......... .......... .......... .......... 11%  774K 60s
  7050K .......... .......... .......... .......... .......... 11%  778K 60s
  7100K .......... .......... .......... .......... .......... 11% 1.45M 60s
  7150K .......... .......... .......... .......... .......... 11%  783K 60s
  7200K .......... .......... .......... .......... .......... 11% 1.45M 60s
  7250K .......... .......... .......... .......... .......... 11%  774K 60s
  7300K .......... .......... .......... .......... .......... 11%  777K 60s
  7350K .......... .......... .......... .......... .......... 12% 1.47M 60s
  7400K .......... .......... .......... .......... .......... 12%  781K 60s
  7450K .......... .......... .......... .......... .......... 12%  776K 60s
  7500K .......... .......... .......... .......... .......... 12% 1.48M 59s
  7550K .......... .......... .......... .......... .......... 12%  779K 59s
  7600K .......... .......... .......... .......... .......... 12%  776K 59s
  7650K .......... .......... .......... .......... .......... 12% 1.48M 59s
  7700K .......... .......... .......... .......... .......... 12%  692K 59s
  7750K .......... .......... .......... .......... .......... 12% 1.26M 59s
  7800K .......... .......... .......... .......... .......... 12%  653K 59s
  7850K .......... .......... .......... .......... .......... 12%  774K 59s
  7900K .......... .......... .......... .......... .......... 12% 1.48M 59s
  7950K .......... .......... .......... .......... .......... 12%  776K 59s
  8000K .......... .......... .......... .......... .......... 13%  777K 59s
  8050K .......... .......... .......... .......... .......... 13% 1.47M 59s
  8100K .......... .......... .......... .......... .......... 13%  777K 59s
  8150K .......... .......... .......... .......... .......... 13%  780K 59s
  8200K .......... .......... .......... .......... .......... 13% 1.47M 59s
  8250K .......... .......... .......... .......... .......... 13%  778K 59s
  8300K .......... .......... .......... .......... .......... 13% 1.46M 58s
  8350K .......... .......... .......... .......... .......... 13%  782K 58s
  8400K .......... .......... .......... .......... .......... 13%  776K 58s
  8450K .......... .......... .......... .......... .......... 13% 1.47M 58s
  8500K .......... .......... .......... .......... .......... 13%  777K 58s
  8550K .......... .......... .......... .......... .......... 13%  770K 58s
  8600K .......... .......... .......... .......... .......... 14% 1.48M 58s
  8650K .......... .......... .......... .......... .......... 14%  769K 58s
  8700K .......... .......... .......... .......... .......... 14% 1.45M 58s
  8750K .......... .......... .......... .......... .......... 14%  741K 58s
  8800K .......... .......... .......... .......... .......... 14%  704K 58s
  8850K .......... .......... .......... .......... .......... 14% 1.14M 58s
  8900K .......... .......... .......... .......... .......... 14%  725K 58s
  8950K .......... .......... .......... .......... .......... 14%  774K 58s
  9000K .......... .......... .......... .......... .......... 14% 1.38M 58s
  9050K .......... .......... .......... .......... .......... 14%  804K 58s
  9100K .......... .......... .......... .......... .......... 14%  776K 58s
  9150K .......... .......... .......... .......... .......... 14% 1.47M 58s
  9200K .......... .......... .......... .......... .......... 15%  776K 58s
  9250K .......... .......... .......... .......... .......... 15%  780K 58s
  9300K .......... .......... .......... .......... .......... 15% 1.46M 57s
  9350K .......... .......... .......... .......... .......... 15%  778K 57s
  9400K .......... .......... .......... .......... .......... 15% 1.34M 57s
  9450K .......... .......... .......... .......... .......... 15%  811K 57s
  9500K .......... .......... .......... .......... .......... 15%  779K 57s
  9550K .......... .......... .......... .......... .......... 15% 1.33M 57s
  9600K .......... .......... .......... .......... .......... 15%  820K 57s
  9650K .......... .......... .......... .......... .......... 15%  783K 57s
  9700K .......... .......... .......... .......... .......... 15% 1.34M 57s
  9750K .......... .......... .......... .......... .......... 15%  809K 57s
  9800K .......... .......... .......... .......... .......... 15%  788K 57s
  9850K .......... .......... .......... .......... .......... 16% 1.22M 57s
  9900K .......... .......... .......... .......... .......... 16%  647K 57s
  9950K .......... .......... .......... .......... .......... 16% 1.22M 57s
 10000K .......... .......... .......... .......... .......... 16%  727K 57s
 10050K .......... .......... .......... .......... .......... 16%  948K 57s
 10100K .......... .......... .......... .......... .......... 16% 1.07M 56s
 10150K .......... .......... .......... .......... .......... 16%  777K 56s
 10200K .......... .......... .......... .......... .......... 16%  937K 56s
 10250K .......... .......... .......... .......... .......... 16% 1.11M 56s
 10300K .......... .......... .......... .......... .......... 16%  773K 56s
 10350K .......... .......... .......... .......... .......... 16%  934K 56s
 10400K .......... .......... .......... .......... .......... 16% 1.11M 56s
 10450K .......... .......... .......... .......... .......... 17%  782K 56s
 10500K .......... .......... .......... .......... .......... 17%  920K 56s
 10550K .......... .......... .......... .......... .......... 17% 1.12M 56s
 10600K .......... .......... .......... .......... .......... 17%  931K 56s
 10650K .......... .......... .......... .......... .......... 17%  778K 56s
 10700K .......... .......... .......... .......... .......... 17% 1.10M 56s
 10750K .......... .......... .......... .......... .......... 17%  938K 56s
 10800K .......... .......... .......... .......... .......... 17% 1.11M 56s
 10850K .......... .......... .......... .......... .......... 17%  778K 56s
 10900K .......... .......... .......... .......... .......... 17%  880K 56s
 10950K .......... .......... .......... .......... .......... 17% 1001K 55s
 11000K .......... .......... .......... .......... .......... 17%  694K 55s
 11050K .......... .......... .......... .......... .......... 18%  725K 55s
 11100K .......... .......... .......... .......... .......... 18% 1.27M 55s
 11150K .......... .......... .......... .......... .......... 18%  771K 55s
 11200K .......... .......... .......... .......... .......... 18% 1.49M 55s
 11250K .......... .......... .......... .......... .......... 18%  771K 55s
 11300K .......... .......... .......... .......... .......... 18%  777K 55s
 11350K .......... .......... .......... .......... .......... 18% 1.47M 55s
 11400K .......... .......... .......... .......... .......... 18%  774K 55s
 11450K .......... .......... .......... .......... .......... 18%  778K 55s
 11500K .......... .......... .......... .......... .......... 18% 1.46M 55s
 11550K .......... .......... .......... .......... .......... 18%  773K 55s
 11600K .......... .......... .......... .......... .......... 18%  864K 55s
 11650K .......... .......... .......... .......... .......... 18% 1.22M 55s
 11700K .......... .......... .......... .......... .......... 19%  777K 55s
 11750K .......... .......... .......... .......... .......... 19% 1.45M 55s
 11800K .......... .......... .......... .......... .......... 19%  766K 55s
 11850K .......... .......... .......... .......... .......... 19%  783K 55s
 11900K .......... .......... .......... .......... .......... 19% 1.46M 54s
 11950K .......... .......... .......... .......... .......... 19%  685K 54s
 12000K .......... .......... .......... .......... .......... 19%  641K 54s
 12050K .......... .......... .......... .......... .......... 19% 1.29M 54s
 12100K .......... .......... .......... .......... .......... 19%  729K 54s
 12150K .......... .......... .......... .......... .......... 19% 1.19M 54s
 12200K .......... .......... .......... .......... .......... 19%  772K 54s
 12250K .......... .......... .......... .......... .......... 19%  845K 54s
 12300K .......... .......... .......... .......... .......... 20% 1.27M 54s
 12350K .......... .......... .......... .......... .......... 20%  782K 54s
 12400K .......... .......... .......... .......... .......... 20%  844K 54s
 12450K .......... .......... .......... .......... .......... 20% 1.26M 54s
 12500K .......... .......... .......... .......... .......... 20%  837K 54s
 12550K .......... .......... .......... .......... .......... 20%  786K 54s
 12600K .......... .......... .......... .......... .......... 20% 1.25M 54s
 12650K .......... .......... .......... .......... .......... 20%  843K 54s
 12700K .......... .......... .......... .......... .......... 20%  785K 54s
 12750K .......... .......... .......... .......... .......... 20% 1.27M 53s
 12800K .......... .......... .......... .......... .......... 20%  843K 53s
 12850K .......... .......... .......... .......... .......... 20% 1.28M 53s
 12900K .......... .......... .......... .......... .......... 21%  779K 53s
 12950K .......... .......... .......... .......... .......... 21%  818K 53s
 13000K .......... .......... .......... .......... .......... 21% 1.34M 53s
 13050K .......... .......... .......... .......... .......... 21%  724K 53s
 13100K .......... .......... .......... .......... .......... 21%  715K 53s
 13150K .......... .......... .......... .......... .......... 21% 1.08M 53s
 13200K .......... .......... .......... .......... .......... 21%  785K 53s
 13250K .......... .......... .......... .......... .......... 21%  812K 53s
 13300K .......... .......... .......... .......... .......... 21% 1.23M 53s
 13350K .......... .......... .......... .......... .......... 21%  820K 53s
 13400K .......... .......... .......... .......... .......... 21% 1.32M 53s
 13450K .......... .......... .......... .......... .......... 21%  778K 53s
 13500K .......... .......... .......... .......... .......... 21%  823K 53s
 13550K .......... .......... .......... .......... .......... 22% 1.31M 53s
 13600K .......... .......... .......... .......... .......... 22%  831K 53s
 13650K .......... .......... .......... .......... .......... 22%  808K 53s
 13700K .......... .......... .......... .......... .......... 22% 1.22M 52s
 13750K .......... .......... .......... .......... .......... 22%  834K 52s
 13800K .......... .......... .......... .......... .......... 22%  767K 52s
 13850K .......... .......... .......... .......... .......... 22% 1.14M 52s
 13900K .......... .......... .......... .......... .......... 22%  853K 52s
 13950K .......... .......... .......... .......... .......... 22% 1.25M 52s
 14000K .......... .......... .......... .......... .......... 22%  772K 52s
 14050K .......... .......... .......... .......... .......... 22%  911K 52s
 14100K .......... .......... .......... .......... .......... 22% 1.15M 52s
 14150K .......... .......... .......... .......... .......... 23%  647K 52s
 14200K .......... .......... .......... .......... .......... 23%  831K 52s
 14250K .......... .......... .......... .......... .......... 23%  917K 52s
 14300K .......... .......... .......... .......... .......... 23%  769K 52s
 14350K .......... .......... .......... .......... .......... 23% 1.46M 52s
 14400K .......... .......... .......... .......... .......... 23%  783K 52s
 14450K .......... .......... .......... .......... .......... 23%  777K 52s
 14500K .......... .......... .......... .......... .......... 23% 1.46M 52s
 14550K .......... .......... .......... .......... .......... 23%  784K 52s
 14600K .......... .......... .......... .......... .......... 23%  897K 51s
 14650K .......... .......... .......... .......... .......... 23% 1.13M 51s
 14700K .......... .......... .......... .......... .......... 23%  791K 51s
 14750K .......... .......... .......... .......... .......... 24%  906K 51s
 14800K .......... .......... .......... .......... .......... 24% 1.15M 51s
 14850K .......... .......... .......... .......... .......... 24%  777K 51s
 14900K .......... .......... .......... .......... .......... 24% 1.40M 51s
 14950K .......... .......... .......... .......... .......... 24%  787K 51s
 15000K .......... .......... .......... .......... .......... 24%  789K 51s
 15050K .......... .......... .......... .......... .......... 24% 1.41M 51s
 15100K .......... .......... .......... .......... .......... 24%  791K 51s
 15150K .......... .......... .......... .......... .......... 24%  831K 51s
 15200K .......... .......... .......... .......... .......... 24% 1.17M 51s
 15250K .......... .......... .......... .......... .......... 24%  713K 51s
 15300K .......... .......... .......... .......... .......... 24%  763K 51s
 15350K .......... .......... .......... .......... .......... 24% 1.03M 51s
 15400K .......... .......... .......... .......... .......... 25%  778K 51s
 15450K .......... .......... .......... .......... .......... 25%  944K 51s
 15500K .......... .......... .......... .......... .......... 25% 1.09M 50s
 15550K .......... .......... .......... .......... .......... 25%  776K 50s
 15600K .......... .......... .......... .......... .......... 25% 1.36M 50s
 15650K .......... .......... .......... .......... .......... 25%  799K 50s
 15700K .......... .......... .......... .......... .......... 25%  892K 50s
 15750K .......... .......... .......... .......... .......... 25% 1.15M 50s
 15800K .......... .......... .......... .......... .......... 25%  796K 50s
 15850K .......... .......... .......... .......... .......... 25%  884K 50s
 15900K .......... .......... .......... .......... .......... 25% 1.16M 50s
 15950K .......... .......... .......... .......... .......... 25%  792K 50s
 16000K .......... .......... .......... .......... .......... 26%  873K 50s
 16050K .......... .......... .......... .......... .......... 26% 1.20M 50s
 16100K .......... .......... .......... .......... .......... 26%  781K 50s
 16150K .......... .......... .......... .......... .......... 26% 1.44M 50s
 16200K .......... .......... .......... .......... .......... 26%  783K 50s
 16250K .......... .......... .......... .......... .......... 26%  881K 50s
 16300K .......... .......... .......... .......... .......... 26% 1.13M 50s
 16350K .......... .......... .......... .......... .......... 26%  629K 50s
 16400K .......... .......... .......... .......... .......... 26%  770K 49s
 16450K .......... .......... .......... .......... .......... 26% 1.11M 49s
 16500K .......... .......... .......... .......... .......... 26%  781K 49s
 16550K .......... .......... .......... .......... .......... 26%  910K 49s
 16600K .......... .......... .......... .......... .......... 27% 1.13M 49s
 16650K .......... .......... .......... .......... .......... 27%  920K 49s
 16700K .......... .......... .......... .......... .......... 27% 1.11M 49s
 16750K .......... .......... .......... .......... .......... 27%  779K 49s
 16800K .......... .......... .......... .......... .......... 27%  920K 49s
 16850K .......... .......... .......... .......... .......... 27%  985K 49s
 16900K .......... .......... .......... .......... .......... 27%  881K 49s
 16950K .......... .......... .......... .......... .......... 27%  919K 49s
 17000K .......... .......... .......... .......... .......... 27% 1.12M 49s
 17050K .......... .......... .......... .......... .......... 27%  780K 49s
 17100K .......... .......... .......... .......... .......... 27%  911K 49s
 17150K .......... .......... .......... .......... .......... 27% 1.12M 49s
 17200K .......... .......... .......... .......... .......... 27%  925K 49s
 17250K .......... .......... .......... .......... .......... 28%  782K 49s
 17300K .......... .......... .......... .......... .......... 28% 1.08M 48s
 17350K .......... .......... .......... .......... .......... 28%  882K 48s
 17400K .......... .......... .......... .......... .......... 28%  961K 48s
 17450K .......... .......... .......... .......... .......... 28%  719K 48s
 17500K .......... .......... .......... .......... .......... 28%  820K 48s
 17550K .......... .......... .......... .......... .......... 28% 1.27M 48s
 17600K .......... .......... .......... .......... .......... 28%  825K 48s
 17650K .......... .......... .......... .......... .......... 28%  728K 48s
 17700K .......... .......... .......... .......... .......... 28% 1.18M 48s
 17750K .......... .......... .......... .......... .......... 28%  815K 48s
 17800K .......... .......... .......... .......... .......... 28%  700K 48s
 17850K .......... .......... .......... .......... .......... 29% 1017K 48s
 17900K .......... .......... .......... .......... .......... 29%  982K 48s
 17950K .......... .......... .......... .......... .......... 29%  698K 48s
 18000K .......... .......... .......... .......... .......... 29% 1.34M 48s
 18050K .......... .......... .......... .......... .......... 29%  738K 48s
 18100K .......... .......... .......... .......... .......... 29%  741K 48s
 18150K .......... .......... .......... .......... .......... 29% 1.19M 48s
 18200K .......... .......... .......... .......... .......... 29%  708K 48s
 18250K .......... .......... .......... .......... .......... 29%  688K 48s
 18300K .......... .......... .......... .......... .......... 29% 1.22M 47s
 18350K .......... .......... .......... .......... .......... 29%  699K 47s
 18400K .......... .......... .......... .......... .......... 29%  695K 47s
 18450K .......... .......... .......... .......... .......... 30% 1.21M 47s
 18500K .......... .......... .......... .......... .......... 30%  653K 47s
 18550K .......... .......... .......... .......... .......... 30%  661K 47s
 18600K .......... .......... .......... .......... .......... 30% 1.32M 47s
 18650K .......... .......... .......... .......... .......... 30%  745K 47s
 18700K .......... .......... .......... .......... .......... 30%  730K 47s
 18750K .......... .......... .......... .......... .......... 30% 1.48M 47s
 18800K .......... .......... .......... .......... .......... 30%  771K 47s
 18850K .......... .......... .......... .......... .......... 30% 1.48M 47s
 18900K .......... .......... .......... .......... .......... 30%  778K 47s
 18950K .......... .......... .......... .......... .......... 30%  775K 47s
 19000K .......... .......... .......... .......... .......... 30% 1.44M 47s
 19050K .......... .......... .......... .......... .......... 30%  781K 47s
 19100K .......... .......... .......... .......... .......... 31%  780K 47s
 19150K .......... .......... .......... .......... .......... 31% 1.43M 47s
 19200K .......... .......... .......... .......... .......... 31%  751K 47s
 19250K .......... .......... .......... .......... .......... 31%  772K 47s
 19300K .......... .......... .......... .......... .......... 31% 1.46M 46s
 19350K .......... .......... .......... .......... .......... 31%  784K 46s
 19400K .......... .......... .......... .......... .......... 31% 1.41M 46s
 19450K .......... .......... .......... .......... .......... 31%  653K 46s
 19500K .......... .......... .......... .......... .......... 31%  700K 46s
 19550K .......... .......... .......... .......... .......... 31% 1.17M 46s
 19600K .......... .......... .......... .......... .......... 31%  783K 46s
 19650K .......... .......... .......... .......... .......... 31%  773K 46s
 19700K .......... .......... .......... .......... .......... 32% 1.36M 46s
 19750K .......... .......... .......... .......... .......... 32%  809K 46s
 19800K .......... .......... .......... .......... .......... 32%  774K 46s
 19850K .......... .......... .......... .......... .......... 32% 1.38M 46s
 19900K .......... .......... .......... .......... .......... 32%  803K 46s
 19950K .......... .......... .......... .......... .......... 32%  772K 46s
 20000K .......... .......... .......... .......... .......... 32% 1.41M 46s
 20050K .......... .......... .......... .......... .......... 32%  798K 46s
 20100K .......... .......... .......... .......... .......... 32% 1.37M 46s
 20150K .......... .......... .......... .......... .......... 32%  804K 46s
 20200K .......... .......... .......... .......... .......... 32%  783K 45s
 20250K .......... .......... .......... .......... .......... 32% 1.37M 45s
 20300K .......... .......... .......... .......... .......... 33%  803K 45s
 20350K .......... .......... .......... .......... .......... 33%  784K 45s
 20400K .......... .......... .......... .......... .......... 33% 1.36M 45s
 20450K .......... .......... .......... .......... .......... 33%  803K 45s
 20500K .......... .......... .......... .......... .......... 33% 1.29M 45s
 20550K .......... .......... .......... .......... .......... 33%  692K 45s
 20600K .......... .......... .......... .......... .......... 33%  696K 45s
 20650K .......... .......... .......... .......... .......... 33%  940K 45s
 20700K .......... .......... .......... .......... .......... 33% 1023K 45s
 20750K .......... .......... .......... .......... .......... 33%  772K 45s
 20800K .......... .......... .......... .......... .......... 33% 1.24M 45s
 20850K .......... .......... .......... .......... .......... 33%  863K 45s
 20900K .......... .......... .......... .......... .......... 33%  777K 45s
 20950K .......... .......... .......... .......... .......... 34% 1.48M 45s
 21000K .......... .......... .......... .......... .......... 34%  776K 45s
 21050K .......... .......... .......... .......... .......... 34% 1.01M 45s
 21100K .......... .......... .......... .......... .......... 34% 1018K 44s
 21150K .......... .......... .......... .......... .......... 34%  764K 44s
 21200K .......... .......... .......... .......... .......... 34% 1.04M 44s
 21250K .......... .......... .......... .......... .......... 34%  998K 44s
 21300K .......... .......... .......... .......... .......... 34%  779K 44s
 21350K .......... .......... .......... .......... .......... 34% 1.47M 44s
 21400K .......... .......... .......... .......... .......... 34%  774K 44s
 21450K .......... .......... .......... .......... .......... 34%  778K 44s
 21500K .......... .......... .......... .......... .......... 34% 1.42M 44s
 21550K .......... .......... .......... .......... .......... 35%  792K 44s
 21600K .......... .......... .......... .......... .......... 35% 1003K 44s
 21650K .......... .......... .......... .......... .......... 35%  884K 44s
 21700K .......... .......... .......... .......... .......... 35%  698K 44s
 21750K .......... .......... .......... .......... .......... 35%  877K 44s
 21800K .......... .......... .......... .......... .......... 35% 1.01M 44s
 21850K .......... .......... .......... .......... .......... 35%  826K 44s
 21900K .......... .......... .......... .......... .......... 35%  955K 44s
 21950K .......... .......... .......... .......... .......... 35% 1024K 44s
 22000K .......... .......... .......... .......... .......... 35% 1015K 43s
 22050K .......... .......... .......... .......... .......... 35%  951K 43s
 22100K .......... .......... .......... .......... .......... 35%  862K 43s
 22150K .......... .......... .......... .......... .......... 36%  969K 43s
 22200K .......... .......... .......... .......... .......... 36% 1.02M 43s
 22250K .......... .......... .......... .......... .......... 36%  803K 43s
 22300K .......... .......... .......... .......... .......... 36%  959K 43s
 22350K .......... .......... .......... .......... .......... 36% 1.03M 43s
 22400K .......... .......... .......... .......... .......... 36%  804K 43s
 22450K .......... .......... .......... .......... .......... 36%  958K 43s
 22500K .......... .......... .......... .......... .......... 36% 1.03M 43s
 22550K .......... .......... .......... .......... .......... 36%  984K 43s
 22600K .......... .......... .......... .......... .......... 36% 1.05M 43s
 22650K .......... .......... .......... .......... .......... 36%  801K 43s
 22700K .......... .......... .......... .......... .......... 36%  797K 43s
 22750K .......... .......... .......... .......... .......... 36%  970K 43s
 22800K .......... .......... .......... .......... .......... 37%  653K 43s
 22850K .......... .......... .......... .......... .......... 37% 1012K 43s
 22900K .......... .......... .......... .......... .......... 37% 1022K 42s
 22950K .......... .......... .......... .......... .......... 37% 1.01M 42s
 23000K .......... .......... .......... .......... .......... 37%  776K 42s
 23050K .......... .......... .......... .......... .......... 37% 1012K 42s
 23100K .......... .......... .......... .......... .......... 37% 1020K 42s
 23150K .......... .......... .......... .......... .......... 37%  790K 42s
 23200K .......... .......... .......... .......... .......... 37% 1010K 42s
 23250K .......... .......... .......... .......... .......... 37% 1.00M 42s
 23300K .......... .......... .......... .......... .......... 37% 1021K 42s
 23350K .......... .......... .......... .......... .......... 37%  781K 42s
 23400K .......... .......... .......... .......... .......... 38% 1008K 42s
 23450K .......... .......... .......... .......... .......... 38% 1.02M 42s
 23500K .......... .......... .......... .......... .......... 38%  777K 42s
 23550K .......... .......... .......... .......... .......... 38% 1016K 42s
 23600K .......... .......... .......... .......... .......... 38% 1011K 42s
 23650K .......... .......... .......... .......... .......... 38% 1020K 42s
 23700K .......... .......... .......... .......... .......... 38%  795K 42s
 23750K .......... .......... .......... .......... .......... 38%  975K 41s
 23800K .......... .......... .......... .......... .......... 38%  787K 41s
 23850K .......... .......... .......... .......... .......... 38%  927K 41s
 23900K .......... .......... .......... .......... .......... 38%  741K 41s
 23950K .......... .......... .......... .......... .......... 38%  870K 41s
 24000K .......... .......... .......... .......... .......... 39% 1.21M 41s
 24050K .......... .......... .......... .......... .......... 39%  771K 41s
 24100K .......... .......... .......... .......... .......... 39%  879K 41s
 24150K .......... .......... .......... .......... .......... 39% 1.20M 41s
 24200K .......... .......... .......... .......... .......... 39%  775K 41s
 24250K .......... .......... .......... .......... .......... 39% 1.47M 41s
 24300K .......... .......... .......... .......... .......... 39%  771K 41s
 24350K .......... .......... .......... .......... .......... 39%  881K 41s
 24400K .......... .......... .......... .......... .......... 39% 1.20M 41s
 24450K .......... .......... .......... .......... .......... 39%  786K 41s
 24500K .......... .......... .......... .......... .......... 39%  867K 41s
 24550K .......... .......... .......... .......... .......... 39% 1.21M 41s
 24600K .......... .......... .......... .......... .......... 39%  783K 41s
 24650K .......... .......... .......... .......... .......... 40% 1.46M 40s
 24700K .......... .......... .......... .......... .......... 40%  777K 40s
 24750K .......... .......... .......... .......... .......... 40%  853K 40s
 24800K .......... .......... .......... .......... .......... 40% 1.24M 40s
 24850K .......... .......... .......... .......... .......... 40%  719K 40s
 24900K .......... .......... .......... .......... .......... 40%  659K 40s
 24950K .......... .......... .......... .......... .......... 40% 1.30M 40s
 25000K .......... .......... .......... .......... .......... 40%  747K 40s
 25050K .......... .......... .......... .......... .......... 40%  779K 40s
 25100K .......... .......... .......... .......... .......... 40% 1.17M 40s
 25150K .......... .......... .......... .......... .......... 40%  888K 40s
 25200K .......... .......... .......... .......... .......... 40% 1.18M 40s
 25250K .......... .......... .......... .......... .......... 41%  889K 40s
 25300K .......... .......... .......... .......... .......... 41%  776K 40s
 25350K .......... .......... .......... .......... .......... 41% 1.19M 40s
 25400K .......... .......... .......... .......... .......... 41%  883K 40s
 25450K .......... .......... .......... .......... .......... 41%  784K 40s
 25500K .......... .......... .......... .......... .......... 41% 1.18M 40s
 25550K .......... .......... .......... .......... .......... 41%  878K 40s
 25600K .......... .......... .......... .......... .......... 41%  791K 39s
 25650K .......... .......... .......... .......... .......... 41% 1.37M 39s
 25700K .......... .......... .......... .......... .......... 41%  775K 39s
 25750K .......... .......... .......... .......... .......... 41% 1.24M 39s
 25800K .......... .......... .......... .......... .......... 41%  860K 39s
 25850K .......... .......... .......... .......... .......... 42%  777K 39s
 25900K .......... .......... .......... .......... .......... 42% 1.17M 39s
 25950K .......... .......... .......... .......... .......... 42%  826K 39s
 26000K .......... .......... .......... .......... .......... 42%  661K 39s
 26050K .......... .......... .......... .......... .......... 42%  831K 39s
 26100K .......... .......... .......... .......... .......... 42% 1.08M 39s
 26150K .......... .......... .......... .......... .......... 42%  833K 39s
 26200K .......... .......... .......... .......... .......... 42% 1.29M 39s
 26250K .......... .......... .......... .......... .......... 42%  774K 39s
 26300K .......... .......... .......... .......... .......... 42%  840K 39s
 26350K .......... .......... .......... .......... .......... 42% 1.28M 39s
 26400K .......... .......... .......... .......... .......... 42%  770K 39s
 26450K .......... .......... .......... .......... .......... 42%  853K 39s
 26500K .......... .......... .......... .......... .......... 43% 1.26M 38s
 26550K .......... .......... .......... .......... .......... 43%  750K 38s
 26600K .......... .......... .......... .......... .......... 43% 1.49M 38s
 26650K .......... .......... .......... .......... .......... 43%  774K 38s
 26700K .......... .......... .......... .......... .......... 43%  840K 38s
 26750K .......... .......... .......... .......... .......... 43% 1.28M 38s
 26800K .......... .......... .......... .......... .......... 43%  783K 38s
 26850K .......... .......... .......... .......... .......... 43%  832K 38s
 26900K .......... .......... .......... .......... .......... 43% 1.29M 38s
 26950K .......... .......... .......... .......... .......... 43%  777K 38s
 27000K .......... .......... .......... .......... .......... 43% 1.34M 38s
 27050K .......... .......... .......... .......... .......... 43%  626K 38s
 27100K .......... .......... .......... .......... .......... 44%  695K 38s
 27150K .......... .......... .......... .......... .......... 44%  808K 38s
 27200K .......... .......... .......... .......... .......... 44% 1.23M 38s
 27250K .......... .......... .......... .......... .......... 44%  780K 38s
 27300K .......... .......... .......... .......... .......... 44% 1.18M 38s
 27350K .......... .......... .......... .......... .......... 44%  893K 38s
 27400K .......... .......... .......... .......... .......... 44%  857K 37s
 27450K .......... .......... .......... .......... .......... 44% 1.22M 37s
 27500K .......... .......... .......... .......... .......... 44%  773K 37s
 27550K .......... .......... .......... .......... .......... 44%  838K 37s
 27600K .......... .......... .......... .......... .......... 44% 1.30M 37s
 27650K .......... .......... .......... .......... .......... 44%  775K 37s
 27700K .......... .......... .......... .......... .......... 45%  839K 37s
 27750K .......... .......... .......... .......... .......... 45% 1.27M 37s
 27800K .......... .......... .......... .......... .......... 45%  794K 37s
 27850K .......... .......... .......... .......... .......... 45% 1.18M 37s
 27900K .......... .......... .......... .......... .......... 45%  875K 37s
 27950K .......... .......... .......... .......... .......... 45%  839K 37s
 28000K .......... .......... .......... .......... .......... 45% 1.29M 37s
 28050K .......... .......... .......... .......... .......... 45%  776K 37s
 28100K .......... .......... .......... .......... .......... 45%  733K 37s
 28150K .......... .......... .......... .......... .......... 45% 1.06M 37s
 28200K .......... .......... .......... .......... .......... 45%  732K 37s
 28250K .......... .......... .......... .......... .......... 45% 1.08M 37s
 28300K .......... .......... .......... .......... .......... 45%  892K 36s
 28350K .......... .......... .......... .......... .......... 46%  782K 36s
 28400K .......... .......... .......... .......... .......... 46% 1.40M 36s
 28450K .......... .......... .......... .......... .......... 46%  784K 36s
 28500K .......... .......... .......... .......... .......... 46%  812K 36s
 28550K .......... .......... .......... .......... .......... 46% 1.34M 36s
 28600K .......... .......... .......... .......... .......... 46%  792K 36s
 28650K .......... .......... .......... .......... .......... 46%  799K 36s
 28700K .......... .......... .......... .......... .......... 46% 1.34M 36s
 28750K .......... .......... .......... .......... .......... 46%  796K 36s
 28800K .......... .......... .......... .......... .......... 46%  798K 36s
 28850K .......... .......... .......... .......... .......... 46% 1.33M 36s
 28900K .......... .......... .......... .......... .......... 46%  798K 36s
 28950K .......... .......... .......... .......... .......... 47% 1.39M 36s
 29000K .......... .......... .......... .......... .......... 47%  783K 36s
 29050K .......... .......... .......... .......... .......... 47%  811K 36s
 29100K .......... .......... .......... .......... .......... 47% 1.35M 36s
 29150K .......... .......... .......... .......... .......... 47%  753K 36s
 29200K .......... .......... .......... .......... .......... 47%  739K 35s
 29250K .......... .......... .......... .......... .......... 47% 1.01M 35s
 29300K .......... .......... .......... .......... .......... 47%  657K 35s
 29350K .......... .......... .......... .......... .......... 47% 1.08M 35s
 29400K .......... .......... .......... .......... .......... 47%  883K 35s
 29450K .......... .......... .......... .......... .......... 47%  868K 35s
 29500K .......... .......... .......... .......... .......... 47% 1.22M 35s
 29550K .......... .......... .......... .......... .......... 48%  778K 35s
 29600K .......... .......... .......... .......... .......... 48% 1.10M 35s
 29650K .......... .......... .......... .......... .......... 48%  828K 35s
 29700K .......... .......... .......... .......... .......... 48%  876K 35s
 29750K .......... .......... .......... .......... .......... 48% 1.14M 35s
 29800K .......... .......... .......... .......... .......... 48%  804K 35s
 29850K .......... .......... .......... .......... .......... 48%  887K 35s
 29900K .......... .......... .......... .......... .......... 48% 1.12M 35s
 29950K .......... .......... .......... .......... .......... 48%  810K 35s
 30000K .......... .......... .......... .......... .......... 48% 1.32M 35s
 30050K .......... .......... .......... .......... .......... 48%  796K 35s
 30100K .......... .......... .......... .......... .......... 48%  912K 34s
 30150K .......... .......... .......... .......... .......... 48% 1.10M 34s
 30200K .......... .......... .......... .......... .......... 49%  823K 34s
 30250K .......... .......... .......... .......... .......... 49%  743K 34s
 30300K .......... .......... .......... .......... .......... 49%  953K 34s
 30350K .......... .......... .......... .......... .......... 49%  772K 34s
 30400K .......... .......... .......... .......... .......... 49%  829K 34s
 30450K .......... .......... .......... .......... .......... 49% 1.09M 34s
 30500K .......... .......... .......... .......... .......... 49%  947K 34s
 30550K .......... .......... .......... .......... .......... 49%  968K 34s
 30600K .......... .......... .......... .......... .......... 49%  876K 34s
 30650K .......... .......... .......... .......... .......... 49%  939K 34s
 30700K .......... .......... .......... .......... .......... 49%  954K 34s
 30750K .......... .......... .......... .......... .......... 49%  886K 34s
 30800K .......... .......... .......... .......... .......... 50%  942K 34s
 30850K .......... .......... .......... .......... .......... 50%  948K 34s
 30900K .......... .......... .......... .......... .......... 50% 1.08M 34s
 30950K .......... .......... .......... .......... .......... 50%  953K 34s
 31000K .......... .......... .......... .......... .......... 50%  777K 34s
 31050K .......... .......... .......... .......... .......... 50% 1.09M 33s
 31100K .......... .......... .......... .......... .......... 50%  945K 33s
 31150K .......... .......... .......... .......... .......... 50%  832K 33s
 31200K .......... .......... .......... .......... .......... 50% 1002K 33s
 31250K .......... .......... .......... .......... .......... 50%  943K 33s
 31300K .......... .......... .......... .......... .......... 50%  853K 33s
 31350K .......... .......... .......... .......... .......... 50%  844K 33s
 31400K .......... .......... .......... .......... .......... 51%  786K 33s
 31450K .......... .......... .......... .......... .......... 51% 1.01M 33s
 31500K .......... .......... .......... .......... .......... 51%  853K 33s
 31550K .......... .......... .......... .......... .......... 51%  775K 33s
 31600K .......... .......... .......... .......... .......... 51% 1.25M 33s
 31650K .......... .......... .......... .......... .......... 51%  852K 33s
 31700K .......... .......... .......... .......... .......... 51%  909K 33s
 31750K .......... .......... .......... .......... .......... 51% 1.01M 33s
 31800K .......... .......... .......... .......... .......... 51%  850K 33s
 31850K .......... .......... .......... .......... .......... 51% 1.27M 33s
 31900K .......... .......... .......... .......... .......... 51%  778K 33s
 31950K .......... .......... .......... .......... .......... 51%  842K 32s
 32000K .......... .......... .......... .......... .......... 51% 1.26M 32s
 32050K .......... .......... .......... .......... .......... 52%  843K 32s
 32100K .......... .......... .......... .......... .......... 52%  779K 32s
 32150K .......... .......... .......... .......... .......... 52% 1.28M 32s
 32200K .......... .......... .......... .......... .......... 52%  823K 32s
 32250K .......... .......... .......... .......... .......... 52%  786K 32s
 32300K .......... .......... .......... .......... .......... 52% 1.30M 32s
 32350K .......... .......... .......... .......... .......... 52%  827K 32s
 32400K .......... .......... .......... .......... .......... 52% 1.24M 32s
 32450K .......... .......... .......... .......... .......... 52%  651K 32s
 32500K .......... .......... .......... .......... .......... 52%  654K 32s
 32550K .......... .......... .......... .......... .......... 52% 1.38M 32s
 32600K .......... .......... .......... .......... .......... 52%  806K 32s
 32650K .......... .......... .......... .......... .......... 53%  782K 32s
 32700K .......... .......... .......... .......... .......... 53% 1.37M 32s
 32750K .......... .......... .......... .......... .......... 53%  799K 32s
 32800K .......... .......... .......... .......... .......... 53% 1.36M 32s
 32850K .......... .......... .......... .......... .......... 53%  789K 31s
 32900K .......... .......... .......... .......... .......... 53%  804K 31s
 32950K .......... .......... .......... .......... .......... 53% 1.36M 31s
 33000K .......... .......... .......... .......... .......... 53%  787K 31s
 33050K .......... .......... .......... .......... .......... 53%  804K 31s
 33100K .......... .......... .......... .......... .......... 53% 1.35M 31s
 33150K .......... .......... .......... .......... .......... 53%  801K 31s
 33200K .......... .......... .......... .......... .......... 53% 1.33M 31s
 33250K .......... .......... .......... .......... .......... 54%  804K 31s
 33300K .......... .......... .......... .......... .......... 54%  791K 31s
 33350K .......... .......... .......... .......... .......... 54% 1.32M 31s
 33400K .......... .......... .......... .......... .......... 54%  810K 31s
 33450K .......... .......... .......... .......... .......... 54%  753K 31s
 33500K .......... .......... .......... .......... .......... 54% 1.14M 31s
 33550K .......... .......... .......... .......... .......... 54%  676K 31s
 33600K .......... .......... .......... .......... .......... 54%  746K 31s
 33650K .......... .......... .......... .......... .......... 54% 1.10M 31s
 33700K .......... .......... .......... .......... .......... 54%  882K 31s
 33750K .......... .......... .......... .......... .......... 54%  823K 30s
 33800K .......... .......... .......... .......... .......... 54% 1.33M 30s
 33850K .......... .......... .......... .......... .......... 54%  822K 30s
 33900K .......... .......... .......... .......... .......... 55%  777K 30s
 33950K .......... .......... .......... .......... .......... 55% 1.35M 30s
 34000K .......... .......... .......... .......... .......... 55%  771K 30s
 34050K .......... .......... .......... .......... .......... 55%  826K 30s
 34100K .......... .......... .......... .......... .......... 55% 1.31M 30s
 34150K .......... .......... .......... .......... .......... 55%  775K 30s
 34200K .......... .......... .......... .......... .......... 55% 1.49M 30s
 34250K .......... .......... .......... .......... .......... 55%  775K 30s
 34300K .......... .......... .......... .......... .......... 55%  779K 30s
 34350K .......... .......... .......... .......... .......... 55% 1.45M 30s
 34400K .......... .......... .......... .......... .......... 55%  781K 30s
 34450K .......... .......... .......... .......... .......... 55%  835K 30s
 34500K .......... .......... .......... .......... .......... 56% 1.30M 30s
 34550K .......... .......... .......... .......... .......... 56%  738K 30s
 34600K .......... .......... .......... .......... .......... 56%  815K 30s
 34650K .......... .......... .......... .......... .......... 56%  925K 29s
 34700K .......... .......... .......... .......... .......... 56%  664K 29s
 34750K .......... .......... .......... .......... .......... 56% 1.48M 29s
 34800K .......... .......... .......... .......... .......... 56%  779K 29s
 34850K .......... .......... .......... .......... .......... 56%  783K 29s
 34900K .......... .......... .......... .......... .......... 56% 1.44M 29s
 34950K .......... .......... .......... .......... .......... 56%  775K 29s
 35000K .......... .......... .......... .......... .......... 56%  939K 29s
 35050K .......... .......... .......... .......... .......... 56% 1.11M 29s
 35100K .......... .......... .......... .......... .......... 57%  773K 29s
 35150K .......... .......... .......... .......... .......... 57% 1.46M 29s
 35200K .......... .......... .......... .......... .......... 57%  777K 29s
 35250K .......... .......... .......... .......... .......... 57%  782K 29s
 35300K .......... .......... .......... .......... .......... 57% 1.46M 29s
 35350K .......... .......... .......... .......... .......... 57%  777K 29s
 35400K .......... .......... .......... .......... .......... 57%  774K 29s
 35450K .......... .......... .......... .......... .......... 57% 1.47M 29s
 35500K .......... .......... .......... .......... .......... 57%  778K 29s
 35550K .......... .......... .......... .......... .......... 57% 1.48M 28s
 35600K .......... .......... .......... .......... .......... 57%  770K 28s
 35650K .......... .......... .......... .......... .......... 57%  693K 28s
 35700K .......... .......... .......... .......... .......... 57% 1.21M 28s
 35750K .......... .......... .......... .......... .......... 58%  627K 28s
 35800K .......... .......... .......... .......... .......... 58%  729K 28s
 35850K .......... .......... .......... .......... .......... 58% 1.48M 28s
 35900K .......... .......... .......... .......... .......... 58%  773K 28s
 35950K .......... .......... .......... .......... .......... 58% 1.48M 28s
 36000K .......... .......... .......... .......... .......... 58%  768K 28s
 36050K .......... .......... .......... .......... .......... 58%  784K 28s
 36100K .......... .......... .......... .......... .......... 58% 1.45M 28s
 36150K .......... .......... .......... .......... .......... 58%  779K 28s
 36200K .......... .......... .......... .......... .......... 58%  780K 28s
 36250K .......... .......... .......... .......... .......... 58% 1.46M 28s
 36300K .......... .......... .......... .......... .......... 58%  774K 28s
 36350K .......... .......... .......... .......... .......... 59% 1.46M 28s
 36400K .......... .......... .......... .......... .......... 59%  783K 28s
 36450K .......... .......... .......... .......... .......... 59%  775K 28s
 36500K .......... .......... .......... .......... .......... 59% 1.46M 27s
 36550K .......... .......... .......... .......... .......... 59%  780K 27s
 36600K .......... .......... .......... .......... .......... 59%  772K 27s
 36650K .......... .......... .......... .......... .......... 59% 1.48M 27s
 36700K .......... .......... .......... .......... .......... 59%  733K 27s
 36750K .......... .......... .......... .......... .......... 59%  638K 27s
 36800K .......... .......... .......... .......... .......... 59% 1.33M 27s
 36850K .......... .......... .......... .......... .......... 59%  739K 27s
 36900K .......... .......... .......... .......... .......... 59%  770K 27s
 36950K .......... .......... .......... .......... .......... 60% 1.47M 27s
 37000K .......... .......... .......... .......... .......... 60%  774K 27s
 37050K .......... .......... .......... .......... .......... 60%  774K 27s
 37100K .......... .......... .......... .......... .......... 60% 1.47M 27s
 37150K .......... .......... .......... .......... .......... 60%  772K 27s
 37200K .......... .......... .......... .......... .......... 60% 1.48M 27s
 37250K .......... .......... .......... .......... .......... 60%  770K 27s
 37300K .......... .......... .......... .......... .......... 60%  775K 27s
 37350K .......... .......... .......... .......... .......... 60% 1.47M 27s
 37400K .......... .......... .......... .......... .......... 60%  773K 26s
 37450K .......... .......... .......... .......... .......... 60%  781K 26s
 37500K .......... .......... .......... .......... .......... 60% 1.46M 26s
 37550K .......... .......... .......... .......... .......... 60%  780K 26s
 37600K .......... .......... .......... .......... .......... 61% 1.27M 26s
 37650K .......... .......... .......... .......... .......... 61%  776K 26s
 37700K .......... .......... .......... .......... .......... 61%  776K 26s
 37750K .......... .......... .......... .......... .......... 61% 1.46M 26s
 37800K .......... .......... .......... .......... .......... 61%  737K 26s
 37850K .......... .......... .......... .......... .......... 61%  630K 26s
 37900K .......... .......... .......... .......... .......... 61% 1.21M 26s
 37950K .......... .......... .......... .......... .......... 61%  684K 26s
 38000K .......... .......... .......... .......... .......... 61%  879K 26s
 38050K .......... .......... .......... .......... .......... 61% 1.20M 26s
 38100K .......... .......... .......... .......... .......... 61%  780K 26s
 38150K .......... .......... .......... .......... .......... 61% 1.42M 26s
 38200K .......... .......... .......... .......... .......... 62%  745K 26s
 38250K .......... .......... .......... .......... .......... 62%  769K 26s
 38300K .......... .......... .......... .......... .......... 62% 1.47M 25s
 38350K .......... .......... .......... .......... .......... 62%  779K 25s
 38400K .......... .......... .......... .......... .......... 62%  777K 25s
 38450K .......... .......... .......... .......... .......... 62% 1.47M 25s
 38500K .......... .......... .......... .......... .......... 62%  780K 25s
 38550K .......... .......... .......... .......... .......... 62% 1.47M 25s
 38600K .......... .......... .......... .......... .......... 62%  764K 25s
 38650K .......... .......... .......... .......... .......... 62%  777K 25s
 38700K .......... .......... .......... .......... .......... 62% 1.47M 25s
 38750K .......... .......... .......... .......... .......... 62%  777K 25s
 38800K .......... .......... .......... .......... .......... 63%  770K 25s
 38850K .......... .......... .......... .......... .......... 63% 1.48M 25s
 38900K .......... .......... .......... .......... .......... 63%  667K 25s
 38950K .......... .......... .......... .......... .......... 63%  750K 25s
 39000K .......... .......... .......... .......... .......... 63% 1.03M 25s
 39050K .......... .......... .......... .......... .......... 63%  790K 25s
 39100K .......... .......... .......... .......... .......... 63% 1.28M 25s
 39150K .......... .......... .......... .......... .......... 63%  845K 25s
 39200K .......... .......... .......... .......... .......... 63%  778K 25s
 39250K .......... .......... .......... .......... .......... 63% 1.27M 24s
 39300K .......... .......... .......... .......... .......... 63%  849K 24s
 39350K .......... .......... .......... .......... .......... 63%  778K 24s
 39400K .......... .......... .......... .......... .......... 63% 1.29M 24s
 39450K .......... .......... .......... .......... .......... 64%  839K 24s
 39500K .......... .......... .......... .......... .......... 64%  775K 24s
 39550K .......... .......... .......... .......... .......... 64% 1.29M 24s
 39600K .......... .......... .......... .......... .......... 64%  838K 24s
 39650K .......... .......... .......... .......... .......... 64% 1.28M 24s
 39700K .......... .......... .......... .......... .......... 64%  845K 24s
 39750K .......... .......... .......... .......... .......... 64%  777K 24s
 39800K .......... .......... .......... .......... .......... 64% 1.27M 24s
 39850K .......... .......... .......... .......... .......... 64%  839K 24s
 39900K .......... .......... .......... .......... .......... 64%  779K 24s
 39950K .......... .......... .......... .......... .......... 64% 1.28M 24s
 40000K .......... .......... .......... .......... .......... 64%  733K 24s
 40050K .......... .......... .......... .......... .......... 65%  698K 24s
 40100K .......... .......... .......... .......... .......... 65% 1.10M 24s
 40150K .......... .......... .......... .......... .......... 65%  811K 23s
 40200K .......... .......... .......... .......... .......... 65%  834K 23s
 40250K .......... .......... .......... .......... .......... 65% 1.12M 23s
 40300K .......... .......... .......... .......... .......... 65%  861K 23s
 40350K .......... .......... .......... .......... .......... 65%  822K 23s
 40400K .......... .......... .......... .......... .......... 65% 1.34M 23s
 40450K .......... .......... .......... .......... .......... 65%  811K 23s
 40500K .......... .......... .......... .......... .......... 65%  778K 23s
 40550K .......... .......... .......... .......... .......... 65% 1.36M 23s
 40600K .......... .......... .......... .......... .......... 65%  808K 23s
 40650K .......... .......... .......... .......... .......... 66% 1.17M 23s
 40700K .......... .......... .......... .......... .......... 66%  862K 23s
 40750K .......... .......... .......... .......... .......... 66%  809K 23s
 40800K .......... .......... .......... .......... .......... 66% 1.35M 23s
 40850K .......... .......... .......... .......... .......... 66%  768K 23s
 40900K .......... .......... .......... .......... .......... 66%  840K 23s
 40950K .......... .......... .......... .......... .......... 66% 1.28M 23s
 41000K .......... .......... .......... .......... .......... 66%  823K 23s
 41050K .......... .......... .......... .......... .......... 66% 1.17M 22s
 41100K .......... .......... .......... .......... .......... 66%  722K 22s
 41150K .......... .......... .......... .......... .......... 66%  740K 22s
 41200K .......... .......... .......... .......... .......... 66% 1.11M 22s
 41250K .......... .......... .......... .......... .......... 66%  754K 22s
 41300K .......... .......... .......... .......... .......... 67%  862K 22s
 41350K .......... .......... .......... .......... .......... 67% 1.22M 22s
 41400K .......... .......... .......... .......... .......... 67%  862K 22s
 41450K .......... .......... .......... .......... .......... 67%  784K 22s
 41500K .......... .......... .......... .......... .......... 67% 1.23M 22s
 41550K .......... .......... .......... .......... .......... 67%  785K 22s
 41600K .......... .......... .......... .......... .......... 67%  853K 22s
 41650K .......... .......... .......... .......... .......... 67% 1.23M 22s
 41700K .......... .......... .......... .......... .......... 67%  867K 22s
 41750K .......... .......... .......... .......... .......... 67% 1.23M 22s
 41800K .......... .......... .......... .......... .......... 67%  783K 22s
 41850K .......... .......... .......... .......... .......... 67%  859K 22s
 41900K .......... .......... .......... .......... .......... 68% 1.22M 22s
 41950K .......... .......... .......... .......... .......... 68%  787K 21s
 42000K .......... .......... .......... .......... .......... 68%  851K 21s
 42050K .......... .......... .......... .......... .......... 68% 1.23M 21s
 42100K .......... .......... .......... .......... .......... 68%  864K 21s
 42150K .......... .......... .......... .......... .......... 68%  678K 21s
 42200K .......... .......... .......... .......... .......... 68% 1.13M 21s
 42250K .......... .......... .......... .......... .......... 68%  660K 21s
 42300K .......... .......... .......... .......... .......... 68% 1.42M 21s
 42350K .......... .......... .......... .......... .......... 68%  735K 21s
 42400K .......... .......... .......... .......... .......... 68%  778K 21s
 42450K .......... .......... .......... .......... .......... 68% 1.39M 21s
 42500K .......... .......... .......... .......... .......... 69%  804K 21s
 42550K .......... .......... .......... .......... .......... 69%  780K 21s
 42600K .......... .......... .......... .......... .......... 69% 1.44M 21s
 42650K .......... .......... .......... .......... .......... 69%  786K 21s
 42700K .......... .......... .......... .......... .......... 69% 1.39M 21s
 42750K .......... .......... .......... .......... .......... 69%  793K 21s
 42800K .......... .......... .......... .......... .......... 69%  785K 21s
 42850K .......... .......... .......... .......... .......... 69% 1.36M 20s
 42900K .......... .......... .......... .......... .......... 69%  772K 20s
 42950K .......... .......... .......... .......... .......... 69%  818K 20s
 43000K .......... .......... .......... .......... .......... 69% 1.35M 20s
 43050K .......... .......... .......... .......... .......... 69%  817K 20s
 43100K .......... .......... .......... .......... .......... 69% 1.35M 20s
 43150K .......... .......... .......... .......... .......... 70%  761K 20s
 43200K .......... .......... .......... .......... .......... 70%  795K 20s
 43250K .......... .......... .......... .......... .......... 70% 1.12M 20s
 43300K .......... .......... .......... .......... .......... 70%  761K 20s
 43350K .......... .......... .......... .......... .......... 70%  709K 20s
 43400K .......... .......... .......... .......... .......... 70% 1.14M 20s
 43450K .......... .......... .......... .......... .......... 70%  918K 20s
 43500K .......... .......... .......... .......... .......... 70%  778K 20s
 43550K .......... .......... .......... .......... .......... 70% 1.47M 20s
 43600K .......... .......... .......... .......... .......... 70%  776K 20s
 43650K .......... .......... .......... .......... .......... 70% 1.14M 20s
 43700K .......... .......... .......... .......... .......... 70%  912K 20s
 43750K .......... .......... .......... .......... .......... 71%  782K 20s
 43800K .......... .......... .......... .......... .......... 71% 1.13M 19s
 43850K .......... .......... .......... .......... .......... 71%  915K 19s
 43900K .......... .......... .......... .......... .......... 71%  787K 19s
 43950K .......... .......... .......... .......... .......... 71% 1.13M 19s
 44000K .......... .......... .......... .......... .......... 71%  903K 19s
 44050K .......... .......... .......... .......... .......... 71% 1.15M 19s
 44100K .......... .......... .......... .......... .......... 71%  901K 19s
 44150K .......... .......... .......... .......... .......... 71%  781K 19s
 44200K .......... .......... .......... .......... .......... 71% 1.16M 19s
 44250K .......... .......... .......... .......... .......... 71%  896K 19s
 44300K .......... .......... .......... .......... .......... 71%  741K 19s
 44350K .......... .......... .......... .......... .......... 72%  957K 19s
 44400K .......... .......... .......... .......... .......... 72%  844K 19s
 44450K .......... .......... .......... .......... .......... 72%  916K 19s
 44500K .......... .......... .......... .......... .......... 72%  772K 19s
 44550K .......... .......... .......... .......... .......... 72% 1.02M 19s
 44600K .......... .......... .......... .......... .......... 72% 1002K 19s
 44650K .......... .......... .......... .......... .......... 72%  780K 19s
 44700K .......... .......... .......... .......... .......... 72% 1.01M 18s
 44750K .......... .......... .......... .......... .......... 72% 1006K 18s
 44800K .......... .......... .......... .......... .......... 72%  774K 18s
 44850K .......... .......... .......... .......... .......... 72% 1.48M 18s
 44900K .......... .......... .......... .......... .......... 72%  780K 18s
 44950K .......... .......... .......... .......... .......... 72% 1009K 18s
 45000K .......... .......... .......... .......... .......... 73% 1.01M 18s
 45050K .......... .......... .......... .......... .......... 73%  778K 18s
 45100K .......... .......... .......... .......... .......... 73% 1012K 18s
 45150K .......... .......... .......... .......... .......... 73% 1.01M 18s
 45200K .......... .......... .......... .......... .......... 73%  776K 18s
 45250K .......... .......... .......... .......... .......... 73% 1014K 18s
 45300K .......... .......... .......... .......... .......... 73% 1.01M 18s
 45350K .......... .......... .......... .......... .......... 73%  757K 18s
 45400K .......... .......... .......... .......... .......... 73% 1.24M 18s
 45450K .......... .......... .......... .......... .......... 73%  652K 18s
 45500K .......... .......... .......... .......... .......... 73%  870K 18s
 45550K .......... .......... .......... .......... .......... 73%  989K 18s
 45600K .......... .......... .......... .......... .......... 74%  878K 17s
 45650K .......... .......... .......... .......... .......... 74%  913K 17s
 45700K .......... .......... .......... .......... .......... 74%  987K 17s
 45750K .......... .......... .......... .......... .......... 74%  883K 17s
 45800K .......... .......... .......... .......... .......... 74% 1.20M 17s
 45850K .......... .......... .......... .......... .......... 74%  771K 17s
 45900K .......... .......... .......... .......... .......... 74% 1.03M 17s
 45950K .......... .......... .......... .......... .......... 74%  996K 17s
 46000K .......... .......... .......... .......... .......... 74%  777K 17s
 46050K .......... .......... .......... .......... .......... 74% 1.04M 17s
 46100K .......... .......... .......... .......... .......... 74%  969K 17s
 46150K .......... .......... .......... .......... .......... 74%  902K 17s
 46200K .......... .......... .......... .......... .......... 75%  935K 17s
 46250K .......... .......... .......... .......... .......... 75%  958K 17s
 46300K .......... .......... .......... .......... .......... 75%  753K 17s
 46350K .......... .......... .......... .......... .......... 75% 1.16M 17s
 46400K .......... .......... .......... .......... .......... 75%  763K 17s
 46450K .......... .......... .......... .......... .......... 75% 1.10M 17s
 46500K .......... .......... .......... .......... .......... 75%  639K 17s
 46550K .......... .......... .......... .......... .......... 75%  897K 16s
 46600K .......... .......... .......... .......... .......... 75%  823K 16s
 46650K .......... .......... .......... .......... .......... 75%  774K 16s
 46700K .......... .......... .......... .......... .......... 75% 1.00M 16s
 46750K .......... .......... .......... .......... .......... 75%  769K 16s
 46800K .......... .......... .......... .......... .......... 75%  764K 16s
 46850K .......... .......... .......... .......... .......... 76% 1.28M 16s
 46900K .......... .......... .......... .......... .......... 76%  741K 16s
 46950K .......... .......... .......... .......... .......... 76%  911K 16s
 47000K .......... .......... .......... .......... .......... 76% 1.03M 16s
 47050K .......... .......... .......... .......... .......... 76%  721K 16s
 47100K .......... .......... .......... .......... .......... 76%  817K 16s
 47150K .......... .......... .......... .......... .......... 76% 1.31M 16s
 47200K .......... .......... .......... .......... .......... 76%  688K 16s
 47250K .......... .......... .......... .......... .......... 76%  833K 16s
 47300K .......... .......... .......... .......... .......... 76% 1.00M 16s
 47350K .......... .......... .......... .......... .......... 76%  834K 16s
 47400K .......... .......... .......... .......... .......... 76% 1.21M 16s
 47450K .......... .......... .......... .......... .......... 77%  754K 15s
 47500K .......... .......... .......... .......... .......... 77%  696K 15s
 47550K .......... .......... .......... .......... .......... 77% 1.10M 15s
 47600K .......... .......... .......... .......... .......... 77%  734K 15s
 47650K .......... .......... .......... .......... .......... 77%  844K 15s
 47700K .......... .......... .......... .......... .......... 77% 1.13M 15s
 47750K .......... .......... .......... .......... .......... 77%  836K 15s
 47800K .......... .......... .......... .......... .......... 77% 1.29M 15s
 47850K .......... .......... .......... .......... .......... 77%  837K 15s
 47900K .......... .......... .......... .......... .......... 77%  823K 15s
 47950K .......... .......... .......... .......... .......... 77% 1.16M 15s
 48000K .......... .......... .......... .......... .......... 77%  855K 15s
 48050K .......... .......... .......... .......... .......... 78%  810K 15s
 48100K .......... .......... .......... .......... .......... 78% 1.20M 15s
 48150K .......... .......... .......... .......... .......... 78%  848K 15s
 48200K .......... .......... .......... .......... .......... 78%  808K 15s
 48250K .......... .......... .......... .......... .......... 78% 1.35M 15s
 48300K .......... .......... .......... .......... .......... 78%  811K 15s
 48350K .......... .......... .......... .......... .......... 78% 1.19M 14s
 48400K .......... .......... .......... .......... .......... 78%  838K 14s
 48450K .......... .......... .......... .......... .......... 78%  808K 14s
 48500K .......... .......... .......... .......... .......... 78% 1.23M 14s
 48550K .......... .......... .......... .......... .......... 78%  799K 14s
 48600K .......... .......... .......... .......... .......... 78%  717K 14s
 48650K .......... .......... .......... .......... .......... 78%  746K 14s
 48700K .......... .......... .......... .......... .......... 79% 1.20M 14s
 48750K .......... .......... .......... .......... .......... 79%  777K 14s
 48800K .......... .......... .......... .......... .......... 79%  877K 14s
 48850K .......... .......... .......... .......... .......... 79% 1.19M 14s
 48900K .......... .......... .......... .......... .......... 79%  786K 14s
 48950K .......... .......... .......... .......... .......... 79% 1.43M 14s
 49000K .......... .......... .......... .......... .......... 79%  791K 14s
 49050K .......... .......... .......... .......... .......... 79%  862K 14s
 49100K .......... .......... .......... .......... .......... 79% 1.21M 14s
 49150K .......... .......... .......... .......... .......... 79%  787K 14s
 49200K .......... .......... .......... .......... .......... 79%  867K 14s
 49250K .......... .......... .......... .......... .......... 79% 1.21M 14s
 49300K .......... .......... .......... .......... .......... 80%  787K 13s
 49350K .......... .......... .......... .......... .......... 80%  863K 13s
 49400K .......... .......... .......... .......... .......... 80% 1.23M 13s
 49450K .......... .......... .......... .......... .......... 80%  860K 13s
 49500K .......... .......... .......... .......... .......... 80% 1.17M 13s
 49550K .......... .......... .......... .......... .......... 80%  783K 13s
 49600K .......... .......... .......... .......... .......... 80%  751K 13s
 49650K .......... .......... .......... .......... .......... 80% 1.23M 13s
 49700K .......... .......... .......... .......... .......... 80%  736K 13s
 49750K .......... .......... .......... .......... .......... 80%  687K 13s
 49800K .......... .......... .......... .......... .......... 80% 1.48M 13s
 49850K .......... .......... .......... .......... .......... 80%  772K 13s
 49900K .......... .......... .......... .......... .......... 81% 1.04M 13s
 49950K .......... .......... .......... .......... .......... 81%  986K 13s
 50000K .......... .......... .......... .......... .......... 81%  779K 13s
 50050K .......... .......... .......... .......... .......... 81% 1.45M 13s
 50100K .......... .......... .......... .......... .......... 81%  783K 13s
 50150K .......... .......... .......... .......... .......... 81%  777K 13s
 50200K .......... .......... .......... .......... .......... 81% 1.46M 12s
 50250K .......... .......... .......... .......... .......... 81%  784K 12s
 50300K .......... .......... .......... .......... .......... 81%  778K 12s
 50350K .......... .......... .......... .......... .......... 81% 1.47M 12s
 50400K .......... .......... .......... .......... .......... 81%  746K 12s
 50450K .......... .......... .......... .......... .......... 81% 1.46M 12s
 50500K .......... .......... .......... .......... .......... 81%  782K 12s
 50550K .......... .......... .......... .......... .......... 82%  768K 12s
 50600K .......... .......... .......... .......... .......... 82% 1.48M 12s
 50650K .......... .......... .......... .......... .......... 82%  772K 12s
 50700K .......... .......... .......... .......... .......... 82%  731K 12s
 50750K .......... .......... .......... .......... .......... 82% 1.24M 12s
 50800K .......... .......... .......... .......... .......... 82%  645K 12s
 50850K .......... .......... .......... .......... .......... 82% 1.26M 12s
 50900K .......... .......... .......... .......... .......... 82%  726K 12s
 50950K .......... .......... .......... .......... .......... 82%  772K 12s
 51000K .......... .......... .......... .......... .......... 82% 1.46M 12s
 51050K .......... .......... .......... .......... .......... 82%  779K 12s
 51100K .......... .......... .......... .......... .......... 82%  774K 11s
 51150K .......... .......... .......... .......... .......... 83% 1.46M 11s
 51200K .......... .......... .......... .......... .......... 83%  774K 11s
 51250K .......... .......... .......... .......... .......... 83% 1.48M 11s
 51300K .......... .......... .......... .......... .......... 83%  771K 11s
 51350K .......... .......... .......... .......... .......... 83%  774K 11s
 51400K .......... .......... .......... .......... .......... 83% 1.46M 11s
 51450K .......... .......... .......... .......... .......... 83%  780K 11s
 51500K .......... .......... .......... .......... .......... 83%  773K 11s
 51550K .......... .......... .......... .......... .......... 83% 1.47M 11s
 51600K .......... .......... .......... .......... .......... 83%  776K 11s
 51650K .......... .......... .......... .......... .......... 83%  778K 11s
 51700K .......... .......... .......... .......... .......... 83% 1.46M 11s
 51750K .......... .......... .......... .......... .......... 84%  779K 11s
 51800K .......... .......... .......... .......... .......... 84%  767K 11s
 51850K .......... .......... .......... .......... .......... 84% 1.06M 11s
 51900K .......... .......... .......... .......... .......... 84%  672K 11s
 51950K .......... .......... .......... .......... .......... 84% 1.22M 11s
 52000K .......... .......... .......... .......... .......... 84%  807K 11s
 52050K .......... .......... .......... .......... .......... 84%  771K 10s
 52100K .......... .......... .......... .......... .......... 84% 1.36M 10s
 52150K .......... .......... .......... .......... .......... 84%  798K 10s
 52200K .......... .......... .......... .......... .......... 84%  786K 10s
 52250K .......... .......... .......... .......... .......... 84% 1.43M 10s
 52300K .......... .......... .......... .......... .......... 84%  777K 10s
 52350K .......... .......... .......... .......... .......... 84% 1.41M 10s
 52400K .......... .......... .......... .......... .......... 85%  791K 10s
 52450K .......... .......... .......... .......... .......... 85%  787K 10s
 52500K .......... .......... .......... .......... .......... 85% 1.40M 10s
 52550K .......... .......... .......... .......... .......... 85%  786K 10s
 52600K .......... .......... .......... .......... .......... 85%  783K 10s
 52650K .......... .......... .......... .......... .......... 85% 1.43M 10s
 52700K .......... .......... .......... .......... .......... 85%  781K 10s
 52750K .......... .......... .......... .......... .......... 85%  775K 10s
 52800K .......... .......... .......... .......... .......... 85% 1.47M 10s
 52850K .......... .......... .......... .......... .......... 85%  774K 10s
 52900K .......... .......... .......... .......... .......... 85%  692K 10s
 52950K .......... .......... .......... .......... .......... 85% 1.28M 9s
 53000K .......... .......... .......... .......... .......... 86%  662K 9s
 53050K .......... .......... .......... .......... .......... 86% 1.49M 9s
 53100K .......... .......... .......... .......... .......... 86%  768K 9s
 53150K .......... .......... .......... .......... .......... 86%  764K 9s
 53200K .......... .......... .......... .......... .......... 86% 1.45M 9s
 53250K .......... .......... .......... .......... .......... 86%  778K 9s
 53300K .......... .......... .......... .......... .......... 86%  769K 9s
 53350K .......... .......... .......... .......... .......... 86% 1.44M 9s
 53400K .......... .......... .......... .......... .......... 86%  784K 9s
 53450K .......... .......... .......... .......... .......... 86%  774K 9s
 53500K .......... .......... .......... .......... .......... 86% 1.47M 9s
 53550K .......... .......... .......... .......... .......... 86%  780K 9s
 53600K .......... .......... .......... .......... .......... 87% 1.45M 9s
 53650K .......... .......... .......... .......... .......... 87%  779K 9s
 53700K .......... .......... .......... .......... .......... 87%  780K 9s
 53750K .......... .......... .......... .......... .......... 87% 1.44M 9s
 53800K .......... .......... .......... .......... .......... 87%  782K 9s
 53850K .......... .......... .......... .......... .......... 87%  773K 8s
 53900K .......... .......... .......... .......... .......... 87% 1.46M 8s
 53950K .......... .......... .......... .......... .......... 87%  726K 8s
 54000K .......... .......... .......... .......... .......... 87% 1.39M 8s
 54050K .......... .......... .......... .......... .......... 87%  617K 8s
 54100K .......... .......... .......... .......... .......... 87%  724K 8s
 54150K .......... .......... .......... .......... .......... 87% 1.47M 8s
 54200K .......... .......... .......... .......... .......... 87%  774K 8s
 54250K .......... .......... .......... .......... .......... 88%  777K 8s
 54300K .......... .......... .......... .......... .......... 88% 1.48M 8s
 54350K .......... .......... .......... .......... .......... 88%  775K 8s
 54400K .......... .......... .......... .......... .......... 88%  773K 8s
 54450K .......... .......... .......... .......... .......... 88% 1.49M 8s
 54500K .......... .......... .......... .......... .......... 88%  773K 8s
 54550K .......... .......... .......... .......... .......... 88% 1.49M 8s
 54600K .......... .......... .......... .......... .......... 88%  769K 8s
 54650K .......... .......... .......... .......... .......... 88%  774K 8s
 54700K .......... .......... .......... .......... .......... 88% 1.46M 8s
 54750K .......... .......... .......... .......... .......... 88%  777K 7s
 54800K .......... .......... .......... .......... .......... 88%  774K 7s
 54850K .......... .......... .......... .......... .......... 89% 1.49M 7s
 54900K .......... .......... .......... .......... .......... 89%  773K 7s
 54950K .......... .......... .......... .......... .......... 89%  774K 7s
 55000K .......... .......... .......... .......... .......... 89% 1.46M 7s
 55050K .......... .......... .......... .......... .......... 89%  663K 7s
 55100K .......... .......... .......... .......... .......... 89% 1.23M 7s
 55150K .......... .......... .......... .......... .......... 89%  657K 7s
 55200K .......... .......... .......... .......... .......... 89%  771K 7s
 55250K .......... .......... .......... .......... .......... 89% 1.48M 7s
 55300K .......... .......... .......... .......... .......... 89%  774K 7s
 55350K .......... .......... .......... .......... .......... 89%  781K 7s
 55400K .......... .......... .......... .......... .......... 89% 1.45M 7s
 55450K .......... .......... .......... .......... .......... 90%  779K 7s
 55500K .......... .......... .......... .......... .......... 90%  786K 7s
 55550K .......... .......... .......... .......... .......... 90% 1.44M 7s
 55600K .......... .......... .......... .......... .......... 90%  782K 7s
 55650K .......... .......... .......... .......... .......... 90% 1.43M 7s
 55700K .......... .......... .......... .......... .......... 90%  786K 6s
 55750K .......... .......... .......... .......... .......... 90%  779K 6s
 55800K .......... .......... .......... .......... .......... 90% 1.44M 6s
 55850K .......... .......... .......... .......... .......... 90%  780K 6s
 55900K .......... .......... .......... .......... .......... 90%  783K 6s
 55950K .......... .......... .......... .......... .......... 90% 1.45M 6s
 56000K .......... .......... .......... .......... .......... 90%  784K 6s
 56050K .......... .......... .......... .......... .......... 90% 1.42M 6s
 56100K .......... .......... .......... .......... .......... 91%  750K 6s
 56150K .......... .......... .......... .......... .......... 91%  683K 6s
 56200K .......... .......... .......... .......... .......... 91% 1.35M 6s
 56250K .......... .......... .......... .......... .......... 91%  672K 6s
 56300K .......... .......... .......... .......... .......... 91%  771K 6s
 56350K .......... .......... .......... .......... .......... 91% 1.48M 6s
 56400K .......... .......... .......... .......... .......... 91%  775K 6s
 56450K .......... .......... .......... .......... .......... 91% 1.47M 6s
 56500K .......... .......... .......... .......... .......... 91%  774K 6s
 56550K .......... .......... .......... .......... .......... 91%  773K 6s
 56600K .......... .......... .......... .......... .......... 91% 1.46M 5s
 56650K .......... .......... .......... .......... .......... 91%  779K 5s
 56700K .......... .......... .......... .......... .......... 92%  774K 5s
 56750K .......... .......... .......... .......... .......... 92% 1.47M 5s
 56800K .......... .......... .......... .......... .......... 92%  774K 5s
 56850K .......... .......... .......... .......... .......... 92%  782K 5s
 56900K .......... .......... .......... .......... .......... 92% 1.46M 5s
 56950K .......... .......... .......... .......... .......... 92%  777K 5s
 57000K .......... .......... .......... .......... .......... 92%  780K 5s
 57050K .......... .......... .......... .......... .......... 92% 1.45M 5s
 57100K .......... .......... .......... .......... .......... 92%  774K 5s
 57150K .......... .......... .......... .......... .......... 92% 1.48M 5s
 57200K .......... .......... .......... .......... .......... 92%  757K 5s
 57250K .......... .......... .......... .......... .......... 92%  621K 5s
 57300K .......... .......... .......... .......... .......... 93% 1.24M 5s
 57350K .......... .......... .......... .......... .......... 93%  717K 5s
 57400K .......... .......... .......... .......... .......... 93%  774K 5s
 57450K .......... .......... .......... .......... .......... 93% 1.48M 5s
 57500K .......... .......... .......... .......... .......... 93%  774K 4s
 57550K .......... .......... .......... .......... .......... 93%  774K 4s
 57600K .......... .......... .......... .......... .......... 93% 1.48M 4s
 57650K .......... .......... .......... .......... .......... 93%  774K 4s
 57700K .......... .......... .......... .......... .......... 93%  782K 4s
 57750K .......... .......... .......... .......... .......... 93% 1.44M 4s
 57800K .......... .......... .......... .......... .......... 93%  774K 4s
 57850K .......... .......... .......... .......... .......... 93% 1.48M 4s
 57900K .......... .......... .......... .......... .......... 93%  777K 4s
 57950K .......... .......... .......... .......... .......... 94%  783K 4s
 58000K .......... .......... .......... .......... .......... 94% 1.45M 4s
 58050K .......... .......... .......... .......... .......... 94%  777K 4s
 58100K .......... .......... .......... .......... .......... 94%  776K 4s
 58150K .......... .......... .......... .......... .......... 94% 1.48M 4s
 58200K .......... .......... .......... .......... .......... 94%  772K 4s
 58250K .......... .......... .......... .......... .......... 94% 1.47M 4s
 58300K .......... .......... .......... .......... .......... 94%  683K 4s
 58350K .......... .......... .......... .......... .......... 94%  730K 4s
 58400K .......... .......... .......... .......... .......... 94% 1.01M 4s
 58450K .......... .......... .......... .......... .......... 94%  893K 3s
 58500K .......... .......... .......... .......... .......... 94%  773K 3s
 58550K .......... .......... .......... .......... .......... 95% 1.48M 3s
 58600K .......... .......... .......... .......... .......... 95%  777K 3s
 58650K .......... .......... .......... .......... .......... 95%  778K 3s
 58700K .......... .......... .......... .......... .......... 95% 1.48M 3s
 58750K .......... .......... .......... .......... .......... 95%  768K 3s
 58800K .......... .......... .......... .......... .......... 95%  781K 3s
 58850K .......... .......... .......... .......... .......... 95% 1.46M 3s
 58900K .......... .......... .......... .......... .......... 95%  775K 3s
 58950K .......... .......... .......... .......... .......... 95% 1.47M 3s
 59000K .......... .......... .......... .......... .......... 95%  772K 3s
 59050K .......... .......... .......... .......... .......... 95%  784K 3s
 59100K .......... .......... .......... .......... .......... 95% 1.45M 3s
 59150K .......... .......... .......... .......... .......... 96%  779K 3s
 59200K .......... .......... .......... .......... .......... 96%  779K 3s
 59250K .......... .......... .......... .......... .......... 96% 1.46M 3s
 59300K .......... .......... .......... .......... .......... 96%  754K 3s
 59350K .......... .......... .......... .......... .......... 96%  686K 2s
 59400K .......... .......... .......... .......... .......... 96% 1.08M 2s
 59450K .......... .......... .......... .......... .......... 96%  633K 2s
 59500K .......... .......... .......... .......... .......... 96%  889K 2s
 59550K .......... .......... .......... .......... .......... 96%  777K 2s
 59600K .......... .......... .......... .......... .......... 96%  894K 2s
 59650K .......... .......... .......... .......... .......... 96% 1.14M 2s
 59700K .......... .......... .......... .......... .......... 96%  914K 2s
 59750K .......... .......... .......... .......... .......... 96% 1.14M 2s
 59800K .......... .......... .......... .......... .......... 97%  768K 2s
 59850K .......... .......... .......... .......... .......... 97%  921K 2s
 59900K .......... .......... .......... .......... .......... 97% 1.13M 2s
 59950K .......... .......... .......... .......... .......... 97%  769K 2s
 60000K .......... .......... .......... .......... .......... 97%  919K 2s
 60050K .......... .......... .......... .......... .......... 97% 1.10M 2s
 60100K .......... .......... .......... .......... .......... 97%  787K 2s
 60150K .......... .......... .......... .......... .......... 97%  930K 2s
 60200K .......... .......... .......... .......... .......... 97% 1.11M 2s
 60250K .......... .......... .......... .......... .......... 97%  775K 1s
 60300K .......... .......... .......... .......... .......... 97% 1.48M 1s
 60350K .......... .......... .......... .......... .......... 97%  767K 1s
 60400K .......... .......... .......... .......... .......... 98%  930K 1s
 60450K .......... .......... .......... .......... .......... 98%  960K 1s
 60500K .......... .......... .......... .......... .......... 98%  639K 1s
 60550K .......... .......... .......... .......... .......... 98%  800K 1s
 60600K .......... .......... .......... .......... .......... 98% 1.22M 1s
 60650K .......... .......... .......... .......... .......... 98%  774K 1s
 60700K .......... .......... .......... .......... .......... 98%  735K 1s
 60750K .......... .......... .......... .......... .......... 98% 1.43M 1s
 60800K .......... .......... .......... .......... .......... 98%  777K 1s
 60850K .......... .......... .......... .......... .......... 98% 1.48M 1s
 60900K .......... .......... .......... .......... .......... 98%  775K 1s
 60950K .......... .......... .......... .......... .......... 98%  778K 1s
 61000K .......... .......... .......... .......... .......... 99% 1.48M 1s
 61050K .......... .......... .......... .......... .......... 99%  776K 1s
 61100K .......... .......... .......... .......... .......... 99%  777K 1s
 61150K .......... .......... .......... .......... .......... 99% 1.46M 1s
 61200K .......... .......... .......... .......... .......... 99%  762K 0s
 61250K .......... .......... .......... .......... .......... 99% 1.48M 0s
 61300K .......... .......... .......... .......... .......... 99%  775K 0s
 61350K .......... .......... .......... .......... .......... 99%  779K 0s
 61400K .......... .......... .......... .......... .......... 99% 1.40M 0s
 61450K .......... .......... .......... .......... .......... 99%  772K 0s
 61500K .......... .......... .......... .......... .......... 99%  694K 0s
 61550K .......... .......... .......... .......... .......... 99%  986K 0s
 61600K .......... .......... .......... .......... .......... 99%  764K 0s
 61650K .......... .....                                      100%  363K=67s

2017-01-11 16:34:01 (915 KB/s) - `bocmbci_a.apk' saved [63145357/63145357]

