--2017-02-18 12:12:03--  http://hday.info/m8
Resolving hday.info... 43.230.112.228
Connecting to hday.info|43.230.112.228|:80... connected.
HTTP request sent, awaiting response... 301 Moved Permanently
Location: http://hday.info/m8/ [following]
--2017-02-18 12:12:10--  http://hday.info/m8/
Reusing existing connection to hday.info:80.
HTTP request sent, awaiting response... 200 OK
Length: 340 [text/html]
Saving to: `index.html'

     0K                                                       100% 20.3M=0s

2017-02-18 12:12:10 (20.3 MB/s) - `index.html' saved [340/340]

=======================The second times wget =====================
--2017-02-18 12:12:10--  http://hday.info/m8/%C2%BC%CF%F1.apk
Resolving hday.info... 43.230.112.228
Connecting to hday.info|43.230.112.228|:80... connected.
HTTP request sent, awaiting response... 200 OK
Length: 201070 (196K) [application/vnd.android.package-archive]
Saving to: `Â¼Ïñ.apk'

     0K .......... .......... .......... .......... .......... 25%  104K 1s
    50K .......... .......... .......... .......... .......... 50%  314K 1s
   100K .......... .......... .......... .......... .......... 76%  315K 0s
   150K .......... .......... .......... .......... ......    100% 2.55M=0.8s

2017-02-18 12:12:14 (240 KB/s) - `Â¼Ïñ.apk' saved [201070/201070]

