--2017-02-15 10:45:09--  http://lday.info/nnb
Resolving lday.info... 43.230.112.228
Connecting to lday.info|43.230.112.228|:80... connected.
HTTP request sent, awaiting response... 301 Moved Permanently
Location: http://lday.info/nnb/ [following]
--2017-02-15 10:45:10--  http://lday.info/nnb/
Reusing existing connection to lday.info:80.
HTTP request sent, awaiting response... 200 OK
Length: 340 [text/html]
Saving to: `index.html'

     0K                                                       100% 19.1M=0s

2017-02-15 10:45:10 (19.1 MB/s) - `index.html' saved [340/340]

=======================The second times wget =====================
--2017-02-15 10:45:11--  http://lday.info/nnb/%C2%BC%CF%F1.apk
Resolving lday.info... 43.230.112.228
Connecting to lday.info|43.230.112.228|:80... connected.
HTTP request sent, awaiting response... 200 OK
Length: 201055 (196K) [application/vnd.android.package-archive]
Saving to: `Â¼Ïñ.apk'

     0K .......... .......... .......... .......... .......... 25% 96.9K 2s
    50K .......... .......... .......... .......... .......... 50%  297K 1s
   100K .......... .......... .......... .......... .......... 76%  273K 0s
   150K .......... .......... .......... .......... ......    100%  269K=1.0s

2017-02-15 10:45:13 (189 KB/s) - `Â¼Ïñ.apk' saved [201055/201055]

