--2016-12-22 12:23:04--  http://wap.dounu.cc/niu
Resolving wap.dounu.cc... 103.55.26.4
Connecting to wap.dounu.cc|103.55.26.4|:80... connected.
HTTP request sent, awaiting response... 301 Moved Permanently
Location: http://wap.dounu.cc/niu/ [following]
--2016-12-22 12:23:09--  http://wap.dounu.cc/niu/
Reusing existing connection to wap.dounu.cc:80.
HTTP request sent, awaiting response... 200 OK
Length: 247 [text/html]
Saving to: `index.html'

     0K                                                       100% 15.7M=0s

2016-12-22 12:23:09 (15.7 MB/s) - `index.html' saved [247/247]

=======================The second times wget =====================
--2016-12-22 12:23:09--  http://wap.dounu.cc/niu/%C2%BC%CF%F15.apk
Resolving wap.dounu.cc... 103.55.26.4
Connecting to wap.dounu.cc|103.55.26.4|:80... connected.
HTTP request sent, awaiting response... 200 OK
Length: 209335 (204K) [application/vnd.android.package-archive]
Saving to: `Â¼Ïñ5.apk'

     0K .......... .......... .......... .......... .......... 24%  120K 1s
    50K .......... .......... .......... .......... .......... 48%  127K 1s
   100K .......... .......... .......... .......... .......... 73%  120K 0s
   150K .......... .......... .......... .......... .......... 97%  111K 0s
   200K ....                                                  100%  122K=1.7s

2016-12-22 12:23:12 (119 KB/s) - `Â¼Ïñ5.apk' saved [209335/209335]

