--2017-02-25 23:17:48--  http://t.cn/R7Ku352
Resolving t.cn... 180.149.135.224
Connecting to t.cn|180.149.135.224|:80... connected.
HTTP request sent, awaiting response... 302 Found
Location: http://dxurl.cn/own/wifikey/share [following]
--2017-02-25 23:17:50--  http://dxurl.cn/own/wifikey/share
Resolving dxurl.cn... 180.97.33.177, 115.239.211.176
Connecting to dxurl.cn|180.97.33.177|:80... connected.
HTTP request sent, awaiting response... 301 Moved Permanently
Location: http://dl.dxcnd.cn/apks/own/wifikey-share.apk [following]
--2017-02-25 23:17:50--  http://dl.dxcnd.cn/apks/own/wifikey-share.apk
Resolving dl.dxcnd.cn... 220.170.182.48
Connecting to dl.dxcnd.cn|220.170.182.48|:80... connected.
HTTP request sent, awaiting response... 200 OK
Length: 3585547 (3.4M) [application/octet-stream]
Saving to: `wifikey-share.apk'

     0K .......... .......... .......... .......... ..........  1% 2.88M 1s
    50K .......... .......... .......... .......... ..........  2% 16.5M 1s
   100K .......... .......... .......... .......... ..........  4% 11.8M 1s
   150K .......... .......... .......... .......... ..........  5% 7.56M 1s
   200K .......... .......... .......... .......... ..........  7% 8.96M 0s
   250K .......... .......... .......... .......... ..........  8%  164M 0s
   300K .......... .......... .......... .......... ..........  9% 6.25M 0s
   350K .......... .......... .......... .......... .......... 11%  111M 0s
   400K .......... .......... .......... .......... .......... 12% 6.55M 0s
   450K .......... .......... .......... .......... .......... 14%  172M 0s
   500K .......... .......... .......... .......... .......... 15% 7.88M 0s
   550K .......... .......... .......... .......... .......... 17%  169M 0s
   600K .......... .......... .......... .......... .......... 18%  189M 0s
   650K .......... .......... .......... .......... .......... 19% 15.3M 0s
   700K .......... .......... .......... .......... .......... 21%  170M 0s
   750K .......... .......... .......... .......... .......... 22%  198M 0s
   800K .......... .......... .......... .......... .......... 24% 5.24M 0s
   850K .......... .......... .......... .......... .......... 25%  171M 0s
   900K .......... .......... .......... .......... .......... 27%  173M 0s
   950K .......... .......... .......... .......... .......... 28%  191M 0s
  1000K .......... .......... .......... .......... .......... 29%  143M 0s
  1050K .......... .......... .......... .......... .......... 31% 8.69M 0s
  1100K .......... .......... .......... .......... .......... 32%  188M 0s
  1150K .......... .......... .......... .......... .......... 34%  174M 0s
  1200K .......... .......... .......... .......... .......... 35%  189M 0s
  1250K .......... .......... .......... .......... .......... 37%  200M 0s
  1300K .......... .......... .......... .......... .......... 38% 7.91M 0s
  1350K .......... .......... .......... .......... .......... 39%  200M 0s
  1400K .......... .......... .......... .......... .......... 41%  166M 0s
  1450K .......... .......... .......... .......... .......... 42%  186M 0s
  1500K .......... .......... .......... .......... .......... 44%  198M 0s
  1550K .......... .......... .......... .......... .......... 45% 5.45M 0s
  1600K .......... .......... .......... .......... .......... 47%  170M 0s
  1650K .......... .......... .......... .......... .......... 48%  143M 0s
  1700K .......... .......... .......... .......... .......... 49%  204M 0s
  1750K .......... .......... .......... .......... .......... 51%  205M 0s
  1800K .......... .......... .......... .......... .......... 52%  158M 0s
  1850K .......... .......... .......... .......... .......... 54%  159M 0s
  1900K .......... .......... .......... .......... .......... 55%  123M 0s
  1950K .......... .......... .......... .......... .......... 57%  151M 0s
  2000K .......... .......... .......... .......... .......... 58%  164M 0s
  2050K .......... .......... .......... .......... .......... 59% 9.10M 0s
  2100K .......... .......... .......... .......... .......... 61%  184M 0s
  2150K .......... .......... .......... .......... .......... 62%  163M 0s
  2200K .......... .......... .......... .......... .......... 64%  201M 0s
  2250K .......... .......... .......... .......... .......... 65%  204M 0s
  2300K .......... .......... .......... .......... .......... 67%  197M 0s
  2350K .......... .......... .......... .......... .......... 68%  108M 0s
  2400K .......... .......... .......... .......... .......... 69%  153M 0s
  2450K .......... .......... .......... .......... .......... 71%  140M 0s
  2500K .......... .......... .......... .......... .......... 72%  203M 0s
  2550K .......... .......... .......... .......... .......... 74% 9.64M 0s
  2600K .......... .......... .......... .......... .......... 75%  129M 0s
  2650K .......... .......... .......... .......... .......... 77%  166M 0s
  2700K .......... .......... .......... .......... .......... 78%  160M 0s
  2750K .......... .......... .......... .......... .......... 79%  200M 0s
  2800K .......... .......... .......... .......... .......... 81%  184M 0s
  2850K .......... .......... .......... .......... .......... 82%  127M 0s
  2900K .......... .......... .......... .......... .......... 84%  198M 0s
  2950K .......... .......... .......... .......... .......... 85%  201M 0s
  3000K .......... .......... .......... .......... .......... 87%  167M 0s
  3050K .......... .......... .......... .......... .......... 88% 12.8M 0s
  3100K .......... .......... .......... .......... .......... 89%  168M 0s
  3150K .......... .......... .......... .......... .......... 91%  187M 0s
  3200K .......... .......... .......... .......... .......... 92%  153M 0s
  3250K .......... .......... .......... .......... .......... 94%  191M 0s
  3300K .......... .......... .......... .......... .......... 95%  173M 0s
  3350K .......... .......... .......... .......... .......... 97%  198M 0s
  3400K .......... .......... .......... .......... .......... 98% 12.5M 0s
  3450K .......... .......... .......... .......... .......... 99%  198M 0s
  3500K .                                                     100% 2.95M=0.1s

2017-02-25 23:17:50 (27.5 MB/s) - `wifikey-share.apk' saved [3585547/3585547]

