--2017-01-04 18:54:31--  https://s.tantanapp.com/
Resolving s.tantanapp.com... 106.75.86.223, 106.75.75.236
Connecting to s.tantanapp.com|106.75.86.223|:443... connected.
HTTP request sent, awaiting response... 302 Moved Temporarily
Location: https://lp.tantanapp.com/al/ [following]
--2017-01-04 18:54:32--  https://lp.tantanapp.com/al/
Resolving lp.tantanapp.com... 106.75.86.223, 106.75.75.236
Connecting to lp.tantanapp.com|106.75.86.223|:443... connected.
HTTP request sent, awaiting response... 200 OK
Length: 1693 (1.7K) [text/html]
Saving to: `index.html'

     0K .                                                     100%  161M=0s

2017-01-04 18:54:32 (161 MB/s) - `index.html' saved [1693/1693]

=======================The second times wget =====================
--2017-01-04 18:54:32--  https://apk-ssl.tancdn.com/tantan-2.6.3_93_scp.apk
Resolving apk-ssl.tancdn.com... 222.243.111.36, 222.243.149.21, 123.161.57.40
Connecting to apk-ssl.tancdn.com|222.243.111.36|:443... connected.
WARNING: certificate common name `www.chinanetcenter.com' doesn't match requested host name `apk-ssl.tancdn.com'.
HTTP request sent, awaiting response... 200 OK
Length: 14081766 (13M) [application/octet-stream]
Saving to: `tantan-2.6.3_93_scp.apk'

     0K .......... .......... .......... .......... ..........  0% 5.64M 2s
    50K .......... .......... .......... .......... ..........  0%  659K 12s
   100K .......... .......... .......... .......... ..........  1%  967K 12s
   150K .......... .......... .......... .......... ..........  1%  891K 13s
   200K .......... .......... .......... .......... ..........  1%  925K 13s
   250K .......... .......... .......... .......... ..........  2%  994K 13s
   300K .......... .......... .......... .......... ..........  2%  936K 13s
   350K .......... .......... .......... .......... ..........  2%  894K 14s
   400K .......... .......... .......... .......... ..........  3%  756K 14s
   450K .......... .......... .......... .......... ..........  3%  950K 14s
   500K .......... .......... .......... .......... ..........  3% 1.03M 14s
   550K .......... .......... .......... .......... ..........  4%  995K 14s
   600K .......... .......... .......... .......... ..........  4%  971K 14s
   650K .......... .......... .......... .......... ..........  5%  921K 14s
   700K .......... .......... .......... .......... ..........  5% 1.12M 13s
   750K .......... .......... .......... .......... ..........  5%  893K 13s
   800K .......... .......... .......... .......... ..........  6% 1021K 13s
   850K .......... .......... .......... .......... ..........  6% 1.12M 13s
   900K .......... .......... .......... .......... ..........  6%  962K 13s
   950K .......... .......... .......... .......... ..........  7% 1.03M 13s
  1000K .......... .......... .......... .......... ..........  7% 5.53M 12s
  1050K .......... .......... .......... .......... ..........  7% 1.12M 12s
  1100K .......... .......... .......... .......... ..........  8% 1.24M 12s
  1150K .......... .......... .......... .......... ..........  8% 2.39M 12s
  1200K .......... .......... .......... .......... ..........  9% 2.00M 12s
  1250K .......... .......... .......... .......... ..........  9% 2.02M 11s
  1300K .......... .......... .......... .......... ..........  9% 2.04M 11s
  1350K .......... .......... .......... .......... .......... 10% 2.09M 11s
  1400K .......... .......... .......... .......... .......... 10% 5.48M 10s
  1450K .......... .......... .......... .......... .......... 10% 2.47M 10s
  1500K .......... .......... .......... .......... .......... 11% 3.94M 10s
  1550K .......... .......... .......... .......... .......... 11% 6.13M 10s
  1600K .......... .......... .......... .......... .......... 11% 1.39M 10s
  1650K .......... .......... .......... .......... .......... 12% 2.49M 9s
  1700K .......... .......... .......... .......... .......... 12% 3.88M 9s
  1750K .......... .......... .......... .......... .......... 13% 2.29M 9s
  1800K .......... .......... .......... .......... .......... 13% 2.61M 9s
  1850K .......... .......... .......... .......... .......... 13% 3.09M 9s
  1900K .......... .......... .......... .......... .......... 14% 2.52M 9s
  1950K .......... .......... .......... .......... .......... 14% 2.93M 8s
  2000K .......... .......... .......... .......... .......... 14% 3.11M 8s
  2050K .......... .......... .......... .......... .......... 15% 2.41M 8s
  2100K .......... .......... .......... .......... .......... 15% 5.73M 8s
  2150K .......... .......... .......... .......... .......... 15% 2.58M 8s
  2200K .......... .......... .......... .......... .......... 16% 90.4K 10s
  2250K .......... .......... .......... .......... .......... 16% 1.11M 10s
  2300K .......... .......... .......... .......... .......... 17% 2.16M 10s
  2350K .......... .......... .......... .......... .......... 17% 1.46M 10s
  2400K .......... .......... .......... .......... .......... 17%  787K 10s
  2450K .......... .......... .......... .......... .......... 18% 31.5M 10s
  2500K .......... .......... .......... .......... .......... 18% 1.62M 10s
  2550K .......... .......... .......... .......... .......... 18% 1.31M 10s
  2600K .......... .......... .......... .......... .......... 19% 2.18M 10s
  2650K .......... .......... .......... .......... .......... 19% 1.22M 10s
  2700K .......... .......... .......... .......... .......... 19% 3.02M 9s
  2750K .......... .......... .......... .......... .......... 20% 1.22M 9s
  2800K .......... .......... .......... .......... .......... 20% 1.22M 9s
  2850K .......... .......... .......... .......... .......... 21% 3.00M 9s
  2900K .......... .......... .......... .......... .......... 21% 1.38M 9s
  2950K .......... .......... .......... .......... .......... 21% 1.23M 9s
  3000K .......... .......... .......... .......... .......... 22% 2.28M 9s
  3050K .......... .......... .......... .......... .......... 22% 1.34M 9s
  3100K .......... .......... .......... .......... .......... 22% 2.45M 9s
  3150K .......... .......... .......... .......... .......... 23% 1.56M 9s
  3200K .......... .......... .......... .......... .......... 23% 1.24M 9s
  3250K .......... .......... .......... .......... .......... 23% 1.97M 9s
  3300K .......... .......... .......... .......... .......... 24% 1.58M 9s
  3350K .......... .......... .......... .......... .......... 24% 1.45M 8s
  3400K .......... .......... .......... .......... .......... 25% 2.42M 8s
  3450K .......... .......... .......... .......... .......... 25% 1.26M 8s
  3500K .......... .......... .......... .......... .......... 25% 2.53M 8s
  3550K .......... .......... .......... .......... .......... 26% 1.52M 8s
  3600K .......... .......... .......... .......... .......... 26% 1.23M 8s
  3650K .......... .......... .......... .......... .......... 26% 2.41M 8s
  3700K .......... .......... .......... .......... .......... 27% 1.35M 8s
  3750K .......... .......... .......... .......... .......... 27% 2.75M 8s
  3800K .......... .......... .......... .......... .......... 27% 1.27M 8s
  3850K .......... .......... .......... .......... .......... 28% 1.78M 8s
  3900K .......... .......... .......... .......... .......... 28% 2.02M 8s
  3950K .......... .......... .......... .......... .......... 29% 1.37M 8s
  4000K .......... .......... .......... .......... .......... 29% 2.27M 8s
  4050K .......... .......... .......... .......... .......... 29% 1.56M 7s
  4100K .......... .......... .......... .......... .......... 30% 1.55M 7s
  4150K .......... .......... .......... .......... .......... 30% 1.74M 7s
  4200K .......... .......... .......... .......... .......... 30% 1.53M 7s
  4250K .......... .......... .......... .......... .......... 31% 2.25M 7s
  4300K .......... .......... .......... .......... .......... 31% 1.52M 7s
  4350K .......... .......... .......... .......... .......... 31% 2.43M 7s
  4400K .......... .......... .......... .......... .......... 32% 1.28M 7s
  4450K .......... .......... .......... .......... .......... 32% 1.46M 7s
  4500K .......... .......... .......... .......... .......... 33% 2.43M 7s
  4550K .......... .......... .......... .......... .......... 33% 1.60M 7s
  4600K .......... .......... .......... .......... .......... 33% 2.49M 7s
  4650K .......... .......... .......... .......... .......... 34% 1.22M 7s
  4700K .......... .......... .......... .......... .......... 34% 1.99M 7s
  4750K .......... .......... .......... .......... .......... 34% 1.49M 7s
  4800K .......... .......... .......... .......... .......... 35% 1.73M 7s
  4850K .......... .......... .......... .......... .......... 35% 2.62M 7s
  4900K .......... .......... .......... .......... .......... 35% 1.45M 7s
  4950K .......... .......... .......... .......... .......... 36% 2.98M 6s
  5000K .......... .......... .......... .......... .......... 36% 1.26M 6s
  5050K .......... .......... .......... .......... .......... 37% 3.13M 6s
  5100K .......... .......... .......... .......... .......... 37% 1.31M 6s
  5150K .......... .......... .......... .......... .......... 37% 1.54M 6s
  5200K .......... .......... .......... .......... .......... 38% 2.68M 6s
  5250K .......... .......... .......... .......... .......... 38% 1.50M 6s
  5300K .......... .......... .......... .......... .......... 38% 2.54M 6s
  5350K .......... .......... .......... .......... .......... 39% 1.32M 6s
  5400K .......... .......... .......... .......... .......... 39% 3.10M 6s
  5450K .......... .......... .......... .......... .......... 39% 1.62M 6s
  5500K .......... .......... .......... .......... .......... 40% 1.63M 6s
  5550K .......... .......... .......... .......... .......... 40% 1.73M 6s
  5600K .......... .......... .......... .......... .......... 41% 1.48M 6s
  5650K .......... .......... .......... .......... .......... 41% 2.65M 6s
  5700K .......... .......... .......... .......... .......... 41% 1.54M 6s
  5750K .......... .......... .......... .......... .......... 42% 2.41M 6s
  5800K .......... .......... .......... .......... .......... 42% 1.65M 6s
  5850K .......... .......... .......... .......... .......... 42% 2.52M 6s
  5900K .......... .......... .......... .......... .......... 43% 1.48M 6s
  5950K .......... .......... .......... .......... .......... 43% 2.75M 5s
  6000K .......... .......... .......... .......... .......... 43% 1.17M 5s
  6050K .......... .......... .......... .......... .......... 44% 2.41M 5s
  6100K .......... .......... .......... .......... .......... 44% 1.90M 5s
  6150K .......... .......... .......... .......... .......... 45% 1.72M 5s
  6200K .......... .......... .......... .......... .......... 45% 1.96M 5s
  6250K .......... .......... .......... .......... .......... 45% 1.59M 5s
  6300K .......... .......... .......... .......... .......... 46% 2.68M 5s
  6350K .......... .......... .......... .......... .......... 46% 1.63M 5s
  6400K .......... .......... .......... .......... .......... 46% 2.43M 5s
  6450K .......... .......... .......... .......... .......... 47% 1.77M 5s
  6500K .......... .......... .......... .......... .......... 47% 2.65M 5s
  6550K .......... .......... .......... .......... .......... 47% 1.91M 5s
  6600K .......... .......... .......... .......... .......... 48% 1.90M 5s
  6650K .......... .......... .......... .......... .......... 48% 1.99M 5s
  6700K .......... .......... .......... .......... .......... 49% 4.26M 5s
  6750K .......... .......... .......... .......... .......... 49% 2.18M 5s
  6800K .......... .......... .......... .......... .......... 49% 2.37M 5s
  6850K .......... .......... .......... .......... .......... 50% 2.86M 5s
  6900K .......... .......... .......... .......... .......... 50% 4.72M 5s
  6950K .......... .......... .......... .......... .......... 50% 1.91M 5s
  7000K .......... .......... .......... .......... .......... 51% 6.08M 4s
  7050K .......... .......... .......... .......... .......... 51% 3.50M 4s
  7100K .......... .......... .......... .......... .......... 51% 2.32M 4s
  7150K .......... .......... .......... .......... .......... 52% 3.15M 4s
  7200K .......... .......... .......... .......... .......... 52% 3.95M 4s
  7250K .......... .......... .......... .......... .......... 53% 2.29M 4s
  7300K .......... .......... .......... .......... .......... 53% 4.64M 4s
  7350K .......... .......... .......... .......... .......... 53% 5.79M 4s
  7400K .......... .......... .......... .......... .......... 54% 2.12M 4s
  7450K .......... .......... .......... .......... .......... 54% 3.63M 4s
  7500K .......... .......... .......... .......... .......... 54% 4.17M 4s
  7550K .......... .......... .......... .......... .......... 55% 2.05M 4s
  7600K .......... .......... .......... .......... .......... 55% 4.39M 4s
  7650K .......... .......... .......... .......... .......... 55% 5.61M 4s
  7700K .......... .......... .......... .......... .......... 56% 4.16M 4s
  7750K .......... .......... .......... .......... .......... 56% 6.25M 4s
  7800K .......... .......... .......... .......... .......... 57% 6.43M 4s
  7850K .......... .......... .......... .......... .......... 57% 5.72M 4s
  7900K .......... .......... .......... .......... .......... 57% 5.67M 4s
  7950K .......... .......... .......... .......... .......... 58% 33.9M 4s
  8000K .......... .......... .......... .......... .......... 58% 7.87M 3s
  8050K .......... .......... .......... .......... .......... 58% 40.1M 3s
  8100K .......... .......... .......... .......... .......... 59% 7.31M 3s
  8150K .......... .......... .......... .......... .......... 59% 38.1M 3s
  8200K .......... .......... .......... .......... .......... 59% 7.11M 3s
  8250K .......... .......... .......... .......... .......... 60% 4.57M 3s
  8300K .......... .......... .......... .......... .......... 60% 6.57M 3s
  8350K .......... .......... .......... .......... .......... 61% 7.28M 3s
  8400K .......... .......... .......... .......... .......... 61% 7.88M 3s
  8450K .......... .......... .......... .......... .......... 61% 7.34M 3s
  8500K .......... .......... .......... .......... .......... 62% 3.61M 3s
  8550K .......... .......... .......... .......... .......... 62% 5.97M 3s
  8600K .......... .......... .......... .......... .......... 62% 5.85M 3s
  8650K .......... .......... .......... .......... .......... 63% 16.1M 3s
  8700K .......... .......... .......... .......... .......... 63% 8.13M 3s
  8750K .......... .......... .......... .......... .......... 63% 8.21M 3s
  8800K .......... .......... .......... .......... .......... 64% 20.4M 3s
  8850K .......... .......... .......... .......... .......... 64% 2.61M 3s
  8900K .......... .......... .......... .......... .......... 65% 5.80M 3s
  8950K .......... .......... .......... .......... .......... 65% 11.5M 3s
  9000K .......... .......... .......... .......... .......... 65% 6.70M 3s
  9050K .......... .......... .......... .......... .......... 66% 7.04M 3s
  9100K .......... .......... .......... .......... .......... 66% 11.5M 3s
  9150K .......... .......... .......... .......... .......... 66% 9.74M 3s
  9200K .......... .......... .......... .......... .......... 67% 3.78M 2s
  9250K .......... .......... .......... .......... .......... 67% 5.76M 2s
  9300K .......... .......... .......... .......... .......... 67% 8.03M 2s
  9350K .......... .......... .......... .......... .......... 68% 12.1M 2s
  9400K .......... .......... .......... .......... .......... 68% 7.91M 2s
  9450K .......... .......... .......... .......... .......... 69% 7.79M 2s
  9500K .......... .......... .......... .......... .......... 69% 11.7M 2s
  9550K .......... .......... .......... .......... .......... 69% 3.97M 2s
  9600K .......... .......... .......... .......... .......... 70% 8.92M 2s
  9650K .......... .......... .......... .......... .......... 70% 6.54M 2s
  9700K .......... .......... .......... .......... .......... 70% 6.74M 2s
  9750K .......... .......... .......... .......... .......... 71% 18.7M 2s
  9800K .......... .......... .......... .......... .......... 71% 11.1M 2s
  9850K .......... .......... .......... .......... .......... 71% 12.5M 2s
  9900K .......... .......... .......... .......... .......... 72% 7.42M 2s
  9950K .......... .......... .......... .......... .......... 72% 5.29M 2s
 10000K .......... .......... .......... .......... .......... 73% 5.76M 2s
 10050K .......... .......... .......... .......... .......... 73% 6.22M 2s
 10100K .......... .......... .......... .......... .......... 73% 36.9M 2s
 10150K .......... .......... .......... .......... .......... 74% 6.22M 2s
 10200K .......... .......... .......... .......... .......... 74% 7.76M 2s
 10250K .......... .......... .......... .......... .......... 74% 34.0M 2s
 10300K .......... .......... .......... .......... .......... 75% 9.31M 2s
 10350K .......... .......... .......... .......... .......... 75% 5.46M 2s
 10400K .......... .......... .......... .......... .......... 75% 7.24M 2s
 10450K .......... .......... .......... .......... .......... 76% 7.80M 2s
 10500K .......... .......... .......... .......... .......... 76% 9.33M 2s
 10550K .......... .......... .......... .......... .......... 77% 13.9M 2s
 10600K .......... .......... .......... .......... .......... 77% 6.06M 2s
 10650K .......... .......... .......... .......... .......... 77% 35.0M 2s
 10700K .......... .......... .......... .......... .......... 78% 8.71M 1s
 10750K .......... .......... .......... .......... .......... 78% 31.5M 1s
 10800K .......... .......... .......... .......... .......... 78% 4.68M 1s
 10850K .......... .......... .......... .......... .......... 79% 5.82M 1s
 10900K .......... .......... .......... .......... .......... 79% 6.57M 1s
 10950K .......... .......... .......... .......... .......... 79% 8.03M 1s
 11000K .......... .......... .......... .......... .......... 80%  142K 1s
 11050K .......... .......... .......... .......... .......... 80%  960K 1s
 11100K .......... .......... .......... .......... .......... 81% 1.02M 1s
 11150K .......... .......... .......... .......... .......... 81% 1.02M 1s
 11200K .......... .......... .......... .......... .......... 81%  909K 1s
 11250K .......... .......... .......... .......... .......... 82% 1011K 1s
 11300K .......... .......... .......... .......... .......... 82% 1.01M 1s
 11350K .......... .......... .......... .......... .......... 82%  641K 1s
 11400K .......... .......... .......... .......... .......... 83%  899K 1s
 11450K .......... .......... .......... .......... .......... 83% 1.02M 1s
 11500K .......... .......... .......... .......... .......... 83% 1019K 1s
 11550K .......... .......... .......... .......... .......... 84% 1.01M 1s
 11600K .......... .......... .......... .......... .......... 84%  985K 1s
 11650K .......... .......... .......... .......... .......... 85% 1.05M 1s
 11700K .......... .......... .......... .......... .......... 85% 1020K 1s
 11750K .......... .......... .......... .......... .......... 85% 1.01M 1s
 11800K .......... .......... .......... .......... .......... 86% 1.00M 1s
 11850K .......... .......... .......... .......... .......... 86% 1.01M 1s
 11900K .......... .......... .......... .......... .......... 86% 1.01M 1s
 11950K .......... .......... .......... .......... .......... 87% 1.01M 1s
 12000K .......... .......... .......... .......... .......... 87% 1.00M 1s
 12050K .......... .......... .......... .......... .......... 87% 1.15M 1s
 12100K .......... .......... .......... .......... .......... 88% 1.02M 1s
 12150K .......... .......... .......... .......... .......... 88% 2.37M 1s
 12200K .......... .......... .......... .......... .......... 89% 1.04M 1s
 12250K .......... .......... .......... .......... .......... 89%  961K 1s
 12300K .......... .......... .......... .......... .......... 89% 1.11M 1s
 12350K .......... .......... .......... .......... .......... 90% 1.07M 1s
 12400K .......... .......... .......... .......... .......... 90% 1018K 1s
 12450K .......... .......... .......... .......... .......... 90% 1.09M 1s
 12500K .......... .......... .......... .......... .......... 91% 1.01M 1s
 12550K .......... .......... .......... .......... .......... 91% 1.03M 1s
 12600K .......... .......... .......... .......... .......... 91% 1.08M 1s
 12650K .......... .......... .......... .......... .......... 92% 1.20M 1s
 12700K .......... .......... .......... .......... .......... 92% 3.41M 1s
 12750K .......... .......... .......... .......... .......... 93% 1.02M 1s
 12800K .......... .......... .......... .......... .......... 93% 1.13M 1s
 12850K .......... .......... .......... .......... .......... 93% 7.63M 0s
 12900K .......... .......... .......... .......... .......... 94% 1.07M 0s
 12950K .......... .......... .......... .......... .......... 94% 5.13M 0s
 13000K .......... .......... .......... .......... .......... 94% 1.26M 0s
 13050K .......... .......... .......... .......... .......... 95% 6.44M 0s
 13100K .......... .......... .......... .......... .......... 95% 1.26M 0s
 13150K .......... .......... .......... .......... .......... 95% 8.34M 0s
 13200K .......... .......... .......... .......... .......... 96% 1.44M 0s
 13250K .......... .......... .......... .......... .......... 96% 4.33M 0s
 13300K .......... .......... .......... .......... .......... 97% 14.2M 0s
 13350K .......... .......... .......... .......... .......... 97% 1.44M 0s
 13400K .......... .......... .......... .......... .......... 97% 4.60M 0s
 13450K .......... .......... .......... .......... .......... 98% 12.0M 0s
 13500K .......... .......... .......... .......... .......... 98% 7.21M 0s
 13550K .......... .......... .......... .......... .......... 98% 1.40M 0s
 13600K .......... .......... .......... .......... .......... 99% 5.80M 0s
 13650K .......... .......... .......... .......... .......... 99% 8.70M 0s
 13700K .......... .......... .......... .......... .......... 99% 1.83M 0s
 13750K .                                                     100% 3.37M=7.7s

2017-01-04 18:54:40 (1.74 MB/s) - `tantan-2.6.3_93_scp.apk' saved [14081766/14081766]

