--2017-01-26 09:30:02--  http://t.cn/RchrV90
Resolving t.cn... 180.149.135.224
Connecting to t.cn|180.149.135.224|:80... connected.
HTTP request sent, awaiting response... 302 Found
Location: http://hn93.10006.info/hn_ty/ty?n=UVQ= [following]
--2017-01-26 09:30:03--  http://hn93.10006.info/hn_ty/ty?n=UVQ=
Resolving hn93.10006.info... 218.77.121.93
Connecting to hn93.10006.info|218.77.121.93|:80... connected.
HTTP request sent, awaiting response... 200 OK
Length: 1891 (1.8K) [text/html]
Saving to: `ty?n=UVQ='

     0K .                                                     100%  120M=0s

2017-01-26 09:30:05 (120 MB/s) - `ty?n=UVQ=' saved [1891/1891]

=======================The second times wget =====================
--2017-01-26 09:30:05--  http://api.tv189.com/v2/115020310221__02870121.apk?
Resolving api.tv189.com... 180.153.149.13
Connecting to api.tv189.com|180.153.149.13|:80... connected.
HTTP request sent, awaiting response... 302 Moved Temporarily
Location: http://lteams.tv189.com/uploads/client/2017-01-20/Com_TYSX_VIDEO_PLUS_5.3.16.18ctch1_AD_P_20170119_02870121.apk [following]
--2017-01-26 09:30:06--  http://lteams.tv189.com/uploads/client/2017-01-20/Com_TYSX_VIDEO_PLUS_5.3.16.18ctch1_AD_P_20170119_02870121.apk
Resolving lteams.tv189.com... 180.153.149.15
Connecting to lteams.tv189.com|180.153.149.15|:80... connected.
HTTP request sent, awaiting response... 200 OK
Length: 11019599 (11M) [application/vnd.android.package-archive]
Saving to: `Com_TYSX_VIDEO_PLUS_5.3.16.18ctch1_AD_P_20170119_02870121.apk'

     0K .......... .......... .......... .......... ..........  0%  342K 31s
    50K .......... .......... .......... .......... ..........  0%  455K 27s
   100K .......... .......... .......... .......... ..........  1%  341K 28s
   150K .......... .......... .......... .......... ..........  1%  175K 36s
   200K .......... .......... .......... .......... ..........  2%  195K 40s
   250K .......... .......... .......... .......... ..........  2%  171K 43s
   300K .......... .......... .......... .......... ..........  3%  228K 43s
   350K .......... .......... .......... .......... ..........  3%  269K 43s
   400K .......... .......... .......... .......... ..........  4%  239K 42s
   450K .......... .......... .......... .......... ..........  4%  195K 43s
   500K .......... .......... .......... .......... ..........  5%  228K 43s
   550K .......... .......... .......... .......... ..........  5%  273K 43s
   600K .......... .......... .......... .......... ..........  6%  273K 42s
   650K .......... .......... .......... .......... ..........  6%  177K 43s
   700K .......... .......... .......... .......... ..........  6%  195K 43s
   750K .......... .......... .......... .......... ..........  7%  228K 43s
   800K .......... .......... .......... .......... ..........  7%  171K 44s
   850K .......... .......... .......... .......... ..........  8%  209K 44s
   900K .......... .......... .......... .......... ..........  8%  202K 44s
   950K .......... .......... .......... .......... ..........  9%  340K 43s
  1000K .......... .......... .......... .......... ..........  9%  341K 42s
  1050K .......... .......... .......... .......... .......... 10%  273K 41s
  1100K .......... .......... .......... .......... .......... 10%  228K 41s
  1150K .......... .......... .......... .......... .......... 11%  273K 41s
  1200K .......... .......... .......... .......... .......... 11%  206K 41s
  1250K .......... .......... .......... .......... .......... 12%  195K 41s
  1300K .......... .......... .......... .......... .......... 12%  105K 42s
  1350K .......... .......... .......... .......... .......... 13%  108K 44s
  1400K .......... .......... .......... .......... .......... 13%  152K 44s
  1450K .......... .......... .......... .......... .......... 13%  113K 45s
  1500K .......... .......... .......... .......... .......... 14%  144K 46s
  1550K .......... .......... .......... .......... .......... 14%  134K 46s
  1600K .......... .......... .......... .......... .......... 15%  149K 46s
  1650K .......... .......... .......... .......... .......... 15%  170K 46s
  1700K .......... .......... .......... .......... .......... 16%  170K 46s
  1750K .......... .......... .......... .......... .......... 16%  144K 46s
  1800K .......... .......... .......... .......... .......... 17%  145K 47s
  1850K .......... .......... .......... .......... .......... 17%  167K 46s
  1900K .......... .......... .......... .......... .......... 18%  149K 46s
  1950K .......... .......... .......... .......... .......... 18%  161K 46s
  2000K .......... .......... .......... .......... .......... 19%  195K 46s
  2050K .......... .......... .......... .......... .......... 19%  155K 46s
  2100K .......... .......... .......... .......... .......... 19%  184K 46s
  2150K .......... .......... .......... .......... .......... 20%  195K 46s
  2200K .......... .......... .......... .......... .......... 20%  171K 45s
  2250K .......... .......... .......... .......... .......... 21%  130K 46s
  2300K .......... .......... .......... .......... .......... 21%  147K 46s
  2350K .......... .......... .......... .......... .......... 22%  171K 45s
  2400K .......... .......... .......... .......... .......... 22%  195K 45s
  2450K .......... .......... .......... .......... .......... 23%  273K 44s
  2500K .......... .......... .......... .......... .......... 23%  181K 44s
  2550K .......... .......... .......... .......... .......... 24%  195K 44s
  2600K .......... .......... .......... .......... .......... 24%  149K 44s
  2650K .......... .......... .......... .......... .......... 25%  149K 44s
  2700K .......... .......... .......... .......... .......... 25%  100K 44s
  2750K .......... .......... .......... .......... .......... 26%  124K 44s
  2800K .......... .......... .......... .......... .......... 26%  195K 44s
  2850K .......... .......... .......... .......... .......... 26%  195K 44s
  2900K .......... .......... .......... .......... .......... 27%  194K 43s
  2950K .......... .......... .......... .......... .......... 27%  152K 43s
  3000K .......... .......... .......... .......... .......... 28%  195K 43s
  3050K .......... .......... .......... .......... .......... 28%  158K 43s
  3100K .......... .......... .......... .......... .......... 29%  170K 42s
  3150K .......... .......... .......... .......... .......... 29%  171K 42s
  3200K .......... .......... .......... .......... .......... 30%  152K 42s
  3250K .......... .......... .......... .......... .......... 30%  159K 42s
  3300K .......... .......... .......... .......... .......... 31%  195K 41s
  3350K .......... .......... .......... .......... .......... 31%  195K 41s
  3400K .......... .......... .......... .......... .......... 32%  272K 41s
  3450K .......... .......... .......... .......... .......... 32%  193K 40s
  3500K .......... .......... .......... .......... .......... 32%  100K 40s
  3550K .......... .......... .......... .......... .......... 33%  188K 40s
  3600K .......... .......... .......... .......... .......... 33%  139K 40s
  3650K .......... .......... .......... .......... .......... 34%  176K 40s
  3700K .......... .......... .......... .......... .......... 34%  184K 39s
  3750K .......... .......... .......... .......... .......... 35%  207K 39s
  3800K .......... .......... .......... .......... .......... 35%  173K 39s
  3850K .......... .......... .......... .......... .......... 36%  209K 38s
  3900K .......... .......... .......... .......... .......... 36%  185K 38s
  3950K .......... .......... .......... .......... .......... 37%  195K 38s
  4000K .......... .......... .......... .......... .......... 37%  124K 38s
  4050K .......... .......... .......... .......... .......... 38%  186K 37s
  4100K .......... .......... .......... .......... .......... 38%  211K 37s
  4150K .......... .......... .......... .......... .......... 39%  171K 37s
  4200K .......... .......... .......... .......... .......... 39%  171K 37s
  4250K .......... .......... .......... .......... .......... 39%  194K 36s
  4300K .......... .......... .......... .......... .......... 40%  156K 36s
  4350K .......... .......... .......... .......... .......... 40%  197K 36s
  4400K .......... .......... .......... .......... .......... 41%  195K 35s
  4450K .......... .......... .......... .......... .......... 41%  122K 35s
  4500K .......... .......... .......... .......... .......... 42%  145K 35s
  4550K .......... .......... .......... .......... .......... 42%  137K 35s
  4600K .......... .......... .......... .......... .......... 43%  123K 35s
  4650K .......... .......... .......... .......... .......... 43%  210K 34s
  4700K .......... .......... .......... .......... .......... 44%  195K 34s
  4750K .......... .......... .......... .......... .......... 44%  228K 34s
  4800K .......... .......... .......... .......... .......... 45%  273K 33s
  4850K .......... .......... .......... .......... .......... 45%  132K 33s
  4900K .......... .......... .......... .......... .......... 45%  149K 33s
  4950K .......... .......... .......... .......... .......... 46%  195K 33s
  5000K .......... .......... .......... .......... .......... 46%  152K 32s
  5050K .......... .......... .......... .......... .......... 47%  159K 32s
  5100K .......... .......... .......... .......... .......... 47%  273K 32s
  5150K .......... .......... .......... .......... .......... 48%  195K 31s
  5200K .......... .......... .......... .......... .......... 48%  227K 31s
  5250K .......... .......... .......... .......... .......... 49%  228K 31s
  5300K .......... .......... .......... .......... .......... 49%  336K 30s
  5350K .......... .......... .......... .......... .......... 50%  239K 30s
  5400K .......... .......... .......... .......... .......... 50%  273K 30s
  5450K .......... .......... .......... .......... .......... 51% 97.6K 30s
  5500K .......... .......... .......... .......... .......... 51%  169K 29s
  5550K .......... .......... .......... .......... .......... 52%  185K 29s
  5600K .......... .......... .......... .......... .......... 52%  171K 29s
  5650K .......... .......... .......... .......... .......... 52%  114K 29s
  5700K .......... .......... .......... .......... .......... 53%  130K 28s
  5750K .......... .......... .......... .......... .......... 53%  228K 28s
  5800K .......... .......... .......... .......... .......... 54%  171K 28s
  5850K .......... .......... .......... .......... .......... 54%  227K 27s
  5900K .......... .......... .......... .......... .......... 55%  184K 27s
  5950K .......... .......... .......... .......... .......... 55%  255K 27s
  6000K .......... .......... .......... .......... .......... 56%  228K 27s
  6050K .......... .......... .......... .......... .......... 56%  227K 26s
  6100K .......... .......... .......... .......... .......... 57%  227K 26s
  6150K .......... .......... .......... .......... .......... 57%  189K 26s
  6200K .......... .......... .......... .......... .......... 58%  141K 25s
  6250K .......... .......... .......... .......... .......... 58%  152K 25s
  6300K .......... .......... .......... .......... .......... 59%  171K 25s
  6350K .......... .......... .......... .......... .......... 59%  188K 25s
  6400K .......... .......... .......... .......... .......... 59%  212K 24s
  6450K .......... .......... .......... .......... .......... 60%  175K 24s
  6500K .......... .......... .......... .......... .......... 60%  220K 24s
  6550K .......... .......... .......... .......... .......... 61%  228K 23s
  6600K .......... .......... .......... .......... .......... 61%  132K 23s
  6650K .......... .......... .......... .......... .......... 62%  145K 23s
  6700K .......... .......... .......... .......... .......... 62%  124K 23s
  6750K .......... .......... .......... .......... .......... 63%  129K 22s
  6800K .......... .......... .......... .......... .......... 63%  124K 22s
  6850K .......... .......... .......... .......... .......... 64% 69.4K 22s
  6900K .......... .......... .......... .......... .......... 64%  124K 22s
  6950K .......... .......... .......... .......... .......... 65%  171K 22s
  7000K .......... .......... .......... .......... .......... 65%  195K 21s
  7050K .......... .......... .......... .......... .......... 65%  236K 21s
  7100K .......... .......... .......... .......... .......... 66%  340K 21s
  7150K .......... .......... .......... .......... .......... 66%  274K 20s
  7200K .......... .......... .......... .......... .......... 67%  273K 20s
  7250K .......... .......... .......... .......... .......... 67%  195K 20s
  7300K .......... .......... .......... .......... .......... 68%  225K 19s
  7350K .......... .......... .......... .......... .......... 68%  159K 19s
  7400K .......... .......... .......... .......... .......... 69%  227K 19s
  7450K .......... .......... .......... .......... .......... 69%  273K 18s
  7500K .......... .......... .......... .......... .......... 70%  341K 18s
  7550K .......... .......... .......... .......... .......... 70%  342K 18s
  7600K .......... .......... .......... .......... .......... 71%  333K 17s
  7650K .......... .......... .......... .......... .......... 71%  237K 17s
  7700K .......... .......... .......... .......... .......... 72%  228K 17s
  7750K .......... .......... .......... .......... .......... 72%  239K 17s
  7800K .......... .......... .......... .......... .......... 72%  273K 16s
  7850K .......... .......... .......... .......... .......... 73%  218K 16s
  7900K .......... .......... .......... .......... .......... 73%  180K 16s
  7950K .......... .......... .......... .......... .......... 74%  191K 15s
  8000K .......... .......... .......... .......... .......... 74%  195K 15s
  8050K .......... .......... .......... .......... .......... 75%  195K 15s
  8100K .......... .......... .......... .......... .......... 75%  170K 15s
  8150K .......... .......... .......... .......... .......... 76%  159K 14s
  8200K .......... .......... .......... .......... .......... 76%  195K 14s
  8250K .......... .......... .......... .......... .......... 77%  228K 14s
  8300K .......... .......... .......... .......... .......... 77%  228K 13s
  8350K .......... .......... .......... .......... .......... 78%  210K 13s
  8400K .......... .......... .......... .......... .......... 78%  256K 13s
  8450K .......... .......... .......... .......... .......... 78%  228K 12s
  8500K .......... .......... .......... .......... .......... 79%  341K 12s
  8550K .......... .......... .......... .......... .......... 79%  273K 12s
  8600K .......... .......... .......... .......... .......... 80%  273K 12s
  8650K .......... .......... .......... .......... .......... 80%  222K 11s
  8700K .......... .......... .......... .......... .......... 81%  161K 11s
  8750K .......... .......... .......... .......... .......... 81%  227K 11s
  8800K .......... .......... .......... .......... .......... 82%  171K 10s
  8850K .......... .......... .......... .......... .......... 82%  107K 10s
  8900K .......... .......... .......... .......... .......... 83%  194K 10s
  8950K .......... .......... .......... .......... .......... 83%  195K 10s
  9000K .......... .......... .......... .......... .......... 84%  195K 9s
  9050K .......... .......... .......... .......... .......... 84%  188K 9s
  9100K .......... .......... .......... .......... .......... 85%  182K 9s
  9150K .......... .......... .......... .......... .......... 85%  273K 9s
  9200K .......... .......... .......... .......... .......... 85%  272K 8s
  9250K .......... .......... .......... .......... .......... 86%  273K 8s
  9300K .......... .......... .......... .......... .......... 86%  228K 8s
  9350K .......... .......... .......... .......... .......... 87%  211K 7s
  9400K .......... .......... .......... .......... .......... 87%  314K 7s
  9450K .......... .......... .......... .......... .......... 88%  162K 7s
  9500K .......... .......... .......... .......... .......... 88%  213K 7s
  9550K .......... .......... .......... .......... .......... 89%  212K 6s
  9600K .......... .......... .......... .......... .......... 89%  152K 6s
  9650K .......... .......... .......... .......... .......... 90%  136K 6s
  9700K .......... .......... .......... .......... .......... 90%  137K 6s
  9750K .......... .......... .......... .......... .......... 91%  140K 5s
  9800K .......... .......... .......... .......... .......... 91%  218K 5s
  9850K .......... .......... .......... .......... .......... 91%  171K 5s
  9900K .......... .......... .......... .......... .......... 92%  137K 4s
  9950K .......... .......... .......... .......... .......... 92%  185K 4s
 10000K .......... .......... .......... .......... .......... 93%  187K 4s
 10050K .......... .......... .......... .......... .......... 93%  273K 4s
 10100K .......... .......... .......... .......... .......... 94%  228K 3s
 10150K .......... .......... .......... .......... .......... 94%  227K 3s
 10200K .......... .......... .......... .......... .......... 95%  223K 3s
 10250K .......... .......... .......... .......... .......... 95%  141K 3s
 10300K .......... .......... .......... .......... .......... 96%  171K 2s
 10350K .......... .......... .......... .......... .......... 96%  195K 2s
 10400K .......... .......... .......... .......... .......... 97%  195K 2s
 10450K .......... .......... .......... .......... .......... 97%  246K 1s
 10500K .......... .......... .......... .......... .......... 98%  195K 1s
 10550K .......... .......... .......... .......... .......... 98%  152K 1s
 10600K .......... .......... .......... .......... .......... 98%  227K 1s
 10650K .......... .......... .......... .......... .......... 99%  220K 0s
 10700K .......... .......... .......... .......... .......... 99%  183K 0s
 10750K .......... .                                          100%  155K=59s

2017-01-26 09:31:09 (183 KB/s) - `Com_TYSX_VIDEO_PLUS_5.3.16.18ctch1_AD_P_20170119_02870121.apk' saved [11019599/11019599]

