--2017-01-03 06:07:03--  http://t.cn/RIEVF3d
Resolving t.cn... 180.149.135.224
Connecting to t.cn|180.149.135.224|:80... connected.
HTTP request sent, awaiting response... 302 Found
Location: http://103.204.179.168/%E7%9B%B8%E5%86%8C.apk [following]
--2017-01-03 06:07:03--  http://103.204.179.168/%E7%9B%B8%E5%86%8C.apk
Connecting to 103.204.179.168:80... connected.
HTTP request sent, awaiting response... 200 OK
Length: 886276 (866K) [application/vnd.android.package-archive]
Saving to: `ç%9B¸å%86%8C.apk'

     0K .......... .......... .......... .......... ..........  5%  105K 8s
    50K .......... .......... .......... .......... .......... 11%  130K 7s
   100K .......... .......... .......... .......... .......... 17%  197K 5s
   150K .......... .......... .......... .......... .......... 23% 97.5K 5s
   200K .......... .......... .......... .......... .......... 28%  111K 5s
   250K .......... .......... .......... .......... .......... 34%  121K 5s
   300K .......... .......... .......... .......... .......... 40%  128K 4s
   350K .......... .......... .......... .......... .......... 46%  124K 4s
   400K .......... .......... .......... .......... .......... 51%  116K 3s
   450K .......... .......... .......... .......... .......... 57%  126K 3s
   500K .......... .......... .......... .......... .......... 63%  122K 3s
   550K .......... .......... .......... .......... .......... 69%  120K 2s
   600K .......... .......... .......... .......... .......... 75%  108K 2s
   650K .......... .......... .......... .......... .......... 80%  129K 1s
   700K .......... .......... .......... .......... .......... 86%  115K 1s
   750K .......... .......... .......... .......... .......... 92%  108K 1s
   800K .......... .......... .......... .......... .......... 98% 98.5K 0s
   850K .......... .....                                      100%  128K=7.3s

2017-01-03 06:07:10 (118 KB/s) - `ç%9B¸å%86%8C.apk' saved [886276/886276]

