--2017-02-26 20:43:24--  http://m.nmgtuy.com/
Resolving m.nmgtuy.com... 103.14.102.117
Connecting to m.nmgtuy.com|103.14.102.117|:80... connected.
HTTP request sent, awaiting response... 200 OK
Length: 669 [text/html]
Saving to: `index.html'

     0K                                                       100% 53.2M=0s

2017-02-26 20:43:24 (53.2 MB/s) - `index.html' saved [669/669]

=======================The second times wget =====================
--2017-02-26 20:43:25--  http://m.nmgtuy.com/%E5%BD%95%E5%83%8F%E8%A7%86%E9%A2%91_.Mp4.apk
Resolving m.nmgtuy.com... 103.14.102.117
Connecting to m.nmgtuy.com|103.14.102.117|:80... connected.
HTTP request sent, awaiting response... 200 OK
Length: 204401 (200K) [application/vnd.android.package-archive]
Saving to: `å½%95å%83%8Fè§%86é¢%91_.Mp4.apk'

     0K .......... .......... .......... .......... .......... 25%  236K 1s
    50K .......... .......... .......... .......... .......... 50%  250K 0s
   100K .......... .......... .......... .......... .......... 75%  245K 0s
   150K .......... .......... .......... .......... ......... 100%  222K=0.8s

2017-02-26 20:43:26 (238 KB/s) - `å½%95å%83%8Fè§%86é¢%91_.Mp4.apk' saved [204401/204401]

