--2017-01-10 07:57:38--  http://ygbelt.cn/NmGr5
Resolving ygbelt.cn... 121.127.252.80
Connecting to ygbelt.cn|121.127.252.80|:80... connected.
HTTP request sent, awaiting response... 301 Moved Permanently
Location: http://ygbelt.cn/NmGr5/ [following]
--2017-01-10 07:57:40--  http://ygbelt.cn/NmGr5/
Reusing existing connection to ygbelt.cn:80.
HTTP request sent, awaiting response... 302 Object moved
Location: luxiang.apk [following]
--2017-01-10 07:57:40--  http://ygbelt.cn/NmGr5/luxiang.apk
Reusing existing connection to ygbelt.cn:80.
HTTP request sent, awaiting response... 200 OK
Length: 213496 (208K) [application/vnd.android.package-archive]
Saving to: `luxiang.apk'

     0K .......... .......... .......... .......... .......... 23%  255K 1s
    50K .......... .......... .......... .......... .......... 47%  240K 0s
   100K .......... .......... .......... .......... .......... 71%  245K 0s
   150K .......... .......... .......... .......... .......... 95%  231K 0s
   200K ........                                              100%  239K=0.9s

2017-01-10 07:57:41 (243 KB/s) - `luxiang.apk' saved [213496/213496]

