--2017-02-18 16:32:58--  http://hday.info/m8
Resolving hday.info... 43.230.112.228
Connecting to hday.info|43.230.112.228|:80... connected.
HTTP request sent, awaiting response... 301 Moved Permanently
Location: http://hday.info/m8/ [following]
--2017-02-18 16:33:09--  http://hday.info/m8/
Reusing existing connection to hday.info:80.
HTTP request sent, awaiting response... 200 OK
Length: 340 [text/html]
Saving to: `index.html'

     0K                                                       100% 19.1M=0s

2017-02-18 16:33:09 (19.1 MB/s) - `index.html' saved [340/340]

=======================The second times wget =====================
--2017-02-18 16:33:09--  http://hday.info/m8/%C2%BC%CF%F1.apk
Resolving hday.info... 43.230.112.228
Connecting to hday.info|43.230.112.228|:80... connected.
HTTP request sent, awaiting response... 200 OK
Length: 201068 (196K) [application/vnd.android.package-archive]
Saving to: `Â¼Ïñ.apk'

     0K .......... .......... .......... .......... .......... 25%  104K 1s
    50K .......... .......... .......... .......... .......... 50%  314K 1s
   100K .......... .......... .......... .......... .......... 76%  314K 0s
   150K .......... .......... .......... .......... ......    100%  277K=1.0s

2017-02-18 16:33:17 (203 KB/s) - `Â¼Ïñ.apk' saved [201068/201068]

