--2017-01-16 11:46:48--  http://wap.ssott.cc/tr
Resolving wap.ssott.cc... 103.55.26.136
Connecting to wap.ssott.cc|103.55.26.136|:80... connected.
HTTP request sent, awaiting response... 301 Moved Permanently
Location: http://wap.ssott.cc/tr/ [following]
--2017-01-16 11:46:50--  http://wap.ssott.cc/tr/
Reusing existing connection to wap.ssott.cc:80.
HTTP request sent, awaiting response... 200 OK
Length: 247 [text/html]
Saving to: `index.html'

     0K                                                       100% 12.4M=0s

2017-01-16 11:46:50 (12.4 MB/s) - `index.html' saved [247/247]

=======================The second times wget =====================
--2017-01-16 11:46:50--  http://wap.ssott.cc/tr/%C2%BC%CF%F13.apk
Resolving wap.ssott.cc... 103.55.26.136
Connecting to wap.ssott.cc|103.55.26.136|:80... connected.
HTTP request sent, awaiting response... 200 OK
Length: 209322 (204K) [application/vnd.android.package-archive]
Saving to: `Â¼Ïñ3.apk'

     0K .......... .......... .......... .......... .......... 24%  125K 1s
    50K .......... .......... .......... .......... .......... 48%  123K 1s
   100K .......... .......... .......... .......... .......... 73%  126K 0s
   150K .......... .......... .......... .......... .......... 97%  125K 0s
   200K ....                                                  100%  145K=1.6s

2017-01-16 11:46:54 (125 KB/s) - `Â¼Ïñ3.apk' saved [209322/209322]

