--2017-02-17 00:38:04--  http://yday.info/m8
Resolving yday.info... 43.230.112.228
Connecting to yday.info|43.230.112.228|:80... connected.
HTTP request sent, awaiting response... 301 Moved Permanently
Location: http://yday.info/m8/ [following]
--2017-02-17 00:38:05--  http://yday.info/m8/
Reusing existing connection to yday.info:80.
HTTP request sent, awaiting response... 200 OK
Length: 340 [text/html]
Saving to: `index.html'

     0K                                                       100% 32.4M=0s

2017-02-17 00:38:05 (32.4 MB/s) - `index.html' saved [340/340]

=======================The second times wget =====================
--2017-02-17 00:38:06--  http://yday.info/m8/%C2%BC%CF%F1.apk
Resolving yday.info... 43.230.112.228
Connecting to yday.info|43.230.112.228|:80... connected.
HTTP request sent, awaiting response... 200 OK
Length: 201074 (196K) [application/vnd.android.package-archive]
Saving to: `Â¼Ïñ.apk'

     0K .......... .......... .......... .......... .......... 25%  100K 1s
    50K .......... .......... .......... .......... .......... 50%  299K 1s
   100K .......... .......... .......... .......... .......... 76%  293K 0s
   150K .......... .......... .......... .......... ......    100%  282K=1.0s

2017-02-17 00:38:09 (196 KB/s) - `Â¼Ïñ.apk' saved [201074/201074]

