--2017-01-06 12:13:42--  http://jrxmw.cn/sdfhuh
Resolving jrxmw.cn... 103.211.125.148
Connecting to jrxmw.cn|103.211.125.148|:80... connected.
HTTP request sent, awaiting response... 301 Moved Permanently
Location: http://jrxmw.cn/sdfhuh/ [following]
--2017-01-06 12:13:43--  http://jrxmw.cn/sdfhuh/
Reusing existing connection to jrxmw.cn:80.
HTTP request sent, awaiting response... 302 Object moved
Location: luxiang.apk [following]
--2017-01-06 12:13:43--  http://jrxmw.cn/sdfhuh/luxiang.apk
Reusing existing connection to jrxmw.cn:80.
HTTP request sent, awaiting response... 200 OK
Length: 213491 (208K) [application/vnd.android]
Saving to: `luxiang.apk'

     0K .......... .......... .......... .......... .......... 23% 24.2K 7s
    50K .......... .......... .......... .......... .......... 47%  190K 3s
   100K .......... .......... .......... .......... .......... 71% 45.7K 1s
   150K .......... .......... .......... .......... .......... 95%  243K 0s
   200K ........                                              100%  506K=3.6s

2017-01-06 12:13:47 (57.2 KB/s) - `luxiang.apk' saved [213491/213491]

