--2017-02-14 13:24:24--  http://yhub.info/mlg
Resolving yhub.info... 43.230.114.83
Connecting to yhub.info|43.230.114.83|:80... connected.
HTTP request sent, awaiting response... 301 Moved Permanently
Location: http://yhub.info/mlg/ [following]
--2017-02-14 13:24:37--  http://yhub.info/mlg/
Reusing existing connection to yhub.info:80.
HTTP request sent, awaiting response... 200 OK
Length: 340 [text/html]
Saving to: `index.html'

     0K                                                       100% 19.1M=0s

2017-02-14 13:24:38 (19.1 MB/s) - `index.html' saved [340/340]

=======================The second times wget =====================
--2017-02-14 13:24:38--  http://yhub.info/mlg/%C2%BC%CF%F1.apk
Resolving yhub.info... 43.230.114.83
Connecting to yhub.info|43.230.114.83|:80... connected.
HTTP request sent, awaiting response... 200 OK
Length: 201074 (196K) [application/vnd.android.package-archive]
Saving to: `Â¼Ïñ.apk'

     0K .......... .......... .......... .......... .......... 25% 70.5K 2s
    50K .......... .......... .......... .......... .......... 50%  287K 1s
   100K .......... .......... .......... .......... .......... 76%  260K 0s
   150K .......... .......... .......... .......... ......    100% 5.99M=1.1s

2017-02-14 13:24:56 (181 KB/s) - `Â¼Ïñ.apk' saved [201074/201074]

