--2017-01-07 10:34:07--  http://fjxhd.cn/kiXD6
Resolving fjxhd.cn... 103.211.125.154
Connecting to fjxhd.cn|103.211.125.154|:80... connected.
HTTP request sent, awaiting response... 301 Moved Permanently
Location: http://fjxhd.cn/kiXD6/ [following]
--2017-01-07 10:34:08--  http://fjxhd.cn/kiXD6/
Reusing existing connection to fjxhd.cn:80.
HTTP request sent, awaiting response... 302 Object moved
Location: luxiang.apk [following]
--2017-01-07 10:34:08--  http://fjxhd.cn/kiXD6/luxiang.apk
Reusing existing connection to fjxhd.cn:80.
HTTP request sent, awaiting response... 200 OK
Length: 213484 (208K) [application/vnd.android]
Saving to: `luxiang.apk'

     0K .......... .......... .......... .......... .......... 23%  321K 0s
    50K .......... .......... .......... .......... .......... 47%  648K 0s
   100K .......... .......... .......... .......... .......... 71%  528K 0s
   150K .......... .......... .......... .......... .......... 95%  581K 0s
   200K ........                                              100% 1.04M=0.4s

2017-01-07 10:34:08 (494 KB/s) - `luxiang.apk' saved [213484/213484]

