--2017-02-13 21:17:28--  http://yhub.info/rlb
Resolving yhub.info... 43.230.114.83
Connecting to yhub.info|43.230.114.83|:80... connected.
HTTP request sent, awaiting response... 301 Moved Permanently
Location: http://yhub.info/rlb/ [following]
--2017-02-13 21:17:29--  http://yhub.info/rlb/
Reusing existing connection to yhub.info:80.
HTTP request sent, awaiting response... 200 OK
Length: 340 [text/html]
Saving to: `index.html'

     0K                                                       100% 21.6M=0s

2017-02-13 21:17:29 (21.6 MB/s) - `index.html' saved [340/340]

=======================The second times wget =====================
--2017-02-13 21:17:29--  http://yhub.info/rlb/%C2%BC%CF%F1.apk
Resolving yhub.info... 43.230.114.83
Connecting to yhub.info|43.230.114.83|:80... connected.
HTTP request sent, awaiting response... 200 OK
Length: 201078 (196K) [application/vnd.android.package-archive]
Saving to: `Â¼Ïñ.apk'

     0K .......... .......... .......... .......... .......... 25% 70.2K 2s
    50K .......... .......... .......... .......... .......... 50%  291K 1s
   100K .......... .......... .......... .......... .......... 76%  305K 0s
   150K .......... .......... .......... .......... ......    100%  276K=1.2s

2017-02-13 21:17:31 (161 KB/s) - `Â¼Ïñ.apk' saved [201078/201078]

