--2017-01-10 20:08:42--  http://t.cn/RMJ8l2c
Resolving t.cn... 180.149.135.224
Connecting to t.cn|180.149.135.224|:80... connected.
HTTP request sent, awaiting response... 302 Found
Location: http://mdaikuan.2345.com/lauchAPP?hmsr=0110daiqianlaoyonghu2 [following]
--2017-01-10 20:08:43--  http://mdaikuan.2345.com/lauchAPP?hmsr=0110daiqianlaoyonghu2
Resolving mdaikuan.2345.com... 121.46.3.35, 121.46.3.34
Connecting to mdaikuan.2345.com|121.46.3.35|:80... connected.
HTTP request sent, awaiting response... 200 OK
Length: unspecified [text/html]
Saving to: `lauchAPP?hmsr=0110daiqianlaoyonghu2'

     0K .........                                               369K=0.03s

2017-01-10 20:08:43 (369 KB/s) - `lauchAPP?hmsr=0110daiqianlaoyonghu2' saved [9617]

=======================The second times wget =====================
--2017-01-10 20:08:43--  https://app.2345.cn/daikuan/sjdaikuan03.apk
Resolving app.2345.cn... 222.243.110.58, 222.243.110.23, 61.184.116.83
Connecting to app.2345.cn|222.243.110.58|:443... connected.
WARNING: certificate common name `*.ourdvsss.com' doesn't match requested host name `app.2345.cn'.
HTTP request sent, awaiting response... 200 OK
Length: 4812326 (4.6M) [application/vnd.android.package-archive]
Saving to: `sjdaikuan03.apk'

     0K .......... .......... .......... .......... ..........  1% 3.25M 1s
    50K .......... .......... .......... .......... ..........  2% 4.11M 1s
   100K .......... .......... .......... .......... ..........  3% 3.87M 1s
   150K .......... .......... .......... .......... ..........  4% 4.32M 1s
   200K .......... .......... .......... .......... ..........  5% 4.08M 1s
   250K .......... .......... .......... .......... ..........  6% 4.11M 1s
   300K .......... .......... .......... .......... ..........  7% 1.34M 1s
   350K .......... .......... .......... .......... ..........  8% 3.02M 1s
   400K .......... .......... .......... .......... ..........  9% 4.47M 1s
   450K .......... .......... .......... .......... .......... 10% 3.61M 1s
   500K .......... .......... .......... .......... .......... 11% 36.7M 1s
   550K .......... .......... .......... .......... .......... 12% 4.19M 1s
   600K .......... .......... .......... .......... .......... 13% 4.53M 1s
   650K .......... .......... .......... .......... .......... 14% 6.62M 1s
   700K .......... .......... .......... .......... .......... 15% 6.18M 1s
   750K .......... .......... .......... .......... .......... 17% 8.09M 1s
   800K .......... .......... .......... .......... .......... 18% 7.36M 1s
   850K .......... .......... .......... .......... .......... 19% 7.53M 1s
   900K .......... .......... .......... .......... .......... 20% 36.3M 1s
   950K .......... .......... .......... .......... .......... 21% 7.37M 1s
  1000K .......... .......... .......... .......... .......... 22% 8.10M 1s
  1050K .......... .......... .......... .......... .......... 23% 11.5M 1s
  1100K .......... .......... .......... .......... .......... 24% 15.4M 1s
  1150K .......... .......... .......... .......... .......... 25% 6.83M 1s
  1200K .......... .......... .......... .......... .......... 26% 17.2M 1s
  1250K .......... .......... .......... .......... .......... 27% 10.9M 1s
  1300K .......... .......... .......... .......... .......... 28% 17.5M 1s
  1350K .......... .......... .......... .......... .......... 29% 11.4M 1s
  1400K .......... .......... .......... .......... .......... 30% 16.7M 1s
  1450K .......... .......... .......... .......... .......... 31% 12.0M 1s
  1500K .......... .......... .......... .......... .......... 32% 18.7M 1s
  1550K .......... .......... .......... .......... .......... 34% 8.01M 1s
  1600K .......... .......... .......... .......... .......... 35% 26.9M 0s
  1650K .......... .......... .......... .......... .......... 36% 9.48M 0s
  1700K .......... .......... .......... .......... .......... 37% 16.1M 0s
  1750K .......... .......... .......... .......... .......... 38% 21.6M 0s
  1800K .......... .......... .......... .......... .......... 39% 8.45M 0s
  1850K .......... .......... .......... .......... .......... 40% 35.1M 0s
  1900K .......... .......... .......... .......... .......... 41% 16.8M 0s
  1950K .......... .......... .......... .......... .......... 42% 8.56M 0s
  2000K .......... .......... .......... .......... .......... 43% 8.90M 0s
  2050K .......... .......... .......... .......... .......... 44% 39.1M 0s
  2100K .......... .......... .......... .......... .......... 45% 8.60M 0s
  2150K .......... .......... .......... .......... .......... 46% 38.0M 0s
  2200K .......... .......... .......... .......... .......... 47% 7.92M 0s
  2250K .......... .......... .......... .......... .......... 48% 37.0M 0s
  2300K .......... .......... .......... .......... .......... 50% 9.37M 0s
  2350K .......... .......... .......... .......... .......... 51% 16.1M 0s
  2400K .......... .......... .......... .......... .......... 52% 12.3M 0s
  2450K .......... .......... .......... .......... .......... 53% 15.8M 0s
  2500K .......... .......... .......... .......... .......... 54% 10.9M 0s
  2550K .......... .......... .......... .......... .......... 55% 24.7M 0s
  2600K .......... .......... .......... .......... .......... 56% 9.81M 0s
  2650K .......... .......... .......... .......... .......... 57% 39.6M 0s
  2700K .......... .......... .......... .......... .......... 58% 30.3M 0s
  2750K .......... .......... .......... .......... .......... 59% 8.98M 0s
  2800K .......... .......... .......... .......... .......... 60% 17.4M 0s
  2850K .......... .......... .......... .......... .......... 61% 10.0M 0s
  2900K .......... .......... .......... .......... .......... 62% 19.5M 0s
  2950K .......... .......... .......... .......... .......... 63% 9.17M 0s
  3000K .......... .......... .......... .......... .......... 64% 36.1M 0s
  3050K .......... .......... .......... .......... .......... 65% 8.09M 0s
  3100K .......... .......... .......... .......... .......... 67% 41.7M 0s
  3150K .......... .......... .......... .......... .......... 68% 7.21M 0s
  3200K .......... .......... .......... .......... .......... 69% 35.9M 0s
  3250K .......... .......... .......... .......... .......... 70% 33.4M 0s
  3300K .......... .......... .......... .......... .......... 71% 8.04M 0s
  3350K .......... .......... .......... .......... .......... 72% 31.7M 0s
  3400K .......... .......... .......... .......... .......... 73% 8.14M 0s
  3450K .......... .......... .......... .......... .......... 74% 31.8M 0s
  3500K .......... .......... .......... .......... .......... 75% 8.28M 0s
  3550K .......... .......... .......... .......... .......... 76% 29.2M 0s
  3600K .......... .......... .......... .......... .......... 77% 9.12M 0s
  3650K .......... .......... .......... .......... .......... 78% 34.9M 0s
  3700K .......... .......... .......... .......... .......... 79% 31.7M 0s
  3750K .......... .......... .......... .......... .......... 80% 9.72M 0s
  3800K .......... .......... .......... .......... .......... 81% 19.6M 0s
  3850K .......... .......... .......... .......... .......... 82% 12.1M 0s
  3900K .......... .......... .......... .......... .......... 84% 18.8M 0s
  3950K .......... .......... .......... .......... .......... 85% 8.69M 0s
  4000K .......... .......... .......... .......... .......... 86% 21.5M 0s
  4050K .......... .......... .......... .......... .......... 87% 8.09M 0s
  4100K .......... .......... .......... .......... .......... 88% 39.5M 0s
  4150K .......... .......... .......... .......... .......... 89% 31.3M 0s
  4200K .......... .......... .......... .......... .......... 90% 8.17M 0s
  4250K .......... .......... .......... .......... .......... 91% 40.2M 0s
  4300K .......... .......... .......... .......... .......... 92% 9.06M 0s
  4350K .......... .......... .......... .......... .......... 93% 24.6M 0s
  4400K .......... .......... .......... .......... .......... 94% 9.50M 0s
  4450K .......... .......... .......... .......... .......... 95% 26.0M 0s
  4500K .......... .......... .......... .......... .......... 96% 8.45M 0s
  4550K .......... .......... .......... .......... .......... 97% 34.6M 0s
  4600K .......... .......... .......... .......... .......... 98% 8.88M 0s
  4650K .......... .......... .......... .......... ......... 100% 25.8M=0.5s

2017-01-10 20:08:43 (9.47 MB/s) - `sjdaikuan03.apk' saved [4812326/4812326]

