--2017-02-14 12:09:07--  http://t.cn/RchrV90
Resolving t.cn... 180.149.135.224
Connecting to t.cn|180.149.135.224|:80... connected.
HTTP request sent, awaiting response... 302 Found
Location: http://hn93.10006.info/hn_ty/ty?n=UVQ= [following]
--2017-02-14 12:09:07--  http://hn93.10006.info/hn_ty/ty?n=UVQ=
Resolving hn93.10006.info... 218.77.121.93
Connecting to hn93.10006.info|218.77.121.93|:80... connected.
HTTP request sent, awaiting response... 200 OK
Length: 1891 (1.8K) [text/html]
Saving to: `ty?n=UVQ='

     0K .                                                     100%  150M=0s

2017-02-14 12:09:07 (150 MB/s) - `ty?n=UVQ=' saved [1891/1891]

=======================The second times wget =====================
--2017-02-14 12:09:07--  http://api.tv189.com/v2/115020310221__02870121.apk?
Resolving api.tv189.com... 180.153.149.13
Connecting to api.tv189.com|180.153.149.13|:80... connected.
HTTP request sent, awaiting response... 302 Moved Temporarily
Location: http://lteams.tv189.com/uploads/client/2017-02-04/Com_TYSX_VIDEO_PLUS_5.3.16.20ctch1_AD_P_20170122_02870121.apk [following]
--2017-02-14 12:09:08--  http://lteams.tv189.com/uploads/client/2017-02-04/Com_TYSX_VIDEO_PLUS_5.3.16.20ctch1_AD_P_20170122_02870121.apk
Resolving lteams.tv189.com... 180.153.149.15
Connecting to lteams.tv189.com|180.153.149.15|:80... connected.
HTTP request sent, awaiting response... 200 OK
Length: 10976420 (10M) [application/vnd.android.package-archive]
Saving to: `Com_TYSX_VIDEO_PLUS_5.3.16.20ctch1_AD_P_20170122_02870121.apk'

     0K .......... .......... .......... .......... ..........  0%  753K 14s
    50K .......... .......... .......... .......... ..........  0% 2.18M 9s
   100K .......... .......... .......... .......... ..........  1% 2.19M 8s
   150K .......... .......... .......... .......... ..........  1% 2.20M 7s
   200K .......... .......... .......... .......... ..........  2% 2.19M 7s
   250K .......... .......... .......... .......... ..........  2% 2.24M 6s
   300K .......... .......... .......... .......... ..........  3% 2.22M 6s
   350K .......... .......... .......... .......... ..........  3% 42.9M 5s
   400K .......... .......... .......... .......... ..........  4% 2.27M 5s
   450K .......... .......... .......... .......... ..........  4% 56.8M 5s
   500K .......... .......... .......... .......... ..........  5% 2.25M 5s
   550K .......... .......... .......... .......... ..........  5% 74.3M 4s
   600K .......... .......... .......... .......... ..........  6% 2.28M 4s
   650K .......... .......... .......... .......... ..........  6% 82.5M 4s
   700K .......... .......... .......... .......... ..........  6% 2.28M 4s
   750K .......... .......... .......... .......... ..........  7% 82.8M 4s
   800K .......... .......... .......... .......... ..........  7% 83.6M 3s
   850K .......... .......... .......... .......... ..........  8% 2.30M 3s
   900K .......... .......... .......... .......... ..........  8% 69.7M 3s
   950K .......... .......... .......... .......... ..........  9% 2.41M 3s
  1000K .......... .......... .......... .......... ..........  9% 35.6M 3s
  1050K .......... .......... .......... .......... .......... 10%  106M 3s
  1100K .......... .......... .......... .......... .......... 10% 90.6M 3s
  1150K .......... .......... .......... .......... .......... 11% 2.31M 3s
  1200K .......... .......... .......... .......... .......... 11%  162M 3s
  1250K .......... .......... .......... .......... .......... 12% 71.5M 3s
  1300K .......... .......... .......... .......... .......... 12%  138M 2s
  1350K .......... .......... .......... .......... .......... 13% 2.35M 3s
  1400K .......... .......... .......... .......... .......... 13% 98.2M 2s
  1450K .......... .......... .......... .......... .......... 13% 99.6M 2s
  1500K .......... .......... .......... .......... .......... 14% 80.2M 2s
  1550K .......... .......... .......... .......... .......... 14% 2.36M 2s
  1600K .......... .......... .......... .......... .......... 15% 65.3M 2s
  1650K .......... .......... .......... .......... .......... 15% 89.8M 2s
  1700K .......... .......... .......... .......... .......... 16%  125M 2s
  1750K .......... .......... .......... .......... .......... 16% 2.35M 2s
  1800K .......... .......... .......... .......... .......... 17% 98.8M 2s
  1850K .......... .......... .......... .......... .......... 17% 92.0M 2s
  1900K .......... .......... .......... .......... .......... 18% 92.7M 2s
  1950K .......... .......... .......... .......... .......... 18% 2.37M 2s
  2000K .......... .......... .......... .......... .......... 19% 93.7M 2s
  2050K .......... .......... .......... .......... .......... 19% 75.5M 2s
  2100K .......... .......... .......... .......... .......... 20%  114M 2s
  2150K .......... .......... .......... .......... .......... 20% 2.39M 2s
  2200K .......... .......... .......... .......... .......... 20% 69.1M 2s
  2250K .......... .......... .......... .......... .......... 21% 71.8M 2s
  2300K .......... .......... .......... .......... .......... 21% 76.1M 2s
  2350K .......... .......... .......... .......... .......... 22% 2.43M 2s
  2400K .......... .......... .......... .......... .......... 22% 74.3M 2s
  2450K .......... .......... .......... .......... .......... 23% 2.28M 2s
  2500K .......... .......... .......... .......... .......... 23% 2.26M 2s
  2550K .......... .......... .......... .......... .......... 24% 11.4M 2s
  2600K .......... .......... .......... .......... .......... 24% 1.74M 2s
  2650K .......... .......... .......... .......... .......... 25%  168M 2s
  2700K .......... .......... .......... .......... .......... 25% 1.91M 2s
  2750K .......... .......... .......... .......... .......... 26% 2.25M 2s
  2800K .......... .......... .......... .......... .......... 26% 12.0M 2s
  2850K .......... .......... .......... .......... .......... 27% 2.43M 2s
  2900K .......... .......... .......... .......... .......... 27% 6.07M 2s
  2950K .......... .......... .......... .......... .......... 27% 3.08M 2s
  3000K .......... .......... .......... .......... .......... 28% 7.90M 2s
  3050K .......... .......... .......... .......... .......... 28% 3.01M 2s
  3100K .......... .......... .......... .......... .......... 29% 8.42M 2s
  3150K .......... .......... .......... .......... .......... 29% 57.6M 2s
  3200K .......... .......... .......... .......... .......... 30% 3.05M 2s
  3250K .......... .......... .......... .......... .......... 30% 8.14M 2s
  3300K .......... .......... .......... .......... .......... 31% 3.08M 2s
  3350K .......... .......... .......... .......... .......... 31% 9.14M 2s
  3400K .......... .......... .......... .......... .......... 32% 40.8M 2s
  3450K .......... .......... .......... .......... .......... 32% 3.14M 2s
  3500K .......... .......... .......... .......... .......... 33% 9.13M 2s
  3550K .......... .......... .......... .......... .......... 33% 37.5M 1s
  3600K .......... .......... .......... .......... .......... 34% 3.20M 1s
  3650K .......... .......... .......... .......... .......... 34% 53.4M 1s
  3700K .......... .......... .......... .......... .......... 34% 9.38M 1s
  3750K .......... .......... .......... .......... .......... 35% 51.3M 1s
  3800K .......... .......... .......... .......... .......... 35% 3.23M 1s
  3850K .......... .......... .......... .......... .......... 36% 47.7M 1s
  3900K .......... .......... .......... .......... .......... 36% 9.81M 1s
  3950K .......... .......... .......... .......... .......... 37% 46.1M 1s
  4000K .......... .......... .......... .......... .......... 37% 3.26M 1s
  4050K .......... .......... .......... .......... .......... 38% 40.0M 1s
  4100K .......... .......... .......... .......... .......... 38% 9.71M 1s
  4150K .......... .......... .......... .......... .......... 39% 54.1M 1s
  4200K .......... .......... .......... .......... .......... 39% 2.75M 1s
  4250K .......... .......... .......... .......... .......... 40%  152M 1s
  4300K .......... .......... .......... .......... .......... 40% 13.1M 1s
  4350K .......... .......... .......... .......... .......... 41% 12.4M 1s
  4400K .......... .......... .......... .......... .......... 41% 2.85M 1s
  4450K .......... .......... .......... .......... .......... 41%  168M 1s
  4500K .......... .......... .......... .......... .......... 42% 48.4M 1s
  4550K .......... .......... .......... .......... .......... 42% 6.95M 1s
  4600K .......... .......... .......... .......... .......... 43% 3.42M 1s
  4650K .......... .......... .......... .......... .......... 43%  159M 1s
  4700K .......... .......... .......... .......... .......... 44% 58.7M 1s
  4750K .......... .......... .......... .......... .......... 44% 6.73M 1s
  4800K .......... .......... .......... .......... .......... 45% 3.51M 1s
  4850K .......... .......... .......... .......... .......... 45%  116M 1s
  4900K .......... .......... .......... .......... .......... 46% 56.8M 1s
  4950K .......... .......... .......... .......... .......... 46% 6.63M 1s
  5000K .......... .......... .......... .......... .......... 47% 3.59M 1s
  5050K .......... .......... .......... .......... .......... 47% 67.1M 1s
  5100K .......... .......... .......... .......... .......... 48% 63.4M 1s
  5150K .......... .......... .......... .......... .......... 48% 6.76M 1s
  5200K .......... .......... .......... .......... .......... 48% 4.08M 1s
  5250K .......... .......... .......... .......... .......... 49% 19.8M 1s
  5300K .......... .......... .......... .......... .......... 49% 78.1M 1s
  5350K .......... .......... .......... .......... .......... 50% 7.29M 1s
  5400K .......... .......... .......... .......... .......... 50% 42.4M 1s
  5450K .......... .......... .......... .......... .......... 51% 3.52M 1s
  5500K .......... .......... .......... .......... .......... 51%  121M 1s
  5550K .......... .......... .......... .......... .......... 52% 4.79M 1s
  5600K .......... .......... .......... .......... .......... 52% 72.8M 1s
  5650K .......... .......... .......... .......... .......... 53% 4.11M 1s
  5700K .......... .......... .......... .......... .......... 53%  138M 1s
  5750K .......... .......... .......... .......... .......... 54% 3.18M 1s
  5800K .......... .......... .......... .......... .......... 54%  130M 1s
  5850K .......... .......... .......... .......... .......... 55% 6.76M 1s
  5900K .......... .......... .......... .......... .......... 55%  129M 1s
  5950K .......... .......... .......... .......... .......... 55% 2.38M 1s
  6000K .......... .......... .......... .......... .......... 56%  125M 1s
  6050K .......... .......... .......... .......... .......... 56% 7.34M 1s
  6100K .......... .......... .......... .......... .......... 57%  183M 1s
  6150K .......... .......... .......... .......... .......... 57% 2.47M 1s
  6200K .......... .......... .......... .......... .......... 58%  142M 1s
  6250K .......... .......... .......... .......... .......... 58% 6.03M 1s
  6300K .......... .......... .......... .......... .......... 59%  190M 1s
  6350K .......... .......... .......... .......... .......... 59% 2.43M 1s
  6400K .......... .......... .......... .......... .......... 60%  176M 1s
  6450K .......... .......... .......... .......... .......... 60% 6.79M 1s
  6500K .......... .......... .......... .......... .......... 61% 12.3M 1s
  6550K .......... .......... .......... .......... .......... 61% 3.05M 1s
  6600K .......... .......... .......... .......... .......... 62%  151M 1s
  6650K .......... .......... .......... .......... .......... 62% 9.71M 1s
  6700K .......... .......... .......... .......... .......... 62%  178M 1s
  6750K .......... .......... .......... .......... .......... 63% 2.23M 1s
  6800K .......... .......... .......... .......... .......... 63%  178M 1s
  6850K .......... .......... .......... .......... .......... 64% 13.0M 1s
  6900K .......... .......... .......... .......... .......... 64%  161M 1s
  6950K .......... .......... .......... .......... .......... 65% 2.28M 1s
  7000K .......... .......... .......... .......... .......... 65% 75.8M 1s
  7050K .......... .......... .......... .......... .......... 66% 12.3M 1s
  7100K .......... .......... .......... .......... .......... 66%  182M 1s
  7150K .......... .......... .......... .......... .......... 67% 2.82M 1s
  7200K .......... .......... .......... .......... .......... 67% 33.2M 1s
  7250K .......... .......... .......... .......... .......... 68% 14.6M 1s
  7300K .......... .......... .......... .......... .......... 68% 90.9M 1s
  7350K .......... .......... .......... .......... .......... 69% 2.91M 1s
  7400K .......... .......... .......... .......... .......... 69% 28.8M 1s
  7450K .......... .......... .......... .......... .......... 69% 11.9M 1s
  7500K .......... .......... .......... .......... .......... 70% 6.88M 1s
  7550K .......... .......... .......... .......... .......... 70% 4.74M 1s
  7600K .......... .......... .......... .......... .......... 71% 49.0M 1s
  7650K .......... .......... .......... .......... .......... 71% 13.1M 0s
  7700K .......... .......... .......... .......... .......... 72% 6.68M 0s
  7750K .......... .......... .......... .......... .......... 72% 4.82M 0s
  7800K .......... .......... .......... .......... .......... 73% 30.0M 0s
  7850K .......... .......... .......... .......... .......... 73% 15.6M 0s
  7900K .......... .......... .......... .......... .......... 74% 6.59M 0s
  7950K .......... .......... .......... .......... .......... 74% 5.23M 0s
  8000K .......... .......... .......... .......... .......... 75% 17.2M 0s
  8050K .......... .......... .......... .......... .......... 75% 18.8M 0s
  8100K .......... .......... .......... .......... .......... 76% 6.65M 0s
  8150K .......... .......... .......... .......... .......... 76% 5.16M 0s
  8200K .......... .......... .......... .......... .......... 76% 15.4M 0s
  8250K .......... .......... .......... .......... .......... 77% 21.8M 0s
  8300K .......... .......... .......... .......... .......... 77% 6.75M 0s
  8350K .......... .......... .......... .......... .......... 78% 5.16M 0s
  8400K .......... .......... .......... .......... .......... 78% 12.6M 0s
  8450K .......... .......... .......... .......... .......... 79% 29.3M 0s
  8500K .......... .......... .......... .......... .......... 79% 6.83M 0s
  8550K .......... .......... .......... .......... .......... 80% 5.11M 0s
  8600K .......... .......... .......... .......... .......... 80% 12.3M 0s
  8650K .......... .......... .......... .......... .......... 81% 30.5M 0s
  8700K .......... .......... .......... .......... .......... 81% 7.06M 0s
  8750K .......... .......... .......... .......... .......... 82% 5.08M 0s
  8800K .......... .......... .......... .......... .......... 82% 11.2M 0s
  8850K .......... .......... .......... .......... .......... 83% 39.9M 0s
  8900K .......... .......... .......... .......... .......... 83% 7.07M 0s
  8950K .......... .......... .......... .......... .......... 83% 5.12M 0s
  9000K .......... .......... .......... .......... .......... 84% 10.8M 0s
  9050K .......... .......... .......... .......... .......... 84% 41.9M 0s
  9100K .......... .......... .......... .......... .......... 85% 7.29M 0s
  9150K .......... .......... .......... .......... .......... 85% 5.04M 0s
  9200K .......... .......... .......... .......... .......... 86% 10.6M 0s
  9250K .......... .......... .......... .......... .......... 86% 40.1M 0s
  9300K .......... .......... .......... .......... .......... 87% 7.54M 0s
  9350K .......... .......... .......... .......... .......... 87% 4.96M 0s
  9400K .......... .......... .......... .......... .......... 88% 9.92M 0s
  9450K .......... .......... .......... .......... .......... 88% 55.6M 0s
  9500K .......... .......... .......... .......... .......... 89% 7.58M 0s
  9550K .......... .......... .......... .......... .......... 89% 4.87M 0s
  9600K .......... .......... .......... .......... .......... 90% 9.94M 0s
  9650K .......... .......... .......... .......... .......... 90% 69.5M 0s
  9700K .......... .......... .......... .......... .......... 90% 7.48M 0s
  9750K .......... .......... .......... .......... .......... 91% 4.80M 0s
  9800K .......... .......... .......... .......... .......... 91% 9.95M 0s
  9850K .......... .......... .......... .......... .......... 92% 77.9M 0s
  9900K .......... .......... .......... .......... .......... 92% 7.76M 0s
  9950K .......... .......... .......... .......... .......... 93% 4.71M 0s
 10000K .......... .......... .......... .......... .......... 93% 10.2M 0s
 10050K .......... .......... .......... .......... .......... 94% 61.3M 0s
 10100K .......... .......... .......... .......... .......... 94% 7.96M 0s
 10150K .......... .......... .......... .......... .......... 95% 4.68M 0s
 10200K .......... .......... .......... .......... .......... 95% 10.5M 0s
 10250K .......... .......... .......... .......... .......... 96% 54.0M 0s
 10300K .......... .......... .......... .......... .......... 96% 8.05M 0s
 10350K .......... .......... .......... .......... .......... 97% 4.60M 0s
 10400K .......... .......... .......... .......... .......... 97% 10.5M 0s
 10450K .......... .......... .......... .......... .......... 97% 39.8M 0s
 10500K .......... .......... .......... .......... .......... 98% 8.69M 0s
 10550K .......... .......... .......... .......... .......... 98% 4.74M 0s
 10600K .......... .......... .......... .......... .......... 99% 9.77M 0s
 10650K .......... .......... .......... .......... .......... 99% 36.4M 0s
 10700K .......... .........                                  100% 94.5M=1.6s

2017-02-14 12:09:10 (6.59 MB/s) - `Com_TYSX_VIDEO_PLUS_5.3.16.20ctch1_AD_P_20170122_02870121.apk' saved [10976420/10976420]

