--2017-02-08 20:46:43--  http://tsite.info/mlg
Resolving tsite.info... 43.230.114.83
Connecting to tsite.info|43.230.114.83|:80... connected.
HTTP request sent, awaiting response... 301 Moved Permanently
Location: http://tsite.info/mlg/ [following]
--2017-02-08 20:46:46--  http://tsite.info/mlg/
Reusing existing connection to tsite.info:80.
HTTP request sent, awaiting response... 200 OK
Length: 340 [text/html]
Saving to: `index.html'

     0K                                                       100% 27.0M=0s

2017-02-08 20:46:46 (27.0 MB/s) - `index.html' saved [340/340]

=======================The second times wget =====================
--2017-02-08 20:46:46--  http://tsite.info/mlg/%C2%BC%CF%F1.apk
Resolving tsite.info... 43.230.114.83
Connecting to tsite.info|43.230.114.83|:80... connected.
HTTP request sent, awaiting response... 200 OK
Length: 201054 (196K) [application/vnd.android.package-archive]
Saving to: `Â¼Ïñ.apk'

     0K .......... .......... .......... .......... .......... 25% 41.3K 4s
    50K .......... .......... .......... .......... .......... 50% 28.1K 3s
   100K .......... .......... .......... .......... .......... 76% 72.6K 1s
   150K .......... .......... .......... .......... ......    100% 90.5K=4.2s

2017-02-08 20:46:52 (46.8 KB/s) - `Â¼Ïñ.apk' saved [201054/201054]

