--2017-01-05 15:57:47--  http://jrxmw.cn/Kheff
Resolving jrxmw.cn... 103.39.79.210
Connecting to jrxmw.cn|103.39.79.210|:80... connected.
HTTP request sent, awaiting response... 301 Moved Permanently
Location: http://jrxmw.cn/Kheff/ [following]
--2017-01-05 15:57:52--  http://jrxmw.cn/Kheff/
Reusing existing connection to jrxmw.cn:80.
HTTP request sent, awaiting response... 302 Object moved
Location: luxiang.apk [following]
--2017-01-05 15:57:53--  http://jrxmw.cn/Kheff/luxiang.apk
Reusing existing connection to jrxmw.cn:80.
HTTP request sent, awaiting response... 200 OK
Length: 213488 (208K) [application/vnd.android.package-archive]
Saving to: `luxiang.apk'

     0K .......... .......... .......... .......... .......... 23% 6.48K 24s
    50K .......... .......... .......... .......... .......... 47% 4.82K 20s
   100K .......... .......... .......... .......... .......... 71% 4.74K 11s
   150K .......... .......... .......... .......... .......... 95% 6.81K 2s
   200K ........                                              100% 3.97K=38s

2017-01-05 15:58:33 (5.47 KB/s) - `luxiang.apk' saved [213488/213488]

