--2017-02-14 14:24:23--  http://lhelp.info/lzz
Resolving lhelp.info... 43.230.113.99
Connecting to lhelp.info|43.230.113.99|:80... connected.
HTTP request sent, awaiting response... 301 Moved Permanently
Location: http://lhelp.info/lzz/ [following]
--2017-02-14 14:24:35--  http://lhelp.info/lzz/
Reusing existing connection to lhelp.info:80.
HTTP request sent, awaiting response... 200 OK
Length: 340 [text/html]
Saving to: `index.html'

     0K                                                       100% 20.3M=0s

2017-02-14 14:24:35 (20.3 MB/s) - `index.html' saved [340/340]

=======================The second times wget =====================
--2017-02-14 14:24:35--  http://lhelp.info/lzz/%C2%BC%CF%F1.apk
Resolving lhelp.info... 43.230.113.99
Connecting to lhelp.info|43.230.113.99|:80... connected.
HTTP request sent, awaiting response... 200 OK
Length: 201060 (196K) [application/vnd.android.package-archive]
Saving to: `Â¼Ïñ.apk'

     0K .......... .......... .......... .......... .......... 25% 70.7K 2s
    50K .......... .......... .......... .......... .......... 50%  279K 1s
   100K .......... .......... .......... .......... .......... 76%  299K 0s
   150K .......... .......... .......... .......... ......    100% 6.95M=1.1s

2017-02-14 14:24:46 (185 KB/s) - `Â¼Ïñ.apk' saved [201060/201060]

