--2017-03-14 12:43:22--  http://awdai.cn/
Resolving awdai.cn... 121.127.232.126
Connecting to awdai.cn|121.127.232.126|:80... connected.
HTTP request sent, awaiting response... 200 OK
Length: 663 [text/html]
Saving to: `index.html'

     0K                                                       100% 52.7M=0s

2017-03-14 12:43:22 (52.7 MB/s) - `index.html' saved [663/663]

=======================The second times wget =====================
--2017-03-14 12:43:22--  http://awdai.cn//%E8%AF%B7%E6%9F%AC.apk
Resolving awdai.cn... 121.127.232.126
Connecting to awdai.cn|121.127.232.126|:80... connected.
HTTP request sent, awaiting response... 200 OK
Length: 462036 (451K) [application]
Saving to: `è¯·æ%9F¬.apk'

     0K .......... .......... .......... .......... .......... 11%  254K 2s
    50K .......... .......... .......... .......... .......... 22%  262K 1s
   100K .......... .......... .......... .......... .......... 33%  266K 1s
   150K .......... .......... .......... .......... .......... 44%  241K 1s
   200K .......... .......... .......... .......... .......... 55%  269K 1s
   250K .......... .......... .......... .......... .......... 66%  409K 1s
   300K .......... .......... .......... .......... .......... 77% 86.1K 0s
   350K .......... .......... .......... .......... .......... 88%  122M 0s
   400K .......... .......... .......... .......... .......... 99%  635K 0s
   450K .                                                     100% 2.36M=1.8s

2017-03-14 12:43:25 (258 KB/s) - `è¯·æ%9F¬.apk' saved [462036/462036]

