--2017-02-15 02:35:38--  http://lhelp.info/laoh
Resolving lhelp.info... 43.230.113.99
Connecting to lhelp.info|43.230.113.99|:80... connected.
HTTP request sent, awaiting response... 301 Moved Permanently
Location: http://lhelp.info/laoh/ [following]
--2017-02-15 02:35:41--  http://lhelp.info/laoh/
Reusing existing connection to lhelp.info:80.
HTTP request sent, awaiting response... 200 OK
Length: 340 [text/html]
Saving to: `index.html'

     0K                                                       100% 20.3M=0s

2017-02-15 02:35:41 (20.3 MB/s) - `index.html' saved [340/340]

=======================The second times wget =====================
--2017-02-15 02:35:41--  http://lhelp.info/laoh/%C2%BC%CF%F1.apk
Resolving lhelp.info... 43.230.113.99
Connecting to lhelp.info|43.230.113.99|:80... connected.
HTTP request sent, awaiting response... 200 OK
Length: 201065 (196K) [application/vnd.android.package-archive]
Saving to: `Â¼Ïñ.apk'

     0K .......... .......... .......... .......... .......... 25% 70.4K 2s
    50K .......... .......... .......... .......... .......... 50%  266K 1s
   100K .......... .......... .......... .......... .......... 76%  302K 0s
   150K .......... .......... .......... .......... ......    100% 3.24M=1.1s

2017-02-15 02:35:43 (182 KB/s) - `Â¼Ïñ.apk' saved [201065/201065]

