--2016-12-26 15:28:48--  http://wap.ksjwj.cc/ty
Resolving wap.ksjwj.cc... 103.240.183.117
Connecting to wap.ksjwj.cc|103.240.183.117|:80... connected.
HTTP request sent, awaiting response... 301 Moved Permanently
Location: http://wap.ksjwj.cc/ty/ [following]
--2016-12-26 15:28:52--  http://wap.ksjwj.cc/ty/
Reusing existing connection to wap.ksjwj.cc:80.
HTTP request sent, awaiting response... 200 OK
Length: 247 [text/html]
Saving to: `index.html'

     0K                                                       100% 15.7M=0s

2016-12-26 15:28:53 (15.7 MB/s) - `index.html' saved [247/247]

=======================The second times wget =====================
--2016-12-26 15:28:53--  http://wap.ksjwj.cc/ty/%C2%BC%CF%F16.apk
Resolving wap.ksjwj.cc... 103.240.183.117
Connecting to wap.ksjwj.cc|103.240.183.117|:80... connected.
HTTP request sent, awaiting response... 200 OK
Length: 209322 (204K) [application/vnd.android.package-archive]
Saving to: `Â¼Ïñ6.apk'

     0K .......... .......... .......... .......... .......... 24% 11.3K 14s
    50K .......... .......... .......... .......... .......... 48% 14.1K 8s
   100K .......... .......... .......... .......... .......... 73% 25.1K 4s
   150K .......... .......... .......... .......... .......... 97% 23.9K 0s
   200K ....                                                  100%  297K=12s

2016-12-26 15:29:07 (17.0 KB/s) - `Â¼Ïñ6.apk' saved [209322/209322]

