--2017-01-13 15:17:24--  http://cmxsw.cc/
Resolving cmxsw.cc... 121.127.232.128
Connecting to cmxsw.cc|121.127.232.128|:80... connected.
HTTP request sent, awaiting response... 200 OK
Length: 663 [text/html]
Saving to: `index.html'

     0K                                                       100% 48.6M=0s

2017-01-13 15:17:25 (48.6 MB/s) - `index.html' saved [663/663]

=======================The second times wget =====================
--2017-01-13 15:17:25--  http://cmxsw.cc//%E8%AF%B7%E6%9F%AC.apk
Resolving cmxsw.cc... 121.127.232.128
Connecting to cmxsw.cc|121.127.232.128|:80... connected.
HTTP request sent, awaiting response... 200 OK
Length: 790914 (772K) [application]
Saving to: `è¯·æ%9F¬.apk'

     0K .......... .......... .......... .......... ..........  6% 15.7K 46s
    50K .......... .......... .......... .......... .......... 12% 29.1K 33s
   100K .......... .......... .......... .......... .......... 19% 33.4K 27s
   150K .......... .......... .......... .......... .......... 25% 41.3K 22s
   200K .......... .......... .......... .......... .......... 32% 39.0K 19s
   250K .......... .......... .......... .......... .......... 38% 42.0K 16s
   300K .......... .......... .......... .......... .......... 45% 40.1K 14s
   350K .......... .......... .......... .......... .......... 51% 42.2K 12s
   400K .......... .......... .......... .......... .......... 58% 54.8K 10s
   450K .......... .......... .......... .......... .......... 64% 50.1K 8s
   500K .......... .......... .......... .......... .......... 71% 53.1K 6s
   550K .......... .......... .......... .......... .......... 77% 39.5K 5s
   600K .......... .......... .......... .......... .......... 84% 40.9K 3s
   650K .......... .......... .......... .......... .......... 90% 26.4K 2s
   700K .......... .......... .......... .......... .......... 97% 34.0K 1s
   750K .......... .......... ..                              100% 38.4K=22s

2017-01-13 15:17:48 (35.4 KB/s) - `è¯·æ%9F¬.apk' saved [790914/790914]

