--2017-02-20 21:10:02--  http://adadp.com/
Resolving adadp.com... 192.151.150.179
Connecting to adadp.com|192.151.150.179|:80... connected.
HTTP request sent, awaiting response... 200 OK
Length: 1225 (1.2K) [text/html]
Saving to: `index.html'

     0K .                                                     100% 83.4M=0s

2017-02-20 21:10:05 (83.4 MB/s) - `index.html' saved [1225/1225]

=======================The second times wget =====================
--2017-02-20 21:10:05--  http://adadp.com//r.apk
Resolving adadp.com... 192.151.150.179
Connecting to adadp.com|192.151.150.179|:80... connected.
HTTP request sent, awaiting response... 200 OK
Length: 509988 (498K) [application/vnd.android.package-archive]
Saving to: `r.apk'

     0K .......... .......... .......... .......... .......... 10% 73.8K 6s
    50K .......... .......... .......... .......... .......... 20% 73.9K 5s
   100K .......... .......... .......... .......... .......... 30%  224K 4s
   150K .......... .......... .......... .......... .......... 40%  224K 3s
   200K .......... .......... .......... .......... .......... 50%  207K 2s
   250K .......... .......... .......... .......... .......... 60%  116K 2s
   300K .......... .......... .......... .......... .......... 70%  178K 1s
   350K .......... .......... .......... .......... .......... 80% 82.0K 1s
   400K .......... .......... .......... .......... .......... 90% 12.1M 0s
   450K .......... .......... .......... .......... ........  100%  173K=3.6s

2017-02-20 21:10:09 (137 KB/s) - `r.apk' saved [509988/509988]

