--2016-12-09 14:44:09--  http://hn93.10006.info/hn_ty/ty
Resolving hn93.10006.info... 218.77.121.93
Connecting to hn93.10006.info|218.77.121.93|:80... connected.
HTTP request sent, awaiting response... 200 OK
Length: 1891 (1.8K) [text/html]
Saving to: `ty'

     0K .                                                     100%  150M=0s

2016-12-09 14:44:09 (150 MB/s) - `ty' saved [1891/1891]

=======================The second times wget =====================
--2016-12-09 14:44:10--  http://api.tv189.com/v2/115020310221__02870121.apk?
Resolving api.tv189.com... 180.153.149.13
Connecting to api.tv189.com|180.153.149.13|:80... connected.
HTTP request sent, awaiting response... 302 Moved Temporarily
Location: http://lteams.tv189.com/uploads/client/2016-12-02/Com_TYSX_VIDEO_PLUS_5.3.13.xx_gt_5.3.13.24ctch1_AD_P_20161129_02870121.apk [following]
--2016-12-09 14:44:12--  http://lteams.tv189.com/uploads/client/2016-12-02/Com_TYSX_VIDEO_PLUS_5.3.13.xx_gt_5.3.13.24ctch1_AD_P_20161129_02870121.apk
Resolving lteams.tv189.com... 180.153.149.15
Connecting to lteams.tv189.com|180.153.149.15|:80... connected.
HTTP request sent, awaiting response... 200 OK
Length: 10775793 (10M) [application/vnd.android.package-archive]
Saving to: `Com_TYSX_VIDEO_PLUS_5.3.13.xx_gt_5.3.13.24ctch1_AD_P_20161129_02870121.apk'

     0K .......... .......... .......... .......... ..........  0%  433K 24s
    50K .......... .......... .......... .......... ..........  0%  860K 18s
   100K .......... .......... .......... .......... ..........  1%  893K 16s
   150K .......... .......... .......... .......... ..........  1%  838K 15s
   200K .......... .......... .......... .......... ..........  2% 1.67M 13s
   250K .......... .......... .......... .......... ..........  2% 1.81M 12s
   300K .......... .......... .......... .......... ..........  3%  810K 12s
   350K .......... .......... .......... .......... ..........  3%  433K 13s
   400K .......... .......... .......... .......... ..........  4%  916K 13s
   450K .......... .......... .......... .......... ..........  4%  973K 13s
   500K .......... .......... .......... .......... ..........  5% 2.06M 12s
   550K .......... .......... .......... .......... ..........  5% 2.06M 11s
   600K .......... .......... .......... .......... ..........  6% 1.05M 11s
   650K .......... .......... .......... .......... ..........  6% 87.8M 10s
   700K .......... .......... .......... .......... ..........  7% 2.11M 10s
   750K .......... .......... .......... .......... ..........  7% 2.10M 9s
   800K .......... .......... .......... .......... ..........  8% 2.14M 9s
   850K .......... .......... .......... .......... ..........  8% 65.1M 8s
   900K .......... .......... .......... .......... ..........  9% 2.12M 8s
   950K .......... .......... .......... .......... ..........  9%  111M 8s
  1000K .......... .......... .......... .......... ..........  9% 2.12M 8s
  1050K .......... .......... .......... .......... .......... 10%  191M 7s
  1100K .......... .......... .......... .......... .......... 10% 2.17M 7s
  1150K .......... .......... .......... .......... .......... 11% 62.5M 7s
  1200K .......... .......... .......... .......... .......... 11%  126M 6s
  1250K .......... .......... .......... .......... .......... 12% 2.19M 6s
  1300K .......... .......... .......... .......... .......... 12% 69.8M 6s
  1350K .......... .......... .......... .......... .......... 13% 67.5M 6s
  1400K .......... .......... .......... .......... .......... 13% 2.24M 6s
  1450K .......... .......... .......... .......... .......... 14% 65.5M 5s
  1500K .......... .......... .......... .......... .......... 14%  151M 5s
  1550K .......... .......... .......... .......... .......... 15% 61.0M 5s
  1600K .......... .......... .......... .......... .......... 15% 2.24M 5s
  1650K .......... .......... .......... .......... .......... 16% 70.0M 5s
  1700K .......... .......... .......... .......... .......... 16% 84.2M 5s
  1750K .......... .......... .......... .......... .......... 17% 2.26M 5s
  1800K .......... .......... .......... .......... .......... 17% 75.5M 4s
  1850K .......... .......... .......... .......... .......... 18% 72.4M 4s
  1900K .......... .......... .......... .......... .......... 18%  100M 4s
  1950K .......... .......... .......... .......... .......... 19% 2.25M 4s
  2000K .......... .......... .......... .......... .......... 19% 95.2M 4s
  2050K .......... .......... .......... .......... .......... 19% 71.0M 4s
  2100K .......... .......... .......... .......... .......... 20%  113M 4s
  2150K .......... .......... .......... .......... .......... 20% 2.25M 4s
  2200K .......... .......... .......... .......... .......... 21% 82.3M 4s
  2250K .......... .......... .......... .......... .......... 21% 76.2M 4s
  2300K .......... .......... .......... .......... .......... 22%  110M 3s
  2350K .......... .......... .......... .......... .......... 22% 2.25M 3s
  2400K .......... .......... .......... .......... .......... 23% 79.8M 3s
  2450K .......... .......... .......... .......... .......... 23% 79.8M 3s
  2500K .......... .......... .......... .......... .......... 24% 99.0M 3s
  2550K .......... .......... .......... .......... .......... 24% 2.26M 3s
  2600K .......... .......... .......... .......... .......... 25% 87.5M 3s
  2650K .......... .......... .......... .......... .......... 25% 64.9M 3s
  2700K .......... .......... .......... .......... .......... 26% 96.5M 3s
  2750K .......... .......... .......... .......... .......... 26% 2.28M 3s
  2800K .......... .......... .......... .......... .......... 27% 44.3M 3s
  2850K .......... .......... .......... .......... .......... 27%  102M 3s
  2900K .......... .......... .......... .......... .......... 28% 88.8M 3s
  2950K .......... .......... .......... .......... .......... 28% 2.30M 3s
  3000K .......... .......... .......... .......... .......... 28% 36.6M 3s
  3050K .......... .......... .......... .......... .......... 29%  105M 3s
  3100K .......... .......... .......... .......... .......... 29% 82.6M 3s
  3150K .......... .......... .......... .......... .......... 30% 2.33M 3s
  3200K .......... .......... .......... .......... .......... 30% 39.3M 3s
  3250K .......... .......... .......... .......... .......... 31%  102M 2s
  3300K .......... .......... .......... .......... .......... 31% 76.1M 2s
  3350K .......... .......... .......... .......... .......... 32% 2.09M 2s
  3400K .......... .......... .......... .......... .......... 32%  188M 2s
  3450K .......... .......... .......... .......... .......... 33%  195M 2s
  3500K .......... .......... .......... .......... .......... 33%  109M 2s
  3550K .......... .......... .......... .......... .......... 34% 2.06M 2s
  3600K .......... .......... .......... .......... .......... 34%  190M 2s
  3650K .......... .......... .......... .......... .......... 35%  186M 2s
  3700K .......... .......... .......... .......... .......... 35%  210M 2s
  3750K .......... .......... .......... .......... .......... 36% 1.68M 2s
  3800K .......... .......... .......... .......... .......... 36%  190M 2s
  3850K .......... .......... .......... .......... .......... 37%  210M 2s
  3900K .......... .......... .......... .......... .......... 37%  217M 2s
  3950K .......... .......... .......... .......... .......... 38% 1.92M 2s
  4000K .......... .......... .......... .......... .......... 38%  189M 2s
  4050K .......... .......... .......... .......... .......... 38%  212M 2s
  4100K .......... .......... .......... .......... .......... 39%  216M 2s
  4150K .......... .......... .......... .......... .......... 39% 1.79M 2s
  4200K .......... .......... .......... .......... .......... 40%  165M 2s
  4250K .......... .......... .......... .......... .......... 40%  185M 2s
  4300K .......... .......... .......... .......... .......... 41%  201M 2s
  4350K .......... .......... .......... .......... .......... 41% 1.83M 2s
  4400K .......... .......... .......... .......... .......... 42%  103M 2s
  4450K .......... .......... .......... .......... .......... 42% 80.7M 2s
  4500K .......... .......... .......... .......... .......... 43%  156M 2s
  4550K .......... .......... .......... .......... .......... 43% 2.18M 2s
  4600K .......... .......... .......... .......... .......... 44%  193M 2s
  4650K .......... .......... .......... .......... .......... 44%  118M 2s
  4700K .......... .......... .......... .......... .......... 45%  102M 2s
  4750K .......... .......... .......... .......... .......... 45% 2.17M 2s
  4800K .......... .......... .......... .......... .......... 46%  132M 2s
  4850K .......... .......... .......... .......... .......... 46%  209M 2s
  4900K .......... .......... .......... .......... .......... 47%  119M 1s
  4950K .......... .......... .......... .......... .......... 47% 2.16M 1s
  5000K .......... .......... .......... .......... .......... 47% 96.1M 1s
  5050K .......... .......... .......... .......... .......... 48%  171M 1s
  5100K .......... .......... .......... .......... .......... 48%  173M 1s
  5150K .......... .......... .......... .......... .......... 49% 2.20M 1s
  5200K .......... .......... .......... .......... .......... 49% 92.0M 1s
  5250K .......... .......... .......... .......... .......... 50%  136M 1s
  5300K .......... .......... .......... .......... .......... 50% 95.2M 1s
  5350K .......... .......... .......... .......... .......... 51% 2.40M 1s
  5400K .......... .......... .......... .......... .......... 51% 21.9M 1s
  5450K .......... .......... .......... .......... .......... 52%  100M 1s
  5500K .......... .......... .......... .......... .......... 52% 84.9M 1s
  5550K .......... .......... .......... .......... .......... 53% 2.43M 1s
  5600K .......... .......... .......... .......... .......... 53% 21.5M 1s
  5650K .......... .......... .......... .......... .......... 54% 70.4M 1s
  5700K .......... .......... .......... .......... .......... 54% 99.2M 1s
  5750K .......... .......... .......... .......... .......... 55% 5.93M 1s
  5800K .......... .......... .......... .......... .......... 55% 3.47M 1s
  5850K .......... .......... .......... .......... .......... 56% 68.1M 1s
  5900K .......... .......... .......... .......... .......... 56%  144M 1s
  5950K .......... .......... .......... .......... .......... 57% 5.90M 1s
  6000K .......... .......... .......... .......... .......... 57% 3.44M 1s
  6050K .......... .......... .......... .......... .......... 57% 89.3M 1s
  6100K .......... .......... .......... .......... .......... 58% 68.6M 1s
  6150K .......... .......... .......... .......... .......... 58% 6.28M 1s
  6200K .......... .......... .......... .......... .......... 59% 3.46M 1s
  6250K .......... .......... .......... .......... .......... 59% 91.3M 1s
  6300K .......... .......... .......... .......... .......... 60% 6.11M 1s
  6350K .......... .......... .......... .......... .......... 60% 3.45M 1s
  6400K .......... .......... .......... .......... .......... 61% 59.1M 1s
  6450K .......... .......... .......... .......... .......... 61%  130M 1s
  6500K .......... .......... .......... .......... .......... 62% 6.18M 1s
  6550K .......... .......... .......... .......... .......... 62% 3.49M 1s
  6600K .......... .......... .......... .......... .......... 63% 34.9M 1s
  6650K .......... .......... .......... .......... .......... 63% 51.1M 1s
  6700K .......... .......... .......... .......... .......... 64% 6.88M 1s
  6750K .......... .......... .......... .......... .......... 64% 3.51M 1s
  6800K .......... .......... .......... .......... .......... 65% 34.8M 1s
  6850K .......... .......... .......... .......... .......... 65% 95.0M 1s
  6900K .......... .......... .......... .......... .......... 66% 6.53M 1s
  6950K .......... .......... .......... .......... .......... 66% 3.55M 1s
  7000K .......... .......... .......... .......... .......... 66% 26.2M 1s
  7050K .......... .......... .......... .......... .......... 67% 86.3M 1s
  7100K .......... .......... .......... .......... .......... 67%  105M 1s
  7150K .......... .......... .......... .......... .......... 68% 2.40M 1s
  7200K .......... .......... .......... .......... .......... 68% 23.4M 1s
  7250K .......... .......... .......... .......... .......... 69% 97.1M 1s
  7300K .......... .......... .......... .......... .......... 69%  103M 1s
  7350K .......... .......... .......... .......... .......... 70% 2.42M 1s
  7400K .......... .......... .......... .......... .......... 70% 23.2M 1s
  7450K .......... .......... .......... .......... .......... 71% 62.2M 1s
  7500K .......... .......... .......... .......... .......... 71%  110M 1s
  7550K .......... .......... .......... .......... .......... 72% 2.67M 1s
  7600K .......... .......... .......... .......... .......... 72% 13.1M 1s
  7650K .......... .......... .......... .......... .......... 73% 52.4M 1s
  7700K .......... .......... .......... .......... .......... 73%  101M 1s
  7750K .......... .......... .......... .......... .......... 74% 2.68M 1s
  7800K .......... .......... .......... .......... .......... 74% 12.7M 1s
  7850K .......... .......... .......... .......... .......... 75% 50.9M 1s
  7900K .......... .......... .......... .......... .......... 75%  109M 1s
  7950K .......... .......... .......... .......... .......... 76% 6.91M 1s
  8000K .......... .......... .......... .......... .......... 76% 3.24M 1s
  8050K .......... .......... .......... .......... .......... 76% 79.5M 1s
  8100K .......... .......... .......... .......... .......... 77% 75.2M 0s
  8150K .......... .......... .......... .......... .......... 77% 6.81M 0s
  8200K .......... .......... .......... .......... .......... 78% 3.27M 0s
  8250K .......... .......... .......... .......... .......... 78% 67.8M 0s
  8300K .......... .......... .......... .......... .......... 79% 86.9M 0s
  8350K .......... .......... .......... .......... .......... 79% 7.00M 0s
  8400K .......... .......... .......... .......... .......... 80% 3.18M 0s
  8450K .......... .......... .......... .......... .......... 80% 81.5M 0s
  8500K .......... .......... .......... .......... .......... 81%  143M 0s
  8550K .......... .......... .......... .......... .......... 81% 7.05M 0s
  8600K .......... .......... .......... .......... .......... 82% 3.19M 0s
  8650K .......... .......... .......... .......... .......... 82% 77.3M 0s
  8700K .......... .......... .......... .......... .......... 83% 88.3M 0s
  8750K .......... .......... .......... .......... .......... 83% 7.30M 0s
  8800K .......... .......... .......... .......... .......... 84% 3.15M 0s
  8850K .......... .......... .......... .......... .......... 84% 93.9M 0s
  8900K .......... .......... .......... .......... .......... 85% 64.2M 0s
  8950K .......... .......... .......... .......... .......... 85% 7.50M 0s
  9000K .......... .......... .......... .......... .......... 86% 3.11M 0s
  9050K .......... .......... .......... .......... .......... 86%  102M 0s
  9100K .......... .......... .......... .......... .......... 86% 72.9M 0s
  9150K .......... .......... .......... .......... .......... 87% 7.58M 0s
  9200K .......... .......... .......... .......... .......... 87% 3.10M 0s
  9250K .......... .......... .......... .......... .......... 88%  111M 0s
  9300K .......... .......... .......... .......... .......... 88% 77.5M 0s
  9350K .......... .......... .......... .......... .......... 89% 7.23M 0s
  9400K .......... .......... .......... .......... .......... 89% 3.12M 0s
  9450K .......... .......... .......... .......... .......... 90%  166M 0s
  9500K .......... .......... .......... .......... .......... 90% 70.2M 0s
  9550K .......... .......... .......... .......... .......... 91% 7.26M 0s
  9600K .......... .......... .......... .......... .......... 91% 3.11M 0s
  9650K .......... .......... .......... .......... .......... 92%  116M 0s
  9700K .......... .......... .......... .......... .......... 92% 71.2M 0s
  9750K .......... .......... .......... .......... .......... 93% 7.47M 0s
  9800K .......... .......... .......... .......... .......... 93% 3.14M 0s
  9850K .......... .......... .......... .......... .......... 94% 68.6M 0s
  9900K .......... .......... .......... .......... .......... 94% 77.3M 0s
  9950K .......... .......... .......... .......... .......... 95% 7.57M 0s
 10000K .......... .......... .......... .......... .......... 95% 3.14M 0s
 10050K .......... .......... .......... .......... .......... 95% 60.0M 0s
 10100K .......... .......... .......... .......... .......... 96%  104M 0s
 10150K .......... .......... .......... .......... .......... 96% 7.27M 0s
 10200K .......... .......... .......... .......... .......... 97% 3.16M 0s
 10250K .......... .......... .......... .......... .......... 97% 63.9M 0s
 10300K .......... .......... .......... .......... .......... 98% 75.8M 0s
 10350K .......... .......... .......... .......... .......... 98% 7.35M 0s
 10400K .......... .......... .......... .......... .......... 99% 3.19M 0s
 10450K .......... .......... .......... .......... .......... 99% 72.9M 0s
 10500K .......... .......... ...                             100% 40.7M=2.0s

2016-12-09 14:44:15 (5.17 MB/s) - `Com_TYSX_VIDEO_PLUS_5.3.13.xx_gt_5.3.13.24ctch1_AD_P_20161129_02870121.apk' saved [10775793/10775793]

