--2017-01-02 22:38:07--  http://hlspc.cn/lue3
Resolving hlspc.cn... 103.56.114.41
Connecting to hlspc.cn|103.56.114.41|:80... connected.
HTTP request sent, awaiting response... 301 Moved Permanently
Location: http://hlspc.cn/lue3/ [following]
--2017-01-02 22:38:09--  http://hlspc.cn/lue3/
Reusing existing connection to hlspc.cn:80.
HTTP request sent, awaiting response... 302 Object moved
Location: %C2%BC%CF%F1.apk [following]
--2017-01-02 22:38:09--  http://hlspc.cn/lue3/%C2%BC%CF%F1.apk
Reusing existing connection to hlspc.cn:80.
HTTP request sent, awaiting response... 200 OK
Length: 213501 (208K) [application/vnd.android.package-archive]
Saving to: `Â¼Ïñ.apk'

     0K .......... .......... .......... .......... .......... 23%  811K 0s
    50K .......... .......... .......... .......... .......... 47%  561K 0s
   100K .......... .......... .......... .......... .......... 71%  612K 0s
   150K .......... .......... .......... .......... .......... 95%  651K 0s
   200K ........                                              100%  561K=0.3s

2017-01-02 22:38:10 (643 KB/s) - `Â¼Ïñ.apk' saved [213501/213501]

