--2017-03-08 19:57:13--  http://t.cn/RcBExAK
Resolving t.cn... 180.149.135.224
Connecting to t.cn|180.149.135.224|:80... connected.
HTTP request sent, awaiting response... 302 Found
Location: http://djkkjun2012.f3322.org/ [following]
--2017-03-08 19:57:15--  http://djkkjun2012.f3322.org/
Resolving djkkjun2012.f3322.org... 43.250.75.105
Connecting to djkkjun2012.f3322.org|43.250.75.105|:80... connected.
HTTP request sent, awaiting response... 302 Moved Temporarily
Location: Vdio_7be8.apk [following]
--2017-03-08 19:57:16--  http://djkkjun2012.f3322.org/Vdio_7be8.apk
Reusing existing connection to djkkjun2012.f3322.org:80.
HTTP request sent, awaiting response... 200 OK
Length: 213288 (208K) [application/vnd.android.package-archive apk]
Saving to: `Vdio_7be8.apk'

     0K .......... .......... .......... .......... .......... 24% 96.1K 2s
    50K .......... .......... .......... .......... .......... 48% 41.1K 2s
   100K .......... .......... .......... .......... .......... 72% 48.0K 1s
   150K .......... .......... .......... .......... .......... 96% 47.8K 0s
   200K ........                                              100% 14.2K=4.4s

2017-03-08 19:57:21 (47.3 KB/s) - `Vdio_7be8.apk' saved [213288/213288]

