--2017-01-09 03:19:04--  http://qenosa.cn/sdfeet
Resolving qenosa.cn... 103.211.125.148
Connecting to qenosa.cn|103.211.125.148|:80... connected.
HTTP request sent, awaiting response... 301 Moved Permanently
Location: http://qenosa.cn/sdfeet/ [following]
--2017-01-09 03:19:09--  http://qenosa.cn/sdfeet/
Reusing existing connection to qenosa.cn:80.
HTTP request sent, awaiting response... 302 Object moved
Location: xiangce.apk [following]
--2017-01-09 03:19:09--  http://qenosa.cn/sdfeet/xiangce.apk
Reusing existing connection to qenosa.cn:80.
HTTP request sent, awaiting response... 200 OK
Length: 213500 (208K) [application/vnd.android]
Saving to: `xiangce.apk'

     0K .......... .......... .......... .......... .......... 23%  503K 0s
    50K .......... .......... .......... .......... .......... 47%  632K 0s
   100K .......... .......... .......... .......... .......... 71%  614K 0s
   150K .......... .......... .......... .......... .......... 95%  632K 0s
   200K ........                                              100%  557K=0.4s

2017-01-09 03:19:09 (588 KB/s) - `xiangce.apk' saved [213500/213500]

