--2017-02-18 13:54:07--  http://www.fdc66.cn/
Resolving www.fdc66.cn... 115.159.180.225
Connecting to www.fdc66.cn|115.159.180.225|:80... connected.
HTTP request sent, awaiting response... 200 OK
Length: 273 [text/html]
Saving to: `index.html'

     0K                                                       100% 17.4M=0s

2017-02-18 13:54:07 (17.4 MB/s) - `index.html' saved [273/273]

=======================The second times wget =====================
--2017-02-18 13:54:08--  http://fdc66.cn/%E8%81%9A%E4%BC%9A%E7%9B%B8%E5%86%8C.apk
Resolving fdc66.cn... 115.159.180.225
Connecting to fdc66.cn|115.159.180.225|:80... connected.
HTTP request sent, awaiting response... 200 OK
Length: 948308 (926K) [application/vnd.android.package-archive]
Saving to: `è%81%9Aä¼%9Aç%9B¸å%86%8C.apk'

     0K .......... .......... .......... .......... ..........  5%  245K 4s
    50K .......... .......... .......... .......... .......... 10% 77.2K 7s
   100K .......... .......... .......... .......... .......... 16%  326K 5s
   150K .......... .......... .......... .......... .......... 21% 82.8K 6s
   200K .......... .......... .......... .......... .......... 26%  258K 5s
   250K .......... .......... .......... .......... .......... 32%  127K 5s
   300K .......... .......... .......... .......... .......... 37%  115K 4s
   350K .......... .......... .......... .......... .......... 43% 83.6K 4s
   400K .......... .......... .......... .......... .......... 48% 85.1M 3s
   450K .......... .......... .......... .......... .......... 53% 70.4K 3s
   500K .......... .......... .......... .......... .......... 59%  258K 3s
   550K .......... .......... .......... .......... .......... 64% 72.3K 3s
   600K .......... .......... .......... .......... .......... 70%  206K 2s
   650K .......... .......... .......... .......... .......... 75%  248K 2s
   700K .......... .......... .......... .......... .......... 80% 75.5K 1s
   750K .......... .......... .......... .......... .......... 86%  259K 1s
   800K .......... .......... .......... .......... .......... 91% 72.1K 1s
   850K .......... .......... .......... .......... .......... 97%  228K 0s
   900K .......... .......... ......                          100%  306K=7.1s

2017-02-18 13:54:17 (130 KB/s) - `è%81%9Aä¼%9Aç%9B¸å%86%8C.apk' saved [948308/948308]

