--2017-02-20 22:00:20--  http://nmgtuy.com/Vt
Resolving nmgtuy.com... 103.14.102.117
Connecting to nmgtuy.com|103.14.102.117|:80... connected.
HTTP request sent, awaiting response... 301 Moved Permanently
Location: http://nmgtuy.com/Vt/ [following]
--2017-02-20 22:00:21--  http://nmgtuy.com/Vt/
Reusing existing connection to nmgtuy.com:80.
HTTP request sent, awaiting response... 200 OK
Length: 662 [text/html]
Saving to: `index.html'

     0K                                                       100% 27.4M=0s

2017-02-20 22:00:22 (27.4 MB/s) - `index.html' saved [662/662]

=======================The second times wget =====================
--2017-02-20 22:00:22--  http://nmgtuy.com/Vt/2017%E8%A7%86%E9%A2%91.Mp4.apk
Resolving nmgtuy.com... 103.14.102.117
Connecting to nmgtuy.com|103.14.102.117|:80... connected.
HTTP request sent, awaiting response... 200 OK
Length: 204388 (200K) [application/vnd.android.package-archive]
Saving to: `2017è§%86é¢%91.Mp4.apk'

     0K .......... .......... .......... .......... .......... 25%  144K 1s
    50K .......... .......... .......... .......... .......... 50% 77.2K 1s
   100K .......... .......... .......... .......... .......... 75%  124K 0s
   150K .......... .......... .......... .......... ......... 100%  172K=1.7s

2017-02-20 22:00:24 (118 KB/s) - `2017è§%86é¢%91.Mp4.apk' saved [204388/204388]

