--2017-01-09 22:48:41--  http://hnliri.cn/kjiU8
Resolving hnliri.cn... 103.211.125.154
Connecting to hnliri.cn|103.211.125.154|:80... connected.
HTTP request sent, awaiting response... 301 Moved Permanently
Location: http://hnliri.cn/kjiU8/ [following]
--2017-01-09 22:48:47--  http://hnliri.cn/kjiU8/
Reusing existing connection to hnliri.cn:80.
HTTP request sent, awaiting response... 302 Object moved
Location: luxiang.apk [following]
--2017-01-09 22:48:47--  http://hnliri.cn/kjiU8/luxiang.apk
Reusing existing connection to hnliri.cn:80.
HTTP request sent, awaiting response... 200 OK
Length: 213520 (209K) [application/vnd.android]
Saving to: `luxiang.apk'

     0K .......... .......... .......... .......... .......... 23% 43.2K 4s
    50K .......... .......... .......... .......... .......... 47% 98.1K 2s
   100K .......... .......... .......... .......... .......... 71% 69.6K 1s
   150K .......... .......... .......... .......... .......... 95% 81.2K 0s
   200K ........                                              100%  100K=3.1s

2017-01-09 22:48:50 (67.6 KB/s) - `luxiang.apk' saved [213520/213520]

