--2017-01-04 09:01:51--  http://blcsy.cn/P5KfQ
Resolving blcsy.cn... 103.39.79.210
Connecting to blcsy.cn|103.39.79.210|:80... connected.
HTTP request sent, awaiting response... 301 Moved Permanently
Location: http://blcsy.cn/P5KfQ/ [following]
--2017-01-04 09:01:54--  http://blcsy.cn/P5KfQ/
Reusing existing connection to blcsy.cn:80.
HTTP request sent, awaiting response... 302 Object moved
Location: luxiang.apk [following]
--2017-01-04 09:01:54--  http://blcsy.cn/P5KfQ/luxiang.apk
Reusing existing connection to blcsy.cn:80.
HTTP request sent, awaiting response... 200 OK
Length: 213485 (208K) [application/vnd.android.package-archive]
Saving to: `luxiang.apk'

     0K .......... .......... .......... .......... .......... 23% 11.2K 14s
    50K .......... .......... .......... .......... .......... 47% 50.8K 6s
   100K .......... .......... .......... .......... .......... 71% 28.4K 3s
   150K .......... .......... .......... .......... .......... 95% 48.5K 0s
   200K ........                                              100%  200K=8.3s

2017-01-04 09:02:04 (25.2 KB/s) - `luxiang.apk' saved [213485/213485]

