--2017-01-14 19:21:58--  http://wap.thhjw.cc/ax
Resolving wap.thhjw.cc... 103.242.3.246
Connecting to wap.thhjw.cc|103.242.3.246|:80... connected.
HTTP request sent, awaiting response... 301 Moved Permanently
Location: http://wap.thhjw.cc/ax/ [following]
--2017-01-14 19:21:59--  http://wap.thhjw.cc/ax/
Reusing existing connection to wap.thhjw.cc:80.
HTTP request sent, awaiting response... 200 OK
Length: 247 [text/html]
Saving to: `index.html'

     0K                                                       100% 19.6M=0s

2017-01-14 19:22:00 (19.6 MB/s) - `index.html' saved [247/247]

=======================The second times wget =====================
--2017-01-14 19:22:00--  http://wap.thhjw.cc/ax/%C2%BC%CF%F12.apk
Resolving wap.thhjw.cc... 103.242.3.246
Connecting to wap.thhjw.cc|103.242.3.246|:80... connected.
HTTP request sent, awaiting response... 200 OK
Length: 209324 (204K) [application/vnd.android.package-archive]
Saving to: `Â¼Ïñ2.apk'

     0K .......... .......... .......... .......... .......... 24%  129K 1s
    50K .......... .......... .......... .......... .......... 48%  123K 1s
   100K .......... .......... .......... .......... .......... 73%  120K 0s
   150K .......... .......... .......... .......... .......... 97%  126K 0s
   200K ....                                                  100%  115K=1.6s

2017-01-14 19:22:01 (124 KB/s) - `Â¼Ïñ2.apk' saved [209324/209324]

