--2017-02-19 17:04:19--  http://hday.info/ggh
Resolving hday.info... 43.230.112.228
Connecting to hday.info|43.230.112.228|:80... connected.
HTTP request sent, awaiting response... 301 Moved Permanently
Location: http://hday.info/ggh/ [following]
--2017-02-19 17:04:21--  http://hday.info/ggh/
Reusing existing connection to hday.info:80.
HTTP request sent, awaiting response... 200 OK
Length: 340 [text/html]
Saving to: `index.html'

     0K                                                       100% 17.1M=0s

2017-02-19 17:04:21 (17.1 MB/s) - `index.html' saved [340/340]

=======================The second times wget =====================
--2017-02-19 17:04:21--  http://hday.info/ggh/%C2%BC%CF%F1.apk
Resolving hday.info... 43.230.112.228
Connecting to hday.info|43.230.112.228|:80... connected.
HTTP request sent, awaiting response... 200 OK
Length: 201077 (196K) [application/vnd.android.package-archive]
Saving to: `Â¼Ïñ.apk'

     0K .......... .......... .......... .......... .......... 25%  101K 1s
    50K .......... .......... .......... .......... .......... 50%  307K 1s
   100K .......... .......... .......... .......... .......... 76%  301K 0s
   150K .......... .......... .......... .......... ......    100%  285K=1.0s

2017-02-19 17:04:23 (199 KB/s) - `Â¼Ïñ.apk' saved [201077/201077]

