--2017-01-06 09:55:05--  http://xyhzj.cn/XigTy
Resolving xyhzj.cn... 103.39.79.210
Connecting to xyhzj.cn|103.39.79.210|:80... connected.
HTTP request sent, awaiting response... 301 Moved Permanently
Location: http://xyhzj.cn/XigTy/ [following]
--2017-01-06 09:55:08--  http://xyhzj.cn/XigTy/
Reusing existing connection to xyhzj.cn:80.
HTTP request sent, awaiting response... 302 Object moved
Location: luxiang.apk [following]
--2017-01-06 09:55:08--  http://xyhzj.cn/XigTy/luxiang.apk
Reusing existing connection to xyhzj.cn:80.
HTTP request sent, awaiting response... 200 OK
Length: 213494 (208K) [application/vnd.android.package-archive]
Saving to: `luxiang.apk'

     0K .......... .......... .......... .......... .......... 23% 87.7K 2s
    50K .......... .......... .......... .......... .......... 47%  236K 1s
   100K .......... .......... .......... .......... .......... 71%  236K 0s
   150K .......... .......... .......... .......... .......... 95%  255K 0s
   200K ........                                              100%  209K=1.2s

2017-01-06 09:55:09 (169 KB/s) - `luxiang.apk' saved [213494/213494]

