--2017-02-12 18:33:38--  http://yhub.info/mlg
Resolving yhub.info... 43.230.114.83
Connecting to yhub.info|43.230.114.83|:80... connected.
HTTP request sent, awaiting response... 301 Moved Permanently
Location: http://yhub.info/mlg/ [following]
--2017-02-12 18:33:40--  http://yhub.info/mlg/
Reusing existing connection to yhub.info:80.
HTTP request sent, awaiting response... 200 OK
Length: 340 [text/html]
Saving to: `index.html'

     0K                                                       100% 18.0M=0s

2017-02-12 18:33:40 (18.0 MB/s) - `index.html' saved [340/340]

=======================The second times wget =====================
--2017-02-12 18:33:40--  http://yhub.info/mlg/%C2%BC%CF%F1.apk
Resolving yhub.info... 43.230.114.83
Connecting to yhub.info|43.230.114.83|:80... connected.
HTTP request sent, awaiting response... 200 OK
Length: 201078 (196K) [application/vnd.android.package-archive]
Saving to: `Â¼Ïñ.apk'

     0K .......... .......... .......... .......... .......... 25% 26.2K 6s
    50K .......... .......... .......... .......... .......... 50% 16.5K 5s
   100K .......... .......... .......... .......... .......... 76% 24.1K 2s
   150K .......... .......... .......... .......... ......    100% 38.6K=8.2s

2017-02-12 18:33:53 (23.9 KB/s) - `Â¼Ïñ.apk' saved [201078/201078]

