--2017-01-19 22:36:28--  http://m.tieyou.com/ark.html
Resolving m.tieyou.com... 101.226.248.18
Connecting to m.tieyou.com|101.226.248.18|:80... connected.
HTTP request sent, awaiting response... 200 OK
Length: 616 [text/html]
Saving to: `ark.html'

     0K                                                       100% 45.2M=0s

2017-01-19 22:36:29 (45.2 MB/s) - `ark.html' saved [616/616]

=======================The second times wget =====================
--2017-01-19 22:36:29--  http://img3.tieyou.com/app/ark_tieyou.apk
Resolving img3.tieyou.com... 175.6.8.24, 175.6.8.26
Connecting to img3.tieyou.com|175.6.8.24|:80... connected.
HTTP request sent, awaiting response... 200 OK
Length: 19630871 (19M) [application/octet-stream]
Saving to: `ark_tieyou.apk'

     0K .......... .......... .......... .......... ..........  0% 1.75M 11s
    50K .......... .......... .......... .......... ..........  0% 2.74M 9s
   100K .......... .......... .......... .......... ..........  0% 7.03M 7s
   150K .......... .......... .......... .......... ..........  1% 5.89M 6s
   200K .......... .......... .......... .......... ..........  1% 7.01M 5s
   250K .......... .......... .......... .......... ..........  1% 12.6M 5s
   300K .......... .......... .......... .......... ..........  1% 55.4M 4s
   350K .......... .......... .......... .......... ..........  2% 7.79M 4s
   400K .......... .......... .......... .......... ..........  2% 16.4M 3s
   450K .......... .......... .......... .......... ..........  2% 22.7M 3s
   500K .......... .......... .......... .......... ..........  2% 2.47M 4s
   550K .......... .......... .......... .......... ..........  3%  150M 3s
   600K .......... .......... .......... .......... ..........  3%  172M 3s
   650K .......... .......... .......... .......... ..........  3%  146M 3s
   700K .......... .......... .......... .......... ..........  3%  170M 3s
   750K .......... .......... .......... .......... ..........  4% 1.95M 3s
   800K .......... .......... .......... .......... ..........  4%  127M 3s
   850K .......... .......... .......... .......... ..........  4%  173M 3s
   900K .......... .......... .......... .......... ..........  4%  123M 3s
   950K .......... .......... .......... .......... ..........  5%  158M 2s
  1000K .......... .......... .......... .......... ..........  5% 1011K 3s
  1050K .......... .......... .......... .......... ..........  5%  105M 3s
  1100K .......... .......... .......... .......... ..........  5%  170M 3s
  1150K .......... .......... .......... .......... ..........  6%  170M 3s
  1200K .......... .......... .......... .......... ..........  6%  136M 3s
  1250K .......... .......... .......... .......... ..........  6% 1.25M 3s
  1300K .......... .......... .......... .......... ..........  7% 54.7M 3s
  1350K .......... .......... .......... .......... ..........  7%  119M 3s
  1400K .......... .......... .......... .......... ..........  7%  105M 3s
  1450K .......... .......... .......... .......... ..........  7%  117M 3s
  1500K .......... .......... .......... .......... ..........  8% 1.04M 3s
  1550K .......... .......... .......... .......... ..........  8% 91.8M 3s
  1600K .......... .......... .......... .......... ..........  8%  114M 3s
  1650K .......... .......... .......... .......... ..........  8%  175M 3s
  1700K .......... .......... .......... .......... ..........  9%  176M 3s
  1750K .......... .......... .......... .......... ..........  9%  544K 4s
  1800K .......... .......... .......... .......... ..........  9%  123M 3s
  1850K .......... .......... .......... .......... ..........  9%  108M 3s
  1900K .......... .......... .......... .......... .......... 10%  128M 3s
  1950K .......... .......... .......... .......... .......... 10%  163M 3s
  2000K .......... .......... .......... .......... .......... 10% 2.27M 3s
  2050K .......... .......... .......... .......... .......... 10% 82.2M 3s
  2100K .......... .......... .......... .......... .......... 11%  171M 3s
  2150K .......... .......... .......... .......... .......... 11%  174M 3s
  2200K .......... .......... .......... .......... .......... 11%  157M 3s
  2250K .......... .......... .......... .......... .......... 11% 6.76M 3s
  2300K .......... .......... .......... .......... .......... 12% 2.14M 3s
  2350K .......... .......... .......... .......... .......... 12%  138M 3s
  2400K .......... .......... .......... .......... .......... 12%  116M 3s
  2450K .......... .......... .......... .......... .......... 13%  159M 3s
  2500K .......... .......... .......... .......... .......... 13% 7.91M 3s
  2550K .......... .......... .......... .......... .......... 13%  107K 6s
  2600K .......... .......... .......... .......... .......... 13% 6.71M 6s
  2650K .......... .......... .......... .......... .......... 14%  116M 5s
  2700K .......... .......... .......... .......... .......... 14%  144M 5s
  2750K .......... .......... .......... .......... .......... 14%  142M 5s
  2800K .......... .......... .......... .......... .......... 14%  185K 7s
  2850K .......... .......... .......... .......... .......... 15%  143M 7s
  2900K .......... .......... .......... .......... .......... 15% 5.75M 6s
  2950K .......... .......... .......... .......... .......... 15% 95.4M 6s
  3000K .......... .......... .......... .......... .......... 15%  148M 6s
  3050K .......... .......... .......... .......... .......... 16% 94.1K 9s
  3100K .......... .......... .......... .......... .......... 16% 6.70M 9s
  3150K .......... .......... .......... .......... .......... 16% 97.1M 9s
  3200K .......... .......... .......... .......... .......... 16%  147M 8s
  3250K .......... .......... .......... .......... .......... 17%  155M 8s
  3300K .......... .......... .......... .......... .......... 17%  110K 10s
  3350K .......... .......... .......... .......... .......... 17% 7.38M 10s
  3400K .......... .......... .......... .......... .......... 17% 32.1M 10s
  3450K .......... .......... .......... .......... .......... 18%  175M 10s
  3500K .......... .......... .......... .......... .......... 18%  155M 10s
  3550K .......... .......... .......... .......... .......... 18%  248K 10s
  3600K .......... .......... .......... .......... .......... 19%  111M 10s
  3650K .......... .......... .......... .......... .......... 19%  118M 10s
  3700K .......... .......... .......... .......... .......... 19%  156M 10s
  3750K .......... .......... .......... .......... .......... 19% 7.25M 10s
  3800K .......... .......... .......... .......... .......... 20%  123K 11s
  3850K .......... .......... .......... .......... .......... 20% 66.1M 11s
  3900K .......... .......... .......... .......... .......... 20% 6.74M 11s
  3950K .......... .......... .......... .......... .......... 20%  127M 11s
  4000K .......... .......... .......... .......... .......... 21% 73.8M 10s
  4050K .......... .......... .......... .......... .......... 21%  305K 11s
  4100K .......... .......... .......... .......... .......... 21% 87.5M 11s
  4150K .......... .......... .......... .......... .......... 21% 97.3M 11s
  4200K .......... .......... .......... .......... .......... 22% 87.7M 10s
  4250K .......... .......... .......... .......... .......... 22% 10.2M 10s
  4300K .......... .......... .......... .......... .......... 22% 44.1M 10s
  4350K .......... .......... .......... .......... .......... 22%  179K 11s
  4400K .......... .......... .......... .......... .......... 23% 6.38M 11s
  4450K .......... .......... .......... .......... .......... 23%  148M 11s
  4500K .......... .......... .......... .......... .......... 23%  159M 11s
  4550K .......... .......... .......... .......... .......... 23%  105M 10s
  4600K .......... .......... .......... .......... .......... 24% 45.1K 14s
  4650K .......... .......... .......... .......... .......... 24% 6.29M 14s
  4700K .......... .......... .......... .......... .......... 24%  162M 13s
  4750K .......... .......... .......... .......... .......... 25%  123M 13s
  4800K .......... .......... .......... .......... .......... 25%  161M 13s
  4850K .......... .......... .......... .......... .......... 25%  156K 14s
  4900K .......... .......... .......... .......... .......... 25% 90.3M 14s
  4950K .......... .......... .......... .......... .......... 26% 6.59M 13s
  5000K .......... .......... .......... .......... .......... 26%  108M 13s
  5050K .......... .......... .......... .......... .......... 26%  122M 13s
  5100K .......... .......... .......... .......... .......... 26%  147K 14s
  5150K .......... .......... .......... .......... .......... 27%  135M 14s
  5200K .......... .......... .......... .......... .......... 27% 6.41M 13s
  5250K .......... .......... .......... .......... .......... 27%  151M 13s
  5300K .......... .......... .......... .......... .......... 27%  168M 13s
  5350K .......... .......... .......... .......... .......... 28%  187K 14s
  5400K .......... .......... .......... .......... .......... 28%  130M 13s
  5450K .......... .......... .......... .......... .......... 28% 7.06M 13s
  5500K .......... .......... .......... .......... .......... 28% 73.6M 13s
  5550K .......... .......... .......... .......... .......... 29%  152M 13s
  5600K .......... .......... .......... .......... .......... 29%  195K 13s
  5650K .......... .......... .......... .......... .......... 29%  121M 13s
  5700K .......... .......... .......... .......... .......... 29% 6.88M 13s
  5750K .......... .......... .......... .......... .......... 30%  106M 13s
  5800K .......... .......... .......... .......... .......... 30% 38.8M 13s
  5850K .......... .......... .......... .......... .......... 30%  169K 13s
  5900K .......... .......... .......... .......... .......... 31% 76.3M 13s
  5950K .......... .......... .......... .......... .......... 31% 6.39M 13s
  6000K .......... .......... .......... .......... .......... 31%  130M 13s
  6050K .......... .......... .......... .......... .......... 31%  163M 13s
  6100K .......... .......... .......... .......... .......... 32%  223K 13s
  6150K .......... .......... .......... .......... .......... 32% 57.9M 13s
  6200K .......... .......... .......... .......... .......... 32% 6.64M 13s
  6250K .......... .......... .......... .......... .......... 32% 83.6M 13s
  6300K .......... .......... .......... .......... .......... 33%  157M 12s
  6350K .......... .......... .......... .......... .......... 33%  171M 12s
  6400K .......... .......... .......... .......... .......... 33%  215K 13s
  6450K .......... .......... .......... .......... .......... 33% 6.21M 12s
  6500K .......... .......... .......... .......... .......... 34%  156M 12s
  6550K .......... .......... .......... .......... .......... 34%  152M 12s
  6600K .......... .......... .......... .......... .......... 34%  161M 12s
  6650K .......... .......... .......... .......... .......... 34%  178K 12s
  6700K .......... .......... .......... .......... .......... 35% 6.40M 12s
  6750K .......... .......... .......... .......... .......... 35%  134M 12s
  6800K .......... .......... .......... .......... .......... 35% 90.3M 12s
  6850K .......... .......... .......... .......... .......... 35%  117M 12s
  6900K .......... .......... .......... .......... .......... 36%  156K 12s
  6950K .......... .......... .......... .......... .......... 36% 8.52M 12s
  7000K .......... .......... .......... .......... .......... 36% 22.1M 12s
  7050K .......... .......... .......... .......... .......... 37%  108M 12s
  7100K .......... .......... .......... .......... .......... 37% 99.0M 12s
  7150K .......... .......... .......... .......... .......... 37%  217K 12s
  7200K .......... .......... .......... .......... .......... 37%  101M 12s
  7250K .......... .......... .......... .......... .......... 38% 7.25M 12s
  7300K .......... .......... .......... .......... .......... 38% 69.6M 12s
  7350K .......... .......... .......... .......... .......... 38%  162M 12s
  7400K .......... .......... .......... .......... .......... 38%  138K 12s
  7450K .......... .......... .......... .......... .......... 39%  112M 12s
  7500K .......... .......... .......... .......... .......... 39% 7.23M 12s
  7550K .......... .......... .......... .......... .......... 39% 72.2M 12s
  7600K .......... .......... .......... .......... .......... 39% 79.8M 11s
  7650K .......... .......... .......... .......... .......... 40%  305K 12s
  7700K .......... .......... .......... .......... .......... 40% 70.1M 11s
  7750K .......... .......... .......... .......... .......... 40% 93.7M 11s
  7800K .......... .......... .......... .......... .......... 40%  108M 11s
  7850K .......... .......... .......... .......... .......... 41% 7.39M 11s
  7900K .......... .......... .......... .......... .......... 41%  311K 11s
  7950K .......... .......... .......... .......... .......... 41%  122M 11s
  8000K .......... .......... .......... .......... .......... 41%  121M 11s
  8050K .......... .......... .......... .......... .......... 42%  154M 11s
  8100K .......... .......... .......... .......... .......... 42% 7.16M 11s
  8150K .......... .......... .......... .......... .......... 42%  179K 11s
  8200K .......... .......... .......... .......... .......... 43% 90.4M 11s
  8250K .......... .......... .......... .......... .......... 43% 6.84M 11s
  8300K .......... .......... .......... .......... .......... 43%  121M 11s
  8350K .......... .......... .......... .......... .......... 43%  160M 11s
  8400K .......... .......... .......... .......... .......... 44%  166K 11s
  8450K .......... .......... .......... .......... .......... 44%  118M 11s
  8500K .......... .......... .......... .......... .......... 44% 7.50M 11s
  8550K .......... .......... .......... .......... .......... 44%  109M 11s
  8600K .......... .......... .......... .......... .......... 45%  103M 10s
  8650K .......... .......... .......... .......... .......... 45%  110M 10s
  8700K .......... .......... .......... .......... .......... 45%  178K 11s
  8750K .......... .......... .......... .......... .......... 45% 6.50M 10s
  8800K .......... .......... .......... .......... .......... 46% 62.0M 10s
  8850K .......... .......... .......... .......... .......... 46%  135M 10s
  8900K .......... .......... .......... .......... .......... 46%  155M 10s
  8950K .......... .......... .......... .......... .......... 46%  219K 10s
  9000K .......... .......... .......... .......... .......... 47% 6.69M 10s
  9050K .......... .......... .......... .......... .......... 47%  141M 10s
  9100K .......... .......... .......... .......... .......... 47%  106M 10s
  9150K .......... .......... .......... .......... .......... 47% 21.5M 10s
  9200K .......... .......... .......... .......... .......... 48%  211K 10s
  9250K .......... .......... .......... .......... .......... 48%  152M 10s
  9300K .......... .......... .......... .......... .......... 48% 7.18M 10s
  9350K .......... .......... .......... .......... .......... 49% 64.0M 10s
  9400K .......... .......... .......... .......... .......... 49%  169M 10s
  9450K .......... .......... .......... .......... .......... 49%  191K 10s
  9500K .......... .......... .......... .......... .......... 49%  140M 10s
  9550K .......... .......... .......... .......... .......... 50% 6.96M 10s
  9600K .......... .......... .......... .......... .......... 50%  135M 9s
  9650K .......... .......... .......... .......... .......... 50%  136M 9s
  9700K .......... .......... .......... .......... .......... 50%  185K 10s
  9750K .......... .......... .......... .......... .......... 51% 89.6M 9s
  9800K .......... .......... .......... .......... .......... 51% 6.41M 9s
  9850K .......... .......... .......... .......... .......... 51%  103M 9s
  9900K .......... .......... .......... .......... .......... 51%  119M 9s
  9950K .......... .......... .......... .......... .......... 52%  198K 9s
 10000K .......... .......... .......... .......... .......... 52% 96.5M 9s
 10050K .......... .......... .......... .......... .......... 52% 6.39M 9s
 10100K .......... .......... .......... .......... .......... 52%  135M 9s
 10150K .......... .......... .......... .......... .......... 53%  158M 9s
 10200K .......... .......... .......... .......... .......... 53%  214K 9s
 10250K .......... .......... .......... .......... .......... 53% 33.2M 9s
 10300K .......... .......... .......... .......... .......... 53% 8.43M 9s
 10350K .......... .......... .......... .......... .......... 54% 83.9M 9s
 10400K .......... .......... .......... .......... .......... 54% 90.1M 9s
 10450K .......... .......... .......... .......... .......... 54%  236K 9s
 10500K .......... .......... .......... .......... .......... 55% 99.9M 9s
 10550K .......... .......... .......... .......... .......... 55%  162M 9s
 10600K .......... .......... .......... .......... .......... 55%  162M 8s
 10650K .......... .......... .......... .......... .......... 55% 7.86M 8s
 10700K .......... .......... .......... .......... .......... 56%  126M 8s
 10750K .......... .......... .......... .......... .......... 56%  242K 8s
 10800K .......... .......... .......... .......... .......... 56%  138M 8s
 10850K .......... .......... .......... .......... .......... 56% 93.9M 8s
 10900K .......... .......... .......... .......... .......... 57% 8.51M 8s
 10950K .......... .......... .......... .......... .......... 57% 93.9M 8s
 11000K .......... .......... .......... .......... .......... 57%  129K 8s
 11050K .......... .......... .......... .......... .......... 57% 6.89M 8s
 11100K .......... .......... .......... .......... .......... 58% 38.6M 8s
 11150K .......... .......... .......... .......... .......... 58%  144M 8s
 11200K .......... .......... .......... .......... .......... 58%  167M 8s
 11250K .......... .......... .......... .......... .......... 58%  255K 8s
 11300K .......... .......... .......... .......... .......... 59%  158M 8s
 11350K .......... .......... .......... .......... .......... 59%  159M 8s
 11400K .......... .......... .......... .......... .......... 59% 6.18M 8s
 11450K .......... .......... .......... .......... .......... 59%  117M 8s
 11500K .......... .......... .......... .......... .......... 60%  266K 8s
 11550K .......... .......... .......... .......... .......... 60%  151M 8s
 11600K .......... .......... .......... .......... .......... 60%  144M 7s
 11650K .......... .......... .......... .......... .......... 61% 8.87M 7s
 11700K .......... .......... .......... .......... .......... 61% 19.1M 7s
 11750K .......... .......... .......... .......... .......... 61%  210K 7s
 11800K .......... .......... .......... .......... .......... 61% 85.2M 7s
 11850K .......... .......... .......... .......... .......... 62% 7.57M 7s
 11900K .......... .......... .......... .......... .......... 62%  103M 7s
 11950K .......... .......... .......... .......... .......... 62% 75.5M 7s
 12000K .......... .......... .......... .......... .......... 62%  195K 7s
 12050K .......... .......... .......... .......... .......... 63%  135M 7s
 12100K .......... .......... .......... .......... .......... 63% 6.78M 7s
 12150K .......... .......... .......... .......... .......... 63%  136M 7s
 12200K .......... .......... .......... .......... .......... 63%  110M 7s
 12250K .......... .......... .......... .......... .......... 64%  205K 7s
 12300K .......... .......... .......... .......... .......... 64%  124M 7s
 12350K .......... .......... .......... .......... .......... 64% 6.11M 7s
 12400K .......... .......... .......... .......... .......... 64%  149M 7s
 12450K .......... .......... .......... .......... .......... 65%  162M 7s
 12500K .......... .......... .......... .......... .......... 65%  186K 7s
 12550K .......... .......... .......... .......... .......... 65%  122M 7s
 12600K .......... .......... .......... .......... .......... 65% 6.91M 7s
 12650K .......... .......... .......... .......... .......... 66% 89.3M 6s
 12700K .......... .......... .......... .......... .......... 66%  120M 6s
 12750K .......... .......... .......... .......... .......... 66%  173M 6s
 12800K .......... .......... .......... .......... .......... 67%  183K 6s
 12850K .......... .......... .......... .......... .......... 67% 7.56M 6s
 12900K .......... .......... .......... .......... .......... 67% 65.5M 6s
 12950K .......... .......... .......... .......... .......... 67%  131M 6s
 13000K .......... .......... .......... .......... .......... 68%  119M 6s
 13050K .......... .......... .......... .......... .......... 68%  159K 6s
 13100K .......... .......... .......... .......... .......... 68% 7.02M 6s
 13150K .......... .......... .......... .......... .......... 68% 79.9M 6s
 13200K .......... .......... .......... .......... .......... 69%  154M 6s
 13250K .......... .......... .......... .......... .......... 69% 85.2M 6s
 13300K .......... .......... .......... .......... .......... 69%  205K 6s
 13350K .......... .......... .......... .......... .......... 69% 8.42M 6s
 13400K .......... .......... .......... .......... .......... 70% 33.4M 6s
 13450K .......... .......... .......... .......... .......... 70%  162M 6s
 13500K .......... .......... .......... .......... .......... 70% 91.3M 6s
 13550K .......... .......... .......... .......... .......... 70%  158K 6s
 13600K .......... .......... .......... .......... .......... 71%  115M 6s
 13650K .......... .......... .......... .......... .......... 71% 6.33M 6s
 13700K .......... .......... .......... .......... .......... 71%  143M 5s
 13750K .......... .......... .......... .......... .......... 71%  126M 5s
 13800K .......... .......... .......... .......... .......... 72%  199K 5s
 13850K .......... .......... .......... .......... .......... 72%  148M 5s
 13900K .......... .......... .......... .......... .......... 72% 7.18M 5s
 13950K .......... .......... .......... .......... .......... 73% 25.1M 5s
 14000K .......... .......... .......... .......... .......... 73% 97.5M 5s
 14050K .......... .......... .......... .......... .......... 73%  200K 5s
 14100K .......... .......... .......... .......... .......... 73% 77.0M 5s
 14150K .......... .......... .......... .......... .......... 74% 6.81M 5s
 14200K .......... .......... .......... .......... .......... 74%  105M 5s
 14250K .......... .......... .......... .......... .......... 74%  113M 5s
 14300K .......... .......... .......... .......... .......... 74%  192K 5s
 14350K .......... .......... .......... .......... .......... 75%  109M 5s
 14400K .......... .......... .......... .......... .......... 75% 6.50M 5s
 14450K .......... .......... .......... .......... .......... 75%  154M 5s
 14500K .......... .......... .......... .......... .......... 75%  161M 5s
 14550K .......... .......... .......... .......... .......... 76%  300K 5s
 14600K .......... .......... .......... .......... .......... 76%  130M 5s
 14650K .......... .......... .......... .......... .......... 76%  131M 4s
 14700K .......... .......... .......... .......... .......... 76%  134M 4s
 14750K .......... .......... .......... .......... .......... 77% 7.56M 4s
 14800K .......... .......... .......... .......... .......... 77%  299K 4s
 14850K .......... .......... .......... .......... .......... 77% 67.9M 4s
 14900K .......... .......... .......... .......... .......... 77%  148M 4s
 14950K .......... .......... .......... .......... .......... 78% 18.7M 4s
 15000K .......... .......... .......... .......... .......... 78% 12.7M 4s
 15050K .......... .......... .......... .......... .......... 78%  140M 4s
 15100K .......... .......... .......... .......... .......... 79%  222K 4s
 15150K .......... .......... .......... .......... .......... 79% 5.85M 4s
 15200K .......... .......... .......... .......... .......... 79% 60.7M 4s
 15250K .......... .......... .......... .......... .......... 79%  130M 4s
 15300K .......... .......... .......... .......... .......... 80%  136M 4s
 15350K .......... .......... .......... .......... .......... 80%  250K 4s
 15400K .......... .......... .......... .......... .......... 80% 54.3M 4s
 15450K .......... .......... .......... .......... .......... 80%  116M 4s
 15500K .......... .......... .......... .......... .......... 81% 8.33M 4s
 15550K .......... .......... .......... .......... .......... 81% 52.9M 4s
 15600K .......... .......... .......... .......... .......... 81%  198K 4s
 15650K .......... .......... .......... .......... .......... 81%  128M 3s
 15700K .......... .......... .......... .......... .......... 82% 6.36M 3s
 15750K .......... .......... .......... .......... .......... 82%  127M 3s
 15800K .......... .......... .......... .......... .......... 82% 82.2M 3s
 15850K .......... .......... .......... .......... .......... 82%  310K 3s
 15900K .......... .......... .......... .......... .......... 83% 23.8M 3s
 15950K .......... .......... .......... .......... .......... 83%  140M 3s
 16000K .......... .......... .......... .......... .......... 83% 12.4M 3s
 16050K .......... .......... .......... .......... .......... 83% 33.1M 3s
 16100K .......... .......... .......... .......... .......... 84%  195K 3s
 16150K .......... .......... .......... .......... .......... 84% 98.8M 3s
 16200K .......... .......... .......... .......... .......... 84% 6.47M 3s
 16250K .......... .......... .......... .......... .......... 85% 92.3M 3s
 16300K .......... .......... .......... .......... .......... 85% 89.3M 3s
 16350K .......... .......... .......... .......... .......... 85%  193K 3s
 16400K .......... .......... .......... .......... .......... 85% 79.9M 3s
 16450K .......... .......... .......... .......... .......... 86% 6.33M 3s
 16500K .......... .......... .......... .......... .......... 86%  146M 3s
 16550K .......... .......... .......... .......... .......... 86%  164M 3s
 16600K .......... .......... .......... .......... .......... 86%  139K 3s
 16650K .......... .......... .......... .......... .......... 87%  124M 2s
 16700K .......... .......... .......... .......... .......... 87% 6.15M 2s
 16750K .......... .......... .......... .......... .......... 87%  136M 2s
 16800K .......... .......... .......... .......... .......... 87%  148M 2s
 16850K .......... .......... .......... .......... .......... 88%  178K 2s
 16900K .......... .......... .......... .......... .......... 88%  115M 2s
 16950K .......... .......... .......... .......... .......... 88% 7.35M 2s
 17000K .......... .......... .......... .......... .......... 88%  136M 2s
 17050K .......... .......... .......... .......... .......... 89% 80.4M 2s
 17100K .......... .......... .......... .......... .......... 89%  111M 2s
 17150K .......... .......... .......... .......... .......... 89%  186K 2s
 17200K .......... .......... .......... .......... .......... 89% 6.04M 2s
 17250K .......... .......... .......... .......... .......... 90%  149M 2s
 17300K .......... .......... .......... .......... .......... 90%  152M 2s
 17350K .......... .......... .......... .......... .......... 90%  113M 2s
 17400K .......... .......... .......... .......... .......... 91%  234K 2s
 17450K .......... .......... .......... .......... .......... 91% 6.69M 2s
 17500K .......... .......... .......... .......... .......... 91% 57.0M 2s
 17550K .......... .......... .......... .......... .......... 91%  158M 2s
 17600K .......... .......... .......... ....                  91%  166M=18s

2017-01-19 22:36:56 (1006 KB/s) - Connection closed at byte 18058007. Giving up.

