--2017-01-10 11:58:45--  http://xyhzj.cn/Lx3jI
Resolving xyhzj.cn... 103.211.125.148
Connecting to xyhzj.cn|103.211.125.148|:80... connected.
HTTP request sent, awaiting response... 301 Moved Permanently
Location: http://xyhzj.cn/Lx3jI/ [following]
--2017-01-10 11:58:49--  http://xyhzj.cn/Lx3jI/
Reusing existing connection to xyhzj.cn:80.
HTTP request sent, awaiting response... 302 Object moved
Location: xiangce.apk [following]
--2017-01-10 11:58:49--  http://xyhzj.cn/Lx3jI/xiangce.apk
Reusing existing connection to xyhzj.cn:80.
HTTP request sent, awaiting response... 200 OK
Length: 213498 (208K) [application/vnd.android]
Saving to: `xiangce.apk'

     0K .......... .......... .......... .......... .......... 23%  391K 0s
    50K .......... .......... .......... .......... .......... 47%  657K 0s
   100K .......... .......... .......... .......... .......... 71%  627K 0s
   150K .......... .......... .......... .......... .......... 95%  510K 0s
   200K ........                                              100% 16.6M=0.4s

2017-01-10 11:58:49 (546 KB/s) - `xiangce.apk' saved [213498/213498]

