--2017-01-06 16:33:19--  http://pingan.com/xz
Resolving pingan.com... 202.69.26.11
Connecting to pingan.com|202.69.26.11|:80... connected.
HTTP request sent, awaiting response... 301 Moved Permanently
Location: http://www.pingan.com/xz [following]
--2017-01-06 16:33:22--  http://www.pingan.com/xz
Resolving www.pingan.com... 202.69.26.11
Reusing existing connection to pingan.com:80.
HTTP request sent, awaiting response... 301 Moved Permanently
Location: http://bank.pingan.com/app/index.html?cid=cbank-sms-cgxz [following]
--2017-01-06 16:33:22--  http://bank.pingan.com/app/index.html?cid=cbank-sms-cgxz
Resolving bank.pingan.com... 222.243.149.21, 124.232.157.39
Connecting to bank.pingan.com|222.243.149.21|:80... connected.
HTTP request sent, awaiting response... 200 OK
Length: unspecified [text/html]
Saving to: `index.html?cid=cbank-sms-cgxz'

     0K ...                                                     118M=0s

2017-01-06 16:33:22 (118 MB/s) - `index.html?cid=cbank-sms-cgxz' saved [3085]

=======================The second times wget =====================
--2017-01-06 16:33:22--  http://download.pingan.com.cn/app/android/PABank/PABank.apk
Resolving download.pingan.com.cn... 222.243.111.124, 122.228.23.19
Connecting to download.pingan.com.cn|222.243.111.124|:80... connected.
HTTP request sent, awaiting response... 200 OK
Length: 31194862 (30M) [application/vnd.android.package-archive]
Saving to: `PABank.apk'

     0K .......... .......... .......... .......... ..........  0% 4.87M 6s
    50K .......... .......... .......... .......... ..........  0% 10.7M 4s
   100K .......... .......... .......... .......... ..........  0% 9.97M 4s
   150K .......... .......... .......... .......... ..........  0% 10.9M 4s
   200K .......... .......... .......... .......... ..........  0% 9.53M 4s
   250K .......... .......... .......... .......... ..........  0% 56.4M 3s
   300K .......... .......... .......... .......... ..........  1% 10.9M 3s
   350K .......... .......... .......... .......... ..........  1% 10.3M 3s
   400K .......... .......... .......... .......... ..........  1% 76.5M 3s
   450K .......... .......... .......... .......... ..........  1% 10.8M 3s
   500K .......... .......... .......... .......... ..........  1% 11.7M 3s
   550K .......... .......... .......... .......... ..........  1% 45.9M 2s
   600K .......... .......... .......... .......... ..........  2% 11.7M 2s
   650K .......... .......... .......... .......... ..........  2% 70.6M 2s
   700K .......... .......... .......... .......... ..........  2% 10.9M 2s
   750K .......... .......... .......... .......... ..........  2% 98.8M 2s
   800K .......... .......... .......... .......... ..........  2% 12.1M 2s
   850K .......... .......... .......... .......... ..........  2% 60.3M 2s
   900K .......... .......... .......... .......... ..........  3% 13.3M 2s
   950K .......... .......... .......... .......... ..........  3% 41.1M 2s
  1000K .......... .......... .......... .......... ..........  3%  136M 2s
  1050K .......... .......... .......... .......... ..........  3% 13.7M 2s
  1100K .......... .......... .......... .......... ..........  3% 71.5M 2s
  1150K .......... .......... .......... .......... ..........  3% 56.5M 2s
  1200K .......... .......... .......... .......... ..........  4% 15.2M 2s
  1250K .......... .......... .......... .......... ..........  4%  109M 2s
  1300K .......... .......... .......... .......... ..........  4% 55.5M 2s
  1350K .......... .......... .......... .......... ..........  4% 51.5M 2s
  1400K .......... .......... .......... .......... ..........  4% 15.6M 2s
  1450K .......... .......... .......... .......... ..........  4% 90.1M 2s
  1500K .......... .......... .......... .......... ..........  5% 29.7M 2s
  1550K .......... .......... .......... .......... ..........  5% 93.2M 2s
  1600K .......... .......... .......... .......... ..........  5% 27.5M 2s
  1650K .......... .......... .......... .......... ..........  5% 31.9M 2s
  1700K .......... .......... .......... .......... ..........  5% 39.7M 1s
  1750K .......... .......... .......... .......... ..........  5% 42.1M 1s
  1800K .......... .......... .......... .......... ..........  6%  102M 1s
  1850K .......... .......... .......... .......... ..........  6% 24.5M 1s
  1900K .......... .......... .......... .......... ..........  6% 78.9M 1s
  1950K .......... .......... .......... .......... ..........  6% 86.6M 1s
  2000K .......... .......... .......... .......... ..........  6% 25.1M 1s
  2050K .......... .......... .......... .......... ..........  6%  136M 1s
  2100K .......... .......... .......... .......... ..........  7% 23.1M 1s
  2150K .......... .......... .......... .......... ..........  7% 53.4M 1s
  2200K .......... .......... .......... .......... ..........  7%  129M 1s
  2250K .......... .......... .......... .......... ..........  7%  123M 1s
  2300K .......... .......... .......... .......... ..........  7% 38.6M 1s
  2350K .......... .......... .......... .......... ..........  7%  170M 1s
  2400K .......... .......... .......... .......... ..........  8% 17.2M 1s
  2450K .......... .......... .......... .......... ..........  8% 56.6M 1s
  2500K .......... .......... .......... .......... ..........  8% 98.6M 1s
  2550K .......... .......... .......... .......... ..........  8% 68.3M 1s
  2600K .......... .......... .......... .......... ..........  8%  117M 1s
  2650K .......... .......... .......... .......... ..........  8%  164M 1s
  2700K .......... .......... .......... .......... ..........  9% 16.0M 1s
  2750K .......... .......... .......... .......... ..........  9% 55.2M 1s
  2800K .......... .......... .......... .......... ..........  9% 65.3M 1s
  2850K .......... .......... .......... .......... ..........  9%  147M 1s
  2900K .......... .......... .......... .......... ..........  9%  143M 1s
  2950K .......... .......... .......... .......... ..........  9%  118M 1s
  3000K .......... .......... .......... .......... .......... 10%  140M 1s
  3050K .......... .......... .......... .......... .......... 10% 21.0M 1s
  3100K .......... .......... .......... .......... .......... 10% 47.8M 1s
  3150K .......... .......... .......... .......... .......... 10% 59.3M 1s
  3200K .......... .......... .......... .......... .......... 10%  176M 1s
  3250K .......... .......... .......... .......... .......... 10%  117M 1s
  3300K .......... .......... .......... .......... .......... 10%  149M 1s
  3350K .......... .......... .......... .......... .......... 11%  148M 1s
  3400K .......... .......... .......... .......... .......... 11% 17.0M 1s
  3450K .......... .......... .......... .......... .......... 11% 64.7M 1s
  3500K .......... .......... .......... .......... .......... 11%  139M 1s
  3550K .......... .......... .......... .......... .......... 11% 58.8M 1s
  3600K .......... .......... .......... .......... .......... 11%  104M 1s
  3650K .......... .......... .......... .......... .......... 12%  173M 1s
  3700K .......... .......... .......... .......... .......... 12%  174M 1s
  3750K .......... .......... .......... .......... .......... 12% 28.2M 1s
  3800K .......... .......... .......... .......... .......... 12%  121M 1s
  3850K .......... .......... .......... .......... .......... 12% 79.8M 1s
  3900K .......... .......... .......... .......... .......... 12%  140M 1s
  3950K .......... .......... .......... .......... .......... 13% 49.5M 1s
  4000K .......... .......... .......... .......... .......... 13% 30.7M 1s
  4050K .......... .......... .......... .......... .......... 13% 97.3M 1s
  4100K .......... .......... .......... .......... .......... 13%  101M 1s
  4150K .......... .......... .......... .......... .......... 13% 95.2M 1s
  4200K .......... .......... .......... .......... .......... 13%  139M 1s
  4250K .......... .......... .......... .......... .......... 14% 72.2M 1s
  4300K .......... .......... .......... .......... .......... 14%  108M 1s
  4350K .......... .......... .......... .......... .......... 14%  188M 1s
  4400K .......... .......... .......... .......... .......... 14% 26.4M 1s
  4450K .......... .......... .......... .......... .......... 14% 31.0M 1s
  4500K .......... .......... .......... .......... .......... 14% 66.8M 1s
  4550K .......... .......... .......... .......... .......... 15% 60.7M 1s
  4600K .......... .......... .......... .......... .......... 15%  122M 1s
  4650K .......... .......... .......... .......... .......... 15%  132M 1s
  4700K .......... .......... .......... .......... .......... 15%  178M 1s
  4750K .......... .......... .......... .......... .......... 15%  178M 1s
  4800K .......... .......... .......... .......... .......... 15% 71.9M 1s
  4850K .......... .......... .......... .......... .......... 16%  163M 1s
  4900K .......... .......... .......... .......... .......... 16% 66.9M 1s
  4950K .......... .......... .......... .......... .......... 16% 41.3M 1s
  5000K .......... .......... .......... .......... .......... 16% 82.9M 1s
  5050K .......... .......... .......... .......... .......... 16% 88.9M 1s
  5100K .......... .......... .......... .......... .......... 16% 85.1M 1s
  5150K .......... .......... .......... .......... .......... 17%  153M 1s
  5200K .......... .......... .......... .......... .......... 17% 78.8M 1s
  5250K .......... .......... .......... .......... .......... 17%  174M 1s
  5300K .......... .......... .......... .......... .......... 17% 53.3M 1s
  5350K .......... .......... .......... .......... .......... 17%  163M 1s
  5400K .......... .......... .......... .......... .......... 17% 93.7M 1s
  5450K .......... .......... .......... .......... .......... 18%  139M 1s
  5500K .......... .......... .......... .......... .......... 18% 55.7M 1s
  5550K .......... .......... .......... .......... .......... 18% 61.4M 1s
  5600K .......... .......... .......... .......... .......... 18%  182M 1s
  5650K .......... .......... .......... .......... .......... 18%  174M 1s
  5700K .......... .......... .......... .......... .......... 18% 72.0M 1s
  5750K .......... .......... .......... .......... .......... 19%  168M 1s
  5800K .......... .......... .......... .......... .......... 19% 79.9M 1s
  5850K .......... .......... .......... .......... .......... 19% 85.2M 1s
  5900K .......... .......... .......... .......... .......... 19%  100M 1s
  5950K .......... .......... .......... .......... .......... 19% 44.1M 1s
  6000K .......... .......... .......... .......... .......... 19% 35.8M 1s
  6050K .......... .......... .......... .......... .......... 20%  149M 1s
  6100K .......... .......... .......... .......... .......... 20% 46.0M 1s
  6150K .......... .......... .......... .......... .......... 20%  108M 1s
  6200K .......... .......... .......... .......... .......... 20% 64.6M 1s
  6250K .......... .......... .......... .......... .......... 20%  167M 1s
  6300K .......... .......... .......... .......... .......... 20%  176M 1s
  6350K .......... .......... .......... .......... .......... 21%  137M 1s
  6400K .......... .......... .......... .......... .......... 21%  176M 1s
  6450K .......... .......... .......... .......... .......... 21% 66.5M 1s
  6500K .......... .......... .......... .......... .......... 21% 45.9M 1s
  6550K .......... .......... .......... .......... .......... 21% 89.9M 1s
  6600K .......... .......... .......... .......... .......... 21%  130M 1s
  6650K .......... .......... .......... .......... .......... 21%  113M 1s
  6700K .......... .......... .......... .......... .......... 22% 97.9M 1s
  6750K .......... .......... .......... .......... .......... 22%  173M 1s
  6800K .......... .......... .......... .......... .......... 22% 58.8M 1s
  6850K .......... .......... .......... .......... .......... 22% 75.7M 1s
  6900K .......... .......... .......... .......... .......... 22%  136M 1s
  6950K .......... .......... .......... .......... .......... 22% 44.0M 1s
  7000K .......... .......... .......... .......... .......... 23%  156M 1s
  7050K .......... .......... .......... .......... .......... 23% 84.0M 1s
  7100K .......... .......... .......... .......... .......... 23%  171M 1s
  7150K .......... .......... .......... .......... .......... 23%  175M 1s
  7200K .......... .......... .......... .......... .......... 23%  109M 1s
  7250K .......... .......... .......... .......... .......... 23%  120M 1s
  7300K .......... .......... .......... .......... .......... 24%  123M 1s
  7350K .......... .......... .......... .......... .......... 24% 69.1M 1s
  7400K .......... .......... .......... .......... .......... 24% 56.9M 1s
  7450K .......... .......... .......... .......... .......... 24%  176M 1s
  7500K .......... .......... .......... .......... .......... 24% 63.1M 1s
  7550K .......... .......... .......... .......... .......... 24% 32.4M 1s
  7600K .......... .......... .......... .......... .......... 25% 47.3M 1s
  7650K .......... .......... .......... .......... .......... 25%  126M 1s
  7700K .......... .......... .......... .......... .......... 25% 89.9M 1s
  7750K .......... .......... .......... .......... .......... 25%  178M 1s
  7800K .......... .......... .......... .......... .......... 25%  104M 1s
  7850K .......... .......... .......... .......... .......... 25% 58.3M 1s
  7900K .......... .......... .......... .......... .......... 26%  181M 1s
  7950K .......... .......... .......... .......... .......... 26%  152M 1s
  8000K .......... .......... .......... .......... .......... 26%  166M 0s
  8050K .......... .......... .......... .......... .......... 26% 46.8M 0s
  8100K .......... .......... .......... .......... .......... 26% 30.4M 0s
  8150K .......... .......... .......... .......... .......... 26% 87.0M 0s
  8200K .......... .......... .......... .......... .......... 27% 82.3M 0s
  8250K .......... .......... .......... .......... .......... 27%  124M 0s
  8300K .......... .......... .......... .......... .......... 27%  182M 0s
  8350K .......... .......... .......... .......... .......... 27%  101M 0s
  8400K .......... .......... .......... .......... .......... 27%  124M 0s
  8450K .......... .......... .......... .......... .......... 27%  162M 0s
  8500K .......... .......... .......... .......... .......... 28%  140M 0s
  8550K .......... .......... .......... .......... .......... 28% 84.2M 0s
  8600K .......... .......... .......... .......... .......... 28% 58.5M 0s
  8650K .......... .......... .......... .......... .......... 28% 74.2M 0s
  8700K .......... .......... .......... .......... .......... 28% 45.5M 0s
  8750K .......... .......... .......... .......... .......... 28% 45.5M 0s
  8800K .......... .......... .......... .......... .......... 29%  173M 0s
  8850K .......... .......... .......... .......... .......... 29%  135M 0s
  8900K .......... .......... .......... .......... .......... 29%  111M 0s
  8950K .......... .......... .......... .......... .......... 29%  113M 0s
  9000K .......... .......... .......... .......... .......... 29%  132M 0s
  9050K .......... .......... .......... .......... .......... 29%  184M 0s
  9100K .......... .......... .......... .......... .......... 30% 28.2M 0s
  9150K .......... .......... .......... .......... .......... 30% 45.8M 0s
  9200K .......... .......... .......... .......... .......... 30%  149M 0s
  9250K .......... .......... .......... .......... .......... 30%  171M 0s
  9300K .......... .......... .......... .......... .......... 30%  162M 0s
  9350K .......... .......... .......... .......... .......... 30%  172M 0s
  9400K .......... .......... .......... .......... .......... 31% 84.8M 0s
  9450K .......... .......... .......... .......... .......... 31%  171M 0s
  9500K .......... .......... .......... .......... .......... 31% 81.5M 0s
  9550K .......... .......... .......... .......... .......... 31%  157M 0s
  9600K .......... .......... .......... .......... .......... 31%  145M 0s
  9650K .......... .......... .......... .......... .......... 31% 93.4M 0s
  9700K .......... .......... .......... .......... .......... 32% 68.9M 0s
  9750K .......... .......... .......... .......... .......... 32% 75.4M 0s
  9800K .......... .......... .......... .......... .......... 32% 65.2M 0s
  9850K .......... .......... .......... .......... .......... 32% 97.3M 0s
  9900K .......... .......... .......... .......... .......... 32%  120M 0s
  9950K .......... .......... .......... .......... .......... 32% 93.4M 0s
 10000K .......... .......... .......... .......... .......... 32% 94.8M 0s
 10050K .......... .......... .......... .......... .......... 33%  185M 0s
 10100K .......... .......... .......... .......... .......... 33%  184M 0s
 10150K .......... .......... .......... .......... .......... 33%  163M 0s
 10200K .......... .......... .......... .......... .......... 33% 49.9M 0s
 10250K .......... .......... .......... .......... .......... 33%  117M 0s
 10300K .......... .......... .......... .......... .......... 33%  176M 0s
 10350K .......... .......... .......... .......... .......... 34%  156M 0s
 10400K .......... .......... .......... .......... .......... 34% 69.6M 0s
 10450K .......... .......... .......... .......... .......... 34% 78.8M 0s
 10500K .......... .......... .......... .......... .......... 34% 49.4M 0s
 10550K .......... .......... .......... .......... .......... 34%  113M 0s
 10600K .......... .......... .......... .......... .......... 34% 67.3M 0s
 10650K .......... .......... .......... .......... .......... 35%  180M 0s
 10700K .......... .......... .......... .......... .......... 35%  163M 0s
 10750K .......... .......... .......... .......... .......... 35% 93.0M 0s
 10800K .......... .......... .......... .......... .......... 35% 73.3M 0s
 10850K .......... .......... .......... .......... .......... 35%  118M 0s
 10900K .......... .......... .......... .......... .......... 35%  122M 0s
 10950K .......... .......... .......... .......... .......... 36%  162M 0s
 11000K .......... .......... .......... .......... .......... 36%  137M 0s
 11050K .......... .......... .......... .......... .......... 36% 71.1M 0s
 11100K .......... .......... .......... .......... .......... 36% 83.5M 0s
 11150K .......... .......... .......... .......... .......... 36%  167M 0s
 11200K .......... .......... .......... .......... .......... 36%  104M 0s
 11250K .......... .......... .......... .......... .......... 37% 57.6M 0s
 11300K .......... .......... .......... .......... .......... 37% 92.3M 0s
 11350K .......... .......... .......... .......... .......... 37% 85.7M 0s
 11400K .......... .......... .......... .......... .......... 37% 70.2M 0s
 11450K .......... .......... .......... .......... .......... 37% 93.4M 0s
 11500K .......... .......... .......... .......... .......... 37%  103M 0s
 11550K .......... .......... .......... .......... .......... 38%  180M 0s
 11600K .......... .......... .......... .......... .......... 38%  178M 0s
 11650K .......... .......... .......... .......... .......... 38%  116M 0s
 11700K .......... .......... .......... .......... .......... 38%  178M 0s
 11750K .......... .......... .......... .......... .......... 38% 77.6M 0s
 11800K .......... .......... .......... .......... .......... 38% 80.0M 0s
 11850K .......... .......... .......... .......... .......... 39%  119M 0s
 11900K .......... .......... .......... .......... .......... 39% 61.3M 0s
 11950K .......... .......... .......... .......... .......... 39% 76.9M 0s
 12000K .......... .......... .......... .......... .......... 39% 55.0M 0s
 12050K .......... .......... .......... .......... .......... 39%  178M 0s
 12100K .......... .......... .......... .......... .......... 39% 76.2M 0s
 12150K .......... .......... .......... .......... .......... 40%  104M 0s
 12200K .......... .......... .......... .......... .......... 40% 98.0M 0s
 12250K .......... .......... .......... .......... .......... 40%  178M 0s
 12300K .......... .......... .......... .......... .......... 40%  144M 0s
 12350K .......... .......... .......... .......... .......... 40%  110M 0s
 12400K .......... .......... .......... .......... .......... 40%  137M 0s
 12450K .......... .......... .......... .......... .......... 41% 84.2M 0s
 12500K .......... .......... .......... .......... .......... 41%  127M 0s
 12550K .......... .......... .......... .......... .......... 41%  138M 0s
 12600K .......... .......... .......... .......... .......... 41% 44.2M 0s
 12650K .......... .......... .......... .......... .......... 41% 73.8M 0s
 12700K .......... .......... .......... .......... .......... 41% 56.5M 0s
 12750K .......... .......... .......... .......... .......... 42%  100M 0s
 12800K .......... .......... .......... .......... .......... 42% 57.9M 0s
 12850K .......... .......... .......... .......... .......... 42%  105M 0s
 12900K .......... .......... .......... .......... .......... 42% 88.6M 0s
 12950K .......... .......... .......... .......... .......... 42%  167M 0s
 13000K .......... .......... .......... .......... .......... 42%  129M 0s
 13050K .......... .......... .......... .......... .......... 43% 43.2M 0s
 13100K .......... .......... .......... .......... .......... 43% 74.0M 0s
 13150K .......... .......... .......... .......... .......... 43%  140M 0s
 13200K .......... .......... .......... .......... .......... 43%  135M 0s
 13250K .......... .......... .......... .......... .......... 43%  171M 0s
 13300K .......... .......... .......... .......... .......... 43%  166M 0s
 13350K .......... .......... .......... .......... .......... 43%  132M 0s
 13400K .......... .......... .......... .......... .......... 44%  132M 0s
 13450K .......... .......... .......... .......... .......... 44%  168M 0s
 13500K .......... .......... .......... .......... .......... 44%  135M 0s
 13550K .......... .......... .......... .......... .......... 44%  159M 0s
 13600K .......... .......... .......... .......... .......... 44%  161M 0s
 13650K .......... .......... .......... .......... .......... 44%  123M 0s
 13700K .......... .......... .......... .......... .......... 45%  158M 0s
 13750K .......... .......... .......... .......... .......... 45%  161M 0s
 13800K .......... .......... .......... .......... .......... 45% 71.7M 0s
 13850K .......... .......... .......... .......... .......... 45% 50.5M 0s
 13900K .......... .......... .......... .......... .......... 45% 38.7M 0s
 13950K .......... .......... .......... .......... .......... 45% 32.2M 0s
 14000K .......... .......... .......... .......... .......... 46%  179M 0s
 14050K .......... .......... .......... .......... .......... 46%  101M 0s
 14100K .......... .......... .......... .......... .......... 46%  137M 0s
 14150K .......... .......... .......... .......... .......... 46%  161M 0s
 14200K .......... .......... .......... .......... .......... 46%  119M 0s
 14250K .......... .......... .......... .......... .......... 46%  139M 0s
 14300K .......... .......... .......... .......... .......... 47%  168M 0s
 14350K .......... .......... .......... .......... .......... 47% 73.9M 0s
 14400K .......... .......... .......... .......... .......... 47%  169M 0s
 14450K .......... .......... .......... .......... .......... 47% 49.1M 0s
 14500K .......... .......... .......... .......... .......... 47% 47.1M 0s
 14550K .......... .......... .......... .......... .......... 47% 55.5M 0s
 14600K .......... .......... .......... .......... .......... 48% 44.3M 0s
 14650K .......... .......... .......... .......... .......... 48% 93.5M 0s
 14700K .......... .......... .......... .......... .......... 48%  171M 0s
 14750K .......... .......... .......... .......... .......... 48%  184M 0s
 14800K .......... .......... .......... .......... .......... 48%  168M 0s
 14850K .......... .......... .......... .......... .......... 48%  136M 0s
 14900K .......... .......... .......... .......... .......... 49%  167M 0s
 14950K .......... .......... .......... .......... .......... 49% 78.9M 0s
 15000K .......... .......... .......... .......... .......... 49% 91.3M 0s
 15050K .......... .......... .......... .......... .......... 49% 57.5M 0s
 15100K .......... .......... .......... .......... .......... 49%  115M 0s
 15150K .......... .......... .......... .......... .......... 49%  109M 0s
 15200K .......... .......... .......... .......... .......... 50% 48.7M 0s
 15250K .......... .......... .......... .......... .......... 50%  131M 0s
 15300K .......... .......... .......... .......... .......... 50% 61.0M 0s
 15350K .......... .......... .......... .......... .......... 50% 48.4M 0s
 15400K .......... .......... .......... .......... .......... 50%  132M 0s
 15450K .......... .......... .......... .......... .......... 50%  148M 0s
 15500K .......... .......... .......... .......... .......... 51%  182M 0s
 15550K .......... .......... .......... .......... .......... 51% 75.1M 0s
 15600K .......... .......... .......... .......... .......... 51%  182M 0s
 15650K .......... .......... .......... .......... .......... 51% 56.0M 0s
 15700K .......... .......... .......... .......... .......... 51% 99.2M 0s
 15750K .......... .......... .......... .......... .......... 51% 95.0M 0s
 15800K .......... .......... .......... .......... .......... 52% 40.1M 0s
 15850K .......... .......... .......... .......... .......... 52% 97.9M 0s
 15900K .......... .......... .......... .......... .......... 52% 62.8M 0s
 15950K .......... .......... .......... .......... .......... 52% 74.4M 0s
 16000K .......... .......... .......... .......... .......... 52%  173M 0s
 16050K .......... .......... .......... .......... .......... 52% 99.0M 0s
 16100K .......... .......... .......... .......... .......... 53% 73.1M 0s
 16150K .......... .......... .......... .......... .......... 53% 98.8M 0s
 16200K .......... .......... .......... .......... .......... 53% 50.6M 0s
 16250K .......... .......... .......... .......... .......... 53% 44.1M 0s
 16300K .......... .......... .......... .......... .......... 53% 60.1M 0s
 16350K .......... .......... .......... .......... .......... 53% 67.1M 0s
 16400K .......... .......... .......... .......... .......... 53%  115M 0s
 16450K .......... .......... .......... .......... .......... 54%  108M 0s
 16500K .......... .......... .......... .......... .......... 54% 90.4M 0s
 16550K .......... .......... .......... .......... .......... 54%  111M 0s
 16600K .......... .......... .......... .......... .......... 54% 68.6M 0s
 16650K .......... .......... .......... .......... .......... 54%  164M 0s
 16700K .......... .......... .......... .......... .......... 54% 79.3M 0s
 16750K .......... .......... .......... .......... .......... 55% 63.2M 0s
 16800K .......... .......... .......... .......... .......... 55%  125M 0s
 16850K .......... .......... .......... .......... .......... 55%  171M 0s
 16900K .......... .......... .......... .......... .......... 55%  144M 0s
 16950K .......... .......... .......... .......... .......... 55%  174M 0s
 17000K .......... .......... .......... .......... .......... 55% 79.3M 0s
 17050K .......... .......... .......... .......... .......... 56% 75.9M 0s
 17100K .......... .......... .......... .......... .......... 56%  155M 0s
 17150K .......... .......... .......... .......... .......... 56% 96.9M 0s
 17200K .......... .......... .......... .......... .......... 56%  116M 0s
 17250K .......... .......... .......... .......... .......... 56%  124M 0s
 17300K .......... .......... .......... .......... .......... 56%  146M 0s
 17350K .......... .......... .......... .......... .......... 57%  151M 0s
 17400K .......... .......... .......... .......... .......... 57% 44.5M 0s
 17450K .......... .......... .......... .......... .......... 57%  110M 0s
 17500K .......... .......... .......... .......... .......... 57%  103M 0s
 17550K .......... .......... .......... .......... .......... 57%  116M 0s
 17600K .......... .......... .......... .......... .......... 57%  160M 0s
 17650K .......... .......... .......... .......... .......... 58% 77.0M 0s
 17700K .......... .......... .......... .......... .......... 58% 96.3M 0s
 17750K .......... .......... .......... .......... .......... 58%  140M 0s
 17800K .......... .......... .......... .......... .......... 58% 82.1M 0s
 17850K .......... .......... .......... .......... .......... 58% 63.2M 0s
 17900K .......... .......... .......... .......... .......... 58%  178M 0s
 17950K .......... .......... .......... .......... .......... 59%  115M 0s
 18000K .......... .......... .......... .......... .......... 59%  167M 0s
 18050K .......... .......... .......... .......... .......... 59%  160M 0s
 18100K .......... .......... .......... .......... .......... 59% 57.8M 0s
 18150K .......... .......... .......... .......... .......... 59%  174M 0s
 18200K .......... .......... .......... .......... .......... 59%  119M 0s
 18250K .......... .......... .......... .......... .......... 60% 86.7M 0s
 18300K .......... .......... .......... .......... .......... 60%  109M 0s
 18350K .......... .......... .......... .......... .......... 60%  106M 0s
 18400K .......... .......... .......... .......... .......... 60% 94.8M 0s
 18450K .......... .......... .......... .......... .......... 60%  139M 0s
 18500K .......... .......... .......... .......... .......... 60%  176M 0s
 18550K .......... .......... .......... .......... .......... 61%  130M 0s
 18600K .......... .......... .......... .......... .......... 61% 61.5M 0s
 18650K .......... .......... .......... .......... .......... 61%  119M 0s
 18700K .......... .......... .......... .......... .......... 61%  121M 0s
 18750K .......... .......... .......... .......... .......... 61%  101M 0s
 18800K .......... .......... .......... .......... .......... 61%  151M 0s
 18850K .......... .......... .......... .......... .......... 62%  178M 0s
 18900K .......... .......... .......... .......... .......... 62% 73.6M 0s
 18950K .......... .......... .......... .......... .......... 62% 90.4M 0s
 19000K .......... .......... .......... .......... .......... 62%  114M 0s
 19050K .......... .......... .......... .......... .......... 62% 88.8M 0s
 19100K .......... .......... .......... .......... .......... 62% 75.4M 0s
 19150K .......... .......... .......... .......... .......... 63% 89.6M 0s
 19200K .......... .......... .......... .......... .......... 63% 89.9M 0s
 19250K .......... .......... .......... .......... .......... 63%  161M 0s
 19300K .......... .......... .......... .......... .......... 63%  165M 0s
 19350K .......... .......... .......... .......... .......... 63% 55.5M 0s
 19400K .......... .......... .......... .......... .......... 63% 96.5M 0s
 19450K .......... .......... .......... .......... .......... 64%  173M 0s
 19500K .......... .......... .......... .......... .......... 64%  150M 0s
 19550K .......... .......... .......... .......... .......... 64%  143M 0s
 19600K .......... .......... .......... .......... .......... 64%  107M 0s
 19650K .......... .......... .......... .......... .......... 64% 80.2M 0s
 19700K .......... .......... .......... .......... .......... 64%  180M 0s
 19750K .......... .......... .......... .......... .......... 64%  162M 0s
 19800K .......... .......... .......... .......... .......... 65% 92.8M 0s
 19850K .......... .......... .......... .......... .......... 65% 99.4M 0s
 19900K .......... .......... .......... .......... .......... 65% 77.1M 0s
 19950K .......... .......... .......... .......... .......... 65%  133M 0s
 20000K .......... .......... .......... .......... .......... 65% 88.5M 0s
 20050K .......... .......... .......... .......... .......... 65%  142M 0s
 20100K .......... .......... .......... .......... .......... 66% 99.9M 0s
 20150K .......... .......... .......... .......... .......... 66% 64.2M 0s
 20200K .......... .......... .......... .......... .......... 66%  129M 0s
 20250K .......... .......... .......... .......... .......... 66%  104M 0s
 20300K .......... .......... .......... .......... .......... 66%  142M 0s
 20350K .......... .......... .......... .......... .......... 66%  167M 0s
 20400K .......... .......... .......... .......... .......... 67% 61.0M 0s
 20450K .......... .......... .......... .......... .......... 67%  167M 0s
 20500K .......... .......... .......... .......... .......... 67%  126M 0s
 20550K .......... .......... .......... .......... .......... 67% 93.7M 0s
 20600K .......... .......... .......... .......... .......... 67% 87.0M 0s
 20650K .......... .......... .......... .......... .......... 67%  166M 0s
 20700K .......... .......... .......... .......... .......... 68%  136M 0s
 20750K .......... .......... .......... .......... .......... 68% 63.5M 0s
 20800K .......... .......... .......... .......... .......... 68%  138M 0s
 20850K .......... .......... .......... .......... .......... 68% 75.8M 0s
 20900K .......... .......... .......... .......... .......... 68%  119M 0s
 20950K .......... .......... .......... .......... .......... 68%  156M 0s
 21000K .......... .......... .......... .......... .......... 69% 49.9M 0s
 21050K .......... .......... .......... .......... .......... 69%  134M 0s
 21100K .......... .......... .......... .......... .......... 69% 71.7M 0s
 21150K .......... .......... .......... .......... .......... 69% 97.9M 0s
 21200K .......... .......... .......... .......... .......... 69% 77.1M 0s
 21250K .......... .......... .......... .......... .......... 69%  158M 0s
 21300K .......... .......... .......... .......... .......... 70% 74.5M 0s
 21350K .......... .......... .......... .......... .......... 70%  104M 0s
 21400K .......... .......... .......... .......... .......... 70%  111M 0s
 21450K .......... .......... .......... .......... .......... 70%  164M 0s
 21500K .......... .......... .......... .......... .......... 70%  131M 0s
 21550K .......... .......... .......... .......... .......... 70% 56.1M 0s
 21600K .......... .......... .......... .......... .......... 71% 70.7M 0s
 21650K .......... .......... .......... .......... .......... 71%  176M 0s
 21700K .......... .......... .......... .......... .......... 71%  133M 0s
 21750K .......... .......... .......... .......... .......... 71%  166M 0s
 21800K .......... .......... .......... .......... .......... 71% 63.0M 0s
 21850K .......... .......... .......... .......... .......... 71% 83.2M 0s
 21900K .......... .......... .......... .......... .......... 72% 66.5M 0s
 21950K .......... .......... .......... .......... .......... 72%  113M 0s
 22000K .......... .......... .......... .......... .......... 72% 86.7M 0s
 22050K .......... .......... .......... .......... .......... 72%  174M 0s
 22100K .......... .......... .......... .......... .......... 72%  167M 0s
 22150K .......... .......... .......... .......... .......... 72%  178M 0s
 22200K .......... .......... .......... .......... .......... 73% 64.2M 0s
 22250K .......... .......... .......... .......... .......... 73%  182M 0s
 22300K .......... .......... .......... .......... .......... 73%  176M 0s
 22350K .......... .......... .......... .......... .......... 73%  134M 0s
 22400K .......... .......... .......... .......... .......... 73%  176M 0s
 22450K .......... .......... .......... .......... .......... 73%  173M 0s
 22500K .......... .......... .......... .......... .......... 74% 45.2M 0s
 22550K .......... .......... .......... .......... .......... 74% 95.4M 0s
 22600K .......... .......... .......... .......... .......... 74%  134M 0s
 22650K .......... .......... .......... .......... .......... 74%  135M 0s
 22700K .......... .......... .......... .......... .......... 74% 71.7M 0s
 22750K .......... .......... .......... .......... .......... 74% 77.6M 0s
 22800K .......... .......... .......... .......... .......... 75%  130M 0s
 22850K .......... .......... .......... .......... .......... 75% 49.9M 0s
 22900K .......... .......... .......... .......... .......... 75% 76.3M 0s
 22950K .......... .......... .......... .......... .......... 75%  172M 0s
 23000K .......... .......... .......... .......... .......... 75%  109M 0s
 23050K .......... .......... .......... .......... .......... 75%  167M 0s
 23100K .......... .......... .......... .......... .......... 75%  179M 0s
 23150K .......... .......... .......... .......... .......... 76% 72.2M 0s
 23200K .......... .......... .......... .......... .......... 76%  179M 0s
 23250K .......... .......... .......... .......... .......... 76%  176M 0s
 23300K .......... .......... .......... .......... .......... 76%  138M 0s
 23350K .......... .......... .......... .......... .......... 76%  174M 0s
 23400K .......... .......... .......... .......... .......... 76% 41.6M 0s
 23450K .......... .......... .......... .......... .......... 77%  102M 0s
 23500K .......... .......... .......... .......... .......... 77%  152M 0s
 23550K .......... .......... .......... .......... .......... 77%  180M 0s
 23600K .......... .......... .......... .......... .......... 77%  162M 0s
 23650K .......... .......... .......... .......... .......... 77%  122M 0s
 23700K .......... .......... .......... .......... .......... 77%  160M 0s
 23750K .......... .......... .......... .......... .......... 78% 56.4M 0s
 23800K .......... .......... .......... .......... .......... 78% 38.1M 0s
 23850K .......... .......... .......... .......... .......... 78% 69.2M 0s
 23900K .......... .......... .......... .......... .......... 78%  160M 0s
 23950K .......... .......... .......... .......... .......... 78%  134M 0s
 24000K .......... .......... .......... .......... .......... 78%  146M 0s
 24050K .......... .......... .......... .......... .......... 79%  177M 0s
 24100K .......... .......... .......... .......... .......... 79% 63.3M 0s
 24150K .......... .......... .......... .......... .......... 79%  173M 0s
 24200K .......... .......... .......... .......... .......... 79% 96.9M 0s
 24250K .......... .......... .......... .......... .......... 79%  166M 0s
 24300K .......... .......... .......... .......... .......... 79% 47.9M 0s
 24350K .......... .......... .......... .......... .......... 80% 87.7M 0s
 24400K .......... .......... .......... .......... .......... 80%  171M 0s
 24450K .......... .......... .......... .......... .......... 80%  174M 0s
 24500K .......... .......... .......... .......... .......... 80% 95.9M 0s
 24550K .......... .......... .......... .......... .......... 80%  152M 0s
 24600K .......... .......... .......... .......... .......... 80%  123M 0s
 24650K .......... .......... .......... .......... .......... 81% 59.2M 0s
 24700K .......... .......... .......... .......... .......... 81% 30.8M 0s
 24750K .......... .......... .......... .......... .......... 81%  143M 0s
 24800K .......... .......... .......... .......... .......... 81%  162M 0s
 24850K .......... .......... .......... .......... .......... 81%  128M 0s
 24900K .......... .......... .......... .......... .......... 81%  156M 0s
 24950K .......... .......... .......... .......... .......... 82% 66.0M 0s
 25000K .......... .......... .......... .......... .......... 82%  111M 0s
 25050K .......... .......... .......... .......... .......... 82%  125M 0s
 25100K .......... .......... .......... .......... .......... 82%  159M 0s
 25150K .......... .......... .......... .......... .......... 82%  163M 0s
 25200K .......... .......... .......... .......... .......... 82% 43.8M 0s
 25250K .......... .......... .......... .......... .......... 83%  121M 0s
 25300K .......... .......... .......... .......... .......... 83%  174M 0s
 25350K .......... .......... .......... .......... .......... 83%  161M 0s
 25400K .......... .......... .......... .......... .......... 83%  107M 0s
 25450K .......... .......... .......... .......... .......... 83% 63.0M 0s
 25500K .......... .......... .......... .......... .......... 83% 65.2M 0s
 25550K .......... .......... .......... .......... .......... 84% 82.2M 0s
 25600K .......... .......... .......... .......... .......... 84%  168M 0s
 25650K .......... .......... .......... .......... .......... 84% 56.5M 0s
 25700K .......... .......... .......... .......... .......... 84% 93.5M 0s
 25750K .......... .......... .......... .......... .......... 84%  168M 0s
 25800K .......... .......... .......... .......... .......... 84%  123M 0s
 25850K .......... .......... .......... .......... .......... 85% 74.1M 0s
 25900K .......... .......... .......... .......... .......... 85%  168M 0s
 25950K .......... .......... .......... .......... .......... 85% 98.0M 0s
 26000K .......... .......... .......... .......... .......... 85% 71.3M 0s
 26050K .......... .......... .......... .......... .......... 85% 76.1M 0s
 26100K .......... .......... .......... .......... .......... 85%  123M 0s
 26150K .......... .......... .......... .......... .......... 86%  135M 0s
 26200K .......... .......... .......... .......... .......... 86%  120M 0s
 26250K .......... .......... .......... .......... .......... 86%  174M 0s
 26300K .......... .......... .......... .......... .......... 86%  138M 0s
 26350K .......... .......... .......... .......... .......... 86% 76.1M 0s
 26400K .......... .......... .......... .......... .......... 86% 84.8M 0s
 26450K .......... .......... .......... .......... .......... 86%  167M 0s
 26500K .......... .......... .......... .......... .......... 87% 50.4M 0s
 26550K .......... .......... .......... .......... .......... 87%  130M 0s
 26600K .......... .......... .......... .......... .......... 87% 86.9M 0s
 26650K .......... .......... .......... .......... .......... 87% 55.4M 0s
 26700K .......... .......... .......... .......... .......... 87%  152M 0s
 26750K .......... .......... .......... .......... .......... 87%  131M 0s
 26800K .......... .......... .......... .......... .......... 88% 68.1M 0s
 26850K .......... .......... .......... .......... .......... 88% 72.9M 0s
 26900K .......... .......... .......... .......... .......... 88%  170M 0s
 26950K .......... .......... .......... .......... .......... 88% 72.9M 0s
 27000K .......... .......... .......... .......... .......... 88%  125M 0s
 27050K .......... .......... .......... .......... .......... 88%  154M 0s
 27100K .......... .......... .......... .......... .......... 89%  166M 0s
 27150K .......... .......... .......... .......... .......... 89% 56.4M 0s
 27200K .......... .......... .......... .......... .......... 89%  147M 0s
 27250K .......... .......... .......... .......... .......... 89%  122M 0s
 27300K .......... .......... .......... .......... .......... 89%  176M 0s
 27350K .......... .......... .......... .......... .......... 89%  155M 0s
 27400K .......... .......... .......... .......... .......... 90% 45.4M 0s
 27450K .......... .......... .......... .......... .......... 90% 63.7M 0s
 27500K .......... .......... .......... .......... .......... 90% 62.8M 0s
 27550K .......... .......... .......... .......... .......... 90%  160M 0s
 27600K .......... .......... .......... .......... .......... 90%  164M 0s
 27650K .......... .......... .......... .......... .......... 90% 62.3M 0s
 27700K .......... .......... .......... .......... .......... 91% 69.4M 0s
 27750K .......... .......... .......... .......... .......... 91% 75.6M 0s
 27800K .......... .......... .......... .......... .......... 91%  126M 0s
 27850K .......... .......... .......... .......... .......... 91%  132M 0s
 27900K .......... .......... .......... .......... .......... 91% 85.7M 0s
 27950K .......... .......... .......... .......... .......... 91%  133M 0s
 28000K .......... .......... .......... .......... .......... 92% 60.4M 0s
 28050K .......... .......... .......... .......... .......... 92%  173M 0s
 28100K .......... .......... .......... .......... .......... 92% 95.9M 0s
 28150K .......... .......... .......... .......... .......... 92%  110M 0s
 28200K .......... .......... .......... .......... .......... 92% 59.3M 0s
 28250K .......... .......... .......... .......... .......... 92%  172M 0s
 28300K .......... .......... .......... .......... .......... 93% 54.1M 0s
 28350K .......... .......... .......... .......... .......... 93%  126M 0s
 28400K .......... .......... .......... .......... .......... 93% 82.1M 0s
 28450K .......... .......... .......... .......... .......... 93%  144M 0s
 28500K .......... .......... .......... .......... .......... 93% 69.9M 0s
 28550K .......... .......... .......... .......... .......... 93% 95.9M 0s
 28600K .......... .......... .......... .......... .......... 94% 82.3M 0s
 28650K .......... .......... .......... .......... .......... 94% 78.8M 0s
 28700K .......... .......... .......... .......... .......... 94%  179M 0s
 28750K .......... .......... .......... .......... .......... 94%  178M 0s
 28800K .......... .......... .......... .......... .......... 94%  148M 0s
 28850K .......... .......... .......... .......... .......... 94%  161M 0s
 28900K .......... .......... .......... .......... .......... 95% 85.2M 0s
 28950K .......... .......... .......... .......... .......... 95%  165M 0s
 29000K .......... .......... .......... .......... .......... 95% 78.8M 0s
 29050K .......... .......... .......... .......... .......... 95%  133M 0s
 29100K .......... .......... .......... .......... .......... 95%  176M 0s
 29150K .......... .......... .......... .......... .......... 95% 70.0M 0s
 29200K .......... .......... .......... .......... .......... 96%  119M 0s
 29250K .......... .......... .......... .......... .......... 96% 89.4M 0s
 29300K .......... .......... .......... .......... .......... 96%  178M 0s
 29350K .......... .......... .......... .......... .......... 96%  174M 0s
 29400K .......... .......... .......... .......... .......... 96% 83.9M 0s
 29450K .......... .......... .......... .......... .......... 96%  162M 0s
 29500K .......... .......... .......... .......... .......... 97%  139M 0s
 29550K .......... .......... .......... .......... .......... 97%  155M 0s
 29600K .......... .......... .......... .......... .......... 97%  163M 0s
 29650K .......... .......... .......... .......... .......... 97%  135M 0s
 29700K .......... .......... .......... .......... .......... 97%  150M 0s
 29750K .......... .......... .......... .......... .......... 97%  180M 0s
 29800K .......... .......... .......... .......... .......... 97% 94.4M 0s
 29850K .......... .......... .......... .......... .......... 98%  155M 0s
 29900K .......... .......... .......... .......... .......... 98%  171M 0s
 29950K .......... .......... .......... .......... .......... 98%  142M 0s
 30000K .......... .......... .......... .......... .......... 98%  164M 0s
 30050K .......... .......... .......... .......... .......... 98%  169M 0s
 30100K .......... .......... .......... .......... .......... 98%  144M 0s
 30150K .......... .......... .......... .......... .......... 99%  156M 0s
 30200K .......... .......... .......... .......... .......... 99%  141M 0s
 30250K .......... .......... .......... .......... .......... 99%  176M 0s
 30300K .......... .......... .......... .......... .......... 99%  143M 0s
 30350K .......... .......... .......... .......... .......... 99%  120M 0s
 30400K .......... .......... .......... .......... .......... 99%  150M 0s
 30450K .......... ...                                        100%  104M=0.4s

2017-01-06 16:33:23 (73.4 MB/s) - `PABank.apk' saved [31194862/31194862]

