--2017-01-04 21:35:40--  http://ouetx.com/shun
Resolving ouetx.com... 103.228.129.168
Connecting to ouetx.com|103.228.129.168|:80... connected.
HTTP request sent, awaiting response... 301 Moved Permanently
Location: http://ouetx.com/shun/ [following]
--2017-01-04 21:35:48--  http://ouetx.com/shun/
Reusing existing connection to ouetx.com:80.
HTTP request sent, awaiting response... 200 OK
Length: 638 [text/html]
Saving to: `index.html'

     0K                                                       100% 50.7M=0s

2017-01-04 21:35:48 (50.7 MB/s) - `index.html' saved [638/638]

=======================The second times wget =====================
--2017-01-04 21:35:48--  http://ouetx.com/shun/%E5%BD%95%E5%83%8F.mp4.apk
Resolving ouetx.com... 103.228.129.168
Connecting to ouetx.com|103.228.129.168|:80... connected.
HTTP request sent, awaiting response... 200 OK
Length: 910091 (889K) [application/vnd.android.package-archive]
Saving to: `å½%95å%83%8F.mp4.apk'

     0K .......... .......... .......... .......... ..........  5% 86.8K 10s
    50K .......... .......... .......... .......... .......... 11%  162K 7s
   100K .......... .......... .......... .......... .......... 16%  110K 7s
   150K .......... .......... .......... .......... .......... 22%  116K 6s
   200K .......... .......... .......... .......... .......... 28%  112K 6s
   250K .......... .......... .......... .......... .......... 33% 78.8K 6s
   300K .......... .......... .......... .......... .......... 39%  106K 5s
   350K .......... .......... .......... .......... .......... 45%  114K 5s
   400K .......... .......... .......... .......... .......... 50%  118K 4s
   450K .......... .......... .......... .......... .......... 56%  119K 4s
   500K .......... .......... .......... .......... .......... 61%  118K 3s
   550K .......... .......... .......... .......... .......... 67% 84.0K 3s
   600K .......... .......... .......... .......... .......... 73%  145K 2s
   650K .......... .......... .......... .......... .......... 78% 53.4K 2s
   700K .......... .......... .......... .......... .......... 84%  403K 1s
   750K .......... .......... .......... .......... .......... 90% 86.2K 1s
   800K .......... .......... .......... .......... .......... 95%  119K 0s
   850K .......... .......... .......... ........             100%  113K=8.4s

2017-01-04 21:35:58 (106 KB/s) - `å½%95å%83%8F.mp4.apk' saved [910091/910091]

