--2017-01-06 13:33:04--  http://xyhzj.cn/sdfhuh
Resolving xyhzj.cn... 103.39.79.210
Connecting to xyhzj.cn|103.39.79.210|:80... connected.
HTTP request sent, awaiting response... 301 Moved Permanently
Location: http://xyhzj.cn/sdfhuh/ [following]
--2017-01-06 13:33:05--  http://xyhzj.cn/sdfhuh/
Reusing existing connection to xyhzj.cn:80.
HTTP request sent, awaiting response... 302 Object moved
Location: luxiang.apk [following]
--2017-01-06 13:33:05--  http://xyhzj.cn/sdfhuh/luxiang.apk
Reusing existing connection to xyhzj.cn:80.
HTTP request sent, awaiting response... 200 OK
Length: 213496 (208K) [application/vnd.android.package-archive]
Saving to: `luxiang.apk'

     0K .......... .......... .......... .......... .......... 23%  136K 1s
    50K .......... .......... .......... .......... .......... 47%  193K 1s
   100K .......... .......... .......... .......... .......... 71%  216K 0s
   150K .......... .......... .......... .......... .......... 95%  215K 0s
   200K ........                                              100%  211K=1.1s

2017-01-06 13:33:06 (184 KB/s) - `luxiang.apk' saved [213496/213496]

