--2016-12-07 12:17:34--  http://t.cn/zRQ2JVF
Resolving t.cn... 180.149.135.224
Connecting to t.cn|180.149.135.224|:80... connected.
HTTP request sent, awaiting response... 302 Found
Location: http://godfs.3g.cn/soft/gosms/freemessage/freemessage.apk [following]
--2016-12-07 12:17:36--  http://godfs.3g.cn/soft/gosms/freemessage/freemessage.apk
Resolving godfs.3g.cn... 183.61.112.86, 183.61.112.15, 183.61.112.30, ...
Connecting to godfs.3g.cn|183.61.112.86|:80... connected.
HTTP request sent, awaiting response... 200 OK
Length: 8700988 (8.3M)
Saving to: `freemessage.apk'

     0K .......... .......... .......... .......... ..........  0%  833K 10s
    50K .......... .......... .......... .......... ..........  1%  839K 10s
   100K .......... .......... .......... .......... ..........  1% 1.44M 9s
   150K .......... .......... .......... .......... ..........  2% 1.39M 8s
   200K .......... .......... .......... .......... ..........  2% 1.54M 7s
   250K .......... .......... .......... .......... ..........  3%  476K 9s
   300K .......... .......... .......... .......... ..........  4% 1.72M 8s
   350K .......... .......... .......... .......... ..........  4% 2.45M 8s
   400K .......... .......... .......... .......... ..........  5% 5.97M 7s
   450K .......... .......... .......... .......... ..........  5%  225K 10s
   500K .......... .......... .......... .......... ..........  6%  164M 9s
   550K .......... .......... .......... .......... ..........  7% 1.54M 8s
   600K .......... .......... .......... .......... ..........  7%  236K 10s
   650K .......... .......... .......... .......... ..........  8%  129M 9s
   700K .......... .......... .......... .......... ..........  8% 1.68M 9s
   750K .......... .......... .......... .......... ..........  9%  128M 8s
   800K .......... .......... .......... .......... .......... 10% 1.62M 8s
   850K .......... .......... .......... .......... .......... 10%  208K 10s
   900K .......... .......... .......... .......... .......... 11% 1.52M 9s
   950K .......... .......... .......... .......... .......... 11% 1.49M 9s
  1000K .......... .......... .......... .......... .......... 12%  163M 9s
  1050K .......... .......... .......... .......... .......... 12% 1.58M 8s
  1100K .......... .......... .......... .......... .......... 13%  230K 9s
  1150K .......... .......... .......... .......... .......... 14% 1.60M 9s
  1200K .......... .......... .......... .......... .......... 14%  152M 9s
  1250K .......... .......... .......... .......... .......... 15% 1.55M 8s
  1300K .......... .......... .......... .......... .......... 15%  205K 9s
  1350K .......... .......... .......... .......... .......... 16%  385K 10s
  1400K .......... .......... .......... .......... .......... 17%  145M 9s
  1450K .......... .......... .......... .......... .......... 17%  808K 9s
  1500K .......... .......... .......... .......... .......... 18% 1.51M 9s
  1550K .......... .......... .......... .......... .......... 18% 1.47M 9s
  1600K .......... .......... .......... .......... .......... 19%  361K 9s
  1650K .......... .......... .......... .......... .......... 20% 1.52M 9s
  1700K .......... .......... .......... .......... .......... 20% 1.69M 9s
  1750K .......... .......... .......... .......... .......... 21% 1.75M 8s
  1800K .......... .......... .......... .......... .......... 21% 1.54M 8s
  1850K .......... .......... .......... .......... .......... 22%  256K 9s
  1900K .......... .......... .......... .......... .......... 22% 1.71M 8s
  1950K .......... .......... .......... .......... .......... 23% 1.53M 8s
  2000K .......... .......... .......... .......... .......... 24% 1.53M 8s
  2050K .......... .......... .......... .......... .......... 24% 1.48M 8s
  2100K .......... .......... .......... .......... .......... 25%  265K 8s
  2150K .......... .......... .......... .......... .......... 25% 1.75M 8s
  2200K .......... .......... .......... .......... .......... 26% 1.74M 8s
  2250K .......... .......... .......... .......... .......... 27% 1.53M 8s
  2300K .......... .......... .......... .......... .......... 27%  223K 8s
  2350K .......... .......... .......... .......... .......... 28% 1.60M 8s
  2400K .......... .......... .......... .......... .......... 28%  119M 8s
  2450K .......... .......... .......... .......... .......... 29% 1.56M 8s
  2500K .......... .......... .......... .......... .......... 30% 1.51M 7s
  2550K .......... .......... .......... .......... .......... 30%  230K 8s
  2600K .......... .......... .......... .......... .......... 31% 1.60M 8s
  2650K .......... .......... .......... .......... .......... 31% 1.64M 7s
  2700K .......... .......... .......... .......... .......... 32%  147M 7s
  2750K .......... .......... .......... .......... .......... 32% 1.53M 7s
  2800K .......... .......... .......... .......... .......... 33%  159K 8s
  2850K .......... .......... .......... .......... .......... 34% 1.51M 7s
  2900K .......... .......... .......... .......... .......... 34% 1.55M 7s
  2950K .......... .......... .......... .......... .......... 35% 1.44M 7s
  3000K .......... .......... .......... .......... .......... 35% 78.1K 8s
  3050K .......... .......... .......... .......... .......... 36%  797K 8s
  3100K .......... .......... .......... .......... .......... 37% 1.53M 8s
  3150K .......... .......... .......... .......... .......... 37%  329K 8s
  3200K .......... .......... .......... .......... .......... 38% 1.53M 8s
  3250K .......... .......... .......... .......... .......... 38% 1.50M 8s
  3300K .......... .......... .......... .......... .......... 39% 1.78M 8s
  3350K .......... .......... .......... .......... .......... 40% 1.55M 7s
  3400K .......... .......... .......... .......... .......... 40% 1.70M 7s
  3450K .......... .......... .......... .......... .......... 41% 1.77M 7s
  3500K .......... .......... .......... .......... .......... 41% 1.99M 7s
  3550K .......... .......... .......... .......... .......... 42% 2.09M 7s
  3600K .......... .......... .......... .......... .......... 42% 3.08M 7s
  3650K .......... .......... .......... .......... .......... 43% 1.49M 7s
  3700K .......... .......... .......... .......... .......... 44%  273K 7s
  3750K .......... .......... .......... .......... .......... 44% 1.64M 7s
  3800K .......... .......... .......... .......... .......... 45% 1.77M 6s
  3850K .......... .......... .......... .......... .......... 45% 1.61M 6s
  3900K .......... .......... .......... .......... .......... 46%  219K 6s
  3950K .......... .......... .......... .......... .......... 47%  138M 6s
  4000K .......... .......... .......... .......... .......... 47% 1.52M 6s
  4050K .......... .......... .......... .......... .......... 48% 1.72M 6s
  4100K .......... .......... .......... .......... .......... 48% 1.75M 6s
  4150K .......... .......... .......... .......... .......... 49%  222K 6s
  4200K .......... .......... .......... .......... .......... 50% 1.60M 6s
  4250K .......... .......... .......... .......... .......... 50%  143M 6s
  4300K .......... .......... .......... .......... .......... 51% 1.53M 6s
  4350K .......... .......... .......... .......... .......... 51% 1.52M 6s
  4400K .......... .......... .......... .......... .......... 52%  231K 6s
  4450K .......... .......... .......... .......... .......... 52% 1.53M 6s
  4500K .......... .......... .......... .......... .......... 53% 1.55M 5s
  4550K .......... .......... .......... .......... .......... 54%  157M 5s
  4600K .......... .......... .......... .......... .......... 54%  199K 5s
  4650K .......... .......... .......... .......... .......... 55%  127M 5s
  4700K .......... .......... .......... .......... .......... 55% 1.54M 5s
  4750K .......... .......... .......... .......... .......... 56% 1.54M 5s
  4800K .......... .......... .......... .......... .......... 57% 1.51M 5s
  4850K .......... .......... .......... .......... .......... 57%  229K 5s
  4900K .......... .......... .......... .......... .......... 58% 1.64M 5s
  4950K .......... .......... .......... .......... .......... 58%  144M 5s
  5000K .......... .......... .......... .......... .......... 59% 1.66M 5s
  5050K .......... .......... .......... .......... .......... 60% 1.51M 5s
  5100K .......... .......... .......... .......... .......... 60%  225K 5s
  5150K .......... .......... .......... .......... .......... 61% 1.56M 5s
  5200K .......... .......... .......... .......... .......... 61%  165M 4s
  5250K .......... .......... .......... .......... .......... 62% 1.73M 4s
  5300K .......... .......... .......... .......... .......... 62% 1.71M 4s
  5350K .......... .......... .......... .......... .......... 63%  217K 4s
  5400K .......... .......... .......... .......... .......... 64% 1.60M 4s
  5450K .......... .......... .......... .......... .......... 64% 1.71M 4s
  5500K .......... .......... .......... .......... .......... 65%  156M 4s
  5550K .......... .......... .......... .......... .......... 65%  199K 4s
  5600K .......... .......... .......... .......... .......... 66%  118M 4s
  5650K .......... .......... .......... .......... .......... 67% 1.57M 4s
  5700K .......... .......... .......... .......... .......... 67% 1.54M 4s
  5750K .......... .......... .......... .......... .......... 68%  142M 4s
  5800K .......... .......... .......... .......... .......... 68%  198K 4s
  5850K .......... .......... .......... .......... .......... 69%  154M 4s
  5900K .......... .......... .......... .......... .......... 70% 1.59M 3s
  5950K .......... .......... .......... .......... .......... 70% 1.46M 3s
  6000K .......... .......... .......... .......... .......... 71%  155M 3s
  6050K .......... .......... .......... .......... .......... 71%  203K 3s
  6100K .......... .......... .......... .......... .......... 72% 1.76M 3s
  6150K .......... .......... .......... .......... .......... 72% 10.3M 3s
  6200K .......... .......... .......... .......... .......... 73% 1.47M 3s
  6250K .......... .......... .......... .......... .......... 74%  146M 3s
  6300K .......... .......... .......... .......... .......... 74% 1.63M 3s
  6350K .......... .......... .......... .......... .......... 75%  153K 3s
  6400K .......... .......... .......... .......... .......... 75% 1.73M 3s
  6450K .......... .......... .......... .......... .......... 76% 1.75M 3s
  6500K .......... .......... .......... .......... .......... 77% 1.61M 3s
  6550K .......... .......... .......... .......... .......... 77%  117M 3s
  6600K .......... .......... .......... .......... .......... 78%  214K 3s
  6650K .......... .......... .......... .......... .......... 78% 1.53M 2s
  6700K .......... .......... .......... .......... .......... 79% 1.71M 2s
  6750K .......... .......... .......... .......... .......... 80% 1.54M 2s
  6800K .......... .......... .......... .......... .......... 80%  111M 2s
  6850K .......... .......... .......... .......... .......... 81%  225K 2s
  6900K .......... .......... .......... .......... .......... 81% 1.57M 2s
  6950K .......... .......... .......... .......... .......... 82%  115M 2s
  7000K .......... .......... .......... .......... .......... 82% 1.64M 2s
  7050K .......... .......... .......... .......... .......... 83%  201K 2s
  7100K .......... .......... .......... .......... .......... 84% 1.56M 2s
  7150K .......... .......... .......... .......... .......... 84%  149M 2s
  7200K .......... .......... .......... .......... .......... 85% 1.67M 2s
  7250K .......... .......... .......... .......... .......... 85% 1.78M 2s
  7300K .......... .......... .......... .......... .......... 86%  220K 2s
  7350K .......... .......... .......... .......... .......... 87%  155M 1s
  7400K .......... .......... .......... .......... .......... 87% 1.55M 1s
  7450K .......... .......... .......... .......... .......... 88%  184M 1s
  7500K .......... .......... .......... .......... .......... 88% 1.54M 1s
  7550K .......... .......... .......... .......... .......... 89%  201K 1s
  7600K .......... .......... .......... .......... .......... 90% 1.55M 1s
  7650K .......... .......... .......... .......... .......... 90% 1.52M 1s
  7700K .......... .......... .......... .......... .......... 91% 1.52M 1s
  7750K .......... .......... .......... .......... .......... 91%  218K 1s
  7800K .......... .......... .......... .......... .......... 92%  128M 1s
  7850K .......... .......... .......... .......... .......... 92% 3.03M 1s
  7900K .......... .......... .......... .......... .......... 93%  198M 1s
  7950K .......... .......... .......... .......... .......... 94% 1.85M 1s
  8000K .......... .......... .......... .......... .......... 94%  192K 1s
  8050K .......... .......... .......... .......... .......... 95%  183M 1s
  8100K .......... .......... .......... .......... .......... 95%  777K 0s
  8150K .......... .......... .......... .......... .......... 96% 1.60M 0s
  8200K .......... .......... .......... .......... .......... 97% 1.44M 0s
  8250K .......... .......... .......... .......... .......... 97%  299K 0s
  8300K .......... .......... .......... .......... .......... 98% 1.47M 0s
  8350K .......... .......... .......... .......... .......... 98% 1.62M 0s
  8400K .......... .......... .......... .......... .......... 99%  160M 0s
  8450K .......... .......... .......... .......... .......   100%  187K=12s

2016-12-07 12:17:48 (730 KB/s) - `freemessage.apk' saved [8700988/8700988]

