--2017-02-16 19:26:49--  http://lday.info/dlg
Resolving lday.info... 43.230.112.228
Connecting to lday.info|43.230.112.228|:80... connected.
HTTP request sent, awaiting response... 301 Moved Permanently
Location: http://lday.info/dlg/ [following]
--2017-02-16 19:26:56--  http://lday.info/dlg/
Reusing existing connection to lday.info:80.
HTTP request sent, awaiting response... 200 OK
Length: 340 [text/html]
Saving to: `index.html'

     0K                                                       100% 16.2M=0s

2017-02-16 19:26:56 (16.2 MB/s) - `index.html' saved [340/340]

=======================The second times wget =====================
--2017-02-16 19:26:56--  http://lday.info/dlg/%C2%BC%CF%F1.apk
Resolving lday.info... 43.230.112.228
Connecting to lday.info|43.230.112.228|:80... connected.
HTTP request sent, awaiting response... 200 OK
Length: 201075 (196K) [application/vnd.android.package-archive]
Saving to: `Â¼Ïñ.apk'

     0K .......... .......... .......... .......... .......... 25%  102K 1s
    50K .......... .......... .......... .......... .......... 50%  307K 1s
   100K .......... .......... .......... .......... .......... 76%  294K 0s
   150K .......... .......... .......... .......... ......    100%  289K=1.0s

2017-02-16 19:26:58 (200 KB/s) - `Â¼Ïñ.apk' saved [201075/201075]

