--2017-02-02 11:41:05--  http://wap.zikce.com/ot
Resolving wap.zikce.com... 103.80.124.72
Connecting to wap.zikce.com|103.80.124.72|:80... connected.
HTTP request sent, awaiting response... 301 Moved Permanently
Location: http://wap.zikce.com/ot/ [following]
--2017-02-02 11:41:06--  http://wap.zikce.com/ot/
Reusing existing connection to wap.zikce.com:80.
HTTP request sent, awaiting response... 302 Object moved
Location: %E8%A7%86%E9%A2%91.apk [following]
--2017-02-02 11:41:06--  http://wap.zikce.com/ot/%E8%A7%86%E9%A2%91.apk
Reusing existing connection to wap.zikce.com:80.
HTTP request sent, awaiting response... 200 OK
Length: 209285 (204K) [apk]
Saving to: `è§%86é¢%91.apk'

     0K .......... .......... .......... .......... .......... 24% 50.6K 3s
    50K .......... .......... .......... .......... .......... 48%  177K 1s
   100K .......... .......... .......... .......... .......... 73%  177K 1s
   150K .......... .......... .......... .......... .......... 97%  169K 0s
   200K ....                                                  100% 92.1K=1.9s

2017-02-02 11:41:08 (108 KB/s) - `è§%86é¢%91.apk' saved [209285/209285]

