--2017-03-05 23:27:18--  http://okwzdh.com/ty
Resolving okwzdh.com... 45.64.112.24
Connecting to okwzdh.com|45.64.112.24|:80... connected.
HTTP request sent, awaiting response... 301 Moved Permanently
Location: http://okwzdh.com/ty/ [following]
--2017-03-05 23:27:19--  http://okwzdh.com/ty/
Reusing existing connection to okwzdh.com:80.
HTTP request sent, awaiting response... 200 OK
Length: 248 [text/html]
Saving to: `index.html'

     0K                                                       100% 18.2M=0s

2017-03-05 23:27:19 (18.2 MB/s) - `index.html' saved [248/248]

=======================The second times wget =====================
--2017-03-05 23:27:19--  http://okwzdh.com/ty/%CF%E0%B2%E110.apk
Resolving okwzdh.com... 45.64.112.24
Connecting to okwzdh.com|45.64.112.24|:80... connected.
HTTP request sent, awaiting response... 200 OK
Length: 209305 (204K) [application/vnd.android.package-archive]
Saving to: `ПаІб10.apk'

     0K .......... .......... .......... .......... .......... 24%  148K 1s
    50K .......... .......... .......... .......... .......... 48%  114K 1s
   100K .......... .......... .......... .......... .......... 73%  132K 0s
   150K .......... .......... .......... .......... .......... 97%  137K 0s
   200K ....                                                  100% 8.59M=1.5s

2017-03-05 23:27:21 (134 KB/s) - `ПаІб10.apk' saved [209305/209305]

