--2017-01-20 09:58:24--  http://t.iqr.cc/uMb2Uj
Resolving t.iqr.cc... 114.215.205.1
Connecting to t.iqr.cc|114.215.205.1|:80... connected.
HTTP request sent, awaiting response... 302 Found
Location: http://m.qianghongbaoyo.com/ [following]
--2017-01-20 09:58:26--  http://m.qianghongbaoyo.com/
Resolving m.qianghongbaoyo.com... 123.206.34.105
Connecting to m.qianghongbaoyo.com|123.206.34.105|:80... connected.
HTTP request sent, awaiting response... 200 OK
Length: 4318 (4.2K) [text/html]
Saving to: `index.html'

     0K ....                                                  100%  152K=0.03s

2017-01-20 09:58:26 (152 KB/s) - `index.html' saved [4318/4318]

=======================The second times wget =====================
--2017-01-20 09:58:26--  http://down.qianghongbaoyo.com/gg/qhb/klqhb_1069.apk
Resolving down.qianghongbaoyo.com... 123.207.140.194
Connecting to down.qianghongbaoyo.com|123.207.140.194|:80... connected.
HTTP request sent, awaiting response... 200 OK
Length: 2048950 (2.0M) [application/octet-stream]
Saving to: `klqhb_1069.apk'

     0K .......... .......... .......... .......... ..........  2%  474K 4s
    50K .......... .......... .......... .......... ..........  4%  641K 3s
   100K .......... .......... .......... .......... ..........  7% 1.28M 3s
   150K .......... .......... .......... .......... ..........  9%  748K 3s
   200K .......... .......... .......... .......... .......... 12% 1.49M 2s
   250K .......... .......... .......... .......... .......... 14% 1.50M 2s
   300K .......... .......... .......... .......... .......... 17% 1.50M 2s
   350K .......... .......... .......... .......... .......... 19% 1.51M 2s
   400K .......... .......... .......... .......... .......... 22% 1.51M 2s
   450K .......... .......... .......... .......... .......... 24% 75.9M 1s
   500K .......... .......... .......... .......... .......... 27% 1.51M 1s
   550K .......... .......... .......... .......... .......... 29% 1.53M 1s
   600K .......... .......... .......... .......... .......... 32%  102M 1s
   650K .......... .......... .......... .......... .......... 34% 1.52M 1s
   700K .......... .......... .......... .......... .......... 37%  110M 1s
   750K .......... .......... .......... .......... .......... 39% 1.54M 1s
   800K .......... .......... .......... .......... .......... 42% 94.1M 1s
   850K .......... .......... .......... .......... .......... 44% 1.54M 1s
   900K .......... .......... .......... .......... .......... 47% 77.4M 1s
   950K .......... .......... .......... .......... .......... 49% 88.0M 1s
  1000K .......... .......... .......... .......... .......... 52% 1.55M 1s
  1050K .......... .......... .......... .......... .......... 54% 83.5M 1s
  1100K .......... .......... .......... .......... .......... 57% 87.8M 0s
  1150K .......... .......... .......... .......... .......... 59% 1.56M 0s
  1200K .......... .......... .......... .......... .......... 62% 91.3M 0s
  1250K .......... .......... .......... .......... .......... 64% 80.7M 0s
  1300K .......... .......... .......... .......... .......... 67% 1.58M 0s
  1350K .......... .......... .......... .......... .......... 69% 62.7M 0s
  1400K .......... .......... .......... .......... .......... 72%  118M 0s
  1450K .......... .......... .......... .......... .......... 74% 72.9M 0s
  1500K .......... .......... .......... .......... .......... 77% 1.59M 0s
  1550K .......... .......... .......... .......... .......... 79% 54.7M 0s
  1600K .......... .......... .......... .......... .......... 82%  173M 0s
  1650K .......... .......... .......... .......... .......... 84% 86.6M 0s
  1700K .......... .......... .......... .......... .......... 87% 1.60M 0s
  1750K .......... .......... .......... .......... .......... 89% 93.7M 0s
  1800K .......... .......... .......... .......... .......... 92% 72.9M 0s
  1850K .......... .......... .......... .......... .......... 94% 95.6M 0s
  1900K .......... .......... .......... .......... .......... 97% 73.6M 0s
  1950K .......... .......... .......... .......... .......... 99% 1.61M 0s
  2000K                                                       100% 1.81M=0.8s

2017-01-20 09:58:28 (2.42 MB/s) - `klqhb_1069.apk' saved [2048950/2048950]

