--2017-02-03 11:23:14--  http://wap.zikeac.com/ce
Resolving wap.zikeac.com... 103.80.124.78
Connecting to wap.zikeac.com|103.80.124.78|:80... connected.
HTTP request sent, awaiting response... 301 Moved Permanently
Location: http://wap.zikeac.com/ce/ [following]
--2017-02-03 11:23:15--  http://wap.zikeac.com/ce/
Reusing existing connection to wap.zikeac.com:80.
HTTP request sent, awaiting response... 302 Object moved
Location: %E8%A7%86%E9%A2%91.apk [following]
--2017-02-03 11:23:15--  http://wap.zikeac.com/ce/%E8%A7%86%E9%A2%91.apk
Reusing existing connection to wap.zikeac.com:80.
HTTP request sent, awaiting response... 200 OK
Length: 209288 (204K) [apk]
Saving to: `è§%86é¢%91.apk'

     0K .......... .......... .......... .......... .......... 24%  348K 0s
    50K .......... .......... .......... .......... .......... 48%  266K 0s
   100K .......... .......... .......... .......... .......... 73%  185K 0s
   150K .......... .......... .......... .......... .......... 97%  272K 0s
   200K ....                                                  100% 2.19M=0.8s

2017-02-03 11:23:16 (259 KB/s) - `è§%86é¢%91.apk' saved [209288/209288]

