--2017-02-15 10:23:39--  http://t.cn/RwyeCMh
Resolving t.cn... 180.149.135.224
Connecting to t.cn|180.149.135.224|:80... connected.
HTTP request sent, awaiting response... 302 Found
Location: https://m.sf-pay.com/sfpay-openapi/ [following]
--2017-02-15 10:23:39--  https://m.sf-pay.com/sfpay-openapi/
Resolving m.sf-pay.com... 218.17.245.133
Connecting to m.sf-pay.com|218.17.245.133|:443... connected.
HTTP request sent, awaiting response... 200 OK
Length: 5394 (5.3K) [text/html]
Saving to: `index.html'

     0K .....                                                 100% 25.7M=0s

2017-02-15 10:23:40 (25.7 MB/s) - `index.html' saved [5394/5394]

=======================The second times wget =====================
--2017-02-15 10:23:40--  http://app.sf-pay.com/sfpay/android/170106/Y-release-sypay-2433-170105.apk
Resolving app.sf-pay.com... 175.6.226.33, 175.6.226.78, 175.6.226.98, ...
Connecting to app.sf-pay.com|175.6.226.33|:80... connected.
HTTP request sent, awaiting response... 200 OK
Length: 27493945 (26M) [application/octet-stream]
Saving to: `Y-release-sypay-2433-170105.apk'

     0K .......... .......... .......... .......... ..........  0% 1.50M 17s
    50K .......... .......... .......... .......... ..........  0% 2.16M 15s
   100K .......... .......... .......... .......... ..........  0% 3.07M 13s
   150K .......... .......... .......... .......... ..........  0% 6.08M 11s
   200K .......... .......... .......... .......... ..........  0% 3.09M 10s
   250K .......... .......... .......... .......... ..........  1% 6.11M 9s
   300K .......... .......... .......... .......... ..........  1%  201K 27s
   350K .......... .......... .......... .......... ..........  1% 95.6M 23s
   400K .......... .......... .......... .......... ..........  1%  149M 21s
   450K .......... .......... .......... .......... ..........  1%  117M 19s
   500K .......... .......... .......... .......... ..........  2% 7.17M 17s
   550K .......... .......... .......... .......... ..........  2% 6.01M 16s
   600K .......... .......... .......... .......... ..........  2% 4.05M 15s
   650K .......... .......... .......... .......... ..........  2% 6.14M 14s
   700K .......... .......... .......... .......... ..........  2% 11.5M 14s
   750K .......... .......... .......... .......... ..........  2% 6.10M 13s
   800K .......... .......... .......... .......... ..........  3% 6.10M 12s
   850K .......... .......... .......... .......... ..........  3%  174M 12s
   900K .......... .......... .......... .......... ..........  3% 6.38M 11s
   950K .......... .......... .......... .......... ..........  3%  121M 11s
  1000K .......... .......... .......... .......... ..........  3% 6.79M 10s
  1050K .......... .......... .......... .......... ..........  4%  166M 10s
  1100K .......... .......... .......... .......... ..........  4% 10.5M 10s
  1150K .......... .......... .......... .......... ..........  4% 13.3M 9s
  1200K .......... .......... .......... .......... ..........  4% 14.7M 9s
  1250K .......... .......... .......... .......... ..........  4%  148M 9s
  1300K .......... .......... .......... .......... ..........  5% 11.7M 8s
  1350K .......... .......... .......... .......... ..........  5%  102M 8s
  1400K .......... .......... .......... .......... ..........  5% 52.7M 8s
  1450K .......... .......... .......... .......... ..........  5% 13.2M 8s
  1500K .......... .......... .......... .......... ..........  5%  164M 7s
  1550K .......... .......... .......... .......... ..........  5% 17.0M 7s
  1600K .......... .......... .......... .......... ..........  6% 39.0M 7s
  1650K .......... .......... .......... .......... ..........  6%  118M 7s
  1700K .......... .......... .......... .......... ..........  6% 14.2M 6s
  1750K .......... .......... .......... .......... ..........  6% 76.5M 6s
  1800K .......... .......... .......... .......... ..........  6%  100M 6s
  1850K .......... .......... .......... .......... ..........  7% 15.4M 6s
  1900K .......... .......... .......... .......... ..........  7% 55.2M 6s
  1950K .......... .......... .......... .......... ..........  7%  105M 6s
  2000K .......... .......... .......... .......... ..........  7% 15.6M 6s
  2050K .......... .......... .......... .......... ..........  7% 65.8M 5s
  2100K .......... .......... .......... .......... ..........  8% 25.2M 5s
  2150K .......... .......... .......... .......... ..........  8% 28.5M 5s
  2200K .......... .......... .......... .......... ..........  8%  140M 5s
  2250K .......... .......... .......... .......... ..........  8% 10.9M 5s
  2300K .......... .......... .......... .......... ..........  8%  151M 5s
  2350K .......... .......... .......... .......... ..........  8%  138M 5s
  2400K .......... .......... .......... .......... ..........  9% 9.30M 5s
  2450K .......... .......... .......... .......... ..........  9%  152M 5s
  2500K .......... .......... .......... .......... ..........  9%  180M 5s
  2550K .......... .......... .......... .......... ..........  9%  179M 4s
  2600K .......... .......... .......... .......... ..........  9% 5.03M 4s
  2650K .......... .......... .......... .......... .......... 10%  141M 4s
  2700K .......... .......... .......... .......... .......... 10%  189M 4s
  2750K .......... .......... .......... .......... .......... 10% 6.68M 4s
  2800K .......... .......... .......... .......... .......... 10% 11.5M 4s
  2850K .......... .......... .......... .......... .......... 10%  187M 4s
  2900K .......... .......... .......... .......... .......... 10%  188M 4s
  2950K .......... .......... .......... .......... .......... 11% 10.7M 4s
  3000K .......... .......... .......... .......... .......... 11%  135M 4s
  3050K .......... .......... .......... .......... .......... 11%  173M 4s
  3100K .......... .......... .......... .......... .......... 11%  110M 4s
  3150K .......... .......... .......... .......... .......... 11% 5.14M 4s
  3200K .......... .......... .......... .......... .......... 12%  132M 4s
  3250K .......... .......... .......... .......... .......... 12%  178M 4s
  3300K .......... .......... .......... .......... .......... 12%  161M 4s
  3350K .......... .......... .......... .......... .......... 12% 5.48M 4s
  3400K .......... .......... .......... .......... .......... 12%  148M 4s
  3450K .......... .......... .......... .......... .......... 13%  168M 4s
  3500K .......... .......... .......... .......... .......... 13%  136M 3s
  3550K .......... .......... .......... .......... .......... 13% 5.37M 3s
  3600K .......... .......... .......... .......... .......... 13%  184M 3s
  3650K .......... .......... .......... .......... .......... 13%  180M 3s
  3700K .......... .......... .......... .......... .......... 13%  189M 3s
  3750K .......... .......... .......... .......... .......... 14% 5.42M 3s
  3800K .......... .......... .......... .......... .......... 14%  183M 3s
  3850K .......... .......... .......... .......... .......... 14%  190M 3s
  3900K .......... .......... .......... .......... .......... 14%  134M 3s
  3950K .......... .......... .......... .......... .......... 14% 5.27M 3s
  4000K .......... .......... .......... .......... .......... 15%  163M 3s
  4050K .......... .......... .......... .......... .......... 15%  160M 3s
  4100K .......... .......... .......... .......... .......... 15%  148M 3s
  4150K .......... .......... .......... .......... .......... 15% 6.82M 3s
  4200K .......... .......... .......... .......... .......... 15%  172M 3s
  4250K .......... .......... .......... .......... .......... 16%  186M 3s
  4300K .......... .......... .......... .......... .......... 16%  153M 3s
  4350K .......... .......... .......... .......... .......... 16% 16.7M 3s
  4400K .......... .......... .......... .......... .......... 16% 11.2M 3s
  4450K .......... .......... .......... .......... .......... 16%  142M 3s
  4500K .......... .......... .......... .......... .......... 16%  162M 3s
  4550K .......... .......... .......... .......... .......... 17%  182M 3s
  4600K .......... .......... .......... .......... .......... 17% 7.37M 3s
  4650K .......... .......... .......... .......... .......... 17% 95.2M 3s
  4700K .......... .......... .......... .......... .......... 17%  161M 3s
  4750K .......... .......... .......... .......... .......... 17%  184M 3s
  4800K .......... .......... .......... .......... .......... 18%  160M 3s
  4850K .......... .......... .......... .......... .......... 18% 7.17M 3s
  4900K .......... .......... .......... .......... .......... 18%  181M 3s
  4950K .......... .......... .......... .......... .......... 18%  186M 3s
  5000K .......... .......... .......... .......... .......... 18%  189M 3s
  5050K .......... .......... .......... .......... .......... 18% 15.6M 3s
  5100K .......... .......... .......... .......... .......... 19% 11.6M 3s
  5150K .......... .......... .......... .......... .......... 19%  184M 2s
  5200K .......... .......... .......... .......... .......... 19%  185M 2s
  5250K .......... .......... .......... .......... .......... 19%  122M 2s
  5300K .......... .......... .......... .......... .......... 19% 6.94M 2s
  5350K .......... .......... .......... .......... .......... 20%  138M 2s
  5400K .......... .......... .......... .......... .......... 20%  171M 2s
  5450K .......... .......... .......... .......... .......... 20%  133M 2s
  5500K .......... .......... .......... .......... .......... 20%  159M 2s
  5550K .......... .......... .......... .......... .......... 20% 5.66M 2s
  5600K .......... .......... .......... .......... .......... 21%  152M 2s
  5650K .......... .......... .......... .......... .......... 21%  183M 2s
  5700K .......... .......... .......... .......... .......... 21%  148M 2s
  5750K .......... .......... .......... .......... .......... 21%  174M 2s
  5800K .......... .......... .......... .......... .......... 21% 4.67M 2s
  5850K .......... .......... .......... .......... .......... 21%  170M 2s
  5900K .......... .......... .......... .......... .......... 22%  172M 2s
  5950K .......... .......... .......... .......... .......... 22%  111M 2s
  6000K .......... .......... .......... .......... .......... 22%  158M 2s
  6050K .......... .......... .......... .......... .......... 22% 4.45M 2s
  6100K .......... .......... .......... .......... .......... 22%  182M 2s
  6150K .......... .......... .......... .......... .......... 23%  147M 2s
  6200K .......... .......... .......... .......... .......... 23%  178M 2s
  6250K .......... .......... .......... .......... .......... 23%  175M 2s
  6300K .......... .......... .......... .......... .......... 23% 4.54M 2s
  6350K .......... .......... .......... .......... .......... 23%  182M 2s
  6400K .......... .......... .......... .......... .......... 24%  183M 2s
  6450K .......... .......... .......... .......... .......... 24%  136M 2s
  6500K .......... .......... .......... .......... .......... 24%  172M 2s
  6550K .......... .......... .......... .......... .......... 24% 18.4M 2s
  6600K .......... .......... .......... .......... .......... 24% 11.0M 2s
  6650K .......... .......... .......... .......... .......... 24%  106M 2s
  6700K .......... .......... .......... .......... .......... 25%  125M 2s
  6750K .......... .......... .......... .......... .......... 25%  184M 2s
  6800K .......... .......... .......... .......... .......... 25%  190M 2s
  6850K .......... .......... .......... .......... .......... 25% 7.68M 2s
  6900K .......... .......... .......... .......... .......... 25%  182M 2s
  6950K .......... .......... .......... .......... .......... 26%  161M 2s
  7000K .......... .......... .......... .......... .......... 26%  133M 2s
  7050K .......... .......... .......... .......... .......... 26%  188M 2s
  7100K .......... .......... .......... .......... .......... 26% 17.8M 2s
  7150K .......... .......... .......... .......... .......... 26% 11.6M 2s
  7200K .......... .......... .......... .......... .......... 27%  103M 2s
  7250K .......... .......... .......... .......... .......... 27%  184M 2s
  7300K .......... .......... .......... .......... .......... 27%  146M 2s
  7350K .......... .......... .......... .......... .......... 27%  188M 2s
  7400K .......... .......... .......... .......... .......... 27% 20.1M 2s
  7450K .......... .......... .......... .......... .......... 27% 11.5M 2s
  7500K .......... .......... .......... .......... .......... 28%  142M 2s
  7550K .......... .......... .......... .......... .......... 28%  188M 2s
  7600K .......... .......... .......... .......... .......... 28%  134M 2s
  7650K .......... .......... .......... .......... .......... 28% 17.3M 2s
  7700K .......... .......... .......... .......... .......... 28% 12.5M 2s
  7750K .......... .......... .......... .......... .......... 29%  145M 2s
  7800K .......... .......... .......... .......... .......... 29%  147M 2s
  7850K .......... .......... .......... .......... .......... 29%  186M 2s
  7900K .......... .......... .......... .......... .......... 29% 68.4M 2s
  7950K .......... .......... .......... .......... .......... 29% 19.1M 2s
  8000K .......... .......... .......... .......... .......... 29% 12.1M 2s
  8050K .......... .......... .......... .......... .......... 30%  140M 2s
  8100K .......... .......... .......... .......... .......... 30%  190M 2s
  8150K .......... .......... .......... .......... .......... 30%  190M 2s
  8200K .......... .......... .......... .......... .......... 30%  165M 2s
  8250K .......... .......... .......... .......... .......... 30% 21.8M 2s
  8300K .......... .......... .......... .......... .......... 31% 11.1M 2s
  8350K .......... .......... .......... .......... .......... 31% 95.7M 2s
  8400K .......... .......... .......... .......... .......... 31%  149M 2s
  8450K .......... .......... .......... .......... .......... 31% 67.9M 2s
  8500K .......... .......... .......... .......... .......... 31% 69.5M 2s
  8550K .......... .......... .......... .......... .......... 32%  109M 2s
  8600K .......... .......... .......... .......... .......... 32%  111M 1s
  8650K .......... .......... .......... .......... .......... 32% 9.67M 1s
  8700K .......... .......... .......... .......... .......... 32% 96.7M 1s
  8750K .......... .......... .......... .......... .......... 32%  171M 1s
  8800K .......... .......... .......... .......... .......... 32%  181M 1s
  8850K .......... .......... .......... .......... .......... 33%  164M 1s
  8900K .......... .......... .......... .......... .......... 33% 65.9M 1s
  8950K .......... .......... .......... .......... .......... 33% 12.7M 1s
  9000K .......... .......... .......... .......... .......... 33%  135M 1s
  9050K .......... .......... .......... .......... .......... 33%  188M 1s
  9100K .......... .......... .......... .......... .......... 34%  189M 1s
  9150K .......... .......... .......... .......... .......... 34%  143M 1s
  9200K .......... .......... .......... .......... .......... 34%  153M 1s
  9250K .......... .......... .......... .......... .......... 34% 12.1M 1s
  9300K .......... .......... .......... .......... .......... 34% 19.5M 1s
  9350K .......... .......... .......... .......... .......... 35%  168M 1s
  9400K .......... .......... .......... .......... .......... 35%  111M 1s
  9450K .......... .......... .......... .......... .......... 35%  186M 1s
  9500K .......... .......... .......... .......... .......... 35%  186M 1s
  9550K .......... .......... .......... .......... .......... 35% 10.8M 1s
  9600K .......... .......... .......... .......... .......... 35%  119M 1s
  9650K .......... .......... .......... .......... .......... 36% 15.8M 1s
  9700K .......... .......... .......... .......... .......... 36%  115M 1s
  9750K .......... .......... .......... .......... .......... 36%  153M 1s
  9800K .......... .......... .......... .......... .......... 36% 88.8M 1s
  9850K .......... .......... .......... .......... .......... 36%  182M 1s
  9900K .......... .......... .......... .......... .......... 37%  187M 1s
  9950K .......... .......... .......... .......... .......... 37% 42.3M 1s
 10000K .......... .......... .......... .......... .......... 37% 11.7M 1s
 10050K .......... .......... .......... .......... .......... 37%  134M 1s
 10100K .......... .......... .......... .......... .......... 37%  180M 1s
 10150K .......... .......... .......... .......... .......... 37%  189M 1s
 10200K .......... .......... .......... .......... .......... 38%  155M 1s
 10250K .......... .......... .......... .......... .......... 38%  134M 1s
 10300K .......... .......... .......... .......... .......... 38% 22.0M 1s
 10350K .......... .......... .......... .......... .......... 38%  183M 1s
 10400K .......... .......... .......... .......... .......... 38% 12.6M 1s
 10450K .......... .......... .......... .......... .......... 39%  149M 1s
 10500K .......... .......... .......... .......... .......... 39%  181M 1s
 10550K .......... .......... .......... .......... .......... 39%  188M 1s
 10600K .......... .......... .......... .......... .......... 39%  191M 1s
 10650K .......... .......... .......... .......... .......... 39%  117M 1s
 10700K .......... .......... .......... .......... .......... 40% 12.1M 1s
 10750K .......... .......... .......... .......... .......... 40% 25.2M 1s
 10800K .......... .......... .......... .......... .......... 40%  150M 1s
 10850K .......... .......... .......... .......... .......... 40%  191M 1s
 10900K .......... .......... .......... .......... .......... 40%  139M 1s
 10950K .......... .......... .......... .......... .......... 40%  160M 1s
 11000K .......... .......... .......... .......... .......... 41%  108M 1s
 11050K .......... .......... .......... .......... .......... 41% 22.2M 1s
 11100K .......... .......... .......... .......... .......... 41%  161M 1s
 11150K .......... .......... .......... .......... .......... 41% 12.6M 1s
 11200K .......... .......... .......... .......... .......... 41%  136M 1s
 11250K .......... .......... .......... .......... .......... 42%  184M 1s
 11300K .......... .......... .......... .......... .......... 42%  176M 1s
 11350K .......... .......... .......... .......... .......... 42%  189M 1s
 11400K .......... .......... .......... .......... .......... 42%  191M 1s
 11450K .......... .......... .......... .......... .......... 42% 18.6M 1s
 11500K .......... .......... .......... .......... .......... 43%  132M 1s
 11550K .......... .......... .......... .......... .......... 43% 13.1M 1s
 11600K .......... .......... .......... .......... .......... 43%  184M 1s
 11650K .......... .......... .......... .......... .......... 43%  185M 1s
 11700K .......... .......... .......... .......... .......... 43% 96.3M 1s
 11750K .......... .......... .......... .......... .......... 43%  186M 1s
 11800K .......... .......... .......... .......... .......... 44%  174M 1s
 11850K .......... .......... .......... .......... .......... 44% 21.2M 1s
 11900K .......... .......... .......... .......... .......... 44%  174M 1s
 11950K .......... .......... .......... .......... .......... 44% 12.4M 1s
 12000K .......... .......... .......... .......... .......... 44%  186M 1s
 12050K .......... .......... .......... .......... .......... 45%  189M 1s
 12100K .......... .......... .......... .......... .......... 45%  138M 1s
 12150K .......... .......... .......... .......... .......... 45%  189M 1s
 12200K .......... .......... .......... .......... .......... 45% 17.6M 1s
 12250K .......... .......... .......... .......... .......... 45%  172M 1s
 12300K .......... .......... .......... .......... .......... 45%  157M 1s
 12350K .......... .......... .......... .......... .......... 46% 14.1M 1s
 12400K .......... .......... .......... .......... .......... 46%  145M 1s
 12450K .......... .......... .......... .......... .......... 46%  187M 1s
 12500K .......... .......... .......... .......... .......... 46%  123M 1s
 12550K .......... .......... .......... .......... .......... 46%  190M 1s
 12600K .......... .......... .......... .......... .......... 47% 17.2M 1s
 12650K .......... .......... .......... .......... .......... 47%  164M 1s
 12700K .......... .......... .......... .......... .......... 47% 13.4M 1s
 12750K .......... .......... .......... .......... .......... 47%  169M 1s
 12800K .......... .......... .......... .......... .......... 47%  185M 1s
 12850K .......... .......... .......... .......... .......... 48%  186M 1s
 12900K .......... .......... .......... .......... .......... 48%  170M 1s
 12950K .......... .......... .......... .......... .......... 48%  191M 1s
 13000K .......... .......... .......... .......... .......... 48% 18.5M 1s
 13050K .......... .......... .......... .......... .......... 48%  156M 1s
 13100K .......... .......... .......... .......... .......... 48%  189M 1s
 13150K .......... .......... .......... .......... .......... 49% 13.2M 1s
 13200K .......... .......... .......... .......... .......... 49%  106M 1s
 13250K .......... .......... .......... .......... .......... 49%  158M 1s
 13300K .......... .......... .......... .......... .......... 49%  186M 1s
 13350K .......... .......... .......... .......... .......... 49%  170M 1s
 13400K .......... .......... .......... .......... .......... 50% 19.0M 1s
 13450K .......... .......... .......... .......... .......... 50%  156M 1s
 13500K .......... .......... .......... .......... .......... 50% 13.0M 1s
 13550K .......... .......... .......... .......... .......... 50%  107M 1s
 13600K .......... .......... .......... .......... .......... 50%  162M 1s
 13650K .......... .......... .......... .......... .......... 51%  185M 1s
 13700K .......... .......... .......... .......... .......... 51%  191M 1s
 13750K .......... .......... .......... .......... .......... 51%  196M 1s
 13800K .......... .......... .......... .......... .......... 51%  167M 1s
 13850K .......... .......... .......... .......... .......... 51% 21.2M 1s
 13900K .......... .......... .......... .......... .......... 51%  184M 1s
 13950K .......... .......... .......... .......... .......... 52% 12.1M 1s
 14000K .......... .......... .......... .......... .......... 52%  110M 1s
 14050K .......... .......... .......... .......... .......... 52%  120M 1s
 14100K .......... .......... .......... .......... .......... 52%  172M 1s
 14150K .......... .......... .......... .......... .......... 52%  131M 1s
 14200K .......... .......... .......... .......... .......... 53%  178M 1s
 14250K .......... .......... .......... .......... .......... 53%  143M 1s
 14300K .......... .......... .......... .......... .......... 53% 29.2M 1s
 14350K .......... .......... .......... .......... .......... 53% 12.4M 1s
 14400K .......... .......... .......... .......... .......... 53%  143M 1s
 14450K .......... .......... .......... .......... .......... 54%  184M 1s
 14500K .......... .......... .......... .......... .......... 54%  155M 1s
 14550K .......... .......... .......... .......... .......... 54%  193M 1s
 14600K .......... .......... .......... .......... .......... 54%  146M 1s
 14650K .......... .......... .......... .......... .......... 54%  156M 1s
 14700K .......... .......... .......... .......... .......... 54% 21.9M 1s
 14750K .......... .......... .......... .......... .......... 55%  174M 1s
 14800K .......... .......... .......... .......... .......... 55% 15.6M 1s
 14850K .......... .......... .......... .......... .......... 55%  185M 1s
 14900K .......... .......... .......... .......... .......... 55%  126M 1s
 14950K .......... .......... .......... .......... .......... 55%  155M 1s
 15000K .......... .......... .......... .......... .......... 56%  105M 1s
 15050K .......... .......... .......... .......... .......... 56%  182M 1s
 15100K .......... .......... .......... .......... .......... 56% 16.7M 1s
 15150K .......... .......... .......... .......... .......... 56%  187M 1s
 15200K .......... .......... .......... .......... .......... 56% 12.8M 1s
 15250K .......... .......... .......... .......... .......... 56%  135M 1s
 15300K .......... .......... .......... .......... .......... 57% 97.3M 1s
 15350K .......... .......... .......... .......... .......... 57%  186M 1s
 15400K .......... .......... .......... .......... .......... 57%  192M 1s
 15450K .......... .......... .......... .......... .......... 57%  194M 1s
 15500K .......... .......... .......... .......... .......... 57%  170M 1s
 15550K .......... .......... .......... .......... .......... 58% 24.4M 1s
 15600K .......... .......... .......... .......... .......... 58% 11.9M 1s
 15650K .......... .......... .......... .......... .......... 58%  141M 1s
 15700K .......... .......... .......... .......... .......... 58%  190M 1s
 15750K .......... .......... .......... .......... .......... 58%  142M 1s
 15800K .......... .......... .......... .......... .......... 59%  123M 1s
 15850K .......... .......... .......... .......... .......... 59%  162M 1s
 15900K .......... .......... .......... .......... .......... 59%  143M 1s
 15950K .......... .......... .......... .......... .......... 59%  144M 1s
 16000K .......... .......... .......... .......... .......... 59% 60.9M 1s
 16050K .......... .......... .......... .......... .......... 59% 12.1M 1s
 16100K .......... .......... .......... .......... .......... 60%  139M 1s
 16150K .......... .......... .......... .......... .......... 60%  189M 1s
 16200K .......... .......... .......... .......... .......... 60%  115M 1s
 16250K .......... .......... .......... .......... .......... 60%  187M 1s
 16300K .......... .......... .......... .......... .......... 60%  146M 1s
 16350K .......... .......... .......... .......... .......... 61%  175M 1s
 16400K .......... .......... .......... .......... .......... 61% 99.0M 1s
 16450K .......... .......... .......... .......... .......... 61% 33.9M 1s
 16500K .......... .......... .......... .......... .......... 61% 11.9M 1s
 16550K .......... .......... .......... .......... .......... 61%  174M 1s
 16600K .......... .......... .......... .......... .......... 62%  191M 1s
 16650K .......... .......... .......... .......... .......... 62%  165M 1s
 16700K .......... .......... .......... .......... .......... 62%  182M 1s
 16750K .......... .......... .......... .......... .......... 62%  146M 1s
 16800K .......... .......... .......... .......... .......... 62%  187M 1s
 16850K .......... .......... .......... .......... .......... 62%  181M 1s
 16900K .......... .......... .......... .......... .......... 63%  189M 1s
 16950K .......... .......... .......... .......... .......... 63% 25.1M 1s
 17000K .......... .......... .......... .......... .......... 63% 12.2M 1s
 17050K .......... .......... .......... .......... .......... 63%  144M 1s
 17100K .......... .......... .......... .......... .......... 63%  192M 0s
 17150K .......... .......... .......... .......... .......... 64%  164M 0s
 17200K .......... .......... .......... .......... .......... 64%  188M 0s
 17250K .......... .......... .......... .......... .......... 64%  191M 0s
 17300K .......... .......... .......... .......... .......... 64%  191M 0s
 17350K .......... .......... .......... .......... .......... 64%  163M 0s
 17400K .......... .......... .......... .......... .......... 64% 26.0M 0s
 17450K .......... .......... .......... .......... .......... 65% 10.7M 0s
 17500K .......... .......... .......... .......... .......... 65% 96.9M 0s
 17550K .......... .......... .......... .......... .......... 65%  185M 0s
 17600K .......... .......... .......... .......... .......... 65%  193M 0s
 17650K .......... .......... .......... .......... .......... 65%  176M 0s
 17700K .......... .......... .......... .......... .......... 66%  155M 0s
 17750K .......... .......... .......... .......... .......... 66%  189M 0s
 17800K .......... .......... .......... .......... .......... 66%  191M 0s
 17850K .......... .......... .......... .......... .......... 66%  112M 0s
 17900K .......... .......... .......... .......... .......... 66% 5.30M 0s
 17950K .......... .......... .......... .......... .......... 67%  175M 0s
 18000K .......... .......... .......... .......... .......... 67%  182M 0s
 18050K .......... .......... .......... .......... .......... 67%  161M 0s
 18100K .......... .......... .......... .......... .......... 67%  189M 0s
 18150K .......... .......... .......... .......... .......... 67%  144M 0s
 18200K .......... .......... .......... .......... .......... 67%  144M 0s
 18250K .......... .......... .......... .......... .......... 68%  140M 0s
 18300K .......... .......... .......... .......... .......... 68%  178M 0s
 18350K .......... .......... .......... .......... .......... 68%  170M 0s
 18400K .......... .......... .......... .......... .......... 68% 9.11M 0s
 18450K .......... .......... .......... .......... .......... 68% 11.7M 0s
 18500K .......... .......... .......... .......... .......... 69%  159M 0s
 18550K .......... .......... .......... .......... .......... 69%  189M 0s
 18600K .......... .......... .......... .......... .......... 69%  157M 0s
 18650K .......... .......... .......... .......... .......... 69%  187M 0s
 18700K .......... .......... .......... .......... .......... 69%  191M 0s
 18750K .......... .......... .......... .......... .......... 70%  135M 0s
 18800K .......... .......... .......... .......... .......... 70%  191M 0s
 18850K .......... .......... .......... .......... .......... 70%  181M 0s
 18900K .......... .......... .......... .......... .......... 70% 4.94M 0s
 18950K .......... .......... .......... .......... .......... 70%  182M 0s
 19000K .......... .......... .......... .......... .......... 70%  115M 0s
 19050K .......... .......... .......... .......... .......... 71%  126M 0s
 19100K .......... .......... .......... .......... .......... 71%  143M 0s
 19150K .......... .......... .......... .......... .......... 71%  163M 0s
 19200K .......... .......... .......... .......... .......... 71%  173M 0s
 19250K .......... .......... .......... .......... .......... 71%  185M 0s
 19300K .......... .......... .......... .......... .......... 72%  189M 0s
 19350K .......... .......... .......... .......... .......... 72%  162M 0s
 19400K .......... .......... .......... .......... .......... 72% 5.39M 0s
 19450K .......... .......... .......... .......... .......... 72%  140M 0s
 19500K .......... .......... .......... .......... .......... 72%  141M 0s
 19550K .......... .......... .......... .......... .......... 72%  159M 0s
 19600K .......... .......... .......... .......... .......... 73%  167M 0s
 19650K .......... .......... .......... .......... .......... 73%  179M 0s
 19700K .......... .......... .......... .......... .......... 73%  168M 0s
 19750K .......... .......... .......... .......... .......... 73%  182M 0s
 19800K .......... .......... .......... .......... .......... 73%  163M 0s
 19850K .......... .......... .......... .......... .......... 74% 36.1M 0s
 19900K .......... .......... .......... .......... .......... 74% 10.4M 0s
 19950K .......... .......... .......... .......... .......... 74%  186M 0s
 20000K .......... .......... .......... .......... .......... 74%  131M 0s
 20050K .......... .......... .......... .......... .......... 74% 64.3M 0s
 20100K .......... .......... .......... .......... .......... 75%  171M 0s
 20150K .......... .......... .......... .......... .......... 75%  114M 0s
 20200K .......... .......... .......... .......... .......... 75%  123M 0s
 20250K .......... .......... .......... .......... .......... 75%  116M 0s
 20300K .......... .......... .......... .......... .......... 75%  184M 0s
 20350K .......... .......... .......... .......... .......... 75%  134M 0s
 20400K .......... .......... .......... .......... .......... 76% 14.2M 0s
 20450K .......... .......... .......... .......... .......... 76%  184M 0s
 20500K .......... .......... .......... .......... .......... 76%  150M 0s
 20550K .......... .......... .......... .......... .......... 76%  186M 0s
 20600K .......... .......... .......... .......... .......... 76%  184M 0s
 20650K .......... .......... .......... .......... .......... 77%  188M 0s
 20700K .......... .......... .......... .......... .......... 77%  160M 0s
 20750K .......... .......... .......... .......... .......... 77%  144M 0s
 20800K .......... .......... .......... .......... .......... 77%  187M 0s
 20850K .......... .......... .......... .......... .......... 77% 8.27M 0s
 20900K .......... .......... .......... .......... .......... 78% 8.35M 0s
 20950K .......... .......... .......... .......... .......... 78%  142M 0s
 21000K .......... .......... .......... .......... .......... 78%  157M 0s
 21050K .......... .......... .......... .......... .......... 78%  161M 0s
 21100K .......... .......... .......... .......... .......... 78%  185M 0s
 21150K .......... .......... .......... .......... .......... 78%  189M 0s
 21200K .......... .......... .......... .......... .......... 79%  133M 0s
 21250K .......... .......... .......... .......... .......... 79%  183M 0s
 21300K .......... .......... .......... .......... .......... 79%  181M 0s
 21350K .......... .......... .......... .......... .......... 79% 5.11M 0s
 21400K .......... .......... .......... .......... .......... 79%  141M 0s
 21450K .......... .......... .......... .......... .......... 80% 95.0M 0s
 21500K .......... .......... .......... .......... .......... 80%  186M 0s
 21550K .......... .......... .......... .......... .......... 80%  189M 0s
 21600K .......... .......... .......... .......... .......... 80% 95.6M 0s
 21650K .......... .......... .......... .......... .......... 80%  186M 0s
 21700K .......... .......... .......... .......... .......... 81%  162M 0s
 21750K .......... .......... .......... .......... .......... 81%  122M 0s
 21800K .......... .......... .......... .......... .......... 81%  178M 0s
 21850K .......... .......... .......... .......... .......... 81% 17.5M 0s
 21900K .......... .......... .......... .......... .......... 81% 11.4M 0s
 21950K .......... .......... .......... .......... .......... 81%  138M 0s
 22000K .......... .......... .......... .......... .......... 82%  186M 0s
 22050K .......... .......... .......... .......... .......... 82%  158M 0s
 22100K .......... .......... .......... .......... .......... 82%  189M 0s
 22150K .......... .......... .......... .......... .......... 82%  178M 0s
 22200K .......... .......... .......... .......... .......... 82% 80.6M 0s
 22250K .......... .......... .......... .......... .......... 83%  183M 0s
 22300K .......... .......... .......... .......... .......... 83%  185M 0s
 22350K .......... .......... .......... .......... .......... 83%  126M 0s
 22400K .......... .......... .......... .......... .......... 83% 5.32M 0s
 22450K .......... .......... .......... .......... .......... 83%  186M 0s
 22500K .......... .......... .......... .......... .......... 83%  184M 0s
 22550K .......... .......... .......... .......... .......... 84%  126M 0s
 22600K .......... .......... .......... .......... .......... 84%  188M 0s
 22650K .......... .......... .......... .......... .......... 84%  186M 0s
 22700K .......... .......... .......... .......... .......... 84%  165M 0s
 22750K .......... .......... .......... .......... .......... 84%  114M 0s
 22800K .......... .......... .......... .......... .......... 85%  157M 0s
 22850K .......... .......... .......... .......... .......... 85%  161M 0s
 22900K .......... .......... .......... .......... .......... 85% 5.45M 0s
 22950K .......... .......... .......... .......... .......... 85%  138M 0s
 23000K .......... .......... .......... .......... .......... 85%  185M 0s
 23050K .......... .......... .......... .......... .......... 86%  166M 0s
 23100K .......... .......... .......... .......... .......... 86%  163M 0s
 23150K .......... .......... .......... .......... .......... 86%  193M 0s
 23200K .......... .......... .......... .......... .......... 86%  175M 0s
 23250K .......... .......... .......... .......... .......... 86%  152M 0s
 23300K .......... .......... .......... .......... .......... 86%  166M 0s
 23350K .......... .......... .......... .......... .......... 87%  126M 0s
 23400K .......... .......... .......... .......... .......... 87% 5.28M 0s
 23450K .......... .......... .......... .......... .......... 87%  160M 0s
 23500K .......... .......... .......... .......... .......... 87%  184M 0s
 23550K .......... .......... .......... .......... .......... 87%  186M 0s
 23600K .......... .......... .......... .......... .......... 88%  181M 0s
 23650K .......... .......... .......... .......... .......... 88%  142M 0s
 23700K .......... .......... .......... .......... .......... 88%  185M 0s
 23750K .......... .......... .......... .......... .......... 88%  191M 0s
 23800K .......... .......... .......... .......... .......... 88%  163M 0s
 23850K .......... .......... .......... .......... .......... 89%  171M 0s
 23900K .......... .......... .......... .......... .......... 89% 8.45M 0s
 23950K .......... .......... .......... .......... .......... 89%  175M 0s
 24000K .......... .......... .......... .......... .......... 89%  138M 0s
 24050K .......... .......... .......... .......... .......... 89% 13.4M 0s
 24100K .......... .......... .......... .......... .......... 89%  182M 0s
 24150K .......... .......... .......... .......... .......... 90%  186M 0s
 24200K .......... .......... .......... .......... .......... 90%  173M 0s
 24250K .......... .......... .......... .......... .......... 90%  187M 0s
 24300K .......... .......... .......... .......... .......... 90%  189M 0s
 24350K .......... .......... .......... .......... .......... 90%  117M 0s
 24400K .......... .......... .......... .......... .......... 91%  172M 0s
 24450K .......... .......... .......... .......... .......... 91% 25.6M 0s
 24500K .......... .......... .......... .......... .......... 91% 12.9M 0s
 24550K .......... .......... .......... .......... .......... 91%  136M 0s
 24600K .......... .......... .......... .......... .......... 91%  163M 0s
 24650K .......... .......... .......... .......... .......... 91% 96.9M 0s
 24700K .......... .......... .......... .......... .......... 92%  150M 0s
 24750K .......... .......... .......... .......... .......... 92%  136M 0s
 24800K .......... .......... .......... .......... .......... 92%  136M 0s
 24850K .......... .......... .......... .......... .......... 92%  137M 0s
 24900K .......... .......... .......... .......... .......... 92%  166M 0s
 24950K .......... .......... .......... .......... .......... 93% 5.64M 0s
 25000K .......... .......... .......... .......... .......... 93%  171M 0s
 25050K .......... .......... .......... .......... .......... 93%  126M 0s
 25100K .......... .......... .......... .......... .......... 93%  186M 0s
 25150K .......... .......... .......... .......... .......... 93%  186M 0s
 25200K .......... .......... .......... .......... .......... 94%  186M 0s
 25250K .......... .......... .......... .......... .......... 94%  140M 0s
 25300K .......... .......... .......... .......... .......... 94%  181M 0s
 25350K .......... .......... .......... .......... .......... 94%  187M 0s
 25400K .......... .......... .......... .......... .......... 94%  161M 0s
 25450K .......... .......... .......... .......... .......... 94%  137M 0s
 25500K .......... .......... .......... .......... .......... 95% 8.83M 0s
 25550K .......... .......... .......... .......... .......... 95% 9.14M 0s
 25600K .......... .......... .......... .......... .......... 95%  147M 0s
 25650K .......... .......... .......... .......... .......... 95%  180M 0s
 25700K .......... .......... .......... .......... .......... 95%  143M 0s
 25750K .......... .......... .......... .......... .......... 96%  162M 0s
 25800K .......... .......... .......... .......... .......... 96%  180M 0s
 25850K .......... .......... .......... .......... .......... 96%  186M 0s
 25900K .......... .......... .......... .......... .......... 96%  154M 0s
 25950K .......... .......... .......... .......... .......... 96%  124M 0s
 26000K .......... .......... .......... .......... .......... 97%  184M 0s
 26050K .......... .......... .......... .......... .......... 97% 5.91M 0s
 26100K .......... .......... .......... .......... .......... 97%  174M 0s
 26150K .......... .......... .......... .......... .......... 97%  156M 0s
 26200K .......... .......... .......... .......... .......... 97%  147M 0s
 26250K .......... .......... .......... .......... .......... 97%  174M 0s
 26300K .......... .......... .......... .......... .......... 98%  189M 0s
 26350K .......... .......... .......... .......... .......... 98%  184M 0s
 26400K .......... .......... .......... .......... .......... 98%  168M 0s
 26450K .......... .......... .......... .......... .......... 98%  145M 0s
 26500K .......... .......... .......... .......... .......... 98%  186M 0s
 26550K .......... .......... .......... .......... .......... 99%  184M 0s
 26600K .......... .......... .......... .......... .......... 99% 5.73M 0s
 26650K .......... .......... .......... .......... .......... 99%  181M 0s
 26700K .......... .......... .......... .......... .......... 99%  185M 0s
 26750K .......... .......... .......... .......... .......... 99%  133M 0s
 26800K .......... .......... .......... .......... ......... 100%  169M=1.1s

2017-02-15 10:23:41 (24.0 MB/s) - `Y-release-sypay-2433-170105.apk' saved [27493945/27493945]

