--2017-03-17 08:21:11--  http://aumelt.cn/cs
Resolving aumelt.cn... 144.48.240.193
Connecting to aumelt.cn|144.48.240.193|:80... connected.
HTTP request sent, awaiting response... 301 Moved Permanently
Location: http://aumelt.cn/cs/ [following]
--2017-03-17 08:21:12--  http://aumelt.cn/cs/
Reusing existing connection to aumelt.cn:80.
HTTP request sent, awaiting response... 200 OK
Length: 247 [text/html]
Saving to: `index.html'

     0K                                                       100% 18.1M=0s

2017-03-17 08:21:12 (18.1 MB/s) - `index.html' saved [247/247]

=======================The second times wget =====================
--2017-03-17 08:21:12--  http://aumelt.cn/cs/%CF%E0%B2%E19.apk
Resolving aumelt.cn... 144.48.240.193
Connecting to aumelt.cn|144.48.240.193|:80... connected.
HTTP request sent, awaiting response... 200 OK
Length: 209290 (204K) [application/vnd.android.package-archive]
Saving to: `ПаІб9.apk'

     0K .......... .......... .......... .......... .......... 24%  280K 1s
    50K .......... .......... .......... .......... .......... 48%  118K 1s
   100K .......... .......... .......... .......... .......... 73%  125K 0s
   150K .......... .......... .......... .......... .......... 97%  128K 0s
   200K ....                                                  100%  137K=1.4s

2017-03-17 08:21:13 (143 KB/s) - `ПаІб9.apk' saved [209290/209290]

