--2017-01-06 15:43:27--  http://jrxmw.cn/Lx3jI
Resolving jrxmw.cn... 103.211.125.148
Connecting to jrxmw.cn|103.211.125.148|:80... connected.
HTTP request sent, awaiting response... 301 Moved Permanently
Location: http://jrxmw.cn/Lx3jI/ [following]
--2017-01-06 15:43:27--  http://jrxmw.cn/Lx3jI/
Reusing existing connection to jrxmw.cn:80.
HTTP request sent, awaiting response... 302 Object moved
Location: luxiang.apk [following]
--2017-01-06 15:43:27--  http://jrxmw.cn/Lx3jI/luxiang.apk
Reusing existing connection to jrxmw.cn:80.
HTTP request sent, awaiting response... 200 OK
Length: 213494 (208K) [application/vnd.android]
Saving to: `luxiang.apk'

     0K .......... .......... .......... .......... .......... 23%  436K 0s
    50K .......... .......... .......... .......... .......... 47%  456K 0s
   100K .......... .......... .......... .......... .......... 71%  456K 0s
   150K .......... .......... .......... .......... .......... 95%  458K 0s
   200K ........                                              100%  469K=0.5s

2017-01-06 15:43:28 (452 KB/s) - `luxiang.apk' saved [213494/213494]

