--2016-12-30 12:36:31--  http://www.voip818.com/hangtaiweiliao/
Resolving www.voip818.com... 120.26.91.35
Connecting to www.voip818.com|120.26.91.35|:80... connected.
HTTP request sent, awaiting response... 200 OK
Length: 3159 (3.1K) [text/html]
Saving to: `index.html'

     0K ...                                                   100%  201M=0s

2016-12-30 12:36:34 (201 MB/s) - `index.html' saved [3159/3159]

=======================The second times wget =====================
--2016-12-30 12:36:34--  http://www.voip818.com/hangtaiweiliao/soft/ht.apk
Resolving www.voip818.com... 120.26.91.35
Connecting to www.voip818.com|120.26.91.35|:80... connected.
HTTP request sent, awaiting response... 200 OK
Length: 3853599 (3.7M) [application/vnd.android.package-archive]
Saving to: `ht.apk'

     0K .......... .......... .......... .......... ..........  1%  708K 5s
    50K .......... .......... .......... .......... ..........  2% 1.05M 4s
   100K .......... .......... .......... .......... ..........  3%  356K 6s
   150K .......... .......... .......... .......... ..........  5%  143K 11s
   200K .......... .......... .......... .......... ..........  6%  124K 14s
   250K .......... .......... .......... .......... ..........  7%  120K 16s
   300K .......... .......... .......... .......... ..........  9%  268K 16s
   350K .......... .......... .......... .......... .......... 10%  306K 15s
   400K .......... .......... .......... .......... .......... 11%  162K 15s
   450K .......... .......... .......... .......... .......... 13%  249K 15s
   500K .......... .......... .......... .......... .......... 14%  428K 14s
   550K .......... .......... .......... .......... .......... 15%  357K 13s
   600K .......... .......... .......... .......... .......... 17%  212K 13s
   650K .......... .......... .......... .......... .......... 18%  153K 14s
   700K .......... .......... .......... .......... .......... 19%  272K 13s
   750K .......... .......... .......... .......... .......... 21%  119K 14s
   800K .......... .......... .......... .......... .......... 22%  267K 13s
   850K .......... .......... .......... .......... .......... 23%  348K 13s
   900K .......... .......... .......... .......... .......... 25%  267K 13s
   950K .......... .......... .......... .......... .......... 26%  114K 13s
  1000K .......... .......... .......... .......... .......... 27%  121K 13s
  1050K .......... .......... .......... .......... .......... 29%  151K 13s
  1100K .......... .......... .......... .......... .......... 30%  173K 13s
  1150K .......... .......... .......... .......... .......... 31%  115K 13s
  1200K .......... .......... .......... .......... .......... 33% 70.0K 14s
  1250K .......... .......... .......... .......... .......... 34%  305K 13s
  1300K .......... .......... .......... .......... .......... 35%  214K 13s
  1350K .......... .......... .......... .......... .......... 37%  237K 13s
  1400K .......... .......... .......... .......... .......... 38%  355K 12s
  1450K .......... .......... .......... .......... .......... 39% 92.9K 12s
  1500K .......... .......... .......... .......... .......... 41%  238K 12s
  1550K .......... .......... .......... .......... .......... 42%  143K 12s
  1600K .......... .......... .......... .......... .......... 43%  155K 12s
  1650K .......... .......... .......... .......... .......... 45%  291K 11s
  1700K .......... .......... .......... .......... .......... 46%  238K 11s
  1750K .......... .......... .......... .......... .......... 47%  238K 10s
  1800K .......... .......... .......... .......... .......... 49%  195K 10s
  1850K .......... .......... .......... .......... .......... 50%  356K 10s
  1900K .......... .......... .......... .......... .......... 51%  129K 10s
  1950K .......... .......... .......... .......... .......... 53%  355K 9s
  2000K .......... .......... .......... .......... .......... 54%  238K 9s
  2050K .......... .......... .......... .......... .......... 55%  355K 9s
  2100K .......... .......... .......... .......... .......... 57%  535K 8s
  2150K .......... .......... .......... .......... .......... 58%  122K 8s
  2200K .......... .......... .......... .......... .......... 59%  305K 8s
  2250K .......... .......... .......... .......... .......... 61%  427K 7s
  2300K .......... .......... .......... .......... .......... 62% 81.8K 7s
  2350K .......... .......... .......... .......... .......... 63% 23.8K 8s
  2400K .......... .......... .......... .......... .......... 65%  166K 8s
  2450K .......... .......... .......... .......... .......... 66%  263K 8s
  2500K .......... .......... .......... .......... .......... 67%  101K 7s
  2550K .......... .......... .......... .......... .......... 69%  238K 7s
  2600K .......... .......... .......... .......... .......... 70%  142K 7s
  2650K .......... .......... .......... .......... .......... 71%  223K 6s
  2700K .......... .......... .......... .......... .......... 73%  104K 6s
  2750K .......... .......... .......... .......... .......... 74%  268K 6s
  2800K .......... .......... .......... .......... .......... 75%  113K 6s
  2850K .......... .......... .......... .......... .......... 77%  183K 5s
  2900K .......... .......... .......... .......... .......... 78%  104K 5s
  2950K .......... .......... .......... .......... .......... 79%  428K 5s
  3000K .......... .......... .......... .......... .......... 81%  189K 4s
  3050K .......... .......... .......... .......... .......... 82%  306K 4s
  3100K .......... .......... .......... .......... .......... 83%  109K 4s
  3150K .......... .......... .......... .......... .......... 85% 64.7K 3s
  3200K .......... .......... .......... .......... .......... 86%  143K 3s
  3250K .......... .......... .......... .......... .......... 87%  306K 3s
  3300K .......... .......... .......... .......... .......... 89%  136K 3s
  3350K .......... .......... .......... .......... .......... 90% 70.2K 2s
  3400K .......... .......... .......... .......... .......... 91%  114K 2s
  3450K .......... .......... .......... .......... .......... 93%  306K 2s
  3500K .......... .......... .......... .......... .......... 94% 76.1K 1s
  3550K .......... .......... .......... .......... .......... 95%  174K 1s
  3600K .......... .......... .......... .......... .......... 96%  218K 1s
  3650K .......... .......... .......... .......... .......... 98%  239K 0s
  3700K .......... .......... .......... .......... .......... 99%  115K 0s
  3750K .......... ...                                        100%  566K=24s

2016-12-30 12:36:57 (158 KB/s) - `ht.apk' saved [3853599/3853599]

