--2017-02-08 20:56:44--  http://ttube.info/hz
Resolving ttube.info... 43.230.113.39
Connecting to ttube.info|43.230.113.39|:80... connected.
HTTP request sent, awaiting response... 301 Moved Permanently
Location: http://ttube.info/hz/ [following]
--2017-02-08 20:56:45--  http://ttube.info/hz/
Reusing existing connection to ttube.info:80.
HTTP request sent, awaiting response... 200 OK
Length: 340 [text/html]
Saving to: `index.html'

     0K                                                       100% 19.1M=0s

2017-02-08 20:56:45 (19.1 MB/s) - `index.html' saved [340/340]

=======================The second times wget =====================
--2017-02-08 20:56:45--  http://ttube.info/hz/%C2%BC%CF%F1.apk
Resolving ttube.info... 43.230.113.39
Connecting to ttube.info|43.230.113.39|:80... connected.
HTTP request sent, awaiting response... 200 OK
Length: 201053 (196K) [application/vnd.android.package-archive]
Saving to: `Â¼Ïñ.apk'

     0K .......... .......... .......... .......... .......... 25% 4.67K 31s
    50K .......... .......... .......... .......... .......... 50% 16.8K 13s
   100K .......... .......... .......... .......... .......... 76% 6.35K 7s
   150K .......... .......... .......... .......... ......    100% 4.90K=31s

2017-02-08 20:57:21 (6.33 KB/s) - `Â¼Ïñ.apk' saved [201053/201053]

