--2017-01-30 18:58:09--  http://wap.zkoea.com/ie
Resolving wap.zkoea.com... 103.80.124.72
Connecting to wap.zkoea.com|103.80.124.72|:80... connected.
HTTP request sent, awaiting response... 301 Moved Permanently
Location: http://wap.zkoea.com/ie/ [following]
--2017-01-30 18:58:12--  http://wap.zkoea.com/ie/
Reusing existing connection to wap.zkoea.com:80.
HTTP request sent, awaiting response... 302 Object moved
Location: %E8%A7%86%E9%A2%91.apk [following]
--2017-01-30 18:58:14--  http://wap.zkoea.com/ie/%E8%A7%86%E9%A2%91.apk
Reusing existing connection to wap.zkoea.com:80.
HTTP request sent, awaiting response... 200 OK
Length: 209310 (204K) [apk]
Saving to: `è§%86é¢%91.apk'

     0K .......... .......... .......... .......... .......... 24% 4.01K 39s
    50K .......... .......... .......... .......... .......... 48% 7.93K 20s
   100K .......... .......... .......... .......... .......... 73% 9.79K 9s
   150K .......... .......... .......... .......... .......... 97% 11.5K 1s
   200K ....                                                  100% 4.05K=29s

2017-01-30 18:58:44 (6.97 KB/s) - `è§%86é¢%91.apk' saved [209310/209310]

