--2017-01-04 11:05:54--  http://blcsy.cn/Dgrh
Resolving blcsy.cn... 103.39.79.210
Connecting to blcsy.cn|103.39.79.210|:80... connected.
HTTP request sent, awaiting response... 301 Moved Permanently
Location: http://blcsy.cn/Dgrh/ [following]
--2017-01-04 11:05:57--  http://blcsy.cn/Dgrh/
Reusing existing connection to blcsy.cn:80.
HTTP request sent, awaiting response... 302 Object moved
Location: luxiang.apk [following]
--2017-01-04 11:05:58--  http://blcsy.cn/Dgrh/luxiang.apk
Reusing existing connection to blcsy.cn:80.
HTTP request sent, awaiting response... 200 OK
Length: 213483 (208K) [application/vnd.android.package-archive]
Saving to: `luxiang.apk'

     0K .......... .......... .......... .......... .......... 23% 16.5K 10s
    50K .......... .......... .......... .......... .......... 47% 26.1K 5s
   100K .......... .......... .......... .......... .......... 71% 38.1K 2s
   150K .......... .......... .......... .......... .......... 95% 73.8K 0s
   200K ........                                              100%  236K=7.0s

2017-01-04 11:06:06 (29.9 KB/s) - `luxiang.apk' saved [213483/213483]

