--2017-01-12 15:17:23--  http://zqcy.hnadc.com/
Resolving zqcy.hnadc.com... 218.205.115.206, 183.131.26.202, 124.160.112.198
Connecting to zqcy.hnadc.com|218.205.115.206|:80... connected.
HTTP request sent, awaiting response... 200 OK
Length: 7181 (7.0K) [text/html]
Saving to: `index.html'

     0K .......                                               100%  145K=0.05s

2017-01-12 15:17:23 (145 KB/s) - `index.html' saved [7181/7181]

=======================The second times wget =====================
--2017-01-12 15:17:32--  http://zqcy.hnadc.com/download/files/android-4.1.7.apk
Resolving zqcy.hnadc.com... 218.205.115.206, 183.131.26.202, 124.160.112.198
Connecting to zqcy.hnadc.com|218.205.115.206|:80... connected.
HTTP request sent, awaiting response... 200 OK
Length: 26916620 (26M) [application/octet-stream]
Saving to: `android-4.1.7.apk'

     0K .......... .......... .......... .......... ..........  0%  170K 2m34s
    50K .......... .......... .......... .......... ..........  0% 47.7K 5m52s
   100K .......... .......... .......... .......... ..........  0%  201K 4m37s
   150K .......... .......... .......... .......... ..........  0%  520K 3m40s
   200K .......... .......... .......... .......... ..........  0% 1.03M 3m1s
   250K .......... .......... .......... .......... ..........  1% 47.8K 4m1s
   300K .......... .......... .......... .......... ..........  1% 1.01M 3m30s
   350K .......... .......... .......... .......... ..........  1% 1.03M 3m6s
   400K .......... .......... .......... .......... ..........  1%  128M 2m45s
   450K .......... .......... .......... .......... ..........  1% 1.01M 2m31s
   500K .......... .......... .......... .......... ..........  2% 1.03M 2m19s
   550K .......... .......... .......... .......... ..........  2% 1.02M 2m9s
   600K .......... .......... .......... .......... ..........  2% 1.02M 2m1s
   650K .......... .......... .......... .......... ..........  2% 1000K 1m54s
   700K .......... .......... .......... .......... ..........  2% 1.04M 1m48s
   750K .......... .......... .......... .......... ..........  3%  148M 1m41s
   800K .......... .......... .......... .......... ..........  3% 1.03M 96s
   850K .......... .......... .......... .......... ..........  3% 1.02M 92s
   900K .......... .......... .......... .......... ..........  3% 1.02M 88s
   950K .......... .......... .......... .......... ..........  3% 47.7K 1m50s
  1000K .......... .......... .......... .......... ..........  3%  159M 1m45s
  1050K .......... .......... .......... .......... ..........  4% 6.61K 4m33s
  1100K .......... .......... .......... .......... ..........  4%  266K 4m25s
  1150K .......... .......... .......... .......... ..........  4% 45.6K 4m36s
  1200K .......... .......... .......... .......... ..........  4%  357K 4m27s
  1250K .......... .......... .......... .......... ..........  4%  545K 4m18s
  1300K .......... .......... .......... .......... ..........  5%  563K 4m10s
  1350K .......... .......... .......... .......... ..........  5%  955K 4m1s
  1400K .......... .......... .......... .......... ..........  5%  530K 3m54s
  1450K .......... .......... .......... .......... ..........  5%  520K 3m48s
  1500K .......... .......... .......... .......... ..........  5% 1.02M 3m41s
  1550K .......... .......... .......... .......... ..........  6%  518K 3m35s
  1600K .......... .......... .......... .......... ..........  6% 47.9K 3m43s
  1650K .......... .......... .......... .......... ..........  6% 1.02M 3m37s
  1700K .......... .......... .......... .......... ..........  6% 1.01M 3m31s
  1750K .......... .......... .......... .......... ..........  6% 47.7K 3m39s
  1800K .......... .......... .......... .......... ..........  7%  522K 3m34s
  1850K .......... .......... .......... .......... ..........  7% 1.01M 3m29s
  1900K .......... .......... .......... .......... ..........  7% 47.7K 3m36s
  1950K .......... .......... .......... .......... ..........  7% 1.02M 3m31s
  2000K .......... .......... .......... .......... ..........  7% 47.7K 3m37s
  2050K .......... .......... .......... .......... ..........  7%  131M 3m32s
  2100K .......... .......... .......... .......... ..........  8% 33.5K 3m43s
  2150K .......... .......... .......... .......... ..........  8% 1.04M 3m38s
  2200K .......... .......... .......... .......... ..........  8% 33.2K 3m49s
  2250K .......... .......... .......... .......... ..........  8% 1.03M 3m44s
  2300K .......... .......... .......... .......... ..........  8% 1.02M 3m39s
  2350K .......... .......... .......... .......... ..........  9% 1.02M 3m35s
  2400K .......... .......... .......... .......... ..........  9%  127M 3m30s
  2450K .......... .......... .......... .......... ..........  9% 1.01M 3m26s
  2500K .......... .......... .......... .......... ..........  9% 1.03M 3m22s
  2550K .......... .......... .......... .......... ..........  9% 1.02M 3m18s
  2600K .......... .......... .......... .......... .......... 10%  130M 3m14s
  2650K .......... .......... .......... .......... .......... 10% 47.7K 3m19s
  2700K .......... .......... .......... .......... .......... 10%  522K 3m16s
  2750K .......... .......... .......... .......... .......... 10%  131M 3m12s
  2800K .......... .......... .......... .......... .......... 10% 1.02M 3m8s
  2850K .......... .......... .......... .......... .......... 11% 1.02M 3m5s
  2900K .......... .......... .......... .......... .......... 11% 47.7K 3m10s
  2950K .......... .......... .......... .......... .......... 11%  107M 3m6s
  3000K .......... .......... .......... .......... .......... 11% 1.02M 3m3s
  3050K .......... .......... .......... .......... .......... 11% 1.02M 3m0s
  3100K .......... .......... .......... .......... .......... 11% 1.03M 2m57s
  3150K .......... .......... .......... .......... .......... 12% 1.02M 2m55s
  3200K .......... .......... .......... .......... .......... 12%  133M 2m52s
  3250K .......... .......... .......... .......... .......... 12% 1.02M 2m49s
  3300K .......... .......... .......... .......... .......... 12% 1.02M 2m46s
  3350K .......... .......... .......... .......... .......... 12% 1.01M 2m44s
  3400K .......... .......... .......... .......... .......... 13%  147M 2m41s
  3450K .......... .......... .......... .......... .......... 13% 1.03M 2m39s
  3500K .......... .......... .......... .......... .......... 13% 1.02M 2m37s
  3550K .......... .......... .......... .......... .......... 13% 1.02M 2m34s
  3600K .......... .......... .......... .......... .......... 13% 1.02M 2m32s
  3650K .......... .......... .......... .......... .......... 14%  113M 2m30s
  3700K .......... .......... .......... .......... .......... 14% 1.01M 2m28s
  3750K .......... .......... .......... .......... .......... 14% 1.03M 2m26s
  3800K .......... .......... .......... .......... .......... 14% 1003K 2m24s
  3850K .......... .......... .......... .......... .......... 14% 1.04M 2m22s
  3900K .......... .......... .......... .......... .......... 15%  133M 2m20s
  3950K .......... .......... .......... .......... .......... 15% 1.02M 2m18s
  4000K .......... .......... .......... .......... .......... 15% 47.7K 2m22s
  4050K .......... .......... .......... .......... .......... 15% 1.03M 2m20s
  4100K .......... .......... .......... .......... .......... 15%  131M 2m18s
  4150K .......... .......... .......... .......... .......... 15% 1.02M 2m16s
  4200K .......... .......... .......... .......... .......... 16% 1.01M 2m15s
  4250K .......... .......... .......... .......... .......... 16% 1.02M 2m13s
  4300K .......... .......... .......... .......... .......... 16%  568K 2m12s
  4350K .......... .......... .......... .......... .......... 16%  124M 2m10s
  4400K .......... .......... .......... .......... .......... 16% 1.02M 2m8s
  4450K .......... .......... .......... .......... .......... 17% 1.03M 2m7s
  4500K .......... .......... .......... .......... .......... 17% 8.11K 2m35s
  4550K .......... .......... .......... .......... .......... 17%  175K 2m34s
  4600K .......... .......... .......... .......... .......... 17%  221K 2m33s
  4650K .......... .......... .......... .......... .......... 17%  338K 2m32s
  4700K .......... .......... .......... .......... .......... 18% 45.5K 2m35s
  4750K .......... .......... .......... .......... .......... 18%  532K 2m33s
  4800K .......... .......... .......... .......... .......... 18%  543K 2m32s
  4850K .......... .......... .......... .......... .......... 18%  556K 2m30s
  4900K .......... .......... .......... .......... .......... 18%  927K 2m29s
  4950K .......... .......... .......... .......... .......... 19%  564K 2m27s
  5000K .......... .......... .......... .......... .......... 19% 45.6K 2m30s
  5050K .......... .......... .......... .......... .......... 19% 1.09M 2m28s
  5100K .......... .......... .......... .......... .......... 19% 1.11M 2m27s
  5150K .......... .......... .......... .......... .......... 19% 1.02M 2m25s
  5200K .......... .......... .......... .......... .......... 19%  530K 2m24s
  5250K .......... .......... .......... .......... .......... 20% 1008K 2m22s
  5300K .......... .......... .......... .......... .......... 20%  519K 2m21s
  5350K .......... .......... .......... .......... .......... 20% 47.7K 2m23s
  5400K .......... .......... .......... .......... .......... 20% 1.05M 2m22s
  5450K .......... .......... .......... .......... .......... 20% 1.02M 2m20s
  5500K .......... .......... .......... .......... .......... 21% 1002K 2m19s
  5550K .......... .......... .......... .......... .......... 21% 1.02M 2m18s
  5600K .......... .......... .......... .......... .......... 21%  115M 2m16s
  5650K .......... .......... .......... .......... .......... 21% 1.05M 2m15s
  5700K .......... .......... .......... .......... .......... 21% 1.02M 2m13s
  5750K .......... .......... .......... .......... .......... 22% 1.02M 2m12s
  5800K .......... .......... .......... .......... .......... 22% 1.03M 2m11s
  5850K .......... .......... .......... .......... .......... 22%  568K 2m10s
  5900K .......... .......... .......... .......... .......... 22%  125M 2m8s
  5950K .......... .......... .......... .......... .......... 22% 1.02M 2m7s
  6000K .......... .......... .......... .......... .......... 23% 1.02M 2m6s
  6050K .......... .......... .......... .......... .......... 23% 1.02M 2m5s
  6100K .......... .......... .......... .......... .......... 23% 1.01M 2m4s
  6150K .......... .......... .......... .......... .......... 23%  126M 2m2s
  6200K .......... .......... .......... .......... .......... 23% 1.02M 2m1s
  6250K .......... .......... .......... .......... .......... 23% 1.01M 2m0s
  6300K .......... .......... .......... .......... .......... 24% 1.04M 1m59s
  6350K .......... .......... .......... .......... .......... 24%  112M 1m58s
  6400K .......... .......... .......... .......... .......... 24% 1.01M 1m57s
  6450K .......... .......... .......... .......... .......... 24% 1.08M 1m56s
  6500K .......... .......... .......... .......... .......... 24%  999K 1m55s
  6550K .......... .......... .......... .......... .......... 25% 1.02M 1m54s
  6600K .......... .......... .......... .......... .......... 25%  109M 1m52s
  6650K .......... .......... .......... .......... .......... 25% 1.02M 1m51s
  6700K .......... .......... .......... .......... .......... 25% 1.02M 1m50s
  6750K .......... .......... .......... .......... .......... 25% 1.02M 1m50s
  6800K .......... .......... .......... .......... .......... 26% 1.01M 1m49s
  6850K .......... .......... .......... .......... .......... 26% 91.3M 1m48s
  6900K .......... .......... .......... .......... .......... 26% 1.03M 1m47s
  6950K .......... .......... .......... .......... .......... 26% 1.02M 1m46s
  7000K .......... .......... .......... .......... .......... 26% 1.02M 1m45s
  7050K .......... .......... .......... .......... .......... 27%  110M 1m44s
  7100K .......... .......... .......... .......... .......... 27%  519K 1m43s
  7150K .......... .......... .......... .......... .......... 27% 1.03M 1m42s
  7200K .......... .......... .......... .......... .......... 27% 47.9K 1m44s
  7250K .......... .......... .......... .......... .......... 27% 1.03M 1m43s
  7300K .......... .......... .......... .......... .......... 27%  119M 1m42s
  7350K .......... .......... .......... .......... .......... 28% 1.07M 1m41s
  7400K .......... .......... .......... .......... .......... 28% 1.06M 1m40s
  7450K .......... .......... .......... .......... .......... 28% 1.02M 1m40s
  7500K .......... .......... .......... .......... .......... 28%  135M 99s
  7550K .......... .......... .......... .......... .......... 28% 1.02M 98s
  7600K .......... .......... .......... .......... .......... 29% 1.02M 97s
  7650K .......... .......... .......... .......... .......... 29% 1.01M 96s
  7700K .......... .......... .......... .......... .......... 29% 1.02M 96s
  7750K .......... .......... .......... .......... .......... 29%  123M 95s
  7800K .......... .......... .......... .......... .......... 29% 1013K 94s
  7850K .......... .......... .......... .......... .......... 30% 1.04M 93s
  7900K .......... .......... .......... .......... .......... 30% 1.09M 93s
  7950K .......... .......... .......... .......... .......... 30% 1.11M 92s
  8000K .......... .......... .......... .......... .......... 30% 6.18M 91s
  8050K .......... .......... .......... .......... .......... 30% 1.01M 90s
  8100K .......... .......... .......... .......... .......... 31% 1.06M 90s
  8150K .......... .......... .......... .......... .......... 31% 1.34M 89s
  8200K .......... .......... .......... .......... .......... 31% 3.59M 88s
  8250K .......... .......... .......... .......... .......... 31% 46.1K 90s
  8300K .......... .......... .......... .......... .......... 31% 1.05M 89s
  8350K .......... .......... .......... .......... .......... 31% 1.03M 88s
  8400K .......... .......... .......... .......... .......... 32% 47.7K 90s
  8450K .......... .......... .......... .......... .......... 32%  120M 89s
  8500K .......... .......... .......... .......... .......... 32% 1.00M 88s
  8550K .......... .......... .......... .......... .......... 32% 1.05M 88s
  8600K .......... .......... .......... .......... .......... 32% 1.07M 87s
  8650K .......... .......... .......... .......... .......... 33% 47.5K 88s
  8700K .......... .......... .......... .......... .......... 33% 1.06M 88s
  8750K .......... .......... .......... .......... .......... 33% 1007K 87s
  8800K .......... .......... .......... .......... .......... 33% 1.04M 86s
  8850K .......... .......... .......... .......... .......... 33% 1.03M 86s
  8900K .......... .......... .......... .......... .......... 34%  123M 85s
  8950K .......... .......... .......... .......... .......... 34% 1005K 84s
  9000K .......... .......... .......... .......... .......... 34%  252K 84s
  9050K .......... .......... .......... .......... .......... 34% 1.07M 84s
  9100K .......... .......... .......... .......... .......... 34%  324K 83s
  9150K .......... .......... .......... .......... .......... 34% 1.01M 82s
  9200K .......... .......... .......... .......... .......... 35% 1.01M 82s
  9250K .......... .......... .......... .......... .......... 35% 1.04M 81s
  9300K .......... .......... .......... .......... .......... 35% 1.02M 81s
  9350K .......... .......... .......... .......... .......... 35%  118M 80s
  9400K .......... .......... .......... .......... .......... 35% 1.07M 79s
  9450K .......... .......... .......... .......... .......... 36% 1.16M 79s
  9500K .......... .......... .......... .......... .......... 36%  157K 79s
  9550K .......... .......... .......... .......... .......... 36% 1.05M 78s
  9600K .......... .......... .......... .......... .......... 36%  125M 78s
  9650K .......... .......... .......... .......... .......... 36% 1.03M 77s
  9700K .......... .......... .......... .......... .......... 37% 1.02M 77s
  9750K .......... .......... .......... .......... .......... 37% 1.02M 76s
  9800K .......... .......... .......... .......... .......... 37%  135M 75s
  9850K .......... .......... .......... .......... .......... 37% 1.01M 75s
  9900K .......... .......... .......... .......... .......... 37% 1.02M 74s
  9950K .......... .......... .......... .......... .......... 38%  519K 74s
 10000K .......... .......... .......... .......... .......... 38% 1.02M 73s
 10050K .......... .......... .......... .......... .......... 38%  151M 73s
 10100K .......... .......... .......... .......... .......... 38%  523K 72s
 10150K .......... .......... .......... .......... .......... 38% 1.01M 72s
 10200K .......... .......... .......... .......... .......... 38% 1.22M 71s
 10250K .......... .......... .......... .......... .......... 39% 5.89M 71s
 10300K .......... .......... .......... .......... .......... 39%  561K 70s
 10350K .......... .......... .......... .......... .......... 39%  594K 70s
 10400K .......... .......... .......... .......... .......... 39% 1.13M 69s
 10450K .......... .......... .......... .......... .......... 39% 6.88M 69s
 10500K .......... .......... .......... .......... .......... 40% 1005K 68s
 10550K .......... .......... .......... .......... .......... 40% 1.03M 68s
 10600K .......... .......... .......... .......... .......... 40% 1.20M 67s
 10650K .......... .......... .......... .......... .......... 40% 1.06M 67s
 10700K .......... .......... .......... .......... .......... 40% 5.60M 66s
 10750K .......... .......... .......... .......... .......... 41% 1.01M 66s
 10800K .......... .......... .......... .......... .......... 41% 1.09M 66s
 10850K .......... .......... .......... .......... .......... 41% 1.11M 65s
 10900K .......... .......... .......... .......... .......... 41%  118M 65s
 10950K .......... .......... .......... .......... .......... 41% 1.02M 64s
 11000K .......... .......... .......... .......... .......... 42% 1.02M 64s
 11050K .......... .......... .......... .......... .......... 42% 1.07M 63s
 11100K .......... .......... .......... .......... .......... 42% 1.01M 63s
 11150K .......... .......... .......... .......... .......... 42%  124M 62s
 11200K .......... .......... .......... .......... .......... 42% 1008K 62s
 11250K .......... .......... .......... .......... .......... 42% 47.8K 63s
 11300K .......... .......... .......... .......... .......... 43%  535K 63s
 11350K .......... .......... .......... .......... .......... 43%  130M 62s
 11400K .......... .......... .......... .......... .......... 43% 1.02M 62s
 11450K .......... .......... .......... .......... .......... 43% 1.04M 61s
 11500K .......... .......... .......... .......... .......... 43% 1.03M 61s
 11550K .......... .......... .......... .......... .......... 44% 1.03M 60s
 11600K .......... .......... .......... .......... .......... 44%  119M 60s
 11650K .......... .......... .......... .......... .......... 44% 1.07M 60s
 11700K .......... .......... .......... .......... .......... 44% 1.11M 59s
 11750K .......... .......... .......... .......... .......... 44% 1.05M 59s
 11800K .......... .......... .......... .......... .......... 45% 1.00M 58s
 11850K .......... .......... .......... .......... .......... 45%  126M 58s
 11900K .......... .......... .......... .......... .......... 45% 1.03M 58s
 11950K .......... .......... .......... .......... .......... 45% 1.03M 57s
 12000K .......... .......... .......... .......... .......... 45% 1.00M 57s
 12050K .......... .......... .......... .......... .......... 46% 1.03M 56s
 12100K .......... .......... .......... .......... .......... 46%  115M 56s
 12150K .......... .......... .......... .......... .......... 46% 1010K 56s
 12200K .......... .......... .......... .......... .......... 46% 1.05M 55s
 12250K .......... .......... .......... .......... .......... 46% 1.03M 55s
 12300K .......... .......... .......... .......... .......... 46% 89.4M 54s
 12350K .......... .......... .......... .......... .......... 47% 3.48K 70s
 12400K .......... .......... .......... .......... .......... 47%  344K 70s
 12450K .......... .......... .......... .......... .......... 47% 26.2K 71s
 12500K .......... .......... .......... .......... .......... 47% 26.9K 73s
 12550K .......... .......... .......... .......... .......... 47%  348K 72s
 12600K .......... .......... .......... .......... .......... 48%  540K 72s
 12650K .......... .......... .......... .......... .......... 48%  524K 71s
 12700K .......... .......... .......... .......... .......... 48% 1.06M 71s
 12750K .......... .......... .......... .......... .......... 48%  533K 71s
 12800K .......... .......... .......... .......... .......... 48% 47.7K 71s
 12850K .......... .......... .......... .......... .......... 49%  535K 71s
 12900K .......... .......... .......... .......... .......... 49% 1.03M 70s
 12950K .......... .......... .......... .......... .......... 49% 1.04M 70s
 13000K .......... .......... .......... .......... .......... 49% 45.6K 70s
 13050K .......... .......... .......... .......... .......... 49% 1.08M 70s
 13100K .......... .......... .......... .......... .......... 50% 1.02M 69s
 13150K .......... .......... .......... .......... .......... 50%  544K 69s
 13200K .......... .......... .......... .......... .......... 50%  180K 69s
 13250K .......... .......... .......... .......... .......... 50% 45.8K 69s
 13300K .......... .......... .......... .......... .......... 50%  344K 69s
 13350K .......... .......... .......... .......... .......... 50% 1.04M 68s
 13400K .......... .......... .......... .......... .......... 51%  514K 68s
 13450K .......... .......... .......... .......... .......... 51% 1.05M 67s
 13500K .......... .......... .......... .......... .......... 51%  521K 67s
 13550K .......... .......... .......... .......... .......... 51% 1.02M 67s
 13600K .......... .......... .......... .......... .......... 51% 1014K 66s
 13650K .......... .......... .......... .......... .......... 52% 47.7K 67s
 13700K .......... .......... .......... .......... .......... 52% 1.05M 66s
 13750K .......... .......... .......... .......... .......... 52%  522K 66s
 13800K .......... .......... .......... .......... .......... 52% 1.03M 65s
 13850K .......... .......... .......... .......... .......... 52% 1.06M 65s
 13900K .......... .......... .......... .......... .......... 53%  544K 64s
 13950K .......... .......... .......... .......... .......... 53%  975K 64s
 14000K .......... .......... .......... .......... .......... 53% 1.03M 63s
 14050K .......... .......... .......... .......... .......... 53% 1.02M 63s
 14100K .......... .......... .......... .......... .......... 53% 1011K 63s
 14150K .......... .......... .......... .......... .......... 54%  628K 62s
 14200K .......... .......... .......... .......... .......... 54% 7.50M 62s
 14250K .......... .......... .......... .......... .......... 54% 1.20M 61s
 14300K .......... .......... .......... .......... .......... 54% 1.02M 61s
 14350K .......... .......... .......... .......... .......... 54%  874K 60s
 14400K .......... .......... .......... .......... .......... 54%  633K 60s
 14450K .......... .......... .......... .......... .......... 55%  114M 60s
 14500K .......... .......... .......... .......... .......... 55% 1.03M 59s
 14550K .......... .......... .......... .......... .......... 55% 1.02M 59s
 14600K .......... .......... .......... .......... .......... 55% 1.02M 58s
 14650K .......... .......... .......... .......... .......... 55% 1.01M 58s
 14700K .......... .......... .......... .......... .......... 56%  115M 57s
 14750K .......... .......... .......... .......... .......... 56% 47.7K 58s
 14800K .......... .......... .......... .......... .......... 56%  522K 57s
 14850K .......... .......... .......... .......... .......... 56% 1011K 57s
 14900K .......... .......... .......... .......... .......... 56%  116M 57s
 14950K .......                                                56% 1.09K=82s

2017-01-12 15:19:14 (183 KB/s) - Read error at byte 15316689/26916620 (Connection timed out). Giving up.

