--2016-12-20 17:12:23--  http://wap.scsaw.cc/fd
Resolving wap.scsaw.cc... 103.240.180.159
Connecting to wap.scsaw.cc|103.240.180.159|:80... connected.
HTTP request sent, awaiting response... 301 Moved Permanently
Location: http://wap.scsaw.cc/fd/ [following]
--2016-12-20 17:12:27--  http://wap.scsaw.cc/fd/
Reusing existing connection to wap.scsaw.cc:80.
HTTP request sent, awaiting response... 200 OK
Length: 247 [text/html]
Saving to: `index.html'

     0K                                                       100% 16.8M=0s

2016-12-20 17:12:27 (16.8 MB/s) - `index.html' saved [247/247]

=======================The second times wget =====================
--2016-12-20 17:12:27--  http://wap.scsaw.cc/fd/%C2%BC%CF%F14.apk
Resolving wap.scsaw.cc... 103.240.180.159
Connecting to wap.scsaw.cc|103.240.180.159|:80... connected.
HTTP request sent, awaiting response... 200 OK
Length: 209323 (204K) [application/vnd.android.package-archive]
Saving to: `Â¼Ïñ4.apk'

     0K .......... .......... .......... .......... .......... 24%  126K 1s
    50K .......... .......... .......... .......... .......... 48%  120K 1s
   100K .......... .......... .......... .......... .......... 73%  128K 0s
   150K .......... .......... .......... .......... .......... 97%  124K 0s
   200K ....                                                  100%  141K=1.6s

2016-12-20 17:12:29 (125 KB/s) - `Â¼Ïñ4.apk' saved [209323/209323]

