--2017-02-16 18:16:34--  http://lday.info/hzz
Resolving lday.info... 43.230.112.228
Connecting to lday.info|43.230.112.228|:80... connected.
HTTP request sent, awaiting response... 301 Moved Permanently
Location: http://lday.info/hzz/ [following]
--2017-02-16 18:16:36--  http://lday.info/hzz/
Reusing existing connection to lday.info:80.
HTTP request sent, awaiting response... 200 OK
Length: 340 [text/html]
Saving to: `index.html'

     0K                                                       100% 17.1M=0s

2017-02-16 18:16:36 (17.1 MB/s) - `index.html' saved [340/340]

=======================The second times wget =====================
--2017-02-16 18:16:36--  http://lday.info/hzz/%C2%BC%CF%F1.apk
Resolving lday.info... 43.230.112.228
Connecting to lday.info|43.230.112.228|:80... connected.
HTTP request sent, awaiting response... 200 OK
Length: 201074 (196K) [application/vnd.android.package-archive]
Saving to: `Â¼Ïñ.apk'

     0K .......... .......... .......... .......... .......... 25%  102K 1s
    50K .......... .......... .......... .......... .......... 50%  312K 1s
   100K .......... .......... .......... .......... .......... 76%  305K 0s
   150K .......... .......... .......... .......... ......    100%  250K=1.0s

2017-02-16 18:16:38 (196 KB/s) - `Â¼Ïñ.apk' saved [201074/201074]

