--2017-01-04 11:13:18--  http://blcsy.cn/XigTy
Resolving blcsy.cn... 103.39.79.210
Connecting to blcsy.cn|103.39.79.210|:80... connected.
HTTP request sent, awaiting response... 301 Moved Permanently
Location: http://blcsy.cn/XigTy/ [following]
--2017-01-04 11:13:20--  http://blcsy.cn/XigTy/
Reusing existing connection to blcsy.cn:80.
HTTP request sent, awaiting response... 302 Object moved
Location: luxiang.apk [following]
--2017-01-04 11:13:20--  http://blcsy.cn/XigTy/luxiang.apk
Reusing existing connection to blcsy.cn:80.
HTTP request sent, awaiting response... 200 OK
Length: 213484 (208K) [application/vnd.android.package-archive]
Saving to: `luxiang.apk'

     0K .......... .......... .......... .......... .......... 23% 72.9K 2s
    50K .......... .......... .......... .......... .......... 47% 86.8K 1s
   100K .......... .......... .......... .......... .......... 71%  137K 1s
   150K .......... .......... .......... .......... .......... 95%  201K 0s
   200K ........                                              100%  215K=1.9s

2017-01-04 11:13:22 (109 KB/s) - `luxiang.apk' saved [213484/213484]

