--2017-01-15 14:52:19--  http://m.tieyou.com/ark.html
Resolving m.tieyou.com... 101.226.248.18
Connecting to m.tieyou.com|101.226.248.18|:80... connected.
HTTP request sent, awaiting response... 200 OK
Length: 616 [text/html]
Saving to: `ark.html'

     0K                                                       100% 39.2M=0s

2017-01-15 14:52:19 (39.2 MB/s) - `ark.html' saved [616/616]

=======================The second times wget =====================
--2017-01-15 14:52:19--  http://img3.tieyou.com/app/ark_tieyou.apk
Resolving img3.tieyou.com... 175.6.8.26, 175.6.8.24
Connecting to img3.tieyou.com|175.6.8.26|:80... connected.
HTTP request sent, awaiting response... 200 OK
Length: 19630871 (19M) [application/octet-stream]
Saving to: `ark_tieyou.apk'

     0K .......... .......... .......... .......... ..........  0% 1.78M 10s
    50K .......... .......... .......... .......... ..........  0% 3.93M 8s
   100K .......... .......... .......... .......... ..........  0% 11.7M 6s
   150K .......... .......... .......... .......... ..........  1% 6.38M 5s
   200K .......... .......... .......... .......... ..........  1% 4.93M 5s
   250K .......... .......... .......... .......... ..........  1% 79.2K 44s
   300K .......... .......... .......... .......... ..........  1% 8.76M 38s
   350K .......... .......... .......... .......... ..........  2% 8.48M 33s
   400K .......... .......... .......... .......... ..........  2%  109M 29s
   450K .......... .......... .......... .......... ..........  2% 5.81M 27s
   500K .......... .......... .......... .......... ..........  2%  197K 33s
   550K .......... .......... .......... .......... ..........  3% 9.42M 30s
   600K .......... .......... .......... .......... ..........  3% 24.7M 28s
   650K .......... .......... .......... .......... ..........  3% 23.4M 26s
   700K .......... .......... .......... .......... ..........  3% 5.96M 24s
   750K .......... .......... .......... .......... ..........  4%  214K 28s
   800K .......... .......... .......... .......... ..........  4% 8.61M 26s
   850K .......... .......... .......... .......... ..........  4%  133M 25s
   900K .......... .......... .......... .......... ..........  4% 10.8M 24s
   950K .......... .......... .......... .......... ..........  5% 49.5M 22s
  1000K .......... .......... .......... .......... ..........  5%  139K 27s
  1050K .......... .......... .......... .......... ..........  5% 10.7M 26s
  1100K .......... .......... .......... .......... ..........  5% 49.3M 25s
  1150K .......... .......... .......... .......... ..........  6% 9.47M 24s
  1200K .......... .......... .......... .......... ..........  6%  117M 23s
  1250K .......... .......... .......... .......... ..........  6%  210K 25s
  1300K .......... .......... .......... .......... ..........  7% 9.37M 24s
  1350K .......... .......... .......... .......... ..........  7%  144M 23s
  1400K .......... .......... .......... .......... ..........  7% 25.9M 23s
  1450K .......... .......... .......... .......... ..........  7% 14.1M 22s
  1500K .......... .......... .......... .......... ..........  8%  205K 24s
  1550K .......... .......... .......... .......... ..........  8%  124M 23s
  1600K .......... .......... .......... .......... ..........  8% 9.90M 22s
  1650K .......... .......... .......... .......... ..........  8% 14.9M 22s
  1700K .......... .......... .......... .......... ..........  9% 17.9M 21s
  1750K .......... .......... .......... .......... ..........  9%  208K 23s
  1800K .......... .......... .......... .......... ..........  9% 5.72M 22s
  1850K .......... .......... .......... .......... ..........  9%  150M 21s
  1900K .......... .......... .......... .......... .......... 10%  167M 21s
  1950K .......... .......... .......... .......... .......... 10% 25.5M 20s
  2000K .......... .......... .......... .......... .......... 10%  138K 23s
  2050K .......... .......... .......... .......... .......... 10% 78.8M 22s
  2100K .......... .......... .......... .......... .......... 11% 10.2M 22s
  2150K .......... .......... .......... .......... .......... 11% 31.9M 21s
  2200K .......... .......... .......... .......... .......... 11% 14.9M 21s
  2250K .......... .......... .......... .......... .......... 11% 20.4M 20s
  2300K .......... .......... .......... .......... .......... 12%  132K 22s
  2350K .......... .......... .......... .......... .......... 12% 9.48M 22s
  2400K .......... .......... .......... .......... .......... 12% 13.1M 21s
  2450K .......... .......... .......... .......... .......... 13% 35.8M 21s
  2500K .......... .......... .......... .......... .......... 13% 18.9M 20s
  2550K .......... .......... .......... .......... .......... 13%  189K 22s
  2600K .......... .......... .......... .......... .......... 13% 8.27M 21s
  2650K .......... .......... .......... .......... .......... 14% 24.0M 21s
  2700K .......... .......... .......... .......... .......... 14% 12.9M 20s
  2750K .......... .......... .......... .......... .......... 14% 14.5M 20s
  2800K .......... .......... .......... .......... .......... 14%  313K 20s
  2850K .......... .......... .......... .......... .......... 15%  122M 20s
  2900K .......... .......... .......... .......... .......... 15% 11.5M 20s
  2950K .......... .......... .......... .......... .......... 15% 7.89M 19s
  3000K .......... .......... .......... .......... .......... 15%  181M 19s
  3050K .......... .......... .......... .......... .......... 16%  273K 19s
  3100K .......... .......... .......... .......... .......... 16% 80.4M 19s
  3150K .......... .......... .......... .......... .......... 16% 8.04M 19s
  3200K .......... .......... .......... .......... .......... 16% 38.7M 18s
  3250K .......... .......... .......... .......... .......... 17% 10.7M 18s
  3300K .......... .......... .......... .......... .......... 17%  219K 19s
  3350K .......... .......... .......... .......... .......... 17% 9.26M 19s
  3400K .......... .......... .......... .......... .......... 17% 67.0M 18s
  3450K .......... .......... .......... .......... .......... 18% 8.68M 18s
  3500K .......... .......... .......... .......... .......... 18%  163M 18s
  3550K .......... .......... .......... .......... .......... 18%  163K 19s
  3600K .......... .......... .......... .......... .......... 19% 71.7M 18s
  3650K .......... .......... .......... .......... .......... 19% 10.3M 18s
  3700K .......... .......... .......... .......... .......... 19% 9.48M 18s
  3750K .......... .......... .......... .......... .......... 19% 59.5M 17s
  3800K .......... .......... .......... .......... .......... 20%  184K 18s
  3850K .......... .......... .......... .......... .......... 20%  101M 18s
  3900K .......... .......... .......... .......... .......... 20% 9.98M 18s
  3950K .......... .......... .......... .......... .......... 20% 8.42M 17s
  4000K .......... .......... .......... .......... .......... 21%  107M 17s
  4050K .......... .......... .......... .......... .......... 21%  183K 18s
  4100K .......... .......... .......... .......... .......... 21% 13.4M 18s
  4150K .......... .......... .......... .......... .......... 21% 19.0M 17s
  4200K .......... .......... .......... .......... .......... 22% 9.24M 17s
  4250K .......... .......... .......... .......... .......... 22%  143M 17s
  4300K .......... .......... .......... .......... .......... 22% 6.47M 17s
  4350K .......... .......... .......... .......... .......... 22%  242K 17s
  4400K .......... .......... .......... .......... .......... 23% 10.2M 17s
  4450K .......... .......... .......... .......... .......... 23%  113M 17s
  4500K .......... .......... .......... .......... .......... 23% 10.7M 16s
  4550K .......... .......... .......... .......... .......... 23% 6.07M 16s
  4600K .......... .......... .......... .......... .......... 24%  276K 17s
  4650K .......... .......... .......... .......... .......... 24% 20.3M 16s
  4700K .......... .......... .......... .......... .......... 24% 14.5M 16s
  4750K .......... .......... .......... .......... .......... 25% 10.1M 16s
  4800K .......... .......... .......... .......... .......... 25% 11.8M 16s
  4850K .......... .......... .......... .......... .......... 25%  281K 16s
  4900K .......... .......... .......... .......... .......... 25% 34.8M 16s
  4950K .......... .......... .......... .......... .......... 26% 11.0M 16s
  5000K .......... .......... .......... .......... .......... 26% 12.8M 15s
  5050K .......... .......... .......... .......... .......... 26% 12.5M 15s
  5100K .......... .......... .......... .......... .......... 26%  238K 16s
  5150K .......... .......... .......... .......... .......... 27% 25.6M 15s
  5200K .......... .......... .......... .......... .......... 27% 13.0M 15s
  5250K .......... .......... .......... .......... .......... 27% 10.2M 15s
  5300K .......... .......... .......... .......... .......... 27% 82.3M 15s
  5350K .......... .......... .......... .......... .......... 28%  184K 15s
  5400K .......... .......... .......... .......... .......... 28% 9.88M 15s
  5450K .......... .......... .......... .......... .......... 28% 6.12M 15s
  5500K .......... .......... .......... .......... .......... 28% 22.0M 15s
  5550K .......... .......... .......... .......... .......... 29% 6.14M 15s
  5600K .......... .......... .......... .......... .......... 29%  201K 15s
  5650K .......... .......... .......... .......... .......... 29%  180M 15s
  5700K .......... .......... .......... .......... .......... 29% 8.79M 15s
  5750K .......... .......... .......... .......... .......... 30% 8.12M 14s
  5800K .......... .......... .......... .......... .......... 30% 6.13M 14s
  5850K .......... .......... .......... .......... .......... 30%  266K 15s
  5900K .......... .......... .......... .......... .......... 31%  113M 14s
  5950K .......... .......... .......... .......... .......... 31% 7.46M 14s
  6000K .......... .......... .......... .......... .......... 31% 10.2M 14s
  6050K .......... .......... .......... .......... .......... 31% 5.09M 14s
  6100K .......... .......... .......... .......... .......... 32%  199K 14s
  6150K .......... .......... .......... .......... .......... 32% 18.2M 14s
  6200K .......... .......... .......... .......... .......... 32% 11.1M 14s
  6250K .......... .......... .......... .......... .......... 32% 6.22M 14s
  6300K .......... .......... .......... .......... .......... 33% 26.5M 14s
  6350K .......... .......... .......... .......... .......... 33% 7.70M 14s
  6400K .......... .......... .......... .......... .......... 33%  294K 14s
  6450K .......... .......... .......... .......... .......... 33% 7.41M 14s
  6500K .......... .......... .......... .......... .......... 34% 8.37M 13s
  6550K .......... .......... .......... .......... .......... 34%  153M 13s
  6600K .......... .......... .......... .......... .......... 34% 5.52M 13s
  6650K .......... .......... .......... .......... .......... 34%  185K 13s
  6700K .......... .......... .......... .......... .......... 35% 8.76M 13s
  6750K .......... .......... .......... .......... .......... 35% 9.99M 13s
  6800K .......... .......... .......... .......... .......... 35% 16.1M 13s
  6850K .......... .......... .......... .......... .......... 35% 9.71M 13s
  6900K .......... .......... .......... .......... .......... 36%  275K 13s
  6950K .......... .......... .......... .......... .......... 36% 9.81M 13s
  7000K .......... .......... .......... .......... .......... 36% 38.1M 13s
  7050K .......... .......... .......... .......... .......... 37% 9.85M 13s
  7100K .......... .......... .......... .......... .......... 37% 7.48M 13s
  7150K .......... .......... .......... .......... .......... 37%  154K 13s
  7200K .......... .......... .......... .......... .......... 37% 8.33M 13s
  7250K .......... .......... .......... .......... .......... 38% 98.8M 13s
  7300K .......... .......... .......... .......... .......... 38% 7.64M 13s
  7350K .......... .......... .......... .......... .......... 38% 7.27M 12s
  7400K .......... .......... .......... .......... .......... 38%  232K 13s
  7450K .......... .......... .......... .......... .......... 39% 11.9M 12s
  7500K .......... .......... .......... .......... .......... 39% 28.8M 12s
  7550K .......... .......... .......... .......... .......... 39% 12.1M 12s
  7600K .......... .......... .......... .......... .......... 39% 14.8M 12s
  7650K .......... .......... .......... .......... .......... 40%  203K 12s
  7700K .......... .......... .......... .......... .......... 40% 14.0M 12s
  7750K .......... .......... .......... .......... .......... 40% 20.7M 12s
  7800K .......... .......... .......... .......... .......... 40% 12.9M 12s
  7850K .......... .......... .......... .......... .......... 41% 16.5M 12s
  7900K .......... .......... .......... .......... .......... 41%  160K 12s
  7950K .......... .......... .......... .......... .......... 41%  137M 12s
  8000K .......... .......... .......... .......... .......... 41% 8.70M 12s
  8050K .......... .......... .......... .......... .......... 42% 10.0M 12s
  8100K .......... .......... .......... .......... .......... 42% 21.0M 12s
  8150K .......... .......... .......... .......... .......... 42%  227K 12s
  8200K .......... .......... .......... .......... .......... 43%  114M 12s
  8250K .......... .......... .......... .......... .......... 43% 8.18M 12s
  8300K .......... .......... .......... .......... .......... 43% 10.4M 11s
  8350K .......... .......... .......... .......... .......... 43% 50.0M 11s
  8400K .......... .......... .......... .......... .......... 44%  235K 11s
  8450K .......... .......... .......... .......... .......... 44% 36.9M 11s
  8500K .......... .......... .......... .......... .......... 44% 10.5M 11s
  8550K .......... .......... .......... .......... .......... 44% 12.3M 11s
  8600K .......... .......... .......... .......... .......... 45% 32.9M 11s
  8650K .......... .......... .......... .......... .......... 45% 10.3M 11s
  8700K .......... .......... .......... .......... .......... 45%  242K 11s
  8750K .......... .......... .......... .......... .......... 45% 9.24M 11s
  8800K .......... .......... .......... .......... .......... 46% 13.4M 11s
  8850K .......... .......... .......... .......... .......... 46% 34.7M 11s
  8900K .......... .......... .......... .......... .......... 46% 8.56M 11s
  8950K .......... .......... .......... .......... .......... 46%  192K 11s
  9000K .......... .......... .......... .......... .......... 47% 9.22M 11s
  9050K .......... .......... .......... .......... .......... 47% 12.9M 11s
  9100K .......... .......... .......... .......... .......... 47% 20.4M 10s
  9150K .......... .......... .......... .......... .......... 47% 6.35M 10s
  9200K .......... .......... .......... .......... .......... 48%  247K 10s
  9250K .......... .......... .......... .......... .......... 48% 8.63M 10s
  9300K .......... .......... .......... .......... .......... 48% 12.7M 10s
  9350K .......... .......... .......... .......... .......... 49% 4.99M 10s
  9400K .......... .......... .......... .......... .......... 49% 17.4M 10s
  9450K .......... .......... .......... .......... .......... 49%  241K 10s
  9500K .......... .......... .......... .......... .......... 49% 8.66M 10s
  9550K .......... .......... .......... .......... .......... 50%  167M 10s
  9600K .......... .......... .......... .......... .......... 50% 4.86M 10s
  9650K .......... .......... .......... .......... .......... 50% 6.16M 10s
  9700K .......... .......... .......... .......... .......... 50%  223K 10s
  9750K .......... .......... .......... .......... .......... 51% 9.48M 10s
  9800K .......... .......... .......... .......... .......... 51% 20.6M 10s
  9850K .......... .......... .......... .......... .......... 51% 8.15M 10s
  9900K .......... .......... .......... .......... .......... 51% 8.21M 10s
  9950K .......... .......... .......... .......... .......... 52% 52.1K 10s
 10000K .......... .......... .......... .......... .......... 52%  100M 10s
 10050K .......... .......... .......... .......... .......... 52% 9.20M 10s
 10100K .......... .......... .......... .......... .......... 52% 7.21M 10s
 10150K .......... .......... .......... .......... .......... 53% 12.3M 10s
 10200K .......... .......... .......... .......... .......... 53%  277K 10s
 10250K .......... .......... .......... .......... .......... 53%  124M 10s
 10300K .......... .......... .......... .......... .......... 53% 9.15M 10s
 10350K .......... .......... .......... .......... .......... 54% 8.50M 10s
 10400K .......... .......... .......... .......... .......... 54% 6.40M 10s
 10450K .......... .......... .......... .......... .......... 54%  267K 10s
 10500K .......... .......... .......... .......... .......... 55%  113M 10s
 10550K .......... .......... .......... .......... .......... 55% 7.29M 9s
 10600K .......... .......... .......... .......... .......... 55% 8.27M 9s
 10650K .......... .......... .......... .......... .......... 55% 10.5M 9s
 10700K .......... .......... .......... .......... .......... 56% 14.2M 9s
 10750K .......... .......... .......... .......... .......... 56%  251K 9s
 10800K .......... .......... .......... .......... .......... 56% 8.91M 9s
 10850K .......... .......... .......... .......... .......... 56% 6.99M 9s
 10900K .......... .......... .......... .......... .......... 57% 11.8M 9s
 10950K .......... .......... .......... .......... .......... 57% 11.7M 9s
 11000K .......... .......... .......... .......... .......... 57%  178K 9s
 11050K .......... .......... .......... .......... .......... 57% 7.27M 9s
 11100K .......... .......... .......... .......... .......... 58% 9.98M 9s
 11150K .......... .......... .......... .......... .......... 58%  155M 9s
 11200K .......... .......... .......... .......... .......... 58% 5.69M 9s
 11250K .......... .......... .......... .......... .......... 58%  154K 9s
 11300K .......... .......... .......... .......... .......... 59% 7.15M 9s
 11350K .......... .......... .......... .......... .......... 59% 12.3M 9s
 11400K .......... .......... .......... .......... .......... 59% 5.51M 8s
 11450K .......... .......... .......... .......... .......... 59% 15.4M 8s
 11500K .......... .......... .......... .......... .......... 60%  193K 8s
 11550K .......... .......... .......... .......... .......... 60% 10.5M 8s
 11600K .......... .......... .......... .......... .......... 60% 52.6M 8s
 11650K .......... .......... .......... .......... .......... 61% 11.0M 8s
 11700K .......... .......... .......... .......... .......... 61% 10.1M 8s
 11750K .......... .......... .......... .......... .......... 61%  207K 8s
 11800K .......... .......... .......... .......... .......... 61% 12.3M 8s
 11850K .......... .......... .......... .......... .......... 62% 39.5M 8s
 11900K .......... .......... .......... .......... .......... 62% 9.68M 8s
 11950K .......... .......... .......... .......... .......... 62% 16.9M 8s
 12000K .......... .......... .......... .......... .......... 62%  196K 8s
 12050K .......... .......... .......... .......... .......... 63%  148M 8s
 12100K .......... .......... .......... .......... .......... 63% 10.5M 8s
 12150K .......... .......... .......... .......... .......... 63% 8.56M 8s
 12200K .......... .......... .......... .......... .......... 63% 6.10M 8s
 12250K .......... .......... .......... .......... .......... 64%  234K 8s
 12300K .......... .......... .......... .......... .......... 64%  135M 7s
 12350K .......... .......... .......... .......... .......... 64% 10.5M 7s
 12400K .......... .......... .......... .......... .......... 64% 17.3M 7s
 12450K .......... .......... .......... .......... .......... 65% 9.60M 7s
 12500K .......... .......... .......... .......... .......... 65%  270K 7s
 12550K .......... .......... .......... .......... .......... 65%  134M 7s
 12600K .......... .......... .......... .......... .......... 65% 10.3M 7s
 12650K .......... .......... .......... .......... .......... 66%  120M 7s
 12700K .......... .......... .......... .......... .......... 66% 10.7M 7s
 12750K .......... .......... .......... .......... .......... 66% 10.5M 7s
 12800K .......... .......... .......... .......... .......... 67%  311K 7s
 12850K .......... .......... .......... .......... .......... 67% 10.7M 7s
 12900K .......... .......... .......... .......... .......... 67% 67.4M 7s
 12950K .......... .......... .......... .......... .......... 67% 11.6M 7s
 13000K .......... .......... .......... .......... .......... 68% 10.7M 7s
 13050K .......... .......... .......... .......... .......... 68%  195K 7s
 13100K .......... .......... .......... .......... .......... 68% 9.42M 7s
 13150K .......... .......... .......... .......... .......... 68% 91.4M 6s
 13200K .......... .......... .......... .......... .......... 69% 10.6M 6s
 13250K .......... .......... .......... .......... .......... 69% 8.76M 6s
 13300K .......... .......... .......... .......... .......... 69%  206K 6s
 13350K .......... .......... .......... .......... .......... 69% 9.96M 6s
 13400K .......... .......... .......... .......... .......... 70%  133M 6s
 13450K .......... .......... .......... .......... .......... 70% 10.0M 6s
 13500K .......... .......... .......... .......... .......... 70% 10.1M 6s
 13550K .......... .......... .......... .......... .......... 70%  233K 6s
 13600K .......... .......... .......... .......... .......... 71% 9.00M 6s
 13650K .......... .......... .......... .......... .......... 71%  139M 6s
 13700K .......... .......... .......... .......... .......... 71% 9.02M 6s
 13750K .......... .......... .......... .......... .......... 71% 9.76M 6s
 13800K .......... .......... .......... .......... .......... 72%  278K 6s
 13850K .......... .......... .......... .......... .......... 72% 11.5M 6s
 13900K .......... .......... .......... .......... .......... 72% 33.6M 6s
 13950K .......... .......... .......... .......... .......... 73% 10.8M 5s
 14000K .......... .......... .......... .......... .......... 73% 11.2M 5s
 14050K .......... .......... .......... .......... .......... 73%  250K 5s
 14100K .......... .......... .......... .......... .......... 73%  152M 5s
 14150K .......... .......... .......... .......... .......... 74% 10.4M 5s
 14200K .......... .......... .......... .......... .......... 74% 9.08M 5s
 14250K .......... .......... .......... .......... .......... 74% 14.4M 5s
 14300K .......... .......... .......... .......... .......... 74%  188K 5s
 14350K .......... .......... .......... .......... .......... 75% 68.9M 5s
 14400K .......... .......... .......... .......... .......... 75% 9.56M 5s
 14450K .......... .......... .......... .......... .......... 75% 10.3M 5s
 14500K .......... .......... .......... .......... .......... 75% 60.9M 5s
 14550K .......... .......... .......... .......... .......... 76%  297K 5s
 14600K .......... .......... .......... .......... .......... 76%  126M 5s
 14650K .......... .......... .......... .......... .......... 76% 8.69M 5s
 14700K .......... .......... .......... .......... .......... 76% 8.19M 5s
 14750K .......... .......... .......... .......... .......... 77%  148M 5s
 14800K .......... .......... .......... .......... .......... 77%  186K 5s
 14850K .......... .......... .......... .......... .......... 77% 67.9M 5s
 14900K .......... .......... .......... .......... .......... 77% 9.93M 4s
 14950K .......... .......... .......... .......... .......... 78% 10.4M 4s
 15000K .......... .......... .......... .......... .......... 78% 11.6M 4s
 15050K .......... .......... .......... .......... .......... 78% 16.8M 4s
 15100K .......... .......... .......... .......... .......... 79%  248K 4s
 15150K .......... .......... .......... .......... .......... 79% 10.9M 4s
 15200K .......... .......... .......... .......... .......... 79% 10.3M 4s
 15250K .......... .......... .......... .......... .......... 79% 21.7M 4s
 15300K .......... .......... .......... .......... .......... 80% 10.4M 4s
 15350K .......... .......... .......... .......... .......... 80% 53.0K 4s
 15400K .......... .......... .......... .......... .......... 80% 8.63M 4s
 15450K .......... .......... .......... .......... .......... 80%  151M 4s
 15500K .......... .......... .......... .......... .......... 81% 10.3M 4s
 15550K .......... .......... .......... .......... .......... 81% 12.2M 4s
 15600K .......... .......... .......... .......... .......... 81%  172K 4s
 15650K .......... .......... .......... .......... .......... 81% 10.2M 4s
 15700K .......... .......... .......... .......... .......... 82%  127M 4s
 15750K .......... .......... .......... .......... .......... 82% 8.36M 4s
 15800K .......... .......... .......... .......... .......... 82% 8.61M 4s
 15850K .......... .......... .......... .......... .......... 82%  313K 4s
 15900K .......... .......... .......... .......... .......... 83% 12.1M 4s
 15950K .......... .......... .......... .......... .......... 83% 33.3M 3s
 16000K .......... .......... .......... .......... .......... 83% 11.4M 3s
 16050K .......... .......... .......... .......... .......... 83% 14.2M 3s
 16100K .......... .......... .......... .......... .......... 84%  222K 3s
 16150K .......... .......... .......... .......... .......... 84% 12.0M 3s
 16200K .......... .......... .......... .......... .......... 84% 68.0M 3s
 16250K .......... .......... .......... .......... .......... 85% 8.32M 3s
 16300K .......... .......... .......... .......... .......... 85% 12.9M 3s
 16350K .......... .......... .......... .......... .......... 85%  206K 3s
 16400K .......... .......... .......... .......... .......... 85% 94.6M 3s
 16450K .......... .......... .......... .......... .......... 86% 8.49M 3s
 16500K .......... .......... .......... .......... .......... 86% 8.32M 3s
 16550K .......... .......... .......... .......... .......... 86% 8.67M 3s
 16600K .......... .......... .......... .......... .......... 86%  220K 3s
 16650K .......... .......... .......... .......... .......... 87% 66.8M 3s
 16700K .......... .......... .......... .......... .......... 87% 8.98M 3s
 16750K .......... .......... .......... .......... .......... 87% 12.0M 3s
 16800K .......... .......... .......... .......... .......... 87% 40.2M 3s
 16850K .......... ......                                      87% 4.63M=18s

2017-01-15 14:52:48 (924 KB/s) - Connection closed at byte 17271575. Giving up.

