--2017-01-17 12:47:42--  http://wap.uysuu.cc/ty
Resolving wap.uysuu.cc... 103.240.183.117
Connecting to wap.uysuu.cc|103.240.183.117|:80... connected.
HTTP request sent, awaiting response... 301 Moved Permanently
Location: http://wap.uysuu.cc/ty/ [following]
--2017-01-17 12:47:44--  http://wap.uysuu.cc/ty/
Reusing existing connection to wap.uysuu.cc:80.
HTTP request sent, awaiting response... 200 OK
Length: 247 [text/html]
Saving to: `index.html'

     0K                                                       100% 15.7M=0s

2017-01-17 12:47:44 (15.7 MB/s) - `index.html' saved [247/247]

=======================The second times wget =====================
--2017-01-17 12:47:44--  http://wap.uysuu.cc/ty/%CF%E0%B2%E12.apk
Resolving wap.uysuu.cc... 103.240.183.117
Connecting to wap.uysuu.cc|103.240.183.117|:80... connected.
HTTP request sent, awaiting response... 200 OK
Length: 209303 (204K) [application/vnd.android.package-archive]
Saving to: `ПаІб2.apk'

     0K .......... .......... .......... .......... .......... 24%  130K 1s
    50K .......... .......... .......... .......... .......... 48%  118K 1s
   100K .......... .......... .......... .......... .......... 73%  122K 0s
   150K .......... .......... .......... .......... .......... 97%  125K 0s
   200K ....                                                  100%  235K=1.6s

2017-01-17 12:47:46 (125 KB/s) - `ПаІб2.apk' saved [209303/209303]

