--2017-01-07 11:31:42--  http://t.cn/RchrV90
Resolving t.cn... 180.149.135.224
Connecting to t.cn|180.149.135.224|:80... connected.
HTTP request sent, awaiting response... 302 Found
Location: http://hn93.10006.info/hn_ty/ty?n=UVQ= [following]
--2017-01-07 11:31:43--  http://hn93.10006.info/hn_ty/ty?n=UVQ=
Resolving hn93.10006.info... 218.77.121.93
Connecting to hn93.10006.info|218.77.121.93|:80... connected.
HTTP request sent, awaiting response... 200 OK
Length: 1891 (1.8K) [text/html]
Saving to: `ty?n=UVQ='

     0K .                                                     100%  139M=0s

2017-01-07 11:31:43 (139 MB/s) - `ty?n=UVQ=' saved [1891/1891]

=======================The second times wget =====================
--2017-01-07 11:31:43--  http://api.tv189.com/v2/115020310221__02870121.apk?
Resolving api.tv189.com... 180.153.149.13
Connecting to api.tv189.com|180.153.149.13|:80... connected.
HTTP request sent, awaiting response... 302 Moved Temporarily
Location: http://lteams.tv189.com/uploads/client/2017-01-06/Com_TYSX_VIDEO_PLUS_5.3.15.xx_gt_5.3.15.14ctch1_AD_P_20170105_02870121.apk [following]
--2017-01-07 11:31:44--  http://lteams.tv189.com/uploads/client/2017-01-06/Com_TYSX_VIDEO_PLUS_5.3.15.xx_gt_5.3.15.14ctch1_AD_P_20170105_02870121.apk
Resolving lteams.tv189.com... 180.153.149.15
Connecting to lteams.tv189.com|180.153.149.15|:80... connected.
HTTP request sent, awaiting response... 200 OK
Length: 10884522 (10M) [application/vnd.android.package-archive]
Saving to: `Com_TYSX_VIDEO_PLUS_5.3.15.xx_gt_5.3.15.14ctch1_AD_P_20170105_02870121.apk'

     0K .......... .......... .......... .......... ..........  0%  357K 30s
    50K .......... .......... .......... .......... ..........  0%  783K 21s
   100K .......... .......... .......... .......... ..........  1%  753K 19s
   150K .......... .......... .......... .......... ..........  1% 1.45M 16s
   200K .......... .......... .......... .......... ..........  2%  757K 15s
   250K .......... .......... .......... .......... ..........  2%  734K 15s
   300K .......... .......... .......... .......... ..........  3% 1.49M 14s
   350K .......... .......... .......... .......... ..........  3%  727K 14s
   400K .......... .......... .......... .......... ..........  4% 1.35M 13s
   450K .......... .......... .......... .......... ..........  4% 1.62M 12s
   500K .......... .......... .......... .......... ..........  5% 1.35M 12s
   550K .......... .......... .......... .......... ..........  5% 1.52M 11s
   600K .......... .......... .......... .......... ..........  6% 2.09M 11s
   650K .......... .......... .......... .......... ..........  6% 2.03M 10s
   700K .......... .......... .......... .......... ..........  7% 2.43M 10s
   750K .......... .......... .......... .......... ..........  7% 3.08M 9s
   800K .......... .......... .......... .......... ..........  7% 3.45M 9s
   850K .......... .......... .......... .......... ..........  8% 2.60M 9s
   900K .......... .......... .......... .......... ..........  8% 3.19M 8s
   950K .......... .......... .......... .......... ..........  9% 2.90M 8s
  1000K .......... .......... .......... .......... ..........  9% 5.58M 8s
  1050K .......... .......... .......... .......... .......... 10% 4.59M 7s
  1100K .......... .......... .......... .......... .......... 10% 4.09M 7s
  1150K .......... .......... .......... .......... .......... 11% 2.25M 7s
  1200K .......... .......... .......... .......... .......... 11% 3.47M 7s
  1250K .......... .......... .......... .......... .......... 12% 9.57M 6s
  1300K .......... .......... .......... .......... .......... 12% 3.18M 6s
  1350K .......... .......... .......... .......... .......... 13% 4.25M 6s
  1400K .......... .......... .......... .......... .......... 13% 8.26M 6s
  1450K .......... .......... .......... .......... .......... 14% 2.41M 6s
  1500K .......... .......... .......... .......... .......... 14% 23.3M 6s
  1550K .......... .......... .......... .......... .......... 15% 6.15M 5s
  1600K .......... .......... .......... .......... .......... 15% 2.38M 5s
  1650K .......... .......... .......... .......... .......... 15%  148M 5s
  1700K .......... .......... .......... .......... .......... 16% 5.24M 5s
  1750K .......... .......... .......... .......... .......... 16% 7.39M 5s
  1800K .......... .......... .......... .......... .......... 17% 3.09M 5s
  1850K .......... .......... .......... .......... .......... 17%  203M 5s
  1900K .......... .......... .......... .......... .......... 18% 5.32M 5s
  1950K .......... .......... .......... .......... .......... 18% 6.23M 4s
  2000K .......... .......... .......... .......... .......... 19% 3.03M 4s
  2050K .......... .......... .......... .......... .......... 19%  202M 4s
  2100K .......... .......... .......... .......... .......... 20% 6.31M 4s
  2150K .......... .......... .......... .......... .......... 20% 6.16M 4s
  2200K .......... .......... .......... .......... .......... 21% 2.68M 4s
  2250K .......... .......... .......... .......... .......... 21%  189M 4s
  2300K .......... .......... .......... .......... .......... 22% 13.3M 4s
  2350K .......... .......... .......... .......... .......... 22% 4.04M 4s
  2400K .......... .......... .......... .......... .......... 23% 2.99M 4s
  2450K .......... .......... .......... .......... .......... 23%  195M 4s
  2500K .......... .......... .......... .......... .......... 23% 15.0M 4s
  2550K .......... .......... .......... .......... .......... 24% 3.84M 3s
  2600K .......... .......... .......... .......... .......... 24% 3.17M 3s
  2650K .......... .......... .......... .......... .......... 25%  194M 3s
  2700K .......... .......... .......... .......... .......... 25% 12.5M 3s
  2750K .......... .......... .......... .......... .......... 26% 3.92M 3s
  2800K .......... .......... .......... .......... .......... 26% 3.07M 3s
  2850K .......... .......... .......... .......... .......... 27%  215M 3s
  2900K .......... .......... .......... .......... .......... 27% 10.4M 3s
  2950K .......... .......... .......... .......... .......... 28% 3.36M 3s
  3000K .......... .......... .......... .......... .......... 28% 3.48M 3s
  3050K .......... .......... .......... .......... .......... 29%  149M 3s
  3100K .......... .......... .......... .......... .......... 29% 8.65M 3s
  3150K .......... .......... .......... .......... .......... 30% 4.11M 3s
  3200K .......... .......... .......... .......... .......... 30% 2.95M 3s
  3250K .......... .......... .......... .......... .......... 31%  181M 3s
  3300K .......... .......... .......... .......... .......... 31% 11.0M 3s
  3350K .......... .......... .......... .......... .......... 31% 3.19M 3s
  3400K .......... .......... .......... .......... .......... 32% 3.78M 3s
  3450K .......... .......... .......... .......... .......... 32%  199M 3s
  3500K .......... .......... .......... .......... .......... 33% 16.8M 3s
  3550K .......... .......... .......... .......... .......... 33% 3.08M 3s
  3600K .......... .......... .......... .......... .......... 34% 4.05M 2s
  3650K .......... .......... .......... .......... .......... 34%  204M 2s
  3700K .......... .......... .......... .......... .......... 35% 6.66M 2s
  3750K .......... .......... .......... .......... .......... 35% 3.51M 2s
  3800K .......... .......... .......... .......... .......... 36% 4.12M 2s
  3850K .......... .......... .......... .......... .......... 36% 7.50M 2s
  3900K .......... .......... .......... .......... .......... 37%  169M 2s
  3950K .......... .......... .......... .......... .......... 37% 4.21M 2s
  4000K .......... .......... .......... .......... .......... 38% 4.01M 2s
  4050K .......... .......... .......... .......... .......... 38% 6.27M 2s
  4100K .......... .......... .......... .......... .......... 39%  126M 2s
  4150K .......... .......... .......... .......... .......... 39% 4.20M 2s
  4200K .......... .......... .......... .......... .......... 39% 4.04M 2s
  4250K .......... .......... .......... .......... .......... 40% 6.22M 2s
  4300K .......... .......... .......... .......... .......... 40% 8.31M 2s
  4350K .......... .......... .......... .......... .......... 41% 6.15M 2s
  4400K .......... .......... .......... .......... .......... 41% 7.29M 2s
  4450K .......... .......... .......... .......... .......... 42% 13.5M 2s
  4500K .......... .......... .......... .......... .......... 42% 3.56M 2s
  4550K .......... .......... .......... .......... .......... 43% 6.60M 2s
  4600K .......... .......... .......... .......... .......... 43% 6.51M 2s
  4650K .......... .......... .......... .......... .......... 44% 11.1M 2s
  4700K .......... .......... .......... .......... .......... 44% 3.84M 2s
  4750K .......... .......... .......... .......... .......... 45% 4.45M 2s
  4800K .......... .......... .......... .......... .......... 45% 9.60M 2s
  4850K .......... .......... .......... .......... .......... 46% 12.8M 2s
  4900K .......... .......... .......... .......... .......... 46% 4.04M 2s
  4950K .......... .......... .......... .......... .......... 47% 4.09M 2s
  5000K .......... .......... .......... .......... .......... 47% 12.3M 2s
  5050K .......... .......... .......... .......... .......... 47% 22.4M 2s
  5100K .......... .......... .......... .......... .......... 48% 3.73M 2s
  5150K .......... .......... .......... .......... .......... 48% 3.84M 2s
  5200K .......... .......... .......... .......... .......... 49% 15.8M 2s
  5250K .......... .......... .......... .......... .......... 49% 6.58M 2s
  5300K .......... .......... .......... .......... .......... 50% 3.57M 2s
  5350K .......... .......... .......... .......... .......... 50% 6.26M 2s
  5400K .......... .......... .......... .......... .......... 51% 11.5M 2s
  5450K .......... .......... .......... .......... .......... 51% 3.10M 1s
  5500K .......... .......... .......... .......... .......... 52% 8.06M 1s
  5550K .......... .......... .......... .......... .......... 52% 8.26M 1s
  5600K .......... .......... .......... .......... .......... 53% 7.63M 1s
  5650K .......... .......... .......... .......... .......... 53% 3.13M 1s
  5700K .......... .......... .......... .......... .......... 54% 11.8M 1s
  5750K .......... .......... .......... .......... .......... 54% 11.0M 1s
  5800K .......... .......... .......... .......... .......... 55% 5.33M 1s
  5850K .......... .......... .......... .......... .......... 55% 17.5M 1s
  5900K .......... .......... .......... .......... .......... 55% 3.09M 1s
  5950K .......... .......... .......... .......... .......... 56% 10.1M 1s
  6000K .......... .......... .......... .......... .......... 56% 6.10M 1s
  6050K .......... .......... .......... .......... .......... 57% 10.1M 1s
  6100K .......... .......... .......... .......... .......... 57% 3.04M 1s
  6150K .......... .......... .......... .......... .......... 58% 7.67M 1s
  6200K .......... .......... .......... .......... .......... 58% 11.0M 1s
  6250K .......... .......... .......... .......... .......... 59%  189M 1s
  6300K .......... .......... .......... .......... .......... 59% 2.48M 1s
  6350K .......... .......... .......... .......... .......... 60% 6.76M 1s
  6400K .......... .......... .......... .......... .......... 60% 8.77M 1s
  6450K .......... .......... .......... .......... .......... 61%  144M 1s
  6500K .......... .......... .......... .......... .......... 61% 2.58M 1s
  6550K .......... .......... .......... .......... .......... 62% 5.86M 1s
  6600K .......... .......... .......... .......... .......... 62% 9.79M 1s
  6650K .......... .......... .......... .......... .......... 63%  189M 1s
  6700K .......... .......... .......... .......... .......... 63% 2.26M 1s
  6750K .......... .......... .......... .......... .......... 63% 12.2M 1s
  6800K .......... .......... .......... .......... .......... 64% 8.38M 1s
  6850K .......... .......... .......... .......... .......... 64% 3.00M 1s
  6900K .......... .......... .......... .......... .......... 65% 7.50M 1s
  6950K .......... .......... .......... .......... .......... 65%  181M 1s
  7000K .......... .......... .......... .......... .......... 66% 3.84M 1s
  7050K .......... .......... .......... .......... .......... 66% 3.14M 1s
  7100K .......... .......... .......... .......... .......... 67% 10.0M 1s
  7150K .......... .......... .......... .......... .......... 67%  198M 1s
  7200K .......... .......... .......... .......... .......... 68% 4.75M 1s
  7250K .......... .......... .......... .......... .......... 68% 3.14M 1s
  7300K .......... .......... .......... .......... .......... 69% 7.84M 1s
  7350K .......... .......... .......... .......... .......... 69%  206M 1s
  7400K .......... .......... .......... .......... .......... 70% 3.53M 1s
  7450K .......... .......... .......... .......... .......... 70% 3.57M 1s
  7500K .......... .......... .......... .......... .......... 71% 7.74M 1s
  7550K .......... .......... .......... .......... .......... 71%  164M 1s
  7600K .......... .......... .......... .......... .......... 71% 4.09M 1s
  7650K .......... .......... .......... .......... .......... 72% 4.22M 1s
  7700K .......... .......... .......... .......... .......... 72% 5.91M 1s
  7750K .......... .......... .......... .......... .......... 73%  210M 1s
  7800K .......... .......... .......... .......... .......... 73% 2.78M 1s
  7850K .......... .......... .......... .......... .......... 74% 7.59M 1s
  7900K .......... .......... .......... .......... .......... 74% 5.08M 1s
  7950K .......... .......... .......... .......... .......... 75%  168M 1s
  8000K .......... .......... .......... .......... .......... 75% 3.13M 1s
  8050K .......... .......... .......... .......... .......... 76% 6.17M 1s
  8100K .......... .......... .......... .......... .......... 76% 4.36M 1s
  8150K .......... .......... .......... .......... .......... 77%  174M 1s
  8200K .......... .......... .......... .......... .......... 77% 4.54M 1s
  8250K .......... .......... .......... .......... .......... 78% 6.10M 1s
  8300K .......... .......... .......... .......... .......... 78% 4.07M 1s
  8350K .......... .......... .......... .......... .......... 79% 11.9M 1s
  8400K .......... .......... .......... .......... .......... 79% 6.19M 1s
  8450K .......... .......... .......... .......... .......... 79% 12.7M 1s
  8500K .......... .......... .......... .......... .......... 80% 2.24M 1s
  8550K .......... .......... .......... .......... .......... 80%  156M 0s
  8600K .......... .......... .......... .......... .......... 81% 7.17M 0s
  8650K .......... .......... .......... .......... .......... 81% 9.94M 0s
  8700K .......... .......... .......... .......... .......... 82% 2.17M 0s
  8750K .......... .......... .......... .......... .......... 82%  181M 0s
  8800K .......... .......... .......... .......... .......... 83% 6.03M 0s
  8850K .......... .......... .......... .......... .......... 83% 13.1M 0s
  8900K .......... .......... .......... .......... .......... 84% 1.97M 0s
  8950K .......... .......... .......... .......... .......... 84%  176M 0s
  9000K .......... .......... .......... .......... .......... 85% 17.3M 0s
  9050K .......... .......... .......... .......... .......... 85% 11.6M 0s
  9100K .......... .......... .......... .......... .......... 86% 2.08M 0s
  9150K .......... .......... .......... .......... .......... 86%  126M 0s
  9200K .......... .......... .......... .......... .......... 87% 13.0M 0s
  9250K .......... .......... .......... .......... .......... 87% 12.8M 0s
  9300K .......... .......... .......... .......... .......... 87% 2.03M 0s
  9350K .......... .......... .......... .......... .......... 88%  191M 0s
  9400K .......... .......... .......... .......... .......... 88% 8.39M 0s
  9450K .......... .......... .......... .......... .......... 89% 12.9M 0s
  9500K .......... .......... .......... .......... .......... 89% 2.19M 0s
  9550K .......... .......... .......... .......... .......... 90%  187M 0s
  9600K .......... .......... .......... .......... .......... 90% 11.9M 0s
  9650K .......... .......... .......... .......... .......... 91% 11.4M 0s
  9700K .......... .......... .......... .......... .......... 91% 2.07M 0s
  9750K .......... .......... .......... .......... .......... 92%  186M 0s
  9800K .......... .......... .......... .......... .......... 92% 14.0M 0s
  9850K .......... .......... .......... .......... .......... 93% 5.92M 0s
  9900K .......... .......... .......... .......... .......... 93% 2.44M 0s
  9950K .......... .......... .......... .......... .......... 94%  184M 0s
 10000K .......... .......... .......... .......... .......... 94% 9.08M 0s
 10050K .......... .......... .......... .......... .......... 95% 8.06M 0s
 10100K .......... .......... .......... .......... .......... 95% 2.42M 0s
 10150K .......... .......... .......... .......... .......... 95%  135M 0s
 10200K .......... .......... .......... .......... .......... 96% 8.80M 0s
 10250K .......... .......... .......... .......... .......... 96% 8.18M 0s
 10300K .......... .......... .......... .......... .......... 97% 2.37M 0s
 10350K .......... .......... .......... .......... .......... 97%  165M 0s
 10400K .......... .......... .......... .......... .......... 98% 12.8M 0s
 10450K .......... .......... .......... .......... .......... 98% 5.93M 0s
 10500K .......... .......... .......... .......... .......... 99% 3.25M 0s
 10550K .......... .......... .......... .......... .......... 99% 7.77M 0s
 10600K .......... .......... .........                       100% 4.92M=2.4s

2017-01-07 11:31:48 (4.24 MB/s) - `Com_TYSX_VIDEO_PLUS_5.3.15.xx_gt_5.3.15.14ctch1_AD_P_20170105_02870121.apk' saved [10884522/10884522]

