--2017-02-16 08:12:43--  http://lhome.info/dcs
Resolving lhome.info... 43.230.113.99
Connecting to lhome.info|43.230.113.99|:80... connected.
HTTP request sent, awaiting response... 301 Moved Permanently
Location: http://lhome.info/dcs/ [following]
--2017-02-16 08:12:52--  http://lhome.info/dcs/
Reusing existing connection to lhome.info:80.
HTTP request sent, awaiting response... 200 OK
Length: 340 [text/html]
Saving to: `index.html'

     0K                                                       100% 19.1M=0s

2017-02-16 08:12:52 (19.1 MB/s) - `index.html' saved [340/340]

=======================The second times wget =====================
--2017-02-16 08:12:52--  http://lhome.info/dcs/%C2%BC%CF%F1.apk
Resolving lhome.info... 43.230.113.99
Connecting to lhome.info|43.230.113.99|:80... connected.
HTTP request sent, awaiting response... 200 OK
Length: 201057 (196K) [application/vnd.android.package-archive]
Saving to: `Â¼Ïñ.apk'

     0K .......... .......... .......... .......... .......... 25% 70.2K 2s
    50K .......... .......... .......... .......... .......... 50%  267K 1s
   100K .......... .......... .......... .......... .......... 76%  285K 0s
   150K .......... .......... .......... .......... ......    100% 4.85M=1.1s

2017-02-16 08:12:54 (181 KB/s) - `Â¼Ïñ.apk' saved [201057/201057]

