--2017-01-03 09:58:33--  http://cpbct.cn/zlrjf
Resolving cpbct.cn... 103.39.79.210
Connecting to cpbct.cn|103.39.79.210|:80... connected.
HTTP request sent, awaiting response... 301 Moved Permanently
Location: http://cpbct.cn/zlrjf/ [following]
--2017-01-03 09:58:35--  http://cpbct.cn/zlrjf/
Reusing existing connection to cpbct.cn:80.
HTTP request sent, awaiting response... 302 Object moved
Location: luxiang.apk [following]
--2017-01-03 09:58:35--  http://cpbct.cn/zlrjf/luxiang.apk
Reusing existing connection to cpbct.cn:80.
HTTP request sent, awaiting response... 200 OK
Length: 213501 (208K) [application/vnd.android.package-archive]
Saving to: `luxiang.apk'

     0K .......... .......... .......... .......... .......... 23% 62.3K 3s
    50K .......... .......... .......... .......... .......... 47% 33.5K 2s
   100K .......... .......... .......... .......... .......... 71%  157K 1s
   150K .......... .......... .......... .......... .......... 95%  133K 0s
   200K ........                                              100%  235K=3.0s

2017-01-03 09:58:38 (69.0 KB/s) - `luxiang.apk' saved [213501/213501]

