--2017-01-19 19:47:33--  http://www.xmglp.pw/be
Resolving www.xmglp.pw... 103.55.27.179
Connecting to www.xmglp.pw|103.55.27.179|:80... connected.
HTTP request sent, awaiting response... 301 Moved Permanently
Location: http://www.xmglp.pw/be/ [following]
--2017-01-19 19:47:34--  http://www.xmglp.pw/be/
Reusing existing connection to www.xmglp.pw:80.
HTTP request sent, awaiting response... 200 OK
Length: 113376 (111K) [text/html]
Saving to: `index.html'

     0K .......... .......... .......... .......... .......... 45%  128K 0s
    50K .......... .......... .......... .......... .......... 90%  119K 0s
   100K ..........                                            100%  105K=0.9s

2017-01-19 19:47:35 (121 KB/s) - `index.html' saved [113376/113376]

=======================The second times wget =====================
--2017-01-19 19:47:35--  http://www.xmglp.pw/be/%E6%A0%A1%E8%AE%AF%E9%80%9A.apk
Resolving www.xmglp.pw... 103.55.27.179
Connecting to www.xmglp.pw|103.55.27.179|:80... connected.
HTTP request sent, awaiting response... 200 OK
Length: 401582 (392K) [application/vnd.android.package-archive]
Saving to: `æ ¡è®¯é%80%9A.apk'

     0K .......... .......... .......... .......... .......... 12%  126K 3s
    50K .......... .......... .......... .......... .......... 25%  125K 2s
   100K .......... .......... .......... .......... .......... 38%  121K 2s
   150K .......... .......... .......... .......... .......... 50%  124K 2s
   200K .......... .......... .......... .......... .......... 63%  123K 1s
   250K .......... .......... .......... .......... .......... 76%  124K 1s
   300K .......... .......... .......... .......... .......... 89%  122K 0s
   350K .......... .......... .......... .......... ..        100%  124K=3.2s

2017-01-19 19:47:38 (124 KB/s) - `æ ¡è®¯é%80%9A.apk' saved [401582/401582]

