--2017-03-08 19:59:22--  http://suo.im/2WxJMS
Resolving suo.im... 119.29.124.76
Connecting to suo.im|119.29.124.76|:80... connected.
HTTP request sent, awaiting response... 301 Moved Permanently
Location: http://stxdna.com/hj.apk [following]
--2017-03-08 19:59:22--  http://stxdna.com/hj.apk
Resolving stxdna.com... 58.64.156.135
Connecting to stxdna.com|58.64.156.135|:80... connected.
HTTP request sent, awaiting response... 200 OK
Length: 473061 (462K) [application/vnd.android]
Saving to: `hj.apk'

     0K .......... .......... .......... .......... .......... 10%  449K 1s
    50K .......... .......... .......... .......... .......... 21%  227K 1s
   100K .......... .......... .......... .......... .......... 32%  811K 1s
   150K .......... .......... .......... .......... .......... 43%  781K 1s
   200K .......... .......... .......... .......... .......... 54%  357K 1s
   250K .......... .......... .......... .......... .......... 64%  488K 0s
   300K .......... .......... .......... .......... .......... 75% 92.4K 0s
   350K .......... .......... .......... .......... .......... 86%  119M 0s
   400K .......... .......... .......... .......... .......... 97%  133K 0s
   450K .......... .                                          100%  458K=1.6s

2017-03-08 19:59:26 (281 KB/s) - `hj.apk' saved [473061/473061]

