--2017-01-09 12:07:37--  http://hbecp.cn/Rthjy
Resolving hbecp.cn... 103.211.125.154
Connecting to hbecp.cn|103.211.125.154|:80... connected.
HTTP request sent, awaiting response... 301 Moved Permanently
Location: http://hbecp.cn/Rthjy/ [following]
--2017-01-09 12:07:38--  http://hbecp.cn/Rthjy/
Reusing existing connection to hbecp.cn:80.
HTTP request sent, awaiting response... 302 Object moved
Location: luxiang.apk [following]
--2017-01-09 12:07:38--  http://hbecp.cn/Rthjy/luxiang.apk
Reusing existing connection to hbecp.cn:80.
HTTP request sent, awaiting response... 200 OK
Length: 213500 (208K) [application/vnd.android]
Saving to: `luxiang.apk'

     0K .......... .......... .......... .......... .......... 23%  396K 0s
    50K .......... .......... .......... .......... .......... 47%  518K 0s
   100K .......... .......... .......... .......... .......... 71%  289K 0s
   150K .......... .......... .......... .......... .......... 95%  236K 0s
   200K ........                                              100%  425K=0.6s

2017-01-09 12:07:39 (332 KB/s) - `luxiang.apk' saved [213500/213500]

