--2017-01-08 11:57:12--  http://gtxkq.com/kkpl
Resolving gtxkq.com... 45.125.12.242
Connecting to gtxkq.com|45.125.12.242|:80... connected.
HTTP request sent, awaiting response... 301 Moved Permanently
Location: http://gtxkq.com/kkpl/ [following]
--2017-01-08 11:57:15--  http://gtxkq.com/kkpl/
Reusing existing connection to gtxkq.com:80.
HTTP request sent, awaiting response... 200 OK
Length: 247 [text/html]
Saving to: `index.html'

     0K                                                       100% 18.1M=0s

2017-01-08 11:57:15 (18.1 MB/s) - `index.html' saved [247/247]

=======================The second times wget =====================
--2017-01-08 11:57:15--  http://gtxkq.com/kkpl/%C2%BC%CF%F12.apk
Resolving gtxkq.com... 45.125.12.242
Connecting to gtxkq.com|45.125.12.242|:80... connected.
HTTP request sent, awaiting response... 200 OK
Length: 209306 (204K) [application/vnd.android.package-archive]
Saving to: `Â¼Ïñ2.apk'

     0K .......... .......... .......... .......... .......... 24%  127K 1s
    50K .......... .......... .......... .......... .......... 48%  123K 1s
   100K .......... .......... .......... .......... .......... 73%  118K 0s
   150K .......... .......... .......... .......... .......... 97%  129K 0s
   200K ....                                                  100%  137K=1.6s

2017-01-08 11:57:17 (124 KB/s) - `Â¼Ïñ2.apk' saved [209306/209306]

