--2017-01-14 09:13:23--  http://wotv.17wo.cn/
Resolving wotv.17wo.cn... 112.96.28.145
Connecting to wotv.17wo.cn|112.96.28.145|:80... connected.
HTTP request sent, awaiting response... 200 OK
Length: 5130 (5.0K) [text/html]
Saving to: `index.html'

     0K .....                                                 100%  263K=0.02s

2017-01-14 09:13:23 (263 KB/s) - `index.html' saved [5130/5130]

=======================The second times wget =====================
--2017-01-14 09:13:23--  http://112.96.28.145/wo17/resources/app/index_files/unicomwotv-WO17-release.apk
Connecting to 112.96.28.145:80... connected.
HTTP request sent, awaiting response... 200 OK
Length: 19959370 (19M) [application/vnd.android.package-archive]
Saving to: `unicomwotv-WO17-release.apk'

     0K .......... .......... .......... .......... ..........  0%  925K 21s
    50K .......... .......... .......... .......... ..........  0% 2.45M 14s
   100K .......... .......... .......... .......... ..........  0% 1004K 16s
   150K .......... .......... .......... .......... ..........  1% 4.51M 13s
   200K .......... .......... .......... .......... ..........  1% 2.29M 12s
   250K .......... .......... .......... .......... ..........  1% 6.10M 10s
   300K .......... .......... .......... .......... ..........  1% 5.07M 9s
   350K .......... .......... .......... .......... ..........  2% 3.97M 9s
   400K .......... .......... .......... .......... ..........  2% 45.8M 8s
   450K .......... .......... .......... .......... ..........  2% 10.8M 7s
   500K .......... .......... .......... .......... ..........  2% 6.12M 7s
   550K .......... .......... .......... .......... ..........  3% 46.1M 6s
   600K .......... .......... .......... .......... ..........  3% 12.5M 6s
   650K .......... .......... .......... .......... ..........  3% 6.27M 6s
   700K .......... .......... .......... .......... ..........  3% 62.0M 5s
   750K .......... .......... .......... .......... ..........  4% 16.0M 5s
   800K .......... .......... .......... .......... ..........  4% 30.1M 5s
   850K .......... .......... .......... .......... ..........  4% 6.41M 5s
   900K .......... .......... .......... .......... ..........  4% 82.3M 4s
   950K .......... .......... .......... .......... ..........  5%  138M 4s
  1000K .......... .......... .......... .......... ..........  5% 44.2M 4s
  1050K .......... .......... .......... .......... ..........  5% 16.0M 4s
  1100K .......... .......... .......... .......... ..........  5% 65.9M 4s
  1150K .......... .......... .......... .......... ..........  6% 6.52M 4s
  1200K .......... .......... .......... .......... ..........  6%  112M 3s
  1250K .......... .......... .......... .......... ..........  6% 78.9M 3s
  1300K .......... .......... .......... .......... ..........  6%  115M 3s
  1350K .......... .......... .......... .......... ..........  7% 18.8M 3s
  1400K .......... .......... .......... .......... ..........  7% 47.2M 3s
  1450K .......... .......... .......... .......... ..........  7% 62.3M 3s
  1500K .......... .......... .......... .......... ..........  7% 6.80M 3s
  1550K .......... .......... .......... .......... ..........  8%  109M 3s
  1600K .......... .......... .......... .......... ..........  8% 97.3M 3s
  1650K .......... .......... .......... .......... ..........  8% 78.3M 3s
  1700K .......... .......... .......... .......... ..........  8%  140M 3s
  1750K .......... .......... .......... .......... ..........  9% 18.3M 3s
  1800K .......... .......... .......... .......... ..........  9%  105M 2s
  1850K .......... .......... .......... .......... ..........  9% 68.9M 2s
  1900K .......... .......... .......... .......... .......... 10% 7.11M 2s
  1950K .......... .......... .......... .......... .......... 10% 62.9M 2s
  2000K .......... .......... .......... .......... .......... 10%  107M 2s
  2050K .......... .......... .......... .......... .......... 10%  103M 2s
  2100K .......... .......... .......... .......... .......... 11%  104M 2s
  2150K .......... .......... .......... .......... .......... 11%  148M 2s
  2200K .......... .......... .......... .......... .......... 11% 22.1M 2s
  2250K .......... .......... .......... .......... .......... 11%  111M 2s
  2300K .......... .......... .......... .......... .......... 12% 52.0M 2s
  2350K .......... .......... .......... .......... .......... 12% 82.2M 2s
  2400K .......... .......... .......... .......... .......... 12% 7.52M 2s
  2450K .......... .......... .......... .......... .......... 12% 82.2M 2s
  2500K .......... .......... .......... .......... .......... 13%  103M 2s
  2550K .......... .......... .......... .......... .......... 13%  147M 2s
  2600K .......... .......... .......... .......... .......... 13% 99.4M 2s
  2650K .......... .......... .......... .......... .......... 13%  115M 2s
  2700K .......... .......... .......... .......... .......... 14%  125M 2s
  2750K .......... .......... .......... .......... .......... 14% 84.2M 2s
  2800K .......... .......... .......... .......... .......... 14% 27.8M 2s
  2850K .......... .......... .......... .......... .......... 14% 45.7M 2s
  2900K .......... .......... .......... .......... .......... 15% 97.3M 2s
  2950K .......... .......... .......... .......... .......... 15% 8.81M 2s
  3000K .......... .......... .......... .......... .......... 15% 28.0M 2s
  3050K .......... .......... .......... .......... .......... 15%  164M 2s
  3100K .......... .......... .......... .......... .......... 16%  127M 2s
  3150K .......... .......... .......... .......... .......... 16%  150M 1s
  3200K .......... .......... .......... .......... .......... 16%  140M 1s
  3250K .......... .......... .......... .......... .......... 16%  146M 1s
  3300K .......... .......... .......... .......... .......... 17%  149M 1s
  3350K .......... .......... .......... .......... .......... 17%  111M 1s
  3400K .......... .......... .......... .......... .......... 17% 89.8M 1s
  3450K .......... .......... .......... .......... .......... 17% 24.1M 1s
  3500K .......... .......... .......... .......... .......... 18% 90.9M 1s
  3550K .......... .......... .......... .......... .......... 18%  114M 1s
  3600K .......... .......... .......... .......... .......... 18% 94.3M 1s
  3650K .......... .......... .......... .......... .......... 18% 8.47M 1s
  3700K .......... .......... .......... .......... .......... 19% 43.6M 1s
  3750K .......... .......... .......... .......... .......... 19%  170M 1s
  3800K .......... .......... .......... .......... .......... 19%  109M 1s
  3850K .......... .......... .......... .......... .......... 20%  113M 1s
  3900K .......... .......... .......... .......... .......... 20%  132M 1s
  3950K .......... .......... .......... .......... .......... 20%  142M 1s
  4000K .......... .......... .......... .......... .......... 20%  140M 1s
  4050K .......... .......... .......... .......... .......... 21%  150M 1s
  4100K .......... .......... .......... .......... .......... 21%  126M 1s
  4150K .......... .......... .......... .......... .......... 21% 61.2M 1s
  4200K .......... .......... .......... .......... .......... 21% 38.2M 1s
  4250K .......... .......... .......... .......... .......... 22%  148M 1s
  4300K .......... .......... .......... .......... .......... 22%  128M 1s
  4350K .......... .......... .......... .......... .......... 22% 68.6M 1s
  4400K .......... .......... .......... .......... .......... 22% 8.50M 1s
  4450K .......... .......... .......... .......... .......... 23% 48.2M 1s
  4500K .......... .......... .......... .......... .......... 23%  126M 1s
  4550K .......... .......... .......... .......... .......... 23% 98.0M 1s
  4600K .......... .......... .......... .......... .......... 23%  191M 1s
  4650K .......... .......... .......... .......... .......... 24%  127M 1s
  4700K .......... .......... .......... .......... .......... 24%  101M 1s
  4750K .......... .......... .......... .......... .......... 24%  184M 1s
  4800K .......... .......... .......... .......... .......... 24%  143M 1s
  4850K .......... .......... .......... .......... .......... 25%  133M 1s
  4900K .......... .......... .......... .......... .......... 25% 76.7M 1s
  4950K .......... .......... .......... .......... .......... 25%  118M 1s
  5000K .......... .......... .......... .......... .......... 25% 62.8M 1s
  5050K .......... .......... .......... .......... .......... 26% 59.0M 1s
  5100K .......... .......... .......... .......... .......... 26%  159M 1s
  5150K .......... .......... .......... .......... .......... 26% 96.7M 1s
  5200K .......... .......... .......... .......... .......... 26% 79.0M 1s
  5250K .......... .......... .......... .......... .......... 27% 12.6M 1s
  5300K .......... .......... .......... .......... .......... 27% 20.0M 1s
  5350K .......... .......... .......... .......... .......... 27%  126M 1s
  5400K .......... .......... .......... .......... .......... 27% 96.7M 1s
  5450K .......... .......... .......... .......... .......... 28%  167M 1s
  5500K .......... .......... .......... .......... .......... 28%  150M 1s
  5550K .......... .......... .......... .......... .......... 28%  131M 1s
  5600K .......... .......... .......... .......... .......... 28%  114M 1s
  5650K .......... .......... .......... .......... .......... 29%  150M 1s
  5700K .......... .......... .......... .......... .......... 29%  189M 1s
  5750K .......... .......... .......... .......... .......... 29%  144M 1s
  5800K .......... .......... .......... .......... .......... 30%  122M 1s
  5850K .......... .......... .......... .......... .......... 30%  132M 1s
  5900K .......... .......... .......... .......... .......... 30% 53.8M 1s
  5950K .......... .......... .......... .......... .......... 30% 76.4M 1s
  6000K .......... .......... .......... .......... .......... 31%  195M 1s
  6050K .......... .......... .......... .......... .......... 31% 43.1M 1s
  6100K .......... .......... .......... .......... .......... 31%  155M 1s
  6150K .......... .......... .......... .......... .......... 31% 13.5M 1s
  6200K .......... .......... .......... .......... .......... 32% 22.4M 1s
  6250K .......... .......... .......... .......... .......... 32%  160M 1s
  6300K .......... .......... .......... .......... .......... 32%  133M 1s
  6350K .......... .......... .......... .......... .......... 32% 63.0M 1s
  6400K .......... .......... .......... .......... .......... 33%  140M 1s
  6450K .......... .......... .......... .......... .......... 33%  142M 1s
  6500K .......... .......... .......... .......... .......... 33%  176M 1s
  6550K .......... .......... .......... .......... .......... 33%  132M 1s
  6600K .......... .......... .......... .......... .......... 34%  136M 1s
  6650K .......... .......... .......... .......... .......... 34%  186M 1s
  6700K .......... .......... .......... .......... .......... 34% 92.5M 1s
  6750K .......... .......... .......... .......... .......... 34%  198M 1s
  6800K .......... .......... .......... .......... .......... 35%  143M 1s
  6850K .......... .......... .......... .......... .......... 35%  172M 1s
  6900K .......... .......... .......... .......... .......... 35%  191M 1s
  6950K .......... .......... .......... .......... .......... 35%  146M 1s
  7000K .......... .......... .......... .......... .......... 36%  105M 1s
  7050K .......... .......... .......... .......... .......... 36% 42.6M 1s
  7100K .......... .......... .......... .......... .......... 36%  160M 1s
  7150K .......... .......... .......... .......... .......... 36%  188M 1s
  7200K .......... .......... .......... .......... .......... 37% 14.1M 1s
  7250K .......... .......... .......... .......... .......... 37% 19.4M 1s
  7300K .......... .......... .......... .......... .......... 37%  147M 1s
  7350K .......... .......... .......... .......... .......... 37%  135M 1s
  7400K .......... .......... .......... .......... .......... 38%  150M 1s
  7450K .......... .......... .......... .......... .......... 38% 78.6M 1s
  7500K .......... .......... .......... .......... .......... 38%  133M 1s
  7550K .......... .......... .......... .......... .......... 38%  170M 1s
  7600K .......... .......... .......... .......... .......... 39%  144M 1s
  7650K .......... .......... .......... .......... .......... 39%  204M 1s
  7700K .......... .......... .......... .......... .......... 39%  106M 1s
  7750K .......... .......... .......... .......... .......... 40%  192M 1s
  7800K .......... .......... .......... .......... .......... 40%  161M 1s
  7850K .......... .......... .......... .......... .......... 40%  133M 1s
  7900K .......... .......... .......... .......... .......... 40%  138M 1s
  7950K .......... .......... .......... .......... .......... 41%  208M 1s
  8000K .......... .......... .......... .......... .......... 41%  121M 1s
  8050K .......... .......... .......... .......... .......... 41%  179M 1s
  8100K .......... .......... .......... .......... .......... 41%  139M 1s
  8150K .......... .......... .......... .......... .......... 42%  154M 1s
  8200K .......... .......... .......... .......... .......... 42%  103M 0s
  8250K .......... .......... .......... .......... .......... 42%  174M 0s
  8300K .......... .......... .......... .......... .......... 42%  135M 0s
  8350K .......... .......... .......... .......... .......... 43% 15.8M 0s
  8400K .......... .......... .......... .......... .......... 43% 16.3M 0s
  8450K .......... .......... .......... .......... .......... 43%  145M 0s
  8500K .......... .......... .......... .......... .......... 43%  196M 0s
  8550K .......... .......... .......... .......... .......... 44%  132M 0s
  8600K .......... .......... .......... .......... .......... 44% 99.4M 0s
  8650K .......... .......... .......... .......... .......... 44%  151M 0s
  8700K .......... .......... .......... .......... .......... 44%  124M 0s
  8750K .......... .......... .......... .......... .......... 45% 48.3M 0s
  8800K .......... .......... .......... .......... .......... 45% 48.2M 0s
  8850K .......... .......... .......... .......... .......... 45% 22.8M 0s
  8900K .......... .......... .......... .......... .......... 45%  134M 0s
  8950K .......... .......... .......... .......... .......... 46% 25.8M 0s
  9000K .......... .......... .......... .......... .......... 46% 30.2M 0s
  9050K .......... .......... .......... .......... .......... 46% 29.1M 0s
  9100K .......... .......... .......... .......... .......... 46%  118M 0s
  9150K .......... .......... .......... .......... .......... 47% 32.5M 0s
  9200K .......... .......... .......... .......... .......... 47% 26.0M 0s
  9250K .......... .......... .......... .......... .......... 47% 58.5M 0s
  9300K .......... .......... .......... .......... .......... 47% 20.9M 0s
  9350K .......... .......... .......... .......... .......... 48%  103M 0s
  9400K .......... .......... .......... .......... .......... 48% 29.1M 0s
  9450K .......... .......... .......... .......... .......... 48% 40.1M 0s
  9500K .......... .......... .......... .......... .......... 48% 22.7M 0s
  9550K .......... .......... .......... .......... .......... 49% 37.4M 0s
  9600K .......... .......... .......... .......... .......... 49% 35.2M 0s
  9650K .......... .......... .......... .......... .......... 49% 29.3M 0s
  9700K .......... .......... .......... .......... .......... 50% 38.2M 0s
  9750K .......... .......... .......... .......... .......... 50% 16.4M 0s
  9800K .......... .......... .......... .......... .......... 50%  115M 0s
  9850K .......... .......... .......... .......... .......... 50% 34.0M 0s
  9900K .......... .......... .......... .......... .......... 51% 30.0M 0s
  9950K .......... .......... .......... .......... .......... 51% 34.9M 0s
 10000K .......... .......... .......... .......... .......... 51% 31.6M 0s
 10050K .......... .......... .......... .......... .......... 51% 37.4M 0s
 10100K .......... .......... .......... .......... .......... 52% 37.6M 0s
 10150K .......... .......... .......... .......... .......... 52% 39.4M 0s
 10200K .......... .......... .......... .......... .......... 52% 24.7M 0s
 10250K .......... .......... .......... .......... .......... 52% 56.6M 0s
 10300K .......... .......... .......... .......... .......... 53% 28.8M 0s
 10350K .......... .......... .......... .......... .......... 53% 63.3M 0s
 10400K .......... .......... .......... .......... .......... 53% 34.1M 0s
 10450K .......... .......... .......... .......... .......... 53% 24.0M 0s
 10500K .......... .......... .......... .......... .......... 54% 27.8M 0s
 10550K .......... .......... .......... .......... .......... 54% 65.5M 0s
 10600K .......... .......... .......... .......... .......... 54% 51.6M 0s
 10650K .......... .......... .......... .......... .......... 54% 32.9M 0s
 10700K .......... .......... .......... .......... .......... 55% 23.4M 0s
 10750K .......... .......... .......... .......... .......... 55% 57.6M 0s
 10800K .......... .......... .......... .......... .......... 55% 25.6M 0s
 10850K .......... .......... .......... .......... .......... 55% 65.5M 0s
 10900K .......... .......... .......... .......... .......... 56% 16.5M 0s
 10950K .......... .......... .......... .......... .......... 56%  142M 0s
 11000K .......... .......... .......... .......... .......... 56% 27.7M 0s
 11050K .......... .......... .......... .......... .......... 56% 27.4M 0s
 11100K .......... .......... .......... .......... .......... 57% 30.7M 0s
 11150K .......... .......... .......... .......... .......... 57% 43.4M 0s
 11200K .......... .......... .......... .......... .......... 57% 15.2M 0s
 11250K .......... .......... .......... .......... .......... 57% 95.0M 0s
 11300K .......... .......... .......... .......... .......... 58%  159M 0s
 11350K .......... .......... .......... .......... .......... 58% 42.9M 0s
 11400K .......... .......... .......... .......... .......... 58% 17.8M 0s
 11450K .......... .......... .......... .......... .......... 58% 25.9M 0s
 11500K .......... .......... .......... .......... .......... 59%  109M 0s
 11550K .......... .......... .......... .......... .......... 59% 28.3M 0s
 11600K .......... .......... .......... .......... .......... 59% 27.4M 0s
 11650K .......... .......... .......... .......... .......... 60% 19.0M 0s
 11700K .......... .......... .......... .......... .......... 60% 37.6M 0s
 11750K .......... .......... .......... .......... .......... 60% 25.6M 0s
 11800K .......... .......... .......... .......... .......... 60% 88.0M 0s
 11850K .......... .......... .......... .......... .......... 61% 34.2M 0s
 11900K .......... .......... .......... .......... .......... 61% 14.3M 0s
 11950K .......... .......... .......... .......... .......... 61%  141M 0s
 12000K .......... .......... .......... .......... .......... 61%  140M 0s
 12050K .......... .......... .......... .......... .......... 62% 20.9M 0s
 12100K .......... .......... .......... .......... .......... 62% 54.6M 0s
 12150K .......... .......... .......... .......... .......... 62% 29.8M 0s
 12200K .......... .......... .......... .......... .......... 62% 36.9M 0s
 12250K .......... .......... .......... .......... .......... 63% 22.8M 0s
 12300K .......... .......... .......... .......... .......... 63% 97.3M 0s
 12350K .......... .......... .......... .......... .......... 63% 19.8M 0s
 12400K .......... .......... .......... .......... .......... 63% 28.9M 0s
 12450K .......... .......... .......... .......... .......... 64% 50.9M 0s
 12500K .......... .......... .......... .......... .......... 64% 21.1M 0s
 12550K .......... .......... .......... .......... .......... 64% 12.7M 0s
 12600K .......... .......... .......... .......... .......... 64%  163M 0s
 12650K .......... .......... .......... .......... .......... 65% 30.8M 0s
 12700K .......... .......... .......... .......... .......... 65% 16.2M 0s
 12750K .......... .......... .......... .......... .......... 65% 26.8M 0s
 12800K .......... .......... .......... .......... .......... 65%  162M 0s
 12850K .......... .......... .......... .......... .......... 66% 25.4M 0s
 12900K .......... .......... .......... .......... .......... 66% 16.1M 0s
 12950K .......... .......... .......... .......... .......... 66%  190M 0s
 13000K .......... .......... .......... .......... .......... 66% 21.0M 0s
 13050K .......... .......... .......... .......... .......... 67% 47.1M 0s
 13100K .......... .......... .......... .......... .......... 67% 25.7M 0s
 13150K .......... .......... .......... .......... .......... 67% 64.7M 0s
 13200K .......... .......... .......... .......... .......... 67% 17.8M 0s
 13250K .......... .......... .......... .......... .......... 68% 77.8M 0s
 13300K .......... .......... .......... .......... .......... 68% 26.2M 0s
 13350K .......... .......... .......... .......... .......... 68% 95.9M 0s
 13400K .......... .......... .......... .......... .......... 69% 24.4M 0s
 13450K .......... .......... .......... .......... .......... 69% 22.4M 0s
 13500K .......... .......... .......... .......... .......... 69% 32.5M 0s
 13550K .......... .......... .......... .......... .......... 69% 11.2M 0s
 13600K .......... .......... .......... .......... .......... 70%  191M 0s
 13650K .......... .......... .......... .......... .......... 70% 21.3M 0s
 13700K .......... .......... .......... .......... .......... 70% 22.2M 0s
 13750K .......... .......... .......... .......... .......... 70% 34.4M 0s
 13800K .......... .......... .......... .......... .......... 71% 62.4M 0s
 13850K .......... .......... .......... .......... .......... 71% 27.4M 0s
 13900K .......... .......... .......... .......... .......... 71% 22.8M 0s
 13950K .......... .......... .......... .......... .......... 71% 23.2M 0s
 14000K .......... .......... .......... .......... .......... 72% 13.9M 0s
 14050K .......... .......... .......... .......... .......... 72%  144M 0s
 14100K .......... .......... .......... .......... .......... 72% 81.2K 0s
 14150K .......... .......... .......... .......... .......... 72% 5.33M 0s
 14200K .......... .......... .......... .......... .......... 73% 1.70M 0s
 14250K .......... .......... .......... .......... .......... 73% 9.66M 0s
 14300K .......... .......... .......... .......... .......... 73% 5.64M 0s
 14350K .......... .......... .......... .......... .......... 73% 5.35M 0s
 14400K .......... .......... .......... .......... .......... 74% 8.86M 0s
 14450K .......... .......... .......... .......... .......... 74% 2.26M 0s
 14500K .......... .......... .......... .......... .......... 74% 22.5M 0s
 14550K .......... .......... .......... .......... .......... 74% 6.38M 0s
 14600K .......... .......... .......... .......... .......... 75% 13.1M 0s
 14650K .......... .......... .......... .......... .......... 75% 7.63M 0s
 14700K .......... .......... .......... .......... .......... 75% 1.32M 0s
 14750K .......... .......... .......... .......... .......... 75% 8.83M 0s
 14800K .......... .......... .......... .......... .......... 76% 10.3M 0s
 14850K .......... .......... .......... .......... .......... 76% 20.0M 0s
 14900K .......... .......... .......... .......... .......... 76% 12.7M 0s
 14950K .......... .......... .......... .......... .......... 76% 11.4M 0s
 15000K .......... .......... .......... .......... .......... 77% 20.1M 0s
 15050K .......... .......... .......... .......... .......... 77% 12.7M 0s
 15100K .......... .......... .......... .......... .......... 77% 9.10M 0s
 15150K .......... .......... .......... .......... .......... 77% 11.9M 0s
 15200K .......... .......... .......... .......... .......... 78% 26.4M 0s
 15250K .......... .......... .......... .......... .......... 78% 6.23M 0s
 15300K .......... .......... .......... .......... .......... 78% 80.4M 0s
 15350K .......... .......... .......... .......... .......... 79% 23.3M 0s
 15400K .......... .......... .......... .......... .......... 79% 20.6M 0s
 15450K .......... .......... .......... .......... .......... 79% 13.2M 0s
 15500K .......... .......... .......... .......... .......... 79% 21.6M 0s
 15550K .......... .......... .......... .......... .......... 80% 16.3M 0s
 15600K .......... .......... .......... .......... .......... 80% 10.4M 0s
 15650K .......... .......... .......... .......... .......... 80% 40.5M 0s
 15700K .......... .......... .......... .......... .......... 80% 18.7M 0s
 15750K .......... .......... .......... .......... .......... 81% 22.9M 0s
 15800K .......... .......... .......... .......... .......... 81% 13.9M 0s
 15850K .......... .......... .......... .......... .......... 81% 19.7M 0s
 15900K .......... .......... .......... .......... .......... 81% 18.8M 0s
 15950K .......... .......... .......... .......... .......... 82% 12.2M 0s
 16000K .......... .......... .......... .......... .......... 82% 24.9M 0s
 16050K .......... .......... .......... .......... .......... 82% 18.8M 0s
 16100K .......... .......... .......... .......... .......... 82% 35.4M 0s
 16150K .......... .......... .......... .......... .......... 83% 13.5M 0s
 16200K .......... .......... .......... .......... .......... 83% 18.3M 0s
 16250K .......... .......... .......... .......... .......... 83% 15.0M 0s
 16300K .......... .......... .......... .......... .......... 83% 21.6M 0s
 16350K .......... .......... .......... .......... .......... 84% 16.8M 0s
 16400K .......... .......... .......... .......... .......... 84% 10.8M 0s
 16450K .......... .......... .......... .......... .......... 84% 26.8M 0s
 16500K .......... .......... .......... .......... .......... 84% 18.3M 0s
 16550K .......... .......... .......... .......... .......... 85% 16.1M 0s
 16600K .......... .......... .......... .......... .......... 85% 15.5M 0s
 16650K .......... .......... .......... .......... .......... 85% 50.4M 0s
 16700K .......... .......... .......... .......... .......... 85% 14.8M 0s
 16750K .......... .......... .......... .......... .......... 86% 17.4M 0s
 16800K .......... .......... .......... .......... .......... 86% 21.9M 0s
 16850K .......... .......... .......... .......... .......... 86% 16.7M 0s
 16900K .......... .......... .......... .......... .......... 86% 17.7M 0s
 16950K .......... .......... .......... .......... .......... 87% 21.1M 0s
 17000K .......... .......... .......... .......... .......... 87% 27.5M 0s
 17050K .......... .......... .......... .......... .......... 87% 15.3M 0s
 17100K .......... .......... .......... .......... .......... 87% 26.1M 0s
 17150K .......... .......... .......... .......... .......... 88% 18.9M 0s
 17200K .......... .......... .......... .......... .......... 88% 16.6M 0s
 17250K .......... .......... .......... .......... .......... 88% 32.1M 0s
 17300K .......... .......... .......... .......... .......... 89% 13.2M 0s
 17350K .......... .......... .......... .......... .......... 89%  158M 0s
 17400K .......... .......... .......... .......... .......... 89% 29.0M 0s
 17450K .......... .......... .......... .......... .......... 89% 28.0M 0s
 17500K .......... .......... .......... .......... .......... 90% 30.0M 0s
 17550K .......... .......... .......... .......... .......... 90% 23.0M 0s
 17600K .......... .......... .......... .......... .......... 90% 20.6M 0s
 17650K .......... .......... .......... .......... .......... 90% 43.3M 0s
 17700K .......... .......... .......... .......... .......... 91% 23.5M 0s
 17750K .......... .......... .......... .......... .......... 91% 13.7M 0s
 17800K .......... .......... .......... .......... .......... 91%  147M 0s
 17850K .......... .......... .......... .......... .......... 91% 17.0M 0s
 17900K .......... .......... .......... .......... .......... 92% 60.1M 0s
 17950K .......... .......... .......... .......... .......... 92% 13.8M 0s
 18000K .......... .......... .......... .......... .......... 92% 49.2M 0s
 18050K .......... .......... .......... .......... .......... 92% 24.2M 0s
 18100K .......... .......... .......... .......... .......... 93% 27.7M 0s
 18150K .......... .......... .......... .......... .......... 93% 12.5M 0s
 18200K .......... .......... .......... .......... .......... 93% 51.3M 0s
 18250K .......... .......... .......... .......... .......... 93% 22.9M 0s
 18300K .......... .......... .......... .......... .......... 94% 32.9M 0s
 18350K .......... .......... .......... .......... .......... 94% 29.8M 0s
 18400K .......... .......... .......... .......... .......... 94% 36.0M 0s
 18450K .......... .......... .......... .......... .......... 94% 20.7M 0s
 18500K .......... .......... .......... .......... .......... 95% 28.2M 0s
 18550K .......... .......... .......... .......... .......... 95% 31.3M 0s
 18600K .......... .......... .......... .......... .......... 95% 63.1M 0s
 18650K .......... .......... .......... .......... .......... 95% 26.7M 0s
 18700K .......... .......... .......... .......... .......... 96% 15.2M 0s
 18750K .......... .......... .......... .......... .......... 96%  128M 0s
 18800K .......... .......... .......... .......... .......... 96% 13.1M 0s
 18850K .......... .......... .......... .......... .......... 96% 85.1M 0s
 18900K .......... .......... .......... .......... .......... 97% 24.8M 0s
 18950K .......... .......... .......... .......... .......... 97% 36.5M 0s
 19000K .......... .......... .......... .......... .......... 97% 13.4M 0s
 19050K .......... .......... .......... .......... .......... 97% 57.4M 0s
 19100K .......... .......... .......... .......... .......... 98% 39.3M 0s
 19150K .......... .......... .......... .......... .......... 98% 25.7M 0s
 19200K .......... .......... .......... .......... .......... 98% 76.8M 0s
 19250K .......... .......... .......... .......... .......... 99% 29.2M 0s
 19300K .......... .......... .......... .......... .......... 99% 36.9M 0s
 19350K .......... .......... .......... .......... .......... 99% 22.1M 0s
 19400K .......... .......... .......... .......... .......... 99% 59.3M 0s
 19450K .......... .......... .......... .......... .         100% 8.84M=1.5s

2017-01-14 09:13:25 (12.4 MB/s) - `unicomwotv-WO17-release.apk' saved [19959370/19959370]

