--2017-01-06 09:26:06--  http://xyhzj.cn/sDSg4
Resolving xyhzj.cn... 103.39.79.210
Connecting to xyhzj.cn|103.39.79.210|:80... connected.
HTTP request sent, awaiting response... 301 Moved Permanently
Location: http://xyhzj.cn/sDSg4/ [following]
--2017-01-06 09:26:09--  http://xyhzj.cn/sDSg4/
Reusing existing connection to xyhzj.cn:80.
HTTP request sent, awaiting response... 302 Object moved
Location: luxiang.apk [following]
--2017-01-06 09:26:09--  http://xyhzj.cn/sDSg4/luxiang.apk
Reusing existing connection to xyhzj.cn:80.
HTTP request sent, awaiting response... 200 OK
Length: 213496 (208K) [application/vnd.android.package-archive]
Saving to: `luxiang.apk'

     0K .......... .......... .......... .......... .......... 23%  216K 1s
    50K .......... .......... .......... .......... .......... 47%  249K 0s
   100K .......... .......... .......... .......... .......... 71%  242K 0s
   150K .......... .......... .......... .......... .......... 95%  238K 0s
   200K ........                                              100%  236K=0.9s

2017-01-06 09:26:10 (235 KB/s) - `luxiang.apk' saved [213496/213496]

