--2017-02-12 16:16:11--  http://yday.info/m8
Resolving yday.info... 43.230.112.228
Connecting to yday.info|43.230.112.228|:80... connected.
HTTP request sent, awaiting response... 301 Moved Permanently
Location: http://yday.info/m8/ [following]
--2017-02-12 16:16:14--  http://yday.info/m8/
Reusing existing connection to yday.info:80.
HTTP request sent, awaiting response... 200 OK
Length: 340 [text/html]
Saving to: `index.html'

     0K                                                       100% 20.3M=0s

2017-02-12 16:16:14 (20.3 MB/s) - `index.html' saved [340/340]

=======================The second times wget =====================
--2017-02-12 16:16:14--  http://yday.info/m8/%C2%BC%CF%F1.apk
Resolving yday.info... 43.230.112.228
Connecting to yday.info|43.230.112.228|:80... connected.
HTTP request sent, awaiting response... 200 OK
Length: 201057 (196K) [application/vnd.android.package-archive]
Saving to: `Â¼Ïñ.apk'

     0K .......... .......... .......... .......... .......... 25%  101K 1s
    50K .......... .......... .......... .......... .......... 50% 76.1K 1s
   100K .......... .......... .......... .......... .......... 76% 58.4K 1s
   150K .......... .......... .......... .......... ......    100% 58.8K=2.8s

2017-02-12 16:16:17 (70.2 KB/s) - `Â¼Ïñ.apk' saved [201057/201057]

