--2017-01-10 16:30:43--  http://sadiuh.cn/kyd
Resolving sadiuh.cn... 174.139.243.27
Connecting to sadiuh.cn|174.139.243.27|:80... connected.
HTTP request sent, awaiting response... 301 Moved Permanently
Location: http://sadiuh.cn/kyd/ [following]
--2017-01-10 16:30:46--  http://sadiuh.cn/kyd/
Reusing existing connection to sadiuh.cn:80.
HTTP request sent, awaiting response... 200 OK
Length: 345 [text/html]
Saving to: `index.html'

     0K                                                       100% 9.97M=0s

2017-01-10 16:30:46 (9.97 MB/s) - `index.html' saved [345/345]

=======================The second times wget =====================
--2017-01-10 16:30:46--  http://sadiuh.cn/kyd/%E5%BD%95%E5%83%8F.apk
Resolving sadiuh.cn... 174.139.243.27
Connecting to sadiuh.cn|174.139.243.27|:80... connected.
HTTP request sent, awaiting response... 200 OK
Length: 673024 (657K) [application/vnd.android.package-archive]
Saving to: `å½%95å%83%8F.apk'

     0K .......... .......... .......... .......... ..........  7% 33.8K 18s
    50K .......... .......... .......... .......... .......... 15% 38.8K 15s
   100K .......... .......... .......... .......... .......... 22% 21.2K 17s
   150K .......... .......... .......... .......... .......... 30% 16.7K 19s
   200K .......... .......... .......... .......... .......... 38% 13.7K 19s
   250K .......... .......... .......... .......... .......... 45% 11.5K 19s
   300K .......... .......... .......... .......... .......... 53% 16.6K 17s
   350K .......... .......... .......... .......... .......... 60% 8.92K 16s
   400K .......... .......... .......... .......... .......... 68% 17.6K 13s
   450K .......... .......... .......... .......... .......... 76% 11.3K 10s
   500K .......... .......... .......... .......... .......... 83% 15.9K 7s
   550K .......... .......... .......... .......... .......... 91% 11.2K 4s
   600K .......... .......... .......... .......... .......... 98% 25.9K 0s
   650K .......                                               100% 15.4K=42s

2017-01-10 16:31:30 (15.6 KB/s) - `å½%95å%83%8F.apk' saved [673024/673024]

