--2017-01-06 11:26:57--  http://kyxjb.cn/
Resolving kyxjb.cn... 103.229.125.80
Connecting to kyxjb.cn|103.229.125.80|:80... connected.
HTTP request sent, awaiting response... 200 OK
Length: 176 [text/html]
Saving to: `index.html'

     0K                                                       100% 11.2M=0s

2017-01-06 11:26:58 (11.2 MB/s) - `index.html' saved [176/176]

=======================The second times wget =====================
--2017-01-06 11:26:58--  http://kyxjb.cn//tyru.apk
Resolving kyxjb.cn... 103.229.125.80
Connecting to kyxjb.cn|103.229.125.80|:80... connected.
HTTP request sent, awaiting response... 200 OK
Length: 390204 (381K) [application/vnd.android.package-archive]
Saving to: `tyru.apk'

     0K .......... .......... .......... .......... .......... 13%  125K 3s
    50K .......... .......... .......... .......... .......... 26%  124K 2s
   100K .......... .......... .......... .......... .......... 39%  128K 2s
   150K .......... .......... .......... .......... .......... 52%  117K 1s
   200K .......... .......... .......... .......... .......... 65%  113K 1s
   250K .......... .......... .......... .......... .......... 78%  142K 1s
   300K .......... .......... .......... .......... .......... 91% 95.8K 0s
   350K .......... .......... .......... .                    100%  123K=3.2s

2017-01-06 11:27:01 (119 KB/s) - `tyru.apk' saved [390204/390204]

