--2017-01-05 18:57:37--  http://m.zuche.com/
Resolving m.zuche.com... 119.254.86.123
Connecting to m.zuche.com|119.254.86.123|:80... connected.
HTTP request sent, awaiting response... 302 Moved Temporarily
Location: http://www.zuche.com [following]
--2017-01-05 18:57:37--  http://www.zuche.com/
Resolving www.zuche.com... 220.170.187.12, 220.170.181.153, 220.170.187.14, ...
Connecting to www.zuche.com|220.170.187.12|:80... connected.
HTTP request sent, awaiting response... 200 OK
Length: unspecified [text/html]
Saving to: `index.html'

     0K .......... .......... .......... .......... ..........  621K
    50K .......... .......... .......... .......... ......     1.30M=0.1s

2017-01-05 18:57:38 (837 KB/s) - `index.html' saved [99284]

=======================The second times wget =====================
--2017-01-05 18:57:38--  http://static.zuchecdn.com/download/SZZC.apk
Resolving static.zuchecdn.com... 220.170.187.16, 220.170.187.10, 220.170.187.13, ...
Connecting to static.zuchecdn.com|220.170.187.16|:80... connected.
HTTP request sent, awaiting response... 200 OK
Length: 16479983 (16M) [application/vnd.android.package-archive]
Saving to: `SZZC.apk'

     0K .......... .......... .......... .......... ..........  0% 3.33M 5s
    50K .......... .......... .......... .......... ..........  0% 3.50M 5s
   100K .......... .......... .......... .......... ..........  0% 7.08M 4s
   150K .......... .......... .......... .......... ..........  1% 7.07M 3s
   200K .......... .......... .......... .......... ..........  1% 7.03M 3s
   250K .......... .......... .......... .......... ..........  1% 7.16M 3s
   300K .......... .......... .......... .......... ..........  2%  110M 3s
   350K .......... .......... .......... .......... ..........  2% 6.82M 3s
   400K .......... .......... .......... .......... ..........  2% 7.40M 2s
   450K .......... .......... .......... .......... ..........  3%  107M 2s
   500K .......... .......... .......... .......... ..........  3% 6.74M 2s
   550K .......... .......... .......... .......... ..........  3% 7.61M 2s
   600K .......... .......... .......... .......... ..........  4% 37.2M 2s
   650K .......... .......... .......... .......... ..........  4% 7.13M 2s
   700K .......... .......... .......... .......... ..........  4% 75.5M 2s
   750K .......... .......... .......... .......... ..........  4% 6.94M 2s
   800K .......... .......... .......... .......... ..........  5%  103M 2s
   850K .......... .......... .......... .......... ..........  5% 4.18M 2s
   900K .......... .......... .......... .......... ..........  5%  132M 2s
   950K .......... .......... .......... .......... ..........  6% 37.7M 2s
  1000K .......... .......... .......... .......... ..........  6% 6.96M 2s
  1050K .......... .......... .......... .......... ..........  6% 6.83M 2s
  1100K .......... .......... .......... .......... ..........  7% 66.4M 2s
  1150K .......... .......... .......... .......... ..........  7% 7.03M 2s
  1200K .......... .......... .......... .......... ..........  7% 6.87M 2s
  1250K .......... .......... .......... .......... ..........  8% 6.80M 2s
  1300K .......... .......... .......... .......... ..........  8% 69.0M 2s
  1350K .......... .......... .......... .......... ..........  8% 6.60M 2s
  1400K .......... .......... .......... .......... ..........  9% 6.64M 2s
  1450K .......... .......... .......... .......... ..........  9% 85.4M 2s
  1500K .......... .......... .......... .......... ..........  9% 6.52M 2s
  1550K .......... .......... .......... .......... ..........  9% 75.0M 2s
  1600K .......... .......... .......... .......... .......... 10% 6.88M 2s
  1650K .......... .......... .......... .......... .......... 10% 95.0M 2s
  1700K .......... .......... .......... .......... .......... 10% 7.00M 2s
  1750K .......... .......... .......... .......... .......... 11% 7.66M 2s
  1800K .......... .......... .......... .......... .......... 11% 45.5M 2s
  1850K .......... .......... .......... .......... .......... 11% 91.4M 1s
  1900K .......... .......... .......... .......... .......... 12% 6.72M 1s
  1950K .......... .......... .......... .......... .......... 12% 3.60M 2s
  2000K .......... .......... .......... .......... .......... 12% 60.1M 1s
  2050K .......... .......... .......... .......... .......... 13%  197M 1s
  2100K .......... .......... .......... .......... .......... 13% 76.3M 1s
  2150K .......... .......... .......... .......... .......... 13% 4.04M 1s
  2200K .......... .......... .......... .......... .......... 13% 6.34M 1s
  2250K .......... .......... .......... .......... .......... 14% 7.05M 1s
  2300K .......... .......... .......... .......... .......... 14% 8.97M 1s
  2350K .......... .......... .......... .......... .......... 14% 25.2M 1s
  2400K .......... .......... .......... .......... .......... 15% 6.88M 1s
  2450K .......... .......... .......... .......... .......... 15% 7.36M 1s
  2500K .......... .......... .......... .......... .......... 15% 8.31M 1s
  2550K .......... .......... .......... .......... .......... 16% 30.5M 1s
  2600K .......... .......... .......... .......... .......... 16% 7.90M 1s
  2650K .......... .......... .......... .......... .......... 16% 12.5M 1s
  2700K .......... .......... .......... .......... .......... 17% 12.6M 1s
  2750K .......... .......... .......... .......... .......... 17% 8.56M 1s
  2800K .......... .......... .......... .......... .......... 17% 27.4M 1s
  2850K .......... .......... .......... .......... .......... 18% 8.50M 1s
  2900K .......... .......... .......... .......... .......... 18% 27.7M 1s
  2950K .......... .......... .......... .......... .......... 18% 12.5M 1s
  3000K .......... .......... .......... .......... .......... 18% 12.1M 1s
  3050K .......... .......... .......... .......... .......... 19% 3.26M 1s
  3100K .......... .......... .......... .......... .......... 19%  139M 1s
  3150K .......... .......... .......... .......... .......... 19%  103M 1s
  3200K .......... .......... .......... .......... .......... 20% 6.46M 1s
  3250K .......... .......... .......... .......... .......... 20% 7.21M 1s
  3300K .......... .......... .......... .......... .......... 20% 7.50M 1s
  3350K .......... .......... .......... .......... .......... 21% 7.79M 1s
  3400K .......... .......... .......... .......... .......... 21% 9.36M 1s
  3450K .......... .......... .......... .......... .......... 21% 27.4M 1s
  3500K .......... .......... .......... .......... .......... 22% 8.01M 1s
  3550K .......... .......... .......... .......... .......... 22% 9.99M 1s
  3600K .......... .......... .......... .......... .......... 22% 24.8M 1s
  3650K .......... .......... .......... .......... .......... 22% 8.85M 1s
  3700K .......... .......... .......... .......... .......... 23% 43.8M 1s
  3750K .......... .......... .......... .......... .......... 23% 8.73M 1s
  3800K .......... .......... .......... .......... .......... 23% 49.1M 1s
  3850K .......... .......... .......... .......... .......... 24% 10.2M 1s
  3900K .......... .......... .......... .......... .......... 24% 35.4M 1s
  3950K .......... .......... .......... .......... .......... 24% 41.6M 1s
  4000K .......... .......... .......... .......... .......... 25% 9.90M 1s
  4050K .......... .......... .......... .......... .......... 25% 51.2M 1s
  4100K .......... .......... .......... .......... .......... 25% 10.2M 1s
  4150K .......... .......... .......... .......... .......... 26% 34.8M 1s
  4200K .......... .......... .......... .......... .......... 26%  110M 1s
  4250K .......... .......... .......... .......... .......... 26% 9.84M 1s
  4300K .......... .......... .......... .......... .......... 27% 39.3M 1s
  4350K .......... .......... .......... .......... .......... 27% 67.3M 1s
  4400K .......... .......... .......... .......... .......... 27% 39.9M 1s
  4450K .......... .......... .......... .......... .......... 27% 10.3M 1s
  4500K .......... .......... .......... .......... .......... 28% 67.3M 1s
  4550K .......... .......... .......... .......... .......... 28% 77.6M 1s
  4600K .......... .......... .......... .......... .......... 28% 9.77M 1s
  4650K .......... .......... .......... .......... .......... 29% 44.4M 1s
  4700K .......... .......... .......... .......... .......... 29% 71.8M 1s
  4750K .......... .......... .......... .......... .......... 29% 66.1M 1s
  4800K .......... .......... .......... .......... .......... 30% 10.1M 1s
  4850K .......... .......... .......... .......... .......... 30% 6.28M 1s
  4900K .......... .......... .......... .......... .......... 30% 56.3M 1s
  4950K .......... .......... .......... .......... .......... 31% 6.18M 1s
  5000K .......... .......... .......... .......... .......... 31%  167M 1s
  5050K .......... .......... .......... .......... .......... 31%  147M 1s
  5100K .......... .......... .......... .......... .......... 32%  169M 1s
  5150K .......... .......... .......... .......... .......... 32%  149M 1s
  5200K .......... .......... .......... .......... .......... 32% 12.1M 1s
  5250K .......... .......... .......... .......... .......... 32% 7.44M 1s
  5300K .......... .......... .......... .......... .......... 33% 7.47M 1s
  5350K .......... .......... .......... .......... .......... 33% 7.76M 1s
  5400K .......... .......... .......... .......... .......... 33% 62.6M 1s
  5450K .......... .......... .......... .......... .......... 34% 7.59M 1s
  5500K .......... .......... .......... .......... .......... 34% 8.39M 1s
  5550K .......... .......... .......... .......... .......... 34% 55.7M 1s
  5600K .......... .......... .......... .......... .......... 35% 8.31M 1s
  5650K .......... .......... .......... .......... .......... 35% 8.45M 1s
  5700K .......... .......... .......... .......... .......... 35% 52.7M 1s
  5750K .......... .......... .......... .......... .......... 36% 8.58M 1s
  5800K .......... .......... .......... .......... .......... 36% 52.7M 1s
  5850K .......... .......... .......... .......... .......... 36% 9.10M 1s
  5900K .......... .......... .......... .......... .......... 36% 55.1M 1s
  5950K .......... .......... .......... .......... .......... 37% 67.2M 1s
  6000K .......... .......... .......... .......... .......... 37% 9.13M 1s
  6050K .......... .......... .......... .......... .......... 37% 72.1M 1s
  6100K .......... .......... .......... .......... .......... 38% 73.3M 1s
  6150K .......... .......... .......... .......... .......... 38% 9.11M 1s
  6200K .......... .......... .......... .......... .......... 38% 47.9M 1s
  6250K .......... .......... .......... .......... .......... 39%  106M 1s
  6300K .......... .......... .......... .......... .......... 39% 9.15M 1s
  6350K .......... .......... .......... .......... .......... 39% 62.1M 1s
  6400K .......... .......... .......... .......... .......... 40% 48.4M 1s
  6450K .......... .......... .......... .......... .......... 40% 10.1M 1s
  6500K .......... .......... .......... .......... .......... 40% 51.3M 1s
  6550K .......... .......... .......... .......... .......... 41% 45.1M 1s
  6600K .......... .......... .......... .......... .......... 41%  121M 1s
  6650K .......... .......... .......... .......... .......... 41% 9.48M 1s
  6700K .......... .......... .......... .......... .......... 41% 53.6M 1s
  6750K .......... .......... .......... .......... .......... 42% 37.6M 1s
  6800K .......... .......... .......... .......... .......... 42% 10.3M 1s
  6850K .......... .......... .......... .......... .......... 42% 40.3M 1s
  6900K .......... .......... .......... .......... .......... 43% 54.1M 1s
  6950K .......... .......... .......... .......... .......... 43% 65.0M 1s
  7000K .......... .......... .......... .......... .......... 43% 5.89M 1s
  7050K .......... .......... .......... .......... .......... 44% 10.6M 1s
  7100K .......... .......... .......... .......... .......... 44%  152M 1s
  7150K .......... .......... .......... .......... .......... 44% 47.2M 1s
  7200K .......... .......... .......... .......... .......... 45%  117M 1s
  7250K .......... .......... .......... .......... .......... 45% 49.6M 1s
  7300K .......... .......... .......... .......... .......... 45% 9.07M 1s
  7350K .......... .......... .......... .......... .......... 45% 7.50M 1s
  7400K .......... .......... .......... .......... .......... 46% 8.01M 1s
  7450K .......... .......... .......... .......... .......... 46% 7.69M 1s
  7500K .......... .......... .......... .......... .......... 46% 30.9M 1s
  7550K .......... .......... .......... .......... .......... 47% 8.50M 1s
  7600K .......... .......... .......... .......... .......... 47% 8.48M 1s
  7650K .......... .......... .......... .......... .......... 47% 28.0M 1s
  7700K .......... .......... .......... .......... .......... 48% 8.34M 1s
  7750K .......... .......... .......... .......... .......... 48% 43.3M 1s
  7800K .......... .......... .......... .......... .......... 48% 8.08M 1s
  7850K .......... .......... .......... .......... .......... 49% 48.9M 1s
  7900K .......... .......... .......... .......... .......... 49% 8.61M 1s
  7950K .......... .......... .......... .......... .......... 49% 46.1M 1s
  8000K .......... .......... .......... .......... .......... 50% 8.22M 1s
  8050K .......... .......... .......... .......... .......... 50% 6.10M 1s
  8100K .......... .......... .......... .......... .......... 50% 8.37M 1s
  8150K .......... .......... .......... .......... .......... 50% 39.1M 1s
  8200K .......... .......... .......... .......... .......... 51% 53.2M 1s
  8250K .......... .......... .......... .......... .......... 51% 3.14M 1s
  8300K .......... .......... .......... .......... .......... 51%  182M 1s
  8350K .......... .......... .......... .......... .......... 52% 2.50M 1s
  8400K .......... .......... .......... .......... .......... 52% 35.4M 1s
  8450K .......... .......... .......... .......... .......... 52% 4.60M 1s
  8500K .......... .......... .......... .......... .......... 53% 4.02M 1s
  8550K .......... .......... .......... .......... .......... 53% 5.84M 1s
  8600K .......... .......... .......... .......... .......... 53% 4.21M 1s
  8650K .......... .......... .......... .......... .......... 54% 6.09M 1s
  8700K .......... .......... .......... .......... .......... 54% 3.91M 1s
  8750K .......... .......... .......... .......... .......... 54% 6.14M 1s
  8800K .......... .......... .......... .......... .......... 54% 3.11M 1s
  8850K .......... .......... .......... .......... .......... 55% 6.23M 1s
  8900K .......... .......... .......... .......... .......... 55% 3.53M 1s
  8950K .......... .......... .......... .......... .......... 55% 2.03M 1s
  9000K .......... .......... .......... .......... .......... 56%  124M 1s
  9050K .......... .......... .......... .......... .......... 56% 4.91M 1s
  9100K .......... .......... .......... .......... .......... 56% 4.17M 1s
  9150K .......... .......... .......... .......... .......... 57% 5.31M 1s
  9200K .......... .......... .......... .......... .......... 57% 5.79M 1s
  9250K .......... .......... .......... .......... .......... 57% 8.36M 1s
  9300K .......... .......... .......... .......... .......... 58% 8.62M 1s
  9350K .......... .......... .......... .......... .......... 58% 11.9M 1s
  9400K .......... .......... .......... .......... .......... 58% 10.4M 1s
  9450K .......... .......... .......... .......... .......... 59% 9.64M 1s
  9500K .......... .......... .......... .......... .......... 59% 15.3M 1s
  9550K .......... .......... .......... .......... .......... 59% 12.4M 1s
  9600K .......... .......... .......... .......... .......... 59% 13.7M 1s
  9650K .......... .......... .......... .......... .......... 60% 14.1M 1s
  9700K .......... .......... .......... .......... .......... 60% 14.6M 1s
  9750K .......... .......... .......... .......... .......... 60% 13.0M 1s
  9800K .......... .......... .......... .......... .......... 61% 19.5M 1s
  9850K .......... .......... .......... .......... .......... 61% 13.3M 1s
  9900K .......... .......... .......... .......... .......... 61% 21.0M 1s
  9950K .......... .......... .......... .......... .......... 62% 19.4M 1s
 10000K .......... .......... .......... .......... .......... 62% 13.7M 1s
 10050K .......... .......... .......... .......... .......... 62% 5.12M 1s
 10100K .......... .......... .......... .......... .......... 63%  181M 1s
 10150K .......... .......... .......... .......... .......... 63%  191M 1s
 10200K .......... .......... .......... .......... .......... 63% 49.4M 1s
 10250K .......... .......... .......... .......... .......... 64% 7.60M 1s
 10300K .......... .......... .......... .......... .......... 64% 10.9M 1s
 10350K .......... .......... .......... .......... .......... 64% 8.06M 1s
 10400K .......... .......... .......... .......... .......... 64% 11.5M 1s
 10450K .......... .......... .......... .......... .......... 65% 7.52M 1s
 10500K .......... .......... .......... .......... .......... 65% 11.7M 1s
 10550K .......... .......... .......... .......... .......... 65% 11.7M 1s
 10600K .......... .......... .......... .......... .......... 66% 3.42M 1s
 10650K .......... .......... .......... .......... .......... 66%  179M 0s
 10700K .......... .......... .......... .......... .......... 66% 7.08M 0s
 10750K .......... .......... .......... .......... .......... 67% 7.45M 0s
 10800K .......... .......... .......... .......... .......... 67% 12.7M 0s
 10850K .......... .......... .......... .......... .......... 67% 10.6M 0s
 10900K .......... .......... .......... .......... .......... 68% 6.94M 0s
 10950K .......... .......... .......... .......... .......... 68% 15.2M 0s
 11000K .......... .......... .......... .......... .......... 68% 10.6M 0s
 11050K .......... .......... .......... .......... .......... 68% 6.77M 0s
 11100K .......... .......... .......... .......... .......... 69% 17.5M 0s
 11150K .......... .......... .......... .......... .......... 69% 9.67M 0s
 11200K .......... .......... .......... .......... .......... 69% 17.9M 0s
 11250K .......... .......... .......... .......... .......... 70% 10.6M 0s
 11300K .......... .......... .......... .......... .......... 70% 20.0M 0s
 11350K .......... .......... .......... .......... .......... 70% 10.4M 0s
 11400K .......... .......... .......... .......... .......... 71% 22.2M 0s
 11450K .......... .......... .......... .......... .......... 71% 10.2M 0s
 11500K .......... .......... .......... .......... .......... 71% 22.4M 0s
 11550K .......... .......... .......... .......... .......... 72% 10.6M 0s
 11600K .......... .......... .......... .......... .......... 72% 26.3M 0s
 11650K .......... .......... .......... .......... .......... 72% 10.9M 0s
 11700K .......... .......... .......... .......... .......... 73% 36.1M 0s
 11750K .......... .......... .......... .......... .......... 73% 9.07M 0s
 11800K .......... .......... .......... .......... .......... 73% 30.6M 0s
 11850K .......... .......... .......... .......... .......... 73% 26.8M 0s
 11900K .......... .......... .......... .......... .......... 74% 11.9M 0s
 11950K .......... .......... .......... .......... .......... 74% 27.9M 0s
 12000K .......... .......... .......... .......... .......... 74% 31.7M 0s
 12050K .......... .......... .......... .......... .......... 75% 10.4M 0s
 12100K .......... .......... .......... .......... .......... 75% 40.0M 0s
 12150K .......... .......... .......... .......... .......... 75% 35.0M 0s
 12200K .......... .......... .......... .......... .......... 76% 11.3M 0s
 12250K .......... .......... .......... .......... .......... 76% 38.2M 0s
 12300K .......... .......... .......... .......... .......... 76% 51.0M 0s
 12350K .......... .......... .......... .......... .......... 77% 10.6M 0s
 12400K .......... .......... .......... .......... .......... 77% 29.2M 0s
 12450K .......... .......... .......... .......... .......... 77% 68.5M 0s
 12500K .......... .......... .......... .......... .......... 77% 12.0M 0s
 12550K .......... .......... .......... .......... .......... 78% 26.3M 0s
 12600K .......... .......... .......... .......... .......... 78% 27.9M 0s
 12650K .......... .......... .......... .......... .......... 78% 13.8M 0s
 12700K .......... .......... .......... .......... .......... 79% 5.02M 0s
 12750K .......... .......... .......... .......... .......... 79%  186M 0s
 12800K .......... .......... .......... .......... .......... 79%  202M 0s
 12850K .......... .......... .......... .......... .......... 80%  206M 0s
 12900K .......... .......... .......... .......... .......... 80%  106M 0s
 12950K .......... .......... .......... .......... .......... 80% 10.8M 0s
 13000K .......... .......... .......... .......... .......... 81% 7.36M 0s
 13050K .......... .......... .......... .......... .......... 81% 8.98M 0s
 13100K .......... .......... .......... .......... .......... 81% 13.1M 0s
 13150K .......... .......... .......... .......... .......... 82% 7.32M 0s
 13200K .......... .......... .......... .......... .......... 82% 9.07M 0s
 13250K .......... .......... .......... .......... .......... 82% 15.7M 0s
 13300K .......... .......... .......... .......... .......... 82% 10.7M 0s
 13350K .......... .......... .......... .......... .......... 83% 14.9M 0s
 13400K .......... .......... .......... .......... .......... 83% 8.82M 0s
 13450K .......... .......... .......... .......... .......... 83% 14.4M 0s
 13500K .......... .......... .......... .......... .......... 84% 12.4M 0s
 13550K .......... .......... .......... .......... .......... 84% 13.2M 0s
 13600K .......... .......... .......... .......... .......... 84% 12.1M 0s
 13650K .......... .......... .......... .......... .......... 85% 4.30M 0s
 13700K .......... .......... .......... .......... .......... 85% 12.4M 0s
 13750K .......... .......... .......... .......... .......... 85% 52.8M 0s
 13800K .......... .......... .......... .......... .......... 86% 6.94M 0s
 13850K .......... .......... .......... .......... .......... 86% 7.56M 0s
 13900K .......... .......... .......... .......... .......... 86% 7.24M 0s
 13950K .......... .......... .......... .......... .......... 86% 4.65M 0s
 14000K .......... .......... .......... .......... .......... 87%  159M 0s
 14050K .......... .......... .......... .......... .......... 87% 7.31M 0s
 14100K .......... .......... .......... .......... .......... 87% 8.11M 0s
 14150K .......... .......... .......... .......... .......... 88% 8.84M 0s
 14200K .......... .......... .......... .......... .......... 88% 22.9M 0s
 14250K .......... .......... .......... .......... .......... 88% 7.75M 0s
 14300K .......... .......... .......... .......... .......... 89% 11.6M 0s
 14350K .......... .......... .......... .......... .......... 89% 17.5M 0s
 14400K .......... .......... .......... .......... .......... 89% 10.4M 0s
 14450K .......... .......... .......... .......... .......... 90% 27.2M 0s
 14500K .......... .......... .......... .......... .......... 90% 10.3M 0s
 14550K .......... .......... .......... .......... .......... 90% 24.7M 0s
 14600K .......... .......... .......... .......... .......... 91% 12.4M 0s
 14650K .......... .......... .......... .......... .......... 91% 22.3M 0s
 14700K .......... .......... .......... .......... .......... 91% 13.1M 0s
 14750K .......... .......... .......... .......... .......... 91% 35.6M 0s
 14800K .......... .......... .......... .......... .......... 92% 23.6M 0s
 14850K .......... .......... .......... .......... .......... 92% 12.1M 0s
 14900K .......... .......... .......... .......... .......... 92% 42.5M 0s
 14950K .......... .......... .......... .......... .......... 93% 24.4M 0s
 15000K .......... .......... .......... .......... .......... 93% 12.6M 0s
 15050K .......... .......... .......... .......... .......... 93% 41.9M 0s
 15100K .......... .......... .......... .......... .......... 94% 26.2M 0s
 15150K .......... .......... .......... .......... .......... 94% 12.0M 0s
 15200K .......... .......... .......... .......... .......... 94% 39.9M 0s
 15250K .......... .......... .......... .......... .......... 95% 36.9M 0s
 15300K .......... .......... .......... .......... .......... 95% 16.4M 0s
 15350K .......... .......... .......... .......... .......... 95% 22.4M 0s
 15400K .......... .......... .......... .......... .......... 96% 39.5M 0s
 15450K .......... .......... .......... .......... .......... 96% 28.2M 0s
 15500K .......... .......... .......... .......... .......... 96% 13.3M 0s
 15550K .......... .......... .......... .......... .......... 96% 31.8M 0s
 15600K .......... .......... .......... .......... .......... 97% 42.2M 0s
 15650K .......... .......... .......... .......... .......... 97% 29.1M 0s
 15700K .......... .......... .......... .......... .......... 97% 6.07M 0s
 15750K .......... .......... .......... .......... .......... 98%  197M 0s
 15800K .......... .......... .......... .......... .......... 98% 8.00M 0s
 15850K .......... .......... .......... .......... .......... 98% 48.4M 0s
 15900K .......... .......... .......... .......... .......... 99% 6.29M 0s
 15950K .......... .......... .......... .......... .......... 99%  188M 0s
 16000K .......... .......... .......... .......... .......... 99%  146M 0s
 16050K .......... .......... .......... .......... ...       100% 9.37M=1.4s

2017-01-05 18:57:40 (11.5 MB/s) - `SZZC.apk' saved [16479983/16479983]

