--2017-02-08 22:27:45--  http://ttube.info/hg
Resolving ttube.info... 43.230.113.39
Connecting to ttube.info|43.230.113.39|:80... connected.
HTTP request sent, awaiting response... 301 Moved Permanently
Location: http://ttube.info/hg/ [following]
--2017-02-08 22:27:46--  http://ttube.info/hg/
Reusing existing connection to ttube.info:80.
HTTP request sent, awaiting response... 200 OK
Length: 340 [text/html]
Saving to: `index.html'

     0K                                                       100% 24.9M=0s

2017-02-08 22:27:46 (24.9 MB/s) - `index.html' saved [340/340]

=======================The second times wget =====================
--2017-02-08 22:27:46--  http://ttube.info/hg/%C2%BC%CF%F1.apk
Resolving ttube.info... 43.230.113.39
Connecting to ttube.info|43.230.113.39|:80... connected.
HTTP request sent, awaiting response... 200 OK
Length: 201058 (196K) [application/vnd.android.package-archive]
Saving to: `Â¼Ïñ.apk'

     0K .......... .......... .......... .......... .......... 25% 7.97K 18s
    50K .......... .......... .......... .......... .......... 50% 9.65K 11s
   100K .......... .......... .......... .......... .......... 76% 8.73K 5s
   150K .......... .......... .......... .......... ......    100% 12.8K=21s

2017-02-08 22:28:09 (9.44 KB/s) - `Â¼Ïñ.apk' saved [201058/201058]

