--2017-01-06 00:06:44--  http://url.cn/Ml4C0f
Resolving url.cn... 183.61.38.230, 14.215.138.13
Connecting to url.cn|183.61.38.230|:80... connected.
HTTP request sent, awaiting response... 302 HTTP JUMP
Location: http://e.dianping.com/mobile/dpgj?from=sms_appshare [following]
--2017-01-06 00:06:45--  http://e.dianping.com/mobile/dpgj?from=sms_appshare
Resolving e.dianping.com... 180.153.132.124
Connecting to e.dianping.com|180.153.132.124|:80... connected.
HTTP request sent, awaiting response... 302 Found
Location: https://e.dianping.com:443/mobile/dpgj?from=sms_appshare [following]
--2017-01-06 00:06:47--  https://e.dianping.com/mobile/dpgj?from=sms_appshare
Connecting to e.dianping.com|180.153.132.124|:443... connected.
HTTP request sent, awaiting response... 302 Found
Location: http://e.dianping.com/mobile/viewDpgj [following]
--2017-01-06 00:06:47--  http://e.dianping.com/mobile/viewDpgj
Connecting to e.dianping.com|180.153.132.124|:80... connected.
HTTP request sent, awaiting response... 302 Found
Location: https://e.dianping.com:443/mobile/viewDpgj [following]
--2017-01-06 00:06:47--  https://e.dianping.com/mobile/viewDpgj
Connecting to e.dianping.com|180.153.132.124|:443... connected.
HTTP request sent, awaiting response... 200 OK
Length: 5423 (5.3K) [text/html]
Saving to: `viewDpgj'

     0K .....                                                 100%  517M=0s

2017-01-06 00:06:47 (517 MB/s) - `viewDpgj' saved [5423/5423]

=======================The second times wget =====================
--2017-01-06 00:06:48--  http://download.dianping.com/mp/dpmerchant_shzx_6.0.2.apk
Resolving download.dianping.com... 175.6.26.140, 124.232.162.152, 124.232.162.142, ...
Connecting to download.dianping.com|175.6.26.140|:80... connected.
HTTP request sent, awaiting response... 200 OK
Length: 14027354 (13M) [application/octet-stream]
Saving to: `dpmerchant_shzx_6.0.2.apk'

     0K .......... .......... .......... .......... ..........  0% 3.03M 4s
    50K .......... .......... .......... .......... ..........  0% 2.71M 5s
   100K .......... .......... .......... .......... ..........  1% 8.16M 4s
   150K .......... .......... .......... .......... ..........  1% 6.03M 3s
   200K .......... .......... .......... .......... ..........  1% 5.02M 3s
   250K .......... .......... .......... .......... ..........  2% 7.03M 3s
   300K .......... .......... .......... .......... ..........  2%  154M 2s
   350K .......... .......... .......... .......... ..........  2% 7.13M 2s
   400K .......... .......... .......... .......... ..........  3% 5.01M 2s
   450K .......... .......... .......... .......... ..........  3%  129M 2s
   500K .......... .......... .......... .......... ..........  4% 8.17M 2s
   550K .......... .......... .......... .......... ..........  4%  146M 2s
   600K .......... .......... .......... .......... ..........  4%  197M 2s
   650K .......... .......... .......... .......... ..........  5% 6.15M 2s
   700K .......... .......... .......... .......... ..........  5%  150M 2s
   750K .......... .......... .......... .......... ..........  5% 6.30M 2s
   800K .......... .......... .......... .......... ..........  6%  210M 2s
   850K .......... .......... .......... .......... ..........  6% 6.23M 2s
   900K .......... .......... .......... .......... ..........  6%  213M 2s
   950K .......... .......... .......... .......... ..........  7% 6.30M 2s
  1000K .......... .......... .......... .......... ..........  7%  203M 1s
  1050K .......... .......... .......... .......... ..........  8% 7.18M 1s
  1100K .......... .......... .......... .......... ..........  8%  191M 1s
  1150K .......... .......... .......... .......... ..........  8%  213M 1s
  1200K .......... .......... .......... .......... ..........  9% 5.74M 1s
  1250K .......... .......... .......... .......... ..........  9%  198M 1s
  1300K .......... .......... .......... .......... ..........  9% 7.11M 1s
  1350K .......... .......... .......... .......... .......... 10%  190M 1s
  1400K .......... .......... .......... .......... .......... 10%  213M 1s
  1450K .......... .......... .......... .......... .......... 10% 6.33M 1s
  1500K .......... .......... .......... .......... .......... 11%  211M 1s
  1550K .......... .......... .......... .......... .......... 11%  198M 1s
  1600K .......... .......... .......... .......... .......... 12% 6.40M 1s
  1650K .......... .......... .......... .......... .......... 12%  160M 1s
  1700K .......... .......... .......... .......... .......... 12%  178M 1s
  1750K .......... .......... .......... .......... .......... 13% 6.38M 1s
  1800K .......... .......... .......... .......... .......... 13%  149M 1s
  1850K .......... .......... .......... .......... .......... 13%  116M 1s
  1900K .......... .......... .......... .......... .......... 14% 6.73M 1s
  1950K .......... .......... .......... .......... .......... 14%  195M 1s
  2000K .......... .......... .......... .......... .......... 14%  211M 1s
  2050K .......... .......... .......... .......... .......... 15% 6.76M 1s
  2100K .......... .......... .......... .......... .......... 15%  176M 1s
  2150K .......... .......... .......... .......... .......... 16%  184M 1s
  2200K .......... .......... .......... .......... .......... 16% 6.71M 1s
  2250K .......... .......... .......... .......... .......... 16%  191M 1s
  2300K .......... .......... .......... .......... .......... 17%  183M 1s
  2350K .......... .......... .......... .......... .......... 17%  195M 1s
  2400K .......... .......... .......... .......... .......... 17% 6.10M 1s
  2450K .......... .......... .......... .......... .......... 18%  123M 1s
  2500K .......... .......... .......... .......... .......... 18%  124M 1s
  2550K .......... .......... .......... .......... .......... 18%  184M 1s
  2600K .......... .......... .......... .......... .......... 19% 7.21M 1s
  2650K .......... .......... .......... .......... .......... 19%  193M 1s
  2700K .......... .......... .......... .......... .......... 20%  214M 1s
  2750K .......... .......... .......... .......... .......... 20%  215M 1s
  2800K .......... .......... .......... .......... .......... 20% 6.56M 1s
  2850K .......... .......... .......... .......... .......... 21%  170M 1s
  2900K .......... .......... .......... .......... .......... 21%  203M 1s
  2950K .......... .......... .......... .......... .......... 21%  141M 1s
  3000K .......... .......... .......... .......... .......... 22% 7.87M 1s
  3050K .......... .......... .......... .......... .......... 22%  194M 1s
  3100K .......... .......... .......... .......... .......... 22%  211M 1s
  3150K .......... .......... .......... .......... .......... 23%  125M 1s
  3200K .......... .......... .......... .......... .......... 23% 6.88M 1s
  3250K .......... .......... .......... .......... .......... 24%  187M 1s
  3300K .......... .......... .......... .......... .......... 24%  210M 1s
  3350K .......... .......... .......... .......... .......... 24%  212M 1s
  3400K .......... .......... .......... .......... .......... 25%  171M 1s
  3450K .......... .......... .......... .......... .......... 25% 4.08M 1s
  3500K .......... .......... .......... .......... .......... 25%  187M 1s
  3550K .......... .......... .......... .......... .......... 26%  214M 1s
  3600K .......... .......... .......... .......... .......... 26%  192M 1s
  3650K .......... .......... .......... .......... .......... 27% 20.0M 1s
  3700K .......... .......... .......... .......... .......... 27%  208M 1s
  3750K .......... .......... .......... .......... .......... 27%  215M 1s
  3800K .......... .......... .......... .......... .......... 28%  200M 1s
  3850K .......... .......... .......... .......... .......... 28%  199M 1s
  3900K .......... .......... .......... .......... .......... 28% 6.38M 1s
  3950K .......... .......... .......... .......... .......... 29%  116M 1s
  4000K .......... .......... .......... .......... .......... 29%  214M 1s
  4050K .......... .......... .......... .......... .......... 29%  144M 1s
  4100K .......... .......... .......... .......... .......... 30% 5.87M 1s
  4150K .......... .......... .......... .......... .......... 30%  193M 1s
  4200K .......... .......... .......... .......... .......... 31%  214M 1s
  4250K .......... .......... .......... .......... .......... 31%  201M 1s
  4300K .......... .......... .......... .......... .......... 31%  195M 1s
  4350K .......... .......... .......... .......... .......... 32% 9.17M 1s
  4400K .......... .......... .......... .......... .......... 32%  198M 1s
  4450K .......... .......... .......... .......... .......... 32%  198M 1s
  4500K .......... .......... .......... .......... .......... 33%  209M 1s
  4550K .......... .......... .......... .......... .......... 33%  191M 1s
  4600K .......... .......... .......... .......... .......... 33% 5.62M 1s
  4650K .......... .......... .......... .......... .......... 34%  191M 1s
  4700K .......... .......... .......... .......... .......... 34%  180M 1s
  4750K .......... .......... .......... .......... .......... 35%  202M 1s
  4800K .......... .......... .......... .......... .......... 35%  189M 1s
  4850K .......... .......... .......... .......... .......... 35%  214M 1s
  4900K .......... .......... .......... .......... .......... 36% 7.04M 1s
  4950K .......... .......... .......... .......... .......... 36%  176M 1s
  5000K .......... .......... .......... .......... .......... 36%  195M 0s
  5050K .......... .......... .......... .......... .......... 37%  151M 0s
  5100K .......... .......... .......... .......... .......... 37%  214M 0s
  5150K .......... .......... .......... .......... .......... 37% 7.20M 0s
  5200K .......... .......... .......... .......... .......... 38%  208M 0s
  5250K .......... .......... .......... .......... .......... 38%  168M 0s
  5300K .......... .......... .......... .......... .......... 39%  198M 0s
  5350K .......... .......... .......... .......... .......... 39%  214M 0s
  5400K .......... .......... .......... .......... .......... 39%  215M 0s
  5450K .......... .......... .......... .......... .......... 40% 9.73M 0s
  5500K .......... .......... .......... .......... .......... 40%  197M 0s
  5550K .......... .......... .......... .......... .......... 40%  198M 0s
  5600K .......... .......... .......... .......... .......... 41%  213M 0s
  5650K .......... .......... .......... .......... .......... 41%  164M 0s
  5700K .......... .......... .......... .......... .......... 41% 6.59M 0s
  5750K .......... .......... .......... .......... .......... 42%  172M 0s
  5800K .......... .......... .......... .......... .......... 42%  214M 0s
  5850K .......... .......... .......... .......... .......... 43%  217M 0s
  5900K .......... .......... .......... .......... .......... 43%  179M 0s
  5950K .......... .......... .......... .......... .......... 43%  162M 0s
  6000K .......... .......... .......... .......... .......... 44% 7.48M 0s
  6050K .......... .......... .......... .......... .......... 44%  178M 0s
  6100K .......... .......... .......... .......... .......... 44% 97.9M 0s
  6150K .......... .......... .......... .......... .......... 45%  210M 0s
  6200K .......... .......... .......... .......... .......... 45%  120M 0s
  6250K .......... .......... .......... .......... .......... 45%  210M 0s
  6300K .......... .......... .......... .......... .......... 46% 8.04M 0s
  6350K .......... .......... .......... .......... .......... 46%  211M 0s
  6400K .......... .......... .......... .......... .......... 47%  191M 0s
  6450K .......... .......... .......... .......... .......... 47%  207M 0s
  6500K .......... .......... .......... .......... .......... 47%  148M 0s
  6550K .......... .......... .......... .......... .......... 48%  210M 0s
  6600K .......... .......... .......... .......... .......... 48% 7.30M 0s
  6650K .......... .......... .......... .......... .......... 48%  160M 0s
  6700K .......... .......... .......... .......... .......... 49%  184M 0s
  6750K .......... .......... .......... .......... .......... 49%  195M 0s
  6800K .......... .......... .......... .......... .......... 50%  130M 0s
  6850K .......... .......... .......... .......... .......... 50% 5.86M 0s
  6900K .......... .......... .......... .......... .......... 50%  130M 0s
  6950K .......... .......... .......... .......... .......... 51%  209M 0s
  7000K .......... .......... .......... .......... .......... 51%  212M 0s
  7050K .......... .......... .......... .......... .......... 51%  201M 0s
  7100K .......... .......... .......... .......... .......... 52%  158M 0s
  7150K .......... .......... .......... .......... .......... 52% 7.19M 0s
  7200K .......... .......... .......... .......... .......... 52%  155M 0s
  7250K .......... .......... .......... .......... .......... 53%  211M 0s
  7300K .......... .......... .......... .......... .......... 53%  199M 0s
  7350K .......... .......... .......... .......... .......... 54%  157M 0s
  7400K .......... .......... .......... .......... .......... 54%  195M 0s
  7450K .......... .......... .......... .......... .......... 54% 10.0M 0s
  7500K .......... .......... .......... .......... .......... 55%  151M 0s
  7550K .......... .......... .......... .......... .......... 55%  201M 0s
  7600K .......... .......... .......... .......... .......... 55%  213M 0s
  7650K .......... .......... .......... .......... .......... 56%  198M 0s
  7700K .......... .......... .......... .......... .......... 56%  216M 0s
  7750K .......... .......... .......... .......... .......... 56% 7.19M 0s
  7800K .......... .......... .......... .......... .......... 57%  199M 0s
  7850K .......... .......... .......... .......... .......... 57%  193M 0s
  7900K .......... .......... .......... .......... .......... 58%  211M 0s
  7950K .......... .......... .......... .......... .......... 58%  159M 0s
  8000K .......... .......... .......... .......... .......... 58%  215M 0s
  8050K .......... .......... .......... .......... .......... 59% 5.76M 0s
  8100K .......... .......... .......... .......... .......... 59%  134M 0s
  8150K .......... .......... .......... .......... .......... 59%  209M 0s
  8200K .......... .......... .......... .......... .......... 60%  176M 0s
  8250K .......... .......... .......... .......... .......... 60%  209M 0s
  8300K .......... .......... .......... .......... .......... 60%  183M 0s
  8350K .......... .......... .......... .......... .......... 61%  167M 0s
  8400K .......... .......... .......... .......... .......... 61% 7.42M 0s
  8450K .......... .......... .......... .......... .......... 62%  214M 0s
  8500K .......... .......... .......... .......... .......... 62%  157M 0s
  8550K .......... .......... .......... .......... .......... 62%  211M 0s
  8600K .......... .......... .......... .......... .......... 63%  193M 0s
  8650K .......... .......... .......... .......... .......... 63%  213M 0s
  8700K .......... .......... .......... .......... .......... 63% 7.37M 0s
  8750K .......... .......... .......... .......... .......... 64%  198M 0s
  8800K .......... .......... .......... .......... .......... 64%  215M 0s
  8850K .......... .......... .......... .......... .......... 64%  147M 0s
  8900K .......... .......... .......... .......... .......... 65%  215M 0s
  8950K .......... .......... .......... .......... .......... 65%  204M 0s
  9000K .......... .......... .......... .......... .......... 66% 7.38M 0s
  9050K .......... .......... .......... .......... .......... 66%  211M 0s
  9100K .......... .......... .......... .......... .......... 66%  182M 0s
  9150K .......... .......... .......... .......... .......... 67%  202M 0s
  9200K .......... .......... .......... .......... .......... 67%  214M 0s
  9250K .......... .......... .......... .......... .......... 67%  195M 0s
  9300K .......... .......... .......... .......... .......... 68%  203M 0s
  9350K .......... .......... .......... .......... .......... 68% 7.35M 0s
  9400K .......... .......... .......... .......... .......... 68%  217M 0s
  9450K .......... .......... .......... .......... .......... 69%  175M 0s
  9500K .......... .......... .......... .......... .......... 69%  158M 0s
  9550K .......... .......... .......... .......... .......... 70%  153M 0s
  9600K .......... .......... .......... .......... .......... 70%  160M 0s
  9650K .......... .......... .......... .......... .......... 70%  157M 0s
  9700K .......... .......... .......... .......... .......... 71% 9.81M 0s
  9750K .......... .......... .......... .......... .......... 71%  189M 0s
  9800K .......... .......... .......... .......... .......... 71%  195M 0s
  9850K .......... .......... .......... .......... .......... 72%  195M 0s
  9900K .......... .......... .......... .......... .......... 72%  168M 0s
  9950K .......... .......... .......... .......... .......... 73%  148M 0s
 10000K .......... .......... .......... .......... .......... 73%  218M 0s
 10050K .......... .......... .......... .......... .......... 73% 8.57M 0s
 10100K .......... .......... .......... .......... .......... 74%  214M 0s
 10150K .......... .......... .......... .......... .......... 74%  190M 0s
 10200K .......... .......... .......... .......... .......... 74%  175M 0s
 10250K .......... .......... .......... .......... .......... 75%  166M 0s
 10300K .......... .......... .......... .......... .......... 75%  184M 0s
 10350K .......... .......... .......... .......... .......... 75%  136M 0s
 10400K .......... .......... .......... .......... .......... 76%  207M 0s
 10450K .......... .......... .......... .......... .......... 76% 7.29M 0s
 10500K .......... .......... .......... .......... .......... 77%  117M 0s
 10550K .......... .......... .......... .......... .......... 77%  198M 0s
 10600K .......... .......... .......... .......... .......... 77%  207M 0s
 10650K .......... .......... .......... .......... .......... 78%  162M 0s
 10700K .......... .......... .......... .......... .......... 78%  145M 0s
 10750K .......... .......... .......... .......... .......... 78%  175M 0s
 10800K .......... .......... .......... .......... .......... 79% 9.05M 0s
 10850K .......... .......... .......... .......... .......... 79%  185M 0s
 10900K .......... .......... .......... .......... .......... 79%  155M 0s
 10950K .......... .......... .......... .......... .......... 80%  185M 0s
 11000K .......... .......... .......... .......... .......... 80%  181M 0s
 11050K .......... .......... .......... .......... .......... 81%  205M 0s
 11100K .......... .......... .......... .......... .......... 81%  196M 0s
 11150K .......... .......... .......... .......... .......... 81%  187M 0s
 11200K .......... .......... .......... .......... .......... 82% 6.94M 0s
 11250K .......... .......... .......... .......... .......... 82%  205M 0s
 11300K .......... .......... .......... .......... .......... 82%  194M 0s
 11350K .......... .......... .......... .......... .......... 83%  165M 0s
 11400K .......... .......... .......... .......... .......... 83%  182M 0s
 11450K .......... .......... .......... .......... .......... 83%  198M 0s
 11500K .......... .......... .......... .......... .......... 84%  203M 0s
 11550K .......... .......... .......... .......... .......... 84%  220M 0s
 11600K .......... .......... .......... .......... .......... 85% 8.85M 0s
 11650K .......... .......... .......... .......... .......... 85%  209M 0s
 11700K .......... .......... .......... .......... .......... 85%  191M 0s
 11750K .......... .......... .......... .......... .......... 86%  157M 0s
 11800K .......... .......... .......... .......... .......... 86%  195M 0s
 11850K .......... .......... .......... .......... .......... 86%  200M 0s
 11900K .......... .......... .......... .......... .......... 87%  148M 0s
 11950K .......... .......... .......... .......... .......... 87%  189M 0s
 12000K .......... .......... .......... .......... .......... 87% 7.94M 0s
 12050K .......... .......... .......... .......... .......... 88%  176M 0s
 12100K .......... .......... .......... .......... .......... 88%  151M 0s
 12150K .......... .......... .......... .......... .......... 89%  195M 0s
 12200K .......... .......... .......... .......... .......... 89%  201M 0s
 12250K .......... .......... .......... .......... .......... 89%  203M 0s
 12300K .......... .......... .......... .......... .......... 90%  181M 0s
 12350K .......... .......... .......... .......... .......... 90%  203M 0s
 12400K .......... .......... .......... .......... .......... 90%  205M 0s
 12450K .......... .......... .......... .......... .......... 91% 7.57M 0s
 12500K .......... .......... .......... .......... .......... 91%  189M 0s
 12550K .......... .......... .......... .......... .......... 91%  154M 0s
 12600K .......... .......... .......... .......... .......... 92%  212M 0s
 12650K .......... .......... .......... .......... .......... 92%  184M 0s
 12700K .......... .......... .......... .......... .......... 93%  191M 0s
 12750K .......... .......... .......... .......... .......... 93%  151M 0s
 12800K .......... .......... .......... .......... .......... 93%  191M 0s
 12850K .......... .......... .......... .......... .......... 94% 8.43M 0s
 12900K .......... .......... .......... .......... .......... 94%  198M 0s
 12950K .......... .......... .......... .......... .......... 94%  190M 0s
 13000K .......... .......... .......... .......... .......... 95%  152M 0s
 13050K .......... .......... .......... .......... .......... 95%  210M 0s
 13100K .......... .......... .......... .......... .......... 95%  193M 0s
 13150K .......... .......... .......... .......... .......... 96%  193M 0s
 13200K .......... .......... .......... .......... .......... 96%  186M 0s
 13250K .......... .......... .......... .......... .......... 97%  189M 0s
 13300K .......... .......... .......... .......... .......... 97% 8.02M 0s
 13350K .......... .......... .......... .......... .......... 97%  132M 0s
 13400K .......... .......... .......... .......... .......... 98%  139M 0s
 13450K .......... .......... .......... .......... .......... 98%  208M 0s
 13500K .......... .......... .......... .......... .......... 98%  203M 0s
 13550K .......... .......... .......... .......... .......... 99%  188M 0s
 13600K .......... .......... .......... .......... .......... 99%  159M 0s
 13650K .......... .......... .......... .......... ........  100%  144M=0.5s

2017-01-06 00:06:49 (27.3 MB/s) - `dpmerchant_shzx_6.0.2.apk' saved [14027354/14027354]

