--2016-12-15 08:42:26--  http://shouji.360.cn/
Resolving shouji.360.cn... 106.38.193.254
Connecting to shouji.360.cn|106.38.193.254|:80... connected.
HTTP request sent, awaiting response... 200 OK
Length: 33077 (32K) [text/html]
Saving to: `index.html'

     0K .......... .......... .......... ..                   100%  531K=0.06s

2016-12-15 08:42:26 (531 KB/s) - `index.html' saved [33077/33077]

=======================The second times wget =====================
--2016-12-15 08:42:37--  http://msoftdl.360.cn/mobile/shouji360/360safesis/360MobileSafe_6.5.0.1069.apk
Resolving msoftdl.360.cn... 175.6.229.76, 175.6.229.75
Connecting to msoftdl.360.cn|175.6.229.76|:80... connected.
HTTP request sent, awaiting response... 200 OK
Length: 9645311 (9.2M) [application/vnd.android.package-archive]
Saving to: `360MobileSafe_6.5.0.1069.apk'

     0K .......... .......... .......... .......... ..........  0% 1.23M 7s
    50K .......... .......... .......... .......... ..........  1% 5.19M 5s
   100K .......... .......... .......... .......... ..........  1% 11.0M 3s
   150K .......... .......... .......... .......... ..........  2% 12.9M 3s
   200K .......... .......... .......... .......... ..........  2% 12.2M 2s
   250K .......... .......... .......... .......... ..........  3% 36.9M 2s
   300K .......... .......... .......... .......... ..........  3% 14.9M 2s
   350K .......... .......... .......... .......... ..........  4% 45.9M 2s
   400K .......... .......... .......... .......... ..........  4% 14.5M 1s
   450K .......... .......... .......... .......... ..........  5% 9.98M 1s
   500K .......... .......... .......... .......... ..........  5%  116M 1s
   550K .......... .......... .......... .......... ..........  6% 9.66M 1s
   600K .......... .......... .......... .......... ..........  6%  151M 1s
   650K .......... .......... .......... .......... ..........  7% 13.7M 1s
   700K .......... .......... .......... .......... ..........  7% 33.0M 1s
   750K .......... .......... .......... .......... ..........  8% 16.5M 1s
   800K .......... .......... .......... .......... ..........  9% 22.1M 1s
   850K .......... .......... .......... .......... ..........  9%  164M 1s
   900K .......... .......... .......... .......... .......... 10% 10.7M 1s
   950K .......... .......... .......... .......... .......... 10%  174M 1s
  1000K .......... .......... .......... .......... .......... 11% 9.85M 1s
  1050K .......... .......... .......... .......... .......... 11% 89.4M 1s
  1100K .......... .......... .......... .......... .......... 12% 60.1M 1s
  1150K .......... .......... .......... .......... .......... 12% 11.6M 1s
  1200K .......... .......... .......... .......... .......... 13%  173M 1s
  1250K .......... .......... .......... .......... .......... 13% 11.5M 1s
  1300K .......... .......... .......... .......... .......... 14%  141M 1s
  1350K .......... .......... .......... .......... .......... 14% 14.7M 1s
  1400K .......... .......... .......... .......... .......... 15% 69.2M 1s
  1450K .......... .......... .......... .......... .......... 15% 89.1M 1s
  1500K .......... .......... .......... .......... .......... 16% 86.0M 1s
  1550K .......... .......... .......... .......... .......... 16% 12.4M 1s
  1600K .......... .......... .......... .......... .......... 17% 96.1M 1s
  1650K .......... .......... .......... .......... .......... 18% 18.8M 1s
  1700K .......... .......... .......... .......... .......... 18% 36.7M 1s
  1750K .......... .......... .......... .......... .......... 19% 59.6M 1s
  1800K .......... .......... .......... .......... .......... 19%  127M 1s
  1850K .......... .......... .......... .......... .......... 20% 13.7M 1s
  1900K .......... .......... .......... .......... .......... 20%  114M 1s
  1950K .......... .......... .......... .......... .......... 21% 81.9M 0s
  2000K .......... .......... .......... .......... .......... 21% 7.90M 0s
  2050K .......... .......... .......... .......... .......... 22% 80.0M 0s
  2100K .......... .......... .......... .......... .......... 22%  178M 0s
  2150K .......... .......... .......... .......... .......... 23% 10.7M 0s
  2200K .......... .......... .......... .......... .......... 23%  103M 0s
  2250K .......... .......... .......... .......... .......... 24% 10.9M 0s
  2300K .......... .......... .......... .......... .......... 24% 9.40M 0s
  2350K .......... .......... .......... .......... .......... 25% 11.0M 0s
  2400K .......... .......... .......... .......... .......... 26% 18.8M 0s
  2450K .......... .......... .......... .......... .......... 26% 10.7M 0s
  2500K .......... .......... .......... .......... .......... 27% 11.2M 0s
  2550K .......... .......... .......... .......... .......... 27% 12.0M 0s
  2600K .......... .......... .......... .......... .......... 28% 11.0M 0s
  2650K .......... .......... .......... .......... .......... 28% 8.49M 0s
  2700K .......... .......... .......... .......... .......... 29% 11.2M 0s
  2750K .......... .......... .......... .......... .......... 29% 11.3M 0s
  2800K .......... .......... .......... .......... .......... 30% 10.8M 0s
  2850K .......... .......... .......... .......... .......... 30% 11.2M 0s
  2900K .......... .......... .......... .......... .......... 31% 11.1M 0s
  2950K .......... .......... .......... .......... .......... 31% 10.6M 0s
  3000K .......... .......... .......... .......... .......... 32% 11.3M 0s
  3050K .......... .......... .......... .......... .......... 32% 8.49M 0s
  3100K .......... .......... .......... .......... .......... 33% 11.2M 0s
  3150K .......... .......... .......... .......... .......... 33% 11.7M 0s
  3200K .......... .......... .......... .......... .......... 34% 11.2M 0s
  3250K .......... .......... .......... .......... .......... 35% 12.0M 0s
  3300K .......... .......... .......... .......... .......... 35% 6.51M 0s
  3350K .......... .......... .......... .......... .......... 36% 40.7M 0s
  3400K .......... .......... .......... .......... .......... 36% 11.4M 0s
  3450K .......... .......... .......... .......... .......... 37% 11.6M 0s
  3500K .......... .......... .......... .......... .......... 37% 11.2M 0s
  3550K .......... .......... .......... .......... .......... 38% 12.8M 0s
  3600K .......... .......... .......... .......... .......... 38% 11.1M 0s
  3650K .......... .......... .......... .......... .......... 39% 12.0M 0s
  3700K .......... .......... .......... .......... .......... 39% 11.1M 0s
  3750K .......... .......... .......... .......... .......... 40% 12.3M 0s
  3800K .......... .......... .......... .......... .......... 40% 11.1M 0s
  3850K .......... .......... .......... .......... .......... 41% 11.4M 0s
  3900K .......... .......... .......... .......... .......... 41% 29.1M 0s
  3950K .......... .......... .......... .......... .......... 42% 10.7M 0s
  4000K .......... .......... .......... .......... .......... 42% 10.1M 0s
  4050K .......... .......... .......... .......... .......... 43% 9.12M 0s
  4100K .......... .......... .......... .......... .......... 44% 10.2M 0s
  4150K .......... .......... .......... .......... .......... 44% 9.76M 0s
  4200K .......... .......... .......... .......... .......... 45% 10.0M 0s
  4250K .......... .......... .......... .......... .......... 45% 10.3M 0s
  4300K .......... .......... .......... .......... .......... 46% 10.4M 0s
  4350K .......... .......... .......... .......... .......... 46% 10.9M 0s
  4400K .......... .......... .......... .......... .......... 47% 11.4M 0s
  4450K .......... .......... .......... .......... .......... 47% 11.2M 0s
  4500K .......... .......... .......... .......... .......... 48% 11.6M 0s
  4550K .......... .......... .......... .......... .......... 48% 11.8M 0s
  4600K .......... .......... .......... .......... .......... 49% 22.2M 0s
  4650K .......... .......... .......... .......... .......... 49% 11.2M 0s
  4700K .......... .......... .......... .......... .......... 50% 14.5M 0s
  4750K .......... .......... .......... .......... .......... 50% 11.6M 0s
  4800K .......... .......... .......... .......... .......... 51% 11.9M 0s
  4850K .......... .......... .......... .......... .......... 52% 11.2M 0s
  4900K .......... .......... .......... .......... .......... 52% 12.9M 0s
  4950K .......... .......... .......... .......... .......... 53% 11.8M 0s
  5000K .......... .......... .......... .......... .......... 53% 12.2M 0s
  5050K .......... .......... .......... .......... .......... 54% 18.1M 0s
  5100K .......... .......... .......... .......... .......... 54% 11.3M 0s
  5150K .......... .......... .......... .......... .......... 55% 15.6M 0s
  5200K .......... .......... .......... .......... .......... 55% 12.3M 0s
  5250K .......... .......... .......... .......... .......... 56% 11.2M 0s
  5300K .......... .......... .......... .......... .......... 56% 12.5M 0s
  5350K .......... .......... .......... .......... .......... 57% 11.6M 0s
  5400K .......... .......... .......... .......... .......... 57% 15.1M 0s
  5450K .......... .......... .......... .......... .......... 58% 11.0M 0s
  5500K .......... .......... .......... .......... .......... 58% 16.5M 0s
  5550K .......... .......... .......... .......... .......... 59% 14.2M 0s
  5600K .......... .......... .......... .......... .......... 59% 11.2M 0s
  5650K .......... .......... .......... .......... .......... 60% 12.1M 0s
  5700K .......... .......... .......... .......... .......... 61% 11.3M 0s
  5750K .......... .......... .......... .......... .......... 61% 13.5M 0s
  5800K .......... .......... .......... .......... .......... 62% 11.6M 0s
  5850K .......... .......... .......... .......... .......... 62% 15.7M 0s
  5900K .......... .......... .......... .......... .......... 63% 14.6M 0s
  5950K .......... .......... .......... .......... .......... 63% 11.4M 0s
  6000K .......... .......... .......... .......... .......... 64% 14.8M 0s
  6050K .......... .......... .......... .......... .......... 64% 11.5M 0s
  6100K .......... .......... .......... .......... .......... 65% 12.4M 0s
  6150K .......... .......... .......... .......... .......... 65% 12.7M 0s
  6200K .......... .......... .......... .......... .......... 66% 11.4M 0s
  6250K .......... .......... .......... .......... .......... 66% 14.7M 0s
  6300K .......... .......... .......... .......... .......... 67% 10.8M 0s
  6350K .......... .......... .......... .......... .......... 67% 15.0M 0s
  6400K .......... .......... .......... .......... .......... 68% 11.2M 0s
  6450K .......... .......... .......... .......... .......... 69% 16.7M 0s
  6500K .......... .......... .......... .......... .......... 69% 12.8M 0s
  6550K .......... .......... .......... .......... .......... 70% 11.9M 0s
  6600K .......... .......... .......... .......... .......... 70% 12.1M 0s
  6650K .......... .......... .......... .......... .......... 71% 11.2M 0s
  6700K .......... .......... .......... .......... .......... 71% 14.5M 0s
  6750K .......... .......... .......... .......... .......... 72% 16.0M 0s
  6800K .......... .......... .......... .......... .......... 72% 11.2M 0s
  6850K .......... .......... .......... .......... .......... 73% 11.1M 0s
  6900K .......... .......... .......... .......... .......... 73% 11.8M 0s
  6950K .......... .......... .......... .......... .......... 74% 13.9M 0s
  7000K .......... .......... .......... .......... .......... 74% 15.1M 0s
  7050K .......... .......... .......... .......... .......... 75% 12.1M 0s
  7100K .......... .......... .......... .......... .......... 75% 14.6M 0s
  7150K .......... .......... .......... .......... .......... 76% 14.6M 0s
  7200K .......... .......... .......... .......... .......... 76% 13.9M 0s
  7250K .......... .......... .......... .......... .......... 77% 11.8M 0s
  7300K .......... .......... .......... .......... .......... 78% 17.3M 0s
  7350K .......... .......... .......... .......... .......... 78% 14.2M 0s
  7400K .......... .......... .......... .......... .......... 79% 13.7M 0s
  7450K .......... .......... .......... .......... .......... 79% 13.8M 0s
  7500K .......... .......... .......... .......... .......... 80% 11.5M 0s
  7550K .......... .......... .......... .......... .......... 80% 10.8M 0s
  7600K .......... .......... .......... .......... .......... 81% 37.4M 0s
  7650K .......... .......... .......... .......... .......... 81% 11.7M 0s
  7700K .......... .......... .......... .......... .......... 82% 13.7M 0s
  7750K .......... .......... .......... .......... .......... 82% 11.7M 0s
  7800K .......... .......... .......... .......... .......... 83% 11.2M 0s
  7850K .......... .......... .......... .......... .......... 83% 40.9M 0s
  7900K .......... .......... .......... .......... .......... 84% 12.2M 0s
  7950K .......... .......... .......... .......... .......... 84% 13.4M 0s
  8000K .......... .......... .......... .......... .......... 85% 11.9M 0s
  8050K .......... .......... .......... .......... .......... 85% 33.2M 0s
  8100K .......... .......... .......... .......... .......... 86% 12.0M 0s
  8150K .......... .......... .......... .......... .......... 87% 12.1M 0s
  8200K .......... .......... .......... .......... .......... 87% 12.4M 0s
  8250K .......... .......... .......... .......... .......... 88% 12.7M 0s
  8300K .......... .......... .......... .......... .......... 88% 32.2M 0s
  8350K .......... .......... .......... .......... .......... 89% 11.9M 0s
  8400K .......... .......... .......... .......... .......... 89% 12.0M 0s
  8450K .......... .......... .......... .......... .......... 90% 12.5M 0s
  8500K .......... .......... .......... .......... .......... 90% 14.9M 0s
  8550K .......... .......... .......... .......... .......... 91% 20.2M 0s
  8600K .......... .......... .......... .......... .......... 91% 12.2M 0s
  8650K .......... .......... .......... .......... .......... 92% 13.7M 0s
  8700K .......... .......... .......... .......... .......... 92% 13.2M 0s
  8750K .......... .......... .......... .......... .......... 93% 23.2M 0s
  8800K .......... .......... .......... .......... .......... 93% 12.4M 0s
  8850K .......... .......... .......... .......... .......... 94% 12.4M 0s
  8900K .......... .......... .......... .......... .......... 95% 13.8M 0s
  8950K .......... .......... .......... .......... .......... 95% 13.3M 0s
  9000K .......... .......... .......... .......... .......... 96% 21.7M 0s
  9050K .......... .......... .......... .......... .......... 96% 12.3M 0s
  9100K .......... .......... .......... .......... .......... 97% 12.3M 0s
  9150K .......... .......... .......... .......... .......... 97% 13.5M 0s
  9200K .......... .......... .......... .......... .......... 98% 14.9M 0s
  9250K .......... .......... .......... .......... .......... 98% 17.7M 0s
  9300K .......... .......... .......... .......... .......... 99% 13.1M 0s
  9350K .......... .......... .......... .......... .......... 99% 13.9M 0s
  9400K .......... .........                                  100% 14.3M=0.7s

2016-12-15 08:42:38 (13.1 MB/s) - `360MobileSafe_6.5.0.1069.apk' saved [9645311/9645311]

