--2017-01-08 22:08:19--  http://qenosa.cn/dfgre
Resolving qenosa.cn... 103.211.125.148
Connecting to qenosa.cn|103.211.125.148|:80... connected.
HTTP request sent, awaiting response... 301 Moved Permanently
Location: http://qenosa.cn/dfgre/ [following]
--2017-01-08 22:08:20--  http://qenosa.cn/dfgre/
Reusing existing connection to qenosa.cn:80.
HTTP request sent, awaiting response... 302 Object moved
Location: xiangce.apk [following]
--2017-01-08 22:08:20--  http://qenosa.cn/dfgre/xiangce.apk
Reusing existing connection to qenosa.cn:80.
HTTP request sent, awaiting response... 200 OK
Length: 213501 (208K) [application/vnd.android]
Saving to: `xiangce.apk'

     0K .......... .......... .......... .......... .......... 23% 12.7K 12s
    50K .......... .......... .......... .......... .......... 47% 15.1K 8s
   100K .......... .......... .......... .......... .......... 71% 6.73K 6s
   150K .......... .......... .......... .......... .......... 95% 16.9K 1s
   200K ........                                              100% 11.9K=18s

2017-01-08 22:08:38 (11.4 KB/s) - `xiangce.apk' saved [213501/213501]

