--2017-03-15 20:46:16--  http://download.feixin.10086.cn/rcsx/re/
Resolving download.feixin.10086.cn... 221.176.31.206
Connecting to download.feixin.10086.cn|221.176.31.206|:80... connected.
HTTP request sent, awaiting response... 200 OK
Length: unspecified [text/html]
Saving to: `index.html'

     0K ..                                                      131M=0s

2017-03-15 20:46:19 (131 MB/s) - `index.html' saved [2190]

=======================The second times wget =====================
--2017-03-15 20:46:19--  https://download.fetiononline.com/public/android/FetionX_Android_V6.2.2.apk
Resolving download.fetiononline.com... 175.6.226.33, 175.6.226.32, 175.6.226.78, ...
Connecting to download.fetiononline.com|175.6.226.33|:443... connected.
WARNING: certificate common name `www.dnion.com' doesn't match requested host name `download.fetiononline.com'.
HTTP request sent, awaiting response... 200 OK
Length: 31921211 (30M) [application/vnd.android.package-archive]
Saving to: `FetionX_Android_V6.2.2.apk'

     0K .......... .......... .......... .......... ..........  0% 1010K 31s
    50K .......... .......... .......... .......... ..........  0% 1.99M 23s
   100K .......... .......... .......... .......... ..........  0% 2.10M 20s
   150K .......... .......... .......... .......... ..........  0% 2.08M 19s
   200K .......... .......... .......... .......... ..........  0% 1.36M 19s
   250K .......... .......... .......... .......... ..........  0% 1.93M 19s
   300K .......... .......... .......... .......... ..........  1%  219K 36s
   350K .......... .......... .......... .......... ..........  1% 35.8M 32s
   400K .......... .......... .......... .......... ..........  1% 2.25M 30s
   450K .......... .......... .......... .......... ..........  1% 3.60M 27s
   500K .......... .......... .......... .......... ..........  1% 4.17M 26s
   550K .......... .......... .......... .......... ..........  1% 4.09M 24s
   600K .......... .......... .......... .......... ..........  2% 4.64M 23s
   650K .......... .......... .......... .......... ..........  2% 4.10M 21s
   700K .......... .......... .......... .......... ..........  2% 45.0M 20s
   750K .......... .......... .......... .......... ..........  2% 5.26M 19s
   800K .......... .......... .......... .......... ..........  2% 4.07M 18s
   850K .......... .......... .......... .......... ..........  2% 4.21M 18s
   900K .......... .......... .......... .......... ..........  3% 41.1M 17s
   950K .......... .......... .......... .......... ..........  3% 4.37M 16s
  1000K .......... .......... .......... .......... ..........  3% 5.19M 16s
  1050K .......... .......... .......... .......... ..........  3% 43.1M 15s
  1100K .......... .......... .......... .......... ..........  3% 5.62M 15s
  1150K .......... .......... .......... .......... ..........  3% 15.3M 14s
  1200K .......... .......... .......... .......... ..........  4% 5.67M 14s
  1250K .......... .......... .......... .......... ..........  4% 14.9M 13s
  1300K .......... .......... .......... .......... ..........  4% 5.99M 13s
  1350K .......... .......... .......... .......... ..........  4% 8.91M 12s
  1400K .......... .......... .......... .......... ..........  4% 36.0M 12s
  1450K .......... .......... .......... .......... ..........  4% 5.48M 12s
  1500K .......... .......... .......... .......... ..........  4% 44.5M 11s
  1550K .......... .......... .......... .......... ..........  5% 16.4M 11s
  1600K .......... .......... .......... .......... ..........  5% 10.9M 11s
  1650K .......... .......... .......... .......... ..........  5% 7.53M 11s
  1700K .......... .......... .......... .......... ..........  5% 7.60M 10s
  1750K .......... .......... .......... .......... ..........  5% 42.9M 10s
  1800K .......... .......... .......... .......... ..........  5% 43.1M 10s
  1850K .......... .......... .......... .......... ..........  6% 5.71M 10s
  1900K .......... .......... .......... .......... ..........  6% 36.9M 9s
  1950K .......... .......... .......... .......... ..........  6% 40.1M 9s
  2000K .......... .......... .......... .......... ..........  6% 5.45M 9s
  2050K .......... .......... .......... .......... ..........  6% 42.9M 9s
  2100K .......... .......... .......... .......... ..........  6% 46.5M 9s
  2150K .......... .......... .......... .......... ..........  7% 9.30M 9s
  2200K .......... .......... .......... .......... ..........  7% 45.3M 8s
  2250K .......... .......... .......... .......... ..........  7% 44.9M 8s
  2300K .......... .......... .......... .......... ..........  7% 38.0M 8s
  2350K .......... .......... .......... .......... ..........  7% 5.44M 8s
  2400K .......... .......... .......... .......... ..........  7% 31.2M 8s
  2450K .......... .......... .......... .......... ..........  8% 45.1M 8s
  2500K .......... .......... .......... .......... ..........  8% 5.39M 8s
  2550K .......... .......... .......... .......... ..........  8% 39.6M 7s
  2600K .......... .......... .......... .......... ..........  8% 39.3M 7s
  2650K .......... .......... .......... .......... ..........  8% 42.8M 7s
  2700K .......... .......... .......... .......... ..........  8% 10.6M 7s
  2750K .......... .......... .......... .......... ..........  8% 44.9M 7s
  2800K .......... .......... .......... .......... ..........  9% 13.7M 7s
  2850K .......... .......... .......... .......... ..........  9% 11.9M 7s
  2900K .......... .......... .......... .......... ..........  9% 46.2M 7s
  2950K .......... .......... .......... .......... ..........  9% 45.0M 6s
  3000K .......... .......... .......... .......... ..........  9% 25.0M 6s
  3050K .......... .......... .......... .......... ..........  9% 6.45M 6s
  3100K .......... .......... .......... .......... .......... 10% 45.6M 6s
  3150K .......... .......... .......... .......... .......... 10% 41.3M 6s
  3200K .......... .......... .......... .......... .......... 10% 18.2M 6s
  3250K .......... .......... .......... .......... .......... 10% 6.58M 6s
  3300K .......... .......... .......... .......... .......... 10% 42.5M 6s
  3350K .......... .......... .......... .......... .......... 10% 45.8M 6s
  3400K .......... .......... .......... .......... .......... 11% 43.5M 6s
  3450K .......... .......... .......... .......... .......... 11% 11.7M 6s
  3500K .......... .......... .......... .......... .......... 11% 41.1M 6s
  3550K .......... .......... .......... .......... .......... 11% 36.5M 6s
  3600K .......... .......... .......... .......... .......... 11% 33.2M 5s
  3650K .......... .......... .......... .......... .......... 11% 10.1M 5s
  3700K .......... .......... .......... .......... .......... 12% 13.9M 5s
  3750K .......... .......... .......... .......... .......... 12% 43.6M 5s
  3800K .......... .......... .......... .......... .......... 12% 45.3M 5s
  3850K .......... .......... .......... .......... .......... 12% 8.65M 5s
  3900K .......... .......... .......... .......... .......... 12% 44.6M 5s
  3950K .......... .......... .......... .......... .......... 12% 12.1M 5s
  4000K .......... .......... .......... .......... .......... 12% 33.3M 5s
  4050K .......... .......... .......... .......... .......... 13% 43.8M 5s
  4100K .......... .......... .......... .......... .......... 13% 46.3M 5s
  4150K .......... .......... .......... .......... .......... 13% 7.12M 5s
  4200K .......... .......... .......... .......... .......... 13% 45.9M 5s
  4250K .......... .......... .......... .......... .......... 13% 44.9M 5s
  4300K .......... .......... .......... .......... .......... 13% 42.1M 5s
  4350K .......... .......... .......... .......... .......... 14% 45.9M 5s
  4400K .......... .......... .......... .......... .......... 14% 10.7M 5s
  4450K .......... .......... .......... .......... .......... 14% 45.5M 5s
  4500K .......... .......... .......... .......... .......... 14% 44.4M 4s
  4550K .......... .......... .......... .......... .......... 14% 43.5M 4s
  4600K .......... .......... .......... .......... .......... 14% 15.6M 4s
  4650K .......... .......... .......... .......... .......... 15% 43.2M 4s
  4700K .......... .......... .......... .......... .......... 15% 12.7M 4s
  4750K .......... .......... .......... .......... .......... 15% 44.4M 4s
  4800K .......... .......... .......... .......... .......... 15% 34.1M 4s
  4850K .......... .......... .......... .......... .......... 15% 43.1M 4s
  4900K .......... .......... .......... .......... .......... 15% 45.8M 4s
  4950K .......... .......... .......... .......... .......... 16% 17.8M 4s
  5000K .......... .......... .......... .......... .......... 16% 11.9M 4s
  5050K .......... .......... .......... .......... .......... 16% 45.7M 4s
  5100K .......... .......... .......... .......... .......... 16% 46.1M 4s
  5150K .......... .......... .......... .......... .......... 16% 21.8M 4s
  5200K .......... .......... .......... .......... .......... 16% 28.5M 4s
  5250K .......... .......... .......... .......... .......... 17% 45.7M 4s
  5300K .......... .......... .......... .......... .......... 17% 34.2M 4s
  5350K .......... .......... .......... .......... .......... 17% 41.5M 4s
  5400K .......... .......... .......... .......... .......... 17% 8.07M 4s
  5450K .......... .......... .......... .......... .......... 17% 45.3M 4s
  5500K .......... .......... .......... .......... .......... 17% 45.2M 4s
  5550K .......... .......... .......... .......... .......... 17% 45.6M 4s
  5600K .......... .......... .......... .......... .......... 18% 27.9M 4s
  5650K .......... .......... .......... .......... .......... 18% 44.7M 4s
  5700K .......... .......... .......... .......... .......... 18% 7.53M 4s
  5750K .......... .......... .......... .......... .......... 18% 40.6M 4s
  5800K .......... .......... .......... .......... .......... 18% 45.9M 4s
  5850K .......... .......... .......... .......... .......... 18% 30.4M 4s
  5900K .......... .......... .......... .......... .......... 19% 40.2M 3s
  5950K .......... .......... .......... .......... .......... 19% 41.2M 3s
  6000K .......... .......... .......... .......... .......... 19% 23.3M 3s
  6050K .......... .......... .......... .......... .......... 19% 13.0M 3s
  6100K .......... .......... .......... .......... .......... 19% 46.5M 3s
  6150K .......... .......... .......... .......... .......... 19% 23.6M 3s
  6200K .......... .......... .......... .......... .......... 20% 44.7M 3s
  6250K .......... .......... .......... .......... .......... 20% 46.4M 3s
  6300K .......... .......... .......... .......... .......... 20% 44.3M 3s
  6350K .......... .......... .......... .......... .......... 20% 42.2M 3s
  6400K .......... .......... .......... .......... .......... 20% 6.22M 3s
  6450K .......... .......... .......... .......... .......... 20% 44.8M 3s
  6500K .......... .......... .......... .......... .......... 21% 45.5M 3s
  6550K .......... .......... .......... .......... .......... 21% 44.8M 3s
  6600K .......... .......... .......... .......... .......... 21% 43.5M 3s
  6650K .......... .......... .......... .......... .......... 21% 43.8M 3s
  6700K .......... .......... .......... .......... .......... 21% 7.80M 3s
  6750K .......... .......... .......... .......... .......... 21% 41.0M 3s
  6800K .......... .......... .......... .......... .......... 21% 33.1M 3s
  6850K .......... .......... .......... .......... .......... 22% 38.4M 3s
  6900K .......... .......... .......... .......... .......... 22% 42.2M 3s
  6950K .......... .......... .......... .......... .......... 22% 42.1M 3s
  7000K .......... .......... .......... .......... .......... 22% 44.6M 3s
  7050K .......... .......... .......... .......... .......... 22% 20.7M 3s
  7100K .......... .......... .......... .......... .......... 22% 44.0M 3s
  7150K .......... .......... .......... .......... .......... 23% 39.0M 3s
  7200K .......... .......... .......... .......... .......... 23% 30.8M 3s
  7250K .......... .......... .......... .......... .......... 23% 41.8M 3s
  7300K .......... .......... .......... .......... .......... 23% 27.0M 3s
  7350K .......... .......... .......... .......... .......... 23% 13.2M 3s
  7400K .......... .......... .......... .......... .......... 23% 45.5M 3s
  7450K .......... .......... .......... .......... .......... 24% 46.6M 3s
  7500K .......... .......... .......... .......... .......... 24% 43.2M 3s
  7550K .......... .......... .......... .......... .......... 24% 37.1M 3s
  7600K .......... .......... .......... .......... .......... 24% 30.2M 3s
  7650K .......... .......... .......... .......... .......... 24% 28.0M 3s
  7700K .......... .......... .......... .......... .......... 24% 35.7M 3s
  7750K .......... .......... .......... .......... .......... 25% 17.3M 3s
  7800K .......... .......... .......... .......... .......... 25% 44.5M 3s
  7850K .......... .......... .......... .......... .......... 25% 45.9M 3s
  7900K .......... .......... .......... .......... .......... 25% 42.2M 3s
  7950K .......... .......... .......... .......... .......... 25% 45.9M 3s
  8000K .......... .......... .......... .......... .......... 25% 33.0M 3s
  8050K .......... .......... .......... .......... .......... 25% 7.13M 3s
  8100K .......... .......... .......... .......... .......... 26% 46.0M 3s
  8150K .......... .......... .......... .......... .......... 26% 46.4M 3s
  8200K .......... .......... .......... .......... .......... 26% 43.7M 3s
  8250K .......... .......... .......... .......... .......... 26% 45.9M 2s
  8300K .......... .......... .......... .......... .......... 26% 20.3M 2s
  8350K .......... .......... .......... .......... .......... 26% 8.87M 2s
  8400K .......... .......... .......... .......... .......... 27% 30.6M 2s
  8450K .......... .......... .......... .......... .......... 27% 36.9M 2s
  8500K .......... .......... .......... .......... .......... 27% 40.7M 2s
  8550K .......... .......... .......... .......... .......... 27% 44.1M 2s
  8600K .......... .......... .......... .......... .......... 27% 45.2M 2s
  8650K .......... .......... .......... .......... .......... 27% 19.9M 2s
  8700K .......... .......... .......... .......... .......... 28% 13.8M 2s
  8750K .......... .......... .......... .......... .......... 28% 45.9M 2s
  8800K .......... .......... .......... .......... .......... 28% 35.2M 2s
  8850K .......... .......... .......... .......... .......... 28% 41.2M 2s
  8900K .......... .......... .......... .......... .......... 28% 37.1M 2s
  8950K .......... .......... .......... .......... .......... 28% 45.3M 2s
  9000K .......... .......... .......... .......... .......... 29% 37.7M 2s
  9050K .......... .......... .......... .......... .......... 29% 46.4M 2s
  9100K .......... .......... .......... .......... .......... 29% 46.1M 2s
  9150K .......... .......... .......... .......... .......... 29% 40.9M 2s
  9200K .......... .......... .......... .......... .......... 29% 34.3M 2s
  9250K .......... .......... .......... .......... .......... 29% 45.8M 2s
  9300K .......... .......... .......... .......... .......... 29% 14.0M 2s
  9350K .......... .......... .......... .......... .......... 30% 41.7M 2s
  9400K .......... .......... .......... .......... .......... 30% 42.0M 2s
  9450K .......... .......... .......... .......... .......... 30% 44.1M 2s
  9500K .......... .......... .......... .......... .......... 30% 46.1M 2s
  9550K .......... .......... .......... .......... .......... 30% 45.6M 2s
  9600K .......... .......... .......... .......... .......... 30% 9.35M 2s
  9650K .......... .......... .......... .......... .......... 31% 45.8M 2s
  9700K .......... .......... .......... .......... .......... 31% 45.4M 2s
  9750K .......... .......... .......... .......... .......... 31% 39.9M 2s
  9800K .......... .......... .......... .......... .......... 31% 42.2M 2s
  9850K .......... .......... .......... .......... .......... 31% 42.2M 2s
  9900K .......... .......... .......... .......... .......... 31% 39.9M 2s
  9950K .......... .......... .......... .......... .......... 32% 42.1M 2s
 10000K .......... .......... .......... .......... .......... 32% 33.4M 2s
 10050K .......... .......... .......... .......... .......... 32% 46.3M 2s
 10100K .......... .......... .......... .......... .......... 32% 43.2M 2s
 10150K .......... .......... .......... .......... .......... 32% 46.1M 2s
 10200K .......... .......... .......... .......... .......... 32% 45.2M 2s
 10250K .......... .......... .......... .......... .......... 33% 45.3M 2s
 10300K .......... .......... .......... .......... .......... 33% 10.5M 2s
 10350K .......... .......... .......... .......... .......... 33% 44.3M 2s
 10400K .......... .......... .......... .......... .......... 33% 31.9M 2s
 10450K .......... .......... .......... .......... .......... 33% 39.6M 2s
 10500K .......... .......... .......... .......... .......... 33% 42.0M 2s
 10550K .......... .......... .......... .......... .......... 34% 42.8M 2s
 10600K .......... .......... .......... .......... .......... 34% 43.4M 2s
 10650K .......... .......... .......... .......... .......... 34% 9.81M 2s
 10700K .......... .......... .......... .......... .......... 34% 41.3M 2s
 10750K .......... .......... .......... .......... .......... 34% 43.2M 2s
 10800K .......... .......... .......... .......... .......... 34% 30.6M 2s
 10850K .......... .......... .......... .......... .......... 34% 43.1M 2s
 10900K .......... .......... .......... .......... .......... 35% 46.5M 2s
 10950K .......... .......... .......... .......... .......... 35% 40.9M 2s
 11000K .......... .......... .......... .......... .......... 35% 44.9M 2s
 11050K .......... .......... .......... .......... .......... 35% 43.9M 2s
 11100K .......... .......... .......... .......... .......... 35% 42.7M 2s
 11150K .......... .......... .......... .......... .......... 35% 42.3M 2s
 11200K .......... .......... .......... .......... .......... 36% 34.8M 2s
 11250K .......... .......... .......... .......... .......... 36% 45.4M 2s
 11300K .......... .......... .......... .......... .......... 36% 31.7M 2s
 11350K .......... .......... .......... .......... .......... 36% 45.5M 2s
 11400K .......... .......... .......... .......... .......... 36% 45.3M 2s
 11450K .......... .......... .......... .......... .......... 36% 44.7M 2s
 11500K .......... .......... .......... .......... .......... 37% 41.8M 2s
 11550K .......... .......... .......... .......... .......... 37% 41.8M 2s
 11600K .......... .......... .......... .......... .......... 37% 32.1M 2s
 11650K .......... .......... .......... .......... .......... 37% 9.00M 2s
 11700K .......... .......... .......... .......... .......... 37% 41.5M 2s
 11750K .......... .......... .......... .......... .......... 37% 45.3M 2s
 11800K .......... .......... .......... .......... .......... 38% 34.0M 2s
 11850K .......... .......... .......... .......... .......... 38% 37.1M 2s
 11900K .......... .......... .......... .......... .......... 38% 36.5M 2s
 11950K .......... .......... .......... .......... .......... 38% 40.6M 2s
 12000K .......... .......... .......... .......... .......... 38% 30.6M 2s
 12050K .......... .......... .......... .......... .......... 38% 21.9M 2s
 12100K .......... .......... .......... .......... .......... 38% 43.2M 2s
 12150K .......... .......... .......... .......... .......... 39% 43.5M 2s
 12200K .......... .......... .......... .......... .......... 39% 40.9M 2s
 12250K .......... .......... .......... .......... .......... 39% 39.0M 2s
 12300K .......... .......... .......... .......... .......... 39% 40.8M 2s
 12350K .......... .......... .......... .......... .......... 39% 41.8M 2s
 12400K .......... .......... .......... .......... .......... 39% 8.85M 2s
 12450K .......... .......... .......... .......... .......... 40% 43.8M 2s
 12500K .......... .......... .......... .......... .......... 40% 43.3M 2s
 12550K .......... .......... .......... .......... .......... 40% 45.6M 2s
 12600K .......... .......... .......... .......... .......... 40% 46.8M 2s
 12650K .......... .......... .......... .......... .......... 40% 45.3M 2s
 12700K .......... .......... .......... .......... .......... 40% 45.3M 2s
 12750K .......... .......... .......... .......... .......... 41% 11.0M 2s
 12800K .......... .......... .......... .......... .......... 41% 8.36M 2s
 12850K .......... .......... .......... .......... .......... 41% 41.4M 1s
 12900K .......... .......... .......... .......... .......... 41% 43.9M 1s
 12950K .......... .......... .......... .......... .......... 41% 45.8M 1s
 13000K .......... .......... .......... .......... .......... 41% 45.3M 1s
 13050K .......... .......... .......... .......... .......... 42% 46.1M 1s
 13100K .......... .......... .......... .......... .......... 42% 10.9M 1s
 13150K .......... .......... .......... .......... .......... 42% 44.8M 1s
 13200K .......... .......... .......... .......... .......... 42% 33.6M 1s
 13250K .......... .......... .......... .......... .......... 42% 44.2M 1s
 13300K .......... .......... .......... .......... .......... 42% 21.8M 1s
 13350K .......... .......... .......... .......... .......... 42% 43.1M 1s
 13400K .......... .......... .......... .......... .......... 43% 37.7M 1s
 13450K .......... .......... .......... .......... .......... 43% 41.8M 1s
 13500K .......... .......... .......... .......... .......... 43% 44.6M 1s
 13550K .......... .......... .......... .......... .......... 43% 42.2M 1s
 13600K .......... .......... .......... .......... .......... 43% 34.6M 1s
 13650K .......... .......... .......... .......... .......... 43% 43.5M 1s
 13700K .......... .......... .......... .......... .......... 44% 18.3M 1s
 13750K .......... .......... .......... .......... .......... 44% 44.1M 1s
 13800K .......... .......... .......... .......... .......... 44% 43.6M 1s
 13850K .......... .......... .......... .......... .......... 44% 35.6M 1s
 13900K .......... .......... .......... .......... .......... 44% 44.5M 1s
 13950K .......... .......... .......... .......... .......... 44% 45.8M 1s
 14000K .......... .......... .......... .......... .......... 45% 30.3M 1s
 14050K .......... .......... .......... .......... .......... 45% 44.7M 1s
 14100K .......... .......... .......... .......... .......... 45% 17.2M 1s
 14150K .......... .......... .......... .......... .......... 45% 42.5M 1s
 14200K .......... .......... .......... .......... .......... 45% 16.7M 1s
 14250K .......... .......... .......... .......... .......... 45% 43.2M 1s
 14300K .......... .......... .......... .......... .......... 46% 46.1M 1s
 14350K .......... .......... .......... .......... .......... 46% 45.3M 1s
 14400K .......... .......... .......... .......... .......... 46% 28.8M 1s
 14450K .......... .......... .......... .......... .......... 46% 14.5M 1s
 14500K .......... .......... .......... .......... .......... 46% 42.6M 1s
 14550K .......... .......... .......... .......... .......... 46% 41.1M 1s
 14600K .......... .......... .......... .......... .......... 46% 41.9M 1s
 14650K .......... .......... .......... .......... .......... 47% 46.3M 1s
 14700K .......... .......... .......... .......... .......... 47% 46.8M 1s
 14750K .......... .......... .......... .......... .......... 47% 7.36M 1s
 14800K .......... .......... .......... .......... .......... 47% 34.6M 1s
 14850K .......... .......... .......... .......... .......... 47% 45.7M 1s
 14900K .......... .......... .......... .......... .......... 47% 40.6M 1s
 14950K .......... .......... .......... .......... .......... 48% 42.0M 1s
 15000K .......... .......... .......... .......... .......... 48% 45.7M 1s
 15050K .......... .......... .......... .......... .......... 48% 42.5M 1s
 15100K .......... .......... .......... .......... .......... 48% 43.7M 1s
 15150K .......... .......... .......... .......... .......... 48% 41.6M 1s
 15200K .......... .......... .......... .......... .......... 48% 30.4M 1s
 15250K .......... .......... .......... .......... .......... 49% 45.1M 1s
 15300K .......... .......... .......... .......... .......... 49% 13.6M 1s
 15350K .......... .......... .......... .......... .......... 49% 44.3M 1s
 15400K .......... .......... .......... .......... .......... 49% 38.2M 1s
 15450K .......... .......... .......... .......... .......... 49% 40.9M 1s
 15500K .......... .......... .......... .......... .......... 49% 44.1M 1s
 15550K .......... .......... .......... .......... .......... 50% 45.6M 1s
 15600K .......... .......... .......... .......... .......... 50% 33.2M 1s
 15650K .......... .......... .......... .......... .......... 50% 41.0M 1s
 15700K .......... .......... .......... .......... .......... 50% 43.8M 1s
 15750K .......... .......... .......... .......... .......... 50% 38.6M 1s
 15800K .......... .......... .......... .......... .......... 50% 36.4M 1s
 15850K .......... .......... .......... .......... .......... 51% 42.1M 1s
 15900K .......... .......... .......... .......... .......... 51% 16.6M 1s
 15950K .......... .......... .......... .......... .......... 51% 43.4M 1s
 16000K .......... .......... .......... .......... .......... 51% 34.1M 1s
 16050K .......... .......... .......... .......... .......... 51% 28.1M 1s
 16100K .......... .......... .......... .......... .......... 51% 44.0M 1s
 16150K .......... .......... .......... .......... .......... 51% 46.1M 1s
 16200K .......... .......... .......... .......... .......... 52% 43.4M 1s
 16250K .......... .......... .......... .......... .......... 52% 12.2M 1s
 16300K .......... .......... .......... .......... .......... 52% 45.2M 1s
 16350K .......... .......... .......... .......... .......... 52% 44.6M 1s
 16400K .......... .......... .......... .......... .......... 52% 25.9M 1s
 16450K .......... .......... .......... .......... .......... 52% 44.3M 1s
 16500K .......... .......... .......... .......... .......... 53% 45.3M 1s
 16550K .......... .......... .......... .......... .......... 53% 39.6M 1s
 16600K .......... .......... .......... .......... .......... 53% 41.1M 1s
 16650K .......... .......... .......... .......... .......... 53% 43.5M 1s
 16700K .......... .......... .......... .......... .......... 53% 25.9M 1s
 16750K .......... .......... .......... .......... .......... 53% 42.9M 1s
 16800K .......... .......... .......... .......... .......... 54% 12.4M 1s
 16850K .......... .......... .......... .......... .......... 54% 25.4M 1s
 16900K .......... .......... .......... .......... .......... 54% 40.0M 1s
 16950K .......... .......... .......... .......... .......... 54% 43.1M 1s
 17000K .......... .......... .......... .......... .......... 54% 7.36M 1s
 17050K .......... .......... .......... .......... .......... 54% 29.4M 1s
 17100K .......... .......... .......... .......... .......... 55% 38.5M 1s
 17150K .......... .......... .......... .......... .......... 55% 44.5M 1s
 17200K .......... .......... .......... .......... .......... 55% 33.4M 1s
 17250K .......... .......... .......... .......... .......... 55% 41.9M 1s
 17300K .......... .......... .......... .......... .......... 55% 25.7M 1s
 17350K .......... .......... .......... .......... .......... 55% 25.5M 1s
 17400K .......... .......... .......... .......... .......... 55% 27.1M 1s
 17450K .......... .......... .......... .......... .......... 56% 43.0M 1s
 17500K .......... .......... .......... .......... .......... 56% 45.4M 1s
 17550K .......... .......... .......... .......... .......... 56% 43.4M 1s
 17600K .......... .......... .......... .......... .......... 56% 32.6M 1s
 17650K .......... .......... .......... .......... .......... 56% 38.2M 1s
 17700K .......... .......... .......... .......... .......... 56% 44.0M 1s
 17750K .......... .......... .......... .......... .......... 57% 9.14M 1s
 17800K .......... .......... .......... .......... .......... 57% 37.6M 1s
 17850K .......... .......... .......... .......... .......... 57% 37.3M 1s
 17900K .......... .......... .......... .......... .......... 57% 37.9M 1s
 17950K .......... .......... .......... .......... .......... 57% 38.5M 1s
 18000K .......... .......... .......... .......... .......... 57% 29.3M 1s
 18050K .......... .......... .......... .......... .......... 58% 41.2M 1s
 18100K .......... .......... .......... .......... .......... 58% 43.6M 1s
 18150K .......... .......... .......... .......... .......... 58% 43.6M 1s
 18200K .......... .......... .......... .......... .......... 58% 43.9M 1s
 18250K .......... .......... .......... .......... .......... 58% 41.0M 1s
 18300K .......... .......... .......... .......... .......... 58% 9.13M 1s
 18350K .......... .......... .......... .......... .......... 59% 31.7M 1s
 18400K .......... .......... .......... .......... .......... 59% 28.2M 1s
 18450K .......... .......... .......... .......... .......... 59% 43.8M 1s
 18500K .......... .......... .......... .......... .......... 59% 36.2M 1s
 18550K .......... .......... .......... .......... .......... 59% 43.3M 1s
 18600K .......... .......... .......... .......... .......... 59% 44.4M 1s
 18650K .......... .......... .......... .......... .......... 59% 44.6M 1s
 18700K .......... .......... .......... .......... .......... 60% 39.5M 1s
 18750K .......... .......... .......... .......... .......... 60% 44.9M 1s
 18800K .......... .......... .......... .......... .......... 60% 32.5M 1s
 18850K .......... .......... .......... .......... .......... 60% 37.7M 1s
 18900K .......... .......... .......... .......... .......... 60% 43.6M 1s
 18950K .......... .......... .......... .......... .......... 60% 42.3M 1s
 19000K .......... .......... .......... .......... .......... 61% 43.6M 1s
 19050K .......... .......... .......... .......... .......... 61% 43.5M 1s
 19100K .......... .......... .......... .......... .......... 61% 45.4M 1s
 19150K .......... .......... .......... .......... .......... 61% 16.2M 1s
 19200K .......... .......... .......... .......... .......... 61% 33.5M 1s
 19250K .......... .......... .......... .......... .......... 61% 27.4M 1s
 19300K .......... .......... .......... .......... .......... 62% 40.7M 1s
 19350K .......... .......... .......... .......... .......... 62% 43.8M 1s
 19400K .......... .......... .......... .......... .......... 62% 44.5M 1s
 19450K .......... .......... .......... .......... .......... 62% 38.5M 1s
 19500K .......... .......... .......... .......... .......... 62% 43.7M 1s
 19550K .......... .......... .......... .......... .......... 62% 38.9M 1s
 19600K .......... .......... .......... .......... .......... 63% 32.7M 1s
 19650K .......... .......... .......... .......... .......... 63% 44.4M 1s
 19700K .......... .......... .......... .......... .......... 63% 44.7M 1s
 19750K .......... .......... .......... .......... .......... 63% 40.4M 1s
 19800K .......... .......... .......... .......... .......... 63% 40.4M 1s
 19850K .......... .......... .......... .......... .......... 63% 7.25M 1s
 19900K .......... .......... .......... .......... .......... 63% 12.5M 1s
 19950K .......... .......... .......... .......... .......... 64% 40.8M 1s
 20000K .......... .......... .......... .......... .......... 64% 32.6M 1s
 20050K .......... .......... .......... .......... .......... 64% 42.9M 1s
 20100K .......... .......... .......... .......... .......... 64% 43.6M 1s
 20150K .......... .......... .......... .......... .......... 64% 43.9M 1s
 20200K .......... .......... .......... .......... .......... 64% 25.6M 1s
 20250K .......... .......... .......... .......... .......... 65% 44.2M 1s
 20300K .......... .......... .......... .......... .......... 65% 45.0M 1s
 20350K .......... .......... .......... .......... .......... 65% 41.6M 1s
 20400K .......... .......... .......... .......... .......... 65% 30.6M 1s
 20450K .......... .......... .......... .......... .......... 65% 44.6M 1s
 20500K .......... .......... .......... .......... .......... 65% 45.2M 1s
 20550K .......... .......... .......... .......... .......... 66% 39.3M 1s
 20600K .......... .......... .......... .......... .......... 66% 44.4M 1s
 20650K .......... .......... .......... .......... .......... 66% 44.3M 1s
 20700K .......... .......... .......... .......... .......... 66% 37.7M 1s
 20750K .......... .......... .......... .......... .......... 66% 44.8M 1s
 20800K .......... .......... .......... .......... .......... 66% 33.1M 1s
 20850K .......... .......... .......... .......... .......... 67% 8.83M 1s
 20900K .......... .......... .......... .......... .......... 67% 43.2M 1s
 20950K .......... .......... .......... .......... .......... 67% 44.9M 1s
 21000K .......... .......... .......... .......... .......... 67% 26.4M 1s
 21050K .......... .......... .......... .......... .......... 67% 44.1M 1s
 21100K .......... .......... .......... .......... .......... 67% 45.6M 1s
 21150K .......... .......... .......... .......... .......... 68% 45.4M 1s
 21200K .......... .......... .......... .......... .......... 68% 26.7M 1s
 21250K .......... .......... .......... .......... .......... 68% 44.0M 1s
 21300K .......... .......... .......... .......... .......... 68% 44.0M 1s
 21350K .......... .......... .......... .......... .......... 68% 42.5M 1s
 21400K .......... .......... .......... .......... .......... 68% 44.6M 1s
 21450K .......... .......... .......... .......... .......... 68% 19.6M 1s
 21500K .......... .......... .......... .......... .......... 69% 46.1M 1s
 21550K .......... .......... .......... .......... .......... 69% 45.5M 1s
 21600K .......... .......... .......... .......... .......... 69% 24.1M 1s
 21650K .......... .......... .......... .......... .......... 69% 43.4M 1s
 21700K .......... .......... .......... .......... .......... 69% 42.9M 1s
 21750K .......... .......... .......... .......... .......... 69% 44.3M 1s
 21800K .......... .......... .......... .......... .......... 70% 28.7M 1s
 21850K .......... .......... .......... .......... .......... 70% 44.9M 1s
 21900K .......... .......... .......... .......... .......... 70% 44.0M 1s
 21950K .......... .......... .......... .......... .......... 70% 10.4M 1s
 22000K .......... .......... .......... .......... .......... 70% 32.4M 1s
 22050K .......... .......... .......... .......... .......... 70% 39.3M 1s
 22100K .......... .......... .......... .......... .......... 71% 43.8M 1s
 22150K .......... .......... .......... .......... .......... 71% 41.5M 1s
 22200K .......... .......... .......... .......... .......... 71% 5.71M 1s
 22250K .......... .......... .......... .......... .......... 71% 41.3M 1s
 22300K .......... .......... .......... .......... .......... 71% 36.6M 1s
 22350K .......... .......... .......... .......... .......... 71% 42.4M 1s
 22400K .......... .......... .......... .......... .......... 72% 27.3M 1s
 22450K .......... .......... .......... .......... .......... 72% 40.2M 1s
 22500K .......... .......... .......... .......... .......... 72% 42.3M 1s
 22550K .......... .......... .......... .......... .......... 72% 12.6M 1s
 22600K .......... .......... .......... .......... .......... 72% 41.3M 1s
 22650K .......... .......... .......... .......... .......... 72% 37.7M 1s
 22700K .......... .......... .......... .......... .......... 72% 40.8M 1s
 22750K .......... .......... .......... .......... .......... 73% 39.7M 1s
 22800K .......... .......... .......... .......... .......... 73% 30.3M 0s
 22850K .......... .......... .......... .......... .......... 73% 38.7M 0s
 22900K .......... .......... .......... .......... .......... 73% 34.4M 0s
 22950K .......... .......... .......... .......... .......... 73% 18.1M 0s
 23000K .......... .......... .......... .......... .......... 73% 39.9M 0s
 23050K .......... .......... .......... .......... .......... 74% 36.7M 0s
 23100K .......... .......... .......... .......... .......... 74% 38.2M 0s
 23150K .......... .......... .......... .......... .......... 74% 33.8M 0s
 23200K .......... .......... .......... .......... .......... 74% 25.2M 0s
 23250K .......... .......... .......... .......... .......... 74% 26.0M 0s
 23300K .......... .......... .......... .......... .......... 74% 28.4M 0s
 23350K .......... .......... .......... .......... .......... 75% 35.6M 0s
 23400K .......... .......... .......... .......... .......... 75% 42.6M 0s
 23450K .......... .......... .......... .......... .......... 75% 43.9M 0s
 23500K .......... .......... .......... .......... .......... 75% 19.1M 0s
 23550K .......... .......... .......... .......... .......... 75% 43.3M 0s
 23600K .......... .......... .......... .......... .......... 75% 25.8M 0s
 23650K .......... .......... .......... .......... .......... 76% 43.1M 0s
 23700K .......... .......... .......... .......... .......... 76% 38.4M 0s
 23750K .......... .......... .......... .......... .......... 76% 40.0M 0s
 23800K .......... .......... .......... .......... .......... 76% 35.3M 0s
 23850K .......... .......... .......... .......... .......... 76% 45.4M 0s
 23900K .......... .......... .......... .......... .......... 76% 40.7M 0s
 23950K .......... .......... .......... .......... .......... 76% 44.8M 0s
 24000K .......... .......... .......... .......... .......... 77% 32.6M 0s
 24050K .......... .......... .......... .......... .......... 77% 42.5M 0s
 24100K .......... .......... .......... .......... .......... 77% 43.9M 0s
 24150K .......... .......... .......... .......... .......... 77% 45.6M 0s
 24200K .......... .......... .......... .......... .......... 77% 44.8M 0s
 24250K .......... .......... .......... .......... .......... 77% 44.4M 0s
 24300K .......... .......... .......... .......... .......... 78% 45.0M 0s
 24350K .......... .......... .......... .......... .......... 78% 43.2M 0s
 24400K .......... .......... .......... .......... .......... 78% 8.65M 0s
 24450K .......... .......... .......... .......... .......... 78% 43.8M 0s
 24500K .......... .......... .......... .......... .......... 78% 44.0M 0s
 24550K .......... .......... .......... .......... .......... 78% 38.1M 0s
 24600K .......... .......... .......... .......... .......... 79% 44.5M 0s
 24650K .......... .......... .......... .......... .......... 79% 43.7M 0s
 24700K .......... .......... .......... .......... .......... 79% 39.5M 0s
 24750K .......... .......... .......... .......... .......... 79% 44.5M 0s
 24800K .......... .......... .......... .......... .......... 79% 35.1M 0s
 24850K .......... .......... .......... .......... .......... 79% 46.4M 0s
 24900K .......... .......... .......... .......... .......... 80% 31.7M 0s
 24950K .......... .......... .......... .......... .......... 80% 14.1M 0s
 25000K .......... .......... .......... .......... .......... 80% 44.9M 0s
 25050K .......... .......... .......... .......... .......... 80% 43.6M 0s
 25100K .......... .......... .......... .......... .......... 80% 44.0M 0s
 25150K .......... .......... .......... .......... .......... 80% 41.8M 0s
 25200K .......... .......... .......... .......... .......... 80% 33.6M 0s
 25250K .......... .......... .......... .......... .......... 81% 45.9M 0s
 25300K .......... .......... .......... .......... .......... 81% 10.5M 0s
 25350K .......... .......... .......... .......... .......... 81% 44.0M 0s
 25400K .......... .......... .......... .......... .......... 81% 43.1M 0s
 25450K .......... .......... .......... .......... .......... 81% 36.0M 0s
 25500K .......... .......... .......... .......... .......... 81% 42.5M 0s
 25550K .......... .......... .......... .......... .......... 82% 38.6M 0s
 25600K .......... .......... .......... .......... .......... 82% 23.9M 0s
 25650K .......... .......... .......... .......... .......... 82% 37.0M 0s
 25700K .......... .......... .......... .......... .......... 82% 16.6M 0s
 25750K .......... .......... .......... .......... .......... 82% 46.5M 0s
 25800K .......... .......... .......... .......... .......... 82% 44.4M 0s
 25850K .......... .......... .......... .......... .......... 83% 39.3M 0s
 25900K .......... .......... .......... .......... .......... 83% 44.7M 0s
 25950K .......... .......... .......... .......... .......... 83% 46.5M 0s
 26000K .......... .......... .......... .......... .......... 83% 33.4M 0s
 26050K .......... .......... .......... .......... .......... 83% 35.4M 0s
 26100K .......... .......... .......... .......... .......... 83% 12.8M 0s
 26150K .......... .......... .......... .......... .......... 84% 40.9M 0s
 26200K .......... .......... .......... .......... .......... 84% 43.8M 0s
 26250K .......... .......... .......... .......... .......... 84% 42.4M 0s
 26300K .......... .......... .......... .......... .......... 84% 38.2M 0s
 26350K .......... .......... .......... .......... .......... 84% 45.2M 0s
 26400K .......... .......... .......... .......... .......... 84% 28.9M 0s
 26450K .......... .......... .......... .......... .......... 85% 44.8M 0s
 26500K .......... .......... .......... .......... .......... 85% 43.0M 0s
 26550K .......... .......... .......... .......... .......... 85% 45.4M 0s
 26600K .......... .......... .......... .......... .......... 85% 41.4M 0s
 26650K .......... .......... .......... .......... .......... 85% 36.5M 0s
 26700K .......... .......... .......... .......... .......... 85% 45.7M 0s
 26750K .......... .......... .......... .......... .......... 85% 45.6M 0s
 26800K .......... .......... .......... .......... .......... 86% 18.1M 0s
 26850K .......... .......... .......... .......... .......... 86% 44.1M 0s
 26900K .......... .......... .......... .......... .......... 86% 45.2M 0s
 26950K .......... .......... .......... .......... .......... 86% 42.9M 0s
 27000K .......... .......... .......... .......... .......... 86% 22.6M 0s
 27050K .......... .......... .......... .......... .......... 86% 46.4M 0s
 27100K .......... .......... .......... .......... .......... 87% 44.8M 0s
 27150K .......... .......... .......... .......... .......... 87% 25.5M 0s
 27200K .......... .......... .......... .......... .......... 87% 33.0M 0s
 27250K .......... .......... .......... .......... .......... 87% 42.4M 0s
 27300K .......... .......... .......... .......... .......... 87% 39.8M 0s
 27350K .......... .......... .......... .......... .......... 87% 45.6M 0s
 27400K .......... .......... .......... .......... .......... 88% 46.3M 0s
 27450K .......... .......... .......... .......... .......... 88% 45.4M 0s
 27500K .......... .......... .......... .......... .......... 88% 19.5M 0s
 27550K .......... .......... .......... .......... .......... 88% 45.5M 0s
 27600K .......... .......... .......... .......... .......... 88% 34.8M 0s
 27650K .......... .......... .......... .......... .......... 88% 32.7M 0s
 27700K .......... .......... .......... .......... .......... 89% 39.7M 0s
 27750K .......... .......... .......... .......... .......... 89% 43.6M 0s
 27800K .......... .......... .......... .......... .......... 89% 44.3M 0s
 27850K .......... .......... .......... .......... .......... 89% 14.5M 0s
 27900K .......... .......... .......... .......... .......... 89% 45.3M 0s
 27950K .......... .......... .......... .......... .......... 89% 45.9M 0s
 28000K .......... .......... .......... .......... .......... 89% 34.2M 0s
 28050K .......... .......... .......... .......... .......... 90% 44.7M 0s
 28100K .......... .......... .......... .......... .......... 90% 6.69M 0s
 28150K .......... .......... .......... .......... .......... 90% 15.8M 0s
 28200K .......... .......... .......... .......... .......... 90% 44.3M 0s
 28250K .......... .......... .......... .......... .......... 90% 41.8M 0s
 28300K .......... .......... .......... .......... .......... 90% 39.1M 0s
 28350K .......... .......... .......... .......... .......... 91% 41.8M 0s
 28400K .......... .......... .......... .......... .......... 91% 33.0M 0s
 28450K .......... .......... .......... .......... .......... 91% 7.41M 0s
 28500K .......... .......... .......... .......... .......... 91% 45.0M 0s
 28550K .......... .......... .......... .......... .......... 91% 46.4M 0s
 28600K .......... .......... .......... .......... .......... 91% 44.4M 0s
 28650K .......... .......... .......... .......... .......... 92% 45.0M 0s
 28700K .......... .......... .......... .......... .......... 92% 46.5M 0s
 28750K .......... .......... .......... .......... .......... 92% 44.4M 0s
 28800K .......... .......... .......... .......... .......... 92% 29.2M 0s
 28850K .......... .......... .......... .......... .......... 92% 44.3M 0s
 28900K .......... .......... .......... .......... .......... 92% 43.7M 0s
 28950K .......... .......... .......... .......... .......... 93% 41.7M 0s
 29000K .......... .......... .......... .......... .......... 93% 43.7M 0s
 29050K .......... .......... .......... .......... .......... 93% 43.7M 0s
 29100K .......... .......... .......... .......... .......... 93% 45.7M 0s
 29150K .......... .......... .......... .......... .......... 93% 40.9M 0s
 29200K .......... .......... .......... .......... .......... 93% 34.8M 0s
 29250K .......... .......... .......... .......... .......... 93% 45.9M 0s
 29300K .......... .......... .......... .......... .......... 94% 44.0M 0s
 29350K .......... .......... .......... .......... .......... 94% 45.9M 0s
 29400K .......... .......... .......... .......... .......... 94% 46.7M 0s
 29450K .......... .......... .......... .......... .......... 94% 43.8M 0s
 29500K .......... .......... .......... .......... .......... 94% 10.9M 0s
 29550K .......... .......... .......... .......... .......... 94% 45.4M 0s
 29600K .......... .......... .......... .......... .......... 95% 32.1M 0s
 29650K .......... .......... .......... .......... .......... 95% 40.2M 0s
 29700K .......... .......... .......... .......... .......... 95% 41.6M 0s
 29750K .......... .......... .......... .......... .......... 95% 42.9M 0s
 29800K .......... .......... .......... .......... .......... 95% 45.4M 0s
 29850K .......... .......... .......... .......... .......... 95% 39.2M 0s
 29900K .......... .......... .......... .......... .......... 96% 44.3M 0s
 29950K .......... .......... .......... .......... .......... 96% 45.5M 0s
 30000K .......... .......... .......... .......... .......... 96% 33.3M 0s
 30050K .......... .......... .......... .......... .......... 96% 42.8M 0s
 30100K .......... .......... .......... .......... .......... 96% 42.6M 0s
 30150K .......... .......... .......... .......... .......... 96% 7.28M 0s
 30200K .......... .......... .......... .......... .......... 97% 34.6M 0s
 30250K .......... .......... .......... .......... .......... 97% 42.4M 0s
 30300K .......... .......... .......... .......... .......... 97% 39.3M 0s
 30350K .......... .......... .......... .......... .......... 97% 37.4M 0s
 30400K .......... .......... .......... .......... .......... 97% 30.6M 0s
 30450K .......... .......... .......... .......... .......... 97% 40.1M 0s
 30500K .......... .......... .......... .......... .......... 98% 38.3M 0s
 30550K .......... .......... .......... .......... .......... 98% 40.7M 0s
 30600K .......... .......... .......... .......... .......... 98% 45.1M 0s
 30650K .......... .......... .......... .......... .......... 98% 45.0M 0s
 30700K .......... .......... .......... .......... .......... 98% 43.2M 0s
 30750K .......... .......... .......... .......... .......... 98% 44.3M 0s
 30800K .......... .......... .......... .......... .......... 98% 8.79M 0s
 30850K .......... .......... .......... .......... .......... 99% 42.1M 0s
 30900K .......... .......... .......... .......... .......... 99% 46.3M 0s
 30950K .......... .......... .......... .......... .......... 99% 42.3M 0s
 31000K .......... .......... .......... .......... .......... 99% 38.4M 0s
 31050K .......... .......... .......... .......... .......... 99% 45.3M 0s
 31100K .......... .......... .......... .......... .......... 99% 42.6M 0s
 31150K .......... .......... ...                             100% 42.5M=1.6s

2017-03-15 20:46:21 (18.7 MB/s) - `FetionX_Android_V6.2.2.apk' saved [31921211/31921211]

