--2017-01-04 23:06:52--  http://nnsic.cn/Xigty
Resolving nnsic.cn... 103.39.79.210
Connecting to nnsic.cn|103.39.79.210|:80... connected.
HTTP request sent, awaiting response... 301 Moved Permanently
Location: http://nnsic.cn/Xigty/ [following]
--2017-01-04 23:06:53--  http://nnsic.cn/Xigty/
Reusing existing connection to nnsic.cn:80.
HTTP request sent, awaiting response... 302 Object moved
Location: luxiang.apk [following]
--2017-01-04 23:06:53--  http://nnsic.cn/Xigty/luxiang.apk
Reusing existing connection to nnsic.cn:80.
HTTP request sent, awaiting response... 200 OK
Length: 213507 (209K) [application/vnd.android.package-archive]
Saving to: `luxiang.apk'

     0K .......... .......... .......... .......... .......... 23%  216K 1s
    50K .......... .......... .......... .......... .......... 47%  245K 0s
   100K .......... .......... .......... .......... .......... 71%  235K 0s
   150K .......... .......... .......... .......... .......... 95%  245K 0s
   200K ........                                              100%  255K=0.9s

2017-01-04 23:06:54 (235 KB/s) - `luxiang.apk' saved [213507/213507]

