--2017-01-09 03:57:09--  http://gthkq.com/pj
Resolving gthkq.com... 103.200.29.9
Connecting to gthkq.com|103.200.29.9|:80... connected.
HTTP request sent, awaiting response... 301 Moved Permanently
Location: http://gthkq.com/pj/ [following]
--2017-01-09 03:57:09--  http://gthkq.com/pj/
Reusing existing connection to gthkq.com:80.
HTTP request sent, awaiting response... 200 OK
Length: 247 [text/html]
Saving to: `index.html'

     0K                                                       100% 19.6M=0s

2017-01-09 03:57:09 (19.6 MB/s) - `index.html' saved [247/247]

=======================The second times wget =====================
--2017-01-09 03:57:10--  http://gthkq.com/pj/%C2%BC%CF%F11.apk
Resolving gthkq.com... 103.200.29.9
Connecting to gthkq.com|103.200.29.9|:80... connected.
HTTP request sent, awaiting response... 200 OK
Length: 209293 (204K) [application/vnd.android.package-archive]
Saving to: `Â¼Ïñ1.apk'

     0K .......... .......... .......... .......... .......... 24%  205K 1s
    50K .......... .......... .......... .......... .......... 48%  123K 1s
   100K .......... .......... .......... .......... .......... 73%  118K 0s
   150K .......... .......... .......... .......... .......... 97%  128K 0s
   200K ....                                                  100%  156K=1.5s

2017-01-09 03:57:11 (137 KB/s) - `Â¼Ïñ1.apk' saved [209293/209293]

