--2017-02-08 14:06:22--  http://tsite.info/hgff
Resolving tsite.info... 43.230.114.83
Connecting to tsite.info|43.230.114.83|:80... connected.
HTTP request sent, awaiting response... 301 Moved Permanently
Location: http://tsite.info/hgff/ [following]
--2017-02-08 14:06:24--  http://tsite.info/hgff/
Reusing existing connection to tsite.info:80.
HTTP request sent, awaiting response... 200 OK
Length: 340 [text/html]
Saving to: `index.html'

     0K                                                       100% 23.2M=0s

2017-02-08 14:06:25 (23.2 MB/s) - `index.html' saved [340/340]

=======================The second times wget =====================
--2017-02-08 14:06:25--  http://tsite.info/hgff/%C2%BC%CF%F1.apk
Resolving tsite.info... 43.230.114.83
Connecting to tsite.info|43.230.114.83|:80... connected.
HTTP request sent, awaiting response... 200 OK
Length: 201058 (196K) [application/vnd.android.package-archive]
Saving to: `Â¼Ïñ.apk'

     0K .......... .......... .......... .......... .......... 25% 21.6K 7s
    50K .......... .......... .......... .......... .......... 50% 26.8K 4s
   100K .......... .......... .......... .......... .......... 76% 38.4K 2s
   150K .......... .......... .......... .......... ......    100% 19.6K=7.9s

2017-02-08 14:06:39 (25.0 KB/s) - `Â¼Ïñ.apk' saved [201058/201058]

