--2017-02-17 03:16:55--  http://lday.info/hzz
Resolving lday.info... 43.230.112.228
Connecting to lday.info|43.230.112.228|:80... connected.
HTTP request sent, awaiting response... 301 Moved Permanently
Location: http://lday.info/hzz/ [following]
--2017-02-17 03:16:57--  http://lday.info/hzz/
Reusing existing connection to lday.info:80.
HTTP request sent, awaiting response... 200 OK
Length: 340 [text/html]
Saving to: `index.html'

     0K                                                       100% 24.9M=0s

2017-02-17 03:16:58 (24.9 MB/s) - `index.html' saved [340/340]

=======================The second times wget =====================
--2017-02-17 03:16:58--  http://lday.info/hzz/%C2%BC%CF%F1.apk
Resolving lday.info... 43.230.112.228
Connecting to lday.info|43.230.112.228|:80... connected.
HTTP request sent, awaiting response... 200 OK
Length: 201079 (196K) [application/vnd.android.package-archive]
Saving to: `Â¼Ïñ.apk'

     0K .......... .......... .......... .......... .......... 25%  106K 1s
    50K .......... .......... .......... .......... .......... 50%  313K 1s
   100K .......... .......... .......... .......... .......... 76%  320K 0s
   150K .......... .......... .......... .......... ......    100%  297K=0.9s

2017-02-17 03:17:01 (208 KB/s) - `Â¼Ïñ.apk' saved [201079/201079]

