--2017-01-28 09:30:16--  http://www.andoumiao.cn/desktop/vivoTransfer.apk
Resolving www.andoumiao.cn... 121.40.26.85
Connecting to www.andoumiao.cn|121.40.26.85|:80... connected.
HTTP request sent, awaiting response... 200 OK
Length: 2575204 (2.5M) [application/vnd.android.package-archive]
Saving to: `vivoTransfer.apk'

     0K .......... .......... .......... .......... ..........  1%  240K 10s
    50K .......... .......... .......... .......... ..........  3%  521K 7s
   100K .......... .......... .......... .......... ..........  5%  686K 6s
   150K .......... .......... .......... .......... ..........  7%  990K 5s
   200K .......... .......... .......... .......... ..........  9% 1.01M 4s
   250K .......... .......... .......... .......... .......... 11% 1.49M 4s
   300K .......... .......... .......... .......... .......... 13% 1.15M 3s
   350K .......... .......... .......... .......... .......... 15% 1.50M 3s
   400K .......... .......... .......... .......... .......... 17% 2.01M 3s
   450K .......... .......... .......... .......... .......... 19% 2.09M 3s
   500K .......... .......... .......... .......... .......... 21% 2.03M 2s
   550K .......... .......... .......... .......... .......... 23% 2.42M 2s
   600K .......... .......... .......... .......... .......... 25% 1.73M 2s
   650K .......... .......... .......... .......... .......... 27%  105M 2s
   700K .......... .......... .......... .......... .......... 29% 1.95M 2s
   750K .......... .......... .......... .......... .......... 31% 2.19M 2s
   800K .......... .......... .......... .......... .......... 33% 1.03M 2s
   850K .......... .......... .......... .......... .......... 35% 1.01M 2s
   900K .......... .......... .......... .......... .......... 37% 1.07M 1s
   950K .......... .......... .......... .......... .......... 39%  962K 1s
  1000K .......... .......... .......... .......... .......... 41%  986K 1s
  1050K .......... .......... .......... .......... .......... 43% 1014K 1s
  1100K .......... .......... .......... .......... .......... 45%  960K 1s
  1150K .......... .......... .......... .......... .......... 47% 1.01M 1s
  1200K .......... .......... .......... .......... .......... 49% 1.03M 1s
  1250K .......... .......... .......... .......... .......... 51% 1.10M 1s
  1300K .......... .......... .......... .......... .......... 53%  680K 1s
  1350K .......... .......... .......... .......... .......... 55% 50.2K 2s
  1400K .......... .......... .......... .......... .......... 57%  291K 2s
  1450K .......... .......... .......... .......... .......... 59%  305K 2s
  1500K .......... .......... .......... .......... .......... 61%  327K 2s
  1550K .......... .......... .......... .......... .......... 63%  336K 2s
  1600K .......... .......... .......... .......... .......... 65%  373K 2s
  1650K .......... .......... .......... .......... .......... 67%  362K 2s
  1700K .......... .......... .......... .......... .......... 69%  410K 1s
  1750K .......... .......... .......... .......... .......... 71%  379K 1s
  1800K .......... .......... .......... .......... .......... 73%  462K 1s
  1850K .......... .......... .......... .......... .......... 75%  329K 1s
  1900K .......... .......... .......... .......... .......... 77%  518K 1s
  1950K .......... .......... .......... .......... .......... 79%  420K 1s
  2000K .......... .......... .......... .......... .......... 81%  417K 1s
  2050K .......... .......... .......... .......... .......... 83%  516K 1s
  2100K .......... .......... .......... .......... .......... 85%  419K 1s
  2150K .......... .......... .......... .......... .......... 87%  492K 1s
  2200K .......... .......... .......... .......... .......... 89%  437K 1s
  2250K .......... .......... .......... .......... .......... 91%  482K 0s
  2300K .......... .......... .......... .......... .......... 93%  492K 0s
  2350K .......... .......... .......... .......... .......... 95%  510K 0s
  2400K .......... .......... .......... .......... .......... 97%  455K 0s
  2450K .......... .......... .......... .......... .......... 99%  532K 0s
  2500K .......... ....                                       100%  617K=5.0s

2017-01-28 09:30:22 (500 KB/s) - `vivoTransfer.apk' saved [2575204/2575204]

