--2016-12-06 10:53:12--  http://t.cn/RzwLVY1
Resolving t.cn... 180.149.135.224
Connecting to t.cn|180.149.135.224|:80... connected.
HTTP request sent, awaiting response... 302 Found
Location: http://m.17u.cn/m/1/281 [following]
--2016-12-06 10:53:12--  http://m.17u.cn/m/1/281
Resolving m.17u.cn... 222.243.111.36, 222.89.69.47
Connecting to m.17u.cn|222.243.111.36|:80... connected.
HTTP request sent, awaiting response... 302 Moved Temporarily
Location: http://m.17u.cn/client/qr/5866720 [following]
--2016-12-06 10:53:12--  http://m.17u.cn/client/qr/5866720
Connecting to m.17u.cn|222.243.111.36|:80... connected.
HTTP request sent, awaiting response... 302 Moved Temporarily
Location: //shouji.17u.cn/download/android/subchannel/tongcheng_5866720.apk [following]
--2016-12-06 10:53:12--  http://shouji.17u.cn/download/android/subchannel/tongcheng_5866720.apk
Resolving shouji.17u.cn... 175.6.128.242
Connecting to shouji.17u.cn|175.6.128.242|:80... connected.
HTTP request sent, awaiting response... 200 OK
Length: 35397209 (34M) [application/vnd.android.package-archive]
Saving to: `tongcheng_5866720.apk'

     0K .......... .......... .......... .......... ..........  0% 14.9M 2s
    50K .......... .......... .......... .......... ..........  0% 41.2M 2s
   100K .......... .......... .......... .......... ..........  0% 27.3M 1s
   150K .......... .......... .......... .......... ..........  0% 43.8M 1s
   200K .......... .......... .......... .......... ..........  0% 41.3M 1s
   250K .......... .......... .......... .......... ..........  0% 58.7M 1s
   300K .......... .......... .......... .......... ..........  1% 61.6M 1s
   350K .......... .......... .......... .......... ..........  1% 69.8M 1s
   400K .......... .......... .......... .......... ..........  1% 65.9M 1s
   450K .......... .......... .......... .......... ..........  1% 72.4M 1s
   500K .......... .......... .......... .......... ..........  1% 80.8M 1s
   550K .......... .......... .......... .......... ..........  1% 81.4M 1s
   600K .......... .......... .......... .......... ..........  1% 75.7M 1s
   650K .......... .......... .......... .......... ..........  2% 80.8M 1s
   700K .......... .......... .......... .......... ..........  2%  102M 1s
   750K .......... .......... .......... .......... ..........  2% 29.1M 1s
   800K .......... .......... .......... .......... ..........  2% 71.0M 1s
   850K .......... .......... .......... .......... ..........  2% 81.1M 1s
   900K .......... .......... .......... .......... ..........  2% 87.5M 1s
   950K .......... .......... .......... .......... ..........  2% 81.9M 1s
  1000K .......... .......... .......... .......... ..........  3% 5.64M 1s
  1050K .......... .......... .......... .......... ..........  3% 78.5M 1s
  1100K .......... .......... .......... .......... ..........  3% 76.1M 1s
  1150K .......... .......... .......... .......... ..........  3%  116M 1s
  1200K .......... .......... .......... .......... ..........  3%  100M 1s
  1250K .......... .......... .......... .......... ..........  3%  101M 1s
  1300K .......... .......... .......... .......... ..........  3% 83.2M 1s
  1350K .......... .......... .......... .......... ..........  4% 64.4M 1s
  1400K .......... .......... .......... .......... ..........  4% 87.8M 1s
  1450K .......... .......... .......... .......... ..........  4% 75.9M 1s
  1500K .......... .......... .......... .......... ..........  4% 77.0M 1s
  1550K .......... .......... .......... .......... ..........  4% 50.8M 1s
  1600K .......... .......... .......... .......... ..........  4% 62.3M 1s
  1650K .......... .......... .......... .......... ..........  4% 75.8M 1s
  1700K .......... .......... .......... .......... ..........  5% 73.8M 1s
  1750K .......... .......... .......... .......... ..........  5% 63.3M 1s
  1800K .......... .......... .......... .......... ..........  5% 70.1M 1s
  1850K .......... .......... .......... .......... ..........  5% 62.2M 1s
  1900K .......... .......... .......... .......... ..........  5% 83.9M 1s
  1950K .......... .......... .......... .......... ..........  5% 77.8M 1s
  2000K .......... .......... .......... .......... ..........  5% 48.4M 1s
  2050K .......... .......... .......... .......... ..........  6% 78.6M 1s
  2100K .......... .......... .......... .......... ..........  6% 81.1M 1s
  2150K .......... .......... .......... .......... ..........  6% 73.6M 1s
  2200K .......... .......... .......... .......... ..........  6% 31.0M 1s
  2250K .......... .......... .......... .......... ..........  6% 65.3M 1s
  2300K .......... .......... .......... .......... ..........  6% 69.5M 1s
  2350K .......... .......... .......... .......... ..........  6% 70.1M 1s
  2400K .......... .......... .......... .......... ..........  7% 64.6M 1s
  2450K .......... .......... .......... .......... ..........  7%  121M 1s
  2500K .......... .......... .......... .......... ..........  7% 71.9M 1s
  2550K .......... .......... .......... .......... ..........  7% 64.9M 1s
  2600K .......... .......... .......... .......... ..........  7% 65.3M 1s
  2650K .......... .......... .......... .......... ..........  7% 75.8M 1s
  2700K .......... .......... .......... .......... ..........  7% 76.3M 1s
  2750K .......... .......... .......... .......... ..........  8% 67.6M 1s
  2800K .......... .......... .......... .......... ..........  8% 68.4M 1s
  2850K .......... .......... .......... .......... ..........  8% 75.7M 1s
  2900K .......... .......... .......... .......... ..........  8% 89.4M 1s
  2950K .......... .......... .......... .......... ..........  8% 76.4M 1s
  3000K .......... .......... .......... .......... ..........  8% 62.9M 1s
  3050K .......... .......... .......... .......... ..........  8% 84.5M 1s
  3100K .......... .......... .......... .......... ..........  9% 58.3M 1s
  3150K .......... .......... .......... .......... ..........  9% 98.2M 1s
  3200K .......... .......... .......... .......... ..........  9%  100M 1s
  3250K .......... .......... .......... .......... ..........  9% 80.6M 1s
  3300K .......... .......... .......... .......... ..........  9% 42.4M 1s
  3350K .......... .......... .......... .......... ..........  9% 49.3M 1s
  3400K .......... .......... .......... .......... ..........  9%  103M 1s
  3450K .......... .......... .......... .......... .......... 10% 49.9M 1s
  3500K .......... .......... .......... .......... .......... 10% 47.1M 1s
  3550K .......... .......... .......... .......... .......... 10% 58.0M 1s
  3600K .......... .......... .......... .......... .......... 10% 66.8M 1s
  3650K .......... .......... .......... .......... .......... 10% 43.9M 1s
  3700K .......... .......... .......... .......... .......... 10% 61.7M 1s
  3750K .......... .......... .......... .......... .......... 10%  114M 1s
  3800K .......... .......... .......... .......... .......... 11% 85.4M 1s
  3850K .......... .......... .......... .......... .......... 11% 70.2M 1s
  3900K .......... .......... .......... .......... .......... 11% 71.6M 1s
  3950K .......... .......... .......... .......... .......... 11% 76.7M 1s
  4000K .......... .......... .......... .......... .......... 11%  110M 1s
  4050K .......... .......... .......... .......... .......... 11% 47.2M 1s
  4100K .......... .......... .......... .......... .......... 12% 69.9M 1s
  4150K .......... .......... .......... .......... .......... 12% 98.0M 1s
  4200K .......... .......... .......... .......... .......... 12% 88.6M 1s
  4250K .......... .......... .......... .......... .......... 12%  110M 1s
  4300K .......... .......... .......... .......... .......... 12% 88.6M 1s
  4350K .......... .......... .......... .......... .......... 12%  104M 1s
  4400K .......... .......... .......... .......... .......... 12% 69.7M 1s
  4450K .......... .......... .......... .......... .......... 13% 44.8M 1s
  4500K .......... .......... .......... .......... .......... 13% 75.7M 1s
  4550K .......... .......... .......... .......... .......... 13% 84.5M 1s
  4600K .......... .......... .......... .......... .......... 13% 84.2M 1s
  4650K .......... .......... .......... .......... .......... 13% 89.3M 0s
  4700K .......... .......... .......... .......... .......... 13% 57.8M 0s
  4750K .......... .......... .......... .......... .......... 13% 87.2M 0s
  4800K .......... .......... .......... .......... .......... 14%  117M 0s
  4850K .......... .......... .......... .......... .......... 14% 90.9M 0s
  4900K .......... .......... .......... .......... .......... 14% 17.0M 1s
  4950K .......... .......... .......... .......... .......... 14%  121M 0s
  5000K .......... .......... .......... .......... .......... 14% 99.6M 0s
  5050K .......... .......... .......... .......... .......... 14%  100M 0s
  5100K .......... .......... .......... .......... .......... 14% 5.11M 1s
  5150K .......... .......... .......... .......... .......... 15% 88.0M 1s
  5200K .......... .......... .......... .......... .......... 15% 90.3M 1s
  5250K .......... .......... .......... .......... .......... 15% 71.9M 1s
  5300K .......... .......... .......... .......... .......... 15%  117M 1s
  5350K .......... .......... .......... .......... .......... 15% 75.8M 1s
  5400K .......... .......... .......... .......... .......... 15% 62.4M 1s
  5450K .......... .......... .......... .......... .......... 15% 66.9M 1s
  5500K .......... .......... .......... .......... .......... 16% 99.0M 1s
  5550K .......... .......... .......... .......... .......... 16% 72.3M 1s
  5600K .......... .......... .......... .......... .......... 16%  105M 1s
  5650K .......... .......... .......... .......... .......... 16% 31.0M 1s
  5700K .......... .......... .......... .......... .......... 16% 71.9M 1s
  5750K .......... .......... .......... .......... .......... 16% 91.3M 1s
  5800K .......... .......... .......... .......... .......... 16% 44.8M 1s
  5850K .......... .......... .......... .......... .......... 17% 75.6M 1s
  5900K .......... .......... .......... .......... .......... 17% 55.0M 1s
  5950K .......... .......... .......... .......... .......... 17% 81.8M 1s
  6000K .......... .......... .......... .......... .......... 17% 68.7M 1s
  6050K .......... .......... .......... .......... .......... 17% 55.8M 1s
  6100K .......... .......... .......... .......... .......... 17%  121M 1s
  6150K .......... .......... .......... .......... .......... 17% 50.1M 1s
  6200K .......... .......... .......... .......... .......... 18% 84.2M 0s
  6250K .......... .......... .......... .......... .......... 18%  104M 0s
  6300K .......... .......... .......... .......... .......... 18% 69.2M 0s
  6350K .......... .......... .......... .......... .......... 18% 29.7M 0s
  6400K .......... .......... .......... .......... .......... 18% 40.5M 0s
  6450K .......... .......... .......... .......... .......... 18% 76.7M 0s
  6500K .......... .......... .......... .......... .......... 18%  121M 0s
  6550K .......... .......... .......... .......... .......... 19% 56.4M 0s
  6600K .......... .......... .......... .......... .......... 19% 40.1M 0s
  6650K .......... .......... .......... .......... .......... 19% 51.1M 0s
  6700K .......... .......... .......... .......... .......... 19%  111M 0s
  6750K .......... .......... .......... .......... .......... 19%  126M 0s
  6800K .......... .......... .......... .......... .......... 19% 72.6M 0s
  6850K .......... .......... .......... .......... .......... 19% 51.9M 0s
  6900K .......... .......... .......... .......... .......... 20%  121M 0s
  6950K .......... .......... .......... .......... .......... 20% 82.5M 0s
  7000K .......... .......... .......... .......... .......... 20% 52.1M 0s
  7050K .......... .......... .......... .......... .......... 20% 73.6M 0s
  7100K .......... .......... .......... .......... .......... 20% 83.5M 0s
  7150K .......... .......... .......... .......... .......... 20% 53.7M 0s
  7200K .......... .......... .......... .......... .......... 20% 48.6M 0s
  7250K .......... .......... .......... .......... .......... 21% 96.9M 0s
  7300K .......... .......... .......... .......... .......... 21% 35.2M 0s
  7350K .......... .......... .......... .......... .......... 21% 43.6M 0s
  7400K .......... .......... .......... .......... .......... 21% 64.8M 0s
  7450K .......... .......... .......... .......... .......... 21% 54.6M 0s
  7500K .......... .......... .......... .......... .......... 21% 37.7M 0s
  7550K .......... .......... .......... .......... .......... 21% 60.0M 0s
  7600K .......... .......... .......... .......... .......... 22% 49.5M 0s
  7650K .......... .......... .......... .......... .......... 22% 87.7M 0s
  7700K .......... .......... .......... .......... .......... 22% 79.3M 0s
  7750K .......... .......... .......... .......... .......... 22% 65.9M 0s
  7800K .......... .......... .......... .......... .......... 22% 79.4M 0s
  7850K .......... .......... .......... .......... .......... 22%  111M 0s
  7900K .......... .......... .......... .......... .......... 22% 95.7M 0s
  7950K .......... .......... .......... .......... .......... 23% 49.8M 0s
  8000K .......... .......... .......... .......... .......... 23% 61.2M 0s
  8050K .......... .......... .......... .......... .......... 23% 48.3M 0s
  8100K .......... .......... .......... .......... .......... 23% 63.2M 0s
  8150K .......... .......... .......... .......... .......... 23% 6.77M 0s
  8200K .......... .......... .......... .......... .......... 23%  159M 0s
  8250K .......... .......... .......... .......... .......... 24% 93.5M 0s
  8300K .......... .......... .......... .......... .......... 24%  108M 0s
  8350K .......... .......... .......... .......... .......... 24% 86.6M 0s
  8400K .......... .......... .......... .......... .......... 24% 50.5M 0s
  8450K .......... .......... .......... .......... .......... 24%  128M 0s
  8500K .......... .......... .......... .......... .......... 24% 61.2M 0s
  8550K .......... .......... .......... .......... .......... 24% 94.8M 0s
  8600K .......... .......... .......... .......... .......... 25% 67.0M 0s
  8650K .......... .......... .......... .......... .......... 25% 58.1M 0s
  8700K .......... .......... .......... .......... .......... 25% 59.5M 0s
  8750K .......... .......... .......... .......... .......... 25% 60.5M 0s
  8800K .......... .......... .......... .......... .......... 25%  113M 0s
  8850K .......... .......... .......... .......... .......... 25% 53.1M 0s
  8900K .......... .......... .......... .......... .......... 25% 98.0M 0s
  8950K .......... .......... .......... .......... .......... 26% 80.6M 0s
  9000K .......... .......... .......... .......... .......... 26% 46.9M 0s
  9050K .......... .......... .......... .......... .......... 26% 92.5M 0s
  9100K .......... .......... .......... .......... .......... 26% 64.2M 0s
  9150K .......... .......... .......... .......... .......... 26%  114M 0s
  9200K .......... .......... .......... .......... .......... 26% 99.2M 0s
  9250K .......... .......... .......... .......... .......... 26%  107M 0s
  9300K .......... .......... .......... .......... .......... 27%  114M 0s
  9350K .......... .......... .......... .......... .......... 27% 65.1M 0s
  9400K .......... .......... .......... .......... .......... 27% 70.6M 0s
  9450K .......... .......... .......... .......... .......... 27%  111M 0s
  9500K .......... .......... .......... .......... .......... 27% 74.7M 0s
  9550K .......... .......... .......... .......... .......... 27% 78.9M 0s
  9600K .......... .......... .......... .......... .......... 27% 95.0M 0s
  9650K .......... .......... .......... .......... .......... 28% 61.8M 0s
  9700K .......... .......... .......... .......... .......... 28%  114M 0s
  9750K .......... .......... .......... .......... .......... 28% 95.9M 0s
  9800K .......... .......... .......... .......... .......... 28%  111M 0s
  9850K .......... .......... .......... .......... .......... 28% 79.8M 0s
  9900K .......... .......... .......... .......... .......... 28%  109M 0s
  9950K .......... .......... .......... .......... .......... 28% 44.6M 0s
 10000K .......... .......... .......... .......... .......... 29% 79.0M 0s
 10050K .......... .......... .......... .......... .......... 29% 74.9M 0s
 10100K .......... .......... .......... .......... .......... 29% 44.2M 0s
 10150K .......... .......... .......... .......... .......... 29% 50.2M 0s
 10200K .......... .......... .......... .......... .......... 29% 8.79M 0s
 10250K .......... .......... .......... .......... .......... 29% 60.8M 0s
 10300K .......... .......... .......... .......... .......... 29%  107M 0s
 10350K .......... .......... .......... .......... .......... 30% 72.8M 0s
 10400K .......... .......... .......... .......... .......... 30%  133M 0s
 10450K .......... .......... .......... .......... .......... 30% 88.1M 0s
 10500K .......... .......... .......... .......... .......... 30%  103M 0s
 10550K .......... .......... .......... .......... .......... 30% 91.4M 0s
 10600K .......... .......... .......... .......... .......... 30%  135M 0s
 10650K .......... .......... .......... .......... .......... 30% 59.1M 0s
 10700K .......... .......... .......... .......... .......... 31%  115M 0s
 10750K .......... .......... .......... .......... .......... 31% 95.0M 0s
 10800K .......... .......... .......... .......... .......... 31% 84.8M 0s
 10850K .......... .......... .......... .......... .......... 31% 75.6M 0s
 10900K .......... .......... .......... .......... .......... 31% 76.9M 0s
 10950K .......... .......... .......... .......... .......... 31%  109M 0s
 11000K .......... .......... .......... .......... .......... 31% 59.5M 0s
 11050K .......... .......... .......... .......... .......... 32% 98.2M 0s
 11100K .......... .......... .......... .......... .......... 32% 76.5M 0s
 11150K .......... .......... .......... .......... .......... 32% 37.8M 0s
 11200K .......... .......... .......... .......... .......... 32%  127M 0s
 11250K .......... .......... .......... .......... .......... 32% 43.9M 0s
 11300K .......... .......... .......... .......... .......... 32% 74.4M 0s
 11350K .......... .......... .......... .......... .......... 32% 71.8M 0s
 11400K .......... .......... .......... .......... .......... 33% 68.2M 0s
 11450K .......... .......... .......... .......... .......... 33% 92.0M 0s
 11500K .......... .......... .......... .......... .......... 33% 70.0M 0s
 11550K .......... .......... .......... .......... .......... 33% 82.3M 0s
 11600K .......... .......... .......... .......... .......... 33% 89.4M 0s
 11650K .......... .......... .......... .......... .......... 33% 87.8M 0s
 11700K .......... .......... .......... .......... .......... 33%  102M 0s
 11750K .......... .......... .......... .......... .......... 34% 82.8M 0s
 11800K .......... .......... .......... .......... .......... 34% 82.3M 0s
 11850K .......... .......... .......... .......... .......... 34% 71.6M 0s
 11900K .......... .......... .......... .......... .......... 34% 15.1M 0s
 11950K .......... .......... .......... .......... .......... 34%  155M 0s
 12000K .......... .......... .......... .......... .......... 34%  173M 0s
 12050K .......... .......... .......... .......... .......... 35% 54.6M 0s
 12100K .......... .......... .......... .......... .......... 35%  150M 0s
 12150K .......... .......... .......... .......... .......... 35%  171M 0s
 12200K .......... .......... .......... .......... .......... 35% 37.3M 0s
 12250K .......... .......... .......... .......... .......... 35%  120M 0s
 12300K .......... .......... .......... .......... .......... 35%  199M 0s
 12350K .......... .......... .......... .......... .......... 35%  114M 0s
 12400K .......... .......... .......... .......... .......... 36%  167M 0s
 12450K .......... .......... .......... .......... .......... 36%  191M 0s
 12500K .......... .......... .......... .......... .......... 36% 27.2M 0s
 12550K .......... .......... .......... .......... .......... 36%  184M 0s
 12600K .......... .......... .......... .......... .......... 36%  162M 0s
 12650K .......... .......... .......... .......... .......... 36%  178M 0s
 12700K .......... .......... .......... .......... .......... 36% 75.6M 0s
 12750K .......... .......... .......... .......... .......... 37%  166M 0s
 12800K .......... .......... .......... .......... .......... 37% 25.4M 0s
 12850K .......... .......... .......... .......... .......... 37%  180M 0s
 12900K .......... .......... .......... .......... .......... 37%  180M 0s
 12950K .......... .......... .......... .......... .......... 37% 35.8M 0s
 13000K .......... .......... .......... .......... .......... 37%  193M 0s
 13050K .......... .......... .......... .......... .......... 37%  188M 0s
 13100K .......... .......... .......... .......... .......... 38% 35.4M 0s
 13150K .......... .......... .......... .......... .......... 38%  154M 0s
 13200K .......... .......... .......... .......... .......... 38%  183M 0s
 13250K .......... .......... .......... .......... .......... 38%  202M 0s
 13300K .......... .......... .......... .......... .......... 38% 18.5M 0s
 13350K .......... .......... .......... .......... .......... 38%  102M 0s
 13400K .......... .......... .......... .......... .......... 38% 61.0M 0s
 13450K .......... .......... .......... .......... .......... 39% 86.4M 0s
 13500K .......... .......... .......... .......... .......... 39%  100M 0s
 13550K .......... .......... .......... .......... .......... 39% 94.8M 0s
 13600K .......... .......... .......... .......... .......... 39%  101M 0s
 13650K .......... .......... .......... .......... .......... 39% 75.1M 0s
 13700K .......... .......... .......... .......... .......... 39% 72.4M 0s
 13750K .......... .......... .......... .......... .......... 39% 83.5M 0s
 13800K .......... .......... .......... .......... .......... 40% 93.4M 0s
 13850K .......... .......... .......... .......... .......... 40%  110M 0s
 13900K .......... .......... .......... .......... .......... 40% 63.9M 0s
 13950K .......... .......... .......... .......... .......... 40% 77.0M 0s
 14000K .......... .......... .......... .......... .......... 40% 94.6M 0s
 14050K .......... .......... .......... .......... .......... 40%  104M 0s
 14100K .......... .......... .......... .......... .......... 40% 94.8M 0s
 14150K .......... .......... .......... .......... .......... 41% 94.1M 0s
 14200K .......... .......... .......... .......... .......... 41%  105M 0s
 14250K .......... .......... .......... .......... .......... 41% 97.5M 0s
 14300K .......... .......... .......... .......... .......... 41% 41.0M 0s
 14350K .......... .......... .......... .......... .......... 41% 89.3M 0s
 14400K .......... .......... .......... .......... .......... 41% 89.1M 0s
 14450K .......... .......... .......... .......... .......... 41% 80.3M 0s
 14500K .......... .......... .......... .......... .......... 42% 77.0M 0s
 14550K .......... .......... .......... .......... .......... 42%  101M 0s
 14600K .......... .......... .......... .......... .......... 42% 48.7M 0s
 14650K .......... .......... .......... .......... .......... 42% 97.5M 0s
 14700K .......... .......... .......... .......... .......... 42% 63.3M 0s
 14750K .......... .......... .......... .......... .......... 42% 83.9M 0s
 14800K .......... .......... .......... .......... .......... 42% 58.4M 0s
 14850K .......... .......... .......... .......... .......... 43% 71.8M 0s
 14900K .......... .......... .......... .......... .......... 43% 97.5M 0s
 14950K .......... .......... .......... .......... .......... 43% 85.4M 0s
 15000K .......... .......... .......... .......... .......... 43% 76.4M 0s
 15050K .......... .......... .......... .......... .......... 43% 63.4M 0s
 15100K .......... .......... .......... .......... .......... 43%  114M 0s
 15150K .......... .......... .......... .......... .......... 43% 95.7M 0s
 15200K .......... .......... .......... .......... .......... 44% 73.0M 0s
 15250K .......... .......... .......... .......... .......... 44% 72.4M 0s
 15300K .......... .......... .......... .......... .......... 44% 99.4M 0s
 15350K .......... .......... .......... .......... .......... 44% 61.7M 0s
 15400K .......... .......... .......... .......... .......... 44%  106M 0s
 15450K .......... .......... .......... .......... .......... 44% 67.1M 0s
 15500K .......... .......... .......... .......... .......... 44% 77.1M 0s
 15550K .......... .......... .......... .......... .......... 45%  112M 0s
 15600K .......... .......... .......... .......... .......... 45% 62.2M 0s
 15650K .......... .......... .......... .......... .......... 45% 77.4M 0s
 15700K .......... .......... .......... .......... .......... 45% 83.2M 0s
 15750K .......... .......... .......... .......... .......... 45% 79.5M 0s
 15800K .......... .......... .......... .......... .......... 45% 90.6M 0s
 15850K .......... .......... .......... .......... .......... 45% 95.4M 0s
 15900K .......... .......... .......... .......... .......... 46% 98.2M 0s
 15950K .......... .......... .......... .......... .......... 46% 20.9M 0s
 16000K .......... .......... .......... .......... .......... 46%  149M 0s
 16050K .......... .......... .......... .......... .......... 46%  136M 0s
 16100K .......... .......... .......... .......... .......... 46%  160M 0s
 16150K .......... .......... .......... .......... .......... 46%  166M 0s
 16200K .......... .......... .......... .......... .......... 47% 12.0M 0s
 16250K .......... .......... .......... .......... .......... 47%  189M 0s
 16300K .......... .......... .......... .......... .......... 47%  191M 0s
 16350K .......... .......... .......... .......... .......... 47% 13.2M 0s
 16400K .......... .......... .......... .......... .......... 47%  160M 0s
 16450K .......... .......... .......... .......... .......... 47% 29.3M 0s
 16500K .......... .......... .......... .......... .......... 47%  189M 0s
 16550K .......... .......... .......... .......... .......... 48%  174M 0s
 16600K .......... .......... .......... .......... .......... 48% 34.3M 0s
 16650K .......... .......... .......... .......... .......... 48%  151M 0s
 16700K .......... .......... .......... .......... .......... 48%  149M 0s
 16750K .......... .......... .......... .......... .......... 48% 20.2M 0s
 16800K .......... .......... .......... .......... .......... 48%  176M 0s
 16850K .......... .......... .......... .......... .......... 48%  189M 0s
 16900K .......... .......... .......... .......... .......... 49%  144M 0s
 16950K .......... .......... .......... .......... .......... 49%  140M 0s
 17000K .......... .......... .......... .......... .......... 49% 56.2M 0s
 17050K .......... .......... .......... .......... .......... 49%  184M 0s
 17100K .......... .......... .......... .......... .......... 49%  171M 0s
 17150K .......... .......... .......... .......... .......... 49% 36.4M 0s
 17200K .......... .......... .......... .......... .......... 49%  151M 0s
 17250K .......... .......... .......... .......... .......... 50%  195M 0s
 17300K .......... .......... .......... .......... .......... 50% 31.7M 0s
 17350K .......... .......... .......... .......... .......... 50%  200M 0s
 17400K .......... .......... .......... .......... .......... 50%  183M 0s
 17450K .......... .......... .......... .......... .......... 50% 32.1M 0s
 17500K .......... .......... .......... .......... .......... 50%  165M 0s
 17550K .......... .......... .......... .......... .......... 50%  164M 0s
 17600K .......... .......... .......... .......... .......... 51% 37.2M 0s
 17650K .......... .......... .......... .......... .......... 51%  153M 0s
 17700K .......... .......... .......... .......... .......... 51%  204M 0s
 17750K .......... .......... .......... .......... .......... 51% 22.3M 0s
 17800K .......... .......... .......... .......... .......... 51%  130M 0s
 17850K .......... .......... .......... .......... .......... 51%  178M 0s
 17900K .......... .......... .......... .......... .......... 51%  174M 0s
 17950K .......... .......... .......... .......... .......... 52% 83.9M 0s
 18000K .......... .......... .......... .......... .......... 52%  196M 0s
 18050K .......... .......... .......... .......... .......... 52% 28.3M 0s
 18100K .......... .......... .......... .......... .......... 52%  108M 0s
 18150K .......... .......... .......... .......... .......... 52%  133M 0s
 18200K .......... .......... .......... .......... .......... 52% 47.4M 0s
 18250K .......... .......... .......... .......... .......... 52%  171M 0s
 18300K .......... .......... .......... .......... .......... 53%  169M 0s
 18350K .......... .......... .......... .......... .......... 53%  130M 0s
 18400K .......... .......... .......... .......... .......... 53% 40.0M 0s
 18450K .......... .......... .......... .......... .......... 53%  189M 0s
 18500K .......... .......... .......... .......... .......... 53% 26.0M 0s
 18550K .......... .......... .......... .......... .......... 53%  179M 0s
 18600K .......... .......... .......... .......... .......... 53%  181M 0s
 18650K .......... .......... .......... .......... .......... 54% 36.9M 0s
 18700K .......... .......... .......... .......... .......... 54%  191M 0s
 18750K .......... .......... .......... .......... .......... 54%  177M 0s
 18800K .......... .......... .......... .......... .......... 54% 37.5M 0s
 18850K .......... .......... .......... .......... .......... 54%  184M 0s
 18900K .......... .......... .......... .......... .......... 54%  189M 0s
 18950K .......... .......... .......... .......... .......... 54% 31.0M 0s
 19000K .......... .......... .......... .......... .......... 55%  184M 0s
 19050K .......... .......... .......... .......... .......... 55%  186M 0s
 19100K .......... .......... .......... .......... .......... 55%  111M 0s
 19150K .......... .......... .......... .......... .......... 55%  178M 0s
 19200K .......... .......... .......... .......... .......... 55%  118M 0s
 19250K .......... .......... .......... .......... .......... 55%  150M 0s
 19300K .......... .......... .......... .......... .......... 55%  139M 0s
 19350K .......... .......... .......... .......... .......... 56%  117M 0s
 19400K .......... .......... .......... .......... .......... 56% 82.3M 0s
 19450K .......... .......... .......... .......... .......... 56% 7.28M 0s
 19500K .......... .......... .......... .......... .......... 56% 64.3M 0s
 19550K .......... .......... .......... .......... .......... 56% 85.1M 0s
 19600K .......... .......... .......... .......... .......... 56% 71.7M 0s
 19650K .......... .......... .......... .......... .......... 56% 77.9M 0s
 19700K .......... .......... .......... .......... .......... 57% 88.1M 0s
 19750K .......... .......... .......... .......... .......... 57%  105M 0s
 19800K .......... .......... .......... .......... .......... 57% 45.8M 0s
 19850K .......... .......... .......... .......... .......... 57% 72.0M 0s
 19900K .......... .......... .......... .......... .......... 57% 77.8M 0s
 19950K .......... .......... .......... .......... .......... 57%  108M 0s
 20000K .......... .......... .......... .......... .......... 58% 94.4M 0s
 20050K .......... .......... .......... .......... .......... 58%  114M 0s
 20100K .......... .......... .......... .......... .......... 58% 73.9M 0s
 20150K .......... .......... .......... .......... .......... 58% 57.4M 0s
 20200K .......... .......... .......... .......... .......... 58% 92.5M 0s
 20250K .......... .......... .......... .......... .......... 58% 88.3M 0s
 20300K .......... .......... .......... .......... .......... 58%  113M 0s
 20350K .......... .......... .......... .......... .......... 59%  113M 0s
 20400K .......... .......... .......... .......... .......... 59% 82.6M 0s
 20450K .......... .......... .......... .......... .......... 59% 13.0M 0s
 20500K .......... .......... .......... .......... .......... 59% 73.8M 0s
 20550K .......... .......... .......... .......... .......... 59% 92.8M 0s
 20600K .......... .......... .......... .......... .......... 59%  112M 0s
 20650K .......... .......... .......... .......... .......... 59% 85.8M 0s
 20700K .......... .......... .......... .......... .......... 60%  132M 0s
 20750K .......... .......... .......... .......... .......... 60% 93.0M 0s
 20800K .......... .......... .......... .......... .......... 60% 21.7M 0s
 20850K .......... .......... .......... .......... .......... 60%  194M 0s
 20900K .......... .......... .......... .......... .......... 60%  201M 0s
 20950K .......... .......... .......... .......... .......... 60% 34.3M 0s
 21000K .......... .......... .......... .......... .......... 60%  153M 0s
 21050K .......... .......... .......... .......... .......... 61%  189M 0s
 21100K .......... .......... .......... .......... .......... 61% 40.7M 0s
 21150K .......... .......... .......... .......... .......... 61%  156M 0s
 21200K .......... .......... .......... .......... .......... 61%  189M 0s
 21250K .......... .......... .......... .......... .......... 61%  195M 0s
 21300K .......... .......... .......... .......... .......... 61% 41.3M 0s
 21350K .......... .......... .......... .......... .......... 61%  156M 0s
 21400K .......... .......... .......... .......... .......... 62%  195M 0s
 21450K .......... .......... .......... .......... .......... 62%  192M 0s
 21500K .......... .......... .......... .......... .......... 62% 3.40M 0s
 21550K .......... .......... .......... .......... .......... 62%  147M 0s
 21600K .......... .......... .......... .......... .......... 62%  151M 0s
 21650K .......... .......... .......... .......... .......... 62%  152M 0s
 21700K .......... .......... .......... .......... .......... 62%  181M 0s
 21750K .......... .......... .......... .......... .......... 63%  201M 0s
 21800K .......... .......... .......... .......... .......... 63% 40.2M 0s
 21850K .......... .......... .......... .......... .......... 63%  121M 0s
 21900K .......... .......... .......... .......... .......... 63%  189M 0s
 21950K .......... .......... .......... .......... .......... 63% 39.6M 0s
 22000K .......... .......... .......... .......... .......... 63%  196M 0s
 22050K .......... .......... .......... .......... .......... 63%  123M 0s
 22100K .......... .......... .......... .......... .......... 64%  198M 0s
 22150K .......... .......... .......... .......... .......... 64%  137M 0s
 22200K .......... .......... .......... .......... .......... 64% 33.8M 0s
 22250K .......... .......... .......... .......... .......... 64%  145M 0s
 22300K .......... .......... .......... .......... .......... 64%  184M 0s
 22350K .......... .......... .......... .......... .......... 64% 41.5M 0s
 22400K .......... .......... .......... .......... .......... 64%  165M 0s
 22450K .......... .......... .......... .......... .......... 65%  104M 0s
 22500K .......... .......... .......... .......... .......... 65% 30.1M 0s
 22550K .......... .......... .......... .......... .......... 65%  153M 0s
 22600K .......... .......... .......... .......... .......... 65%  144M 0s
 22650K .......... .......... .......... .......... .......... 65%  135M 0s
 22700K .......... .......... .......... .......... .......... 65%  104M 0s
 22750K .......... .......... .......... .......... .......... 65%  157M 0s
 22800K .......... .......... .......... .......... .......... 66% 31.7M 0s
 22850K .......... .......... .......... .......... .......... 66%  161M 0s
 22900K .......... .......... .......... .......... .......... 66%  201M 0s
 22950K .......... .......... .......... .......... .......... 66% 35.7M 0s
 23000K .......... .......... .......... .......... .......... 66%  126M 0s
 23050K .......... .......... .......... .......... .......... 66%  195M 0s
 23100K .......... .......... .......... .......... .......... 66%  180M 0s
 23150K .......... .......... .......... .......... .......... 67%  198M 0s
 23200K .......... .......... .......... .......... .......... 67% 34.1M 0s
 23250K .......... .......... .......... .......... .......... 67%  180M 0s
 23300K .......... .......... .......... .......... .......... 67%  194M 0s
 23350K .......... .......... .......... .......... .......... 67% 32.7M 0s
 23400K .......... .......... .......... .......... .......... 67%  180M 0s
 23450K .......... .......... .......... .......... .......... 67% 30.3M 0s
 23500K .......... .......... .......... .......... .......... 68%  148M 0s
 23550K .......... .......... .......... .......... .......... 68%  166M 0s
 23600K .......... .......... .......... .......... .......... 68%  128M 0s
 23650K .......... .......... .......... .......... .......... 68%  162M 0s
 23700K .......... .......... .......... .......... .......... 68%  200M 0s
 23750K .......... .......... .......... .......... .......... 68% 25.4M 0s
 23800K .......... .......... .......... .......... .......... 68%  182M 0s
 23850K .......... .......... .......... .......... .......... 69%  137M 0s
 23900K .......... .......... .......... .......... .......... 69%  196M 0s
 23950K .......... .......... .......... .......... .......... 69% 64.7M 0s
 24000K .......... .......... .......... .......... .......... 69%  170M 0s
 24050K .......... .......... .......... .......... .......... 69%  172M 0s
 24100K .......... .......... .......... .......... .......... 69% 34.4M 0s
 24150K .......... .......... .......... .......... .......... 70%  165M 0s
 24200K .......... .......... .......... .......... .......... 70%  198M 0s
 24250K .......... .......... .......... .......... .......... 70%  188M 0s
 24300K .......... .......... .......... .......... .......... 70% 35.4M 0s
 24350K .......... .......... .......... .......... .......... 70%  198M 0s
 24400K .......... .......... .......... .......... .......... 70%  182M 0s
 24450K .......... .......... .......... .......... .......... 70% 33.9M 0s
 24500K .......... .......... .......... .......... .......... 71%  188M 0s
 24550K .......... .......... .......... .......... .......... 71%  146M 0s
 24600K .......... .......... .......... .......... .......... 71%  141M 0s
 24650K .......... .......... .......... .......... .......... 71%  128M 0s
 24700K .......... .......... .......... .......... .......... 71%  173M 0s
 24750K .......... .......... .......... .......... .......... 71%  123M 0s
 24800K .......... .......... .......... .......... .......... 71%  159M 0s
 24850K .......... .......... .......... .......... .......... 72%  140M 0s
 24900K .......... .......... .......... .......... .......... 72% 92.5M 0s
 24950K .......... .......... .......... .......... .......... 72%  108M 0s
 25000K .......... .......... .......... .......... .......... 72% 94.8M 0s
 25050K .......... .......... .......... .......... .......... 72% 97.7M 0s
 25100K .......... .......... .......... .......... .......... 72% 71.7M 0s
 25150K .......... .......... .......... .......... .......... 72% 61.4M 0s
 25200K .......... .......... .......... .......... .......... 73%  104M 0s
 25250K .......... .......... .......... .......... .......... 73% 83.5M 0s
 25300K .......... .......... .......... .......... .......... 73% 91.6M 0s
 25350K .......... .......... .......... .......... .......... 73%  108M 0s
 25400K .......... .......... .......... .......... .......... 73% 66.8M 0s
 25450K .......... .......... .......... .......... .......... 73% 88.0M 0s
 25500K .......... .......... .......... .......... .......... 73% 89.6M 0s
 25550K .......... .......... .......... .......... .......... 74%  116M 0s
 25600K .......... .......... .......... .......... .......... 74% 74.2M 0s
 25650K .......... .......... .......... .......... .......... 74%  140M 0s
 25700K .......... .......... .......... .......... .......... 74%  107M 0s
 25750K .......... .......... .......... .......... .......... 74% 71.8M 0s
 25800K .......... .......... .......... .......... .......... 74%  101M 0s
 25850K .......... .......... .......... .......... .......... 74% 81.1M 0s
 25900K .......... .......... .......... .......... .......... 75%  119M 0s
 25950K .......... .......... .......... .......... .......... 75% 73.1M 0s
 26000K .......... .......... .......... .......... .......... 75% 92.1M 0s
 26050K .......... .......... .......... .......... .......... 75%  109M 0s
 26100K .......... .......... .......... .......... .......... 75% 93.5M 0s
 26150K .......... .......... .......... .......... .......... 75% 80.6M 0s
 26200K .......... .......... .......... .......... .......... 75% 83.6M 0s
 26250K .......... .......... .......... .......... .......... 76% 70.4M 0s
 26300K .......... .......... .......... .......... .......... 76%  105M 0s
 26350K .......... .......... .......... .......... .......... 76% 70.8M 0s
 26400K .......... .......... .......... .......... .......... 76% 71.9M 0s
 26450K .......... .......... .......... .......... .......... 76% 83.0M 0s
 26500K .......... .......... .......... .......... .......... 76% 50.9M 0s
 26550K .......... .......... .......... .......... .......... 76% 99.9M 0s
 26600K .......... .......... .......... .......... .......... 77% 7.84M 0s
 26650K .......... .......... .......... .......... .......... 77% 97.5M 0s
 26700K .......... .......... .......... .......... .......... 77% 87.2M 0s
 26750K .......... .......... .......... .......... .......... 77%  125M 0s
 26800K .......... .......... .......... .......... .......... 77% 97.1M 0s
 26850K .......... .......... .......... .......... .......... 77% 91.8M 0s
 26900K .......... .......... .......... .......... .......... 77% 88.0M 0s
 26950K .......... .......... .......... .......... .......... 78% 88.0M 0s
 27000K .......... .......... .......... .......... .......... 78% 92.8M 0s
 27050K .......... .......... .......... .......... .......... 78% 94.3M 0s
 27100K .......... .......... .......... .......... .......... 78% 81.4M 0s
 27150K .......... .......... .......... .......... .......... 78% 60.7M 0s
 27200K .......... .......... .......... .......... .......... 78% 83.8M 0s
 27250K .......... .......... .......... .......... .......... 78%  113M 0s
 27300K .......... .......... .......... .......... .......... 79% 24.1M 0s
 27350K .......... .......... .......... .......... .......... 79%  106M 0s
 27400K .......... .......... .......... .......... .......... 79%  140M 0s
 27450K .......... .......... .......... .......... .......... 79%  122M 0s
 27500K .......... .......... .......... .......... .......... 79%  101M 0s
 27550K .......... .......... .......... .......... .......... 79% 82.8M 0s
 27600K .......... .......... .......... .......... .......... 79% 72.1M 0s
 27650K .......... .......... .......... .......... .......... 80%  134M 0s
 27700K .......... .......... .......... .......... .......... 80%  111M 0s
 27750K .......... .......... .......... .......... .......... 80% 97.3M 0s
 27800K .......... .......... .......... .......... .......... 80%  105M 0s
 27850K .......... .......... .......... .......... .......... 80% 25.3M 0s
 27900K .......... .......... .......... .......... .......... 80%  140M 0s
 27950K .......... .......... .......... .......... .......... 81%  119M 0s
 28000K .......... .......... .......... .......... .......... 81% 92.5M 0s
 28050K .......... .......... .......... .......... .......... 81%  181M 0s
 28100K .......... .......... .......... .......... .......... 81%  117M 0s
 28150K .......... .......... .......... .......... .......... 81%  139M 0s
 28200K .......... .......... .......... .......... .......... 81%  148M 0s
 28250K .......... .......... .......... .......... .......... 81% 99.9M 0s
 28300K .......... .......... .......... .......... .......... 82% 75.4M 0s
 28350K .......... .......... .......... .......... .......... 82% 71.2M 0s
 28400K .......... .......... .......... .......... .......... 82%  123M 0s
 28450K .......... .......... .......... .......... .......... 82% 84.6M 0s
 28500K .......... .......... .......... .......... .......... 82%  142M 0s
 28550K .......... .......... .......... .......... .......... 82%  146M 0s
 28600K .......... .......... .......... .......... .......... 82% 81.5M 0s
 28650K .......... .......... .......... .......... .......... 83% 14.0M 0s
 28700K .......... .......... .......... .......... .......... 83%  109M 0s
 28750K .......... .......... .......... .......... .......... 83% 60.4M 0s
 28800K .......... .......... .......... .......... .......... 83%  143M 0s
 28850K .......... .......... .......... .......... .......... 83%  126M 0s
 28900K .......... .......... .......... .......... .......... 83% 90.3M 0s
 28950K .......... .......... .......... .......... .......... 83%  152M 0s
 29000K .......... .......... .......... .......... .......... 84% 72.4M 0s
 29050K .......... .......... .......... .......... .......... 84% 65.0M 0s
 29100K .......... .......... .......... .......... .......... 84%  100M 0s
 29150K .......... .......... .......... .......... .......... 84% 95.4M 0s
 29200K .......... .......... .......... .......... .......... 84%  109M 0s
 29250K .......... .......... .......... .......... .......... 84% 38.3M 0s
 29300K .......... .......... .......... .......... .......... 84% 78.0M 0s
 29350K .......... .......... .......... .......... .......... 85%  126M 0s
 29400K .......... .......... .......... .......... .......... 85% 41.0M 0s
 29450K .......... .......... .......... .......... .......... 85% 95.2M 0s
 29500K .......... .......... .......... .......... .......... 85%  110M 0s
 29550K .......... .......... .......... .......... .......... 85% 90.8M 0s
 29600K .......... .......... .......... .......... .......... 85%  111M 0s
 29650K .......... .......... .......... .......... .......... 85% 97.3M 0s
 29700K .......... .......... .......... .......... .......... 86%  129M 0s
 29750K .......... .......... .......... .......... .......... 86% 92.7M 0s
 29800K .......... .......... .......... .......... .......... 86% 76.7M 0s
 29850K .......... .......... .......... .......... .......... 86% 62.5M 0s
 29900K .......... .......... .......... .......... .......... 86%  105M 0s
 29950K .......... .......... .......... .......... .......... 86%  107M 0s
 30000K .......... .......... .......... .......... .......... 86% 82.8M 0s
 30050K .......... .......... .......... .......... .......... 87% 90.3M 0s
 30100K .......... .......... .......... .......... .......... 87% 61.3M 0s
 30150K .......... .......... .......... .......... .......... 87% 82.9M 0s
 30200K .......... .......... .......... .......... .......... 87% 83.3M 0s
 30250K .......... .......... .......... .......... .......... 87% 86.0M 0s
 30300K .......... .......... .......... .......... .......... 87%  111M 0s
 30350K .......... .......... .......... .......... .......... 87% 70.1M 0s
 30400K .......... .......... .......... .......... .......... 88% 93.9M 0s
 30450K .......... .......... .......... .......... .......... 88%  105M 0s
 30500K .......... .......... .......... .......... .......... 88% 97.7M 0s
 30550K .......... .......... .......... .......... .......... 88% 93.5M 0s
 30600K .......... .......... .......... .......... .......... 88%  102M 0s
 30650K .......... .......... .......... .......... .......... 88%  112M 0s
 30700K .......... .......... .......... .......... .......... 88%  113M 0s
 30750K .......... .......... .......... .......... .......... 89% 78.3M 0s
 30800K .......... .......... .......... .......... .......... 89% 94.8M 0s
 30850K .......... .......... .......... .......... .......... 89%  122M 0s
 30900K .......... .......... .......... .......... .......... 89%  109M 0s
 30950K .......... .......... .......... .......... .......... 89% 75.0M 0s
 31000K .......... .......... .......... .......... .......... 89%  136M 0s
 31050K .......... .......... .......... .......... .......... 89% 78.1M 0s
 31100K .......... .......... .......... .......... .......... 90% 81.2M 0s
 31150K .......... .......... .......... .......... .......... 90% 74.9M 0s
 31200K .......... .......... .......... .......... .......... 90% 95.9M 0s
 31250K .......... .......... .......... .......... .......... 90%  121M 0s
 31300K .......... .......... .......... .......... .......... 90%  110M 0s
 31350K .......... .......... .......... .......... .......... 90% 78.9M 0s
 31400K .......... .......... .......... .......... .......... 90%  117M 0s
 31450K .......... .......... .......... .......... .......... 91% 66.1M 0s
 31500K .......... .......... .......... .......... .......... 91%  122M 0s
 31550K .......... .......... .......... .......... .......... 91% 94.1M 0s
 31600K .......... .......... .......... .......... .......... 91% 94.1M 0s
 31650K .......... .......... .......... .......... .......... 91%  138M 0s
 31700K .......... .......... .......... .......... .......... 91% 10.1M 0s
 31750K .......... .......... .......... .......... .......... 91% 87.8M 0s
 31800K .......... .......... .......... .......... .......... 92% 75.9M 0s
 31850K .......... .......... .......... .......... .......... 92% 59.6M 0s
 31900K .......... .......... .......... .......... .......... 92% 42.2M 0s
 31950K .......... .......... .......... .......... .......... 92%  121M 0s
 32000K .......... .......... .......... .......... .......... 92% 75.5M 0s
 32050K .......... .......... .......... .......... .......... 92% 28.1M 0s
 32100K .......... .......... .......... .......... .......... 93% 91.8M 0s
 32150K .......... .......... .......... .......... .......... 93%  171M 0s
 32200K .......... .......... .......... .......... .......... 93%  145M 0s
 32250K .......... .......... .......... .......... .......... 93% 51.7M 0s
 32300K .......... .......... .......... .......... .......... 93%  193M 0s
 32350K .......... .......... .......... .......... .......... 93%  181M 0s
 32400K .......... .......... .......... .......... .......... 93% 41.1M 0s
 32450K .......... .......... .......... .......... .......... 94%  173M 0s
 32500K .......... .......... .......... .......... .......... 94%  199M 0s
 32550K .......... .......... .......... .......... .......... 94%  166M 0s
 32600K .......... .......... .......... .......... .......... 94%  125M 0s
 32650K .......... .......... .......... .......... .......... 94% 15.8M 0s
 32700K .......... .......... .......... .......... .......... 94%  182M 0s
 32750K .......... .......... .......... .......... .......... 94% 4.45M 0s
 32800K .......... .......... .......... .......... .......... 95%  188M 0s
 32850K .......... .......... .......... .......... .......... 95%  174M 0s
 32900K .......... .......... .......... .......... .......... 95%  124M 0s
 32950K .......... .......... .......... .......... .......... 95%  179M 0s
 33000K .......... .......... .......... .......... .......... 95% 47.1M 0s
 33050K .......... .......... .......... .......... .......... 95%  177M 0s
 33100K .......... .......... .......... .......... .......... 95%  126M 0s
 33150K .......... .......... .......... .......... .......... 96%  136M 0s
 33200K .......... .......... .......... .......... .......... 96%  100M 0s
 33250K .......... .......... .......... .......... .......... 96%  133M 0s
 33300K .......... .......... .......... .......... .......... 96% 86.1M 0s
 33350K .......... .......... .......... .......... .......... 96% 73.2M 0s
 33400K .......... .......... .......... .......... .......... 96% 96.5M 0s
 33450K .......... .......... .......... .......... .......... 96% 76.3M 0s
 33500K .......... .......... .......... .......... .......... 97%  119M 0s
 33550K .......... .......... .......... .......... .......... 97% 73.5M 0s
 33600K .......... .......... .......... .......... .......... 97% 94.1M 0s
 33650K .......... .......... .......... .......... .......... 97%  118M 0s
 33700K .......... .......... .......... .......... .......... 97% 65.5M 0s
 33750K .......... .......... .......... .......... .......... 97%  110M 0s
 33800K .......... .......... .......... .......... .......... 97%  101M 0s
 33850K .......... .......... .......... .......... .......... 98%  140M 0s
 33900K .......... .......... .......... .......... .......... 98% 88.3M 0s
 33950K .......... .......... .......... .......... .......... 98% 98.0M 0s
 34000K .......... .......... .......... .......... .......... 98%  126M 0s
 34050K .......... .......... .......... .......... .......... 98% 64.0M 0s
 34100K .......... .......... .......... .......... .......... 98% 99.0M 0s
 34150K .......... .......... .......... .......... .......... 98%  103M 0s
 34200K .......... .......... .......... .......... .......... 99% 98.6M 0s
 34250K .......... .......... .......... .......... .......... 99% 92.1M 0s
 34300K .......... .......... .......... .......... .......... 99%  114M 0s
 34350K .......... .......... .......... .......... .......... 99%  105M 0s
 34400K .......... .......... .......... .......... .......... 99% 95.6M 0s
 34450K .......... .......... .......... .......... .......... 99% 83.5M 0s
 34500K .......... .......... .......... .......... .......... 99% 88.5M 0s
 34550K .......... .......                                    100%  122M=0.5s

2016-12-06 10:53:13 (65.0 MB/s) - `tongcheng_5866720.apk' saved [35397209/35397209]

