--2017-01-02 11:50:50--  http://56.ny256.com/
Resolving 56.ny256.com... 121.40.230.248
Connecting to 56.ny256.com|121.40.230.248|:80... connected.
HTTP request sent, awaiting response... 200 OK
Length: 4394 (4.3K) [text/html]
Saving to: `index.html'

     0K ....                                                  100% 22.5M=0s

2017-01-02 11:50:56 (22.5 MB/s) - `index.html' saved [4394/4394]

=======================The second times wget =====================
--2017-01-02 11:50:56--  http://121.40.230.248/apk/NYTApp.apk
Connecting to 121.40.230.248:80... connected.
HTTP request sent, awaiting response... 200 OK
Length: 6458114 (6.2M) [application/octet-stream]
Saving to: `NYTApp.apk'

     0K .......... .......... .......... .......... ..........  0%  748K 8s
    50K .......... .......... .......... .......... ..........  1% 2.11M 6s
   100K .......... .......... .......... .......... ..........  2% 2.17M 5s
   150K .......... .......... .......... .......... ..........  3% 2.24M 4s
   200K .......... .......... .......... .......... ..........  3% 2.25M 4s
   250K .......... .......... .......... .......... ..........  4% 46.7M 3s
   300K .......... .......... .......... .......... ..........  5% 2.28M 3s
   350K .......... .......... .......... .......... ..........  6% 73.0M 3s
   400K .......... .......... .......... .......... ..........  7% 57.7M 2s
   450K .......... .......... .......... .......... ..........  7% 2.30M 2s
   500K .......... .......... .......... .......... ..........  8% 82.1M 2s
   550K .......... .......... .......... .......... ..........  9% 83.0M 2s
   600K .......... .......... .......... .......... .......... 10% 2.30M 2s
   650K .......... .......... .......... .......... .......... 11% 95.2M 2s
   700K .......... .......... .......... .......... .......... 11% 86.9M 2s
   750K .......... .......... .......... .......... .......... 12% 2.37M 2s
   800K .......... .......... .......... .......... .......... 13% 51.3M 2s
   850K .......... .......... .......... .......... .......... 14% 78.0M 1s
   900K .......... .......... .......... .......... .......... 15%  146M 1s
   950K .......... .......... .......... .......... .......... 15%  127M 1s
  1000K .......... .......... .......... .......... .......... 16% 2.34M 1s
  1050K .......... .......... .......... .......... .......... 17% 91.1M 1s
  1100K .......... .......... .......... .......... .......... 18% 77.1M 1s
  1150K .......... .......... .......... .......... .......... 19%  108M 1s
  1200K .......... .......... .......... .......... .......... 19%  145M 1s
  1250K .......... .......... .......... .......... .......... 20% 2.38M 1s
  1300K .......... .......... .......... .......... .......... 21% 96.7M 1s
  1350K .......... .......... .......... .......... .......... 22%  107M 1s
  1400K .......... .......... .......... .......... .......... 22%  110M 1s
  1450K .......... .......... .......... .......... .......... 23%  149M 1s
  1500K .......... .......... .......... .......... .......... 24% 72.4M 1s
  1550K .......... .......... .......... .......... .......... 25% 2.45M 1s
  1600K .......... .......... .......... .......... .......... 26%  750K 1s
  1650K .......... .......... .......... .......... .......... 26%  202K 2s
  1700K .......... .......... .......... .......... .......... 27%  163M 2s
  1750K .......... .......... .......... .......... .......... 28% 7.14M 2s
  1800K .......... .......... .......... .......... .......... 29%  174M 2s
  1850K .......... .......... .......... .......... .......... 30%  107M 1s
  1900K .......... .......... .......... .......... .......... 30%  184M 1s
  1950K .......... .......... .......... .......... .......... 31%  338K 2s
  2000K .......... .......... .......... .......... .......... 32% 1.10M 2s
  2050K .......... .......... .......... .......... .......... 33%  147M 2s
  2100K .......... .......... .......... .......... .......... 34% 1.63M 2s
  2150K .......... .......... .......... .......... .......... 34%  118M 2s
  2200K .......... .......... .......... .......... .......... 35%  488K 2s
  2250K .......... .......... .......... .......... .......... 36%  666K 2s
  2300K .......... .......... .......... .......... .......... 37% 1.35M 2s
  2350K .......... .......... .......... .......... .......... 38%  148M 2s
  2400K .......... .......... .......... .......... .......... 38% 2.15M 2s
  2450K .......... .......... .......... .......... .......... 39%  453K 2s
  2500K .......... .......... .......... .......... .......... 40%  110M 2s
  2550K .......... .......... .......... .......... .......... 41%  168M 2s
  2600K .......... .......... .......... .......... .......... 42% 1.64M 2s
  2650K .......... .......... .......... .......... .......... 42%  619K 2s
  2700K .......... .......... .......... .......... .......... 43%  128M 2s
  2750K .......... .......... .......... .......... .......... 44% 1.63M 2s
  2800K .......... .......... .......... .......... .......... 45%  750K 2s
  2850K .......... .......... .......... .......... .......... 45%  122M 2s
  2900K .......... .......... .......... .......... .......... 46% 1.35M 2s
  2950K .......... .......... .......... .......... .......... 47% 2.14M 2s
  3000K .......... .......... .......... .......... .......... 48% 6.71M 2s
  3050K .......... .......... .......... .......... .......... 49%  844K 2s
  3100K .......... .......... .......... .......... .......... 49% 1.43M 2s
  3150K .......... .......... .......... .......... .......... 50%  894K 2s
  3200K .......... .......... .......... .......... .......... 51% 1.08M 2s
  3250K .......... .......... .......... .......... .......... 52%  914K 2s
  3300K .......... .......... .......... .......... .......... 53%  956K 2s
  3350K .......... .......... .......... .......... .......... 53%  894K 2s
  3400K .......... .......... .......... .......... .......... 54%  806K 2s
  3450K .......... .......... .......... .......... .......... 55%  978K 2s
  3500K .......... .......... .......... .......... .......... 56% 1.22M 2s
  3550K .......... .......... .......... .......... .......... 57% 1.09M 2s
  3600K .......... .......... .......... .......... .......... 57% 1.09M 2s
  3650K .......... .......... .......... .......... .......... 58% 1015K 2s
  3700K .......... .......... .......... .......... .......... 59% 1.10M 1s
  3750K .......... .......... .......... .......... .......... 60% 1.22M 1s
  3800K .......... .......... .......... .......... .......... 61% 1.73M 1s
  3850K .......... .......... .......... .......... .......... 61% 1.10M 1s
  3900K .......... .......... .......... .......... .......... 62% 1.11M 1s
  3950K .......... .......... .......... .......... .......... 63% 1.21M 1s
  4000K .......... .......... .......... .......... .......... 64% 1.77M 1s
  4050K .......... .......... .......... .......... .......... 65% 1.12M 1s
  4100K .......... .......... .......... .......... .......... 65% 1.22M 1s
  4150K .......... .......... .......... .......... .......... 66% 1.79M 1s
  4200K .......... .......... .......... .......... .......... 67% 1.12M 1s
  4250K .......... .......... .......... .......... .......... 68% 1.21M 1s
  4300K .......... .......... .......... .......... .......... 68% 2.13M 1s
  4350K .......... .......... .......... .......... .......... 69% 1.82M 1s
  4400K .......... .......... .......... .......... .......... 70% 1.22M 1s
  4450K .......... .......... .......... .......... .......... 71% 1.81M 1s
  4500K .......... .......... .......... .......... .......... 72% 1.22M 1s
  4550K .......... .......... .......... .......... .......... 72% 1.86M 1s
  4600K .......... .......... .......... .......... .......... 73% 1.21M 1s
  4650K .......... .......... .......... .......... .......... 74% 2.12M 1s
  4700K .......... .......... .......... .......... .......... 75% 1.85M 1s
  4750K .......... .......... .......... .......... .......... 76% 1.21M 1s
  4800K .......... .......... .......... .......... .......... 76% 2.10M 1s
  4850K .......... .......... .......... .......... .......... 77%  734K 1s
  4900K .......... .......... .......... .......... .......... 78% 1.18M 1s
  4950K .......... .......... .......... .......... .......... 79% 1.44M 1s
  5000K .......... .......... .......... .......... .......... 80% 1.09M 1s
  5050K .......... .......... .......... .......... .......... 80% 1.09M 1s
  5100K .......... .......... .......... .......... .......... 81% 1.17M 1s
  5150K .......... .......... .......... .......... .......... 82% 1.51M 1s
  5200K .......... .......... .......... .......... .......... 83% 1.30M 1s
  5250K .......... .......... .......... .......... .......... 84% 1.17M 1s
  5300K .......... .......... .......... .......... .......... 84% 1.52M 1s
  5350K .......... .......... .......... .......... .......... 85% 1.31M 1s
  5400K .......... .......... .......... .......... .......... 86% 1.16M 1s
  5450K .......... .......... .......... .......... .......... 87% 1.53M 1s
  5500K .......... .......... .......... .......... .......... 88%  836K 0s
  5550K .......... .......... .......... .......... .......... 88% 1.68M 0s
  5600K .......... .......... .......... .......... .......... 89% 1.09M 0s
  5650K .......... .......... .......... .......... .......... 90% 1.09M 0s
  5700K .......... .......... .......... .......... .......... 91% 1.09M 0s
  5750K .......... .......... .......... .......... .......... 91%  871K 0s
  5800K .......... .......... .......... .......... .......... 92% 1.09M 0s
  5850K .......... .......... .......... .......... .......... 93% 1.53M 0s
  5900K .......... .......... .......... .......... .......... 94% 1.10M 0s
  5950K .......... .......... .......... .......... .......... 95% 1.10M 0s
  6000K .......... .......... .......... .......... .......... 95% 1.10M 0s
  6050K .......... .......... .......... .......... .......... 96% 1.11M 0s
  6100K .......... .......... .......... .......... .......... 97% 1.30M 0s
  6150K .......... .......... .......... .......... .......... 98% 1.63M 0s
  6200K .......... .......... .......... .......... .......... 99% 1.01M 0s
  6250K .......... .......... .......... .......... .......... 99%  965K 0s
  6300K ......                                                100% 13.2M=4.2s

2017-01-02 11:51:00 (1.48 MB/s) - `NYTApp.apk' saved [6458114/6458114]

