--2017-02-06 10:47:20--  http://ftube.info/hgff
Resolving ftube.info... 43.230.114.83
Connecting to ftube.info|43.230.114.83|:80... connected.
HTTP request sent, awaiting response... 301 Moved Permanently
Location: http://ftube.info/hgff/ [following]
--2017-02-06 10:47:22--  http://ftube.info/hgff/
Reusing existing connection to ftube.info:80.
HTTP request sent, awaiting response... 200 OK
Length: 340 [text/html]
Saving to: `index.html'

     0K                                                       100% 20.3M=0s

2017-02-06 10:47:22 (20.3 MB/s) - `index.html' saved [340/340]

=======================The second times wget =====================
--2017-02-06 10:47:22--  http://ftube.info/hgff/%C2%BC%CF%F1.apk
Resolving ftube.info... 43.230.114.83
Connecting to ftube.info|43.230.114.83|:80... connected.
HTTP request sent, awaiting response... 200 OK
Length: 201111 (196K) [application/vnd.android.package-archive]
Saving to: `Â¼Ïñ.apk'

     0K .......... .......... .......... .......... .......... 25% 76.3K 2s
    50K .......... .......... .......... .......... .......... 50%  305K 1s
   100K .......... .......... .......... .......... .......... 76%  278K 0s
   150K .......... .......... .......... .......... ......    100% 2.80M=1.0s

2017-02-06 10:47:24 (193 KB/s) - `Â¼Ïñ.apk' saved [201111/201111]

