--2017-01-05 12:06:32--  http://wap.vvcsa.cc/fg
Resolving wap.vvcsa.cc... 122.10.90.242
Connecting to wap.vvcsa.cc|122.10.90.242|:80... connected.
HTTP request sent, awaiting response... 301 Moved Permanently
Location: http://wap.vvcsa.cc/fg/ [following]
--2017-01-05 12:06:37--  http://wap.vvcsa.cc/fg/
Reusing existing connection to wap.vvcsa.cc:80.
HTTP request sent, awaiting response... 200 OK
Length: 247 [text/html]
Saving to: `index.html'

     0K                                                       100% 19.6M=0s

2017-01-05 12:06:37 (19.6 MB/s) - `index.html' saved [247/247]

=======================The second times wget =====================
--2017-01-05 12:06:37--  http://wap.vvcsa.cc/fg/%C2%BC%CF%F17.apk
Resolving wap.vvcsa.cc... 122.10.90.242
Connecting to wap.vvcsa.cc|122.10.90.242|:80... connected.
HTTP request sent, awaiting response... 200 OK
Length: 209300 (204K) [application/vnd.android.package-archive]
Saving to: `Â¼Ïñ7.apk'

     0K .......... .......... .......... .......... .......... 24%  130K 1s
    50K .......... .......... .......... .......... .......... 48%  119K 1s
   100K .......... .......... .......... .......... .......... 73%  123K 0s
   150K .......... .......... .......... .......... .......... 97%  128K 0s
   200K ....                                                  100% 90.0K=1.7s

2017-01-05 12:06:40 (124 KB/s) - `Â¼Ïñ7.apk' saved [209300/209300]

