--2017-01-05 16:52:04--  http://jrxmw.cn/LIhXG
Resolving jrxmw.cn... 103.39.79.210
Connecting to jrxmw.cn|103.39.79.210|:80... connected.
HTTP request sent, awaiting response... 301 Moved Permanently
Location: http://jrxmw.cn/LIhXG/ [following]
--2017-01-05 16:52:07--  http://jrxmw.cn/LIhXG/
Reusing existing connection to jrxmw.cn:80.
HTTP request sent, awaiting response... 302 Object moved
Location: luxiang.apk [following]
--2017-01-05 16:52:08--  http://jrxmw.cn/LIhXG/luxiang.apk
Reusing existing connection to jrxmw.cn:80.
HTTP request sent, awaiting response... 200 OK
Length: 213487 (208K) [application/vnd.android.package-archive]
Saving to: `luxiang.apk'

     0K .......... .......... .......... .......... .......... 23% 4.75K 33s
    50K .......... .......... .......... .......... .......... 47% 14.1K 15s
   100K .......... .......... .......... .......... .......... 71% 4.76K 10s
   150K .......... .......... .......... .......... .......... 95% 4.59K 2s
   200K ........                                              100%  421 =56s

2017-01-05 16:53:06 (3.72 KB/s) - `luxiang.apk' saved [213487/213487]

