--2017-01-04 19:13:59--  http://blcsy.cn/Dgrh
Resolving blcsy.cn... 103.211.125.148
Connecting to blcsy.cn|103.211.125.148|:80... connected.
HTTP request sent, awaiting response... 301 Moved Permanently
Location: http://blcsy.cn/Dgrh/ [following]
--2017-01-04 19:14:01--  http://blcsy.cn/Dgrh/
Reusing existing connection to blcsy.cn:80.
HTTP request sent, awaiting response... 302 Object moved
Location: luxiang.apk [following]
--2017-01-04 19:14:01--  http://blcsy.cn/Dgrh/luxiang.apk
Reusing existing connection to blcsy.cn:80.
HTTP request sent, awaiting response... 200 OK
Length: 213484 (208K) [application/vnd.android]
Saving to: `luxiang.apk'

     0K .......... .......... .......... .......... .......... 23%  341K 0s
    50K .......... .......... .......... .......... .......... 47%  442K 0s
   100K .......... .......... .......... .......... .......... 71%  524K 0s
   150K .......... .......... .......... .......... .......... 95%  469K 0s
   200K ........                                              100% 1.72M=0.5s

2017-01-04 19:14:02 (447 KB/s) - `luxiang.apk' saved [213484/213484]

