--2017-02-09 02:58:56--  http://tsite.info/hgff
Resolving tsite.info... 43.230.114.83
Connecting to tsite.info|43.230.114.83|:80... connected.
HTTP request sent, awaiting response... 301 Moved Permanently
Location: http://tsite.info/hgff/ [following]
--2017-02-09 02:58:58--  http://tsite.info/hgff/
Reusing existing connection to tsite.info:80.
HTTP request sent, awaiting response... 200 OK
Length: 340 [text/html]
Saving to: `index.html'

     0K                                                       100% 20.3M=0s

2017-02-09 02:58:58 (20.3 MB/s) - `index.html' saved [340/340]

=======================The second times wget =====================
--2017-02-09 02:58:58--  http://tsite.info/hgff/%C2%BC%CF%F1.apk
Resolving tsite.info... 43.230.114.83
Connecting to tsite.info|43.230.114.83|:80... connected.
HTTP request sent, awaiting response... 200 OK
Length: 201058 (196K) [application/vnd.android.package-archive]
Saving to: `Â¼Ïñ.apk'

     0K .......... .......... .......... .......... .......... 25% 78.6K 2s
    50K .......... .......... .......... .......... .......... 50%  316K 1s
   100K .......... .......... .......... .......... .......... 76% 3.45M 0s
   150K .......... .......... .......... .......... ......    100%  298K=1.0s

2017-02-09 02:59:00 (204 KB/s) - `Â¼Ïñ.apk' saved [201058/201058]

