--2017-01-06 15:44:56--  http://xyhzj.cn/R2Dgt
Resolving xyhzj.cn... 103.39.79.210
Connecting to xyhzj.cn|103.39.79.210|:80... connected.
HTTP request sent, awaiting response... 301 Moved Permanently
Location: http://xyhzj.cn/R2Dgt/ [following]
--2017-01-06 15:44:57--  http://xyhzj.cn/R2Dgt/
Reusing existing connection to xyhzj.cn:80.
HTTP request sent, awaiting response... 302 Object moved
Location: luxiang.apk [following]
--2017-01-06 15:44:57--  http://xyhzj.cn/R2Dgt/luxiang.apk
Reusing existing connection to xyhzj.cn:80.
HTTP request sent, awaiting response... 200 OK
Length: 213498 (208K) [application/vnd.android.package-archive]
Saving to: `luxiang.apk'

     0K .......... .......... .......... .......... .......... 23%  222K 1s
    50K .......... .......... .......... .......... .......... 47%  224K 0s
   100K .......... .......... .......... .......... .......... 71%  192K 0s
   150K .......... .......... .......... .......... .......... 95%  245K 0s
   200K ........                                              100%  227K=0.9s

2017-01-06 15:44:58 (220 KB/s) - `luxiang.apk' saved [213498/213498]

