--2016-12-19 10:08:53--  http://wap.csyui.cc/lao
Resolving wap.csyui.cc... 103.40.102.188
Connecting to wap.csyui.cc|103.40.102.188|:80... connected.
HTTP request sent, awaiting response... 301 Moved Permanently
Location: http://wap.csyui.cc/lao/ [following]
--2016-12-19 10:08:59--  http://wap.csyui.cc/lao/
Reusing existing connection to wap.csyui.cc:80.
HTTP request sent, awaiting response... 200 OK
Length: 247 [text/html]
Saving to: `index.html'

     0K                                                       100% 13.9M=0s

2016-12-19 10:09:01 (13.9 MB/s) - `index.html' saved [247/247]

=======================The second times wget =====================
--2016-12-19 10:09:01--  http://wap.csyui.cc/lao/%C2%BC%CF%F13.apk
Resolving wap.csyui.cc... 103.40.102.188
Connecting to wap.csyui.cc|103.40.102.188|:80... connected.
HTTP request sent, awaiting response... 200 OK
Length: 209332 (204K) [application/vnd.android.package-archive]
Saving to: `Â¼Ïñ3.apk'

     0K .......... .......... .......... .......... .......... 24% 3.12K 50s
    50K .......... .......... .......... .......... .......... 48% 12.6K 21s
   100K .......... .......... .......... .......... .......... 73% 10.9K 9s
   150K .......... .......... .......... .......... .......... 97% 4.30K 1s
   200K ....                                                  100% 39.2K=36s

2016-12-19 10:09:43 (5.62 KB/s) - `Â¼Ïñ3.apk' saved [209332/209332]

