--2017-02-04 09:26:09--  http://t.cn/R7GwT6V
Resolving t.cn... 180.149.135.224
Connecting to t.cn|180.149.135.224|:80... connected.
HTTP request sent, awaiting response... 302 Found
Location: http://ebcm.cebbank.com:8080/upload.html [following]
--2017-02-04 09:26:10--  http://ebcm.cebbank.com:8080/upload.html
Resolving ebcm.cebbank.com... 124.127.251.176
Connecting to ebcm.cebbank.com|124.127.251.176|:8080... connected.
HTTP request sent, awaiting response... 200 OK
Length: 3981 (3.9K) [text/html]
Saving to: `upload.html'

     0K ...                                                   100%  115K=0.03s

2017-02-04 09:26:10 (115 KB/s) - `upload.html' saved [3981/3981]

=======================The second times wget =====================
--2017-02-04 09:26:30--  http://ebcm.cebbank.com:8080/ceb/picture/apk/ebank_mobile_card.apk
Resolving ebcm.cebbank.com... 202.99.20.163
Connecting to ebcm.cebbank.com|202.99.20.163|:8080... connected.
HTTP request sent, awaiting response... 200 OK
Length: 37048261 (35M) [application/vnd.android.package-archive]
Saving to: `ebank_mobile_card.apk'

     0K .......... .......... .......... .......... ..........  0%  313K 1m56s
    50K .......... .......... .......... .......... ..........  0% 1.25M 72s
   100K .......... .......... .......... .......... ..........  0% 1.26M 57s
   150K .......... .......... .......... .......... ..........  0% 1.28M 50s
   200K .......... .......... .......... .......... ..........  0% 26.4M 40s
   250K .......... .......... .......... .......... ..........  0% 1.25M 38s
   300K .......... .......... .......... .......... ..........  0% 1.29M 36s
   350K .......... .......... .......... .......... ..........  1% 1.29M 35s
   400K .......... .......... .......... .......... ..........  1% 1.31M 34s
   450K .......... .......... .......... .......... ..........  1% 14.2M 31s
   500K .......... .......... .......... .......... ..........  1% 1.29M 31s
   550K .......... .......... .......... .......... ..........  1% 1.29M 30s
   600K .......... .......... .......... .......... ..........  1% 1.29M 30s
   650K .......... .......... .......... .......... ..........  1% 1.31M 30s
   700K .......... .......... .......... .......... ..........  2% 13.2M 28s
   750K .......... .......... .......... .......... ..........  2% 1.28M 28s
   800K .......... .......... .......... .......... ..........  2% 1.31M 28s
   850K .......... .......... .......... .......... ..........  2% 1.28M 27s
   900K .......... .......... .......... .......... ..........  2% 1.32M 27s
   950K .......... .......... .......... .......... ..........  2% 12.1M 26s
  1000K .......... .......... .......... .......... ..........  2% 1.30M 26s
  1050K .......... .......... .......... .......... ..........  3% 1.28M 26s
  1100K .......... .......... .......... .......... ..........  3% 1.19M 26s
  1150K .......... .......... .......... .......... ..........  3% 12.9M 25s
  1200K .......... .......... .......... .......... ..........  3% 1.34M 25s
  1250K .......... .......... .......... .......... ..........  3% 1.10M 25s
  1300K .......... .......... .......... .......... ..........  3% 1.08M 26s
  1350K .......... .......... .......... .......... ..........  3% 1.14M 26s
  1400K .......... .......... .......... .......... ..........  4% 7.59M 25s
  1450K .......... .......... .......... .......... ..........  4% 1.46M 25s
  1500K .......... .......... .......... .......... ..........  4% 1.27M 25s
  1550K .......... .......... .......... .......... ..........  4% 1.26M 25s
  1600K .......... .......... .......... .......... ..........  4% 1.28M 25s
  1650K .......... .......... .......... .......... ..........  4% 8.93M 24s
  1700K .......... .......... .......... .......... ..........  4% 1.41M 24s
  1750K .......... .......... .......... .......... ..........  4% 1.28M 24s
  1800K .......... .......... .......... .......... ..........  5% 1.26M 24s
  1850K .......... .......... .......... .......... ..........  5% 1.29M 24s
  1900K .......... .......... .......... .......... ..........  5% 22.2M 24s
  1950K .......... .......... .......... .......... ..........  5% 1.27M 24s
  2000K .......... .......... .......... .......... ..........  5% 1.27M 24s
  2050K .......... .......... .......... .......... ..........  5% 1.30M 24s
  2100K .......... .......... .......... .......... ..........  5% 1.30M 24s
  2150K .......... .......... .......... .......... ..........  6% 15.4M 23s
  2200K .......... .......... .......... .......... ..........  6% 1.29M 23s
  2250K .......... .......... .......... .......... ..........  6% 1.29M 23s
  2300K .......... .......... .......... .......... ..........  6% 1.28M 23s
  2350K .......... .......... .......... .......... ..........  6% 1.30M 23s
  2400K .......... .......... .......... .......... ..........  6% 15.9M 23s
  2450K .......... .......... .......... .......... ..........  6% 1.28M 23s
  2500K .......... .......... .......... .......... ..........  7% 1.28M 23s
  2550K .......... .......... .......... .......... ..........  7% 1.29M 23s
  2600K .......... .......... .......... .......... ..........  7% 1.32M 23s
  2650K .......... .......... .......... .......... ..........  7% 12.6M 22s
  2700K .......... .......... .......... .......... ..........  7% 1.28M 22s
  2750K .......... .......... .......... .......... ..........  7% 1.29M 22s
  2800K .......... .......... .......... .......... ..........  7% 1.34M 22s
  2850K .......... .......... .......... .......... ..........  8% 1.29M 22s
  2900K .......... .......... .......... .......... ..........  8% 12.1M 22s
  2950K .......... .......... .......... .......... ..........  8% 1.28M 22s
  3000K .......... .......... .......... .......... ..........  8% 1.24M 22s
  3050K .......... .......... .......... .......... ..........  8% 1.15M 22s
  3100K .......... .......... .......... .......... ..........  8% 1.06M 22s
  3150K .......... .......... .......... .......... ..........  8%  104M 22s
  3200K .......... .......... .......... .......... ..........  8% 1.17M 22s
  3250K .......... .......... .......... .......... ..........  9% 1.32M 22s
  3300K .......... .......... .......... .......... ..........  9% 1.26M 22s
  3350K .......... .......... .......... .......... ..........  9% 5.12M 22s
  3400K .......... .......... .......... .......... ..........  9% 1.47M 22s
  3450K .......... .......... .......... .......... ..........  9% 1.37M 22s
  3500K .......... .......... .......... .......... ..........  9% 1.28M 22s
  3550K .......... .......... .......... .......... ..........  9% 1.28M 22s
  3600K .......... .......... .......... .......... .......... 10% 5.38M 21s
  3650K .......... .......... .......... .......... .......... 10% 1.44M 21s
  3700K .......... .......... .......... .......... .......... 10% 1.30M 21s
  3750K .......... .......... .......... .......... .......... 10% 1.35M 21s
  3800K .......... .......... .......... .......... .......... 10% 1.28M 21s
  3850K .......... .......... .......... .......... .......... 10% 5.94M 21s
  3900K .......... .......... .......... .......... .......... 10% 1.42M 21s
  3950K .......... .......... .......... .......... .......... 11% 1.36M 21s
  4000K .......... .......... .......... .......... .......... 11% 1.28M 21s
  4050K .......... .......... .......... .......... .......... 11% 1.29M 21s
  4100K .......... .......... .......... .......... .......... 11% 11.9M 21s
  4150K .......... .......... .......... .......... .......... 11% 1.28M 21s
  4200K .......... .......... .......... .......... .......... 11% 1.34M 21s
  4250K .......... .......... .......... .......... .......... 11% 1.28M 21s
  4300K .......... .......... .......... .......... .......... 12% 1.29M 21s
  4350K .......... .......... .......... .......... .......... 12% 10.6M 21s
  4400K .......... .......... .......... .......... .......... 12% 1.31M 21s
  4450K .......... .......... .......... .......... .......... 12% 1.31M 21s
  4500K .......... .......... .......... .......... .......... 12% 1.29M 21s
  4550K .......... .......... .......... .......... .......... 12% 1.29M 21s
  4600K .......... .......... .......... .......... .......... 12% 12.5M 21s
  4650K .......... .......... .......... .......... .......... 12% 1.33M 20s
  4700K .......... .......... .......... .......... .......... 13% 1.28M 21s
  4750K .......... .......... .......... .......... .......... 13% 1.27M 21s
  4800K .......... .......... .......... .......... .......... 13% 1.29M 21s
  4850K .......... .......... .......... .......... .......... 13% 16.1M 20s
  4900K .......... .......... .......... .......... .......... 13% 1.18M 20s
  4950K .......... .......... .......... .......... .......... 13% 1.36M 20s
  5000K .......... .......... .......... .......... .......... 13% 1.21M 20s
  5050K .......... .......... .......... .......... .......... 14% 1.12M 20s
  5100K .......... .......... .......... .......... .......... 14% 4.12M 20s
  5150K .......... .......... .......... .......... .......... 14% 1.34M 20s
  5200K .......... .......... .......... .......... .......... 14% 1.16M 20s
  5250K .......... .......... .......... .......... .......... 14% 1.26M 20s
  5300K .......... .......... .......... .......... .......... 14% 1.28M 20s
  5350K .......... .......... .......... .......... .......... 14% 10.7M 20s
  5400K .......... .......... .......... .......... .......... 15% 1.36M 20s
  5450K .......... .......... .......... .......... .......... 15% 1.28M 20s
  5500K .......... .......... .......... .......... .......... 15% 1.27M 20s
  5550K .......... .......... .......... .......... .......... 15% 1.33M 20s
  5600K .......... .......... .......... .......... .......... 15% 9.26M 20s
  5650K .......... .......... .......... .......... .......... 15% 1.34M 20s
  5700K .......... .......... .......... .......... .......... 15% 1.29M 20s
  5750K .......... .......... .......... .......... .......... 16% 1.30M 20s
  5800K .......... .......... .......... .......... .......... 16% 1.32M 20s
  5850K .......... .......... .......... .......... .......... 16% 13.0M 20s
  5900K .......... .......... .......... .......... .......... 16% 1.30M 20s
  5950K .......... .......... .......... .......... .......... 16% 1.30M 20s
  6000K .......... .......... .......... .......... .......... 16% 1.31M 20s
  6050K .......... .......... .......... .......... .......... 16% 1.29M 20s
  6100K .......... .......... .......... .......... .......... 16% 12.9M 19s
  6150K .......... .......... .......... .......... .......... 17% 1.28M 19s
  6200K .......... .......... .......... .......... .......... 17% 1.31M 19s
  6250K .......... .......... .......... .......... .......... 17% 1.28M 19s
  6300K .......... .......... .......... .......... .......... 17% 1.27M 19s
  6350K .......... .......... .......... .......... .......... 17% 18.9M 19s
  6400K .......... .......... .......... .......... .......... 17% 1.28M 19s
  6450K .......... .......... .......... .......... .......... 17% 1.30M 19s
  6500K .......... .......... .......... .......... .......... 18% 1.26M 19s
  6550K .......... .......... .......... .......... .......... 18% 1.27M 19s
  6600K .......... .......... .......... .......... .......... 18% 22.8M 19s
  6650K .......... .......... .......... .......... .......... 18% 1.28M 19s
  6700K .......... .......... .......... .......... .......... 18% 1.28M 19s
  6750K .......... .......... .......... .......... .......... 18% 1.29M 19s
  6800K .......... .......... .......... .......... .......... 18% 18.3M 19s
  6850K .......... .......... .......... .......... .......... 19% 1.25M 19s
  6900K .......... .......... .......... .......... .......... 19% 1.22M 19s
  6950K .......... .......... .......... .......... .......... 19% 1.15M 19s
  7000K .......... .......... .......... .......... .......... 19% 1.23M 19s
  7050K .......... .......... .......... .......... .......... 19% 92.1M 19s
  7100K .......... .......... .......... .......... .......... 19% 1.23M 19s
  7150K .......... .......... .......... .......... .......... 19% 1.20M 19s
  7200K .......... .......... .......... .......... .......... 20% 1.26M 19s
  7250K .......... .......... .......... .......... .......... 20% 1.26M 19s
  7300K .......... .......... .......... .......... .......... 20% 5.54M 19s
  7350K .......... .......... .......... .......... .......... 20% 1.57M 19s
  7400K .......... .......... .......... .......... .......... 20% 1.26M 18s
  7450K .......... .......... .......... .......... .......... 20% 1.29M 18s
  7500K .......... .......... .......... .......... .......... 20% 1.29M 18s
  7550K .......... .......... .......... .......... .......... 21% 5.64M 18s
  7600K .......... .......... .......... .......... .......... 21% 1.52M 18s
  7650K .......... .......... .......... .......... .......... 21% 1.27M 18s
  7700K .......... .......... .......... .......... .......... 21% 1.29M 18s
  7750K .......... .......... .......... .......... .......... 21% 1.30M 18s
  7800K .......... .......... .......... .......... .......... 21% 16.8M 18s
  7850K .......... .......... .......... .......... .......... 21% 1.29M 18s
  7900K .......... .......... .......... .......... .......... 21% 1.29M 18s
  7950K .......... .......... .......... .......... .......... 22% 1.30M 18s
  8000K .......... .......... .......... .......... .......... 22% 1.27M 18s
  8050K .......... .......... .......... .......... .......... 22% 14.5M 18s
  8100K .......... .......... .......... .......... .......... 22% 1.28M 18s
  8150K .......... .......... .......... .......... .......... 22% 1.25M 18s
  8200K .......... .......... .......... .......... .......... 22% 1.23M 18s
  8250K .......... .......... .......... .......... .......... 22% 1.23M 18s
  8300K .......... .......... .......... .......... .......... 23% 6.60M 18s
  8350K .......... .......... .......... .......... .......... 23% 1.48M 18s
  8400K .......... .......... .......... .......... .......... 23% 1.12M 18s
  8450K .......... .......... .......... .......... .......... 23% 1.35M 18s
  8500K .......... .......... .......... .......... .......... 23% 1.28M 18s
  8550K .......... .......... .......... .......... .......... 23% 12.3M 18s
  8600K .......... .......... .......... .......... .......... 23% 1.25M 18s
  8650K .......... .......... .......... .......... .......... 24% 1.26M 18s
  8700K .......... .......... .......... .......... .......... 24% 1.23M 18s
  8750K .......... .......... .......... .......... .......... 24% 1.22M 18s
  8800K .......... .......... .......... .......... .......... 24% 21.9M 17s
  8850K .......... .......... .......... .......... .......... 24% 1.30M 17s
  8900K .......... .......... .......... .......... .......... 24% 1.25M 17s
  8950K .......... .......... .......... .......... .......... 24% 1.17M 17s
  9000K .......... .......... .......... .......... .......... 25% 1.23M 17s
  9050K .......... .......... .......... .......... .......... 25% 4.09M 17s
  9100K .......... .......... .......... .......... .......... 25% 1.50M 17s
  9150K .......... .......... .......... .......... .......... 25% 1.15M 17s
  9200K .......... .......... .......... .......... .......... 25% 1.16M 17s
  9250K .......... .......... .......... .......... .......... 25% 1.25M 17s
  9300K .......... .......... .......... .......... .......... 25% 4.87M 17s
  9350K .......... .......... .......... .......... .......... 25% 1.62M 17s
  9400K .......... .......... .......... .......... .......... 26% 1.24M 17s
  9450K .......... .......... .......... .......... .......... 26% 1.16M 17s
  9500K .......... .......... .......... .......... .......... 26% 1.17M 17s
  9550K .......... .......... .......... .......... .......... 26% 2.32M 17s
  9600K .......... .......... .......... .......... .......... 26% 2.58M 17s
  9650K .......... .......... .......... .......... .......... 26% 1.21M 17s
  9700K .......... .......... .......... .......... .......... 26% 1.21M 17s
  9750K .......... .......... .......... .......... .......... 27% 1.24M 17s
  9800K .......... .......... .......... .......... .......... 27% 4.48M 17s
  9850K .......... .......... .......... .......... .......... 27% 1.65M 17s
  9900K .......... .......... .......... .......... .......... 27% 1.15M 17s
  9950K .......... .......... .......... .......... .......... 27% 1.17M 17s
 10000K .......... .......... .......... .......... .......... 27% 1.76M 17s
 10050K .......... .......... .......... .......... .......... 27% 3.96M 17s
 10100K .......... .......... .......... .......... .......... 28% 1.28M 17s
 10150K .......... .......... .......... .......... .......... 28% 1.28M 17s
 10200K .......... .......... .......... .......... .......... 28% 1.35M 17s
 10250K .......... .......... .......... .......... .......... 28% 3.04M 17s
 10300K .......... .......... .......... .......... .......... 28% 1.85M 17s
 10350K .......... .......... .......... .......... .......... 28% 1.27M 17s
 10400K .......... .......... .......... .......... .......... 28% 1.29M 17s
 10450K .......... .......... .......... .......... .......... 29% 1.34M 16s
 10500K .......... .......... .......... .......... .......... 29% 11.4M 16s
 10550K .......... .......... .......... .......... .......... 29% 1.28M 16s
 10600K .......... .......... .......... .......... .......... 29% 1.28M 16s
 10650K .......... .......... .......... .......... .......... 29% 1.34M 16s
 10700K .......... .......... .......... .......... .......... 29% 1.23M 16s
 10750K .......... .......... .......... .......... .......... 29% 11.6M 16s
 10800K .......... .......... .......... .......... .......... 29% 1.12M 16s
 10850K .......... .......... .......... .......... .......... 30% 1.12M 16s
 10900K .......... .......... .......... .......... .......... 30% 1.22M 16s
 10950K .......... .......... .......... .......... .......... 30% 1.35M 16s
 11000K .......... .......... .......... .......... .......... 30% 4.03M 16s
 11050K .......... .......... .......... .......... .......... 30% 1.14M 16s
 11100K .......... .......... .......... .......... .......... 30% 1.27M 16s
 11150K .......... .......... .......... .......... .......... 30% 1.72M 16s
 11200K .......... .......... .......... .......... .......... 31% 1.28M 16s
 11250K .......... .......... .......... .......... .......... 31% 4.08M 16s
 11300K .......... .......... .......... .......... .......... 31% 1.28M 16s
 11350K .......... .......... .......... .......... .......... 31% 1.30M 16s
 11400K .......... .......... .......... .......... .......... 31% 1.69M 16s
 11450K .......... .......... .......... .......... .......... 31% 1.29M 16s
 11500K .......... .......... .......... .......... .......... 31% 4.02M 16s
 11550K .......... .......... .......... .......... .......... 32% 1.29M 16s
 11600K .......... .......... .......... .......... .......... 32% 1.29M 16s
 11650K .......... .......... .......... .......... .......... 32% 1.71M 16s
 11700K .......... .......... .......... .......... .......... 32% 1.32M 16s
 11750K .......... .......... .......... .......... .......... 32% 3.70M 16s
 11800K .......... .......... .......... .......... .......... 32% 1.29M 16s
 11850K .......... .......... .......... .......... .......... 32% 1.72M 16s
 11900K .......... .......... .......... .......... .......... 33% 1.31M 16s
 11950K .......... .......... .......... .......... .......... 33% 1.29M 16s
 12000K .......... .......... .......... .......... .......... 33% 3.67M 15s
 12050K .......... .......... .......... .......... .......... 33% 1.28M 15s
 12100K .......... .......... .......... .......... .......... 33% 1.74M 15s
 12150K .......... .......... .......... .......... .......... 33% 1.25M 15s
 12200K .......... .......... .......... .......... .......... 33% 1.26M 15s
 12250K .......... .......... .......... .......... .......... 33% 4.62M 15s
 12300K .......... .......... .......... .......... .......... 34% 1.29M 15s
 12350K .......... .......... .......... .......... .......... 34% 1.62M 15s
 12400K .......... .......... .......... .......... .......... 34% 1.28M 15s
 12450K .......... .......... .......... .......... .......... 34% 1.29M 15s
 12500K .......... .......... .......... .......... .......... 34% 4.86M 15s
 12550K .......... .......... .......... .......... .......... 34% 1.28M 15s
 12600K .......... .......... .......... .......... .......... 34% 1.58M 15s
 12650K .......... .......... .......... .......... .......... 35% 1.26M 15s
 12700K .......... .......... .......... .......... .......... 35% 1.09M 15s
 12750K .......... .......... .......... .......... .......... 35% 4.46M 15s
 12800K .......... .......... .......... .......... .......... 35% 1.50M 15s
 12850K .......... .......... .......... .......... .......... 35% 1.11M 15s
 12900K .......... .......... .......... .......... .......... 35% 1.20M 15s
 12950K .......... .......... .......... .......... .......... 35% 1.41M 15s
 13000K .......... .......... .......... .......... .......... 36% 2.77M 15s
 13050K .......... .......... .......... .......... .......... 36% 1.87M 15s
 13100K .......... .......... .......... .......... .......... 36% 1.28M 15s
 13150K .......... .......... .......... .......... .......... 36% 1.28M 15s
 13200K .......... .......... .......... .......... .......... 36% 1.43M 15s
 13250K .......... .......... .......... .......... .......... 36% 5.20M 15s
 13300K .......... .......... .......... .......... .......... 36% 1.39M 15s
 13350K .......... .......... .......... .......... .......... 37% 1.29M 15s
 13400K .......... .......... .......... .......... .......... 37% 1.42M 15s
 13450K .......... .......... .......... .......... .......... 37% 2.56M 14s
 13500K .......... .......... .......... .......... .......... 37% 1.95M 14s
 13550K .......... .......... .......... .......... .......... 37% 1.29M 14s
 13600K .......... .......... .......... .......... .......... 37% 1.31M 14s
 13650K .......... .......... .......... .......... .......... 37% 1.41M 14s
 13700K .......... .......... .......... .......... .......... 38% 5.21M 14s
 13750K .......... .......... .......... .......... .......... 38% 1.37M 14s
 13800K .......... .......... .......... .......... .......... 38% 1.29M 14s
 13850K .......... .......... .......... .......... .......... 38% 1.37M 14s
 13900K .......... .......... .......... .......... .......... 38% 1.35M 14s
 13950K .......... .......... .......... .......... .......... 38% 7.25M 14s
 14000K .......... .......... .......... .......... .......... 38% 1.28M 14s
 14050K .......... .......... .......... .......... .......... 38% 1.30M 14s
 14100K .......... .......... .......... .......... .......... 39% 1.43M 14s
 14150K .......... .......... .......... .......... .......... 39% 1.30M 14s
 14200K .......... .......... .......... .......... .......... 39% 6.64M 14s
 14250K .......... .......... .......... .......... .......... 39% 1.30M 14s
 14300K .......... .......... .......... .......... .......... 39% 1.29M 14s
 14350K .......... .......... .......... .......... .......... 39% 1.44M 14s
 14400K .......... .......... .......... .......... .......... 39% 1.29M 14s
 14450K .......... .......... .......... .......... .......... 40% 6.49M 14s
 14500K .......... .......... .......... .......... .......... 40% 1.29M 14s
 14550K .......... .......... .......... .......... .......... 40% 1.26M 14s
 14600K .......... .......... .......... .......... .......... 40% 1.24M 14s
 14650K .......... .......... .......... .......... .......... 40% 1.16M 14s
 14700K .......... .......... .......... .......... .......... 40% 4.37M 14s
 14750K .......... .......... .......... .......... .......... 40% 1.53M 14s
 14800K .......... .......... .......... .......... .......... 41% 1.22M 14s
 14850K .......... .......... .......... .......... .......... 41% 1.25M 14s
 14900K .......... .......... .......... .......... .......... 41% 1.28M 14s
 14950K .......... .......... .......... .......... .......... 41% 3.04M 13s
 15000K .......... .......... .......... .......... .......... 41% 1.99M 13s
 15050K .......... .......... .......... .......... .......... 41% 1.28M 13s
 15100K .......... .......... .......... .......... .......... 41% 1.29M 13s
 15150K .......... .......... .......... .......... .......... 42% 1.27M 13s
 15200K .......... .......... .......... .......... .......... 42% 19.8M 13s
 15250K .......... .......... .......... .......... .......... 42% 1.27M 13s
 15300K .......... .......... .......... .......... .......... 42% 1.30M 13s
 15350K .......... .......... .......... .......... .......... 42% 1.27M 13s
 15400K .......... .......... .......... .......... .......... 42% 1.28M 13s
 15450K .......... .......... .......... .......... .......... 42% 22.3M 13s
 15500K .......... .......... .......... .......... .......... 42% 1.28M 13s
 15550K .......... .......... .......... .......... .......... 43% 1.27M 13s
 15600K .......... .......... .......... .......... .......... 43% 1.27M 13s
 15650K .......... .......... .......... .......... .......... 43% 1.33M 13s
 15700K .......... .......... .......... .......... .......... 43% 12.2M 13s
 15750K .......... .......... .......... .......... .......... 43% 1.30M 13s
 15800K .......... .......... .......... .......... .......... 43% 1.28M 13s
 15850K .......... .......... .......... .......... .......... 43% 1.30M 13s
 15900K .......... .......... .......... .......... .......... 44% 1.33M 13s
 15950K .......... .......... .......... .......... .......... 44% 11.5M 13s
 16000K .......... .......... .......... .......... .......... 44% 1.24M 13s
 16050K .......... .......... .......... .......... .......... 44% 1.32M 13s
 16100K .......... .......... .......... .......... .......... 44% 1.29M 13s
 16150K .......... .......... .......... .......... .......... 44% 1.28M 13s
 16200K .......... .......... .......... .......... .......... 44% 9.87M 13s
 16250K .......... .......... .......... .......... .......... 45% 1.29M 13s
 16300K .......... .......... .......... .......... .......... 45% 1.37M 13s
 16350K .......... .......... .......... .......... .......... 45% 1.27M 13s
 16400K .......... .......... .......... .......... .......... 45% 1.16M 13s
 16450K .......... .......... .......... .......... .......... 45% 11.9M 13s
 16500K .......... .......... .......... .......... .......... 45% 1.38M 12s
 16550K .......... .......... .......... .......... .......... 45% 1.20M 12s
 16600K .......... .......... .......... .......... .......... 46% 1.14M 12s
 16650K .......... .......... .......... .......... .......... 46% 1.25M 12s
 16700K .......... .......... .......... .......... .......... 46% 7.98M 12s
 16750K .......... .......... .......... .......... .......... 46% 1.41M 12s
 16800K .......... .......... .......... .......... .......... 46% 1.26M 12s
 16850K .......... .......... .......... .......... .......... 46% 1.27M 12s
 16900K .......... .......... .......... .......... .......... 46% 3.09M 12s
 16950K .......... .......... .......... .......... .......... 46% 1.58M 12s
 17000K .......... .......... .......... .......... .......... 47% 1.54M 12s
 17050K .......... .......... .......... .......... .......... 47% 1.27M 12s
 17100K .......... .......... .......... .......... .......... 47% 1.27M 12s
 17150K .......... .......... .......... .......... .......... 47% 3.36M 12s
 17200K .......... .......... .......... .......... .......... 47% 1.88M 12s
 17250K .......... .......... .......... .......... .......... 47% 1.28M 12s
 17300K .......... .......... .......... .......... .......... 47% 1.28M 12s
 17350K .......... .......... .......... .......... .......... 48% 1.27M 12s
 17400K .......... .......... .......... .......... .......... 48% 3.60M 12s
 17450K .......... .......... .......... .......... .......... 48% 1.81M 12s
 17500K .......... .......... .......... .......... .......... 48% 1.28M 12s
 17550K .......... .......... .......... .......... .......... 48% 1.29M 12s
 17600K .......... .......... .......... .......... .......... 48% 1.22M 12s
 17650K .......... .......... .......... .......... .......... 48% 8.88M 12s
 17700K .......... .......... .......... .......... .......... 49% 1.42M 12s
 17750K .......... .......... .......... .......... .......... 49% 1.14M 12s
 17800K .......... .......... .......... .......... .......... 49% 1.27M 12s
 17850K .......... .......... .......... .......... .......... 49% 1.27M 12s
 17900K .......... .......... .......... .......... .......... 49% 35.2M 12s
 17950K .......... .......... .......... .......... .......... 49% 1.25M 12s
 18000K .......... .......... .......... .......... .......... 49% 1.29M 12s
 18050K .......... .......... .......... .......... .......... 50% 1.29M 11s
 18100K .......... .......... .......... .......... .......... 50% 1.44M 11s
 18150K .......... .......... .......... .......... .......... 50% 6.58M 11s
 18200K .......... .......... .......... .......... .......... 50% 1.28M 11s
 18250K .......... .......... .......... .......... .......... 50% 1.29M 11s
 18300K .......... .......... .......... .......... .......... 50% 1.32M 11s
 18350K .......... .......... .......... .......... .......... 50% 1.34M 11s
 18400K .......... .......... .......... .......... .......... 50% 5.96M 11s
 18450K .......... .......... .......... .......... .......... 51% 1.14M 11s
 18500K .......... .......... .......... .......... .......... 51% 1.24M 11s
 18550K .......... .......... .......... .......... .......... 51% 1.36M 11s
 18600K .......... .......... .......... .......... .......... 51% 1.14M 11s
 18650K .......... .......... .......... .......... .......... 51% 4.04M 11s
 18700K .......... .......... .......... .......... .......... 51% 1.46M 11s
 18750K .......... .......... .......... .......... .......... 51% 1.27M 11s
 18800K .......... .......... .......... .......... .......... 52% 1.50M 11s
 18850K .......... .......... .......... .......... .......... 52% 1.28M 11s
 18900K .......... .......... .......... .......... .......... 52% 4.12M 11s
 18950K .......... .......... .......... .......... .......... 52% 1.42M 11s
 19000K .......... .......... .......... .......... .......... 52% 1.51M 11s
 19050K .......... .......... .......... .......... .......... 52% 1.30M 11s
 19100K .......... .......... .......... .......... .......... 52% 1.30M 11s
 19150K .......... .......... .......... .......... .......... 53% 3.91M 11s
 19200K .......... .......... .......... .......... .......... 53% 1.41M 11s
 19250K .......... .......... .......... .......... .......... 53% 1.49M 11s
 19300K .......... .......... .......... .......... .......... 53% 1.27M 11s
 19350K .......... .......... .......... .......... .......... 53% 1.29M 11s
 19400K .......... .......... .......... .......... .......... 53% 6.35M 11s
 19450K .......... .......... .......... .......... .......... 53% 1.28M 11s
 19500K .......... .......... .......... .......... .......... 54% 1.48M 11s
 19550K .......... .......... .......... .......... .......... 54% 1.29M 11s
 19600K .......... .......... .......... .......... .......... 54% 1.29M 10s
 19650K .......... .......... .......... .......... .......... 54% 6.23M 10s
 19700K .......... .......... .......... .......... .......... 54% 1.28M 10s
 19750K .......... .......... .......... .......... .......... 54% 1.48M 10s
 19800K .......... .......... .......... .......... .......... 54% 1.28M 10s
 19850K .......... .......... .......... .......... .......... 55% 1.30M 10s
 19900K .......... .......... .......... .......... .......... 55% 6.04M 10s
 19950K .......... .......... .......... .......... .......... 55% 1.30M 10s
 20000K .......... .......... .......... .......... .......... 55% 1.46M 10s
 20050K .......... .......... .......... .......... .......... 55% 1.28M 10s
 20100K .......... .......... .......... .......... .......... 55% 6.72M 10s
 20150K .......... .......... .......... .......... .......... 55% 1.28M 10s
 20200K .......... .......... .......... .......... .......... 55% 1.31M 10s
 20250K .......... .......... .......... .......... .......... 56% 1.39M 10s
 20300K .......... .......... .......... .......... .......... 56% 1.11M 10s
 20350K .......... .......... .......... .......... .......... 56% 5.90M 10s
 20400K .......... .......... .......... .......... .......... 56% 1.23M 10s
 20450K .......... .......... .......... .......... .......... 56% 1.11M 10s
 20500K .......... .......... .......... .......... .......... 56% 1.54M 10s
 20550K .......... .......... .......... .......... .......... 56% 1.27M 10s
 20600K .......... .......... .......... .......... .......... 57% 4.45M 10s
 20650K .......... .......... .......... .......... .......... 57% 1.29M 10s
 20700K .......... .......... .......... .......... .......... 57% 1.45M 10s
 20750K .......... .......... .......... .......... .......... 57% 1.42M 10s
 20800K .......... .......... .......... .......... .......... 57% 1.29M 10s
 20850K .......... .......... .......... .......... .......... 57% 4.44M 10s
 20900K .......... .......... .......... .......... .......... 57% 1.30M 10s
 20950K .......... .......... .......... .......... .......... 58% 1.42M 10s
 21000K .......... .......... .......... .......... .......... 58% 1.45M 10s
 21050K .......... .......... .......... .......... .......... 58% 1.30M 10s
 21100K .......... .......... .......... .......... .......... 58% 4.31M 10s
 21150K .......... .......... .......... .......... .......... 58% 1.42M 9s
 21200K .......... .......... .......... .......... .......... 58% 1.29M 9s
 21250K .......... .......... .......... .......... .......... 58% 1.46M 9s
 21300K .......... .......... .......... .......... .......... 59% 1.28M 9s
 21350K .......... .......... .......... .......... .......... 59% 4.72M 9s
 21400K .......... .......... .......... .......... .......... 59% 1.38M 9s
 21450K .......... .......... .......... .......... .......... 59% 1.29M 9s
 21500K .......... .......... .......... .......... .......... 59% 1.47M 9s
 21550K .......... .......... .......... .......... .......... 59% 1.28M 9s
 21600K .......... .......... .......... .......... .......... 59% 5.18M 9s
 21650K .......... .......... .......... .......... .......... 59% 1.36M 9s
 21700K .......... .......... .......... .......... .......... 60% 1.29M 9s
 21750K .......... .......... .......... .......... .......... 60% 1.45M 9s
 21800K .......... .......... .......... .......... .......... 60% 1.29M 9s
 21850K .......... .......... .......... .......... .......... 60% 6.59M 9s
 21900K .......... .......... .......... .......... .......... 60% 1.29M 9s
 21950K .......... .......... .......... .......... .......... 60% 1.48M 9s
 22000K .......... .......... .......... .......... .......... 60% 1.28M 9s
 22050K .......... .......... .......... .......... .......... 61% 1.30M 9s
 22100K .......... .......... .......... .......... .......... 61% 6.55M 9s
 22150K .......... .......... .......... .......... .......... 61% 1.26M 9s
 22200K .......... .......... .......... .......... .......... 61% 1.17M 9s
 22250K .......... .......... .......... .......... .......... 61% 1.42M 9s
 22300K .......... .......... .......... .......... .......... 61% 1.02M 9s
 22350K .......... .......... .......... .......... .......... 61% 12.6M 9s
 22400K .......... .......... .......... .......... .......... 62% 1.34M 9s
 22450K .......... .......... .......... .......... .......... 62% 1.23M 9s
 22500K .......... .......... .......... .......... .......... 62% 1.25M 9s
 22550K .......... .......... .......... .......... .......... 62% 1.27M 9s
 22600K .......... .......... .......... .......... .......... 62% 44.1M 9s
 22650K .......... .......... .......... .......... .......... 62% 1.24M 9s
 22700K .......... .......... .......... .......... .......... 62% 1.25M 9s
 22750K .......... .......... .......... .......... .......... 63% 1.31M 8s
 22800K .......... .......... .......... .......... .......... 63% 1.31M 8s
 22850K .......... .......... .......... .......... .......... 63% 13.0M 8s
 22900K .......... .......... .......... .......... .......... 63% 1.28M 8s
 22950K .......... .......... .......... .......... .......... 63% 1.32M 8s
 23000K .......... .......... .......... .......... .......... 63% 1.29M 8s
 23050K .......... .......... .......... .......... .......... 63% 1.30M 8s
 23100K .......... .......... .......... .......... .......... 63% 12.0M 8s
 23150K .......... .......... .......... .......... .......... 64% 1.30M 8s
 23200K .......... .......... .......... .......... .......... 64% 1.29M 8s
 23250K .......... .......... .......... .......... .......... 64% 1.32M 8s
 23300K .......... .......... .......... .......... .......... 64% 1.28M 8s
 23350K .......... .......... .......... .......... .......... 64% 13.5M 8s
 23400K .......... .......... .......... .......... .......... 64% 1.30M 8s
 23450K .......... .......... .......... .......... .......... 64% 1.30M 8s
 23500K .......... .......... .......... .......... .......... 65% 1.29M 8s
 23550K .......... .......... .......... .......... .......... 65% 14.1M 8s
 23600K .......... .......... .......... .......... .......... 65% 1.29M 8s
 23650K .......... .......... .......... .......... .......... 65% 1.30M 8s
 23700K .......... .......... .......... .......... .......... 65% 1.29M 8s
 23750K .......... .......... .......... .......... .......... 65% 1.28M 8s
 23800K .......... .......... .......... .......... .......... 65% 15.0M 8s
 23850K .......... .......... .......... .......... .......... 66% 1.31M 8s
 23900K .......... .......... .......... .......... .......... 66% 1.27M 8s
 23950K .......... .......... .......... .......... .......... 66% 1.30M 8s
 24000K .......... .......... .......... .......... .......... 66% 1.26M 8s
 24050K .......... .......... .......... .......... .......... 66% 9.68M 8s
 24100K .......... .......... .......... .......... .......... 66% 1.10M 8s
 24150K .......... .......... .......... .......... .......... 66% 1.07M 8s
 24200K .......... .......... .......... .......... .......... 67% 1.35M 8s
 24250K .......... .......... .......... .......... .......... 67% 1.36M 8s
 24300K .......... .......... .......... .......... .......... 67% 3.17M 7s
 24350K .......... .......... .......... .......... .......... 67% 1.27M 7s
 24400K .......... .......... .......... .......... .......... 67% 1.28M 7s
 24450K .......... .......... .......... .......... .......... 67% 1.67M 7s
 24500K .......... .......... .......... .......... .......... 67% 1.27M 7s
 24550K .......... .......... .......... .......... .......... 67% 4.24M 7s
 24600K .......... .......... .......... .......... .......... 68% 1.28M 7s
 24650K .......... .......... .......... .......... .......... 68% 1.27M 7s
 24700K .......... .......... .......... .......... .......... 68% 1.68M 7s
 24750K .......... .......... .......... .......... .......... 68% 1.28M 7s
 24800K .......... .......... .......... .......... .......... 68% 4.10M 7s
 24850K .......... .......... .......... .......... .......... 68% 1.30M 7s
 24900K .......... .......... .......... .......... .......... 68% 1.28M 7s
 24950K .......... .......... .......... .......... .......... 69% 1.68M 7s
 25000K .......... .......... .......... .......... .......... 69% 1.31M 7s
 25050K .......... .......... .......... .......... .......... 69% 4.11M 7s
 25100K .......... .......... .......... .......... .......... 69% 1.27M 7s
 25150K .......... .......... .......... .......... .......... 69% 1.70M 7s
 25200K .......... .......... .......... .......... .......... 69% 1.28M 7s
 25250K .......... .......... .......... .......... .......... 69% 1.31M 7s
 25300K .......... .......... .......... .......... .......... 70% 3.83M 7s
 25350K .......... .......... .......... .......... .......... 70% 1.28M 7s
 25400K .......... .......... .......... .......... .......... 70% 1.68M 7s
 25450K .......... .......... .......... .......... .......... 70% 1.28M 7s
 25500K .......... .......... .......... .......... .......... 70% 1.32M 7s
 25550K .......... .......... .......... .......... .......... 70% 3.95M 7s
 25600K .......... .......... .......... .......... .......... 70% 1.28M 7s
 25650K .......... .......... .......... .......... .......... 71% 1.69M 7s
 25700K .......... .......... .......... .......... .......... 71% 1.30M 7s
 25750K .......... .......... .......... .......... .......... 71% 1.31M 7s
 25800K .......... .......... .......... .......... .......... 71% 3.49M 7s
 25850K .......... .......... .......... .......... .......... 71% 1.31M 6s
 25900K .......... .......... .......... .......... .......... 71% 1.63M 6s
 25950K .......... .......... .......... .......... .......... 71% 1.26M 6s
 26000K .......... .......... .......... .......... .......... 72% 1.30M 6s
 26050K .......... .......... .......... .......... .......... 72% 2.39M 6s
 26100K .......... .......... .......... .......... .......... 72% 1.06M 6s
 26150K .......... .......... .......... .......... .......... 72% 2.02M 6s
 26200K .......... .......... .......... .......... .......... 72% 1.13M 6s
 26250K .......... .......... .......... .......... .......... 72% 1.50M 6s
 26300K .......... .......... .......... .......... .......... 72% 2.57M 6s
 26350K .......... .......... .......... .......... .......... 72% 1.29M 6s
 26400K .......... .......... .......... .......... .......... 73% 1.78M 6s
 26450K .......... .......... .......... .......... .......... 73% 1.29M 6s
 26500K .......... .......... .......... .......... .......... 73% 1.49M 6s
 26550K .......... .......... .......... .......... .......... 73% 2.60M 6s
 26600K .......... .......... .......... .......... .......... 73% 1.29M 6s
 26650K .......... .......... .......... .......... .......... 73% 1.80M 6s
 26700K .......... .......... .......... .......... .......... 73% 1.48M 6s
 26750K .......... .......... .......... .......... .......... 74% 2.60M 6s
 26800K .......... .......... .......... .......... .......... 74% 1.29M 6s
 26850K .......... .......... .......... .......... .......... 74% 1.30M 6s
 26900K .......... .......... .......... .......... .......... 74% 1.83M 6s
 26950K .......... .......... .......... .......... .......... 74% 1.44M 6s
 27000K .......... .......... .......... .......... .......... 74% 2.59M 6s
 27050K .......... .......... .......... .......... .......... 74% 1.31M 6s
 27100K .......... .......... .......... .......... .......... 75% 1.30M 6s
 27150K .......... .......... .......... .......... .......... 75% 1.86M 6s
 27200K .......... .......... .......... .......... .......... 75% 1.45M 6s
 27250K .......... .......... .......... .......... .......... 75% 2.56M 6s
 27300K .......... .......... .......... .......... .......... 75% 1.29M 6s
 27350K .......... .......... .......... .......... .......... 75% 1.22M 6s
 27400K .......... .......... .......... .......... .......... 75% 2.38M 6s
 27450K .......... .......... .......... .......... .......... 76% 1.30M 5s
 27500K .......... .......... .......... .......... .......... 76% 2.31M 5s
 27550K .......... .......... .......... .......... .......... 76% 1.28M 5s
 27600K .......... .......... .......... .......... .......... 76% 1.34M 5s
 27650K .......... .......... .......... .......... .......... 76% 2.34M 5s
 27700K .......... .......... .......... .......... .......... 76% 1.30M 5s
 27750K .......... .......... .......... .......... .......... 76% 2.27M 5s
 27800K .......... .......... .......... .......... .......... 76% 1.18M 5s
 27850K .......... .......... .......... .......... .......... 77% 1.36M 5s
 27900K .......... .......... .......... .......... .......... 77% 2.24M 5s
 27950K .......... .......... .......... .......... .......... 77% 1.11M 5s
 28000K .......... .......... .......... .......... .......... 77% 1.55M 5s
 28050K .......... .......... .......... .......... .......... 77% 1.26M 5s
 28100K .......... .......... .......... .......... .......... 77% 1.22M 5s
 28150K .......... .......... .......... .......... .......... 77% 3.46M 5s
 28200K .......... .......... .......... .......... .......... 78% 1.28M 5s
 28250K .......... .......... .......... .......... .......... 78% 1.77M 5s
 28300K .......... .......... .......... .......... .......... 78% 1.33M 5s
 28350K .......... .......... .......... .......... .......... 78% 1.29M 5s
 28400K .......... .......... .......... .......... .......... 78% 3.44M 5s
 28450K .......... .......... .......... .......... .......... 78% 1.29M 5s
 28500K .......... .......... .......... .......... .......... 78% 1.85M 5s
 28550K .......... .......... .......... .......... .......... 79% 1.28M 5s
 28600K .......... .......... .......... .......... .......... 79% 3.38M 5s
 28650K .......... .......... .......... .......... .......... 79% 1.28M 5s
 28700K .......... .......... .......... .......... .......... 79% 1.29M 5s
 28750K .......... .......... .......... .......... .......... 79% 1.88M 5s
 28800K .......... .......... .......... .......... .......... 79% 1.28M 5s
 28850K .......... .......... .......... .......... .......... 79% 3.37M 5s
 28900K .......... .......... .......... .......... .......... 80% 1.28M 5s
 28950K .......... .......... .......... .......... .......... 80% 1.28M 5s
 29000K .......... .......... .......... .......... .......... 80% 1.88M 5s
 29050K .......... .......... .......... .......... .......... 80% 1.30M 4s
 29100K .......... .......... .......... .......... .......... 80% 3.18M 4s
 29150K .......... .......... .......... .......... .......... 80% 1.28M 4s
 29200K .......... .......... .......... .......... .......... 80% 1.29M 4s
 29250K .......... .......... .......... .......... .......... 80% 1.91M 4s
 29300K .......... .......... .......... .......... .......... 81% 1.28M 4s
 29350K .......... .......... .......... .......... .......... 81% 3.24M 4s
 29400K .......... .......... .......... .......... .......... 81% 1.29M 4s
 29450K .......... .......... .......... .......... .......... 81% 1.28M 4s
 29500K .......... .......... .......... .......... .......... 81% 1.93M 4s
 29550K .......... .......... .......... .......... .......... 81% 1.31M 4s
 29600K .......... .......... .......... .......... .......... 81% 3.06M 4s
 29650K .......... .......... .......... .......... .......... 82% 1.28M 4s
 29700K .......... .......... .......... .......... .......... 82% 1.25M 4s
 29750K .......... .......... .......... .......... .......... 82% 1.85M 4s
 29800K .......... .......... .......... .......... .......... 82% 1.11M 4s
 29850K .......... .......... .......... .......... .......... 82% 2.45M 4s
 29900K .......... .......... .......... .......... .......... 82% 1.22M 4s
 29950K .......... .......... .......... .......... .......... 82% 1.18M 4s
 30000K .......... .......... .......... .......... .......... 83% 1.68M 4s
 30050K .......... .......... .......... .......... .......... 83% 1.27M 4s
 30100K .......... .......... .......... .......... .......... 83% 4.32M 4s
 30150K .......... .......... .......... .......... .......... 83% 1.27M 4s
 30200K .......... .......... .......... .......... .......... 83% 1.70M 4s
 30250K .......... .......... .......... .......... .......... 83% 1.28M 4s
 30300K .......... .......... .......... .......... .......... 83% 1.27M 4s
 30350K .......... .......... .......... .......... .......... 84% 4.20M 4s
 30400K .......... .......... .......... .......... .......... 84% 1.29M 4s
 30450K .......... .......... .......... .......... .......... 84% 1.67M 4s
 30500K .......... .......... .......... .......... .......... 84% 1.29M 4s
 30550K .......... .......... .......... .......... .......... 84% 1.32M 4s
 30600K .......... .......... .......... .......... .......... 84% 3.66M 3s
 30650K .......... .......... .......... .......... .......... 84% 1.27M 3s
 30700K .......... .......... .......... .......... .......... 84% 1.76M 3s
 30750K .......... .......... .......... .......... .......... 85% 1.28M 3s
 30800K .......... .......... .......... .......... .......... 85% 1.30M 3s
 30850K .......... .......... .......... .......... .......... 85% 3.60M 3s
 30900K .......... .......... .......... .......... .......... 85% 1.29M 3s
 30950K .......... .......... .......... .......... .......... 85% 1.75M 3s
 31000K .......... .......... .......... .......... .......... 85% 1.31M 3s
 31050K .......... .......... .......... .......... .......... 85% 1.29M 3s
 31100K .......... .......... .......... .......... .......... 86% 3.52M 3s
 31150K .......... .......... .......... .......... .......... 86% 1.29M 3s
 31200K .......... .......... .......... .......... .......... 86% 1.83M 3s
 31250K .......... .......... .......... .......... .......... 86% 1.29M 3s
 31300K .......... .......... .......... .......... .......... 86% 1.30M 3s
 31350K .......... .......... .......... .......... .......... 86% 3.48M 3s
 31400K .......... .......... .......... .......... .......... 86% 1.27M 3s
 31450K .......... .......... .......... .......... .......... 87% 1.84M 3s
 31500K .......... .......... .......... .......... .......... 87% 1.28M 3s
 31550K .......... .......... .......... .......... .......... 87% 1.33M 3s
 31600K .......... .......... .......... .......... .......... 87% 2.78M 3s
 31650K .......... .......... .......... .......... .......... 87% 1.11M 3s
 31700K .......... .......... .......... .......... .......... 87% 1.80M 3s
 31750K .......... .......... .......... .......... .......... 87% 1.29M 3s
 31800K .......... .......... .......... .......... .......... 88% 2.11M 3s
 31850K .......... .......... .......... .......... .......... 88% 1.14M 3s
 31900K .......... .......... .......... .......... .......... 88% 1.26M 3s
 31950K .......... .......... .......... .......... .......... 88% 2.46M 3s
 32000K .......... .......... .......... .......... .......... 88% 1.29M 3s
 32050K .......... .......... .......... .......... .......... 88% 2.30M 3s
 32100K .......... .......... .......... .......... .......... 88% 1.10M 3s
 32150K .......... .......... .......... .......... .......... 88% 1.28M 3s
 32200K .......... .......... .......... .......... .......... 89% 3.85M 2s
 32250K .......... .......... .......... .......... .......... 89% 1.29M 2s
 32300K .......... .......... .......... .......... .......... 89% 1.72M 2s
 32350K .......... .......... .......... .......... .......... 89% 1.29M 2s
 32400K .......... .......... .......... .......... .......... 89% 1.28M 2s
 32450K .......... .......... .......... .......... .......... 89% 3.82M 2s
 32500K .......... .......... .......... .......... .......... 89% 1.28M 2s
 32550K .......... .......... .......... .......... .......... 90% 1.75M 2s
 32600K .......... .......... .......... .......... .......... 90% 1.29M 2s
 32650K .......... .......... .......... .......... .......... 90% 1.28M 2s
 32700K .......... .......... .......... .......... .......... 90% 3.80M 2s
 32750K .......... .......... .......... .......... .......... 90% 1.31M 2s
 32800K .......... .......... .......... .......... .......... 90% 1.71M 2s
 32850K .......... .......... .......... .......... .......... 90% 1.30M 2s
 32900K .......... .......... .......... .......... .......... 91% 1.28M 2s
 32950K .......... .......... .......... .......... .......... 91% 3.79M 2s
 33000K .......... .......... .......... .......... .......... 91% 1.34M 2s
 33050K .......... .......... .......... .......... .......... 91% 1.67M 2s
 33100K .......... .......... .......... .......... .......... 91% 1.29M 2s
 33150K .......... .......... .......... .......... .......... 91% 1.27M 2s
 33200K .......... .......... .......... .......... .......... 91% 3.98M 2s
 33250K .......... .......... .......... .......... .......... 92% 1.31M 2s
 33300K .......... .......... .......... .......... .......... 92% 1.66M 2s
 33350K .......... .......... .......... .......... .......... 92% 1.30M 2s
 33400K .......... .......... .......... .......... .......... 92% 1.28M 2s
 33450K .......... .......... .......... .......... .......... 92% 4.10M 2s
 33500K .......... .......... .......... .......... .......... 92% 1.24M 2s
 33550K .......... .......... .......... .......... .......... 92% 1.35M 2s
 33600K .......... .......... .......... .......... .......... 93% 1.12M 2s
 33650K .......... .......... .......... .......... .......... 93% 4.00M 2s
 33700K .......... .......... .......... .......... .......... 93% 1.17M 2s
 33750K .......... .......... .......... .......... .......... 93% 1.49M 2s
 33800K .......... .......... .......... .......... .......... 93% 1.27M 1s
 33850K .......... .......... .......... .......... .......... 93% 1.28M 1s
 33900K .......... .......... .......... .......... .......... 93% 5.75M 1s
 33950K .......... .......... .......... .......... .......... 93% 1.27M 1s
 34000K .......... .......... .......... .......... .......... 94% 1.41M 1s
 34050K .......... .......... .......... .......... .......... 94% 1.28M 1s
 34100K .......... .......... .......... .......... .......... 94% 1.41M 1s
 34150K .......... .......... .......... .......... .......... 94% 5.27M 1s
 34200K .......... .......... .......... .......... .......... 94% 1.30M 1s
 34250K .......... .......... .......... .......... .......... 94% 1.38M 1s
 34300K .......... .......... .......... .......... .......... 94% 1.29M 1s
 34350K .......... .......... .......... .......... .......... 95% 1.38M 1s
 34400K .......... .......... .......... .......... .......... 95% 4.86M 1s
 34450K .......... .......... .......... .......... .......... 95% 1.32M 1s
 34500K .......... .......... .......... .......... .......... 95% 1.41M 1s
 34550K .......... .......... .......... .......... .......... 95% 1.29M 1s
 34600K .......... .......... .......... .......... .......... 95% 1.39M 1s
 34650K .......... .......... .......... .......... .......... 95% 5.27M 1s
 34700K .......... .......... .......... .......... .......... 96% 1.28M 1s
 34750K .......... .......... .......... .......... .......... 96% 1.43M 1s
 34800K .......... .......... .......... .......... .......... 96% 1.38M 1s
 34850K .......... .......... .......... .......... .......... 96% 1.28M 1s
 34900K .......... .......... .......... .......... .......... 96% 5.34M 1s
 34950K .......... .......... .......... .......... .......... 96% 1.30M 1s
 35000K .......... .......... .......... .......... .......... 96% 1.41M 1s
 35050K .......... .......... .......... .......... .......... 97% 1.39M 1s
 35100K .......... .......... .......... .......... .......... 97% 1.28M 1s
 35150K .......... .......... .......... .......... .......... 97% 5.33M 1s
 35200K .......... .......... .......... .......... .......... 97% 1.30M 1s
 35250K .......... .......... .......... .......... .......... 97% 1.41M 1s
 35300K .......... .......... .......... .......... .......... 97% 1.38M 1s
 35350K .......... .......... .......... .......... .......... 97% 1.28M 0s
 35400K .......... .......... .......... .......... .......... 97% 4.01M 0s
 35450K .......... .......... .......... .......... .......... 98% 1.35M 0s
 35500K .......... .......... .......... .......... .......... 98% 1.10M 0s
 35550K .......... .......... .......... .......... .......... 98% 1.12M 0s
 35600K .......... .......... .......... .......... .......... 98% 1.35M 0s
 35650K .......... .......... .......... .......... .......... 98% 2.65M 0s
 35700K .......... .......... .......... .......... .......... 98% 1.73M 0s
 35750K .......... .......... .......... .......... .......... 98% 1.29M 0s
 35800K .......... .......... .......... .......... .......... 99% 1.44M 0s
 35850K .......... .......... .......... .......... .......... 99% 1.26M 0s
 35900K .......... .......... .......... .......... .......... 99% 3.16M 0s
 35950K .......... .......... .......... .......... .......... 99% 1.72M 0s
 36000K .......... .......... .......... .......... .......... 99% 1.30M 0s
 36050K .......... .......... .......... .......... .......... 99% 1.39M 0s
 36100K .......... .......... .......... .......... .......... 99% 1.28M 0s
 36150K .......... .......... .........                       100% 6.12M=23s

2017-02-04 09:26:53 (1.55 MB/s) - `ebank_mobile_card.apk' saved [37048261/37048261]

