--2016-12-21 15:22:07--  http://wap.ddxff.cc/lx
Resolving wap.ddxff.cc... 103.228.131.8
Connecting to wap.ddxff.cc|103.228.131.8|:80... connected.
HTTP request sent, awaiting response... 301 Moved Permanently
Location: http://wap.ddxff.cc/lx/ [following]
--2016-12-21 15:22:11--  http://wap.ddxff.cc/lx/
Reusing existing connection to wap.ddxff.cc:80.
HTTP request sent, awaiting response... 200 OK
Length: 247 [text/html]
Saving to: `index.html'

     0K                                                       100% 18.1M=0s

2016-12-21 15:22:11 (18.1 MB/s) - `index.html' saved [247/247]

=======================The second times wget =====================
--2016-12-21 15:22:11--  http://wap.ddxff.cc/lx/%C2%BC%CF%F11.apk
Resolving wap.ddxff.cc... 103.228.131.8
Connecting to wap.ddxff.cc|103.228.131.8|:80... connected.
HTTP request sent, awaiting response... 200 OK
Length: 209321 (204K) [application/vnd.android.package-archive]
Saving to: `Â¼Ïñ1.apk'

     0K .......... .......... .......... .......... .......... 24%  124K 1s
    50K .......... .......... .......... .......... .......... 48%  123K 1s
   100K .......... .......... .......... .......... .......... 73%  113K 0s
   150K .......... .......... .......... .......... .......... 97%  108K 0s
   200K ....                                                  100% 8.62M=1.7s

2016-12-21 15:22:15 (119 KB/s) - `Â¼Ïñ1.apk' saved [209321/209321]

