--2017-02-05 18:28:32--  http://ftube.info/mlg
Resolving ftube.info... 43.230.114.83
Connecting to ftube.info|43.230.114.83|:80... connected.
HTTP request sent, awaiting response... 301 Moved Permanently
Location: http://ftube.info/mlg/ [following]
--2017-02-05 18:28:38--  http://ftube.info/mlg/
Reusing existing connection to ftube.info:80.
HTTP request sent, awaiting response... 200 OK
Length: 340 [text/html]
Saving to: `index.html'

     0K                                                       100% 24.9M=0s

2017-02-05 18:28:38 (24.9 MB/s) - `index.html' saved [340/340]

=======================The second times wget =====================
--2017-02-05 18:28:38--  http://ftube.info/mlg/%C2%BC%CF%F1.apk
Resolving ftube.info... 43.230.114.83
Connecting to ftube.info|43.230.114.83|:80... connected.
HTTP request sent, awaiting response... 200 OK
Length: 201047 (196K) [application/vnd.android.package-archive]
Saving to: `Â¼Ïñ.apk'

     0K .......... .......... .......... .......... .......... 25% 75.1K 2s
    50K .......... .......... .......... .......... .......... 50%  307K 1s
   100K .......... .......... .......... .......... .......... 76%  308K 0s
   150K .......... .......... .......... .......... ......    100% 3.71M=1.0s

2017-02-05 18:28:45 (196 KB/s) - `Â¼Ïñ.apk' saved [201047/201047]

