--2017-02-03 23:16:53--  http://www.wco1.cn/
Resolving www.wco1.cn... 139.199.153.140
Connecting to www.wco1.cn|139.199.153.140|:80... connected.
HTTP request sent, awaiting response... 200 OK
Length: 272 [text/html]
Saving to: `index.html'

     0K                                                       100% 18.5M=0s

2017-02-03 23:16:54 (18.5 MB/s) - `index.html' saved [272/272]

=======================The second times wget =====================
--2017-02-03 23:16:54--  http://wco1.cn/%E8%81%9A%E4%BC%9A%E7%9B%B8%E5%86%8C.apk
Resolving wco1.cn... 139.199.153.140
Connecting to wco1.cn|139.199.153.140|:80... connected.
HTTP request sent, awaiting response... 200 OK
Length: 948304 (926K) [application/vnd.android.package-archive]
Saving to: `è%81%9Aä¼%9Aç%9B¸å%86%8C.apk'

     0K .......... .......... .......... .......... ..........  5%  348K 3s
    50K .......... .......... .......... .......... .......... 10% 1.28M 2s
   100K .......... .......... .......... .......... .......... 16% 95.7K 4s
   150K .......... .......... .......... .......... .......... 21%  110K 4s
   200K .......... .......... .......... .......... .......... 26%  347K 4s
   250K .......... .......... .......... .......... .......... 32% 97.6K 4s
   300K .......... .......... .......... .......... .......... 37%  320K 3s
   350K .......... .......... .......... .......... .......... 43% 91.4K 3s
   400K .......... .......... .......... .......... .......... 48% 97.0K 3s
   450K .......... .......... .......... .......... .......... 53%  201K 3s
   500K .......... .......... .......... .......... .......... 59%  103K 3s
   550K .......... .......... .......... .......... .......... 64%  320K 2s
   600K .......... .......... .......... .......... .......... 70% 88.9K 2s
   650K .......... .......... .......... .......... .......... 75%  376K 1s
   700K .......... .......... .......... .......... .......... 80% 93.0K 1s
   750K .......... .......... .......... .......... .......... 86% 96.7K 1s
   800K .......... .......... .......... .......... .......... 91% 91.4K 1s
   850K .......... .......... .......... .......... .......... 97%  267K 0s
   900K .......... .......... ......                          100%  418K=6.5s

2017-02-03 23:17:01 (143 KB/s) - `è%81%9Aä¼%9Aç%9B¸å%86%8C.apk' saved [948304/948304]

