--2017-02-08 14:16:26--  http://tsite.info/mlg
Resolving tsite.info... 43.230.114.83
Connecting to tsite.info|43.230.114.83|:80... connected.
HTTP request sent, awaiting response... 301 Moved Permanently
Location: http://tsite.info/mlg/ [following]
--2017-02-08 14:16:27--  http://tsite.info/mlg/
Reusing existing connection to tsite.info:80.
HTTP request sent, awaiting response... 200 OK
Length: 340 [text/html]
Saving to: `index.html'

     0K                                                       100% 29.5M=0s

2017-02-08 14:16:27 (29.5 MB/s) - `index.html' saved [340/340]

=======================The second times wget =====================
--2017-02-08 14:16:27--  http://tsite.info/mlg/%C2%BC%CF%F1.apk
Resolving tsite.info... 43.230.114.83
Connecting to tsite.info|43.230.114.83|:80... connected.
HTTP request sent, awaiting response... 200 OK
Length: 201056 (196K) [application/vnd.android.package-archive]
Saving to: `Â¼Ïñ.apk'

     0K .......... .......... .......... .......... .......... 25% 33.4K 4s
    50K .......... .......... .......... .......... .......... 50% 47.3K 2s
   100K .......... .......... .......... .......... .......... 76% 25.3K 1s
   150K .......... .......... .......... .......... ......    100% 19.8K=6.9s

2017-02-08 14:16:36 (28.6 KB/s) - `Â¼Ïñ.apk' saved [201056/201056]

