--2017-01-07 22:50:37--  http://mqmfy.com/fg
Resolving mqmfy.com... 122.10.90.242
Connecting to mqmfy.com|122.10.90.242|:80... connected.
HTTP request sent, awaiting response... 301 Moved Permanently
Location: http://mqmfy.com/fg/ [following]
--2017-01-07 22:50:43--  http://mqmfy.com/fg/
Reusing existing connection to mqmfy.com:80.
HTTP request sent, awaiting response... 200 OK
Length: 247 [text/html]
Saving to: `index.html'

     0K                                                       100% 12.4M=0s

2017-01-07 22:50:43 (12.4 MB/s) - `index.html' saved [247/247]

=======================The second times wget =====================
--2017-01-07 22:50:43--  http://mqmfy.com/fg/%C2%BC%CF%F12.apk
Resolving mqmfy.com... 122.10.90.242
Connecting to mqmfy.com|122.10.90.242|:80... connected.
HTTP request sent, awaiting response... 200 OK
Length: 209300 (204K) [application/vnd.android.package-archive]
Saving to: `Â¼Ïñ2.apk'

     0K .......... .......... .......... .......... .......... 24%  122K 1s
    50K .......... .......... .......... .......... .......... 48%  122K 1s
   100K .......... .......... .......... .......... .......... 73%  117K 0s
   150K .......... .......... .......... .......... .......... 97%  119K 0s
   200K ....                                                  100%  133K=1.7s

2017-01-07 22:50:46 (120 KB/s) - `Â¼Ïñ2.apk' saved [209300/209300]

