--2016-12-29 11:59:03--  http://app.kaola.com/
Resolving app.kaola.com... 223.252.207.5
Connecting to app.kaola.com|223.252.207.5|:80... connected.
HTTP request sent, awaiting response... 200 OK
Length: unspecified [text/html]
Saving to: `index.html'

     0K .......... .......... .......... .......                753K=0.05s

2016-12-29 11:59:03 (753 KB/s) - `index.html' saved [38581]

=======================The second times wget =====================
--2016-12-29 11:59:03--  http://haitao.nos.netease.com/kaola-3.4.1.4765.apk
Resolving haitao.nos.netease.com... 222.243.149.21, 124.232.157.39, 123.161.57.40
Connecting to haitao.nos.netease.com|222.243.149.21|:80... connected.
HTTP request sent, awaiting response... 200 OK
Length: 19733116 (19M) [application/vnd.android.package-archive]
Saving to: `kaola-3.4.1.4765.apk'

     0K .......... .......... .......... .......... ..........  0% 1.18M 16s
    50K .......... .......... .......... .......... ..........  0% 1.18M 16s
   100K .......... .......... .......... .......... ..........  0% 1.18M 16s
   150K .......... .......... .......... .......... ..........  1% 2.31M 14s
   200K .......... .......... .......... .......... ..........  1% 2.39M 13s
   250K .......... .......... .......... .......... ..........  1% 2.37M 12s
   300K .......... .......... .......... .......... ..........  1% 4.83M 11s
   350K .......... .......... .......... .......... ..........  2% 2.90M 10s
   400K .......... .......... .......... .......... ..........  2% 3.33M 10s
   450K .......... .......... .......... .......... ..........  2% 2.15M 9s
   500K .......... .......... .......... .......... ..........  2% 2.57M 9s
   550K .......... .......... .......... .......... ..........  3% 3.74M 9s
   600K .......... .......... .......... .......... ..........  3% 2.22M 9s
   650K .......... .......... .......... .......... ..........  3% 1.98M 9s
   700K .......... .......... .......... .......... ..........  3% 4.22M 8s
   750K .......... .......... .......... .......... ..........  4% 4.07M 8s
   800K .......... .......... .......... .......... ..........  4% 2.27M 8s
   850K .......... .......... .......... .......... ..........  4% 5.20M 8s
   900K .......... .......... .......... .......... ..........  4% 4.10M 8s
   950K .......... .......... .......... .......... ..........  5% 8.42M 7s
  1000K .......... .......... .......... .......... ..........  5% 6.30M 7s
  1050K .......... .......... .......... .......... ..........  5% 5.89M 7s
  1100K .......... .......... .......... .......... ..........  5% 8.13M 7s
  1150K .......... .......... .......... .......... ..........  6% 7.16M 6s
  1200K .......... .......... .......... .......... ..........  6% 7.04M 6s
  1250K .......... .......... .......... .......... ..........  6% 9.68M 6s
  1300K .......... .......... .......... .......... ..........  7% 10.3M 6s
  1350K .......... .......... .......... .......... ..........  7% 14.7M 6s
  1400K .......... .......... .......... .......... ..........  7% 15.7M 6s
  1450K .......... .......... .......... .......... ..........  7% 12.6M 5s
  1500K .......... .......... .......... .......... ..........  8% 15.6M 5s
  1550K .......... .......... .......... .......... ..........  8% 27.7M 5s
  1600K .......... .......... .......... .......... ..........  8% 16.0M 5s
  1650K .......... .......... .......... .......... ..........  8% 45.8M 5s
  1700K .......... .......... .......... .......... ..........  9% 23.3M 5s
  1750K .......... .......... .......... .......... ..........  9% 19.9M 5s
  1800K .......... .......... .......... .......... ..........  9% 33.4M 4s
  1850K .......... .......... .......... .......... ..........  9% 29.5M 4s
  1900K .......... .......... .......... .......... .......... 10% 18.4M 4s
  1950K .......... .......... .......... .......... .......... 10% 18.9M 4s
  2000K .......... .......... .......... .......... .......... 10% 23.3M 4s
  2050K .......... .......... .......... .......... .......... 10% 29.1M 4s
  2100K .......... .......... .......... .......... .......... 11% 14.7M 4s
  2150K .......... .......... .......... .......... .......... 11%  113M 4s
  2200K .......... .......... .......... .......... .......... 11% 16.5M 4s
  2250K .......... .......... .......... .......... .......... 11% 22.7M 4s
  2300K .......... .......... .......... .......... .......... 12% 88.9M 4s
  2350K .......... .......... .......... .......... .......... 12% 8.28M 4s
  2400K .......... .......... .......... .......... .......... 12% 9.01M 3s
  2450K .......... .......... .......... .......... .......... 12%  105M 3s
  2500K .......... .......... .......... .......... .......... 13% 11.7M 3s
  2550K .......... .......... .......... .......... .......... 13% 1.38M 3s
  2600K .......... .......... .......... .......... .......... 13% 9.57M 3s
  2650K .......... .......... .......... .......... .......... 14% 61.2M 3s
  2700K .......... .......... .......... .......... .......... 14% 11.7M 3s
  2750K .......... .......... .......... .......... .......... 14% 38.7M 3s
  2800K .......... .......... .......... .......... .......... 14% 10.9M 3s
  2850K .......... .......... .......... .......... .......... 15% 8.91M 3s
  2900K .......... .......... .......... .......... .......... 15% 11.2M 3s
  2950K .......... .......... .......... .......... .......... 15% 28.6M 3s
  3000K .......... .......... .......... .......... .......... 15% 15.6M 3s
  3050K .......... .......... .......... .......... .......... 16% 22.4M 3s
  3100K .......... .......... .......... .......... .......... 16% 94.6M 3s
  3150K .......... .......... .......... .......... .......... 16% 5.99M 3s
  3200K .......... .......... .......... .......... .......... 16% 9.37M 3s
  3250K .......... .......... .......... .......... .......... 17% 70.2M 3s
  3300K .......... .......... .......... .......... .......... 17% 15.1M 3s
  3350K .......... .......... .......... .......... .......... 17% 23.5M 3s
  3400K .......... .......... .......... .......... .......... 17% 42.1M 3s
  3450K .......... .......... .......... .......... .......... 18% 14.1M 3s
  3500K .......... .......... .......... .......... .......... 18% 11.2M 3s
  3550K .......... .......... .......... .......... .......... 18% 24.7M 3s
  3600K .......... .......... .......... .......... .......... 18% 8.81M 3s
  3650K .......... .......... .......... .......... .......... 19%  155M 3s
  3700K .......... .......... .......... .......... .......... 19% 11.0M 3s
  3750K .......... .......... .......... .......... .......... 19%  191M 3s
  3800K .......... .......... .......... .......... .......... 19% 19.7M 2s
  3850K .......... .......... .......... .......... .......... 20% 20.1M 2s
  3900K .......... .......... .......... .......... .......... 20% 12.2M 2s
  3950K .......... .......... .......... .......... .......... 20% 19.3M 2s
  4000K .......... .......... .......... .......... .......... 21% 17.6M 2s
  4050K .......... .......... .......... .......... .......... 21% 21.6M 2s
  4100K .......... .......... .......... .......... .......... 21% 22.9M 2s
  4150K .......... .......... .......... .......... .......... 21% 15.9M 2s
  4200K .......... .......... .......... .......... .......... 22% 28.3M 2s
  4250K .......... .......... .......... .......... .......... 22% 36.0M 2s
  4300K .......... .......... .......... .......... .......... 22% 25.2M 2s
  4350K .......... .......... .......... .......... .......... 22% 10.8M 2s
  4400K .......... .......... .......... .......... .......... 23% 81.7M 2s
  4450K .......... .......... .......... .......... .......... 23% 10.4M 2s
  4500K .......... .......... .......... .......... .......... 23% 96.5M 2s
  4550K .......... .......... .......... .......... .......... 23% 11.1M 2s
  4600K .......... .......... .......... .......... .......... 24%  119M 2s
  4650K .......... .......... .......... .......... .......... 24% 53.7M 2s
  4700K .......... .......... .......... .......... .......... 24% 12.4M 2s
  4750K .......... .......... .......... .......... .......... 24% 56.1M 2s
  4800K .......... .......... .......... .......... .......... 25% 12.1M 2s
  4850K .......... .......... .......... .......... .......... 25% 31.3M 2s
  4900K .......... .......... .......... .......... .......... 25% 19.7M 2s
  4950K .......... .......... .......... .......... .......... 25% 16.8M 2s
  5000K .......... .......... .......... .......... .......... 26% 26.2M 2s
  5050K .......... .......... .......... .......... .......... 26% 39.1M 2s
  5100K .......... .......... .......... .......... .......... 26% 17.6M 2s
  5150K .......... .......... .......... .......... .......... 26% 39.6M 2s
  5200K .......... .......... .......... .......... .......... 27% 25.6M 2s
  5250K .......... .......... .......... .......... .......... 27% 16.2M 2s
  5300K .......... .......... .......... .......... .......... 27% 34.6M 2s
  5350K .......... .......... .......... .......... .......... 28% 13.7M 2s
  5400K .......... .......... .......... .......... .......... 28% 40.2M 2s
  5450K .......... .......... .......... .......... .......... 28% 13.0M 2s
  5500K .......... .......... .......... .......... .......... 28% 39.6M 2s
  5550K .......... .......... .......... .......... .......... 29% 70.2M 2s
  5600K .......... .......... .......... .......... .......... 29% 15.4M 2s
  5650K .......... .......... .......... .......... .......... 29% 41.8M 2s
  5700K .......... .......... .......... .......... .......... 29% 18.2M 2s
  5750K .......... .......... .......... .......... .......... 30% 25.8M 2s
  5800K .......... .......... .......... .......... .......... 30% 23.6M 2s
  5850K .......... .......... .......... .......... .......... 30% 21.6M 2s
  5900K .......... .......... .......... .......... .......... 30% 54.6M 2s
  5950K .......... .......... .......... .......... .......... 31% 24.0M 2s
  6000K .......... .......... .......... .......... .......... 31% 17.4M 2s
  6050K .......... .......... .......... .......... .......... 31% 51.9M 2s
  6100K .......... .......... .......... .......... .......... 31% 15.3M 2s
  6150K .......... .......... .......... .......... .......... 32% 41.7M 2s
  6200K .......... .......... .......... .......... .......... 32% 26.0M 2s
  6250K .......... .......... .......... .......... .......... 32% 18.4M 2s
  6300K .......... .......... .......... .......... .......... 32% 37.2M 1s
  6350K .......... .......... .......... .......... .......... 33% 16.9M 1s
  6400K .......... .......... .......... .......... .......... 33% 40.8M 1s
  6450K .......... .......... .......... .......... .......... 33% 18.2M 1s
  6500K .......... .......... .......... .......... .......... 33% 20.9M 1s
  6550K .......... .......... .......... .......... .......... 34% 64.8M 1s
  6600K .......... .......... .......... .......... .......... 34% 16.2M 1s
  6650K .......... .......... .......... .......... .......... 34% 38.1M 1s
  6700K .......... .......... .......... .......... .......... 35% 18.0M 1s
  6750K .......... .......... .......... .......... .......... 35% 21.7M 1s
  6800K .......... .......... .......... .......... .......... 35% 60.4M 1s
  6850K .......... .......... .......... .......... .......... 35% 17.5M 1s
  6900K .......... .......... .......... .......... .......... 36% 32.4M 1s
  6950K .......... .......... .......... .......... .......... 36% 44.5M 1s
  7000K .......... .......... .......... .......... .......... 36% 13.8M 1s
  7050K .......... .......... .......... .......... .......... 36% 37.5M 1s
  7100K .......... .......... .......... .......... .......... 37% 22.0M 1s
  7150K .......... .......... .......... .......... .......... 37% 27.9M 1s
  7200K .......... .......... .......... .......... .......... 37% 43.3M 1s
  7250K .......... .......... .......... .......... .......... 37% 16.0M 1s
  7300K .......... .......... .......... .......... .......... 38% 28.6M 1s
  7350K .......... .......... .......... .......... .......... 38% 25.6M 1s
  7400K .......... .......... .......... .......... .......... 38% 21.8M 1s
  7450K .......... .......... .......... .......... .......... 38% 28.8M 1s
  7500K .......... .......... .......... .......... .......... 39% 24.0M 1s
  7550K .......... .......... .......... .......... .......... 39% 39.9M 1s
  7600K .......... .......... .......... .......... .......... 39% 21.9M 1s
  7650K .......... .......... .......... .......... .......... 39% 19.6M 1s
  7700K .......... .......... .......... .......... .......... 40% 45.2M 1s
  7750K .......... .......... .......... .......... .......... 40% 16.2M 1s
  7800K .......... .......... .......... .......... .......... 40% 35.0M 1s
  7850K .......... .......... .......... .......... .......... 40% 19.3M 1s
  7900K .......... .......... .......... .......... .......... 41% 29.9M 1s
  7950K .......... .......... .......... .......... .......... 41% 30.6M 1s
  8000K .......... .......... .......... .......... .......... 41% 25.1M 1s
  8050K .......... .......... .......... .......... .......... 42% 25.1M 1s
  8100K .......... .......... .......... .......... .......... 42% 25.4M 1s
  8150K .......... .......... .......... .......... .......... 42% 24.8M 1s
  8200K .......... .......... .......... .......... .......... 42% 23.5M 1s
  8250K .......... .......... .......... .......... .......... 43% 25.4M 1s
  8300K .......... .......... .......... .......... .......... 43% 24.4M 1s
  8350K .......... .......... .......... .......... .......... 43% 36.6M 1s
  8400K .......... .......... .......... .......... .......... 43% 25.4M 1s
  8450K .......... .......... .......... .......... .......... 44% 22.5M 1s
  8500K .......... .......... .......... .......... .......... 44% 28.4M 1s
  8550K .......... .......... .......... .......... .......... 44% 26.1M 1s
  8600K .......... .......... .......... .......... .......... 44% 21.8M 1s
  8650K .......... .......... .......... .......... .......... 45% 28.0M 1s
  8700K .......... .......... .......... .......... .......... 45% 24.2M 1s
  8750K .......... .......... .......... .......... .......... 45% 23.2M 1s
  8800K .......... .......... .......... .......... .......... 45% 40.6M 1s
  8850K .......... .......... .......... .......... .......... 46% 18.6M 1s
  8900K .......... .......... .......... .......... .......... 46% 31.9M 1s
  8950K .......... .......... .......... .......... .......... 46% 28.7M 1s
  9000K .......... .......... .......... .......... .......... 46% 17.1M 1s
  9050K .......... .......... .......... .......... .......... 47% 44.4M 1s
  9100K .......... .......... .......... .......... .......... 47% 23.2M 1s
  9150K .......... .......... .......... .......... .......... 47% 24.9M 1s
  9200K .......... .......... .......... .......... .......... 48% 26.9M 1s
  9250K .......... .......... .......... .......... .......... 48% 43.2M 1s
  9300K .......... .......... .......... .......... .......... 48% 15.9M 1s
  9350K .......... .......... .......... .......... .......... 48% 26.8M 1s
  9400K .......... .......... .......... .......... .......... 49% 27.1M 1s
  9450K .......... .......... .......... .......... .......... 49% 34.5M 1s
  9500K .......... .......... .......... .......... .......... 49% 25.6M 1s
  9550K .......... .......... .......... .......... .......... 49% 23.6M 1s
  9600K .......... .......... .......... .......... .......... 50% 26.4M 1s
  9650K .......... .......... .......... .......... .......... 50% 25.2M 1s
  9700K .......... .......... .......... .......... .......... 50% 37.1M 1s
  9750K .......... .......... .......... .......... .......... 50% 27.4M 1s
  9800K .......... .......... .......... .......... .......... 51% 22.8M 1s
  9850K .......... .......... .......... .......... .......... 51% 23.1M 1s
  9900K .......... .......... .......... .......... .......... 51% 27.5M 1s
  9950K .......... .......... .......... .......... .......... 51% 26.3M 1s
 10000K .......... .......... .......... .......... .......... 52% 19.0M 1s
 10050K .......... .......... .......... .......... .......... 52% 68.0M 1s
 10100K .......... .......... .......... .......... .......... 52% 16.6M 1s
 10150K .......... .......... .......... .......... .......... 52% 21.8M 1s
 10200K .......... .......... .......... .......... .......... 53% 70.9M 1s
 10250K .......... .......... .......... .......... .......... 53% 17.5M 1s
 10300K .......... .......... .......... .......... .......... 53% 24.3M 1s
 10350K .......... .......... .......... .......... .......... 53% 44.0M 1s
 10400K .......... .......... .......... .......... .......... 54% 16.6M 1s
 10450K .......... .......... .......... .......... .......... 54% 34.4M 1s
 10500K .......... .......... .......... .......... .......... 54% 71.3M 1s
 10550K .......... .......... .......... .......... .......... 55% 11.2M 1s
 10600K .......... .......... .......... .......... .......... 55%  124M 1s
 10650K .......... .......... .......... .......... .......... 55% 24.3M 1s
 10700K .......... .......... .......... .......... .......... 55% 19.5M 1s
 10750K .......... .......... .......... .......... .......... 56% 48.9M 1s
 10800K .......... .......... .......... .......... .......... 56% 27.9M 1s
 10850K .......... .......... .......... .......... .......... 56% 14.2M 1s
 10900K .......... .......... .......... .......... .......... 56% 68.5M 1s
 10950K .......... .......... .......... .......... .......... 57% 30.7M 1s
 11000K .......... .......... .......... .......... .......... 57% 15.6M 1s
 11050K .......... .......... .......... .......... .......... 57% 67.2M 1s
 11100K .......... .......... .......... .......... .......... 57% 35.7M 1s
 11150K .......... .......... .......... .......... .......... 58% 14.7M 1s
 11200K .......... .......... .......... .......... .......... 58% 52.4M 1s
 11250K .......... .......... .......... .......... .......... 58% 17.2M 1s
 11300K .......... .......... .......... .......... .......... 58% 43.1M 1s
 11350K .......... .......... .......... .......... .......... 59% 52.8M 1s
 11400K .......... .......... .......... .......... .......... 59% 16.6M 1s
 11450K .......... .......... .......... .......... .......... 59% 26.1M 1s
 11500K .......... .......... .......... .......... .......... 59% 49.8M 1s
 11550K .......... .......... .......... .......... .......... 60% 21.0M 1s
 11600K .......... .......... .......... .......... .......... 60% 26.3M 1s
 11650K .......... .......... .......... .......... .......... 60% 59.1M 1s
 11700K .......... .......... .......... .......... .......... 60% 15.7M 1s
 11750K .......... .......... .......... .......... .......... 61% 39.8M 1s
 11800K .......... .......... .......... .......... .......... 61% 50.0M 1s
 11850K .......... .......... .......... .......... .......... 61% 18.6M 1s
 11900K .......... .......... .......... .......... .......... 62% 34.2M 1s
 11950K .......... .......... .......... .......... .......... 62% 55.7M 1s
 12000K .......... .......... .......... .......... .......... 62% 16.6M 1s
 12050K .......... .......... .......... .......... .......... 62% 42.4M 1s
 12100K .......... .......... .......... .......... .......... 63% 29.7M 1s
 12150K .......... .......... .......... .......... .......... 63% 21.9M 1s
 12200K .......... .......... .......... .......... .......... 63% 37.2M 1s
 12250K .......... .......... .......... .......... .......... 63% 36.6M 1s
 12300K .......... .......... .......... .......... .......... 64% 20.5M 1s
 12350K .......... .......... .......... .......... .......... 64% 37.4M 1s
 12400K .......... .......... .......... .......... .......... 64% 56.1M 1s
 12450K .......... .......... .......... .......... .......... 64% 30.2M 1s
 12500K .......... .......... .......... .......... .......... 65% 24.8M 1s
 12550K .......... .......... .......... .......... .......... 65% 32.8M 1s
 12600K .......... .......... .......... .......... .......... 65% 57.6M 1s
 12650K .......... .......... .......... .......... .......... 65% 28.1M 1s
 12700K .......... .......... .......... .......... .......... 66% 37.2M 0s
 12750K .......... .......... .......... .......... .......... 66% 48.2M 0s
 12800K .......... .......... .......... .......... .......... 66% 24.5M 0s
 12850K .......... .......... .......... .......... .......... 66%  127M 0s
 12900K .......... .......... .......... .......... .......... 67% 33.4M 0s
 12950K .......... .......... .......... .......... .......... 67% 35.3M 0s
 13000K .......... .......... .......... .......... .......... 67% 85.7M 0s
 13050K .......... .......... .......... .......... .......... 67% 41.1M 0s
 13100K .......... .......... .......... .......... .......... 68% 54.4M 0s
 13150K .......... .......... .......... .......... .......... 68% 36.6M 0s
 13200K .......... .......... .......... .......... .......... 68% 35.2M 0s
 13250K .......... .......... .......... .......... .......... 69% 85.1M 0s
 13300K .......... .......... .......... .......... .......... 69% 53.2M 0s
 13350K .......... .......... .......... .......... .......... 69% 55.6M 0s
 13400K .......... .......... .......... .......... .......... 69% 38.9M 0s
 13450K .......... .......... .......... .......... .......... 70% 86.7M 0s
 13500K .......... .......... .......... .......... .......... 70% 42.0M 0s
 13550K .......... .......... .......... .......... .......... 70% 44.1M 0s
 13600K .......... .......... .......... .......... .......... 70% 57.0M 0s
 13650K .......... .......... .......... .......... .......... 71% 45.4M 0s
 13700K .......... .......... .......... .......... .......... 71%  178M 0s
 13750K .......... .......... .......... .......... .......... 71% 84.0M 0s
 13800K .......... .......... .......... .......... .......... 71% 43.3M 0s
 13850K .......... .......... .......... .......... .......... 72% 47.0M 0s
 13900K .......... .......... .......... .......... .......... 72% 56.8M 0s
 13950K .......... .......... .......... .......... .......... 72% 35.5M 0s
 14000K .......... .......... .......... .......... .......... 72%  159M 0s
 14050K .......... .......... .......... .......... .......... 73% 92.1M 0s
 14100K .......... .......... .......... .......... .......... 73% 66.3M 0s
 14150K .......... .......... .......... .......... .......... 73% 52.4M 0s
 14200K .......... .......... .......... .......... .......... 73% 54.4M 0s
 14250K .......... .......... .......... .......... .......... 74% 42.1M 0s
 14300K .......... .......... .......... .......... .......... 74% 52.7M 0s
 14350K .......... .......... .......... .......... .......... 74% 65.8M 0s
 14400K .......... .......... .......... .......... .......... 74%  103M 0s
 14450K .......... .......... .......... .......... .......... 75%  142M 0s
 14500K .......... .......... .......... .......... .......... 75%  114M 0s
 14550K .......... .......... .......... .......... .......... 75% 32.4M 0s
 14600K .......... .......... .......... .......... .......... 76%  133M 0s
 14650K .......... .......... .......... .......... .......... 76% 85.2M 0s
 14700K .......... .......... .......... .......... .......... 76% 60.7M 0s
 14750K .......... .......... .......... .......... .......... 76% 55.9M 0s
 14800K .......... .......... .......... .......... .......... 77% 74.4M 0s
 14850K .......... .......... .......... .......... .......... 77%  108M 0s
 14900K .......... .......... .......... .......... .......... 77%  107M 0s
 14950K .......... .......... .......... .......... .......... 77% 40.2M 0s
 15000K .......... .......... .......... .......... .......... 78% 93.4M 0s
 15050K .......... .......... .......... .......... .......... 78% 84.2M 0s
 15100K .......... .......... .......... .......... .......... 78% 98.4M 0s
 15150K .......... .......... .......... .......... .......... 78% 78.5M 0s
 15200K .......... .......... .......... .......... .......... 79% 39.5M 0s
 15250K .......... .......... .......... .......... .......... 79%  138M 0s
 15300K .......... .......... .......... .......... .......... 79%  117M 0s
 15350K .......... .......... .......... .......... .......... 79% 79.9M 0s
 15400K .......... .......... .......... .......... .......... 80% 52.7M 0s
 15450K .......... .......... .......... .......... .......... 80%  189M 0s
 15500K .......... .......... .......... .......... .......... 80% 67.3M 0s
 15550K .......... .......... .......... .......... .......... 80% 87.2M 0s
 15600K .......... .......... .......... .......... .......... 81% 67.2M 0s
 15650K .......... .......... .......... .......... .......... 81% 83.9M 0s
 15700K .......... .......... .......... .......... .......... 81% 73.0M 0s
 15750K .......... .......... .......... .......... .......... 81%  108M 0s
 15800K .......... .......... .......... .......... .......... 82% 98.0M 0s
 15850K .......... .......... .......... .......... .......... 82% 76.5M 0s
 15900K .......... .......... .......... .......... .......... 82% 61.5M 0s
 15950K .......... .......... .......... .......... .......... 83% 60.0M 0s
 16000K .......... .......... .......... .......... .......... 83%  168M 0s
 16050K .......... .......... .......... .......... .......... 83% 74.8M 0s
 16100K .......... .......... .......... .......... .......... 83%  141M 0s
 16150K .......... .......... .......... .......... .......... 84% 82.5M 0s
 16200K .......... .......... .......... .......... .......... 84% 58.2M 0s
 16250K .......... .......... .......... .......... .......... 84%  148M 0s
 16300K .......... .......... .......... .......... .......... 84% 60.1M 0s
 16350K .......... .......... .......... .......... .......... 85% 72.1M 0s
 16400K .......... .......... .......... .......... .......... 85% 91.3M 0s
 16450K .......... .......... .......... .......... .......... 85% 58.3M 0s
 16500K .......... .......... .......... .......... .......... 85%  131M 0s
 16550K .......... .......... .......... .......... .......... 86% 77.8M 0s
 16600K .......... .......... .......... .......... .......... 86%  167M 0s
 16650K .......... .......... .......... .......... .......... 86% 57.8M 0s
 16700K .......... .......... .......... .......... .......... 86%  106M 0s
 16750K .......... .......... .......... .......... .......... 87% 83.3M 0s
 16800K .......... .......... .......... .......... .......... 87%  161M 0s
 16850K .......... .......... .......... .......... .......... 87% 79.8M 0s
 16900K .......... .......... .......... .......... .......... 87% 50.7M 0s
 16950K .......... .......... .......... .......... .......... 88%  106M 0s
 17000K .......... .......... .......... .......... .......... 88% 90.8M 0s
 17050K .......... .......... .......... .......... .......... 88%  110M 0s
 17100K .......... .......... .......... .......... .......... 88%  105M 0s
 17150K .......... .......... .......... .......... .......... 89% 99.4M 0s
 17200K .......... .......... .......... .......... .......... 89% 91.4M 0s
 17250K .......... .......... .......... .......... .......... 89%  191M 0s
 17300K .......... .......... .......... .......... .......... 90% 49.0M 0s
 17350K .......... .......... .......... .......... .......... 90%  122M 0s
 17400K .......... .......... .......... .......... .......... 90%  136M 0s
 17450K .......... .......... .......... .......... .......... 90% 39.4M 0s
 17500K .......... .......... .......... .......... .......... 91%  138M 0s
 17550K .......... .......... .......... .......... .......... 91% 96.5M 0s
 17600K .......... .......... .......... .......... .......... 91%  164M 0s
 17650K .......... .......... .......... .......... .......... 91% 94.4M 0s
 17700K .......... .......... .......... .......... .......... 92% 90.9M 0s
 17750K .......... .......... .......... .......... .......... 92%  184M 0s
 17800K .......... .......... .......... .......... .......... 92% 89.6M 0s
 17850K .......... .......... .......... .......... .......... 92% 80.8M 0s
 17900K .......... .......... .......... .......... .......... 93% 93.4M 0s
 17950K .......... .......... .......... .......... .......... 93% 76.4M 0s
 18000K .......... .......... .......... .......... .......... 93%  138M 0s
 18050K .......... .......... .......... .......... .......... 93% 69.1M 0s
 18100K .......... .......... .......... .......... .......... 94% 97.3M 0s
 18150K .......... .......... .......... .......... .......... 94%  140M 0s
 18200K .......... .......... .......... .......... .......... 94%  123M 0s
 18250K .......... .......... .......... .......... .......... 94%  107M 0s
 18300K .......... .......... .......... .......... .......... 95%  139M 0s
 18350K .......... .......... .......... .......... .......... 95% 56.4M 0s
 18400K .......... .......... .......... .......... .......... 95%  157M 0s
 18450K .......... .......... .......... .......... .......... 96%  114M 0s
 18500K .......... .......... .......... .......... .......... 96%  104M 0s
 18550K .......... .......... .......... .......... .......... 96% 70.0M 0s
 18600K .......... .......... .......... .......... .......... 96%  126M 0s
 18650K .......... .......... .......... .......... .......... 97% 73.0M 0s
 18700K .......... .......... .......... .......... .......... 97%  109M 0s
 18750K .......... .......... .......... .......... .......... 97% 95.2M 0s
 18800K .......... .......... .......... .......... .......... 97%  122M 0s
 18850K .......... .......... .......... .......... .......... 98%  107M 0s
 18900K .......... .......... .......... .......... .......... 98%  102M 0s
 18950K .......... .......... .......... .......... .......... 98%  132M 0s
 19000K .......... .......... .......... .......... .......... 98%  112M 0s
 19050K .......... .......... .......... .......... .......... 99%  126M 0s
 19100K .......... .......... .......... .......... .......... 99% 80.2M 0s
 19150K .......... .......... .......... .......... .......... 99%  125M 0s
 19200K .......... .......... .......... .......... .......... 99%  113M 0s
 19250K .......... ..........                                 100%  138M=1.1s

2016-12-29 11:59:05 (17.8 MB/s) - `kaola-3.4.1.4765.apk' saved [19733116/19733116]

