--2017-01-30 07:57:55--  http://gtkkz.cn/dg54
Resolving gtkkz.cn... 103.193.150.98
Connecting to gtkkz.cn|103.193.150.98|:80... connected.
HTTP request sent, awaiting response... 301 Moved Permanently
Location: http://gtkkz.cn/dg54/ [following]
--2017-01-30 07:57:59--  http://gtkkz.cn/dg54/
Reusing existing connection to gtkkz.cn:80.
HTTP request sent, awaiting response... 302 Object moved
Location: luxiang.apk [following]
--2017-01-30 07:58:01--  http://gtkkz.cn/dg54/luxiang.apk
Reusing existing connection to gtkkz.cn:80.
HTTP request sent, awaiting response... 200 OK
Length: 209212 (204K) [application/vnd.android.package-archive]
Saving to: `luxiang.apk'

     0K .......... .......... .......... .......... .......... 24% 3.80K 41s
    50K .......... .......... .......... .......... .......... 48% 12.4K 18s
   100K .......... .......... .......... .......... .......... 73% 9.51K 8s
   150K .......... .......... .......... .......... .......... 97%  135M 0s
   200K ..                                                     99% 4.49M=22s

2017-01-30 07:58:47 (9.01 KB/s) - Read error at byte 207156/209212 (Connection timed out). Giving up.

