--2017-01-03 15:08:44--  http://wap.buwaw.cc/uy
Resolving wap.buwaw.cc... 103.55.26.61
Connecting to wap.buwaw.cc|103.55.26.61|:80... connected.
HTTP request sent, awaiting response... 301 Moved Permanently
Location: http://wap.buwaw.cc/uy/ [following]
--2017-01-03 15:08:46--  http://wap.buwaw.cc/uy/
Reusing existing connection to wap.buwaw.cc:80.
HTTP request sent, awaiting response... 200 OK
Length: 247 [text/html]
Saving to: `index.html'

     0K                                                       100% 13.1M=0s

2017-01-03 15:08:47 (13.1 MB/s) - `index.html' saved [247/247]

=======================The second times wget =====================
--2017-01-03 15:08:47--  http://wap.buwaw.cc/uy/%C2%BC%CF%F14.apk
Resolving wap.buwaw.cc... 103.55.26.61
Connecting to wap.buwaw.cc|103.55.26.61|:80... connected.
HTTP request sent, awaiting response... 200 OK
Length: 209309 (204K) [application/vnd.android.package-archive]
Saving to: `Â¼Ïñ4.apk'

     0K .......... .......... .......... .......... .......... 24%  126K 1s
    50K .......... .......... .......... .......... .......... 48%  124K 1s
   100K .......... .......... .......... .......... .......... 73%  117K 0s
   150K .......... .......... .......... .......... .......... 97%  114K 0s
   200K ....                                                  100% 37.0K=1.8s

2017-01-03 15:08:50 (115 KB/s) - `Â¼Ïñ4.apk' saved [209309/209309]

