--2017-01-05 19:26:18--  http://jrxmw.cn/Kheff
Resolving jrxmw.cn... 103.211.125.148
Connecting to jrxmw.cn|103.211.125.148|:80... connected.
HTTP request sent, awaiting response... 301 Moved Permanently
Location: http://jrxmw.cn/Kheff/ [following]
--2017-01-05 19:26:19--  http://jrxmw.cn/Kheff/
Reusing existing connection to jrxmw.cn:80.
HTTP request sent, awaiting response... 302 Object moved
Location: luxiang.apk [following]
--2017-01-05 19:26:19--  http://jrxmw.cn/Kheff/luxiang.apk
Reusing existing connection to jrxmw.cn:80.
HTTP request sent, awaiting response... 200 OK
Length: 213494 (208K) [application/vnd.android]
Saving to: `luxiang.apk'

     0K .......... .......... .......... .......... .......... 23% 70.9K 2s
    50K .......... .......... .......... .......... .......... 47%  212K 1s
   100K .......... .......... .......... .......... .......... 71%  188K 0s
   150K .......... .......... .......... .......... .......... 95%  248K 0s
   200K ........                                              100%  470K=1.4s

2017-01-05 19:26:21 (146 KB/s) - `luxiang.apk' saved [213494/213494]

