--2016-12-03 11:11:03--  http://t.cn/RfSxwCs
Resolving t.cn... 180.149.135.224
Connecting to t.cn|180.149.135.224|:80... connected.
HTTP request sent, awaiting response... 302 Found
Location: http://www.wandoujia.com/apps/cn.cash365.android?utm_source=link [following]
--2016-12-03 11:11:04--  http://www.wandoujia.com/apps/cn.cash365.android?utm_source=link
Resolving www.wandoujia.com... 106.37.238.14
Connecting to www.wandoujia.com|106.37.238.14|:80... connected.
HTTP request sent, awaiting response... 200 OK
Length: unspecified [text/html]
Saving to: `cn.cash365.android?utm_source=link'

     0K .......... .......... .......... .......... ..........  385K
    50K .......... .......... .......... .........              638K=0.2s

2016-12-03 11:11:05 (467 KB/s) - `cn.cash365.android?utm_source=link' saved [91684]

=======================The second times wget =====================
--2016-12-03 11:11:06--  http://dl.wandoujia.com/files/phoenix/latest/wandoujia-wandoujia_organic_binded.apk
Resolving dl.wandoujia.com... 106.37.238.1
Connecting to dl.wandoujia.com|106.37.238.1|:80... connected.
HTTP request sent, awaiting response... 302 Found
Location: http://release.cdn.wandoujia.com/files/phoenix/5.23.1.12064/wandoujia-wandoujia_organic_binded_5.23.1.12064.apk [following]
--2016-12-03 11:11:06--  http://release.cdn.wandoujia.com/files/phoenix/5.23.1.12064/wandoujia-wandoujia_organic_binded_5.23.1.12064.apk
Resolving release.cdn.wandoujia.com... 106.37.238.1
Reusing existing connection to dl.wandoujia.com:80.
HTTP request sent, awaiting response... 302 Moved Temporarily
Location: http://nc-release.wdjcdn.com/files/phoenix/5.23.1.12064/wandoujia-wandoujia_organic_binded_5.23.1.12064.apk [following]
--2016-12-03 11:11:07--  http://nc-release.wdjcdn.com/files/phoenix/5.23.1.12064/wandoujia-wandoujia_organic_binded_5.23.1.12064.apk
Resolving nc-release.wdjcdn.com... 218.76.105.73, 218.75.225.190, 124.228.90.91, ...
Connecting to nc-release.wdjcdn.com|218.76.105.73|:80... connected.
HTTP request sent, awaiting response... 200 OK
Length: 7916677 (7.5M) [application/vnd.android.package-archive]
Saving to: `wandoujia-wandoujia_organic_binded_5.23.1.12064.apk'

     0K .......... .......... .......... .......... ..........  0% 1.09M 7s
    50K .......... .......... .......... .......... ..........  1% 2.99M 5s
   100K .......... .......... .......... .......... ..........  1% 6.23M 3s
   150K .......... .......... .......... .......... ..........  2% 7.19M 3s
   200K .......... .......... .......... .......... ..........  3% 5.99M 3s
   250K .......... .......... .......... .......... ..........  3% 11.6M 2s
   300K .......... .......... .......... .......... ..........  4% 5.55M 2s
   350K .......... .......... .......... .......... ..........  5% 12.7M 2s
   400K .......... .......... .......... .......... ..........  5% 14.9M 2s
   450K .......... .......... .......... .......... ..........  6%  174M 2s
   500K .......... .......... .......... .......... ..........  7% 6.15M 1s
   550K .......... .......... .......... .......... ..........  7% 12.4M 1s
   600K .......... .......... .......... .......... ..........  8%  114M 1s
   650K .......... .......... .......... .......... ..........  9% 14.5M 1s
   700K .......... .......... .......... .......... ..........  9%  116M 1s
   750K .......... .......... .......... .......... .......... 10% 12.5M 1s
   800K .......... .......... .......... .......... .......... 10% 11.6M 1s
   850K .......... .......... .......... .......... .......... 11%  193M 1s
   900K .......... .......... .......... .......... .......... 12% 14.3M 1s
   950K .......... .......... .......... .......... .......... 12%  170M 1s
  1000K .......... .......... .......... .......... .......... 13%  157M 1s
  1050K .......... .......... .......... .......... .......... 14% 15.1M 1s
  1100K .......... .......... .......... .......... .......... 14%  189M 1s
  1150K .......... .......... .......... .......... .......... 15%  159M 1s
  1200K .......... .......... .......... .......... .......... 16% 10.0M 1s
  1250K .......... .......... .......... .......... .......... 16% 14.7M 1s
  1300K .......... .......... .......... .......... .......... 17%  162M 1s
  1350K .......... .......... .......... .......... .......... 18% 25.8M 1s
  1400K .......... .......... .......... .......... .......... 18%  142M 1s
  1450K .......... .......... .......... .......... .......... 19%  161M 1s
  1500K .......... .......... .......... .......... .......... 20%  131M 1s
  1550K .......... .......... .......... .......... .......... 20%  177M 1s
  1600K .......... .......... .......... .......... .......... 21% 12.7M 1s
  1650K .......... .......... .......... .......... .......... 21%  173M 1s
  1700K .......... .......... .......... .......... .......... 22% 13.8M 1s
  1750K .......... .......... .......... .......... .......... 23%  157M 1s
  1800K .......... .......... .......... .......... .......... 23%  205M 0s
  1850K .......... .......... .......... .......... .......... 24%  155M 0s
  1900K .......... .......... .......... .......... .......... 25% 39.8M 0s
  1950K .......... .......... .......... .......... .......... 25%  180M 0s
  2000K .......... .......... .......... .......... .......... 26% 36.5M 0s
  2050K .......... .......... .......... .......... .......... 27%  194M 0s
  2100K .......... .......... .......... .......... .......... 27%  188M 0s
  2150K .......... .......... .......... .......... .......... 28% 96.5M 0s
  2200K .......... .......... .......... .......... .......... 29% 14.9M 0s
  2250K .......... .......... .......... .......... .......... 29%  187M 0s
  2300K .......... .......... .......... .......... .......... 30% 15.4M 0s
  2350K .......... .......... .......... .......... .......... 31%  195M 0s
  2400K .......... .......... .......... .......... .......... 31%  205M 0s
  2450K .......... .......... .......... .......... .......... 32%  182M 0s
  2500K .......... .......... .......... .......... .......... 32%  124M 0s
  2550K .......... .......... .......... .......... .......... 33%  156M 0s
  2600K .......... .......... .......... .......... .......... 34%  204M 0s
  2650K .......... .......... .......... .......... .......... 34% 32.1M 0s
  2700K .......... .......... .......... .......... .......... 35%  202M 0s
  2750K .......... .......... .......... .......... .......... 36%  205M 0s
  2800K .......... .......... .......... .......... .......... 36%  162M 0s
  2850K .......... .......... .......... .......... .......... 37% 49.2M 0s
  2900K .......... .......... .......... .......... .......... 38%  143M 0s
  2950K .......... .......... .......... .......... .......... 38%  199M 0s
  3000K .......... .......... .......... .......... .......... 39%  209M 0s
  3050K .......... .......... .......... .......... .......... 40% 86.6M 0s
  3100K .......... .......... .......... .......... .......... 40%  151M 0s
  3150K .......... .......... .......... .......... .......... 41% 10.1M 0s
  3200K .......... .......... .......... .......... .......... 42%  137M 0s
  3250K .......... .......... .......... .......... .......... 42%  176M 0s
  3300K .......... .......... .......... .......... .......... 43%  203M 0s
  3350K .......... .......... .......... .......... .......... 43% 37.9M 0s
  3400K .......... .......... .......... .......... .......... 44%  125M 0s
  3450K .......... .......... .......... .......... .......... 45%  165M 0s
  3500K .......... .......... .......... .......... .......... 45%  179M 0s
  3550K .......... .......... .......... .......... .......... 46%  119M 0s
  3600K .......... .......... .......... .......... .......... 47% 49.8M 0s
  3650K .......... .......... .......... .......... .......... 47%  205M 0s
  3700K .......... .......... .......... .......... .......... 48%  210M 0s
  3750K .......... .......... .......... .......... .......... 49%  142M 0s
  3800K .......... .......... .......... .......... .......... 49%  178M 0s
  3850K .......... .......... .......... .......... .......... 50% 31.5M 0s
  3900K .......... .......... .......... .......... .......... 51%  176M 0s
  3950K .......... .......... .......... .......... .......... 51%  173M 0s
  4000K .......... .......... .......... .......... .......... 52%  185M 0s
  4050K .......... .......... .......... .......... .......... 53% 32.2M 0s
  4100K .......... .......... .......... .......... .......... 53%  168M 0s
  4150K .......... .......... .......... .......... .......... 54%  180M 0s
  4200K .......... .......... .......... .......... .......... 54%  138M 0s
  4250K .......... .......... .......... .......... .......... 55%  121M 0s
  4300K .......... .......... .......... .......... .......... 56%  206M 0s
  4350K .......... .......... .......... .......... .......... 56% 31.1M 0s
  4400K .......... .......... .......... .......... .......... 57%  176M 0s
  4450K .......... .......... .......... .......... .......... 58%  207M 0s
  4500K .......... .......... .......... .......... .......... 58%  203M 0s
  4550K .......... .......... .......... .......... .......... 59% 31.3M 0s
  4600K .......... .......... .......... .......... .......... 60%  201M 0s
  4650K .......... .......... .......... .......... .......... 60%  204M 0s
  4700K .......... .......... .......... .......... .......... 61%  174M 0s
  4750K .......... .......... .......... .......... .......... 62% 52.2M 0s
  4800K .......... .......... .......... .......... .......... 62%  157M 0s
  4850K .......... .......... .......... .......... .......... 63%  207M 0s
  4900K .......... .......... .......... .......... .......... 64% 44.8M 0s
  4950K .......... .......... .......... .......... .......... 64% 93.0M 0s
  5000K .......... .......... .......... .......... .......... 65%  191M 0s
  5050K .......... .......... .......... .......... .......... 65% 39.6M 0s
  5100K .......... .......... .......... .......... .......... 66%  185M 0s
  5150K .......... .......... .......... .......... .......... 67%  178M 0s
  5200K .......... .......... .......... .......... .......... 67% 82.5M 0s
  5250K .......... .......... .......... .......... .......... 68%  131M 0s
  5300K .......... .......... .......... .......... .......... 69% 9.81M 0s
  5350K .......... .......... .......... .......... .......... 69%  194M 0s
  5400K .......... .......... .......... .......... .......... 70%  211M 0s
  5450K .......... .......... .......... .......... .......... 71%  180M 0s
  5500K .......... .......... .......... .......... .......... 71%  196M 0s
  5550K .......... .......... .......... .......... .......... 72%  106M 0s
  5600K .......... .......... .......... .......... .......... 73%  182M 0s
  5650K .......... .......... .......... .......... .......... 73%  182M 0s
  5700K .......... .......... .......... .......... .......... 74%  206M 0s
  5750K .......... .......... .......... .......... .......... 75%  209M 0s
  5800K .......... .......... .......... .......... .......... 75%  120M 0s
  5850K .......... .......... .......... .......... .......... 76%  175M 0s
  5900K .......... .......... .......... .......... .......... 76%  186M 0s
  5950K .......... .......... .......... .......... .......... 77%  158M 0s
  6000K .......... .......... .......... .......... .......... 78%  178M 0s
  6050K .......... .......... .......... .......... .......... 78%  198M 0s
  6100K .......... .......... .......... .......... .......... 79%  189M 0s
  6150K .......... .......... .......... .......... .......... 80%  104M 0s
  6200K .......... .......... .......... .......... .......... 80%  196M 0s
  6250K .......... .......... .......... .......... .......... 81%  216M 0s
  6300K .......... .......... .......... .......... .......... 82%  210M 0s
  6350K .......... .......... .......... .......... .......... 82% 66.3M 0s
  6400K .......... .......... .......... .......... .......... 83%  203M 0s
  6450K .......... .......... .......... .......... .......... 84%  210M 0s
  6500K .......... .......... .......... .......... .......... 84% 34.9M 0s
  6550K .......... .......... .......... .......... .......... 85%  208M 0s
  6600K .......... .......... .......... .......... .......... 86%  207M 0s
  6650K .......... .......... .......... .......... .......... 86%  160M 0s
  6700K .......... .......... .......... .......... .......... 87% 39.3M 0s
  6750K .......... .......... .......... .......... .......... 87%  210M 0s
  6800K .......... .......... .......... .......... .......... 88%  208M 0s
  6850K .......... .......... .......... .......... .......... 89%  163M 0s
  6900K .......... .......... .......... .......... .......... 89% 69.1M 0s
  6950K .......... .......... .......... .......... .......... 90%  168M 0s
  7000K .......... .......... .......... .......... .......... 91%  195M 0s
  7050K .......... .......... .......... .......... .......... 91% 73.0M 0s
  7100K .......... .......... .......... .......... .......... 92%  182M 0s
  7150K .......... .......... .......... .......... .......... 93% 45.4M 0s
  7200K .......... .......... .......... .......... .......... 93%  200M 0s
  7250K .......... .......... .......... .......... .......... 94%  150M 0s
  7300K .......... .......... .......... .......... .......... 95% 37.4M 0s
  7350K .......... .......... .......... .......... .......... 95%  198M 0s
  7400K .......... .......... .......... .......... .......... 96%  210M 0s
  7450K .......... .......... .......... .......... .......... 97%  174M 0s
  7500K .......... .......... .......... .......... .......... 97%  195M 0s
  7550K .......... .......... .......... .......... .......... 98% 36.4M 0s
  7600K .......... .......... .......... .......... .......... 98%  203M 0s
  7650K .......... .......... .......... .......... .......... 99%  155M 0s
  7700K .......... .......... .......... .                    100%  320M=0.2s

2016-12-03 11:11:08 (33.6 MB/s) - `wandoujia-wandoujia_organic_binded_5.23.1.12064.apk' saved [7916677/7916677]

