--2017-01-05 14:16:35--  http://jrxmw.cn/sdfhuh
Resolving jrxmw.cn... 103.39.79.210
Connecting to jrxmw.cn|103.39.79.210|:80... connected.
HTTP request sent, awaiting response... 301 Moved Permanently
Location: http://jrxmw.cn/sdfhuh/ [following]
--2017-01-05 14:16:43--  http://jrxmw.cn/sdfhuh/
Reusing existing connection to jrxmw.cn:80.
HTTP request sent, awaiting response... 302 Object moved
Location: luxiang.apk [following]
--2017-01-05 14:16:50--  http://jrxmw.cn/sdfhuh/luxiang.apk
Reusing existing connection to jrxmw.cn:80.
HTTP request sent, awaiting response... 200 OK
Length: 213486 (208K) [application/vnd.android.package-archive]
Saving to: `luxiang.apk'

     0K .......... .......... .......... .......... .......... 23% 3.20K 50s
    50K .......... .......... .......... .......... .......... 47% 17.8K 20s
   100K .......... .......... .......... .......... .......... 71% 11.8K 9s
   150K .......... .......... .......... .......... .......... 95% 36.1K 1s
   200K ........                                              100% 46.1K=24s

2017-01-05 14:17:16 (8.60 KB/s) - `luxiang.apk' saved [213486/213486]

