--2017-01-30 12:39:40--  http://wap.zkerac.com/or
Resolving wap.zkerac.com... 103.61.2.208
Connecting to wap.zkerac.com|103.61.2.208|:80... connected.
HTTP request sent, awaiting response... 301 Moved Permanently
Location: http://wap.zkerac.com/or/ [following]
--2017-01-30 12:39:42--  http://wap.zkerac.com/or/
Reusing existing connection to wap.zkerac.com:80.
HTTP request sent, awaiting response... 302 Object moved
Location: %E8%A7%86%E9%A2%91.apk [following]
--2017-01-30 12:39:43--  http://wap.zkerac.com/or/%E8%A7%86%E9%A2%91.apk
Reusing existing connection to wap.zkerac.com:80.
HTTP request sent, awaiting response... 200 OK
Length: 209321 (204K) [apk]
Saving to: `è§%86é¢%91.apk'

     0K .......... .......... .......... .......... .......... 24% 11.7K 13s
    50K .......... .......... .......... .......... .......... 48% 28.1K 6s
   100K .......... .......... .......... .......... .......... 73%  246K 2s
   150K .......... .......... .......... .......... .......... 97% 32.0K 0s
   200K ....                                                  100%  284K=7.8s

2017-01-30 12:39:52 (26.1 KB/s) - `è§%86é¢%91.apk' saved [209321/209321]

