--2017-02-24 16:31:46--  http://www.voip818.com/wanshida/
Resolving www.voip818.com... 120.26.91.35
Connecting to www.voip818.com|120.26.91.35|:80... connected.
HTTP request sent, awaiting response... 200 OK
Length: 3119 (3.0K) [text/html]
Saving to: `index.html'

     0K ...                                                   100%  175M=0s

2017-02-24 16:31:47 (175 MB/s) - `index.html' saved [3119/3119]

=======================The second times wget =====================
--2017-02-24 16:31:47--  http://www.voip818.com/wanshida/soft/wsd.apk
Resolving www.voip818.com... 120.26.91.35
Connecting to www.voip818.com|120.26.91.35|:80... connected.
HTTP request sent, awaiting response... 200 OK
Length: 4048055 (3.9M) [application/vnd.android.package-archive]
Saving to: `wsd.apk'

     0K .......... .......... .......... .......... ..........  1%  750K 5s
    50K .......... .......... .......... .......... ..........  2% 1.07M 4s
   100K .......... .......... .......... .......... ..........  3% 2.18M 3s
   150K .......... .......... .......... .......... ..........  5% 2.18M 3s
   200K .......... .......... .......... .......... ..........  6% 2.22M 3s
   250K .......... .......... .......... .......... ..........  7% 2.22M 2s
   300K .......... .......... .......... .......... ..........  8% 64.3M 2s
   350K .......... .......... .......... .......... .......... 10% 2.21M 2s
   400K .......... .......... .......... .......... .......... 11% 2.23M 2s
   450K .......... .......... .......... .......... .......... 12%  753K 2s
   500K .......... .......... .......... .......... .......... 13%  942K 2s
   550K .......... .......... .......... .......... .......... 15%  259K 3s
   600K .......... .......... .......... .......... .......... 16%  453K 3s
   650K .......... .......... .......... .......... .......... 17%  750K 3s
   700K .......... .......... .......... .......... .......... 18%  116K 5s
   750K .......... .......... .......... .......... .......... 20%  191K 6s
   800K .......... .......... .......... .......... .......... 21%  562K 6s
   850K .......... .......... .......... .......... .......... 22% 1.10M 5s
   900K .......... .......... .......... .......... .......... 24%  957K 5s
   950K .......... .......... .......... .......... .......... 25%  543K 5s
  1000K .......... .......... .......... .......... .......... 26%  908K 5s
  1050K .......... .......... .......... .......... .......... 27%  875K 5s
  1100K .......... .......... .......... .......... .......... 29%  659K 5s
  1150K .......... .......... .......... .......... .......... 30% 1.10M 4s
  1200K .......... .......... .......... .......... .......... 31%  161K 5s
  1250K .......... .......... .......... .......... .......... 32%  286K 5s
  1300K .......... .......... .......... .......... .......... 34% 1.10M 5s
  1350K .......... .......... .......... .......... .......... 35%  564K 5s
  1400K .......... .......... .......... .......... .......... 36% 1.10M 4s
  1450K .......... .......... .......... .......... .......... 37%  751K 4s
  1500K .......... .......... .......... .......... .......... 39%  750K 4s
  1550K .......... .......... .......... .......... .......... 40%  377K 4s
  1600K .......... .......... .......... .......... .......... 41%  136K 5s
  1650K .......... .......... .......... .......... .......... 43%  452K 4s
  1700K .......... .......... .......... .......... .......... 44%  563K 4s
  1750K .......... .......... .......... .......... .......... 45%  565K 4s
  1800K .......... .......... .......... .......... .......... 46%  752K 4s
  1850K .......... .......... .......... .......... .......... 48%  750K 4s
  1900K .......... .......... .......... .......... .......... 49%  750K 4s
  1950K .......... .......... .......... .......... .......... 50%  150K 4s
  2000K .......... .......... .......... .......... .......... 51%  421K 4s
  2050K .......... .......... .......... .......... .......... 53%  444K 4s
  2100K .......... .......... .......... .......... .......... 54%  650K 4s
  2150K .......... .......... .......... .......... .......... 55%  747K 4s
  2200K .......... .......... .......... .......... .......... 56%  562K 3s
  2250K .......... .......... .......... .......... .......... 58%  720K 3s
  2300K .......... .......... .......... .......... .......... 59%  563K 3s
  2350K .......... .......... .......... .......... .......... 60%  139K 3s
  2400K .......... .......... .......... .......... .......... 61%  562K 3s
  2450K .......... .......... .......... .......... .......... 63%  452K 3s
  2500K .......... .......... .......... .......... .......... 64%  562K 3s
  2550K .......... .......... .......... .......... .......... 65%  619K 3s
  2600K .......... .......... .......... .......... .......... 67%  446K 3s
  2650K .......... .......... .......... .......... .......... 68%  896K 3s
  2700K .......... .......... .......... .......... .......... 69%  490K 2s
  2750K .......... .......... .......... .......... .......... 70%  747K 2s
  2800K .......... .......... .......... .......... .......... 72%  139K 2s
  2850K .......... .......... .......... .......... .......... 73%  452K 2s
  2900K .......... .......... .......... .......... .......... 74%  564K 2s
  2950K .......... .......... .......... .......... .......... 75%  738K 2s
  3000K .......... .......... .......... .......... .......... 77%  753K 2s
  3050K .......... .......... .......... .......... .......... 78%  576K 2s
  3100K .......... .......... .......... .......... .......... 79%  626K 2s
  3150K .......... .......... .......... .......... .......... 80%  144K 2s
  3200K .......... .......... .......... .......... .......... 82%  453K 2s
  3250K .......... .......... .......... .......... .......... 83%  565K 1s
  3300K .......... .......... .......... .......... .......... 84%  741K 1s
  3350K .......... .......... .......... .......... .......... 86%  753K 1s
  3400K .......... .......... .......... .......... .......... 87%  562K 1s
  3450K .......... .......... .......... .......... .......... 88%  748K 1s
  3500K .......... .......... .......... .......... .......... 89%  743K 1s
  3550K .......... .......... .......... .......... .......... 91%  283K 1s
  3600K .......... .......... .......... .......... .......... 92%  355K 1s
  3650K .......... .......... .......... .......... .......... 93%  358K 1s
  3700K .......... .......... .......... .......... .......... 94%  394K 0s
  3750K .......... .......... .......... .......... .......... 96%  491K 0s
  3800K .......... .......... .......... .......... .......... 97%  697K 0s
  3850K .......... .......... .......... .......... .......... 98%  452K 0s
  3900K .......... .......... .......... .......... .......... 99%  140K 0s
  3950K ...                                                   100% 30.1M=8.7s

2017-02-24 16:31:57 (453 KB/s) - `wsd.apk' saved [4048055/4048055]

