--2017-01-04 20:24:37--  http://wap.wyn88.com/
Resolving wap.wyn88.com... 175.6.26.140, 124.232.162.152, 124.232.162.141, ...
Connecting to wap.wyn88.com|175.6.26.140|:80... connected.
HTTP request sent, awaiting response... 302 Found
Location: http://www.wyn88.com?sid=001&rd=5569 [following]
--2017-01-04 20:24:37--  http://www.wyn88.com/?sid=001&rd=5569
Resolving www.wyn88.com... 175.6.26.140, 124.232.162.152, 124.232.162.141, ...
Connecting to www.wyn88.com|175.6.26.140|:80... connected.
HTTP request sent, awaiting response... 200 OK
Length: unspecified [text/html]
Saving to: `index.html?sid=001&rd=5569'

     0K .......... .......... .......... .......... .......... 1.44M
    50K .......... .....                                       63.9M=0.03s

2017-01-04 20:24:39 (1.88 MB/s) - `index.html?sid=001&rd=5569' saved [67539]

=======================The second times wget =====================
--2017-01-04 20:24:45--  http://www.wyn88.com/app/download/wyn88.apk
Resolving www.wyn88.com... 175.6.26.140, 124.232.162.142, 124.232.162.141, ...
Connecting to www.wyn88.com|175.6.26.140|:80... connected.
HTTP request sent, awaiting response... 200 OK
Length: 13358069 (13M) [application/vnd.android.package-archive]
Saving to: `wyn88.apk'

     0K .......... .......... .......... .......... ..........  0% 2.25M 6s
    50K .......... .......... .......... .......... ..........  0% 3.07M 5s
   100K .......... .......... .......... .......... ..........  1% 8.20M 4s
   150K .......... .......... .......... .......... ..........  1% 4.44M 4s
   200K .......... .......... .......... .......... ..........  1% 17.3M 3s
   250K .......... .......... .......... .......... ..........  2% 7.57M 3s
   300K .......... .......... .......... .......... ..........  2% 88.5M 2s
   350K .......... .......... .......... .......... ..........  3% 9.64M 2s
   400K .......... .......... .......... .......... ..........  3%  145M 2s
   450K .......... .......... .......... .......... ..........  3% 4.20M 2s
   500K .......... .......... .......... .......... ..........  4%  139M 2s
   550K .......... .......... .......... .......... ..........  4% 8.13M 2s
   600K .......... .......... .......... .......... ..........  4%  185M 2s
   650K .......... .......... .......... .......... ..........  5% 6.42M 2s
   700K .......... .......... .......... .......... ..........  5% 11.1M 2s
   750K .......... .......... .......... .......... ..........  6%  131M 2s
   800K .......... .......... .......... .......... ..........  6% 3.69M 2s
   850K .......... .......... .......... .......... ..........  6%  164M 2s
   900K .......... .......... .......... .......... ..........  7%  139M 1s
   950K .......... .......... .......... .......... ..........  7% 6.55M 1s
  1000K .......... .......... .......... .......... ..........  8% 6.80M 1s
  1050K .......... .......... .......... .......... ..........  8% 2.92M 2s
  1100K .......... .......... .......... .......... ..........  8% 3.04M 2s
  1150K .......... .......... .......... .......... ..........  9% 3.52M 2s
  1200K .......... .......... .......... .......... ..........  9%  176M 2s
  1250K .......... .......... .......... .......... ..........  9% 2.89M 2s
  1300K .......... .......... .......... .......... .......... 10%  151M 2s
  1350K .......... .......... .......... .......... .......... 10% 7.17M 2s
  1400K .......... .......... .......... .......... .......... 11% 6.02M 2s
  1450K .......... .......... .......... .......... .......... 11%  108M 2s
  1500K .......... .......... .......... .......... .......... 11% 9.65M 2s
  1550K .......... .......... .......... .......... .......... 12% 4.00M 2s
  1600K .......... .......... .......... .......... .......... 12%  199M 2s
  1650K .......... .......... .......... .......... .......... 13%  204M 2s
  1700K .......... .......... .......... .......... .......... 13% 6.44M 2s
  1750K .......... .......... .......... .......... .......... 13%  189M 1s
  1800K .......... .......... .......... .......... .......... 14%  195M 1s
  1850K .......... .......... .......... .......... .......... 14% 8.32M 1s
  1900K .......... .......... .......... .......... .......... 14% 11.8M 1s
  1950K .......... .......... .......... .......... .......... 15%  190M 1s
  2000K .......... .......... .......... .......... .......... 15% 1.80M 1s
  2050K .......... .......... .......... .......... .......... 16% 2.06M 2s
  2100K .......... .......... .......... .......... .......... 16% 2.31M 2s
  2150K .......... .......... .......... .......... .......... 16%  182M 2s
  2200K .......... .......... .......... .......... .......... 17% 3.26M 2s
  2250K .......... .......... .......... .......... .......... 17% 3.76M 2s
  2300K .......... .......... .......... .......... .......... 18% 16.6M 2s
  2350K .......... .......... .......... .......... .......... 18%  144M 2s
  2400K .......... .......... .......... .......... .......... 18% 5.17M 2s
  2450K .......... .......... .......... .......... .......... 19% 11.9M 2s
  2500K .......... .......... .......... .......... .......... 19% 26.0M 1s
  2550K .......... .......... .......... .......... .......... 19% 8.16M 1s
  2600K .......... .......... .......... .......... .......... 20% 19.0M 1s
  2650K .......... .......... .......... .......... .......... 20% 8.84M 1s
  2700K .......... .......... .......... .......... .......... 21%  182M 1s
  2750K .......... .......... .......... .......... .......... 21% 19.5M 1s
  2800K .......... .......... .......... .......... .......... 21% 15.6M 1s
  2850K .......... .......... .......... .......... .......... 22% 8.15M 1s
  2900K .......... .......... .......... .......... .......... 22%  179M 1s
  2950K .......... .......... .......... .......... .......... 22% 12.4M 1s
  3000K .......... .......... .......... .......... .......... 23% 12.8M 1s
  3050K .......... .......... .......... .......... .......... 23%  595K 2s
  3100K .......... .......... .......... .......... .......... 24% 1.57M 2s
  3150K .......... .......... .......... .......... .......... 24% 1.76M 2s
  3200K .......... .......... .......... .......... .......... 24% 1.66M 2s
  3250K .......... .......... .......... .......... .......... 25%  155M 2s
  3300K .......... .......... .......... .......... .......... 25% 1.76M 2s
  3350K .......... .......... .......... .......... .......... 26%  112M 2s
  3400K .......... .......... .......... .......... .......... 26%  170M 2s
  3450K .......... .......... .......... .......... .......... 26% 1.57M 2s
  3500K .......... .......... .......... .......... .......... 27% 1.53M 2s
  3550K .......... .......... .......... .......... .......... 27%  140M 2s
  3600K .......... .......... .......... .......... .......... 27%  173M 2s
  3650K .......... .......... .......... .......... .......... 28% 4.84M 2s
  3700K .......... .......... .......... .......... .......... 28%  175M 2s
  3750K .......... .......... .......... .......... .......... 29% 3.18M 2s
  3800K .......... .......... .......... .......... .......... 29%  110M 2s
  3850K .......... .......... .......... .......... .......... 29%  117M 2s
  3900K .......... .......... .......... .......... .......... 30% 5.42M 2s
  3950K .......... .......... .......... .......... .......... 30%  127M 2s
  4000K .......... .......... .......... .......... .......... 31%  167M 2s
  4050K .......... .......... .......... .......... .......... 31%  756K 2s
  4100K .......... .......... .......... .......... .......... 31%  875K 2s
  4150K .......... .......... .......... .......... .......... 32% 1.74M 2s
  4200K .......... .......... .......... .......... .......... 32%  139M 2s
  4250K .......... .......... .......... .......... .......... 32% 1.73M 2s
  4300K .......... .......... .......... .......... .......... 33% 1.63M 2s
  4350K .......... .......... .......... .......... .......... 33%  180M 2s
  4400K .......... .......... .......... .......... .......... 34%  185M 2s
  4450K .......... .......... .......... .......... .......... 34% 1.80M 2s
  4500K .......... .......... .......... .......... .......... 34%  170M 2s
  4550K .......... .......... .......... .......... .......... 35%  189M 2s
  4600K .......... .......... .......... .......... .......... 35% 1.76M 2s
  4650K .......... .......... .......... .......... .......... 36%  182M 2s
  4700K .......... .......... .......... .......... .......... 36%  125M 2s
  4750K .......... .......... .......... .......... .......... 36% 11.4M 2s
  4800K .......... .......... .......... .......... .......... 37%  177M 2s
  4850K .......... .......... .......... .......... .......... 37% 20.0M 2s
  4900K .......... .......... .......... .......... .......... 37% 2.01M 2s
  4950K .......... .......... .......... .......... .......... 38%  149M 2s
  5000K .......... .......... .......... .......... .......... 38%  184M 2s
  5050K .......... .......... .......... .......... .......... 39% 5.48M 2s
  5100K .......... .......... .......... .......... .......... 39%  599K 2s
  5150K .......... .......... .......... .......... .......... 39% 1.50M 2s
  5200K .......... .......... .......... .......... .......... 40% 1.62M 2s
  5250K .......... .......... .......... .......... .......... 40% 1.45M 2s
  5300K .......... .......... .......... .......... .......... 41%  171M 2s
  5350K .......... .......... .......... .......... .......... 41% 1.54M 2s
  5400K .......... .......... .......... .......... .......... 41%  158M 2s
  5450K .......... .......... .......... .......... .......... 42% 8.65M 2s
  5500K .......... .......... .......... .......... .......... 42% 1.87M 2s
  5550K .......... .......... .......... .......... .......... 42%  198M 2s
  5600K .......... .......... .......... .......... .......... 43%  157M 2s
  5650K .......... .......... .......... .......... .......... 43% 1.78M 2s
  5700K .......... .......... .......... .......... .......... 44%  166M 2s
  5750K .......... .......... .......... .......... .......... 44%  128M 2s
  5800K .......... .......... .......... .......... .......... 44% 6.86M 2s
  5850K .......... .......... .......... .......... .......... 45%  171M 2s
  5900K .......... .......... .......... .......... .......... 45% 2.15M 2s
  5950K .......... .......... .......... .......... .......... 45%  147M 2s
  6000K .......... .......... .......... .......... .......... 46% 17.5M 2s
  6050K .......... .......... .......... .......... .......... 46%  181M 1s
  6100K .......... .......... .......... .......... .......... 47% 1.51M 2s
  6150K .......... .......... .......... .......... .......... 47% 1.51M 2s
  6200K .......... .......... .......... .......... .......... 47% 2.52M 2s
  6250K .......... .......... .......... .......... .......... 48%  143M 1s
  6300K .......... .......... .......... .......... .......... 48% 3.09M 1s
  6350K .......... .......... .......... .......... .......... 49% 3.07M 1s
  6400K .......... .......... .......... .......... .......... 49% 13.0M 1s
  6450K .......... .......... .......... .......... .......... 49%  128M 1s
  6500K .......... .......... .......... .......... .......... 50% 4.10M 1s
  6550K .......... .......... .......... .......... .......... 50% 6.52M 1s
  6600K .......... .......... .......... .......... .......... 50%  178M 1s
  6650K .......... .......... .......... .......... .......... 51% 4.04M 1s
  6700K .......... .......... .......... .......... .......... 51%  161M 1s
  6750K .......... .......... .......... .......... .......... 52%  168M 1s
  6800K .......... .......... .......... .......... .......... 52% 14.1M 1s
  6850K .......... .......... .......... .......... .......... 52% 13.5M 1s
  6900K .......... .......... .......... .......... .......... 53%  166M 1s
  6950K .......... .......... .......... .......... .......... 53% 8.75M 1s
  7000K .......... .......... .......... .......... .......... 54%  166M 1s
  7050K .......... .......... .......... .......... .......... 54% 24.4M 1s
  7100K .......... .......... .......... .......... .......... 54% 6.37M 1s
  7150K .......... .......... .......... .......... .......... 55%  567K 1s
  7200K .......... .......... .......... .......... .......... 55% 1.51M 1s
  7250K .......... .......... .......... .......... .......... 55% 1.65M 1s
  7300K .......... .......... .......... .......... .......... 56% 1.61M 1s
  7350K .......... .......... .......... .......... .......... 56%  164M 1s
  7400K .......... .......... .......... .......... .......... 57% 1.66M 1s
  7450K .......... .......... .......... .......... .......... 57%  189M 1s
  7500K .......... .......... .......... .......... .......... 57% 6.38M 1s
  7550K .......... .......... .......... .......... .......... 58% 2.06M 1s
  7600K .......... .......... .......... .......... .......... 58%  140M 1s
  7650K .......... .......... .......... .......... .......... 59% 6.08M 1s
  7700K .......... .......... .......... .......... .......... 59% 2.44M 1s
  7750K .......... .......... .......... .......... .......... 59%  194M 1s
  7800K .......... .......... .......... .......... .......... 60% 6.47M 1s
  7850K .......... .......... .......... .......... .......... 60%  138M 1s
  7900K .......... .......... .......... .......... .......... 60% 6.37M 1s
  7950K .......... .......... .......... .......... .......... 61%  186M 1s
  8000K .......... .......... .......... .......... .......... 61% 3.52M 1s
  8050K .......... .......... .......... .......... .......... 62%  113M 1s
  8100K .......... .......... .......... .......... .......... 62% 4.11M 1s
  8150K .......... .......... .......... .......... .......... 62% 1.47M 1s
  8200K .......... .......... .......... .......... .......... 63%  593K 1s
  8250K .......... .......... .......... .......... .......... 63% 1.16M 1s
  8300K .......... .......... .......... .......... .......... 64% 6.19M 1s
  8350K .......... .......... .......... .......... .......... 64% 1.28M 1s
  8400K .......... .......... .......... .......... .......... 64% 12.4M 1s
  8450K .......... .......... .......... .......... .......... 65% 1.28M 1s
  8500K .......... .......... .......... .......... .......... 65% 3.82M 1s
  8550K .......... .......... .......... .......... .......... 65% 5.45M 1s
  8600K .......... .......... .......... .......... .......... 66% 2.45M 1s
  8650K .......... .......... .......... .......... .......... 66% 1.10M 1s
  8700K .......... .......... .......... .......... .......... 67% 6.30M 1s
  8750K .......... .......... .......... .......... .......... 67% 6.09M 1s
  8800K .......... .......... .......... .......... .......... 67%  173M 1s
  8850K .......... .......... .......... .......... .......... 68% 7.95M 1s
  8900K .......... .......... .......... .......... .......... 68% 5.02M 1s
  8950K .......... .......... .......... .......... .......... 68% 6.11M 1s
  9000K .......... .......... .......... .......... .......... 69% 6.17M 1s
  9050K .......... .......... .......... .......... .......... 69% 6.17M 1s
  9100K .......... .......... .......... .......... .......... 70% 6.05M 1s
  9150K .......... .......... .......... .......... .......... 70%  116M 1s
  9200K .......... .......... .......... .......... .......... 70% 1.89M 1s
  9250K .......... .......... .......... .......... .......... 71% 1.90M 1s
  9300K .......... .......... .......... .......... .......... 71% 5.93M 1s
  9350K .......... .......... .......... .......... .......... 72% 3.10M 1s
  9400K .......... .......... .......... .......... .......... 72%  149M 1s
  9450K .......... .......... .......... .......... .......... 72% 3.10M 1s
  9500K .......... .......... .......... .......... .......... 73% 6.17M 1s
  9550K .......... .......... .......... .......... .......... 73% 7.90M 1s
  9600K .......... .......... .......... .......... .......... 73% 8.20M 1s
  9650K .......... .......... .......... .......... .......... 74% 6.23M 1s
  9700K .......... .......... .......... .......... .......... 74%  148M 1s
  9750K .......... .......... .......... .......... .......... 75% 4.44M 1s
  9800K .......... .......... .......... .......... .......... 75% 6.89M 1s
  9850K .......... .......... .......... .......... .......... 75% 8.51M 1s
  9900K .......... .......... .......... .......... .......... 76% 6.10M 1s
  9950K .......... .......... .......... .......... .......... 76% 6.13M 1s
 10000K .......... .......... .......... .......... .......... 77% 4.85M 1s
 10050K .......... .......... .......... .......... .......... 77% 4.08M 1s
 10100K .......... .......... .......... .......... .......... 77%  179M 1s
 10150K .......... .......... .......... .......... .......... 78% 3.93M 1s
 10200K .......... .......... .......... .......... .......... 78% 1.77M 1s
 10250K .......... .......... .......... .......... .......... 78%  766K 1s
 10300K .......... .......... .......... .......... .......... 79% 1.82M 1s
 10350K .......... .......... .......... .......... .......... 79% 6.16M 1s
 10400K .......... .......... .......... .......... .......... 80% 1.91M 1s
 10450K .......... .......... .......... .......... .......... 80% 1.75M 1s
 10500K .......... .......... .......... .......... .......... 80%  133M 1s
 10550K .......... .......... .......... .......... .......... 81% 7.85M 1s
 10600K .......... .......... .......... .......... .......... 81% 6.11M 1s
 10650K .......... .......... .......... .......... .......... 82% 3.03M 1s
 10700K .......... .......... .......... .......... .......... 82% 6.35M 1s
 10750K .......... .......... .......... .......... .......... 82% 5.99M 1s
 10800K .......... .......... .......... .......... .......... 83% 3.04M 1s
 10850K .......... .......... .......... .......... .......... 83% 6.34M 1s
 10900K .......... .......... .......... .......... .......... 83% 6.24M 1s
 10950K .......... .......... .......... .......... .......... 84% 5.93M 0s
 11000K .......... .......... .......... .......... .......... 84%  179M 0s
 11050K .......... .......... .......... .......... .......... 85% 4.06M 0s
 11100K .......... .......... .......... .......... .......... 85% 6.16M 0s
 11150K .......... .......... .......... .......... .......... 85% 3.65M 0s
 11200K .......... .......... .......... .......... .......... 86% 7.86M 0s
 11250K .......... .......... .......... .......... .......... 86%  959K 0s
 11300K .......... .......... .......... .......... .......... 87% 1.53M 0s
 11350K .......... .......... .......... .......... .......... 87% 1.64M 0s
 11400K .......... .......... .......... .......... .......... 87% 1.87M 0s
 11450K .......... .......... .......... .......... .......... 88% 5.47M 0s
 11500K .......... .......... .......... .......... .......... 88% 2.12M 0s
 11550K .......... .......... .......... .......... .......... 88% 5.90M 0s
 11600K .......... .......... .......... .......... .......... 89% 4.11M 0s
 11650K .......... .......... .......... .......... .......... 89% 5.92M 0s
 11700K .......... .......... .......... .......... .......... 90% 4.20M 0s
 11750K .......... .......... .......... .......... .......... 90% 5.04M 0s
 11800K .......... .......... .......... .......... .......... 90% 7.76M 0s
 11850K .......... .......... .......... .......... .......... 91% 8.13M 0s
 11900K .......... .......... .......... .......... .......... 91% 7.64M 0s
 11950K .......... .......... .......... .......... .......... 91% 6.23M 0s
 12000K .......... .......... .......... .......... .......... 92% 13.2M 0s
 12050K .......... .......... .......... .......... .......... 92% 3.96M 0s
 12100K .......... .......... .......... .......... .......... 93% 6.41M 0s
 12150K .......... .......... .......... .......... .......... 93%  155M 0s
 12200K .......... .......... .......... .......... .......... 93% 6.22M 0s
 12250K .......... .......... .......... .......... .......... 94% 2.47M 0s
 12300K .......... .......... .......... .......... .......... 94% 1.97M 0s
 12350K .......... .......... .......... .......... .......... 95% 2.53M 0s
 12400K .......... .......... .......... .......... .......... 95% 6.24M 0s
 12450K .......... .......... .......... .......... .......... 95% 5.88M 0s
 12500K .......... .......... .......... .......... .......... 96% 2.81M 0s
 12550K .......... .......... .......... .......... .......... 96% 5.85M 0s
 12600K .......... .......... .......... .......... .......... 96%  139M 0s
 12650K .......... .......... .......... .......... .......... 97% 7.72M 0s
 12700K .......... .......... .......... .......... .......... 97% 6.20M 0s
 12750K .......... .......... .......... .......... .......... 98% 6.43M 0s
 12800K .......... .......... .......... .......... .......... 98% 6.14M 0s
 12850K .......... .......... .......... .......... .......... 98%  183M 0s
 12900K .......... .......... .......... .......... .......... 99% 4.14M 0s
 12950K .......... .......... .......... .......... .......... 99% 5.86M 0s
 13000K .......... .......... .......... .......... ....      100% 5.80M=3.1s

2017-01-04 20:24:49 (4.05 MB/s) - `wyn88.apk' saved [13358069/13358069]

