--2017-01-09 08:41:14--  http://qenosa.cn/sdfeg3
Resolving qenosa.cn... 103.211.125.148
Connecting to qenosa.cn|103.211.125.148|:80... connected.
HTTP request sent, awaiting response... 301 Moved Permanently
Location: http://qenosa.cn/sdfeg3/ [following]
--2017-01-09 08:41:16--  http://qenosa.cn/sdfeg3/
Reusing existing connection to qenosa.cn:80.
HTTP request sent, awaiting response... 302 Object moved
Location: xiangce.apk [following]
--2017-01-09 08:41:16--  http://qenosa.cn/sdfeg3/xiangce.apk
Reusing existing connection to qenosa.cn:80.
HTTP request sent, awaiting response... 200 OK
Length: 213502 (208K) [application/vnd.android]
Saving to: `xiangce.apk'

     0K .......... .......... .......... .......... .......... 23%  376K 0s
    50K .......... .......... .......... .......... .......... 47%  520K 0s
   100K .......... .......... .......... .......... .......... 71%  450K 0s
   150K .......... .......... .......... .......... .......... 95%  545K 0s
   200K ........                                              100%  513K=0.4s

2017-01-09 08:41:16 (465 KB/s) - `xiangce.apk' saved [213502/213502]

