--2017-01-30 20:28:33--  http://wap.zkoea.com/ie
Resolving wap.zkoea.com... 103.80.124.72
Connecting to wap.zkoea.com|103.80.124.72|:80... connected.
HTTP request sent, awaiting response... 301 Moved Permanently
Location: http://wap.zkoea.com/ie/ [following]
--2017-01-30 20:28:38--  http://wap.zkoea.com/ie/
Reusing existing connection to wap.zkoea.com:80.
HTTP request sent, awaiting response... 302 Object moved
Location: %E8%A7%86%E9%A2%91.apk [following]
--2017-01-30 20:28:39--  http://wap.zkoea.com/ie/%E8%A7%86%E9%A2%91.apk
Reusing existing connection to wap.zkoea.com:80.
HTTP request sent, awaiting response... 200 OK
Length: 209321 (204K) [apk]
Saving to: `è§%86é¢%91.apk'

     0K .......... .......... .......... .......... .......... 24% 3.42K 45s
    50K .......... .......... .......... .......... .......... 48% 6.81K 23s
   100K .......... .......... .......... .......... .......... 73% 7.98K 10s
   150K .......... .......... .......... .......... .......... 97% 12.2K 1s
   200K ....                                                  100% 3.59K=34s

2017-01-30 20:29:15 (6.09 KB/s) - `è§%86é¢%91.apk' saved [209321/209321]

