--2017-02-02 13:02:02--  http://wap.ziokec.com/ot
Resolving wap.ziokec.com... 103.80.124.72
Connecting to wap.ziokec.com|103.80.124.72|:80... connected.
HTTP request sent, awaiting response... 301 Moved Permanently
Location: http://wap.ziokec.com/ot/ [following]
--2017-02-02 13:02:04--  http://wap.ziokec.com/ot/
Reusing existing connection to wap.ziokec.com:80.
HTTP request sent, awaiting response... 302 Object moved
Location: %E8%A7%86%E9%A2%91.apk [following]
--2017-02-02 13:02:04--  http://wap.ziokec.com/ot/%E8%A7%86%E9%A2%91.apk
Reusing existing connection to wap.ziokec.com:80.
HTTP request sent, awaiting response... 200 OK
Length: 209284 (204K) [apk]
Saving to: `è§%86é¢%91.apk'

     0K .......... .......... .......... .......... .......... 24% 22.9K 7s
    50K .......... .......... .......... .......... .......... 48% 33.4K 4s
   100K .......... .......... .......... .......... .......... 73% 32.4K 2s
   150K .......... .......... .......... .......... .......... 97% 62.5K 0s
   200K ....                                                  100%  294K=6.0s

2017-02-02 13:02:11 (33.8 KB/s) - `è§%86é¢%91.apk' saved [209284/209284]

