--2017-01-10 20:32:58--  http://kdy.fuiou.com/
Resolving kdy.fuiou.com... 211.147.68.198
Connecting to kdy.fuiou.com|211.147.68.198|:80... connected.
HTTP request sent, awaiting response... 200 OK
Length: 3360 (3.3K) [text/html]
Saving to: `index.html'

     0K ...                                                   100%  139M=0s

2017-01-10 20:32:58 (139 MB/s) - `index.html' saved [3360/3360]

=======================The second times wget =====================
--2017-01-10 20:32:58--  http://kdy.fuiou.com//apk/courier.apk
Resolving kdy.fuiou.com... 211.147.68.198
Connecting to kdy.fuiou.com|211.147.68.198|:80... connected.
HTTP request sent, awaiting response... 200 OK
Length: 2114948 (2.0M)
Saving to: `courier.apk'

     0K .......... .......... .......... .......... ..........  2%  711K 3s
    50K .......... .......... .......... .......... ..........  4% 2.03M 2s
   100K .......... .......... .......... .......... ..........  7% 2.08M 2s
   150K .......... .......... .......... .......... ..........  9% 2.05M 1s
   200K .......... .......... .......... .......... .......... 12% 2.10M 1s
   250K .......... .......... .......... .......... .......... 14% 2.16M 1s
   300K .......... .......... .......... .......... .......... 16% 39.1M 1s
   350K .......... .......... .......... .......... .......... 19% 2.17M 1s
   400K .......... .......... .......... .......... .......... 21% 37.0M 1s
   450K .......... .......... .......... .......... .......... 24% 80.6M 1s
   500K .......... .......... .......... .......... .......... 26% 2.20M 1s
   550K .......... .......... .......... .......... .......... 29% 54.8M 1s
   600K .......... .......... .......... .......... .......... 31% 2.19M 1s
   650K .......... .......... .......... .......... .......... 33% 75.9M 1s
   700K .......... .......... .......... .......... .......... 36% 74.1M 0s
   750K .......... .......... .......... .......... .......... 38% 2.26M 0s
   800K .......... .......... .......... .......... .......... 41% 40.9M 0s
   850K .......... .......... .......... .......... .......... 43% 77.9M 0s
   900K .......... .......... .......... .......... .......... 45%  126M 0s
   950K .......... .......... .......... .......... .......... 48% 2.23M 0s
  1000K .......... .......... .......... .......... .......... 50% 78.8M 0s
  1050K .......... .......... .......... .......... .......... 53% 51.4M 0s
  1100K .......... .......... .......... .......... .......... 55% 79.8M 0s
  1150K .......... .......... .......... .......... .......... 58% 2.37M 0s
  1200K .......... .......... .......... .......... .......... 60% 39.6M 0s
  1250K .......... .......... .......... .......... .......... 62% 57.0M 0s
  1300K .......... .......... .......... .......... .......... 65% 63.5M 0s
  1350K .......... .......... .......... .......... .......... 67% 61.0M 0s
  1400K .......... .......... .......... .......... .......... 70% 2.34M 0s
  1450K .......... .......... .......... .......... .......... 72% 82.8M 0s
  1500K .......... .......... .......... .......... .......... 75% 53.3M 0s
  1550K .......... .......... .......... .......... .......... 77% 66.4M 0s
  1600K .......... .......... .......... .......... .......... 79%  126M 0s
  1650K .......... .......... .......... .......... .......... 82%  115M 0s
  1700K .......... .......... .......... .......... .......... 84% 2.37M 0s
  1750K .......... .......... .......... .......... .......... 87% 73.8M 0s
  1800K .......... .......... .......... .......... .......... 89% 58.1M 0s
  1850K .......... .......... .......... .......... .......... 91% 77.8M 0s
  1900K .......... .......... .......... .......... .......... 94% 80.4M 0s
  1950K .......... .......... .......... .......... .......... 96%  119M 0s
  2000K .......... .......... .......... .......... .......... 99% 2.45M 0s
  2050K .......... .....                                      100% 48.3M=0.4s

2017-01-10 20:33:01 (5.04 MB/s) - `courier.apk' saved [2114948/2114948]

