--2017-01-09 18:48:47--  http://www.xiaoxut.pw/
Resolving www.xiaoxut.pw... 103.55.27.179
Connecting to www.xiaoxut.pw|103.55.27.179|:80... connected.
HTTP request sent, awaiting response... 200 OK
Length: 113376 (111K) [text/html]
Saving to: `index.html'

     0K .......... .......... .......... .......... .......... 45%  128K 0s
    50K .......... .......... .......... .......... .......... 90%  127K 0s
   100K ..........                                            100%  101K=0.9s

2017-01-09 18:48:50 (124 KB/s) - `index.html' saved [113376/113376]

=======================The second times wget =====================
--2017-01-09 18:48:50--  http://www.xiaoxut.pw/%E6%A0%A1%E8%AE%AF%E9%80%9A.apk
Resolving www.xiaoxut.pw... 103.55.27.179
Connecting to www.xiaoxut.pw|103.55.27.179|:80... connected.
HTTP request sent, awaiting response... 200 OK
Length: 401581 (392K) [application/vnd.android.package-archive]
Saving to: `æ ¡è®¯é%80%9A.apk'

     0K .......... .......... .......... .......... .......... 12%  129K 3s
    50K .......... .......... .......... .......... .......... 25%  122K 2s
   100K .......... .......... .......... .......... .......... 38%  116K 2s
   150K .......... .......... .......... .......... .......... 50%  118K 2s
   200K .......... .......... .......... .......... .......... 63%  137K 1s
   250K .......... .......... .......... .......... .......... 76%  121K 1s
   300K .......... .......... .......... .......... .......... 89%  125K 0s
   350K .......... .......... .......... .......... ..        100%  123K=3.2s

2017-01-09 18:48:54 (124 KB/s) - `æ ¡è®¯é%80%9A.apk' saved [401581/401581]

