--2017-02-20 01:09:34--  http://lgwqd.com/pop
Resolving lgwqd.com... 103.215.83.18
Connecting to lgwqd.com|103.215.83.18|:80... connected.
HTTP request sent, awaiting response... 301 Moved Permanently
Location: http://lgwqd.com/pop/ [following]
--2017-02-20 01:09:34--  http://lgwqd.com/pop/
Reusing existing connection to lgwqd.com:80.
HTTP request sent, awaiting response... 200 OK
Length: 247 [text/html]
Saving to: `index.html'

     0K                                                       100% 19.6M=0s

2017-02-20 01:09:34 (19.6 MB/s) - `index.html' saved [247/247]

=======================The second times wget =====================
--2017-02-20 01:09:34--  http://lgwqd.com/pop/%CF%E0%B2%E13.apk
Resolving lgwqd.com... 103.215.83.18
Connecting to lgwqd.com|103.215.83.18|:80... connected.
HTTP request sent, awaiting response... 200 OK
Length: 209302 (204K) [application/vnd.android.package-archive]
Saving to: `ПаІб3.apk'

     0K .......... .......... .......... .......... .......... 24%  153K 1s
    50K .......... .......... .......... .......... .......... 48%  103K 1s
   100K .......... .......... .......... .......... .......... 73%  132K 0s
   150K .......... .......... .......... .......... .......... 97%  132K 0s
   200K ....                                                  100% 98.7K=1.6s

2017-02-20 01:09:37 (127 KB/s) - `ПаІб3.apk' saved [209302/209302]

