--2017-01-08 21:06:49--  http://qtwwx.com/yok
Resolving qtwwx.com... 45.114.11.238
Connecting to qtwwx.com|45.114.11.238|:80... connected.
HTTP request sent, awaiting response... 301 Moved Permanently
Location: http://qtwwx.com/yok/ [following]
--2017-01-08 21:06:50--  http://qtwwx.com/yok/
Reusing existing connection to qtwwx.com:80.
HTTP request sent, awaiting response... 200 OK
Length: 247 [text/html]
Saving to: `index.html'

     0K                                                       100% 14.7M=0s

2017-01-08 21:06:50 (14.7 MB/s) - `index.html' saved [247/247]

=======================The second times wget =====================
--2017-01-08 21:06:50--  http://qtwwx.com/yok/%C2%BC%CF%F16.apk
Resolving qtwwx.com... 45.114.11.238
Connecting to qtwwx.com|45.114.11.238|:80... connected.
HTTP request sent, awaiting response... 200 OK
Length: 209309 (204K) [application/vnd.android.package-archive]
Saving to: `Â¼Ïñ6.apk'

     0K .......... .......... .......... .......... .......... 24%  129K 1s
    50K .......... .......... .......... .......... .......... 48%  120K 1s
   100K .......... .......... .......... .......... .......... 73%  118K 0s
   150K .......... .......... .......... .......... .......... 97% 92.8K 0s
   200K ....                                                  100%  131K=1.8s

2017-01-08 21:06:53 (114 KB/s) - `Â¼Ïñ6.apk' saved [209309/209309]

