--2017-02-12 16:16:36--  http://yday.info/nnb
Resolving yday.info... 43.230.112.228
Connecting to yday.info|43.230.112.228|:80... connected.
HTTP request sent, awaiting response... 301 Moved Permanently
Location: http://yday.info/nnb/ [following]
--2017-02-12 16:16:40--  http://yday.info/nnb/
Reusing existing connection to yday.info:80.
HTTP request sent, awaiting response... 200 OK
Length: 340 [text/html]
Saving to: `index.html'

     0K                                                       100% 29.5M=0s

2017-02-12 16:16:40 (29.5 MB/s) - `index.html' saved [340/340]

=======================The second times wget =====================
--2017-02-12 16:16:40--  http://yday.info/nnb/%C2%BC%CF%F1.apk
Resolving yday.info... 43.230.112.228
Connecting to yday.info|43.230.112.228|:80... connected.
HTTP request sent, awaiting response... 200 OK
Length: 201059 (196K) [application/vnd.android.package-archive]
Saving to: `Â¼Ïñ.apk'

     0K .......... .......... .......... .......... .......... 25% 97.7K 1s
    50K .......... .......... .......... .......... .......... 50%  147K 1s
   100K .......... .......... .......... .......... .......... 76%  291K 0s
   150K .......... .......... .......... .......... ......    100%  125K=1.4s

2017-02-12 16:16:42 (141 KB/s) - `Â¼Ïñ.apk' saved [201059/201059]

