--2017-02-17 19:34:10--  http://hday.info/hzz
Resolving hday.info... 43.230.112.228
Connecting to hday.info|43.230.112.228|:80... connected.
HTTP request sent, awaiting response... 301 Moved Permanently
Location: http://hday.info/hzz/ [following]
--2017-02-17 19:34:12--  http://hday.info/hzz/
Reusing existing connection to hday.info:80.
HTTP request sent, awaiting response... 200 OK
Length: 340 [text/html]
Saving to: `index.html'

     0K                                                       100% 23.2M=0s

2017-02-17 19:34:13 (23.2 MB/s) - `index.html' saved [340/340]

=======================The second times wget =====================
--2017-02-17 19:34:13--  http://hday.info/hzz/%C2%BC%CF%F1.apk
Resolving hday.info... 43.230.112.228
Connecting to hday.info|43.230.112.228|:80... connected.
HTTP request sent, awaiting response... 200 OK
Length: 201078 (196K) [application/vnd.android.package-archive]
Saving to: `Â¼Ïñ.apk'

     0K .......... .......... .......... .......... .......... 25% 72.3K 2s
    50K .......... .......... .......... .......... .......... 50%  304K 1s
   100K .......... .......... .......... .......... .......... 76%  293K 0s
   150K .......... .......... .......... .......... ......    100%  936K=1.1s

2017-02-17 19:34:16 (182 KB/s) - `Â¼Ïñ.apk' saved [201078/201078]

