--2017-02-23 08:30:18--  http://m.ytuho.com/xyy
Resolving m.ytuho.com... 103.205.241.37
Connecting to m.ytuho.com|103.205.241.37|:80... connected.
HTTP request sent, awaiting response... 301 Moved Permanently
Location: http://m.ytuho.com/xyy/ [following]
--2017-02-23 08:30:19--  http://m.ytuho.com/xyy/
Reusing existing connection to m.ytuho.com:80.
HTTP request sent, awaiting response... 200 OK
Length: 735 [text/html]
Saving to: `index.html'

     0K                                                       100% 46.7M=0s

2017-02-23 08:30:19 (46.7 MB/s) - `index.html' saved [735/735]

=======================The second times wget =====================
--2017-02-23 08:30:19--  http://m.ytuho.com/xyy/%E8%A7%86%E9%A2%91.apk
Resolving m.ytuho.com... 103.205.241.37
Connecting to m.ytuho.com|103.205.241.37|:80... connected.
HTTP request sent, awaiting response... 200 OK
Length: 201054 (196K) [application/vnd.android.package-archive]
Saving to: `è§%86é¢%91.apk'

     0K .......... .......... .......... .......... .......... 25%  249K 1s
    50K .......... .......... .......... .......... .......... 50%  238K 0s
   100K .......... .......... .......... .......... .......... 76%  239K 0s
   150K .......... .......... .......... .......... ......    100%  244K=0.8s

2017-02-23 08:30:21 (242 KB/s) - `è§%86é¢%91.apk' saved [201054/201054]

