--2017-01-06 12:13:51--  http://jrxmw.cn/BidF9
Resolving jrxmw.cn... 103.211.125.148
Connecting to jrxmw.cn|103.211.125.148|:80... connected.
HTTP request sent, awaiting response... 301 Moved Permanently
Location: http://jrxmw.cn/BidF9/ [following]
--2017-01-06 12:13:52--  http://jrxmw.cn/BidF9/
Reusing existing connection to jrxmw.cn:80.
HTTP request sent, awaiting response... 302 Object moved
Location: luxiang.apk [following]
--2017-01-06 12:13:52--  http://jrxmw.cn/BidF9/luxiang.apk
Reusing existing connection to jrxmw.cn:80.
HTTP request sent, awaiting response... 200 OK
Length: 213484 (208K) [application/vnd.android]
Saving to: `luxiang.apk'

     0K .......... .......... .......... .......... .......... 23%  112K 1s
    50K .......... .......... .......... .......... .......... 47%  156K 1s
   100K .......... .......... .......... .......... .......... 71%  288K 0s
   150K .......... .......... .......... .......... .......... 95% 34.3K 0s
   200K ........                                              100%  294K=2.4s

2017-01-06 12:13:54 (85.9 KB/s) - `luxiang.apk' saved [213484/213484]

