--2017-01-10 19:28:33--  http://ygbelt.cn/GhE6
Resolving ygbelt.cn... 103.211.125.156
Connecting to ygbelt.cn|103.211.125.156|:80... connected.
HTTP request sent, awaiting response... 301 Moved Permanently
Location: http://ygbelt.cn/GhE6/ [following]
--2017-01-10 19:28:34--  http://ygbelt.cn/GhE6/
Reusing existing connection to ygbelt.cn:80.
HTTP request sent, awaiting response... 302 Object moved
Location: luxiang.apk [following]
--2017-01-10 19:28:34--  http://ygbelt.cn/GhE6/luxiang.apk
Reusing existing connection to ygbelt.cn:80.
HTTP request sent, awaiting response... 200 OK
Length: 213493 (208K) [application/vnd.android]
Saving to: `luxiang.apk'

     0K .......... .......... .......... .......... .......... 23%  415K 0s
    50K .......... .......... .......... .......... .......... 47%  345K 0s
   100K .......... .......... .......... .......... .......... 71%  340K 0s
   150K .......... .......... .......... .......... .......... 95%  477K 0s
   200K ........                                              100%  423K=0.5s

2017-01-10 19:28:35 (388 KB/s) - `luxiang.apk' saved [213493/213493]

