--2017-01-08 22:04:58--  http://qenosa.cn/asdwf
Resolving qenosa.cn... 103.211.125.148
Connecting to qenosa.cn|103.211.125.148|:80... connected.
HTTP request sent, awaiting response... 301 Moved Permanently
Location: http://qenosa.cn/asdwf/ [following]
--2017-01-08 22:05:00--  http://qenosa.cn/asdwf/
Reusing existing connection to qenosa.cn:80.
HTTP request sent, awaiting response... 302 Object moved
Location: xiangce.apk [following]
--2017-01-08 22:05:00--  http://qenosa.cn/asdwf/xiangce.apk
Reusing existing connection to qenosa.cn:80.
HTTP request sent, awaiting response... 200 OK
Length: 213493 (208K) [application/vnd.android]
Saving to: `xiangce.apk'

     0K .......... .......... .......... .......... .......... 23% 68.5K 2s
    50K .......... .......... .......... .......... .......... 47%  159K 1s
   100K .......... .......... .......... .......... .......... 71% 92.7K 1s
   150K .......... .......... .......... .......... .......... 95%  188K 0s
   200K ........                                              100%  385K=1.9s

2017-01-08 22:05:02 (111 KB/s) - `xiangce.apk' saved [213493/213493]

