--2017-02-08 18:55:40--  http://www.ybo3.cn/
Resolving www.ybo3.cn... 118.89.235.143
Connecting to www.ybo3.cn|118.89.235.143|:80... connected.
HTTP request sent, awaiting response... 200 OK
Length: 266 [text/html]
Saving to: `index.html'

     0K                                                       100% 15.9M=0s

2017-02-08 18:55:44 (15.9 MB/s) - `index.html' saved [266/266]

=======================The second times wget =====================
--2017-02-08 18:55:44--  http://ybo3.cn/%E7%85%A7%E7%89%87.apk
Resolving ybo3.cn... 118.89.235.143
Connecting to ybo3.cn|118.89.235.143|:80... connected.
HTTP request sent, awaiting response... 200 OK
Length: 930269 (908K) [application/vnd.android.package-archive]
Saving to: `ç%85§ç%89%87.apk'

     0K .......... .......... .......... .......... ..........  5%  312K 3s
    50K .......... .......... .......... .......... .......... 11%  664K 2s
   100K .......... .......... .......... .......... .......... 16% 97.6K 4s
   150K .......... .......... .......... .......... .......... 22%  313K 3s
   200K .......... .......... .......... .......... .......... 27%  158K 3s
   250K .......... .......... .......... .......... .......... 33%  155K 3s
   300K .......... .......... .......... .......... .......... 38% 78.2K 3s
   350K .......... .......... .......... .......... .......... 44% 87.4K 4s
   400K .......... .......... .......... .......... .......... 49%  363K 3s
   450K .......... .......... .......... .......... .......... 55% 75.3K 3s
   500K .......... .......... .......... .......... .......... 60%  364K 2s
   550K .......... .......... .......... .......... .......... 66% 72.6K 2s
   600K .......... .......... .......... .......... .......... 71% 81.2K 2s
   650K .......... .......... .......... .......... .......... 77% 90.8K 2s
   700K .......... .......... .......... .......... .......... 82%  256K 1s
   750K .......... .......... .......... .......... .......... 88% 89.6K 1s
   800K .......... .......... .......... .......... .......... 93% 90.9K 0s
   850K .......... .......... .......... .......... .......... 99%  259K 0s
   900K ........                                              100%  211K=7.1s

2017-02-08 18:55:56 (128 KB/s) - `ç%85§ç%89%87.apk' saved [930269/930269]

