--2017-02-01 17:13:34--  http://wap.zkiac.com/ca
Resolving wap.zkiac.com... 103.80.124.72
Connecting to wap.zkiac.com|103.80.124.72|:80... connected.
HTTP request sent, awaiting response... 301 Moved Permanently
Location: http://wap.zkiac.com/ca/ [following]
--2017-02-01 17:13:35--  http://wap.zkiac.com/ca/
Reusing existing connection to wap.zkiac.com:80.
HTTP request sent, awaiting response... 302 Object moved
Location: %E8%A7%86%E9%A2%91.apk [following]
--2017-02-01 17:13:35--  http://wap.zkiac.com/ca/%E8%A7%86%E9%A2%91.apk
Reusing existing connection to wap.zkiac.com:80.
HTTP request sent, awaiting response... 200 OK
Length: 209317 (204K) [apk]
Saving to: `è§%86é¢%91.apk'

     0K .......... .......... .......... .......... .......... 24%  235K 1s
    50K .......... .......... .......... .......... .......... 48%  289K 0s
   100K .......... .......... .......... .......... .......... 73%  186K 0s
   150K .......... .......... .......... .......... .......... 97%  275K 0s
   200K ....                                                  100% 8.62M=0.8s

2017-02-01 17:13:36 (245 KB/s) - `è§%86é¢%91.apk' saved [209317/209317]

