--2017-01-05 23:35:24--  http://xyhzj.cn/LIhXG
Resolving xyhzj.cn... 103.39.79.210
Connecting to xyhzj.cn|103.39.79.210|:80... connected.
HTTP request sent, awaiting response... 301 Moved Permanently
Location: http://xyhzj.cn/LIhXG/ [following]
--2017-01-05 23:35:25--  http://xyhzj.cn/LIhXG/
Reusing existing connection to xyhzj.cn:80.
HTTP request sent, awaiting response... 302 Object moved
Location: luxiang.apk [following]
--2017-01-05 23:35:25--  http://xyhzj.cn/LIhXG/luxiang.apk
Reusing existing connection to xyhzj.cn:80.
HTTP request sent, awaiting response... 200 OK
Length: 213494 (208K) [application/vnd.android.package-archive]
Saving to: `luxiang.apk'

     0K .......... .......... .......... .......... .......... 23%  129K 1s
    50K .......... .......... .......... .......... .......... 47%  149K 1s
   100K .......... .......... .......... .......... .......... 71%  176K 0s
   150K .......... .......... .......... .......... .......... 95%  179K 0s
   200K ........                                              100%  293K=1.3s

2017-01-05 23:35:26 (159 KB/s) - `luxiang.apk' saved [213494/213494]

