--2017-01-12 14:34:03--  http://56.ny256.com/
Resolving 56.ny256.com... 121.40.230.248
Connecting to 56.ny256.com|121.40.230.248|:80... connected.
HTTP request sent, awaiting response... 200 OK
Length: 4394 (4.3K) [text/html]
Saving to: `index.html'

     0K ....                                                  100%  168M=0s

2017-01-12 14:34:04 (168 MB/s) - `index.html' saved [4394/4394]

=======================The second times wget =====================
--2017-01-12 14:34:05--  http://121.40.230.248/apk/NYTApp.apk
Connecting to 121.40.230.248:80... connected.
HTTP request sent, awaiting response... 200 OK
Length: 6459022 (6.2M) [application/octet-stream]
Saving to: `NYTApp.apk'

     0K .......... .......... .......... .......... ..........  0%  522K 12s
    50K .......... .......... .......... .......... ..........  1%  767K 10s
   100K .......... .......... .......... .......... ..........  2%  910K 9s
   150K .......... .......... .......... .......... ..........  3%  781K 9s
   200K .......... .......... .......... .......... ..........  3%  780K 8s
   250K .......... .......... .......... .......... ..........  4%  783K 8s
   300K .......... .......... .......... .......... ..........  5%  759K 8s
   350K .......... .......... .......... .......... ..........  6%  799K 8s
   400K .......... .......... .......... .......... ..........  7% 1.24M 7s
   450K .......... .......... .......... .......... ..........  7%  952K 7s
   500K .......... .......... .......... .......... ..........  8%  768K 7s
   550K .......... .......... .......... .......... ..........  9%  850K 7s
   600K .......... .......... .......... .......... .......... 10%  784K 7s
   650K .......... .......... .......... .......... .......... 11% 1.51M 7s
   700K .......... .......... .......... .......... .......... 11%  786K 7s
   750K .......... .......... .......... .......... .......... 12% 1.36M 7s
   800K .......... .......... .......... .......... .......... 13%  830K 6s
   850K .......... .......... .......... .......... .......... 14%  782K 6s
   900K .......... .......... .......... .......... .......... 15% 1.44M 6s
   950K .......... .......... .......... .......... .......... 15%  801K 6s
  1000K .......... .......... .......... .......... .......... 16% 1.46M 6s
  1050K .......... .......... .......... .......... .......... 17%  780K 6s
  1100K .......... .......... .......... .......... .......... 18%  810K 6s
  1150K .......... .......... .......... .......... .......... 19% 1.52M 6s
  1200K .......... .......... .......... .......... .......... 19%  783K 6s
  1250K .......... .......... .......... .......... .......... 20% 1.52M 6s
  1300K .......... .......... .......... .......... .......... 21%  761K 6s
  1350K .......... .......... .......... .......... .......... 22% 1.61M 5s
  1400K .......... .......... .......... .......... .......... 22%  866K 5s
  1450K .......... .......... .......... .......... .......... 23% 1.52M 5s
  1500K .......... .......... .......... .......... .......... 24%  805K 5s
  1550K .......... .......... .......... .......... .......... 25% 1.44M 5s
  1600K .......... .......... .......... .......... .......... 26%  803K 5s
  1650K .......... .......... .......... .......... .......... 26% 1.53M 5s
  1700K .......... .......... .......... .......... .......... 27%  761K 5s
  1750K .......... .......... .......... .......... .......... 28% 1.52M 5s
  1800K .......... .......... .......... .......... .......... 29%  807K 5s
  1850K .......... .......... .......... .......... .......... 30% 1.50M 5s
  1900K .......... .......... .......... .......... .......... 30%  790K 5s
  1950K .......... .......... .......... .......... .......... 31% 1.49M 5s
  2000K .......... .......... .......... .......... .......... 32%  773K 5s
  2050K .......... .......... .......... .......... .......... 33% 1.49M 4s
  2100K .......... .......... .......... .......... .......... 34%  808K 4s
  2150K .......... .......... .......... .......... .......... 34% 1.52M 4s
  2200K .......... .......... .......... .......... .......... 35%  782K 4s
  2250K .......... .......... .......... .......... .......... 36% 1.52M 4s
  2300K .......... .......... .......... .......... .......... 37%  783K 4s
  2350K .......... .......... .......... .......... .......... 38% 1.52M 4s
  2400K .......... .......... .......... .......... .......... 38% 1.52M 4s
  2450K .......... .......... .......... .......... .......... 39%  777K 4s
  2500K .......... .......... .......... .......... .......... 40% 1.56M 4s
  2550K .......... .......... .......... .......... .......... 41%  784K 4s
  2600K .......... .......... .......... .......... .......... 42% 1.50M 4s
  2650K .......... .......... .......... .......... .......... 42%  787K 4s
  2700K .......... .......... .......... .......... .......... 43% 1.44M 4s
  2750K .......... .......... .......... .......... .......... 44%  904K 4s
  2800K .......... .......... .......... .......... .......... 45% 1.20M 4s
  2850K .......... .......... .......... .......... .......... 45%  927K 3s
  2900K .......... .......... .......... .......... .......... 46% 1.21M 3s
  2950K .......... .......... .......... .......... .......... 47%  899K 3s
  3000K .......... .......... .......... .......... .......... 48% 1.22M 3s
  3050K .......... .......... .......... .......... .......... 49%  891K 3s
  3100K .......... .......... .......... .......... .......... 49% 1.17M 3s
  3150K .......... .......... .......... .......... .......... 50%  977K 3s
  3200K .......... .......... .......... .......... .......... 51% 1.20M 3s
  3250K .......... .......... .......... .......... .......... 52% 1.11M 3s
  3300K .......... .......... .......... .......... .......... 53% 1.02M 3s
  3350K .......... .......... .......... .......... .......... 53% 1.44M 3s
  3400K .......... .......... .......... .......... .......... 54%  957K 3s
  3450K .......... .......... .......... .......... .......... 55% 1.12M 3s
  3500K .......... .......... .......... .......... .......... 56% 1.01M 3s
  3550K .......... .......... .......... .......... .......... 57% 1.29M 3s
  3600K .......... .......... .......... .......... .......... 57%  912K 3s
  3650K .......... .......... .......... .......... .......... 58% 1.22M 3s
  3700K .......... .......... .......... .......... .......... 59%  909K 3s
  3750K .......... .......... .......... .......... .......... 60% 1.22M 3s
  3800K .......... .......... .......... .......... .......... 61%  888K 2s
  3850K .......... .......... .......... .......... .......... 61% 1.18M 2s
  3900K .......... .......... .......... .......... .......... 62%  926K 2s
  3950K .......... .......... .......... .......... .......... 63% 1.16M 2s
  4000K .......... .......... .......... .......... .......... 64%  919K 2s
  4050K .......... .......... .......... .......... .......... 65% 1.23M 2s
  4100K .......... .......... .......... .......... .......... 65% 1.02M 2s
  4150K .......... .......... .......... .......... .......... 66% 1.16M 2s
  4200K .......... .......... .......... .......... .......... 67% 1.23M 2s
  4250K .......... .......... .......... .......... .......... 68%  893K 2s
  4300K .......... .......... .......... .......... .......... 68% 1.27M 2s
  4350K .......... .......... .......... .......... .......... 69% 1.03M 2s
  4400K .......... .......... .......... .......... .......... 70% 1.22M 2s
  4450K .......... .......... .......... .......... .......... 71%  895K 2s
  4500K .......... .......... .......... .......... .......... 72% 1.43M 2s
  4550K .......... .......... .......... .......... .......... 72% 1.11M 2s
  4600K .......... .......... .......... .......... .......... 73% 1.02M 2s
  4650K .......... .......... .......... .......... .......... 74% 1.22M 2s
  4700K .......... .......... .......... .......... .......... 75% 1.43M 2s
  4750K .......... .......... .......... .......... .......... 76% 1.01M 1s
  4800K .......... .......... .......... .......... .......... 76% 1.23M 1s
  4850K .......... .......... .......... .......... .......... 77% 1.22M 1s
  4900K .......... .......... .......... .......... .......... 78% 1.01M 1s
  4950K .......... .......... .......... .......... .......... 79% 1018K 1s
  5000K .......... .......... .......... .......... .......... 80% 1.14M 1s
  5050K .......... .......... .......... .......... .......... 80% 1.53M 1s
  5100K .......... .......... .......... .......... .......... 81% 1.17M 1s
  5150K .......... .......... .......... .......... .......... 82%  998K 1s
  5200K .......... .......... .......... .......... .......... 83% 1.74M 1s
  5250K .......... .......... .......... .......... .......... 84% 1.45M 1s
  5300K .......... .......... .......... .......... .......... 84%  896K 1s
  5350K .......... .......... .......... .......... .......... 85% 1.60M 1s
  5400K .......... .......... .......... .......... .......... 86% 1.52M 1s
  5450K .......... .......... .......... .......... .......... 87% 1.62M 1s
  5500K .......... .......... .......... .......... .......... 87%  804K 1s
  5550K .......... .......... .......... .......... .......... 88% 1.54M 1s
  5600K .......... .......... .......... .......... .......... 89% 1.53M 1s
  5650K .......... .......... .......... .......... .......... 90% 1.44M 1s
  5700K .......... .......... .......... .......... .......... 91% 1.61M 1s
  5750K .......... .......... .......... .......... .......... 91% 1.23M 0s
  5800K .......... .......... .......... .......... .......... 92% 1.08M 0s
  5850K .......... .......... .......... .......... .......... 93% 1.58M 0s
  5900K .......... .......... .......... .......... .......... 94% 1.43M 0s
  5950K .......... .......... .......... .......... .......... 95% 1.27M 0s
  6000K .......... .......... .......... .......... .......... 95% 1.46M 0s
  6050K .......... .......... .......... .......... .......... 96% 1.56M 0s
  6100K .......... .......... .......... .......... .......... 97% 1.58M 0s
  6150K .......... .......... .......... .......... .......... 98% 1.53M 0s
  6200K .......... .......... .......... .......... .......... 99% 1.44M 0s
  6250K .......... .......... .......... .......... .......... 99% 1.62M 0s
  6300K .......                                               100% 14.9M=5.8s

2017-01-12 14:34:12 (1.06 MB/s) - `NYTApp.apk' saved [6459022/6459022]

