--2017-01-24 09:59:49--  http://www.tdo1.cn/
Resolving www.tdo1.cn... 139.199.201.135
Connecting to www.tdo1.cn|139.199.201.135|:80... connected.
HTTP request sent, awaiting response... 200 OK
Length: 266 [text/html]
Saving to: `index.html'

     0K                                                       100% 18.1M=0s

2017-01-24 09:59:51 (18.1 MB/s) - `index.html' saved [266/266]

=======================The second times wget =====================
--2017-01-24 09:59:51--  http://tdo1.cn/%E5%BD%95%E5%83%8F.apk
Resolving tdo1.cn... 139.199.201.135
Connecting to tdo1.cn|139.199.201.135|:80... connected.
HTTP request sent, awaiting response... 200 OK
Length: 855028 (835K) [application/vnd.android.package-archive]
Saving to: `å½%95å%83%8F.apk'

     0K .......... .......... .......... .......... ..........  5%  661K 1s
    50K .......... .......... .......... .......... .......... 11% 2.81M 1s
   100K .......... .......... .......... .......... .......... 17%  122K 2s
   150K .......... .......... .......... .......... .......... 23%  126K 3s
   200K .......... .......... .......... .......... .......... 29%  114K 3s
   250K .......... .......... .......... .......... .......... 35%  114K 3s
   300K .......... .......... .......... .......... .......... 41%  646K 3s
   350K .......... .......... .......... .......... .......... 47%  106K 3s
   400K .......... .......... .......... .......... .......... 53%  111K 2s
   450K .......... .......... .......... .......... .......... 59%  113K 2s
   500K .......... .......... .......... .......... .......... 65%  107K 2s
   550K .......... .......... .......... .......... .......... 71%  117K 2s
   600K .......... .......... .......... .......... .......... 77%  114K 1s
   650K .......... .......... .......... .......... .......... 83%  765K 1s
   700K .......... .......... .......... .......... .......... 89%  122K 1s
   750K .......... .......... .......... .......... .......... 95%  107K 0s
   800K .......... .......... .......... ....                 100% 91.2K=5.9s

2017-01-24 09:59:57 (142 KB/s) - `å½%95å%83%8F.apk' saved [855028/855028]

