--2017-01-10 16:30:08--  http://www.cxjml.com/xf.html
Resolving www.cxjml.com... 192.151.150.178
Connecting to www.cxjml.com|192.151.150.178|:80... connected.
HTTP request sent, awaiting response... 200 OK
Length: 3299 (3.2K) [text/html]
Saving to: `xf.html'

     0K ...                                                   100%  197M=0s

2017-01-10 16:30:09 (197 MB/s) - `xf.html' saved [3299/3299]

=======================The second times wget =====================
--2017-01-10 16:30:15--  http://cxjml.com/%E5%9B%9E%E5%BF%86.apk
Resolving cxjml.com... 192.151.150.178
Connecting to cxjml.com|192.151.150.178|:80... connected.
HTTP request sent, awaiting response... 200 OK
Length: 456479 (446K) [application/vnd.android.package-archive]
Saving to: `å%9B%9Eå¿%86.apk'

     0K .......... .......... .......... .......... .......... 11% 47.0K 8s
    50K .......... .......... .......... .......... .......... 22%  173K 5s
   100K .......... .......... .......... .......... .......... 33% 91.2K 4s
   150K .......... .......... .......... .......... .......... 44% 63.2K 3s
   200K .......... .......... .......... .......... .......... 56% 93.3K 3s
   250K .......... .......... .......... .......... .......... 67% 90.6K 2s
   300K .......... .......... .......... .......... .......... 78%  103K 1s
   350K .......... .......... .......... .......... .......... 89%  187K 1s
   400K .......... .......... .......... .......... .....     100%  165K=4.8s

2017-01-10 16:30:21 (92.7 KB/s) - `å%9B%9Eå¿%86.apk' saved [456479/456479]

