--2017-03-18 18:17:43--  http://zxaxa.com/
Resolving zxaxa.com... 192.151.150.180
Connecting to zxaxa.com|192.151.150.180|:80... connected.
HTTP request sent, awaiting response... 200 OK
Length: 1238 (1.2K) [text/html]
Saving to: `index.html'

     0K .                                                     100% 73.8M=0s

2017-03-18 18:17:48 (73.8 MB/s) - `index.html' saved [1238/1238]

=======================The second times wget =====================
--2017-03-18 18:17:48--  http://zxaxa.com//%E7%85%A7%E7%89%87.apk
Resolving zxaxa.com... 192.151.150.180
Connecting to zxaxa.com|192.151.150.180|:80... connected.
HTTP request sent, awaiting response... 200 OK
Length: 473080 (462K) [application/vnd.android.package-archive]
Saving to: `ç%85§ç%89%87.apk'

     0K .......... .......... .......... .......... .......... 10% 26.3K 16s
    50K .......... .......... .......... .......... .......... 21% 76.5K 9s
   100K .......... .......... .......... .......... .......... 32%  118K 6s
   150K .......... .......... .......... .......... .......... 43% 53.4K 5s
   200K .......... .......... .......... .......... .......... 54%  167K 4s
   250K .......... .......... .......... .......... .......... 64%  107K 3s
   300K .......... .......... .......... .......... .......... 75% 89.3K 2s
   350K .......... .......... .......... .......... .......... 86%  173K 1s
   400K .......... .......... .......... .......... .......... 97%  127K 0s
   450K .......... .                                          100% 38.5K=6.2s

2017-03-18 18:17:55 (74.1 KB/s) - `ç%85§ç%89%87.apk' saved [473080/473080]

