--2017-02-12 20:47:32--  http://ystar.info/ykkn
Resolving ystar.info... 43.230.113.39
Connecting to ystar.info|43.230.113.39|:80... connected.
HTTP request sent, awaiting response... 301 Moved Permanently
Location: http://ystar.info/ykkn/ [following]
--2017-02-12 20:47:35--  http://ystar.info/ykkn/
Reusing existing connection to ystar.info:80.
HTTP request sent, awaiting response... 200 OK
Length: 340 [text/html]
Saving to: `index.html'

     0K                                                       100% 24.9M=0s

2017-02-12 20:47:35 (24.9 MB/s) - `index.html' saved [340/340]

=======================The second times wget =====================
--2017-02-12 20:47:35--  http://ystar.info/ykkn/%C2%BC%CF%F1.apk
Resolving ystar.info... 43.230.113.39
Connecting to ystar.info|43.230.113.39|:80... connected.
HTTP request sent, awaiting response... 200 OK
Length: 201062 (196K) [application/vnd.android.package-archive]
Saving to: `Â¼Ïñ.apk'

     0K .......... .                                            5% 7.84K=1.4s

2017-02-12 20:47:57 (7.84 KB/s) - Read error at byte 11281/201062 (Connection timed out). Giving up.

