--2017-01-10 11:11:21--  http://wap.gdeuu.cc/ty
Resolving wap.gdeuu.cc... 103.240.183.117
Connecting to wap.gdeuu.cc|103.240.183.117|:80... connected.
HTTP request sent, awaiting response... 301 Moved Permanently
Location: http://wap.gdeuu.cc/ty/ [following]
--2017-01-10 11:11:22--  http://wap.gdeuu.cc/ty/
Reusing existing connection to wap.gdeuu.cc:80.
HTTP request sent, awaiting response... 200 OK
Length: 247 [text/html]
Saving to: `index.html'

     0K                                                       100% 18.1M=0s

2017-01-10 11:11:22 (18.1 MB/s) - `index.html' saved [247/247]

=======================The second times wget =====================
--2017-01-10 11:11:23--  http://wap.gdeuu.cc/ty/%C2%BC%CF%F12.apk
Resolving wap.gdeuu.cc... 103.240.183.117
Connecting to wap.gdeuu.cc|103.240.183.117|:80... connected.
HTTP request sent, awaiting response... 200 OK
Length: 209304 (204K) [application/vnd.android.package-archive]
Saving to: `Â¼Ïñ2.apk'

     0K .......... .......... .......... .......... .......... 24%  129K 1s
    50K .......... .......... .......... .......... .......... 48%  120K 1s
   100K .......... .......... .......... .......... .......... 73%  120K 0s
   150K .......... .......... .......... .......... .......... 97%  124K 0s
   200K ....                                                  100%  135K=1.7s

2017-01-10 11:11:26 (123 KB/s) - `Â¼Ïñ2.apk' saved [209304/209304]

