--2017-01-07 12:44:25--  http://hccwwz.cn/kiXD6
Resolving hccwwz.cn... 103.211.125.148
Connecting to hccwwz.cn|103.211.125.148|:80... connected.
HTTP request sent, awaiting response... 301 Moved Permanently
Location: http://hccwwz.cn/kiXD6/ [following]
--2017-01-07 12:44:26--  http://hccwwz.cn/kiXD6/
Reusing existing connection to hccwwz.cn:80.
HTTP request sent, awaiting response... 302 Object moved
Location: luxiang.apk [following]
--2017-01-07 12:44:26--  http://hccwwz.cn/kiXD6/luxiang.apk
Reusing existing connection to hccwwz.cn:80.
HTTP request sent, awaiting response... 200 OK
Length: 213484 (208K) [application/vnd.android]
Saving to: `luxiang.apk'

     0K .......... .......... .......... .......... .......... 23%  495K 0s
    50K .......... .......... .......... .......... .......... 47%  523K 0s
   100K .......... .......... .......... .......... .......... 71%  633K 0s
   150K .......... .......... .......... .......... .......... 95%  634K 0s
   200K ........                                              100%  521K=0.4s

2017-01-07 12:44:27 (562 KB/s) - `luxiang.apk' saved [213484/213484]

