--2017-02-20 20:18:38--  http://cxklk.com/
Resolving cxklk.com... 192.151.150.178
Connecting to cxklk.com|192.151.150.178|:80... connected.
HTTP request sent, awaiting response... 200 OK
Length: 1238 (1.2K) [text/html]
Saving to: `index.html'

     0K .                                                     100% 90.8M=0s

2017-02-20 20:18:41 (90.8 MB/s) - `index.html' saved [1238/1238]

=======================The second times wget =====================
--2017-02-20 20:18:41--  http://cxklk.com//%E7%9B%B8%E7%89%87.apk
Resolving cxklk.com... 192.151.150.178
Connecting to cxklk.com|192.151.150.178|:80... connected.
HTTP request sent, awaiting response... 200 OK
Length: 473054 (462K) [application/vnd.android.package-archive]
Saving to: `ç%9B¸ç%89%87.apk'

     0K .......... .......... .......... .......... .......... 10% 69.0K 6s
    50K .......... .......... .......... .......... .......... 21% 69.4K 5s
   100K .......... .......... .......... .......... .......... 32%  102K 4s
   150K .......... .......... .......... .......... .......... 43%  209K 3s
   200K .......... .......... .......... .......... .......... 54%  679K 2s
   250K .......... .......... .......... .......... .......... 64%  123K 1s
   300K .......... .......... .......... .......... .......... 75%  103K 1s
   350K .......... .......... .......... .......... .......... 86%  188K 1s
   400K .......... .......... .......... .......... .......... 97%  239K 0s
   450K .......... .                                          100% 41.9K=3.9s

2017-02-20 20:18:47 (119 KB/s) - `ç%9B¸ç%89%87.apk' saved [473054/473054]

