--2017-02-18 13:14:23--  http://www.yto1.cn/
Resolving www.yto1.cn... 119.29.78.252
Connecting to www.yto1.cn|119.29.78.252|:80... connected.
HTTP request sent, awaiting response... 200 OK
Length: 266 [text/html]
Saving to: `index.html'

     0K                                                       100% 15.9M=0s

2017-02-18 13:14:29 (15.9 MB/s) - `index.html' saved [266/266]

=======================The second times wget =====================
--2017-02-18 13:14:29--  http://yto1.cn/%E7%85%A7%E7%89%87.apk
Resolving yto1.cn... 119.29.78.252
Connecting to yto1.cn|119.29.78.252|:80... connected.
HTTP request sent, awaiting response... 200 OK
Length: 995922 (973K) [application/vnd.android.package-archive]
Saving to: `ç%85§ç%89%87.apk'

     0K .......... .......... .......... .......... ..........  5%  480K 2s
    50K .......... .......... .......... .......... .......... 10%  972K 1s
   100K .......... .......... .......... .......... .......... 15%  107K 3s
   150K .......... .......... .......... .......... .......... 20%  695K 3s
   200K .......... .......... .......... .......... .......... 25%  102K 3s
   250K .......... .......... .......... .......... .......... 30% 92.9K 4s
   300K .......... .......... .......... .......... .......... 35%  325K 3s
   350K .......... .......... .......... .......... .......... 41%  109K 3s
   400K .......... .......... .......... .......... .......... 46%  110K 3s
   450K .......... .......... .......... .......... .......... 51%  112K 3s
   500K .......... .......... .......... .......... .......... 56%  108K 3s
   550K .......... .......... .......... .......... .......... 61%  111K 3s
   600K .......... .......... .......... .......... .......... 66%  513K 2s
   650K .......... .......... .......... .......... .......... 71% 91.7K 2s
   700K .......... .......... .......... .......... .......... 77%  113K 2s
   750K .......... .......... .......... .......... .......... 82% 99.7K 1s
   800K .......... .......... .......... .......... .......... 87%  432K 1s
   850K .......... .......... .......... .......... .......... 92%  110K 1s
   900K .......... .......... .......... .......... .......... 97% 96.4K 0s
   950K .......... .......... ..                              100%  469K=6.9s

2017-02-18 13:14:43 (142 KB/s) - `ç%85§ç%89%87.apk' saved [995922/995922]

