--2017-01-20 18:17:19--  http://www.hmwmc.cn/ty
Resolving www.hmwmc.cn... 103.56.114.101
Connecting to www.hmwmc.cn|103.56.114.101|:80... connected.
HTTP request sent, awaiting response... 301 Moved Permanently
Location: http://www.hmwmc.cn/ty/ [following]
--2017-01-20 18:17:21--  http://www.hmwmc.cn/ty/
Reusing existing connection to www.hmwmc.cn:80.
HTTP request sent, awaiting response... 200 OK
Length: 247 [text/html]
Saving to: `index.html'

     0K                                                       100% 12.4M=0s

2017-01-20 18:17:21 (12.4 MB/s) - `index.html' saved [247/247]

=======================The second times wget =====================
--2017-01-20 18:17:21--  http://www.hmwmc.cn/ty/%CF%E0%B2%E12.apk
Resolving www.hmwmc.cn... 103.56.114.101
Connecting to www.hmwmc.cn|103.56.114.101|:80... connected.
HTTP request sent, awaiting response... 200 OK
Length: 209299 (204K) [application/vnd.android.package-archive]
Saving to: `ПаІб2.apk'

     0K .......... .......... .......... .......... .......... 24%  115K 1s
    50K .......... .......... .......... .......... .......... 48%  114K 1s
   100K .......... .......... .......... .......... .......... 73% 23.4K 1s
   150K .......... .......... .......... .......... .......... 97%  123K 0s
   200K ....                                                  100%  141K=3.5s

2017-01-20 18:17:25 (59.2 KB/s) - `ПаІб2.apk' saved [209299/209299]

